
------------------------------------------------------------
正在运行: 目录 [../APTOS] -> 脚本 [ResNet_layer3+GCSA+Loss4.py]
日志保存至: ../APTOS/logs\../APTOS_ResNet_layer3+GCSA+Loss4.log
开始于: 2026-03-22 05:37:55.171844
------------------------------------------------------------
Starting APTOS2019 CustomResNet50+GCSA (Layer3) Baseline...
Using device: cuda
CUDA device: NVIDIA GeForce RTX 4080 SUPER

Train samples: 2930
Train class distribution:
diagnosis
0    1434
1     300
2     808
3     154
4     234
Name: count, dtype: int64

Valid samples: 366
Valid class distribution:
diagnosis
0    172
1     40
2    104
3     22
4     28
Name: count, dtype: int64

Test samples: 366
Test class distribution:
diagnosis
0    199
1     30
2     87
3     17
4     33
Name: count, dtype: int64

Split sizes | train=2930, valid=366, test=366
Loading CustomResNet50 with GCSA module (After Layer3)...
Trainable parameters: 49,737,797

[INFO] Using Distance-Aware Soft Target Loss (DAST)
       - Feature: Clinically-aware ordinal grading
       - Behavior: Allows ambiguity for adjacent grades, strongly penalizes far-away mistakes
Starting training...

Epoch 01/50 | Time 1m 6s
  Train | loss=0.9905 | top1=49.95% | top2=69.02% | top3=82.80%
  Valid | loss=0.8083 | top1=55.65% | top2=73.77% | top3=86.42% | acc=56.28% | bal_acc=26.54% | macro_f1=0.2255 | qwk=0.3437 | mae=0.8306 | weighted_f1=0.4563 | precision_macro=0.2154 | recall_macro=0.2654
         ovr_roc_auc_macro=0.8555 | ovr_pr_auc_macro=0.4513
 Initial best model saved to best_aptos2019_resnet50_gcsa_layer3_DAST.pt (score=0.3437)

Epoch 02/50 | Time 1m 4s
  Train | loss=0.7383 | top1=72.03% | top2=82.95% | top3=91.08%
  Valid | loss=0.6879 | top1=75.15% | top2=87.54% | top3=95.76% | acc=75.68% | bal_acc=42.42% | macro_f1=0.3919 | qwk=0.8045 | mae=0.3333 | weighted_f1=0.6893 | precision_macro=0.4434 | recall_macro=0.4242
         ovr_roc_auc_macro=0.8816 | ovr_pr_auc_macro=0.5330
 Validation improved. Saved best model to best_aptos2019_resnet50_gcsa_layer3_DAST.pt (score=0.8045)

Epoch 03/50 | Time 1m 4s
  Train | loss=0.6808 | top1=76.21% | top2=87.75% | top3=95.63%
  Valid | loss=0.6827 | top1=76.71% | top2=88.58% | top3=96.28% | acc=77.32% | bal_acc=48.04% | macro_f1=0.4687 | qwk=0.8148 | mae=0.3115 | weighted_f1=0.7295 | precision_macro=0.7315 | recall_macro=0.4804
         ovr_roc_auc_macro=0.8950 | ovr_pr_auc_macro=0.5773
 Validation improved. Saved best model to best_aptos2019_resnet50_gcsa_layer3_DAST.pt (score=0.8148)

Epoch 04/50 | Time 1m 4s
  Train | loss=0.6464 | top1=78.69% | top2=91.85% | top3=97.28%
  Valid | loss=0.6571 | top1=78.94% | top2=90.55% | top3=97.40% | acc=78.96% | bal_acc=56.62% | macro_f1=0.5871 | qwk=0.8504 | mae=0.2869 | weighted_f1=0.7733 | precision_macro=0.6292 | recall_macro=0.5662
         ovr_roc_auc_macro=0.9195 | ovr_pr_auc_macro=0.6055
 Validation improved. Saved best model to best_aptos2019_resnet50_gcsa_layer3_DAST.pt (score=0.8504)

Epoch 05/50 | Time 1m 4s
  Train | loss=0.6283 | top1=80.59% | top2=92.58% | top3=97.49%
  Valid | loss=0.6499 | top1=79.02% | top2=91.85% | top3=97.66% | acc=78.69% | bal_acc=53.98% | macro_f1=0.5323 | qwk=0.8693 | mae=0.2814 | weighted_f1=0.7580 | precision_macro=0.5696 | recall_macro=0.5398
         ovr_roc_auc_macro=0.9149 | ovr_pr_auc_macro=0.6351
 Validation improved. Saved best model to best_aptos2019_resnet50_gcsa_layer3_DAST.pt (score=0.8693)

Epoch 06/50 | Time 1m 4s
  Train | loss=0.6074 | top1=82.81% | top2=94.04% | top3=98.17%
  Valid | loss=0.6417 | top1=81.62% | top2=92.89% | top3=96.28% | acc=81.42% | bal_acc=59.52% | macro_f1=0.5807 | qwk=0.8739 | mae=0.2514 | weighted_f1=0.7912 | precision_macro=0.5687 | recall_macro=0.5952
         ovr_roc_auc_macro=0.9261 | ovr_pr_auc_macro=0.6571
 Validation improved. Saved best model to best_aptos2019_resnet50_gcsa_layer3_DAST.pt (score=0.8739)

Epoch 07/50 | Time 1m 5s
  Train | loss=0.5972 | top1=84.01% | top2=94.84% | top3=98.44%
  Valid | loss=0.6286 | top1=80.58% | top2=92.89% | top3=97.40% | acc=80.33% | bal_acc=57.12% | macro_f1=0.5859 | qwk=0.8840 | mae=0.2486 | weighted_f1=0.7814 | precision_macro=0.6849 | recall_macro=0.5712
         ovr_roc_auc_macro=0.9260 | ovr_pr_auc_macro=0.6841
 Validation improved. Saved best model to best_aptos2019_resnet50_gcsa_layer3_DAST.pt (score=0.8840)

Epoch 08/50 | Time 1m 4s
  Train | loss=0.5824 | top1=85.63% | top2=95.92% | top3=98.61%
  Valid | loss=0.6272 | top1=82.66% | top2=92.37% | top3=97.40% | acc=82.51% | bal_acc=63.20% | macro_f1=0.6326 | qwk=0.8920 | mae=0.2213 | weighted_f1=0.8129 | precision_macro=0.6520 | recall_macro=0.6320
         ovr_roc_auc_macro=0.9366 | ovr_pr_auc_macro=0.6777
 Validation improved. Saved best model to best_aptos2019_resnet50_gcsa_layer3_DAST.pt (score=0.8920)

Epoch 09/50 | Time 1m 5s
  Train | loss=0.5716 | top1=85.78% | top2=96.31% | top3=98.85%
  Valid | loss=0.6529 | top1=80.65% | top2=93.23% | top3=97.40% | acc=80.05% | bal_acc=59.16% | macro_f1=0.5911 | qwk=0.8852 | mae=0.2596 | weighted_f1=0.7843 | precision_macro=0.6449 | recall_macro=0.5916
         ovr_roc_auc_macro=0.9083 | ovr_pr_auc_macro=0.6415
 No improvement. Bad epochs: 1/15

Epoch 10/50 | Time 1m 5s
  Train | loss=0.5647 | top1=87.18% | top2=96.47% | top3=99.08%
  Valid | loss=0.6521 | top1=81.21% | top2=91.52% | top3=95.94% | acc=81.69% | bal_acc=57.00% | macro_f1=0.5958 | qwk=0.8764 | mae=0.2377 | weighted_f1=0.7925 | precision_macro=0.7196 | recall_macro=0.5700
         ovr_roc_auc_macro=0.9314 | ovr_pr_auc_macro=0.6894
 No improvement. Bad epochs: 2/15

Epoch 11/50 | Time 1m 4s
  Train | loss=0.5572 | top1=88.71% | top2=97.39% | top3=99.12%
  Valid | loss=0.6303 | top1=81.62% | top2=92.11% | top3=97.66% | acc=81.42% | bal_acc=62.10% | macro_f1=0.6311 | qwk=0.8887 | mae=0.2404 | weighted_f1=0.8014 | precision_macro=0.6637 | recall_macro=0.6210
         ovr_roc_auc_macro=0.9415 | ovr_pr_auc_macro=0.6969
 No improvement. Bad epochs: 3/15

Epoch 12/50 | Time 1m 5s
  Train | loss=0.5481 | top1=89.91% | top2=97.35% | top3=99.08%
  Valid | loss=0.6181 | top1=83.44% | top2=94.01% | top3=97.40% | acc=83.33% | bal_acc=62.81% | macro_f1=0.6591 | qwk=0.8922 | mae=0.2186 | weighted_f1=0.8184 | precision_macro=0.7394 | recall_macro=0.6281
         ovr_roc_auc_macro=0.9391 | ovr_pr_auc_macro=0.7116
 Validation improved. Saved best model to best_aptos2019_resnet50_gcsa_layer3_DAST.pt (score=0.8922)

Epoch 13/50 | Time 1m 4s
  Train | loss=0.5397 | top1=90.84% | top2=97.89% | top3=99.35%
  Valid | loss=0.6255 | top1=84.38% | top2=93.49% | top3=97.92% | acc=83.61% | bal_acc=67.29% | macro_f1=0.6849 | qwk=0.9025 | mae=0.2104 | weighted_f1=0.8297 | precision_macro=0.7118 | recall_macro=0.6729
         ovr_roc_auc_macro=0.9253 | ovr_pr_auc_macro=0.6771
 Validation improved. Saved best model to best_aptos2019_resnet50_gcsa_layer3_DAST.pt (score=0.9025)

Epoch 14/50 | Time 1m 4s
  Train | loss=0.5384 | top1=91.41% | top2=97.55% | top3=99.29%
  Valid | loss=0.6214 | top1=82.33% | top2=94.20% | top3=96.54% | acc=82.51% | bal_acc=62.98% | macro_f1=0.6523 | qwk=0.8924 | mae=0.2213 | weighted_f1=0.8155 | precision_macro=0.7048 | recall_macro=0.6298
         ovr_roc_auc_macro=0.9385 | ovr_pr_auc_macro=0.7059
 No improvement. Bad epochs: 1/15

Epoch 15/50 | Time 1m 4s
  Train | loss=0.5321 | top1=91.83% | top2=98.58% | top3=99.42%
  Valid | loss=0.6344 | top1=83.44% | top2=93.23% | top3=97.66% | acc=83.33% | bal_acc=65.54% | macro_f1=0.6727 | qwk=0.8977 | mae=0.2104 | weighted_f1=0.8254 | precision_macro=0.7161 | recall_macro=0.6554
         ovr_roc_auc_macro=0.9348 | ovr_pr_auc_macro=0.7032
 No improvement. Bad epochs: 2/15

Epoch 16/50 | Time 1m 4s
  Train | loss=0.5173 | top1=93.04% | top2=98.91% | top3=99.76%
  Valid | loss=0.6296 | top1=84.38% | top2=94.79% | top3=97.66% | acc=83.61% | bal_acc=64.87% | macro_f1=0.6760 | qwk=0.9136 | mae=0.1995 | weighted_f1=0.8263 | precision_macro=0.7381 | recall_macro=0.6487
         ovr_roc_auc_macro=0.9401 | ovr_pr_auc_macro=0.7284
 Validation improved. Saved best model to best_aptos2019_resnet50_gcsa_layer3_DAST.pt (score=0.9136)

Epoch 17/50 | Time 1m 4s
  Train | loss=0.5126 | top1=94.11% | top2=99.12% | top3=99.73%
  Valid | loss=0.6581 | top1=80.32% | top2=91.93% | top3=97.66% | acc=80.05% | bal_acc=63.12% | macro_f1=0.6269 | qwk=0.8889 | mae=0.2623 | weighted_f1=0.7933 | precision_macro=0.6600 | recall_macro=0.6312
         ovr_roc_auc_macro=0.9259 | ovr_pr_auc_macro=0.6968
 No improvement. Bad epochs: 1/15

Epoch 18/50 | Time 1m 5s
  Train | loss=0.5172 | top1=93.59% | top2=98.74% | top3=99.73%
  Valid | loss=0.6198 | top1=84.82% | top2=93.75% | top3=98.18% | acc=84.43% | bal_acc=65.87% | macro_f1=0.6716 | qwk=0.9091 | mae=0.1967 | weighted_f1=0.8309 | precision_macro=0.7137 | recall_macro=0.6587
         ovr_roc_auc_macro=0.9368 | ovr_pr_auc_macro=0.7048
 No improvement. Bad epochs: 2/15

Epoch 19/50 | Time 1m 5s
  Train | loss=0.5083 | top1=94.32% | top2=99.36% | top3=99.76%
  Valid | loss=0.6141 | top1=85.34% | top2=94.01% | top3=97.66% | acc=84.97% | bal_acc=67.17% | macro_f1=0.6933 | qwk=0.9088 | mae=0.1967 | weighted_f1=0.8406 | precision_macro=0.7450 | recall_macro=0.6717
         ovr_roc_auc_macro=0.9460 | ovr_pr_auc_macro=0.7312
 No improvement. Bad epochs: 3/15

Epoch 20/50 | Time 1m 5s
  Train | loss=0.5059 | top1=95.16% | top2=99.09% | top3=99.67%
  Valid | loss=0.6426 | top1=82.66% | top2=92.71% | top3=96.88% | acc=82.51% | bal_acc=62.02% | macro_f1=0.6502 | qwk=0.8834 | mae=0.2295 | weighted_f1=0.8110 | precision_macro=0.7437 | recall_macro=0.6202
         ovr_roc_auc_macro=0.9349 | ovr_pr_auc_macro=0.6842
 No improvement. Bad epochs: 4/15

Epoch 21/50 | Time 1m 5s
  Train | loss=0.4989 | top1=96.16% | top2=99.42% | top3=99.90%
  Valid | loss=0.6224 | top1=84.38% | top2=94.79% | top3=97.40% | acc=83.61% | bal_acc=65.50% | macro_f1=0.6723 | qwk=0.9015 | mae=0.2131 | weighted_f1=0.8244 | precision_macro=0.7247 | recall_macro=0.6550
         ovr_roc_auc_macro=0.9293 | ovr_pr_auc_macro=0.7176
 No improvement. Bad epochs: 5/15

Epoch 22/50 | Time 1m 4s
  Train | loss=0.5005 | top1=95.53% | top2=99.42% | top3=99.76%
  Valid | loss=0.6259 | top1=83.78% | top2=94.27% | top3=97.92% | acc=83.33% | bal_acc=64.82% | macro_f1=0.6512 | qwk=0.9138 | mae=0.2022 | weighted_f1=0.8175 | precision_macro=0.6880 | recall_macro=0.6482
         ovr_roc_auc_macro=0.9392 | ovr_pr_auc_macro=0.7230
 Validation improved. Saved best model to best_aptos2019_resnet50_gcsa_layer3_DAST.pt (score=0.9138)

Epoch 23/50 | Time 1m 4s
  Train | loss=0.4949 | top1=96.57% | top2=99.39% | top3=99.76%
  Valid | loss=0.6358 | top1=83.97% | top2=94.01% | top3=97.66% | acc=83.88% | bal_acc=64.65% | macro_f1=0.6561 | qwk=0.9015 | mae=0.2049 | weighted_f1=0.8236 | precision_macro=0.7002 | recall_macro=0.6465
         ovr_roc_auc_macro=0.9368 | ovr_pr_auc_macro=0.6993
 No improvement. Bad epochs: 1/15

Epoch 24/50 | Time 1m 3s
  Train | loss=0.4927 | top1=96.84% | top2=99.46% | top3=99.90%
  Valid | loss=0.6313 | top1=82.14% | top2=92.89% | top3=97.66% | acc=81.97% | bal_acc=66.14% | macro_f1=0.6725 | qwk=0.9031 | mae=0.2186 | weighted_f1=0.8169 | precision_macro=0.6894 | recall_macro=0.6614
         ovr_roc_auc_macro=0.9403 | ovr_pr_auc_macro=0.7048
 No improvement. Bad epochs: 2/15

Epoch 25/50 | Time 1m 4s
  Train | loss=0.4904 | top1=96.78% | top2=99.73% | top3=99.90%
  Valid | loss=0.6296 | top1=83.71% | top2=94.79% | top3=97.66% | acc=83.61% | bal_acc=64.95% | macro_f1=0.6719 | qwk=0.8983 | mae=0.2104 | weighted_f1=0.8266 | precision_macro=0.7167 | recall_macro=0.6495
         ovr_roc_auc_macro=0.9432 | ovr_pr_auc_macro=0.7101
 No improvement. Bad epochs: 3/15

Epoch 26/50 | Time 1m 6s
  Train | loss=0.4883 | top1=97.46% | top2=99.56% | top3=99.93%
  Valid | loss=0.6228 | top1=82.92% | top2=94.20% | top3=97.92% | acc=82.79% | bal_acc=64.24% | macro_f1=0.6650 | qwk=0.9053 | mae=0.2104 | weighted_f1=0.8173 | precision_macro=0.7212 | recall_macro=0.6424
         ovr_roc_auc_macro=0.9346 | ovr_pr_auc_macro=0.7101
 No improvement. Bad epochs: 4/15

Epoch 27/50 | Time 1m 4s
  Train | loss=0.4886 | top1=97.36% | top2=99.46% | top3=99.90%
  Valid | loss=0.6314 | top1=83.44% | top2=94.53% | top3=97.40% | acc=83.33% | bal_acc=65.78% | macro_f1=0.6678 | qwk=0.8945 | mae=0.2158 | weighted_f1=0.8237 | precision_macro=0.7030 | recall_macro=0.6578
         ovr_roc_auc_macro=0.9347 | ovr_pr_auc_macro=0.7078
 No improvement. Bad epochs: 5/15

Epoch 28/50 | Time 1m 5s
  Train | loss=0.4872 | top1=97.32% | top2=99.49% | top3=99.80%
  Valid | loss=0.6178 | top1=83.85% | top2=93.75% | top3=97.92% | acc=83.06% | bal_acc=66.04% | macro_f1=0.6754 | qwk=0.9140 | mae=0.2049 | weighted_f1=0.8242 | precision_macro=0.7017 | recall_macro=0.6604
         ovr_roc_auc_macro=0.9394 | ovr_pr_auc_macro=0.7034
 Validation improved. Saved best model to best_aptos2019_resnet50_gcsa_layer3_DAST.pt (score=0.9140)

Epoch 29/50 | Time 1m 4s
  Train | loss=0.4841 | top1=97.72% | top2=99.76% | top3=99.93%
  Valid | loss=0.6289 | top1=82.66% | top2=94.27% | top3=97.66% | acc=82.51% | bal_acc=64.41% | macro_f1=0.6519 | qwk=0.9060 | mae=0.2131 | weighted_f1=0.8141 | precision_macro=0.6790 | recall_macro=0.6441
         ovr_roc_auc_macro=0.9471 | ovr_pr_auc_macro=0.7047
 No improvement. Bad epochs: 1/15

Epoch 30/50 | Time 1m 5s
  Train | loss=0.4832 | top1=97.52% | top2=99.69% | top3=99.93%
  Valid | loss=0.6210 | top1=83.26% | top2=95.05% | top3=97.66% | acc=82.79% | bal_acc=65.34% | macro_f1=0.6597 | qwk=0.9067 | mae=0.2104 | weighted_f1=0.8172 | precision_macro=0.6797 | recall_macro=0.6534
         ovr_roc_auc_macro=0.9435 | ovr_pr_auc_macro=0.6997
 No improvement. Bad epochs: 2/15

Epoch 31/50 | Time 1m 4s
  Train | loss=0.4804 | top1=97.94% | top2=99.52% | top3=99.93%
  Valid | loss=0.6172 | top1=83.44% | top2=94.01% | top3=97.66% | acc=83.33% | bal_acc=65.16% | macro_f1=0.6663 | qwk=0.9047 | mae=0.2077 | weighted_f1=0.8229 | precision_macro=0.7018 | recall_macro=0.6516
         ovr_roc_auc_macro=0.9408 | ovr_pr_auc_macro=0.7228
 No improvement. Bad epochs: 3/15

Epoch 32/50 | Time 1m 4s
  Train | loss=0.4778 | top1=98.38% | top2=99.83% | top3=99.93%
  Valid | loss=0.6217 | top1=84.82% | top2=94.72% | top3=97.40% | acc=84.43% | bal_acc=68.02% | macro_f1=0.6942 | qwk=0.9180 | mae=0.1885 | weighted_f1=0.8363 | precision_macro=0.7222 | recall_macro=0.6802
         ovr_roc_auc_macro=0.9363 | ovr_pr_auc_macro=0.7034
 Validation improved. Saved best model to best_aptos2019_resnet50_gcsa_layer3_DAST.pt (score=0.9180)

Epoch 33/50 | Time 1m 4s
  Train | loss=0.4761 | top1=98.51% | top2=99.76% | top3=99.93%
  Valid | loss=0.6197 | top1=83.18% | top2=94.53% | top3=97.66% | acc=83.06% | bal_acc=65.40% | macro_f1=0.6760 | qwk=0.9044 | mae=0.2104 | weighted_f1=0.8226 | precision_macro=0.7140 | recall_macro=0.6540
         ovr_roc_auc_macro=0.9392 | ovr_pr_auc_macro=0.7163
 No improvement. Bad epochs: 1/15

Epoch 34/50 | Time 1m 4s
  Train | loss=0.4761 | top1=98.51% | top2=99.76% | top3=99.93%
  Valid | loss=0.6224 | top1=84.23% | top2=94.79% | top3=97.66% | acc=84.15% | bal_acc=68.00% | macro_f1=0.6969 | qwk=0.9176 | mae=0.1913 | weighted_f1=0.8352 | precision_macro=0.7246 | recall_macro=0.6800
         ovr_roc_auc_macro=0.9415 | ovr_pr_auc_macro=0.7014
 No improvement. Bad epochs: 2/15

Epoch 35/50 | Time 1m 4s
  Train | loss=0.4753 | top1=98.40% | top2=99.80% | top3=99.93%
  Valid | loss=0.6264 | top1=83.18% | top2=94.72% | top3=97.40% | acc=83.06% | bal_acc=63.85% | macro_f1=0.6562 | qwk=0.9081 | mae=0.2077 | weighted_f1=0.8169 | precision_macro=0.7071 | recall_macro=0.6385
         ovr_roc_auc_macro=0.9367 | ovr_pr_auc_macro=0.6989
 No improvement. Bad epochs: 3/15

Epoch 36/50 | Time 1m 4s
  Train | loss=0.4745 | top1=98.74% | top2=99.80% | top3=99.90%
  Valid | loss=0.6232 | top1=83.44% | top2=94.79% | top3=97.14% | acc=83.33% | bal_acc=65.07% | macro_f1=0.6673 | qwk=0.9124 | mae=0.2022 | weighted_f1=0.8223 | precision_macro=0.7071 | recall_macro=0.6507
         ovr_roc_auc_macro=0.9370 | ovr_pr_auc_macro=0.7015
 No improvement. Bad epochs: 4/15

Epoch 37/50 | Time 1m 3s
  Train | loss=0.4725 | top1=98.68% | top2=99.80% | top3=99.97%
  Valid | loss=0.6227 | top1=84.56% | top2=95.05% | top3=97.40% | acc=84.15% | bal_acc=67.50% | macro_f1=0.6940 | qwk=0.9171 | mae=0.1913 | weighted_f1=0.8329 | precision_macro=0.7333 | recall_macro=0.6750
         ovr_roc_auc_macro=0.9386 | ovr_pr_auc_macro=0.7051
 No improvement. Bad epochs: 5/15

Epoch 38/50 | Time 1m 5s
  Train | loss=0.4746 | top1=98.54% | top2=99.69% | top3=99.97%
  Valid | loss=0.6273 | top1=84.04% | top2=93.75% | top3=97.14% | acc=83.61% | bal_acc=65.99% | macro_f1=0.6696 | qwk=0.9099 | mae=0.2022 | weighted_f1=0.8242 | precision_macro=0.7046 | recall_macro=0.6599
         ovr_roc_auc_macro=0.9349 | ovr_pr_auc_macro=0.6972
 No improvement. Bad epochs: 6/15

Epoch 39/50 | Time 1m 5s
  Train | loss=0.4734 | top1=98.68% | top2=99.83% | top3=100.00%
  Valid | loss=0.6264 | top1=85.34% | top2=94.27% | top3=97.14% | acc=84.97% | bal_acc=68.69% | macro_f1=0.7043 | qwk=0.9173 | mae=0.1858 | weighted_f1=0.8411 | precision_macro=0.7460 | recall_macro=0.6869
         ovr_roc_auc_macro=0.9351 | ovr_pr_auc_macro=0.6990
 No improvement. Bad epochs: 7/15

Epoch 40/50 | Time 1m 6s
  Train | loss=0.4737 | top1=98.40% | top2=99.73% | top3=99.93%
  Valid | loss=0.6245 | top1=83.52% | top2=93.75% | top3=97.14% | acc=83.06% | bal_acc=64.47% | macro_f1=0.6594 | qwk=0.9078 | mae=0.2077 | weighted_f1=0.8180 | precision_macro=0.7029 | recall_macro=0.6447
         ovr_roc_auc_macro=0.9373 | ovr_pr_auc_macro=0.7019
 No improvement. Bad epochs: 8/15

Epoch 41/50 | Time 1m 5s
  Train | loss=0.4720 | top1=98.68% | top2=99.76% | top3=99.97%
  Valid | loss=0.6231 | top1=84.90% | top2=94.53% | top3=97.40% | acc=84.15% | bal_acc=67.91% | macro_f1=0.7019 | qwk=0.9145 | mae=0.1940 | weighted_f1=0.8336 | precision_macro=0.7487 | recall_macro=0.6791
         ovr_roc_auc_macro=0.9351 | ovr_pr_auc_macro=0.6942
 No improvement. Bad epochs: 9/15

Epoch 42/50 | Time 1m 5s
  Train | loss=0.4715 | top1=98.74% | top2=99.93% | top3=100.00%
  Valid | loss=0.6234 | top1=85.16% | top2=94.79% | top3=97.40% | acc=84.43% | bal_acc=67.82% | macro_f1=0.7034 | qwk=0.9214 | mae=0.1858 | weighted_f1=0.8361 | precision_macro=0.7493 | recall_macro=0.6782
         ovr_roc_auc_macro=0.9357 | ovr_pr_auc_macro=0.7016
 Validation improved. Saved best model to best_aptos2019_resnet50_gcsa_layer3_DAST.pt (score=0.9214)

Epoch 43/50 | Time 1m 4s
  Train | loss=0.4716 | top1=98.78% | top2=99.90% | top3=100.00%
  Valid | loss=0.6239 | top1=85.16% | top2=94.01% | top3=97.40% | acc=84.43% | bal_acc=68.41% | macro_f1=0.7047 | qwk=0.9181 | mae=0.1885 | weighted_f1=0.8369 | precision_macro=0.7436 | recall_macro=0.6841
         ovr_roc_auc_macro=0.9349 | ovr_pr_auc_macro=0.6946
 No improvement. Bad epochs: 1/15

Epoch 44/50 | Time 1m 5s
  Train | loss=0.4719 | top1=98.71% | top2=99.86% | top3=99.97%
  Valid | loss=0.6214 | top1=84.64% | top2=94.01% | top3=97.40% | acc=83.88% | bal_acc=67.41% | macro_f1=0.6960 | qwk=0.9165 | mae=0.1940 | weighted_f1=0.8310 | precision_macro=0.7378 | recall_macro=0.6741
         ovr_roc_auc_macro=0.9349 | ovr_pr_auc_macro=0.7038
 No improvement. Bad epochs: 2/15

Epoch 45/50 | Time 1m 4s
  Train | loss=0.4704 | top1=99.01% | top2=99.83% | top3=99.97%
  Valid | loss=0.6238 | top1=85.16% | top2=94.27% | top3=97.14% | acc=84.43% | bal_acc=68.41% | macro_f1=0.7016 | qwk=0.9143 | mae=0.1913 | weighted_f1=0.8369 | precision_macro=0.7358 | recall_macro=0.6841
         ovr_roc_auc_macro=0.9354 | ovr_pr_auc_macro=0.7016
 No improvement. Bad epochs: 3/15

Epoch 46/50 | Time 1m 5s
  Train | loss=0.4694 | top1=98.95% | top2=100.00% | top3=100.00%
  Valid | loss=0.6238 | top1=85.16% | top2=94.53% | top3=97.14% | acc=84.43% | bal_acc=68.41% | macro_f1=0.7047 | qwk=0.9181 | mae=0.1885 | weighted_f1=0.8369 | precision_macro=0.7436 | recall_macro=0.6841
         ovr_roc_auc_macro=0.9347 | ovr_pr_auc_macro=0.7023
 No improvement. Bad epochs: 4/15

Epoch 47/50 | Time 1m 4s
  Train | loss=0.4688 | top1=99.29% | top2=99.97% | top3=100.00%
  Valid | loss=0.6230 | top1=85.16% | top2=94.01% | top3=97.14% | acc=84.43% | bal_acc=68.41% | macro_f1=0.7013 | qwk=0.9214 | mae=0.1858 | weighted_f1=0.8373 | precision_macro=0.7320 | recall_macro=0.6841
         ovr_roc_auc_macro=0.9358 | ovr_pr_auc_macro=0.7005
 No improvement. Bad epochs: 5/15

Epoch 48/50 | Time 1m 4s
  Train | loss=0.4690 | top1=99.01% | top2=99.93% | top3=99.97%
  Valid | loss=0.6261 | top1=84.56% | top2=94.01% | top3=97.40% | acc=84.15% | bal_acc=67.50% | macro_f1=0.6952 | qwk=0.9143 | mae=0.1940 | weighted_f1=0.8325 | precision_macro=0.7413 | recall_macro=0.6750
         ovr_roc_auc_macro=0.9356 | ovr_pr_auc_macro=0.7038
 No improvement. Bad epochs: 6/15

Epoch 49/50 | Time 1m 4s
  Train | loss=0.4711 | top1=98.78% | top2=99.86% | top3=99.93%
  Valid | loss=0.6241 | top1=85.16% | top2=94.27% | top3=97.14% | acc=84.43% | bal_acc=68.41% | macro_f1=0.7036 | qwk=0.9138 | mae=0.1913 | weighted_f1=0.8370 | precision_macro=0.7409 | recall_macro=0.6841
         ovr_roc_auc_macro=0.9356 | ovr_pr_auc_macro=0.7021
 No improvement. Bad epochs: 7/15

Epoch 50/50 | Time 1m 4s
  Train | loss=0.4699 | top1=98.88% | top2=99.90% | top3=100.00%
  Valid | loss=0.6253 | top1=85.16% | top2=94.01% | top3=97.14% | acc=84.43% | bal_acc=68.41% | macro_f1=0.7061 | qwk=0.9153 | mae=0.1913 | weighted_f1=0.8366 | precision_macro=0.7515 | recall_macro=0.6841
         ovr_roc_auc_macro=0.9338 | ovr_pr_auc_macro=0.6981
 No improvement. Bad epochs: 8/15

Loading best model and evaluating on test set...

Test | loss=0.6035 | top1=84.15% | top2=92.04% | top3=96.80% | acc=84.43% | bal_acc=62.36% | macro_f1=0.6469 | qwk=0.8934 | mae=0.2131 | weighted_f1=0.8351 | precision_macro=0.7059 | recall_macro=0.6236
     ovr_roc_auc_macro=0.9293 | ovr_pr_auc_macro=0.6837

Confusion Matrix:
[[195   2   2   0   0]
 [  2  15  12   0   1]
 [  1   2  80   2   2]
 [  0   0  11   5   1]
 [  0   2  10   7  14]]

Classification Report:
              precision    recall  f1-score   support

           0     0.9848    0.9799    0.9824       199
           1     0.7143    0.5000    0.5882        30
           2     0.6957    0.9195    0.7921        87
           3     0.3571    0.2941    0.3226        17
           4     0.7778    0.4242    0.5490        33

    accuracy                         0.8443       366
   macro avg     0.7059    0.6236    0.6469       366
weighted avg     0.8461    0.8443    0.8351       366


APTOS2019 ResNet50 + GCSA (Layer3) + DAST baseline completed!

运行完毕: [ResNet_layer3+GCSA+Loss4.py] | 退出码: 0
结束于: 2026-03-22 06:32:22.738008
