==========================================================================================
Script: ResNet_layer3+MECS
Module: MECS | Insert after: layer3
Device: cuda
CUDA: NVIDIA GeForce RTX 4080 SUPER
Train dir: E:\Paper\Computer-Vision-for-Medicine\CPN\train
Test dir : E:\Paper\Computer-Vision-for-Medicine\CPN\test
Config | batch_size=32, epochs=50, num_workers=2, image_size=224, base_lr=0.0001, val_ratio=0.1, patience=15
Losses to run: ['ce']
==========================================================================================
Split sizes | train=4630, valid=514, test=1288
Classes (3): ['COVID19', 'NORMAL', 'PNEUMONIA']
Train class counts: [415, 1152, 3063]
Loading torchvision ResNet50 pretrained weights once...
Pretrained state keys: 320

##########################################################################################
Starting loss: ce
##########################################################################################
Model params: 27,301,187 | pretrained loaded: 320/344 | feat_dim=2048
Criterion: CrossEntropyLoss
Criterion trainable params: 0
Epoch 01/50 | Time 0m47s
  Train | loss=1.0654 | top1=51.42% | top2=80.45% | top3=100.00%
  Valid | loss=1.0184 | top1=67.65% | top2=91.36% | top3=100.00% | acc=68.68% | bal_acc=35.28% | macro_f1=0.3133 | weighted_f1=0.5764 | precision_macro=0.4898 | recall_macro=0.3528 | qwk=0.0590 | mae=0.4047
        ovr_roc_auc_macro=0.7368 | ovr_pr_auc_macro=0.5241
  -> best macro_f1 updated to 0.3133 (epoch 1)
Epoch 02/50 | Time 0m46s
  Train | loss=0.9318 | top1=66.29% | top2=93.03% | top3=100.00%
  Valid | loss=0.7826 | top1=68.01% | top2=97.24% | top3=100.00% | acc=69.07% | bal_acc=33.33% | macro_f1=0.2723 | weighted_f1=0.5643 | precision_macro=0.2302 | recall_macro=0.3333 | qwk=0.0000 | mae=0.3969
        ovr_roc_auc_macro=0.9006 | ovr_pr_auc_macro=0.7863
Epoch 03/50 | Time 0m48s
  Train | loss=0.6674 | top1=67.12% | top2=95.68% | top3=100.00%
  Valid | loss=0.5331 | top1=73.35% | top2=97.43% | top3=100.00% | acc=74.71% | bal_acc=41.81% | macro_f1=0.4169 | weighted_f1=0.6737 | precision_macro=0.5773 | recall_macro=0.4181 | qwk=0.1166 | mae=0.3405
        ovr_roc_auc_macro=0.9604 | ovr_pr_auc_macro=0.8965
  -> best macro_f1 updated to 0.4169 (epoch 3)
Epoch 04/50 | Time 0m53s
  Train | loss=0.4417 | top1=81.72% | top2=96.40% | top3=100.00%
  Valid | loss=0.3510 | top1=87.13% | top2=98.90% | top3=100.00% | acc=89.30% | bal_acc=74.39% | macro_f1=0.7876 | weighted_f1=0.8837 | precision_macro=0.9178 | recall_macro=0.7439 | qwk=0.6568 | mae=0.1518
        ovr_roc_auc_macro=0.9795 | ovr_pr_auc_macro=0.9661
  -> best macro_f1 updated to 0.7876 (epoch 4)
Epoch 05/50 | Time 0m58s
  Train | loss=0.2591 | top1=92.22% | top2=99.42% | top3=100.00%
  Valid | loss=0.1908 | top1=92.10% | top2=99.82% | top3=100.00% | acc=94.55% | bal_acc=93.30% | macro_f1=0.9316 | weighted_f1=0.9454 | precision_macro=0.9304 | recall_macro=0.9330 | qwk=0.9206 | mae=0.0584
        ovr_roc_auc_macro=0.9902 | ovr_pr_auc_macro=0.9830
  -> best macro_f1 updated to 0.9316 (epoch 5)
Epoch 06/50 | Time 0m56s
  Train | loss=0.1607 | top1=94.37% | top2=99.83% | top3=100.00%
  Valid | loss=0.1337 | top1=95.96% | top2=100.00% | top3=100.00% | acc=95.72% | bal_acc=95.35% | macro_f1=0.9507 | weighted_f1=0.9569 | precision_macro=0.9483 | recall_macro=0.9535 | qwk=0.9488 | mae=0.0428
        ovr_roc_auc_macro=0.9936 | ovr_pr_auc_macro=0.9884
  -> best macro_f1 updated to 0.9507 (epoch 6)
Epoch 07/50 | Time 0m58s
  Train | loss=0.1260 | top1=95.45% | top2=99.98% | top3=100.00%
  Valid | loss=0.1104 | top1=97.24% | top2=100.00% | top3=100.00% | acc=97.08% | bal_acc=97.60% | macro_f1=0.9660 | weighted_f1=0.9710 | precision_macro=0.9566 | recall_macro=0.9760 | qwk=0.9583 | mae=0.0311
        ovr_roc_auc_macro=0.9959 | ovr_pr_auc_macro=0.9929
  -> best macro_f1 updated to 0.9660 (epoch 7)
Epoch 08/50 | Time 1m0s
  Train | loss=0.0989 | top1=96.44% | top2=99.94% | top3=100.00%
  Valid | loss=0.1003 | top1=94.30% | top2=100.00% | top3=100.00% | acc=96.89% | bal_acc=96.12% | macro_f1=0.9651 | weighted_f1=0.9685 | precision_macro=0.9700 | recall_macro=0.9612 | qwk=0.9625 | mae=0.0311
        ovr_roc_auc_macro=0.9953 | ovr_pr_auc_macro=0.9931
Epoch 09/50 | Time 1m1s
  Train | loss=0.0841 | top1=96.81% | top2=100.00% | top3=100.00%
  Valid | loss=0.1031 | top1=95.04% | top2=99.82% | top3=100.00% | acc=97.67% | bal_acc=97.63% | macro_f1=0.9749 | weighted_f1=0.9768 | precision_macro=0.9738 | recall_macro=0.9763 | qwk=0.9647 | mae=0.0253
        ovr_roc_auc_macro=0.9973 | ovr_pr_auc_macro=0.9954
  -> best macro_f1 updated to 0.9749 (epoch 9)
Epoch 10/50 | Time 0m59s
  Train | loss=0.0726 | top1=97.24% | top2=99.94% | top3=100.00%
  Valid | loss=0.0732 | top1=97.43% | top2=100.00% | top3=100.00% | acc=97.28% | bal_acc=96.70% | macro_f1=0.9693 | weighted_f1=0.9725 | precision_macro=0.9721 | recall_macro=0.9670 | qwk=0.9672 | mae=0.0272
        ovr_roc_auc_macro=0.9966 | ovr_pr_auc_macro=0.9944
Epoch 11/50 | Time 0m58s
  Train | loss=0.0683 | top1=97.63% | top2=99.98% | top3=100.00%
  Valid | loss=0.0840 | top1=97.24% | top2=100.00% | top3=100.00% | acc=97.08% | bal_acc=95.76% | macro_f1=0.9671 | weighted_f1=0.9705 | precision_macro=0.9774 | recall_macro=0.9576 | qwk=0.9645 | mae=0.0292
        ovr_roc_auc_macro=0.9962 | ovr_pr_auc_macro=0.9937
Epoch 12/50 | Time 0m51s
  Train | loss=0.0572 | top1=97.83% | top2=100.00% | top3=100.00%
  Valid | loss=0.0853 | top1=94.49% | top2=100.00% | top3=100.00% | acc=97.08% | bal_acc=97.80% | macro_f1=0.9716 | weighted_f1=0.9711 | precision_macro=0.9659 | recall_macro=0.9780 | qwk=0.9649 | mae=0.0292
        ovr_roc_auc_macro=0.9972 | ovr_pr_auc_macro=0.9959
Epoch 13/50 | Time 0m51s
  Train | loss=0.0581 | top1=97.96% | top2=99.98% | top3=100.00%
  Valid | loss=0.0791 | top1=97.79% | top2=100.00% | top3=100.00% | acc=97.67% | bal_acc=97.68% | macro_f1=0.9768 | weighted_f1=0.9767 | precision_macro=0.9768 | recall_macro=0.9768 | qwk=0.9718 | mae=0.0233
        ovr_roc_auc_macro=0.9975 | ovr_pr_auc_macro=0.9957
  -> best macro_f1 updated to 0.9768 (epoch 13)
Epoch 14/50 | Time 1m0s
  Train | loss=0.0513 | top1=98.22% | top2=100.00% | top3=100.00%
  Valid | loss=0.1060 | top1=94.12% | top2=99.82% | top3=100.00% | acc=96.69% | bal_acc=96.02% | macro_f1=0.9642 | weighted_f1=0.9665 | precision_macro=0.9691 | recall_macro=0.9602 | qwk=0.9531 | mae=0.0350
        ovr_roc_auc_macro=0.9955 | ovr_pr_auc_macro=0.9935
Epoch 15/50 | Time 1m0s
  Train | loss=0.0403 | top1=98.76% | top2=100.00% | top3=100.00%
  Valid | loss=0.1329 | top1=94.85% | top2=100.00% | top3=100.00% | acc=97.47% | bal_acc=96.99% | macro_f1=0.9745 | weighted_f1=0.9745 | precision_macro=0.9794 | recall_macro=0.9699 | qwk=0.9694 | mae=0.0253
        ovr_roc_auc_macro=0.9971 | ovr_pr_auc_macro=0.9954
Epoch 16/50 | Time 0m53s
  Train | loss=0.0366 | top1=98.73% | top2=99.98% | top3=100.00%
  Valid | loss=0.0964 | top1=97.06% | top2=100.00% | top3=100.00% | acc=96.89% | bal_acc=95.72% | macro_f1=0.9679 | weighted_f1=0.9683 | precision_macro=0.9807 | recall_macro=0.9572 | qwk=0.9622 | mae=0.0311
        ovr_roc_auc_macro=0.9962 | ovr_pr_auc_macro=0.9940
Epoch 17/50 | Time 0m55s
  Train | loss=0.0385 | top1=98.69% | top2=100.00% | top3=100.00%
  Valid | loss=0.0759 | top1=98.35% | top2=100.00% | top3=100.00% | acc=98.25% | bal_acc=96.67% | macro_f1=0.9778 | weighted_f1=0.9824 | precision_macro=0.9896 | recall_macro=0.9667 | qwk=0.9643 | mae=0.0214
        ovr_roc_auc_macro=0.9958 | ovr_pr_auc_macro=0.9945
  -> best macro_f1 updated to 0.9778 (epoch 17)
Epoch 18/50 | Time 1m0s
  Train | loss=0.0275 | top1=98.94% | top2=99.98% | top3=100.00%
  Valid | loss=0.0651 | top1=97.79% | top2=100.00% | top3=100.00% | acc=97.67% | bal_acc=96.59% | macro_f1=0.9699 | weighted_f1=0.9766 | precision_macro=0.9741 | recall_macro=0.9659 | qwk=0.9504 | mae=0.0292
        ovr_roc_auc_macro=0.9975 | ovr_pr_auc_macro=0.9958
Epoch 19/50 | Time 0m59s
  Train | loss=0.0228 | top1=99.20% | top2=99.98% | top3=100.00%
  Valid | loss=0.0742 | top1=97.79% | top2=99.82% | top3=100.00% | acc=97.67% | bal_acc=97.09% | macro_f1=0.9700 | weighted_f1=0.9765 | precision_macro=0.9709 | recall_macro=0.9709 | qwk=0.9513 | mae=0.0292
        ovr_roc_auc_macro=0.9978 | ovr_pr_auc_macro=0.9963
Epoch 20/50 | Time 0m59s
  Train | loss=0.0192 | top1=99.31% | top2=100.00% | top3=100.00%
  Valid | loss=0.1310 | top1=94.30% | top2=100.00% | top3=100.00% | acc=96.89% | bal_acc=95.67% | macro_f1=0.9640 | weighted_f1=0.9685 | precision_macro=0.9721 | recall_macro=0.9567 | qwk=0.9482 | mae=0.0350
        ovr_roc_auc_macro=0.9930 | ovr_pr_auc_macro=0.9909
Epoch 21/50 | Time 0m56s
  Train | loss=0.0160 | top1=99.48% | top2=100.00% | top3=100.00%
  Valid | loss=0.1295 | top1=94.49% | top2=100.00% | top3=100.00% | acc=97.08% | bal_acc=96.31% | macro_f1=0.9643 | weighted_f1=0.9709 | precision_macro=0.9657 | recall_macro=0.9631 | qwk=0.9434 | mae=0.0350
        ovr_roc_auc_macro=0.9970 | ovr_pr_auc_macro=0.9948
Epoch 22/50 | Time 0m56s
  Train | loss=0.0258 | top1=99.16% | top2=100.00% | top3=100.00%
  Valid | loss=0.1714 | top1=95.40% | top2=99.82% | top3=100.00% | acc=98.05% | bal_acc=98.47% | macro_f1=0.9786 | weighted_f1=0.9806 | precision_macro=0.9728 | recall_macro=0.9847 | qwk=0.9697 | mae=0.0214
        ovr_roc_auc_macro=0.9967 | ovr_pr_auc_macro=0.9944
  -> best macro_f1 updated to 0.9786 (epoch 22)
Epoch 23/50 | Time 0m57s
  Train | loss=0.0161 | top1=99.47% | top2=100.00% | top3=100.00%
  Valid | loss=0.1008 | top1=96.88% | top2=100.00% | top3=100.00% | acc=96.69% | bal_acc=95.82% | macro_f1=0.9640 | weighted_f1=0.9664 | precision_macro=0.9712 | recall_macro=0.9582 | qwk=0.9531 | mae=0.0350
        ovr_roc_auc_macro=0.9957 | ovr_pr_auc_macro=0.9942
Epoch 24/50 | Time 0m59s
  Train | loss=0.0103 | top1=99.72% | top2=100.00% | top3=100.00%
  Valid | loss=0.1319 | top1=95.22% | top2=100.00% | top3=100.00% | acc=97.86% | bal_acc=98.17% | macro_f1=0.9767 | weighted_f1=0.9786 | precision_macro=0.9717 | recall_macro=0.9817 | qwk=0.9674 | mae=0.0233
        ovr_roc_auc_macro=0.9929 | ovr_pr_auc_macro=0.9921
Epoch 25/50 | Time 0m58s
  Train | loss=0.0172 | top1=99.40% | top2=100.00% | top3=100.00%
  Valid | loss=0.1609 | top1=95.40% | top2=100.00% | top3=100.00% | acc=98.05% | bal_acc=98.27% | macro_f1=0.9785 | weighted_f1=0.9806 | precision_macro=0.9745 | recall_macro=0.9827 | qwk=0.9697 | mae=0.0214
        ovr_roc_auc_macro=0.9937 | ovr_pr_auc_macro=0.9931
Epoch 26/50 | Time 0m59s
  Train | loss=0.0110 | top1=99.72% | top2=100.00% | top3=100.00%
  Valid | loss=0.1544 | top1=95.04% | top2=100.00% | top3=100.00% | acc=97.67% | bal_acc=97.88% | macro_f1=0.9747 | weighted_f1=0.9767 | precision_macro=0.9706 | recall_macro=0.9788 | qwk=0.9650 | mae=0.0253
        ovr_roc_auc_macro=0.9933 | ovr_pr_auc_macro=0.9917
Epoch 27/50 | Time 0m58s
  Train | loss=0.0131 | top1=99.57% | top2=100.00% | top3=100.00%
  Valid | loss=0.1384 | top1=94.85% | top2=100.00% | top3=100.00% | acc=97.47% | bal_acc=97.99% | macro_f1=0.9729 | weighted_f1=0.9748 | precision_macro=0.9663 | recall_macro=0.9799 | qwk=0.9627 | mae=0.0272
        ovr_roc_auc_macro=0.9946 | ovr_pr_auc_macro=0.9931
Epoch 28/50 | Time 0m59s
  Train | loss=0.0085 | top1=99.74% | top2=100.00% | top3=100.00%
  Valid | loss=0.1372 | top1=97.61% | top2=99.82% | top3=100.00% | acc=97.47% | bal_acc=97.99% | macro_f1=0.9729 | weighted_f1=0.9748 | precision_macro=0.9663 | recall_macro=0.9799 | qwk=0.9627 | mae=0.0272
        ovr_roc_auc_macro=0.9928 | ovr_pr_auc_macro=0.9908
Epoch 29/50 | Time 0m51s
  Train | loss=0.0079 | top1=99.76% | top2=100.00% | top3=100.00%
  Valid | loss=0.1259 | top1=97.98% | top2=99.82% | top3=100.00% | acc=97.86% | bal_acc=97.58% | macro_f1=0.9763 | weighted_f1=0.9785 | precision_macro=0.9771 | recall_macro=0.9758 | qwk=0.9673 | mae=0.0233
        ovr_roc_auc_macro=0.9926 | ovr_pr_auc_macro=0.9902
Epoch 30/50 | Time 0m49s
  Train | loss=0.0102 | top1=99.70% | top2=100.00% | top3=100.00%
  Valid | loss=0.1094 | top1=98.16% | top2=100.00% | top3=100.00% | acc=98.05% | bal_acc=98.27% | macro_f1=0.9785 | weighted_f1=0.9806 | precision_macro=0.9745 | recall_macro=0.9827 | qwk=0.9697 | mae=0.0214
        ovr_roc_auc_macro=0.9949 | ovr_pr_auc_macro=0.9934
Epoch 31/50 | Time 0m52s
  Train | loss=0.0081 | top1=99.72% | top2=100.00% | top3=100.00%
  Valid | loss=0.1130 | top1=97.98% | top2=100.00% | top3=100.00% | acc=97.86% | bal_acc=97.97% | macro_f1=0.9765 | weighted_f1=0.9786 | precision_macro=0.9734 | recall_macro=0.9797 | qwk=0.9673 | mae=0.0233
        ovr_roc_auc_macro=0.9950 | ovr_pr_auc_macro=0.9938
Epoch 32/50 | Time 0m47s
  Train | loss=0.0054 | top1=99.83% | top2=99.98% | top3=100.00%
  Valid | loss=0.1348 | top1=95.04% | top2=100.00% | top3=100.00% | acc=97.67% | bal_acc=98.08% | macro_f1=0.9748 | weighted_f1=0.9767 | precision_macro=0.9690 | recall_macro=0.9808 | qwk=0.9650 | mae=0.0253
        ovr_roc_auc_macro=0.9955 | ovr_pr_auc_macro=0.9944
Epoch 33/50 | Time 1m0s
  Train | loss=0.0065 | top1=99.74% | top2=99.98% | top3=100.00%
  Valid | loss=0.1643 | top1=95.04% | top2=100.00% | top3=100.00% | acc=97.67% | bal_acc=97.88% | macro_f1=0.9725 | weighted_f1=0.9767 | precision_macro=0.9665 | recall_macro=0.9788 | qwk=0.9582 | mae=0.0272
        ovr_roc_auc_macro=0.9939 | ovr_pr_auc_macro=0.9925
Epoch 34/50 | Time 1m1s
  Train | loss=0.0059 | top1=99.78% | top2=100.00% | top3=100.00%
  Valid | loss=0.2200 | top1=95.22% | top2=100.00% | top3=100.00% | acc=97.86% | bal_acc=97.97% | macro_f1=0.9765 | weighted_f1=0.9786 | precision_macro=0.9734 | recall_macro=0.9797 | qwk=0.9673 | mae=0.0233
        ovr_roc_auc_macro=0.9940 | ovr_pr_auc_macro=0.9925
Epoch 35/50 | Time 1m3s
  Train | loss=0.0060 | top1=99.85% | top2=100.00% | top3=100.00%
  Valid | loss=0.1980 | top1=95.40% | top2=100.00% | top3=100.00% | acc=98.05% | bal_acc=98.07% | macro_f1=0.9784 | weighted_f1=0.9805 | precision_macro=0.9763 | recall_macro=0.9807 | qwk=0.9696 | mae=0.0214
        ovr_roc_auc_macro=0.9967 | ovr_pr_auc_macro=0.9949
Epoch 36/50 | Time 1m2s
  Train | loss=0.0062 | top1=99.81% | top2=100.00% | top3=100.00%
  Valid | loss=0.2036 | top1=95.04% | top2=100.00% | top3=100.00% | acc=97.67% | bal_acc=97.68% | macro_f1=0.9746 | weighted_f1=0.9766 | precision_macro=0.9724 | recall_macro=0.9768 | qwk=0.9650 | mae=0.0253
        ovr_roc_auc_macro=0.9948 | ovr_pr_auc_macro=0.9931
Epoch 37/50 | Time 0m54s
  Train | loss=0.0054 | top1=99.85% | top2=100.00% | top3=100.00%
  Valid | loss=0.1243 | top1=95.40% | top2=100.00% | top3=100.00% | acc=98.05% | bal_acc=98.07% | macro_f1=0.9784 | weighted_f1=0.9805 | precision_macro=0.9763 | recall_macro=0.9807 | qwk=0.9696 | mae=0.0214
        ovr_roc_auc_macro=0.9955 | ovr_pr_auc_macro=0.9941
  -> early stopping triggered at epoch 37

[TEST] loss=ce
  Test | loss=0.1149 | top1=96.57% | top2=100.00% | top3=100.00% | acc=96.51% | bal_acc=97.05% | macro_f1=0.9679 | weighted_f1=0.9652 | precision_macro=0.9653 | recall_macro=0.9705 | qwk=0.9589 | mae=0.0349
        ovr_roc_auc_macro=0.9954 | ovr_pr_auc_macro=0.9909
  Confusion Matrix:
[[116   0   0]
 [  0 299  18]
 [  0  27 828]]
  Classification Report:
              precision    recall  f1-score   support

     COVID19     1.0000    1.0000    1.0000       116
      NORMAL     0.9172    0.9432    0.9300       317
   PNEUMONIA     0.9787    0.9684    0.9735       855

    accuracy                         0.9651      1288
   macro avg     0.9653    0.9705    0.9679      1288
weighted avg     0.9655    0.9651    0.9652      1288


==========================================================================================
Summary CSV saved: E:\Paper\Computer-Vision-for-Medicine\chest-x-ray-image_Loss\logs\ResNet_layer3+MECS_20260409_184414_summary.csv
Top results by test_macro_f1:
  ce: macro_f1=0.9679, acc=96.51%, bal_acc=97.05%
Log file saved: E:\Paper\Computer-Vision-for-Medicine\chest-x-ray-image_Loss\logs\ResNet_layer3+MECS_20260409_184414.log
==========================================================================================
