
====================================================================================================
RUN SCRIPT: ResNet_layer3+MECS.py
LOSSES: ce,dast
BATCH SIZE: 32
START TIME: 2026-04-10T02:34:53
LOG FILE: E:\Paper\Computer-Vision-for-Medicine\Brain_Tumor_MRI_Loss\batch_logs\ablation_batch32_20260410_015546\ResNet_layer3+MECS.log
====================================================================================================
==========================================================================================
Script: ResNet_layer3+MECS
Module: MECS | Insert after: layer3
Device: cuda
CUDA: NVIDIA GeForce RTX 4080 SUPER
Train dir: E:\Paper\Computer-Vision-for-Medicine\Brain_Tumor_MRI\Training
Test dir : E:\Paper\Computer-Vision-for-Medicine\Brain_Tumor_MRI\Testing
Config | batch_size=32, epochs=60, num_workers=0, image_size=224, base_lr=0.001, val_ratio=0.1, patience=15
Losses to run: ['ce', 'dast']
==========================================================================================
Split sizes | train=5040, valid=560, test=1600
Classes (4): ['glioma', 'meningioma', 'notumor', 'pituitary']
Train class counts: [1260, 1260, 1260, 1260]
Loading torchvision ResNet50 pretrained weights once...
Pretrained state keys: 320

##########################################################################################
Starting loss: ce
##########################################################################################
Model params: 27,303,236 | pretrained loaded: 320/344 | feat_dim=2048
Criterion: CrossEntropyLoss
Criterion trainable params: 0
Epoch 01/60 | Time 0m28s
  Train | loss=0.7664 | top1=78.82% | top2=91.83%
  Valid | loss=0.2474 | top1=92.19% | top2=99.13% | acc=92.32% | bal_acc=92.32% | macro_f1=0.9242 | weighted_f1=0.9242 | precision_macro=0.9275 | recall_macro=0.9232 | mae=0.1143 | qwk=0.9211
        ovr_roc_auc_macro=0.9887 | ovr_pr_auc_macro=0.9707
  -> best macro_f1 updated to 0.9242 (epoch 1, val_loss=0.2474)
Epoch 02/60 | Time 0m27s
  Train | loss=0.1990 | top1=93.39% | top2=98.99%
  Valid | loss=0.1535 | top1=95.49% | top2=99.13% | acc=95.36% | bal_acc=95.36% | macro_f1=0.9529 | weighted_f1=0.9529 | precision_macro=0.9559 | recall_macro=0.9536 | mae=0.0839 | qwk=0.9351
        ovr_roc_auc_macro=0.9957 | ovr_pr_auc_macro=0.9889
  -> best macro_f1 updated to 0.9529 (epoch 2, val_loss=0.1535)
Epoch 03/60 | Time 0m27s
  Train | loss=0.1259 | top1=95.45% | top2=99.62%
  Valid | loss=0.1134 | top1=95.83% | top2=99.48% | acc=95.71% | bal_acc=95.71% | macro_f1=0.9568 | weighted_f1=0.9568 | precision_macro=0.9569 | recall_macro=0.9571 | mae=0.0661 | qwk=0.9550
        ovr_roc_auc_macro=0.9962 | ovr_pr_auc_macro=0.9908
  -> best macro_f1 updated to 0.9568 (epoch 3, val_loss=0.1134)
Epoch 04/60 | Time 0m27s
  Train | loss=0.1028 | top1=96.50% | top2=99.70%
  Valid | loss=0.1258 | top1=94.44% | top2=99.83% | acc=94.29% | bal_acc=94.29% | macro_f1=0.9407 | weighted_f1=0.9407 | precision_macro=0.9461 | recall_macro=0.9429 | mae=0.0750 | qwk=0.9569
        ovr_roc_auc_macro=0.9987 | ovr_pr_auc_macro=0.9965
Epoch 05/60 | Time 0m27s
  Train | loss=0.0724 | top1=97.59% | top2=99.84%
  Valid | loss=0.1000 | top1=96.01% | top2=99.65% | acc=96.07% | bal_acc=96.07% | macro_f1=0.9606 | weighted_f1=0.9606 | precision_macro=0.9617 | recall_macro=0.9607 | mae=0.0661 | qwk=0.9477
        ovr_roc_auc_macro=0.9987 | ovr_pr_auc_macro=0.9965
  -> best macro_f1 updated to 0.9606 (epoch 5, val_loss=0.1000)
Epoch 06/60 | Time 0m27s
  Train | loss=0.0630 | top1=97.94% | top2=99.78%
  Valid | loss=0.0769 | top1=97.57% | top2=99.83% | acc=97.50% | bal_acc=97.50% | macro_f1=0.9750 | weighted_f1=0.9750 | precision_macro=0.9753 | recall_macro=0.9750 | mae=0.0393 | qwk=0.9731
        ovr_roc_auc_macro=0.9990 | ovr_pr_auc_macro=0.9968
  -> best macro_f1 updated to 0.9750 (epoch 6, val_loss=0.0769)
Epoch 07/60 | Time 0m27s
  Train | loss=0.0491 | top1=98.44% | top2=99.92%
  Valid | loss=0.0534 | top1=98.26% | top2=99.83% | acc=98.21% | bal_acc=98.21% | macro_f1=0.9821 | weighted_f1=0.9821 | precision_macro=0.9823 | recall_macro=0.9821 | mae=0.0321 | qwk=0.9756
        ovr_roc_auc_macro=0.9994 | ovr_pr_auc_macro=0.9984
  -> best macro_f1 updated to 0.9821 (epoch 7, val_loss=0.0534)
Epoch 08/60 | Time 0m27s
  Train | loss=0.0385 | top1=98.62% | top2=99.82%
  Valid | loss=0.0354 | top1=98.96% | top2=100.00% | acc=98.93% | bal_acc=98.93% | macro_f1=0.9893 | weighted_f1=0.9893 | precision_macro=0.9895 | recall_macro=0.9893 | mae=0.0214 | qwk=0.9830
        ovr_roc_auc_macro=0.9996 | ovr_pr_auc_macro=0.9989
  -> best macro_f1 updated to 0.9893 (epoch 8, val_loss=0.0354)
Epoch 09/60 | Time 0m27s
  Train | loss=0.0234 | top1=99.23% | top2=99.92%
  Valid | loss=0.0278 | top1=98.96% | top2=100.00% | acc=98.93% | bal_acc=98.93% | macro_f1=0.9893 | weighted_f1=0.9893 | precision_macro=0.9894 | recall_macro=0.9893 | mae=0.0196 | qwk=0.9850
        ovr_roc_auc_macro=0.9998 | ovr_pr_auc_macro=0.9994
  -> best macro_f1 updated to 0.9893 (epoch 9, val_loss=0.0278)
Epoch 10/60 | Time 0m27s
  Train | loss=0.0286 | top1=99.19% | top2=99.94%
  Valid | loss=0.0466 | top1=98.26% | top2=100.00% | acc=98.39% | bal_acc=98.39% | macro_f1=0.9840 | weighted_f1=0.9840 | precision_macro=0.9844 | recall_macro=0.9839 | mae=0.0232 | qwk=0.9849
        ovr_roc_auc_macro=0.9995 | ovr_pr_auc_macro=0.9987
Epoch 11/60 | Time 0m27s
  Train | loss=0.0208 | top1=99.27% | top2=99.92%
  Valid | loss=0.0344 | top1=98.96% | top2=100.00% | acc=98.93% | bal_acc=98.93% | macro_f1=0.9892 | weighted_f1=0.9892 | precision_macro=0.9895 | recall_macro=0.9893 | mae=0.0179 | qwk=0.9872
        ovr_roc_auc_macro=0.9997 | ovr_pr_auc_macro=0.9993
Epoch 12/60 | Time 0m27s
  Train | loss=0.0257 | top1=99.25% | top2=99.94%
  Valid | loss=0.0270 | top1=99.48% | top2=100.00% | acc=99.46% | bal_acc=99.46% | macro_f1=0.9946 | weighted_f1=0.9946 | precision_macro=0.9947 | recall_macro=0.9946 | mae=0.0107 | qwk=0.9914
        ovr_roc_auc_macro=0.9997 | ovr_pr_auc_macro=0.9992
  -> best macro_f1 updated to 0.9946 (epoch 12, val_loss=0.0270)
Epoch 13/60 | Time 0m27s
  Train | loss=0.0099 | top1=99.66% | top2=99.98%
  Valid | loss=0.0267 | top1=99.31% | top2=100.00% | acc=99.29% | bal_acc=99.29% | macro_f1=0.9928 | weighted_f1=0.9928 | precision_macro=0.9929 | recall_macro=0.9929 | mae=0.0125 | qwk=0.9907
        ovr_roc_auc_macro=0.9998 | ovr_pr_auc_macro=0.9994
Epoch 14/60 | Time 0m27s
  Train | loss=0.0238 | top1=99.27% | top2=99.94%
  Valid | loss=0.0504 | top1=98.96% | top2=100.00% | acc=98.93% | bal_acc=98.93% | macro_f1=0.9893 | weighted_f1=0.9893 | precision_macro=0.9894 | recall_macro=0.9893 | mae=0.0196 | qwk=0.9851
        ovr_roc_auc_macro=0.9983 | ovr_pr_auc_macro=0.9967
Epoch 15/60 | Time 0m27s
  Train | loss=0.0218 | top1=99.33% | top2=99.92%
  Valid | loss=0.0231 | top1=99.48% | top2=100.00% | acc=99.46% | bal_acc=99.46% | macro_f1=0.9946 | weighted_f1=0.9946 | precision_macro=0.9946 | recall_macro=0.9946 | mae=0.0089 | qwk=0.9936
        ovr_roc_auc_macro=0.9998 | ovr_pr_auc_macro=0.9994
  -> best macro_f1 updated to 0.9946 (epoch 15, val_loss=0.0231)
Epoch 16/60 | Time 0m27s
  Train | loss=0.0072 | top1=99.74% | top2=100.00%
  Valid | loss=0.0372 | top1=99.48% | top2=100.00% | acc=99.46% | bal_acc=99.46% | macro_f1=0.9946 | weighted_f1=0.9946 | precision_macro=0.9946 | recall_macro=0.9946 | mae=0.0089 | qwk=0.9936
        ovr_roc_auc_macro=0.9993 | ovr_pr_auc_macro=0.9986
Epoch 17/60 | Time 0m27s
  Train | loss=0.0067 | top1=99.78% | top2=99.98%
  Valid | loss=0.0440 | top1=98.78% | top2=100.00% | acc=98.75% | bal_acc=98.75% | macro_f1=0.9875 | weighted_f1=0.9875 | precision_macro=0.9876 | recall_macro=0.9875 | mae=0.0214 | qwk=0.9843
        ovr_roc_auc_macro=0.9998 | ovr_pr_auc_macro=0.9994
Epoch 18/60 | Time 0m27s
  Train | loss=0.0103 | top1=99.68% | top2=100.00%
  Valid | loss=0.0490 | top1=98.96% | top2=99.83% | acc=98.93% | bal_acc=98.93% | macro_f1=0.9893 | weighted_f1=0.9893 | precision_macro=0.9893 | recall_macro=0.9893 | mae=0.0196 | qwk=0.9850
        ovr_roc_auc_macro=0.9993 | ovr_pr_auc_macro=0.9980
Epoch 19/60 | Time 0m27s
  Train | loss=0.0140 | top1=99.51% | top2=99.96%
  Valid | loss=0.0560 | top1=98.61% | top2=100.00% | acc=98.57% | bal_acc=98.57% | macro_f1=0.9857 | weighted_f1=0.9857 | precision_macro=0.9859 | recall_macro=0.9857 | mae=0.0268 | qwk=0.9794
        ovr_roc_auc_macro=0.9990 | ovr_pr_auc_macro=0.9973
Epoch 20/60 | Time 0m27s
  Train | loss=0.0256 | top1=99.15% | top2=99.94%
  Valid | loss=0.0842 | top1=97.92% | top2=99.65% | acc=97.86% | bal_acc=97.86% | macro_f1=0.9783 | weighted_f1=0.9783 | precision_macro=0.9795 | recall_macro=0.9786 | mae=0.0357 | qwk=0.9746
        ovr_roc_auc_macro=0.9992 | ovr_pr_auc_macro=0.9981
Epoch 21/60 | Time 0m27s
  Train | loss=0.0190 | top1=99.35% | top2=99.96%
  Valid | loss=0.0482 | top1=98.78% | top2=100.00% | acc=98.75% | bal_acc=98.75% | macro_f1=0.9875 | weighted_f1=0.9875 | precision_macro=0.9877 | recall_macro=0.9875 | mae=0.0232 | qwk=0.9822
        ovr_roc_auc_macro=0.9994 | ovr_pr_auc_macro=0.9983
Epoch 22/60 | Time 0m27s
  Train | loss=0.0123 | top1=99.68% | top2=99.98%
  Valid | loss=0.0589 | top1=99.13% | top2=100.00% | acc=99.11% | bal_acc=99.11% | macro_f1=0.9911 | weighted_f1=0.9911 | precision_macro=0.9911 | recall_macro=0.9911 | mae=0.0143 | qwk=0.9900
        ovr_roc_auc_macro=0.9989 | ovr_pr_auc_macro=0.9974
Epoch 23/60 | Time 0m27s
  Train | loss=0.0143 | top1=99.55% | top2=99.98%
  Valid | loss=0.0607 | top1=98.44% | top2=100.00% | acc=98.39% | bal_acc=98.39% | macro_f1=0.9838 | weighted_f1=0.9838 | precision_macro=0.9841 | recall_macro=0.9839 | mae=0.0286 | qwk=0.9773
        ovr_roc_auc_macro=0.9995 | ovr_pr_auc_macro=0.9985
Epoch 24/60 | Time 0m27s
  Train | loss=0.0092 | top1=99.74% | top2=100.00%
  Valid | loss=0.0503 | top1=99.13% | top2=100.00% | acc=99.11% | bal_acc=99.11% | macro_f1=0.9910 | weighted_f1=0.9910 | precision_macro=0.9911 | recall_macro=0.9911 | mae=0.0143 | qwk=0.9900
        ovr_roc_auc_macro=0.9996 | ovr_pr_auc_macro=0.9988
Epoch 25/60 | Time 0m27s
  Train | loss=0.0032 | top1=99.88% | top2=100.00%
  Valid | loss=0.0494 | top1=99.31% | top2=100.00% | acc=99.29% | bal_acc=99.29% | macro_f1=0.9928 | weighted_f1=0.9928 | precision_macro=0.9929 | recall_macro=0.9929 | mae=0.0125 | qwk=0.9907
        ovr_roc_auc_macro=0.9996 | ovr_pr_auc_macro=0.9989
Epoch 26/60 | Time 0m27s
  Train | loss=0.0116 | top1=99.66% | top2=100.00%
  Valid | loss=0.0510 | top1=99.31% | top2=99.83% | acc=99.29% | bal_acc=99.29% | macro_f1=0.9928 | weighted_f1=0.9928 | precision_macro=0.9929 | recall_macro=0.9929 | mae=0.0125 | qwk=0.9907
        ovr_roc_auc_macro=0.9988 | ovr_pr_auc_macro=0.9977
Epoch 27/60 | Time 0m27s
  Train | loss=0.0071 | top1=99.82% | top2=100.00%
  Valid | loss=0.0590 | top1=99.31% | top2=100.00% | acc=99.29% | bal_acc=99.29% | macro_f1=0.9928 | weighted_f1=0.9928 | precision_macro=0.9929 | recall_macro=0.9929 | mae=0.0125 | qwk=0.9907
        ovr_roc_auc_macro=0.9989 | ovr_pr_auc_macro=0.9974
Epoch 28/60 | Time 0m27s
  Train | loss=0.0040 | top1=99.84% | top2=100.00%
  Valid | loss=0.0545 | top1=99.31% | top2=100.00% | acc=99.29% | bal_acc=99.29% | macro_f1=0.9928 | weighted_f1=0.9928 | precision_macro=0.9929 | recall_macro=0.9929 | mae=0.0125 | qwk=0.9907
        ovr_roc_auc_macro=0.9993 | ovr_pr_auc_macro=0.9982
Epoch 29/60 | Time 0m27s
  Train | loss=0.0025 | top1=99.90% | top2=100.00%
  Valid | loss=0.0569 | top1=99.13% | top2=100.00% | acc=99.11% | bal_acc=99.11% | macro_f1=0.9911 | weighted_f1=0.9911 | precision_macro=0.9911 | recall_macro=0.9911 | mae=0.0161 | qwk=0.9879
        ovr_roc_auc_macro=0.9994 | ovr_pr_auc_macro=0.9985
Epoch 30/60 | Time 0m27s
  Train | loss=0.0043 | top1=99.86% | top2=100.00%
  Valid | loss=0.0555 | top1=99.13% | top2=100.00% | acc=99.11% | bal_acc=99.11% | macro_f1=0.9911 | weighted_f1=0.9911 | precision_macro=0.9911 | recall_macro=0.9911 | mae=0.0161 | qwk=0.9879
        ovr_roc_auc_macro=0.9994 | ovr_pr_auc_macro=0.9984
  -> early stopping triggered at epoch 30

[TEST] loss=ce
  Test | loss=0.3819 | top1=95.19% | top2=97.06% | acc=95.19% | bal_acc=95.19% | macro_f1=0.9507 | weighted_f1=0.9507 | precision_macro=0.9558 | recall_macro=0.9519 | mae=0.0663 | qwk=0.9575
        ovr_roc_auc_macro=0.9930 | ovr_pr_auc_macro=0.9838
  Confusion Matrix:
[[327  48  25   0]
 [  0 396   0   4]
 [  0   0 400   0]
 [  0   0   0 400]]
  Classification Report:
              precision    recall  f1-score   support

      glioma     1.0000    0.8175    0.8996       400
  meningioma     0.8919    0.9900    0.9384       400
     notumor     0.9412    1.0000    0.9697       400
   pituitary     0.9901    1.0000    0.9950       400

    accuracy                         0.9519      1600
   macro avg     0.9558    0.9519    0.9507      1600
weighted avg     0.9558    0.9519    0.9507      1600


##########################################################################################
Starting loss: dast
##########################################################################################
Model params: 27,303,236 | pretrained loaded: 320/344 | feat_dim=2048
Criterion: DistanceAwareSoftTargetLoss
Criterion trainable params: 0
Epoch 01/60 | Time 0m27s
  Train | loss=0.6499 | top1=79.47% | top2=92.62%
  Valid | loss=0.5232 | top1=88.89% | top2=96.53% | acc=88.75% | bal_acc=88.75% | macro_f1=0.8871 | weighted_f1=0.8871 | precision_macro=0.8965 | recall_macro=0.8875 | mae=0.1464 | qwk=0.9118
        ovr_roc_auc_macro=0.9783 | ovr_pr_auc_macro=0.9473
  -> best macro_f1 updated to 0.8871 (epoch 1, val_loss=0.5232)
Epoch 02/60 | Time 0m27s
  Train | loss=0.4860 | top1=92.84% | top2=98.24%
  Valid | loss=0.4914 | top1=94.27% | top2=96.70% | acc=94.11% | bal_acc=94.11% | macro_f1=0.9404 | weighted_f1=0.9404 | precision_macro=0.9449 | recall_macro=0.9411 | mae=0.0982 | qwk=0.9295
        ovr_roc_auc_macro=0.9870 | ovr_pr_auc_macro=0.9745
  -> best macro_f1 updated to 0.9404 (epoch 2, val_loss=0.4914)
Epoch 03/60 | Time 0m27s
  Train | loss=0.4623 | top1=95.19% | top2=98.77%
  Valid | loss=0.4597 | top1=95.66% | top2=99.13% | acc=95.54% | bal_acc=95.54% | macro_f1=0.9555 | weighted_f1=0.9555 | precision_macro=0.9560 | recall_macro=0.9554 | mae=0.0643 | qwk=0.9583
        ovr_roc_auc_macro=0.9951 | ovr_pr_auc_macro=0.9889
  -> best macro_f1 updated to 0.9555 (epoch 3, val_loss=0.4597)
Epoch 04/60 | Time 0m27s
  Train | loss=0.4471 | top1=96.68% | top2=99.41%
  Valid | loss=0.4693 | top1=96.35% | top2=98.96% | acc=96.25% | bal_acc=96.25% | macro_f1=0.9619 | weighted_f1=0.9619 | precision_macro=0.9637 | recall_macro=0.9625 | mae=0.0536 | qwk=0.9665
        ovr_roc_auc_macro=0.9920 | ovr_pr_auc_macro=0.9795
  -> best macro_f1 updated to 0.9619 (epoch 4, val_loss=0.4693)
Epoch 05/60 | Time 0m27s
  Train | loss=0.4373 | top1=97.82% | top2=99.68%
  Valid | loss=0.4498 | top1=97.05% | top2=98.61% | acc=96.96% | bal_acc=96.96% | macro_f1=0.9696 | weighted_f1=0.9696 | precision_macro=0.9701 | recall_macro=0.9696 | mae=0.0482 | qwk=0.9663
        ovr_roc_auc_macro=0.9945 | ovr_pr_auc_macro=0.9921
  -> best macro_f1 updated to 0.9696 (epoch 5, val_loss=0.4498)
Epoch 06/60 | Time 0m27s
  Train | loss=0.4351 | top1=97.77% | top2=99.64%
  Valid | loss=0.4386 | top1=98.09% | top2=99.31% | acc=98.04% | bal_acc=98.04% | macro_f1=0.9804 | weighted_f1=0.9804 | precision_macro=0.9806 | recall_macro=0.9804 | mae=0.0304 | qwk=0.9778
        ovr_roc_auc_macro=0.9978 | ovr_pr_auc_macro=0.9891
  -> best macro_f1 updated to 0.9804 (epoch 6, val_loss=0.4386)
Epoch 07/60 | Time 0m27s
  Train | loss=0.4277 | top1=98.52% | top2=99.78%
  Valid | loss=0.4465 | top1=98.61% | top2=99.31% | acc=98.57% | bal_acc=98.57% | macro_f1=0.9857 | weighted_f1=0.9857 | precision_macro=0.9859 | recall_macro=0.9857 | mae=0.0268 | qwk=0.9764
        ovr_roc_auc_macro=0.9945 | ovr_pr_auc_macro=0.9870
  -> best macro_f1 updated to 0.9857 (epoch 7, val_loss=0.4465)
Epoch 08/60 | Time 0m27s
  Train | loss=0.4254 | top1=98.95% | top2=99.70%
  Valid | loss=0.4329 | top1=98.61% | top2=99.65% | acc=98.57% | bal_acc=98.57% | macro_f1=0.9857 | weighted_f1=0.9857 | precision_macro=0.9859 | recall_macro=0.9857 | mae=0.0250 | qwk=0.9801
        ovr_roc_auc_macro=0.9985 | ovr_pr_auc_macro=0.9981
  -> best macro_f1 updated to 0.9857 (epoch 8, val_loss=0.4329)
Epoch 09/60 | Time 0m27s
  Train | loss=0.4189 | top1=99.49% | top2=99.86%
  Valid | loss=0.4259 | top1=98.96% | top2=99.48% | acc=98.93% | bal_acc=98.93% | macro_f1=0.9893 | weighted_f1=0.9893 | precision_macro=0.9894 | recall_macro=0.9893 | mae=0.0179 | qwk=0.9872
        ovr_roc_auc_macro=0.9980 | ovr_pr_auc_macro=0.9974
  -> best macro_f1 updated to 0.9893 (epoch 9, val_loss=0.4259)
Epoch 10/60 | Time 0m27s
  Train | loss=0.4240 | top1=99.15% | top2=99.72%
  Valid | loss=0.4246 | top1=99.31% | top2=99.65% | acc=99.29% | bal_acc=99.29% | macro_f1=0.9929 | weighted_f1=0.9929 | precision_macro=0.9929 | recall_macro=0.9929 | mae=0.0107 | qwk=0.9928
        ovr_roc_auc_macro=0.9985 | ovr_pr_auc_macro=0.9980
  -> best macro_f1 updated to 0.9929 (epoch 10, val_loss=0.4246)
Epoch 11/60 | Time 0m27s
  Train | loss=0.4209 | top1=99.49% | top2=99.76%
  Valid | loss=0.4273 | top1=98.61% | top2=99.48% | acc=98.57% | bal_acc=98.57% | macro_f1=0.9857 | weighted_f1=0.9857 | precision_macro=0.9859 | recall_macro=0.9857 | mae=0.0179 | qwk=0.9900
        ovr_roc_auc_macro=0.9972 | ovr_pr_auc_macro=0.9964
Epoch 12/60 | Time 0m27s
  Train | loss=0.4188 | top1=99.43% | top2=99.86%
  Valid | loss=0.4482 | top1=96.88% | top2=98.61% | acc=96.79% | bal_acc=96.79% | macro_f1=0.9678 | weighted_f1=0.9678 | precision_macro=0.9704 | recall_macro=0.9679 | mae=0.0607 | qwk=0.9518
        ovr_roc_auc_macro=0.9969 | ovr_pr_auc_macro=0.9942
Epoch 13/60 | Time 0m27s
  Train | loss=0.4202 | top1=99.31% | top2=99.82%
  Valid | loss=0.4255 | top1=98.96% | top2=99.65% | acc=98.93% | bal_acc=98.93% | macro_f1=0.9893 | weighted_f1=0.9893 | precision_macro=0.9894 | recall_macro=0.9893 | mae=0.0161 | qwk=0.9893
        ovr_roc_auc_macro=0.9964 | ovr_pr_auc_macro=0.9885
Epoch 14/60 | Time 0m27s
  Train | loss=0.4200 | top1=99.41% | top2=99.90%
  Valid | loss=0.4263 | top1=98.44% | top2=99.65% | acc=98.39% | bal_acc=98.39% | macro_f1=0.9840 | weighted_f1=0.9840 | precision_macro=0.9840 | recall_macro=0.9839 | mae=0.0232 | qwk=0.9850
        ovr_roc_auc_macro=0.9981 | ovr_pr_auc_macro=0.9945
Epoch 15/60 | Time 0m27s
  Train | loss=0.4198 | top1=99.35% | top2=99.80%
  Valid | loss=0.4251 | top1=99.13% | top2=99.65% | acc=99.11% | bal_acc=99.11% | macro_f1=0.9911 | weighted_f1=0.9911 | precision_macro=0.9911 | recall_macro=0.9911 | mae=0.0161 | qwk=0.9879
        ovr_roc_auc_macro=0.9977 | ovr_pr_auc_macro=0.9974
Epoch 16/60 | Time 0m27s
  Train | loss=0.4173 | top1=99.62% | top2=99.84%
  Valid | loss=0.4237 | top1=99.48% | top2=99.83% | acc=99.46% | bal_acc=99.46% | macro_f1=0.9946 | weighted_f1=0.9946 | precision_macro=0.9947 | recall_macro=0.9946 | mae=0.0071 | qwk=0.9957
        ovr_roc_auc_macro=0.9998 | ovr_pr_auc_macro=0.9995
  -> best macro_f1 updated to 0.9946 (epoch 16, val_loss=0.4237)
Epoch 17/60 | Time 0m27s
  Train | loss=0.4175 | top1=99.53% | top2=99.88%
  Valid | loss=0.4365 | top1=97.57% | top2=99.13% | acc=97.50% | bal_acc=97.50% | macro_f1=0.9750 | weighted_f1=0.9750 | precision_macro=0.9759 | recall_macro=0.9750 | mae=0.0429 | qwk=0.9675
        ovr_roc_auc_macro=0.9972 | ovr_pr_auc_macro=0.9959
Epoch 18/60 | Time 0m27s
  Train | loss=0.4200 | top1=99.33% | top2=99.84%
  Valid | loss=0.4292 | top1=98.61% | top2=99.31% | acc=98.57% | bal_acc=98.57% | macro_f1=0.9856 | weighted_f1=0.9856 | precision_macro=0.9861 | recall_macro=0.9857 | mae=0.0232 | qwk=0.9837
        ovr_roc_auc_macro=0.9962 | ovr_pr_auc_macro=0.9960
Epoch 19/60 | Time 0m27s
  Train | loss=0.4185 | top1=99.45% | top2=99.88%
  Valid | loss=0.4231 | top1=99.31% | top2=99.65% | acc=99.29% | bal_acc=99.29% | macro_f1=0.9929 | weighted_f1=0.9929 | precision_macro=0.9929 | recall_macro=0.9929 | mae=0.0143 | qwk=0.9886
        ovr_roc_auc_macro=0.9980 | ovr_pr_auc_macro=0.9975
Epoch 20/60 | Time 0m27s
  Train | loss=0.4164 | top1=99.64% | top2=99.90%
  Valid | loss=0.4224 | top1=99.48% | top2=99.65% | acc=99.46% | bal_acc=99.46% | macro_f1=0.9946 | weighted_f1=0.9946 | precision_macro=0.9947 | recall_macro=0.9946 | mae=0.0089 | qwk=0.9936
        ovr_roc_auc_macro=0.9986 | ovr_pr_auc_macro=0.9983
  -> best macro_f1 updated to 0.9946 (epoch 20, val_loss=0.4224)
Epoch 21/60 | Time 0m27s
  Train | loss=0.4150 | top1=99.80% | top2=99.96%
  Valid | loss=0.4213 | top1=99.31% | top2=99.65% | acc=99.29% | bal_acc=99.29% | macro_f1=0.9929 | weighted_f1=0.9929 | precision_macro=0.9931 | recall_macro=0.9929 | mae=0.0143 | qwk=0.9886
        ovr_roc_auc_macro=0.9998 | ovr_pr_auc_macro=0.9993
Epoch 22/60 | Time 0m27s
  Train | loss=0.4151 | top1=99.70% | top2=99.94%
  Valid | loss=0.4247 | top1=98.78% | top2=99.48% | acc=98.75% | bal_acc=98.75% | macro_f1=0.9875 | weighted_f1=0.9875 | precision_macro=0.9879 | recall_macro=0.9875 | mae=0.0214 | qwk=0.9844
        ovr_roc_auc_macro=0.9975 | ovr_pr_auc_macro=0.9974
Epoch 23/60 | Time 0m27s
  Train | loss=0.4139 | top1=99.88% | top2=99.94%
  Valid | loss=0.4210 | top1=99.31% | top2=99.48% | acc=99.29% | bal_acc=99.29% | macro_f1=0.9929 | weighted_f1=0.9929 | precision_macro=0.9929 | recall_macro=0.9929 | mae=0.0125 | qwk=0.9907
        ovr_roc_auc_macro=0.9987 | ovr_pr_auc_macro=0.9986
Epoch 24/60 | Time 0m27s
  Train | loss=0.4138 | top1=99.78% | top2=99.92%
  Valid | loss=0.4239 | top1=98.78% | top2=99.65% | acc=98.75% | bal_acc=98.75% | macro_f1=0.9875 | weighted_f1=0.9875 | precision_macro=0.9876 | recall_macro=0.9875 | mae=0.0250 | qwk=0.9801
        ovr_roc_auc_macro=0.9986 | ovr_pr_auc_macro=0.9983
Epoch 25/60 | Time 0m27s
  Train | loss=0.4141 | top1=99.84% | top2=99.94%
  Valid | loss=0.4182 | top1=99.48% | top2=99.83% | acc=99.46% | bal_acc=99.46% | macro_f1=0.9946 | weighted_f1=0.9946 | precision_macro=0.9948 | recall_macro=0.9946 | mae=0.0107 | qwk=0.9915
        ovr_roc_auc_macro=1.0000 | ovr_pr_auc_macro=0.9999
  -> best macro_f1 updated to 0.9946 (epoch 25, val_loss=0.4182)
Epoch 26/60 | Time 0m27s
  Train | loss=0.4132 | top1=99.88% | top2=99.98%
  Valid | loss=0.4247 | top1=98.96% | top2=99.48% | acc=98.93% | bal_acc=98.93% | macro_f1=0.9893 | weighted_f1=0.9893 | precision_macro=0.9897 | recall_macro=0.9893 | mae=0.0214 | qwk=0.9830
        ovr_roc_auc_macro=0.9963 | ovr_pr_auc_macro=0.9962
Epoch 27/60 | Time 0m27s
  Train | loss=0.4129 | top1=99.92% | top2=99.96%
  Valid | loss=0.4209 | top1=99.48% | top2=99.65% | acc=99.46% | bal_acc=99.46% | macro_f1=0.9946 | weighted_f1=0.9946 | precision_macro=0.9948 | recall_macro=0.9946 | mae=0.0107 | qwk=0.9915
        ovr_roc_auc_macro=0.9975 | ovr_pr_auc_macro=0.9974
Epoch 28/60 | Time 0m27s
  Train | loss=0.4155 | top1=99.72% | top2=99.90%
  Valid | loss=0.4292 | top1=98.78% | top2=99.48% | acc=98.75% | bal_acc=98.75% | macro_f1=0.9875 | weighted_f1=0.9875 | precision_macro=0.9879 | recall_macro=0.9875 | mae=0.0232 | qwk=0.9823
        ovr_roc_auc_macro=0.9960 | ovr_pr_auc_macro=0.9950
Epoch 29/60 | Time 0m27s
  Train | loss=0.4152 | top1=99.72% | top2=99.94%
  Valid | loss=0.4223 | top1=98.96% | top2=99.48% | acc=99.11% | bal_acc=99.11% | macro_f1=0.9911 | weighted_f1=0.9911 | precision_macro=0.9911 | recall_macro=0.9911 | mae=0.0125 | qwk=0.9921
        ovr_roc_auc_macro=0.9993 | ovr_pr_auc_macro=0.9987
Epoch 30/60 | Time 0m27s
  Train | loss=0.4186 | top1=99.43% | top2=99.84%
  Valid | loss=0.4203 | top1=99.65% | top2=99.65% | acc=99.64% | bal_acc=99.64% | macro_f1=0.9964 | weighted_f1=0.9964 | precision_macro=0.9964 | recall_macro=0.9964 | mae=0.0071 | qwk=0.9943
        ovr_roc_auc_macro=0.9993 | ovr_pr_auc_macro=0.9988
  -> best macro_f1 updated to 0.9964 (epoch 30, val_loss=0.4203)
Epoch 31/60 | Time 0m27s
  Train | loss=0.4136 | top1=99.86% | top2=99.98%
  Valid | loss=0.4216 | top1=99.48% | top2=99.48% | acc=99.46% | bal_acc=99.46% | macro_f1=0.9946 | weighted_f1=0.9946 | precision_macro=0.9947 | recall_macro=0.9946 | mae=0.0107 | qwk=0.9914
        ovr_roc_auc_macro=0.9981 | ovr_pr_auc_macro=0.9977
Epoch 32/60 | Time 0m27s
  Train | loss=0.4142 | top1=99.78% | top2=99.98%
  Valid | loss=0.4243 | top1=99.48% | top2=99.48% | acc=99.46% | bal_acc=99.46% | macro_f1=0.9946 | weighted_f1=0.9946 | precision_macro=0.9947 | recall_macro=0.9946 | mae=0.0107 | qwk=0.9914
        ovr_roc_auc_macro=0.9968 | ovr_pr_auc_macro=0.9964
Epoch 33/60 | Time 0m27s
  Train | loss=0.4144 | top1=99.78% | top2=99.94%
  Valid | loss=0.4241 | top1=99.31% | top2=99.31% | acc=99.29% | bal_acc=99.29% | macro_f1=0.9929 | weighted_f1=0.9929 | precision_macro=0.9929 | recall_macro=0.9929 | mae=0.0143 | qwk=0.9886
        ovr_roc_auc_macro=0.9969 | ovr_pr_auc_macro=0.9964
Epoch 34/60 | Time 0m27s
  Train | loss=0.4135 | top1=99.86% | top2=99.98%
  Valid | loss=0.4218 | top1=99.31% | top2=99.48% | acc=99.29% | bal_acc=99.29% | macro_f1=0.9929 | weighted_f1=0.9929 | precision_macro=0.9929 | recall_macro=0.9929 | mae=0.0143 | qwk=0.9886
        ovr_roc_auc_macro=0.9991 | ovr_pr_auc_macro=0.9986
Epoch 35/60 | Time 0m27s
  Train | loss=0.4131 | top1=99.92% | top2=99.98%
  Valid | loss=0.4238 | top1=99.13% | top2=99.48% | acc=99.11% | bal_acc=99.11% | macro_f1=0.9911 | weighted_f1=0.9911 | precision_macro=0.9911 | recall_macro=0.9911 | mae=0.0161 | qwk=0.9879
        ovr_roc_auc_macro=0.9984 | ovr_pr_auc_macro=0.9980
Epoch 36/60 | Time 0m27s
  Train | loss=0.4130 | top1=99.90% | top2=100.00%
  Valid | loss=0.4263 | top1=98.96% | top2=99.48% | acc=98.93% | bal_acc=98.93% | macro_f1=0.9892 | weighted_f1=0.9892 | precision_macro=0.9896 | recall_macro=0.9893 | mae=0.0196 | qwk=0.9851
        ovr_roc_auc_macro=0.9963 | ovr_pr_auc_macro=0.9962
Epoch 37/60 | Time 0m27s
  Train | loss=0.4127 | top1=99.90% | top2=100.00%
  Valid | loss=0.4264 | top1=99.31% | top2=99.31% | acc=99.29% | bal_acc=99.29% | macro_f1=0.9929 | weighted_f1=0.9929 | precision_macro=0.9929 | recall_macro=0.9929 | mae=0.0143 | qwk=0.9886
        ovr_roc_auc_macro=0.9965 | ovr_pr_auc_macro=0.9950
Epoch 38/60 | Time 0m27s
  Train | loss=0.4133 | top1=99.88% | top2=99.98%
  Valid | loss=0.4270 | top1=99.13% | top2=99.48% | acc=99.11% | bal_acc=99.11% | macro_f1=0.9911 | weighted_f1=0.9911 | precision_macro=0.9914 | recall_macro=0.9911 | mae=0.0179 | qwk=0.9858
        ovr_roc_auc_macro=0.9963 | ovr_pr_auc_macro=0.9961
Epoch 39/60 | Time 0m27s
  Train | loss=0.4128 | top1=99.92% | top2=100.00%
  Valid | loss=0.4242 | top1=99.48% | top2=99.48% | acc=99.46% | bal_acc=99.46% | macro_f1=0.9946 | weighted_f1=0.9946 | precision_macro=0.9947 | recall_macro=0.9946 | mae=0.0107 | qwk=0.9914
        ovr_roc_auc_macro=0.9969 | ovr_pr_auc_macro=0.9965
Epoch 40/60 | Time 0m27s
  Train | loss=0.4133 | top1=99.82% | top2=100.00%
  Valid | loss=0.4235 | top1=99.31% | top2=99.48% | acc=99.29% | bal_acc=99.29% | macro_f1=0.9929 | weighted_f1=0.9929 | precision_macro=0.9929 | recall_macro=0.9929 | mae=0.0143 | qwk=0.9886
        ovr_roc_auc_macro=0.9968 | ovr_pr_auc_macro=0.9961
Epoch 41/60 | Time 0m27s
  Train | loss=0.4127 | top1=99.90% | top2=100.00%
  Valid | loss=0.4246 | top1=99.13% | top2=99.48% | acc=99.11% | bal_acc=99.11% | macro_f1=0.9911 | weighted_f1=0.9911 | precision_macro=0.9912 | recall_macro=0.9911 | mae=0.0179 | qwk=0.9858
        ovr_roc_auc_macro=0.9969 | ovr_pr_auc_macro=0.9964
Epoch 42/60 | Time 0m27s
  Train | loss=0.4125 | top1=99.90% | top2=100.00%
  Valid | loss=0.4241 | top1=99.48% | top2=99.48% | acc=99.46% | bal_acc=99.46% | macro_f1=0.9946 | weighted_f1=0.9946 | precision_macro=0.9947 | recall_macro=0.9946 | mae=0.0107 | qwk=0.9914
        ovr_roc_auc_macro=0.9967 | ovr_pr_auc_macro=0.9958
Epoch 43/60 | Time 0m27s
  Train | loss=0.4127 | top1=99.92% | top2=100.00%
  Valid | loss=0.4262 | top1=99.13% | top2=99.31% | acc=99.11% | bal_acc=99.11% | macro_f1=0.9911 | weighted_f1=0.9911 | precision_macro=0.9912 | recall_macro=0.9911 | mae=0.0179 | qwk=0.9858
        ovr_roc_auc_macro=0.9957 | ovr_pr_auc_macro=0.9952
Epoch 44/60 | Time 0m27s
  Train | loss=0.4124 | top1=99.92% | top2=100.00%
  Valid | loss=0.4261 | top1=99.13% | top2=99.31% | acc=99.11% | bal_acc=99.11% | macro_f1=0.9911 | weighted_f1=0.9911 | precision_macro=0.9912 | recall_macro=0.9911 | mae=0.0179 | qwk=0.9858
        ovr_roc_auc_macro=0.9967 | ovr_pr_auc_macro=0.9959
Epoch 45/60 | Time 0m27s
  Train | loss=0.4126 | top1=99.92% | top2=100.00%
  Valid | loss=0.4258 | top1=99.13% | top2=99.31% | acc=99.11% | bal_acc=99.11% | macro_f1=0.9911 | weighted_f1=0.9911 | precision_macro=0.9912 | recall_macro=0.9911 | mae=0.0179 | qwk=0.9858
        ovr_roc_auc_macro=0.9968 | ovr_pr_auc_macro=0.9963
  -> early stopping triggered at epoch 45

[TEST] loss=dast
  Test | loss=0.4912 | top1=95.06% | top2=96.50% | acc=95.06% | bal_acc=95.06% | macro_f1=0.9496 | weighted_f1=0.9496 | precision_macro=0.9546 | recall_macro=0.9506 | mae=0.0688 | qwk=0.9549
        ovr_roc_auc_macro=0.9823 | ovr_pr_auc_macro=0.9498
  Confusion Matrix:
[[328  45  27   0]
 [  0 398   0   2]
 [  0   4 396   0]
 [  1   0   0 399]]
  Classification Report:
              precision    recall  f1-score   support

      glioma     0.9970    0.8200    0.8999       400
  meningioma     0.8904    0.9950    0.9398       400
     notumor     0.9362    0.9900    0.9623       400
   pituitary     0.9950    0.9975    0.9963       400

    accuracy                         0.9506      1600
   macro avg     0.9546    0.9506    0.9496      1600
weighted avg     0.9546    0.9506    0.9496      1600


==========================================================================================
Summary CSV saved: E:\Paper\Computer-Vision-for-Medicine\Brain_Tumor_MRI_Loss\logs\ResNet_layer3+MECS_20260410_023456_summary.csv
Top results by test_macro_f1:
  ce: macro_f1=0.9507, qwk=0.9575, mae=0.0663, acc=0.9519, top1=0.9519
  dast: macro_f1=0.9496, qwk=0.9549, mae=0.0688, acc=0.9506, top1=0.9506
==========================================================================================

EXIT CODE: 0
END TIME: 2026-04-10T03:09:50
====================================================================================================
