==========================================================================================
Script: ResNet_baseline
Module: Baseline | Insert after: none
Device: cuda
CUDA: NVIDIA GeForce RTX 4080 SUPER
Data dir: E:\Paper\Computer-Vision-for-Medicine\ISIC
Config | batch_size=32, epochs=60, num_workers=2, image_size=224, base_lr=0.0001, patience=15
Losses to run: ['ce', 'dast']
==========================================================================================
Split sizes | train=7210, valid=802, test=2003
Classes (7): ['akiec', 'bcc', 'bkl', 'df', 'mel', 'nv', 'vasc']
Train class counts: [262, 411, 879, 92, 890, 5364, 114]
Loading torchvision ResNet50 pretrained weights once...
Pretrained state keys: 320

##########################################################################################
Starting loss: ce
##########################################################################################
Model params: 23,522,375 | pretrained loaded: 320/320 | feat_dim=2048
Criterion: CrossEntropyLoss
Criterion trainable params: 0
Epoch 01/60 | Time 0m31s
  Train | loss=1.7476 | top1=52.61% | top3=76.28%
  Valid | loss=1.4969 | top1=65.26% | top3=83.65% | acc=65.84% | bal_acc=14.05% | macro_f1=0.1138 | weighted_f1=0.5332 | precision_macro=0.0956 | recall_macro=0.1405 | qwk=0.0170 | mae=0.8628
        ovr_roc_auc_macro=0.6610 | ovr_pr_auc_macro=0.2070
  -> best macro_f1 updated to 0.1138 (epoch 1)
Epoch 02/60 | Time 0m29s
  Train | loss=1.2780 | top1=67.17% | top3=87.25%
  Valid | loss=1.0710 | top1=66.71% | top3=89.06% | acc=67.33% | bal_acc=14.77% | macro_f1=0.1242 | weighted_f1=0.5495 | precision_macro=0.1260 | recall_macro=0.1477 | qwk=0.0830 | mae=0.8180
        ovr_roc_auc_macro=0.7605 | ovr_pr_auc_macro=0.2677
  -> best macro_f1 updated to 0.1242 (epoch 2)
Epoch 03/60 | Time 0m29s
  Train | loss=1.0094 | top1=67.25% | top3=89.64%
  Valid | loss=0.9304 | top1=66.71% | top3=88.10% | acc=67.33% | bal_acc=14.77% | macro_f1=0.1243 | weighted_f1=0.5493 | precision_macro=0.1303 | recall_macro=0.1477 | qwk=0.0747 | mae=0.8192
        ovr_roc_auc_macro=0.8038 | ovr_pr_auc_macro=0.2781
Epoch 04/60 | Time 0m29s
  Train | loss=0.8913 | top1=67.92% | top3=89.39%
  Valid | loss=0.8555 | top1=67.91% | top3=87.86% | acc=68.58% | bal_acc=16.39% | macro_f1=0.1511 | weighted_f1=0.5779 | precision_macro=0.2031 | recall_macro=0.1639 | qwk=0.1844 | mae=0.7606
        ovr_roc_auc_macro=0.8516 | ovr_pr_auc_macro=0.3260
  -> best macro_f1 updated to 0.1511 (epoch 4)
Epoch 05/60 | Time 0m29s
  Train | loss=0.8074 | top1=70.01% | top3=89.42%
  Valid | loss=0.7897 | top1=70.91% | top3=89.06% | acc=71.70% | bal_acc=21.23% | macro_f1=0.2100 | weighted_f1=0.6478 | precision_macro=0.2306 | recall_macro=0.2123 | qwk=0.4558 | mae=0.6197
        ovr_roc_auc_macro=0.8853 | ovr_pr_auc_macro=0.4147
  -> best macro_f1 updated to 0.2100 (epoch 5)
Epoch 06/60 | Time 0m29s
  Train | loss=0.7258 | top1=72.83% | top3=91.17%
  Valid | loss=0.7264 | top1=73.08% | top3=91.71% | acc=73.94% | bal_acc=24.96% | macro_f1=0.2388 | weighted_f1=0.6850 | precision_macro=0.2407 | recall_macro=0.2496 | qwk=0.6177 | mae=0.5125
        ovr_roc_auc_macro=0.9153 | ovr_pr_auc_macro=0.5154
  -> best macro_f1 updated to 0.2388 (epoch 6)
Epoch 07/60 | Time 0m29s
  Train | loss=0.6310 | top1=76.75% | top3=94.31%
  Valid | loss=0.6380 | top1=77.76% | top3=94.71% | acc=78.80% | bal_acc=37.32% | macro_f1=0.3972 | weighted_f1=0.7567 | precision_macro=0.5848 | recall_macro=0.3732 | qwk=0.7197 | mae=0.4214
        ovr_roc_auc_macro=0.9365 | ovr_pr_auc_macro=0.6375
  -> best macro_f1 updated to 0.3972 (epoch 7)
Epoch 08/60 | Time 0m28s
  Train | loss=0.5269 | top1=81.22% | top3=96.43%
  Valid | loss=0.5452 | top1=81.49% | top3=95.91% | acc=82.67% | bal_acc=54.40% | macro_f1=0.5693 | weighted_f1=0.8122 | precision_macro=0.6088 | recall_macro=0.5440 | qwk=0.7753 | mae=0.3479
        ovr_roc_auc_macro=0.9460 | ovr_pr_auc_macro=0.6716
  -> best macro_f1 updated to 0.5693 (epoch 8)
Epoch 09/60 | Time 0m29s
  Train | loss=0.4362 | top1=84.33% | top3=97.47%
  Valid | loss=0.5143 | top1=83.05% | top3=97.72% | acc=84.29% | bal_acc=59.20% | macro_f1=0.6129 | weighted_f1=0.8307 | precision_macro=0.6390 | recall_macro=0.5920 | qwk=0.8059 | mae=0.3067
        ovr_roc_auc_macro=0.9500 | ovr_pr_auc_macro=0.7153
  -> best macro_f1 updated to 0.6129 (epoch 9)
Epoch 10/60 | Time 0m29s
  Train | loss=0.3555 | top1=87.42% | top3=98.25%
  Valid | loss=0.4808 | top1=83.77% | top3=98.20% | acc=85.04% | bal_acc=63.42% | macro_f1=0.6688 | weighted_f1=0.8379 | precision_macro=0.8135 | recall_macro=0.6342 | qwk=0.8114 | mae=0.2918
        ovr_roc_auc_macro=0.9571 | ovr_pr_auc_macro=0.7505
  -> best macro_f1 updated to 0.6688 (epoch 10)
Epoch 11/60 | Time 0m29s
  Train | loss=0.3006 | top1=89.35% | top3=98.97%
  Valid | loss=0.4831 | top1=84.86% | top3=98.32% | acc=86.16% | bal_acc=67.42% | macro_f1=0.6907 | weighted_f1=0.8499 | precision_macro=0.8185 | recall_macro=0.6742 | qwk=0.8306 | mae=0.2706
        ovr_roc_auc_macro=0.9578 | ovr_pr_auc_macro=0.7754
  -> best macro_f1 updated to 0.6907 (epoch 11)
Epoch 12/60 | Time 0m29s
  Train | loss=0.2360 | top1=91.79% | top3=99.35%
  Valid | loss=0.4913 | top1=84.25% | top3=98.20% | acc=85.54% | bal_acc=68.02% | macro_f1=0.7162 | weighted_f1=0.8452 | precision_macro=0.7989 | recall_macro=0.6802 | qwk=0.8087 | mae=0.2905
        ovr_roc_auc_macro=0.9643 | ovr_pr_auc_macro=0.7907
  -> best macro_f1 updated to 0.7162 (epoch 12)
Epoch 13/60 | Time 0m28s
  Train | loss=0.1970 | top1=92.76% | top3=99.36%
  Valid | loss=0.4511 | top1=85.58% | top3=98.44% | acc=86.91% | bal_acc=73.95% | macro_f1=0.7615 | weighted_f1=0.8667 | precision_macro=0.7978 | recall_macro=0.7395 | qwk=0.8369 | mae=0.2606
        ovr_roc_auc_macro=0.9673 | ovr_pr_auc_macro=0.8051
  -> best macro_f1 updated to 0.7615 (epoch 13)
Epoch 14/60 | Time 0m29s
  Train | loss=0.1557 | top1=94.69% | top3=99.68%
  Valid | loss=0.4632 | top1=85.10% | top3=98.68% | acc=86.41% | bal_acc=73.85% | macro_f1=0.7592 | weighted_f1=0.8616 | precision_macro=0.7905 | recall_macro=0.7385 | qwk=0.8149 | mae=0.2743
        ovr_roc_auc_macro=0.9687 | ovr_pr_auc_macro=0.8141
Epoch 15/60 | Time 0m28s
  Train | loss=0.1258 | top1=95.82% | top3=99.83%
  Valid | loss=0.4737 | top1=87.14% | top3=98.44% | acc=86.66% | bal_acc=76.50% | macro_f1=0.7782 | weighted_f1=0.8675 | precision_macro=0.8030 | recall_macro=0.7650 | qwk=0.8121 | mae=0.2855
        ovr_roc_auc_macro=0.9678 | ovr_pr_auc_macro=0.8130
  -> best macro_f1 updated to 0.7782 (epoch 15)
Epoch 16/60 | Time 0m29s
  Train | loss=0.1053 | top1=96.43% | top3=99.93%
  Valid | loss=0.4394 | top1=87.98% | top3=98.92% | acc=87.53% | bal_acc=77.30% | macro_f1=0.8001 | weighted_f1=0.8710 | precision_macro=0.8421 | recall_macro=0.7730 | qwk=0.8192 | mae=0.2718
        ovr_roc_auc_macro=0.9738 | ovr_pr_auc_macro=0.8327
  -> best macro_f1 updated to 0.8001 (epoch 16)
Epoch 17/60 | Time 0m29s
  Train | loss=0.0839 | top1=97.21% | top3=99.93%
  Valid | loss=0.4609 | top1=88.46% | top3=98.68% | acc=88.03% | bal_acc=78.67% | macro_f1=0.8001 | weighted_f1=0.8788 | precision_macro=0.8152 | recall_macro=0.7867 | qwk=0.8407 | mae=0.2469
        ovr_roc_auc_macro=0.9719 | ovr_pr_auc_macro=0.8317
Epoch 18/60 | Time 0m29s
  Train | loss=0.0758 | top1=97.28% | top3=99.94%
  Valid | loss=0.5336 | top1=86.42% | top3=98.92% | acc=87.78% | bal_acc=76.53% | macro_f1=0.7917 | weighted_f1=0.8723 | precision_macro=0.8298 | recall_macro=0.7653 | qwk=0.8320 | mae=0.2556
        ovr_roc_auc_macro=0.9705 | ovr_pr_auc_macro=0.8322
Epoch 19/60 | Time 0m29s
  Train | loss=0.0618 | top1=97.89% | top3=99.94%
  Valid | loss=0.5315 | top1=85.58% | top3=99.04% | acc=86.91% | bal_acc=74.48% | macro_f1=0.7763 | weighted_f1=0.8613 | precision_macro=0.8178 | recall_macro=0.7448 | qwk=0.8101 | mae=0.2756
        ovr_roc_auc_macro=0.9666 | ovr_pr_auc_macro=0.8333
Epoch 20/60 | Time 0m29s
  Train | loss=0.0474 | top1=98.36% | top3=99.99%
  Valid | loss=0.5440 | top1=85.82% | top3=98.32% | acc=87.16% | bal_acc=75.75% | macro_f1=0.7774 | weighted_f1=0.8679 | precision_macro=0.8030 | recall_macro=0.7575 | qwk=0.8107 | mae=0.2743
        ovr_roc_auc_macro=0.9672 | ovr_pr_auc_macro=0.8333
Epoch 21/60 | Time 0m29s
  Train | loss=0.0493 | top1=98.35% | top3=99.99%
  Valid | loss=0.5353 | top1=85.58% | top3=98.68% | acc=86.91% | bal_acc=73.78% | macro_f1=0.7579 | weighted_f1=0.8630 | precision_macro=0.7858 | recall_macro=0.7378 | qwk=0.7871 | mae=0.2930
        ovr_roc_auc_macro=0.9719 | ovr_pr_auc_macro=0.8320
Epoch 22/60 | Time 0m29s
  Train | loss=0.0444 | top1=98.51% | top3=99.99%
  Valid | loss=0.5835 | top1=87.74% | top3=98.44% | acc=87.28% | bal_acc=74.45% | macro_f1=0.7729 | weighted_f1=0.8665 | precision_macro=0.8088 | recall_macro=0.7445 | qwk=0.8372 | mae=0.2506
        ovr_roc_auc_macro=0.9686 | ovr_pr_auc_macro=0.8373
Epoch 23/60 | Time 0m29s
  Train | loss=0.0397 | top1=98.81% | top3=100.00%
  Valid | loss=0.5424 | top1=87.86% | top3=98.32% | acc=87.41% | bal_acc=79.72% | macro_f1=0.8088 | weighted_f1=0.8720 | precision_macro=0.8293 | recall_macro=0.7972 | qwk=0.8329 | mae=0.2606
        ovr_roc_auc_macro=0.9700 | ovr_pr_auc_macro=0.8451
  -> best macro_f1 updated to 0.8088 (epoch 23)
Epoch 24/60 | Time 0m29s
  Train | loss=0.0365 | top1=98.86% | top3=100.00%
  Valid | loss=0.4870 | top1=88.82% | top3=97.96% | acc=88.40% | bal_acc=78.38% | macro_f1=0.7971 | weighted_f1=0.8810 | precision_macro=0.8176 | recall_macro=0.7838 | qwk=0.8343 | mae=0.2481
        ovr_roc_auc_macro=0.9769 | ovr_pr_auc_macro=0.8627
Epoch 25/60 | Time 0m29s
  Train | loss=0.0325 | top1=99.00% | top3=99.99%
  Valid | loss=0.5264 | top1=85.34% | top3=98.44% | acc=86.66% | bal_acc=77.47% | macro_f1=0.7847 | weighted_f1=0.8668 | precision_macro=0.8080 | recall_macro=0.7747 | qwk=0.8070 | mae=0.2893
        ovr_roc_auc_macro=0.9747 | ovr_pr_auc_macro=0.8595
Epoch 26/60 | Time 0m29s
  Train | loss=0.0282 | top1=99.22% | top3=99.99%
  Valid | loss=0.5210 | top1=88.34% | top3=98.44% | acc=87.91% | bal_acc=80.58% | macro_f1=0.7991 | weighted_f1=0.8777 | precision_macro=0.8054 | recall_macro=0.8058 | qwk=0.8365 | mae=0.2594
        ovr_roc_auc_macro=0.9744 | ovr_pr_auc_macro=0.8620
Epoch 27/60 | Time 0m29s
  Train | loss=0.0299 | top1=99.04% | top3=100.00%
  Valid | loss=0.6103 | top1=85.46% | top3=98.32% | acc=86.78% | bal_acc=76.00% | macro_f1=0.7731 | weighted_f1=0.8623 | precision_macro=0.7993 | recall_macro=0.7600 | qwk=0.8229 | mae=0.2768
        ovr_roc_auc_macro=0.9737 | ovr_pr_auc_macro=0.8490
Epoch 28/60 | Time 0m29s
  Train | loss=0.0260 | top1=99.15% | top3=100.00%
  Valid | loss=0.6320 | top1=86.42% | top3=98.32% | acc=87.78% | bal_acc=75.99% | macro_f1=0.7863 | weighted_f1=0.8722 | precision_macro=0.8233 | recall_macro=0.7599 | qwk=0.8360 | mae=0.2519
        ovr_roc_auc_macro=0.9727 | ovr_pr_auc_macro=0.8546
Epoch 29/60 | Time 0m29s
  Train | loss=0.0225 | top1=99.15% | top3=100.00%
  Valid | loss=0.5643 | top1=89.54% | top3=99.04% | acc=89.15% | bal_acc=78.91% | macro_f1=0.8189 | weighted_f1=0.8876 | precision_macro=0.8573 | recall_macro=0.7891 | qwk=0.8466 | mae=0.2269
        ovr_roc_auc_macro=0.9757 | ovr_pr_auc_macro=0.8688
  -> best macro_f1 updated to 0.8189 (epoch 29)
Epoch 30/60 | Time 0m29s
  Train | loss=0.0220 | top1=99.26% | top3=100.00%
  Valid | loss=0.6204 | top1=88.70% | top3=98.80% | acc=88.28% | bal_acc=76.81% | macro_f1=0.7945 | weighted_f1=0.8764 | precision_macro=0.8400 | recall_macro=0.7681 | qwk=0.8470 | mae=0.2394
        ovr_roc_auc_macro=0.9726 | ovr_pr_auc_macro=0.8555
Epoch 31/60 | Time 0m29s
  Train | loss=0.0186 | top1=99.38% | top3=100.00%
  Valid | loss=0.6328 | top1=87.50% | top3=98.32% | acc=87.03% | bal_acc=75.11% | macro_f1=0.7610 | weighted_f1=0.8645 | precision_macro=0.7828 | recall_macro=0.7511 | qwk=0.8316 | mae=0.2656
        ovr_roc_auc_macro=0.9725 | ovr_pr_auc_macro=0.8503
Epoch 32/60 | Time 0m29s
  Train | loss=0.0181 | top1=99.42% | top3=100.00%
  Valid | loss=0.5424 | top1=88.34% | top3=98.68% | acc=87.91% | bal_acc=77.63% | macro_f1=0.7914 | weighted_f1=0.8743 | precision_macro=0.8171 | recall_macro=0.7763 | qwk=0.8398 | mae=0.2469
        ovr_roc_auc_macro=0.9782 | ovr_pr_auc_macro=0.8725
Epoch 33/60 | Time 0m29s
  Train | loss=0.0111 | top1=99.69% | top3=100.00%
  Valid | loss=0.5601 | top1=86.78% | top3=98.92% | acc=88.15% | bal_acc=78.45% | macro_f1=0.7960 | weighted_f1=0.8784 | precision_macro=0.8163 | recall_macro=0.7845 | qwk=0.8569 | mae=0.2357
        ovr_roc_auc_macro=0.9794 | ovr_pr_auc_macro=0.8681
Epoch 34/60 | Time 0m29s
  Train | loss=0.0111 | top1=99.60% | top3=100.00%
  Valid | loss=0.5339 | top1=89.18% | top3=98.68% | acc=88.78% | bal_acc=77.22% | macro_f1=0.8045 | weighted_f1=0.8838 | precision_macro=0.8533 | recall_macro=0.7722 | qwk=0.8475 | mae=0.2332
        ovr_roc_auc_macro=0.9795 | ovr_pr_auc_macro=0.8762
Epoch 35/60 | Time 0m29s
  Train | loss=0.0134 | top1=99.54% | top3=100.00%
  Valid | loss=0.5581 | top1=89.30% | top3=98.80% | acc=88.90% | bal_acc=79.93% | macro_f1=0.8125 | weighted_f1=0.8851 | precision_macro=0.8394 | recall_macro=0.7993 | qwk=0.8664 | mae=0.2182
        ovr_roc_auc_macro=0.9795 | ovr_pr_auc_macro=0.8702
Epoch 36/60 | Time 0m29s
  Train | loss=0.0118 | top1=99.60% | top3=100.00%
  Valid | loss=0.5951 | top1=88.46% | top3=99.16% | acc=88.03% | bal_acc=79.62% | macro_f1=0.7917 | weighted_f1=0.8747 | precision_macro=0.8046 | recall_macro=0.7962 | qwk=0.8593 | mae=0.2369
        ovr_roc_auc_macro=0.9794 | ovr_pr_auc_macro=0.8774
Epoch 37/60 | Time 0m29s
  Train | loss=0.0113 | top1=99.57% | top3=100.00%
  Valid | loss=0.5834 | top1=89.30% | top3=98.92% | acc=88.90% | bal_acc=79.25% | macro_f1=0.8209 | weighted_f1=0.8840 | precision_macro=0.8598 | recall_macro=0.7925 | qwk=0.8604 | mae=0.2195
        ovr_roc_auc_macro=0.9783 | ovr_pr_auc_macro=0.8879
  -> best macro_f1 updated to 0.8209 (epoch 37)
Epoch 38/60 | Time 0m29s
  Train | loss=0.0096 | top1=99.69% | top3=100.00%
  Valid | loss=0.5593 | top1=88.94% | top3=99.04% | acc=88.53% | bal_acc=79.70% | macro_f1=0.8065 | weighted_f1=0.8816 | precision_macro=0.8224 | recall_macro=0.7970 | qwk=0.8714 | mae=0.2195
        ovr_roc_auc_macro=0.9794 | ovr_pr_auc_macro=0.8791
Epoch 39/60 | Time 0m29s
  Train | loss=0.0093 | top1=99.75% | top3=100.00%
  Valid | loss=0.5902 | top1=87.62% | top3=99.04% | acc=89.03% | bal_acc=78.29% | macro_f1=0.8057 | weighted_f1=0.8848 | precision_macro=0.8405 | recall_macro=0.7829 | qwk=0.8691 | mae=0.2107
        ovr_roc_auc_macro=0.9804 | ovr_pr_auc_macro=0.8796
Epoch 40/60 | Time 0m28s
  Train | loss=0.0118 | top1=99.64% | top3=100.00%
  Valid | loss=0.5681 | top1=89.66% | top3=98.80% | acc=89.28% | bal_acc=79.69% | macro_f1=0.8224 | weighted_f1=0.8889 | precision_macro=0.8638 | recall_macro=0.7969 | qwk=0.8938 | mae=0.1908
        ovr_roc_auc_macro=0.9796 | ovr_pr_auc_macro=0.8764
  -> best macro_f1 updated to 0.8224 (epoch 40)
Epoch 41/60 | Time 0m29s
  Train | loss=0.0083 | top1=99.71% | top3=100.00%
  Valid | loss=0.5302 | top1=89.06% | top3=98.92% | acc=88.65% | bal_acc=78.42% | macro_f1=0.8075 | weighted_f1=0.8822 | precision_macro=0.8471 | recall_macro=0.7842 | qwk=0.8766 | mae=0.2132
        ovr_roc_auc_macro=0.9816 | ovr_pr_auc_macro=0.8792
Epoch 42/60 | Time 0m29s
  Train | loss=0.0051 | top1=99.90% | top3=100.00%
  Valid | loss=0.5417 | top1=89.06% | top3=98.92% | acc=88.65% | bal_acc=78.60% | macro_f1=0.8064 | weighted_f1=0.8830 | precision_macro=0.8408 | recall_macro=0.7860 | qwk=0.8782 | mae=0.2132
        ovr_roc_auc_macro=0.9804 | ovr_pr_auc_macro=0.8806
Epoch 43/60 | Time 0m29s
  Train | loss=0.0054 | top1=99.89% | top3=100.00%
  Valid | loss=0.5601 | top1=89.06% | top3=98.44% | acc=88.65% | bal_acc=79.05% | macro_f1=0.8133 | weighted_f1=0.8819 | precision_macro=0.8455 | recall_macro=0.7905 | qwk=0.8679 | mae=0.2182
        ovr_roc_auc_macro=0.9810 | ovr_pr_auc_macro=0.8738
Epoch 44/60 | Time 0m29s
  Train | loss=0.0057 | top1=99.79% | top3=100.00%
  Valid | loss=0.5735 | top1=88.22% | top3=98.68% | acc=87.78% | bal_acc=78.94% | macro_f1=0.8055 | weighted_f1=0.8735 | precision_macro=0.8338 | recall_macro=0.7894 | qwk=0.8595 | mae=0.2394
        ovr_roc_auc_macro=0.9805 | ovr_pr_auc_macro=0.8804
Epoch 45/60 | Time 0m28s
  Train | loss=0.0036 | top1=99.88% | top3=100.00%
  Valid | loss=0.6259 | top1=89.06% | top3=98.44% | acc=88.65% | bal_acc=79.71% | macro_f1=0.8191 | weighted_f1=0.8822 | precision_macro=0.8527 | recall_macro=0.7971 | qwk=0.8497 | mae=0.2357
        ovr_roc_auc_macro=0.9781 | ovr_pr_auc_macro=0.8767
Epoch 46/60 | Time 0m29s
  Train | loss=0.0059 | top1=99.83% | top3=100.00%
  Valid | loss=0.6332 | top1=87.14% | top3=98.68% | acc=88.53% | bal_acc=76.81% | macro_f1=0.8050 | weighted_f1=0.8793 | precision_macro=0.8598 | recall_macro=0.7681 | qwk=0.8464 | mae=0.2357
        ovr_roc_auc_macro=0.9790 | ovr_pr_auc_macro=0.8819
Epoch 47/60 | Time 0m29s
  Train | loss=0.0048 | top1=99.88% | top3=100.00%
  Valid | loss=0.5740 | top1=88.82% | top3=98.80% | acc=88.40% | bal_acc=77.97% | macro_f1=0.8033 | weighted_f1=0.8799 | precision_macro=0.8422 | recall_macro=0.7797 | qwk=0.8653 | mae=0.2257
        ovr_roc_auc_macro=0.9813 | ovr_pr_auc_macro=0.8868
Epoch 48/60 | Time 0m29s
  Train | loss=0.0040 | top1=99.85% | top3=100.00%
  Valid | loss=0.6376 | top1=88.58% | top3=98.80% | acc=88.15% | bal_acc=77.06% | macro_f1=0.8038 | weighted_f1=0.8765 | precision_macro=0.8555 | recall_macro=0.7706 | qwk=0.8524 | mae=0.2357
        ovr_roc_auc_macro=0.9793 | ovr_pr_auc_macro=0.8801
Epoch 49/60 | Time 0m29s
  Train | loss=0.0053 | top1=99.82% | top3=100.00%
  Valid | loss=0.5567 | top1=88.34% | top3=99.04% | acc=87.91% | bal_acc=78.45% | macro_f1=0.7999 | weighted_f1=0.8770 | precision_macro=0.8289 | recall_macro=0.7845 | qwk=0.8382 | mae=0.2569
        ovr_roc_auc_macro=0.9803 | ovr_pr_auc_macro=0.8870
Epoch 50/60 | Time 0m29s
  Train | loss=0.0047 | top1=99.85% | top3=100.00%
  Valid | loss=0.6234 | top1=89.30% | top3=98.92% | acc=88.90% | bal_acc=79.56% | macro_f1=0.8191 | weighted_f1=0.8838 | precision_macro=0.8550 | recall_macro=0.7956 | qwk=0.8549 | mae=0.2307
        ovr_roc_auc_macro=0.9786 | ovr_pr_auc_macro=0.8842
Epoch 51/60 | Time 0m28s
  Train | loss=0.0030 | top1=99.92% | top3=100.00%
  Valid | loss=0.5853 | top1=90.02% | top3=98.80% | acc=89.65% | bal_acc=81.49% | macro_f1=0.8306 | weighted_f1=0.8930 | precision_macro=0.8562 | recall_macro=0.8149 | qwk=0.8783 | mae=0.2045
        ovr_roc_auc_macro=0.9800 | ovr_pr_auc_macro=0.8925
  -> best macro_f1 updated to 0.8306 (epoch 51)
Epoch 52/60 | Time 0m29s
  Train | loss=0.0041 | top1=99.89% | top3=100.00%
  Valid | loss=0.5758 | top1=89.90% | top3=98.80% | acc=89.53% | bal_acc=82.70% | macro_f1=0.8390 | weighted_f1=0.8921 | precision_macro=0.8564 | recall_macro=0.8270 | qwk=0.8663 | mae=0.2157
        ovr_roc_auc_macro=0.9794 | ovr_pr_auc_macro=0.8892
  -> best macro_f1 updated to 0.8390 (epoch 52)
Epoch 53/60 | Time 0m29s
  Train | loss=0.0022 | top1=99.96% | top3=100.00%
  Valid | loss=0.5563 | top1=89.66% | top3=98.56% | acc=89.28% | bal_acc=81.03% | macro_f1=0.8253 | weighted_f1=0.8905 | precision_macro=0.8477 | recall_macro=0.8103 | qwk=0.8759 | mae=0.2120
        ovr_roc_auc_macro=0.9806 | ovr_pr_auc_macro=0.8915
Epoch 54/60 | Time 0m29s
  Train | loss=0.0029 | top1=99.93% | top3=100.00%
  Valid | loss=0.5804 | top1=89.30% | top3=98.80% | acc=88.90% | bal_acc=79.96% | macro_f1=0.8197 | weighted_f1=0.8846 | precision_macro=0.8513 | recall_macro=0.7996 | qwk=0.8673 | mae=0.2195
        ovr_roc_auc_macro=0.9810 | ovr_pr_auc_macro=0.8935
Epoch 55/60 | Time 0m29s
  Train | loss=0.0028 | top1=99.92% | top3=100.00%
  Valid | loss=0.5715 | top1=89.66% | top3=98.68% | acc=89.28% | bal_acc=82.28% | macro_f1=0.8342 | weighted_f1=0.8905 | precision_macro=0.8536 | recall_macro=0.8228 | qwk=0.8743 | mae=0.2145
        ovr_roc_auc_macro=0.9804 | ovr_pr_auc_macro=0.8899
Epoch 56/60 | Time 0m29s
  Train | loss=0.0022 | top1=99.96% | top3=100.00%
  Valid | loss=0.5945 | top1=89.06% | top3=98.80% | acc=88.65% | bal_acc=81.52% | macro_f1=0.8265 | weighted_f1=0.8821 | precision_macro=0.8489 | recall_macro=0.8152 | qwk=0.8750 | mae=0.2182
        ovr_roc_auc_macro=0.9803 | ovr_pr_auc_macro=0.8901
Epoch 57/60 | Time 0m29s
  Train | loss=0.0021 | top1=99.96% | top3=100.00%
  Valid | loss=0.5790 | top1=90.02% | top3=98.80% | acc=89.65% | bal_acc=81.76% | macro_f1=0.8387 | weighted_f1=0.8925 | precision_macro=0.8684 | recall_macro=0.8176 | qwk=0.8695 | mae=0.2095
        ovr_roc_auc_macro=0.9813 | ovr_pr_auc_macro=0.8934
Epoch 58/60 | Time 0m29s
  Train | loss=0.0018 | top1=99.97% | top3=100.00%
  Valid | loss=0.5770 | top1=89.06% | top3=98.68% | acc=88.65% | bal_acc=79.32% | macro_f1=0.8200 | weighted_f1=0.8813 | precision_macro=0.8600 | recall_macro=0.7932 | qwk=0.8606 | mae=0.2269
        ovr_roc_auc_macro=0.9814 | ovr_pr_auc_macro=0.8940
Epoch 59/60 | Time 0m29s
  Train | loss=0.0021 | top1=99.96% | top3=100.00%
  Valid | loss=0.6037 | top1=89.30% | top3=98.80% | acc=88.90% | bal_acc=80.02% | macro_f1=0.8242 | weighted_f1=0.8837 | precision_macro=0.8634 | recall_macro=0.8002 | qwk=0.8688 | mae=0.2195
        ovr_roc_auc_macro=0.9808 | ovr_pr_auc_macro=0.8946
Epoch 60/60 | Time 0m31s
  Train | loss=0.0015 | top1=99.99% | top3=100.00%
  Valid | loss=0.5788 | top1=89.30% | top3=98.68% | acc=88.90% | bal_acc=79.76% | macro_f1=0.8224 | weighted_f1=0.8843 | precision_macro=0.8589 | recall_macro=0.7976 | qwk=0.8665 | mae=0.2195
        ovr_roc_auc_macro=0.9811 | ovr_pr_auc_macro=0.8934

[TEST] loss=ce
  Test | loss=0.5646 | top1=89.43% | top3=98.76% | acc=89.37% | bal_acc=80.81% | macro_f1=0.8211 | weighted_f1=0.8899 | precision_macro=0.8381 | recall_macro=0.8081 | qwk=0.8768 | mae=0.2027
        ovr_roc_auc_macro=0.9769 | ovr_pr_auc_macro=0.8808
  Confusion Matrix:
[[  48    3    7    0    5    2    0]
 [   3   86    4    2    0    8    0]
 [   6    7  168    2   15   21    1]
 [   0    0    0   20    1    2    0]
 [   5    3   10    0  138   66    1]
 [   1    2   11    1   20 1306    0]
 [   0    1    0    0    0    3   24]]
  Classification Report:
              precision    recall  f1-score   support

       akiec     0.7619    0.7385    0.7500        65
         bcc     0.8431    0.8350    0.8390       103
         bkl     0.8400    0.7636    0.8000       220
          df     0.8000    0.8696    0.8333        23
         mel     0.7709    0.6188    0.6866       223
          nv     0.9276    0.9739    0.9502      1341
        vasc     0.9231    0.8571    0.8889        28

    accuracy                         0.8937      2003
   macro avg     0.8381    0.8081    0.8211      2003
weighted avg     0.8893    0.8937    0.8899      2003


##########################################################################################
Starting loss: dast
##########################################################################################
Model params: 23,522,375 | pretrained loaded: 320/320 | feat_dim=2048
Criterion: DistanceAwareSoftTargetLoss
Criterion trainable params: 0
Epoch 01/60 | Time 0m34s
  Train | loss=1.4397 | top1=50.21% | top3=75.54%
  Valid | loss=1.3061 | top1=64.90% | top3=81.13% | acc=65.46% | bal_acc=14.50% | macro_f1=0.1238 | weighted_f1=0.5409 | precision_macro=0.1202 | recall_macro=0.1450 | qwk=0.0324 | mae=0.8491
        ovr_roc_auc_macro=0.6765 | ovr_pr_auc_macro=0.2105
  -> best macro_f1 updated to 0.1238 (epoch 1)
Epoch 02/60 | Time 0m34s
  Train | loss=1.2095 | top1=66.64% | top3=82.82%
  Valid | loss=1.1179 | top1=66.23% | top3=83.29% | acc=66.83% | bal_acc=14.66% | macro_f1=0.1242 | weighted_f1=0.5472 | precision_macro=0.1509 | recall_macro=0.1466 | qwk=0.0655 | mae=0.8192
        ovr_roc_auc_macro=0.7606 | ovr_pr_auc_macro=0.2558
  -> best macro_f1 updated to 0.1242 (epoch 2)
Epoch 03/60 | Time 0m34s
  Train | loss=1.0973 | top1=67.28% | top3=85.04%
  Valid | loss=1.0623 | top1=66.95% | top3=83.65% | acc=67.58% | bal_acc=15.36% | macro_f1=0.1361 | weighted_f1=0.5595 | precision_macro=0.1896 | recall_macro=0.1536 | qwk=0.0755 | mae=0.8092
        ovr_roc_auc_macro=0.8203 | ovr_pr_auc_macro=0.2951
  -> best macro_f1 updated to 0.1361 (epoch 3)
Epoch 04/60 | Time 0m30s
  Train | loss=1.0490 | top1=68.10% | top3=86.64%
  Valid | loss=1.0258 | top1=68.15% | top3=86.18% | acc=68.83% | bal_acc=16.98% | macro_f1=0.1603 | weighted_f1=0.5895 | precision_macro=0.1934 | recall_macro=0.1698 | qwk=0.2516 | mae=0.7269
        ovr_roc_auc_macro=0.8703 | ovr_pr_auc_macro=0.3645
  -> best macro_f1 updated to 0.1603 (epoch 4)
Epoch 05/60 | Time 0m33s
  Train | loss=1.0123 | top1=69.81% | top3=89.06%
  Valid | loss=0.9944 | top1=70.19% | top3=88.94% | acc=70.95% | bal_acc=20.28% | macro_f1=0.1924 | weighted_f1=0.6349 | precision_macro=0.2238 | recall_macro=0.2028 | qwk=0.5389 | mae=0.5848
        ovr_roc_auc_macro=0.8865 | ovr_pr_auc_macro=0.4263
  -> best macro_f1 updated to 0.1924 (epoch 5)
Epoch 06/60 | Time 0m34s
  Train | loss=0.9777 | top1=72.32% | top3=91.43%
  Valid | loss=0.9640 | top1=73.08% | top3=91.35% | acc=73.94% | bal_acc=25.33% | macro_f1=0.2484 | weighted_f1=0.6798 | precision_macro=0.3886 | recall_macro=0.2533 | qwk=0.6763 | mae=0.4776
        ovr_roc_auc_macro=0.8981 | ovr_pr_auc_macro=0.4800
  -> best macro_f1 updated to 0.2484 (epoch 6)
Epoch 07/60 | Time 0m32s
  Train | loss=0.9369 | top1=75.65% | top3=93.85%
  Valid | loss=0.9260 | top1=76.92% | top3=92.91% | acc=77.93% | bal_acc=37.75% | macro_f1=0.3959 | weighted_f1=0.7431 | precision_macro=0.5078 | recall_macro=0.3775 | qwk=0.7503 | mae=0.4065
        ovr_roc_auc_macro=0.9078 | ovr_pr_auc_macro=0.5533
  -> best macro_f1 updated to 0.3959 (epoch 7)
Epoch 08/60 | Time 0m32s
  Train | loss=0.8922 | top1=79.94% | top3=95.11%
  Valid | loss=0.9080 | top1=80.05% | top3=93.51% | acc=81.17% | bal_acc=49.74% | macro_f1=0.5164 | weighted_f1=0.7886 | precision_macro=0.5700 | recall_macro=0.4974 | qwk=0.7678 | mae=0.3579
        ovr_roc_auc_macro=0.9231 | ovr_pr_auc_macro=0.6118
  -> best macro_f1 updated to 0.5164 (epoch 8)
Epoch 09/60 | Time 0m34s
  Train | loss=0.8513 | top1=83.53% | top3=96.26%
  Valid | loss=0.8845 | top1=81.85% | top3=93.99% | acc=83.04% | bal_acc=56.43% | macro_f1=0.5970 | weighted_f1=0.8130 | precision_macro=0.6509 | recall_macro=0.5643 | qwk=0.7874 | mae=0.3242
        ovr_roc_auc_macro=0.9384 | ovr_pr_auc_macro=0.6813
  -> best macro_f1 updated to 0.5970 (epoch 9)
Epoch 10/60 | Time 0m36s
  Train | loss=0.8169 | top1=85.94% | top3=97.21%
  Valid | loss=0.8643 | top1=83.41% | top3=96.27% | acc=84.66% | bal_acc=57.47% | macro_f1=0.6066 | weighted_f1=0.8321 | precision_macro=0.6545 | recall_macro=0.5747 | qwk=0.8241 | mae=0.2805
        ovr_roc_auc_macro=0.9405 | ovr_pr_auc_macro=0.7195
  -> best macro_f1 updated to 0.6066 (epoch 10)
Epoch 11/60 | Time 0m34s
  Train | loss=0.8006 | top1=87.01% | top3=97.71%
  Valid | loss=0.8884 | top1=83.89% | top3=93.99% | acc=85.16% | bal_acc=60.33% | macro_f1=0.6291 | weighted_f1=0.8386 | precision_macro=0.6756 | recall_macro=0.6033 | qwk=0.8185 | mae=0.2868
        ovr_roc_auc_macro=0.9326 | ovr_pr_auc_macro=0.7096
  -> best macro_f1 updated to 0.6291 (epoch 11)
Epoch 12/60 | Time 0m37s
  Train | loss=0.7689 | top1=89.60% | top3=98.61%
  Valid | loss=0.8896 | top1=84.74% | top3=94.47% | acc=86.03% | bal_acc=66.69% | macro_f1=0.6872 | weighted_f1=0.8509 | precision_macro=0.8195 | recall_macro=0.6669 | qwk=0.8258 | mae=0.2756
        ovr_roc_auc_macro=0.9464 | ovr_pr_auc_macro=0.7456
  -> best macro_f1 updated to 0.6872 (epoch 12)
Epoch 13/60 | Time 0m35s
  Train | loss=0.7556 | top1=90.50% | top3=98.72%
  Valid | loss=0.8503 | top1=86.54% | top3=95.91% | acc=86.03% | bal_acc=66.27% | macro_f1=0.6825 | weighted_f1=0.8522 | precision_macro=0.8114 | recall_macro=0.6627 | qwk=0.8410 | mae=0.2631
        ovr_roc_auc_macro=0.9480 | ovr_pr_auc_macro=0.7395
Epoch 14/60 | Time 0m34s
  Train | loss=0.7399 | top1=92.25% | top3=99.08%
  Valid | loss=0.8422 | top1=84.38% | top3=96.75% | acc=85.66% | bal_acc=65.06% | macro_f1=0.6925 | weighted_f1=0.8494 | precision_macro=0.8178 | recall_macro=0.6506 | qwk=0.8352 | mae=0.2706
        ovr_roc_auc_macro=0.9605 | ovr_pr_auc_macro=0.7690
  -> best macro_f1 updated to 0.6925 (epoch 14)
Epoch 15/60 | Time 0m33s
  Train | loss=0.7276 | top1=93.17% | top3=99.38%
  Valid | loss=0.8901 | top1=85.46% | top3=94.23% | acc=86.78% | bal_acc=67.79% | macro_f1=0.7096 | weighted_f1=0.8628 | precision_macro=0.8160 | recall_macro=0.6779 | qwk=0.8356 | mae=0.2581
        ovr_roc_auc_macro=0.9499 | ovr_pr_auc_macro=0.7927
  -> best macro_f1 updated to 0.7096 (epoch 15)
Epoch 16/60 | Time 0m34s
  Train | loss=0.7135 | top1=94.81% | top3=99.57%
  Valid | loss=0.8514 | top1=85.34% | top3=96.15% | acc=86.66% | bal_acc=71.31% | macro_f1=0.7546 | weighted_f1=0.8630 | precision_macro=0.8363 | recall_macro=0.7131 | qwk=0.8313 | mae=0.2618
        ovr_roc_auc_macro=0.9599 | ovr_pr_auc_macro=0.8019
  -> best macro_f1 updated to 0.7546 (epoch 16)
Epoch 17/60 | Time 0m31s
  Train | loss=0.7035 | top1=95.86% | top3=99.69%
  Valid | loss=0.8438 | top1=85.94% | top3=96.63% | acc=87.28% | bal_acc=71.85% | macro_f1=0.7518 | weighted_f1=0.8669 | precision_macro=0.8206 | recall_macro=0.7185 | qwk=0.8551 | mae=0.2382
        ovr_roc_auc_macro=0.9559 | ovr_pr_auc_macro=0.7972
Epoch 18/60 | Time 0m31s
  Train | loss=0.6985 | top1=96.17% | top3=99.76%
  Valid | loss=0.8308 | top1=87.50% | top3=96.63% | acc=87.03% | bal_acc=73.61% | macro_f1=0.7669 | weighted_f1=0.8662 | precision_macro=0.8386 | recall_macro=0.7361 | qwk=0.8366 | mae=0.2606
        ovr_roc_auc_macro=0.9619 | ovr_pr_auc_macro=0.8247
  -> best macro_f1 updated to 0.7669 (epoch 18)
Epoch 19/60 | Time 0m33s
  Train | loss=0.6903 | top1=96.88% | top3=99.85%
  Valid | loss=0.8322 | top1=87.74% | top3=96.39% | acc=87.28% | bal_acc=73.09% | macro_f1=0.7641 | weighted_f1=0.8658 | precision_macro=0.8150 | recall_macro=0.7309 | qwk=0.8394 | mae=0.2481
        ovr_roc_auc_macro=0.9595 | ovr_pr_auc_macro=0.8267
Epoch 20/60 | Time 0m29s
  Train | loss=0.6829 | top1=97.68% | top3=99.86%
  Valid | loss=0.8206 | top1=88.10% | top3=96.51% | acc=87.66% | bal_acc=75.31% | macro_f1=0.7755 | weighted_f1=0.8740 | precision_macro=0.8363 | recall_macro=0.7531 | qwk=0.8523 | mae=0.2431
        ovr_roc_auc_macro=0.9662 | ovr_pr_auc_macro=0.8114
  -> best macro_f1 updated to 0.7755 (epoch 20)
Epoch 21/60 | Time 0m34s
  Train | loss=0.6779 | top1=98.04% | top3=99.89%
  Valid | loss=0.8181 | top1=87.26% | top3=96.15% | acc=86.78% | bal_acc=73.36% | macro_f1=0.7476 | weighted_f1=0.8608 | precision_macro=0.7875 | recall_macro=0.7336 | qwk=0.8451 | mae=0.2594
        ovr_roc_auc_macro=0.9592 | ovr_pr_auc_macro=0.7988
Epoch 22/60 | Time 0m30s
  Train | loss=0.6736 | top1=98.43% | top3=99.93%
  Valid | loss=0.8027 | top1=87.86% | top3=97.12% | acc=87.41% | bal_acc=71.48% | macro_f1=0.7575 | weighted_f1=0.8698 | precision_macro=0.8349 | recall_macro=0.7148 | qwk=0.8580 | mae=0.2357
        ovr_roc_auc_macro=0.9649 | ovr_pr_auc_macro=0.8167
Epoch 23/60 | Time 0m32s
  Train | loss=0.6717 | top1=98.51% | top3=99.96%
  Valid | loss=0.8351 | top1=85.22% | top3=97.00% | acc=86.53% | bal_acc=69.88% | macro_f1=0.7403 | weighted_f1=0.8574 | precision_macro=0.8261 | recall_macro=0.6988 | qwk=0.8245 | mae=0.2631
        ovr_roc_auc_macro=0.9592 | ovr_pr_auc_macro=0.8130
Epoch 24/60 | Time 0m32s
  Train | loss=0.6678 | top1=98.92% | top3=99.93%
  Valid | loss=0.8255 | top1=89.30% | top3=96.27% | acc=88.90% | bal_acc=75.72% | macro_f1=0.8029 | weighted_f1=0.8844 | precision_macro=0.8681 | recall_macro=0.7572 | qwk=0.8487 | mae=0.2219
        ovr_roc_auc_macro=0.9652 | ovr_pr_auc_macro=0.8189
  -> best macro_f1 updated to 0.8029 (epoch 24)
Epoch 25/60 | Time 0m30s
  Train | loss=0.6671 | top1=98.79% | top3=99.97%
  Valid | loss=0.8519 | top1=86.18% | top3=96.27% | acc=87.53% | bal_acc=71.82% | macro_f1=0.7693 | weighted_f1=0.8710 | precision_macro=0.8442 | recall_macro=0.7182 | qwk=0.8175 | mae=0.2594
        ovr_roc_auc_macro=0.9595 | ovr_pr_auc_macro=0.8019
Epoch 26/60 | Time 0m35s
  Train | loss=0.6664 | top1=98.92% | top3=99.97%
  Valid | loss=0.8055 | top1=88.46% | top3=97.00% | acc=88.03% | bal_acc=75.81% | macro_f1=0.7902 | weighted_f1=0.8761 | precision_macro=0.8451 | recall_macro=0.7581 | qwk=0.8651 | mae=0.2207
        ovr_roc_auc_macro=0.9679 | ovr_pr_auc_macro=0.8370
Epoch 27/60 | Time 0m34s
  Train | loss=0.6628 | top1=99.17% | top3=99.97%
  Valid | loss=0.7958 | top1=88.70% | top3=97.00% | acc=88.28% | bal_acc=77.54% | macro_f1=0.8003 | weighted_f1=0.8790 | precision_macro=0.8471 | recall_macro=0.7754 | qwk=0.8672 | mae=0.2232
        ovr_roc_auc_macro=0.9716 | ovr_pr_auc_macro=0.8597
Epoch 28/60 | Time 0m33s
  Train | loss=0.6612 | top1=99.50% | top3=99.96%
  Valid | loss=0.8035 | top1=88.94% | top3=96.75% | acc=88.53% | bal_acc=75.08% | macro_f1=0.7818 | weighted_f1=0.8806 | precision_macro=0.8490 | recall_macro=0.7508 | qwk=0.8648 | mae=0.2195
        ovr_roc_auc_macro=0.9678 | ovr_pr_auc_macro=0.8435
Epoch 29/60 | Time 0m34s
  Train | loss=0.6600 | top1=99.42% | top3=99.97%
  Valid | loss=0.7983 | top1=87.86% | top3=97.00% | acc=87.41% | bal_acc=76.09% | macro_f1=0.7843 | weighted_f1=0.8712 | precision_macro=0.8208 | recall_macro=0.7609 | qwk=0.8346 | mae=0.2531
        ovr_roc_auc_macro=0.9692 | ovr_pr_auc_macro=0.8304
Epoch 30/60 | Time 0m34s
  Train | loss=0.6582 | top1=99.49% | top3=99.97%
  Valid | loss=0.8056 | top1=87.74% | top3=96.63% | acc=87.28% | bal_acc=74.20% | macro_f1=0.7799 | weighted_f1=0.8650 | precision_macro=0.8448 | recall_macro=0.7420 | qwk=0.8436 | mae=0.2431
        ovr_roc_auc_macro=0.9619 | ovr_pr_auc_macro=0.8311
Epoch 31/60 | Time 0m35s
  Train | loss=0.6560 | top1=99.51% | top3=100.00%
  Valid | loss=0.7912 | top1=88.94% | top3=97.00% | acc=88.53% | bal_acc=76.98% | macro_f1=0.8038 | weighted_f1=0.8802 | precision_macro=0.8570 | recall_macro=0.7698 | qwk=0.8637 | mae=0.2182
        ovr_roc_auc_macro=0.9688 | ovr_pr_auc_macro=0.8526
  -> best macro_f1 updated to 0.8038 (epoch 31)
Epoch 32/60 | Time 0m34s
  Train | loss=0.6598 | top1=99.42% | top3=99.94%
  Valid | loss=0.7957 | top1=89.18% | top3=96.88% | acc=88.78% | bal_acc=77.03% | macro_f1=0.7975 | weighted_f1=0.8827 | precision_macro=0.8422 | recall_macro=0.7703 | qwk=0.8751 | mae=0.2070
        ovr_roc_auc_macro=0.9652 | ovr_pr_auc_macro=0.8346
Epoch 33/60 | Time 0m34s
  Train | loss=0.6546 | top1=99.75% | top3=100.00%
  Valid | loss=0.7998 | top1=89.54% | top3=97.00% | acc=89.15% | bal_acc=76.71% | macro_f1=0.8030 | weighted_f1=0.8872 | precision_macro=0.8642 | recall_macro=0.7671 | qwk=0.8679 | mae=0.2095
        ovr_roc_auc_macro=0.9662 | ovr_pr_auc_macro=0.8434
Epoch 34/60 | Time 0m34s
  Train | loss=0.6543 | top1=99.71% | top3=100.00%
  Valid | loss=0.8012 | top1=90.02% | top3=96.63% | acc=89.65% | bal_acc=77.37% | macro_f1=0.8128 | weighted_f1=0.8913 | precision_macro=0.8726 | recall_macro=0.7737 | qwk=0.8659 | mae=0.2007
        ovr_roc_auc_macro=0.9680 | ovr_pr_auc_macro=0.8396
  -> best macro_f1 updated to 0.8128 (epoch 34)
Epoch 35/60 | Time 0m34s
  Train | loss=0.6536 | top1=99.72% | top3=99.99%
  Valid | loss=0.7902 | top1=89.42% | top3=97.00% | acc=89.03% | bal_acc=78.23% | macro_f1=0.8115 | weighted_f1=0.8850 | precision_macro=0.8598 | recall_macro=0.7823 | qwk=0.8777 | mae=0.2045
        ovr_roc_auc_macro=0.9647 | ovr_pr_auc_macro=0.8385
Epoch 36/60 | Time 0m35s
  Train | loss=0.6530 | top1=99.83% | top3=100.00%
  Valid | loss=0.7995 | top1=88.94% | top3=96.39% | acc=88.53% | bal_acc=77.13% | macro_f1=0.8042 | weighted_f1=0.8813 | precision_macro=0.8577 | recall_macro=0.7713 | qwk=0.8663 | mae=0.2182
        ovr_roc_auc_macro=0.9661 | ovr_pr_auc_macro=0.8385
Epoch 37/60 | Time 0m34s
  Train | loss=0.6517 | top1=99.86% | top3=99.99%
  Valid | loss=0.7916 | top1=89.42% | top3=96.88% | acc=89.03% | bal_acc=77.46% | macro_f1=0.8113 | weighted_f1=0.8862 | precision_macro=0.8645 | recall_macro=0.7746 | qwk=0.8624 | mae=0.2132
        ovr_roc_auc_macro=0.9633 | ovr_pr_auc_macro=0.8270
Epoch 38/60 | Time 0m35s
  Train | loss=0.6509 | top1=99.89% | top3=100.00%
  Valid | loss=0.7980 | top1=88.34% | top3=96.51% | acc=87.91% | bal_acc=77.74% | macro_f1=0.7915 | weighted_f1=0.8742 | precision_macro=0.8142 | recall_macro=0.7774 | qwk=0.8734 | mae=0.2195
        ovr_roc_auc_macro=0.9600 | ovr_pr_auc_macro=0.8231
Epoch 39/60 | Time 0m35s
  Train | loss=0.6511 | top1=99.83% | top3=99.99%
  Valid | loss=0.8047 | top1=88.22% | top3=96.39% | acc=87.78% | bal_acc=76.61% | macro_f1=0.7870 | weighted_f1=0.8739 | precision_macro=0.8168 | recall_macro=0.7661 | qwk=0.8647 | mae=0.2244
        ovr_roc_auc_macro=0.9593 | ovr_pr_auc_macro=0.8222
Epoch 40/60 | Time 0m34s
  Train | loss=0.6511 | top1=99.89% | top3=100.00%
  Valid | loss=0.7907 | top1=88.94% | top3=96.88% | acc=88.53% | bal_acc=77.51% | macro_f1=0.8003 | weighted_f1=0.8820 | precision_macro=0.8341 | recall_macro=0.7751 | qwk=0.8783 | mae=0.2045
        ovr_roc_auc_macro=0.9673 | ovr_pr_auc_macro=0.8317
Epoch 41/60 | Time 0m30s
  Train | loss=0.6505 | top1=99.81% | top3=100.00%
  Valid | loss=0.8019 | top1=89.06% | top3=96.88% | acc=88.65% | bal_acc=77.78% | macro_f1=0.8081 | weighted_f1=0.8821 | precision_macro=0.8495 | recall_macro=0.7778 | qwk=0.8650 | mae=0.2120
        ovr_roc_auc_macro=0.9651 | ovr_pr_auc_macro=0.8348
Epoch 42/60 | Time 0m30s
  Train | loss=0.6498 | top1=99.85% | top3=100.00%
  Valid | loss=0.7926 | top1=89.90% | top3=96.75% | acc=89.53% | bal_acc=79.49% | macro_f1=0.8265 | weighted_f1=0.8921 | precision_macro=0.8715 | recall_macro=0.7949 | qwk=0.8779 | mae=0.1945
        ovr_roc_auc_macro=0.9651 | ovr_pr_auc_macro=0.8403
  -> best macro_f1 updated to 0.8265 (epoch 42)
Epoch 43/60 | Time 0m32s
  Train | loss=0.6498 | top1=99.92% | top3=99.99%
  Valid | loss=0.8008 | top1=89.06% | top3=96.88% | acc=88.65% | bal_acc=77.59% | macro_f1=0.8120 | weighted_f1=0.8827 | precision_macro=0.8630 | recall_macro=0.7759 | qwk=0.8639 | mae=0.2132
        ovr_roc_auc_macro=0.9674 | ovr_pr_auc_macro=0.8378
Epoch 44/60 | Time 0m33s
  Train | loss=0.6499 | top1=99.90% | top3=99.99%
  Valid | loss=0.7926 | top1=89.06% | top3=97.12% | acc=88.65% | bal_acc=78.82% | macro_f1=0.8139 | weighted_f1=0.8834 | precision_macro=0.8520 | recall_macro=0.7882 | qwk=0.8724 | mae=0.2120
        ovr_roc_auc_macro=0.9708 | ovr_pr_auc_macro=0.8485
Epoch 45/60 | Time 0m29s
  Train | loss=0.6504 | top1=99.89% | top3=99.97%
  Valid | loss=0.8133 | top1=88.34% | top3=96.63% | acc=87.91% | bal_acc=76.52% | macro_f1=0.7993 | weighted_f1=0.8740 | precision_macro=0.8509 | recall_macro=0.7652 | qwk=0.8523 | mae=0.2307
        ovr_roc_auc_macro=0.9617 | ovr_pr_auc_macro=0.8302
Epoch 46/60 | Time 0m34s
  Train | loss=0.6501 | top1=99.89% | top3=99.96%
  Valid | loss=0.7891 | top1=89.30% | top3=97.00% | acc=88.90% | bal_acc=77.85% | macro_f1=0.8126 | weighted_f1=0.8844 | precision_macro=0.8645 | recall_macro=0.7785 | qwk=0.8721 | mae=0.2057
        ovr_roc_auc_macro=0.9689 | ovr_pr_auc_macro=0.8521
Epoch 47/60 | Time 0m35s
  Train | loss=0.6487 | top1=99.96% | top3=100.00%
  Valid | loss=0.7834 | top1=89.54% | top3=97.00% | acc=89.15% | bal_acc=78.24% | macro_f1=0.8153 | weighted_f1=0.8872 | precision_macro=0.8660 | recall_macro=0.7824 | qwk=0.8772 | mae=0.1983
        ovr_roc_auc_macro=0.9719 | ovr_pr_auc_macro=0.8445
Epoch 48/60 | Time 0m35s
  Train | loss=0.6486 | top1=99.93% | top3=99.99%
  Valid | loss=0.7923 | top1=89.30% | top3=96.39% | acc=88.90% | bal_acc=77.14% | macro_f1=0.8103 | weighted_f1=0.8837 | precision_macro=0.8703 | recall_macro=0.7714 | qwk=0.8743 | mae=0.2020
        ovr_roc_auc_macro=0.9679 | ovr_pr_auc_macro=0.8409
Epoch 49/60 | Time 0m33s
  Train | loss=0.6482 | top1=99.97% | top3=100.00%
  Valid | loss=0.7838 | top1=89.54% | top3=96.75% | acc=89.15% | bal_acc=78.19% | macro_f1=0.8156 | weighted_f1=0.8878 | precision_macro=0.8660 | recall_macro=0.7819 | qwk=0.8703 | mae=0.2032
        ovr_roc_auc_macro=0.9728 | ovr_pr_auc_macro=0.8409
Epoch 50/60 | Time 0m36s
  Train | loss=0.6481 | top1=99.94% | top3=100.00%
  Valid | loss=0.7893 | top1=89.54% | top3=97.00% | acc=89.15% | bal_acc=78.17% | macro_f1=0.8155 | weighted_f1=0.8870 | precision_macro=0.8652 | recall_macro=0.7817 | qwk=0.8762 | mae=0.1983
        ovr_roc_auc_macro=0.9646 | ovr_pr_auc_macro=0.8369
Epoch 51/60 | Time 0m36s
  Train | loss=0.6481 | top1=99.92% | top3=100.00%
  Valid | loss=0.7901 | top1=89.54% | top3=96.75% | acc=89.15% | bal_acc=78.19% | macro_f1=0.8146 | weighted_f1=0.8878 | precision_macro=0.8628 | recall_macro=0.7819 | qwk=0.8740 | mae=0.1995
        ovr_roc_auc_macro=0.9701 | ovr_pr_auc_macro=0.8389
Epoch 52/60 | Time 0m35s
  Train | loss=0.6479 | top1=99.94% | top3=100.00%
  Valid | loss=0.7882 | top1=89.42% | top3=97.00% | acc=89.03% | bal_acc=77.94% | macro_f1=0.8104 | weighted_f1=0.8863 | precision_macro=0.8551 | recall_macro=0.7794 | qwk=0.8683 | mae=0.2070
        ovr_roc_auc_macro=0.9697 | ovr_pr_auc_macro=0.8401
Epoch 53/60 | Time 0m34s
  Train | loss=0.6478 | top1=99.97% | top3=100.00%
  Valid | loss=0.7847 | top1=89.54% | top3=97.00% | acc=89.15% | bal_acc=77.92% | macro_f1=0.8129 | weighted_f1=0.8875 | precision_macro=0.8619 | recall_macro=0.7792 | qwk=0.8719 | mae=0.2020
        ovr_roc_auc_macro=0.9680 | ovr_pr_auc_macro=0.8393
Epoch 54/60 | Time 0m35s
  Train | loss=0.6480 | top1=99.93% | top3=100.00%
  Valid | loss=0.7853 | top1=89.18% | top3=96.88% | acc=88.78% | bal_acc=78.34% | macro_f1=0.8146 | weighted_f1=0.8836 | precision_macro=0.8612 | recall_macro=0.7834 | qwk=0.8696 | mae=0.2095
        ovr_roc_auc_macro=0.9677 | ovr_pr_auc_macro=0.8397
Epoch 55/60 | Time 0m35s
  Train | loss=0.6478 | top1=99.97% | top3=100.00%
  Valid | loss=0.7858 | top1=89.54% | top3=96.88% | acc=89.15% | bal_acc=78.05% | macro_f1=0.8151 | weighted_f1=0.8874 | precision_macro=0.8681 | recall_macro=0.7805 | qwk=0.8723 | mae=0.2032
        ovr_roc_auc_macro=0.9709 | ovr_pr_auc_macro=0.8419
Epoch 56/60 | Time 0m35s
  Train | loss=0.6474 | top1=100.00% | top3=100.00%
  Valid | loss=0.7879 | top1=89.30% | top3=96.88% | acc=88.90% | bal_acc=77.66% | macro_f1=0.8118 | weighted_f1=0.8839 | precision_macro=0.8662 | recall_macro=0.7766 | qwk=0.8760 | mae=0.2020
        ovr_roc_auc_macro=0.9675 | ovr_pr_auc_macro=0.8404
Epoch 57/60 | Time 0m35s
  Train | loss=0.6476 | top1=99.97% | top3=100.00%
  Valid | loss=0.7947 | top1=89.78% | top3=96.75% | acc=89.40% | bal_acc=77.63% | macro_f1=0.8204 | weighted_f1=0.8890 | precision_macro=0.8878 | recall_macro=0.7763 | qwk=0.8771 | mae=0.1933
        ovr_roc_auc_macro=0.9657 | ovr_pr_auc_macro=0.8375
  -> early stopping triggered at epoch 57

[TEST] loss=dast
  Test | loss=0.7948 | top1=88.89% | top3=97.02% | acc=88.82% | bal_acc=76.16% | macro_f1=0.8016 | weighted_f1=0.8846 | precision_macro=0.8526 | recall_macro=0.7616 | qwk=0.8842 | mae=0.1992
        ovr_roc_auc_macro=0.9681 | ovr_pr_auc_macro=0.8598
  Confusion Matrix:
[[  45    5   11    0    3    1    0]
 [   2   89    2    1    1    8    0]
 [   5    5  174    1   14   21    0]
 [   0    1    2   14    3    3    0]
 [   1    1    9    1  139   72    0]
 [   3    3   10    0   29 1296    0]
 [   0    1    0    0    0    5   22]]
  Classification Report:
              precision    recall  f1-score   support

       akiec     0.8036    0.6923    0.7438        65
         bcc     0.8476    0.8641    0.8558       103
         bkl     0.8365    0.7909    0.8131       220
          df     0.8235    0.6087    0.7000        23
         mel     0.7354    0.6233    0.6748       223
          nv     0.9218    0.9664    0.9436      1341
        vasc     1.0000    0.7857    0.8800        28

    accuracy                         0.8882      2003
   macro avg     0.8526    0.7616    0.8016      2003
weighted avg     0.8840    0.8882    0.8846      2003


==========================================================================================
Summary CSV saved: E:\Paper\Computer-Vision-for-Medicine\HAM10000_Loss\logs\ResNet_baseline_20260409_193416_summary.csv
Top results by test_macro_f1:
  ce: macro_f1=0.8211, acc=89.37%, bal_acc=80.81%
  dast: macro_f1=0.8016, acc=88.82%, bal_acc=76.16%
Log file saved: E:\Paper\Computer-Vision-for-Medicine\HAM10000_Loss\logs\ResNet_baseline_20260409_193416.log
==========================================================================================
