==========================================================================================
Script: ResNet_layer3+MECS
Module: MECS | Insert after: layer3
Device: cuda
CUDA: NVIDIA GeForce RTX 4080 SUPER
Data dir: E:\Paper\Computer-Vision-for-Medicine\ISIC
Config | batch_size=16, epochs=50, num_workers=2, image_size=224, base_lr=0.0001, patience=15
Losses to run: ['dast']
==========================================================================================
Split sizes | train=7210, valid=802, test=2003
Classes (7): ['akiec', 'bcc', 'bkl', 'df', 'mel', 'nv', 'vasc']
Train class counts: [262, 411, 879, 92, 890, 5364, 114]
Loading torchvision ResNet50 pretrained weights once...
Pretrained state keys: 320

##########################################################################################
Starting loss: dast
##########################################################################################
Model params: 27,309,383 | pretrained loaded: 320/344 | feat_dim=2048
Criterion: DistanceAwareSoftTargetLoss
Criterion trainable params: 0
Epoch 01/50 | Time 0m35s
  Train | loss=1.4184 | top1=56.17% | top3=77.85%
  Valid | loss=1.2436 | top1=66.54% | top3=82.23% | acc=66.83% | bal_acc=14.39% | macro_f1=0.1180 | weighted_f1=0.5418 | precision_macro=0.1145 | recall_macro=0.1439 | qwk=0.0120 | mae=0.8429
        ovr_roc_auc_macro=0.7192 | ovr_pr_auc_macro=0.2468
  -> best macro_f1 updated to 0.1180 (epoch 1)
Epoch 02/50 | Time 0m36s
  Train | loss=1.1289 | top1=67.08% | top3=83.14%
  Valid | loss=1.0584 | top1=67.03% | top3=83.70% | acc=67.33% | bal_acc=14.77% | macro_f1=0.1246 | weighted_f1=0.5489 | precision_macro=0.1765 | recall_macro=0.1477 | qwk=0.0631 | mae=0.8167
        ovr_roc_auc_macro=0.7870 | ovr_pr_auc_macro=0.2986
  -> best macro_f1 updated to 0.1246 (epoch 2)
Epoch 03/50 | Time 0m34s
  Train | loss=1.0471 | top1=67.67% | top3=85.51%
  Valid | loss=1.0158 | top1=68.26% | top3=85.29% | acc=68.58% | bal_acc=16.80% | macro_f1=0.1531 | weighted_f1=0.5851 | precision_macro=0.2331 | recall_macro=0.1680 | qwk=0.3626 | mae=0.6870
        ovr_roc_auc_macro=0.8339 | ovr_pr_auc_macro=0.3214
  -> best macro_f1 updated to 0.1531 (epoch 3)
Epoch 04/50 | Time 0m34s
  Train | loss=1.0149 | top1=69.28% | top3=88.74%
  Valid | loss=0.9822 | top1=70.59% | top3=90.44% | acc=70.95% | bal_acc=20.16% | macro_f1=0.1819 | weighted_f1=0.6237 | precision_macro=0.2152 | recall_macro=0.2016 | qwk=0.5523 | mae=0.5723
        ovr_roc_auc_macro=0.8703 | ovr_pr_auc_macro=0.3436
  -> best macro_f1 updated to 0.1819 (epoch 4)
Epoch 05/50 | Time 0m35s
  Train | loss=0.9811 | top1=71.64% | top3=92.11%
  Valid | loss=0.9470 | top1=74.02% | top3=92.65% | acc=74.44% | bal_acc=25.61% | macro_f1=0.2436 | weighted_f1=0.6909 | precision_macro=0.2599 | recall_macro=0.2561 | qwk=0.6844 | mae=0.4713
        ovr_roc_auc_macro=0.8919 | ovr_pr_auc_macro=0.3926
  -> best macro_f1 updated to 0.2436 (epoch 5)
Epoch 06/50 | Time 0m35s
  Train | loss=0.9398 | top1=75.28% | top3=93.90%
  Valid | loss=0.9214 | top1=77.57% | top3=93.26% | acc=78.05% | bal_acc=35.80% | macro_f1=0.3500 | weighted_f1=0.7422 | precision_macro=0.3559 | recall_macro=0.3580 | qwk=0.7481 | mae=0.3965
        ovr_roc_auc_macro=0.9097 | ovr_pr_auc_macro=0.4846
  -> best macro_f1 updated to 0.3500 (epoch 6)
Epoch 07/50 | Time 0m35s
  Train | loss=0.9057 | top1=78.31% | top3=94.33%
  Valid | loss=0.9063 | top1=79.41% | top3=94.24% | acc=79.93% | bal_acc=41.49% | macro_f1=0.4357 | weighted_f1=0.7666 | precision_macro=0.5327 | recall_macro=0.4149 | qwk=0.7502 | mae=0.3716
        ovr_roc_auc_macro=0.9213 | ovr_pr_auc_macro=0.5463
  -> best macro_f1 updated to 0.4357 (epoch 7)
Epoch 08/50 | Time 0m33s
  Train | loss=0.8740 | top1=80.56% | top3=95.58%
  Valid | loss=0.8798 | top1=81.13% | top3=94.12% | acc=81.67% | bal_acc=50.08% | macro_f1=0.5258 | weighted_f1=0.7963 | precision_macro=0.6082 | recall_macro=0.5008 | qwk=0.8024 | mae=0.3304
        ovr_roc_auc_macro=0.9308 | ovr_pr_auc_macro=0.6000
  -> best macro_f1 updated to 0.5258 (epoch 8)
Epoch 09/50 | Time 0m34s
  Train | loss=0.8546 | top1=82.56% | top3=95.56%
  Valid | loss=0.9081 | top1=81.99% | top3=95.22% | acc=82.54% | bal_acc=52.17% | macro_f1=0.5572 | weighted_f1=0.8101 | precision_macro=0.6209 | recall_macro=0.5217 | qwk=0.8056 | mae=0.3142
        ovr_roc_auc_macro=0.9230 | ovr_pr_auc_macro=0.6468
  -> best macro_f1 updated to 0.5572 (epoch 9)
Epoch 10/50 | Time 0m34s
  Train | loss=0.8338 | top1=84.24% | top3=96.58%
  Valid | loss=0.8745 | top1=82.48% | top3=94.49% | acc=83.04% | bal_acc=57.64% | macro_f1=0.5961 | weighted_f1=0.8154 | precision_macro=0.6274 | recall_macro=0.5764 | qwk=0.8024 | mae=0.3229
        ovr_roc_auc_macro=0.9296 | ovr_pr_auc_macro=0.6615
  -> best macro_f1 updated to 0.5961 (epoch 10)
Epoch 11/50 | Time 0m35s
  Train | loss=0.8121 | top1=86.06% | top3=97.21%
  Valid | loss=0.9140 | top1=80.39% | top3=93.75% | acc=80.92% | bal_acc=54.87% | macro_f1=0.5937 | weighted_f1=0.7919 | precision_macro=0.7707 | recall_macro=0.5487 | qwk=0.7745 | mae=0.3641
        ovr_roc_auc_macro=0.9265 | ovr_pr_auc_macro=0.6971
Epoch 12/50 | Time 0m35s
  Train | loss=0.7942 | top1=87.17% | top3=97.81%
  Valid | loss=0.8757 | top1=84.31% | top3=94.24% | acc=84.91% | bal_acc=64.92% | macro_f1=0.6687 | weighted_f1=0.8422 | precision_macro=0.7933 | recall_macro=0.6492 | qwk=0.8184 | mae=0.2905
        ovr_roc_auc_macro=0.9383 | ovr_pr_auc_macro=0.7563
  -> best macro_f1 updated to 0.6687 (epoch 12)
Epoch 13/50 | Time 0m35s
  Train | loss=0.7794 | top1=88.69% | top3=98.26%
  Valid | loss=0.8696 | top1=84.31% | top3=94.73% | acc=84.91% | bal_acc=69.71% | macro_f1=0.7327 | weighted_f1=0.8424 | precision_macro=0.8082 | recall_macro=0.6971 | qwk=0.8213 | mae=0.2930
        ovr_roc_auc_macro=0.9448 | ovr_pr_auc_macro=0.7892
  -> best macro_f1 updated to 0.7327 (epoch 13)
Epoch 14/50 | Time 0m36s
  Train | loss=0.7679 | top1=89.58% | top3=98.43%
  Valid | loss=0.8715 | top1=83.95% | top3=95.10% | acc=84.54% | bal_acc=66.51% | macro_f1=0.6970 | weighted_f1=0.8328 | precision_macro=0.8094 | recall_macro=0.6651 | qwk=0.8286 | mae=0.2880
        ovr_roc_auc_macro=0.9336 | ovr_pr_auc_macro=0.7736
Epoch 15/50 | Time 0m35s
  Train | loss=0.7582 | top1=90.90% | top3=98.62%
  Valid | loss=0.8822 | top1=84.31% | top3=94.61% | acc=84.91% | bal_acc=66.60% | macro_f1=0.7112 | weighted_f1=0.8389 | precision_macro=0.8128 | recall_macro=0.6660 | qwk=0.7952 | mae=0.3030
        ovr_roc_auc_macro=0.9288 | ovr_pr_auc_macro=0.7824
Epoch 16/50 | Time 0m36s
  Train | loss=0.7384 | top1=92.07% | top3=99.15%
  Valid | loss=0.8715 | top1=84.31% | top3=94.49% | acc=84.91% | bal_acc=67.24% | macro_f1=0.7160 | weighted_f1=0.8393 | precision_macro=0.8049 | recall_macro=0.6724 | qwk=0.8254 | mae=0.2855
        ovr_roc_auc_macro=0.9539 | ovr_pr_auc_macro=0.8025
Epoch 17/50 | Time 0m35s
  Train | loss=0.7355 | top1=92.44% | top3=99.07%
  Valid | loss=0.8690 | top1=83.70% | top3=94.73% | acc=84.29% | bal_acc=70.29% | macro_f1=0.7324 | weighted_f1=0.8319 | precision_macro=0.7740 | recall_macro=0.7029 | qwk=0.7954 | mae=0.3105
        ovr_roc_auc_macro=0.9442 | ovr_pr_auc_macro=0.7916
Epoch 18/50 | Time 0m35s
  Train | loss=0.7267 | top1=93.51% | top3=99.24%
  Valid | loss=0.8347 | top1=85.54% | top3=96.32% | acc=86.16% | bal_acc=74.26% | macro_f1=0.7711 | weighted_f1=0.8575 | precision_macro=0.8197 | recall_macro=0.7426 | qwk=0.8411 | mae=0.2618
        ovr_roc_auc_macro=0.9581 | ovr_pr_auc_macro=0.8290
  -> best macro_f1 updated to 0.7711 (epoch 18)
Epoch 19/50 | Time 0m35s
  Train | loss=0.7155 | top1=94.19% | top3=99.44%
  Valid | loss=0.8562 | top1=85.78% | top3=95.47% | acc=86.41% | bal_acc=76.24% | macro_f1=0.7787 | weighted_f1=0.8577 | precision_macro=0.8064 | recall_macro=0.7624 | qwk=0.8404 | mae=0.2618
        ovr_roc_auc_macro=0.9488 | ovr_pr_auc_macro=0.8064
  -> best macro_f1 updated to 0.7787 (epoch 19)
Epoch 20/50 | Time 0m35s
  Train | loss=0.7016 | top1=95.33% | top3=99.65%
  Valid | loss=0.8533 | top1=84.80% | top3=95.96% | acc=85.41% | bal_acc=70.16% | macro_f1=0.7402 | weighted_f1=0.8470 | precision_macro=0.8037 | recall_macro=0.7016 | qwk=0.8312 | mae=0.2743
        ovr_roc_auc_macro=0.9507 | ovr_pr_auc_macro=0.7970
Epoch 21/50 | Time 0m35s
  Train | loss=0.6982 | top1=95.86% | top3=99.51%
  Valid | loss=0.8794 | top1=82.72% | top3=95.22% | acc=83.29% | bal_acc=66.93% | macro_f1=0.7030 | weighted_f1=0.8303 | precision_macro=0.7579 | recall_macro=0.6693 | qwk=0.8001 | mae=0.3204
        ovr_roc_auc_macro=0.9386 | ovr_pr_auc_macro=0.7431
Epoch 22/50 | Time 0m34s
  Train | loss=0.6944 | top1=96.08% | top3=99.72%
  Valid | loss=0.8505 | top1=85.78% | top3=94.98% | acc=86.41% | bal_acc=73.44% | macro_f1=0.7663 | weighted_f1=0.8575 | precision_macro=0.8144 | recall_macro=0.7344 | qwk=0.8339 | mae=0.2693
        ovr_roc_auc_macro=0.9488 | ovr_pr_auc_macro=0.7838
Epoch 23/50 | Time 0m35s
  Train | loss=0.6870 | top1=96.71% | top3=99.69%
  Valid | loss=0.8348 | top1=85.78% | top3=96.08% | acc=86.41% | bal_acc=71.80% | macro_f1=0.7528 | weighted_f1=0.8600 | precision_macro=0.8201 | recall_macro=0.7180 | qwk=0.8529 | mae=0.2531
        ovr_roc_auc_macro=0.9554 | ovr_pr_auc_macro=0.7981
Epoch 24/50 | Time 0m34s
  Train | loss=0.6857 | top1=96.89% | top3=99.79%
  Valid | loss=0.8406 | top1=86.89% | top3=95.96% | acc=87.53% | bal_acc=80.97% | macro_f1=0.8066 | weighted_f1=0.8745 | precision_macro=0.8073 | recall_macro=0.8097 | qwk=0.8616 | mae=0.2406
        ovr_roc_auc_macro=0.9611 | ovr_pr_auc_macro=0.8230
  -> best macro_f1 updated to 0.8066 (epoch 24)
Epoch 25/50 | Time 0m35s
  Train | loss=0.6863 | top1=97.04% | top3=99.76%
  Valid | loss=0.8439 | top1=85.78% | top3=96.08% | acc=85.54% | bal_acc=73.98% | macro_f1=0.7598 | weighted_f1=0.8495 | precision_macro=0.8163 | recall_macro=0.7398 | qwk=0.8376 | mae=0.2781
        ovr_roc_auc_macro=0.9565 | ovr_pr_auc_macro=0.8091
Epoch 26/50 | Time 0m34s
  Train | loss=0.6790 | top1=97.46% | top3=99.85%
  Valid | loss=0.8559 | top1=84.80% | top3=95.83% | acc=85.41% | bal_acc=69.46% | macro_f1=0.7351 | weighted_f1=0.8479 | precision_macro=0.8199 | recall_macro=0.6946 | qwk=0.8355 | mae=0.2743
        ovr_roc_auc_macro=0.9433 | ovr_pr_auc_macro=0.7835
Epoch 27/50 | Time 0m35s
  Train | loss=0.6747 | top1=97.83% | top3=99.79%
  Valid | loss=0.8371 | top1=87.38% | top3=96.20% | acc=87.16% | bal_acc=77.75% | macro_f1=0.7973 | weighted_f1=0.8685 | precision_macro=0.8211 | recall_macro=0.7775 | qwk=0.8424 | mae=0.2544
        ovr_roc_auc_macro=0.9564 | ovr_pr_auc_macro=0.8269
Epoch 28/50 | Time 0m35s
  Train | loss=0.6706 | top1=98.17% | top3=99.89%
  Valid | loss=0.8299 | top1=86.76% | top3=95.96% | acc=87.41% | bal_acc=76.26% | macro_f1=0.7993 | weighted_f1=0.8641 | precision_macro=0.8623 | recall_macro=0.7626 | qwk=0.8604 | mae=0.2344
        ovr_roc_auc_macro=0.9484 | ovr_pr_auc_macro=0.8125
Epoch 29/50 | Time 0m35s
  Train | loss=0.6677 | top1=98.44% | top3=99.92%
  Valid | loss=0.8436 | top1=86.40% | top3=95.22% | acc=87.03% | bal_acc=73.10% | macro_f1=0.7633 | weighted_f1=0.8637 | precision_macro=0.8158 | recall_macro=0.7310 | qwk=0.8430 | mae=0.2544
        ovr_roc_auc_macro=0.9539 | ovr_pr_auc_macro=0.8209
Epoch 30/50 | Time 0m36s
  Train | loss=0.6666 | top1=98.49% | top3=99.90%
  Valid | loss=0.8428 | top1=85.42% | top3=95.71% | acc=86.03% | bal_acc=75.59% | macro_f1=0.7700 | weighted_f1=0.8596 | precision_macro=0.7916 | recall_macro=0.7559 | qwk=0.8196 | mae=0.2793
        ovr_roc_auc_macro=0.9597 | ovr_pr_auc_macro=0.8367
Epoch 31/50 | Time 0m35s
  Train | loss=0.6615 | top1=98.96% | top3=99.92%
  Valid | loss=0.8168 | top1=89.09% | top3=96.20% | acc=88.90% | bal_acc=77.76% | macro_f1=0.8070 | weighted_f1=0.8840 | precision_macro=0.8653 | recall_macro=0.7776 | qwk=0.8712 | mae=0.2107
        ovr_roc_auc_macro=0.9524 | ovr_pr_auc_macro=0.8185
  -> best macro_f1 updated to 0.8070 (epoch 31)
Epoch 32/50 | Time 0m34s
  Train | loss=0.6653 | top1=98.67% | top3=99.85%
  Valid | loss=0.8410 | top1=86.64% | top3=95.47% | acc=86.41% | bal_acc=73.66% | macro_f1=0.7681 | weighted_f1=0.8578 | precision_macro=0.8148 | recall_macro=0.7366 | qwk=0.8218 | mae=0.2693
        ovr_roc_auc_macro=0.9487 | ovr_pr_auc_macro=0.8070
Epoch 33/50 | Time 0m34s
  Train | loss=0.6608 | top1=98.96% | top3=99.92%
  Valid | loss=0.8495 | top1=86.03% | top3=94.73% | acc=86.66% | bal_acc=73.48% | macro_f1=0.7766 | weighted_f1=0.8581 | precision_macro=0.8430 | recall_macro=0.7348 | qwk=0.8477 | mae=0.2494
        ovr_roc_auc_macro=0.9459 | ovr_pr_auc_macro=0.7989
Epoch 34/50 | Time 0m35s
  Train | loss=0.6578 | top1=99.08% | top3=99.96%
  Valid | loss=0.8277 | top1=86.76% | top3=95.71% | acc=87.41% | bal_acc=74.62% | macro_f1=0.7803 | weighted_f1=0.8695 | precision_macro=0.8292 | recall_macro=0.7462 | qwk=0.8597 | mae=0.2357
        ovr_roc_auc_macro=0.9585 | ovr_pr_auc_macro=0.8210
Epoch 35/50 | Time 0m33s
  Train | loss=0.6560 | top1=99.31% | top3=100.00%
  Valid | loss=0.8389 | top1=85.54% | top3=95.96% | acc=86.16% | bal_acc=74.32% | macro_f1=0.7725 | weighted_f1=0.8575 | precision_macro=0.8219 | recall_macro=0.7432 | qwk=0.8332 | mae=0.2681
        ovr_roc_auc_macro=0.9551 | ovr_pr_auc_macro=0.8027
Epoch 36/50 | Time 0m35s
  Train | loss=0.6560 | top1=99.36% | top3=99.96%
  Valid | loss=0.8482 | top1=85.78% | top3=94.85% | acc=86.41% | bal_acc=74.13% | macro_f1=0.7782 | weighted_f1=0.8573 | precision_macro=0.8375 | recall_macro=0.7413 | qwk=0.8499 | mae=0.2494
        ovr_roc_auc_macro=0.9502 | ovr_pr_auc_macro=0.8101
Epoch 37/50 | Time 0m35s
  Train | loss=0.6566 | top1=99.40% | top3=99.93%
  Valid | loss=0.8344 | top1=86.64% | top3=96.08% | acc=87.28% | bal_acc=75.49% | macro_f1=0.7900 | weighted_f1=0.8683 | precision_macro=0.8395 | recall_macro=0.7549 | qwk=0.8676 | mae=0.2282
        ovr_roc_auc_macro=0.9532 | ovr_pr_auc_macro=0.8142
Epoch 38/50 | Time 0m35s
  Train | loss=0.6538 | top1=99.49% | top3=99.99%
  Valid | loss=0.8279 | top1=86.89% | top3=96.32% | acc=87.53% | bal_acc=77.32% | macro_f1=0.7894 | weighted_f1=0.8724 | precision_macro=0.8236 | recall_macro=0.7732 | qwk=0.8553 | mae=0.2406
        ovr_roc_auc_macro=0.9551 | ovr_pr_auc_macro=0.8164
Epoch 39/50 | Time 0m35s
  Train | loss=0.6514 | top1=99.68% | top3=100.00%
  Valid | loss=0.8232 | top1=87.50% | top3=96.32% | acc=87.28% | bal_acc=75.51% | macro_f1=0.7891 | weighted_f1=0.8690 | precision_macro=0.8412 | recall_macro=0.7551 | qwk=0.8520 | mae=0.2431
        ovr_roc_auc_macro=0.9579 | ovr_pr_auc_macro=0.8237
Epoch 40/50 | Time 0m35s
  Train | loss=0.6519 | top1=99.61% | top3=99.96%
  Valid | loss=0.8175 | top1=87.99% | top3=96.20% | acc=87.78% | bal_acc=77.18% | macro_f1=0.7935 | weighted_f1=0.8751 | precision_macro=0.8279 | recall_macro=0.7718 | qwk=0.8511 | mae=0.2394
        ovr_roc_auc_macro=0.9585 | ovr_pr_auc_macro=0.8265
Epoch 41/50 | Time 0m35s
  Train | loss=0.6527 | top1=99.49% | top3=99.97%
  Valid | loss=0.8161 | top1=86.89% | top3=95.96% | acc=87.53% | bal_acc=75.43% | macro_f1=0.7876 | weighted_f1=0.8695 | precision_macro=0.8394 | recall_macro=0.7543 | qwk=0.8585 | mae=0.2332
        ovr_roc_auc_macro=0.9585 | ovr_pr_auc_macro=0.8291
Epoch 42/50 | Time 0m35s
  Train | loss=0.6506 | top1=99.76% | top3=100.00%
  Valid | loss=0.8207 | top1=88.48% | top3=96.08% | acc=88.28% | bal_acc=77.71% | macro_f1=0.8005 | weighted_f1=0.8802 | precision_macro=0.8419 | recall_macro=0.7771 | qwk=0.8726 | mae=0.2195
        ovr_roc_auc_macro=0.9598 | ovr_pr_auc_macro=0.8365
Epoch 43/50 | Time 0m34s
  Train | loss=0.6507 | top1=99.65% | top3=99.99%
  Valid | loss=0.8149 | top1=87.25% | top3=96.20% | acc=87.91% | bal_acc=76.89% | macro_f1=0.7991 | weighted_f1=0.8751 | precision_macro=0.8446 | recall_macro=0.7689 | qwk=0.8582 | mae=0.2344
        ovr_roc_auc_macro=0.9596 | ovr_pr_auc_macro=0.8422
Epoch 44/50 | Time 0m35s
  Train | loss=0.6506 | top1=99.72% | top3=99.99%
  Valid | loss=0.8230 | top1=87.99% | top3=96.20% | acc=87.78% | bal_acc=76.93% | macro_f1=0.7970 | weighted_f1=0.8746 | precision_macro=0.8405 | recall_macro=0.7693 | qwk=0.8528 | mae=0.2394
        ovr_roc_auc_macro=0.9568 | ovr_pr_auc_macro=0.8255
Epoch 45/50 | Time 0m35s
  Train | loss=0.6498 | top1=99.82% | top3=99.97%
  Valid | loss=0.8277 | top1=88.11% | top3=95.71% | acc=87.91% | bal_acc=76.03% | macro_f1=0.7965 | weighted_f1=0.8740 | precision_macro=0.8515 | recall_macro=0.7603 | qwk=0.8597 | mae=0.2307
        ovr_roc_auc_macro=0.9494 | ovr_pr_auc_macro=0.8084
Epoch 46/50 | Time 0m35s
  Train | loss=0.6496 | top1=99.88% | top3=100.00%
  Valid | loss=0.8176 | top1=87.99% | top3=96.32% | acc=87.78% | bal_acc=76.76% | macro_f1=0.7978 | weighted_f1=0.8725 | precision_macro=0.8433 | recall_macro=0.7676 | qwk=0.8599 | mae=0.2307
        ovr_roc_auc_macro=0.9554 | ovr_pr_auc_macro=0.8243
  -> early stopping triggered at epoch 46

[TEST] loss=dast
  Test | loss=0.8111 | top1=88.10% | top3=96.08% | acc=88.02% | bal_acc=76.63% | macro_f1=0.7904 | weighted_f1=0.8756 | precision_macro=0.8323 | recall_macro=0.7663 | qwk=0.8695 | mae=0.2242
        ovr_roc_auc_macro=0.9542 | ovr_pr_auc_macro=0.8264
  Confusion Matrix:
[[  49    4    7    0    3    2    0]
 [   4   82    5    0    3    8    1]
 [   6    4  176    0    9   25    0]
 [   1    0    4   13    3    2    0]
 [   4    1   23    0  124   69    2]
 [   1    2   16    1   26 1293    2]
 [   0    0    0    0    0    2   26]]
  Classification Report:
              precision    recall  f1-score   support

       akiec     0.7538    0.7538    0.7538        65
         bcc     0.8817    0.7961    0.8367       103
         bkl     0.7619    0.8000    0.7805       220
          df     0.9286    0.5652    0.7027        23
         mel     0.7381    0.5561    0.6343       223
          nv     0.9229    0.9642    0.9431      1341
        vasc     0.8387    0.9286    0.8814        28

    accuracy                         0.8802      2003
   macro avg     0.8323    0.7663    0.7904      2003
weighted avg     0.8759    0.8802    0.8756      2003


==========================================================================================
Summary CSV saved: E:\Paper\Computer-Vision-for-Medicine\HAM10000_Loss\logs\ResNet_layer3+MECS_20260410_001403_summary.csv
Top results by test_macro_f1:
  dast: macro_f1=0.7904, acc=88.02%, bal_acc=76.63%
Log file saved: E:\Paper\Computer-Vision-for-Medicine\HAM10000_Loss\logs\ResNet_layer3+MECS_20260410_001403.log
==========================================================================================
