==========================================================================================
Script: ResNet_layer3+MECS
Run tag: dast_tune_tau0p5_gamma1
Module: MECS | Insert after: layer3
Device: cuda
CUDA: NVIDIA GeForce RTX 4080 SUPER
Data dir: E:\Paper\Computer-Vision-for-Medicine\ISIC
Config | batch_size=32, epochs=60, num_workers=2, image_size=224, base_lr=0.0001, patience=15
Losses to run: ['dast']
==========================================================================================
Split sizes | train=7210, valid=802, test=2003
Classes (7): ['akiec', 'bcc', 'bkl', 'df', 'mel', 'nv', 'vasc']
Train class counts: [262, 411, 879, 92, 890, 5364, 114]
Loading torchvision ResNet50 pretrained weights once...
Pretrained state keys: 320

##########################################################################################
Starting loss: dast
##########################################################################################
DAST config | tau=0.5000, gamma=1.0000
Model params: 27,309,383 | pretrained loaded: 320/344 | feat_dim=2048
Criterion: DistanceAwareSoftTargetLoss
Criterion trainable params: 0
Epoch 01/60 | Time 0m38s
  Train | loss=1.5727 | top1=50.64% | top3=75.83%
  Valid | loss=1.4278 | top1=66.47% | top3=87.14% | acc=67.08% | bal_acc=15.24% | macro_f1=0.1341 | weighted_f1=0.5507 | precision_macro=0.1879 | recall_macro=0.1524 | qwk=0.0694 | mae=0.8279
        ovr_roc_auc_macro=0.6505 | ovr_pr_auc_macro=0.2087
  -> best macro_f1 updated to 0.1341 (epoch 1, val_loss=1.4278)
Epoch 02/60 | Time 0m36s
  Train | loss=1.2338 | top1=67.15% | top3=86.67%
  Valid | loss=1.0060 | top1=66.59% | top3=86.06% | acc=67.21% | bal_acc=14.61% | macro_f1=0.1213 | weighted_f1=0.5440 | precision_macro=0.2867 | recall_macro=0.1461 | qwk=0.0246 | mae=0.8354
        ovr_roc_auc_macro=0.7657 | ovr_pr_auc_macro=0.2725
Epoch 03/60 | Time 0m35s
  Train | loss=0.9500 | top1=67.25% | top3=88.39%
  Valid | loss=0.8935 | top1=67.31% | top3=87.14% | acc=67.96% | bal_acc=15.58% | macro_f1=0.1378 | weighted_f1=0.5645 | precision_macro=0.1867 | recall_macro=0.1558 | qwk=0.1871 | mae=0.7618
        ovr_roc_auc_macro=0.8075 | ovr_pr_auc_macro=0.3027
  -> best macro_f1 updated to 0.1378 (epoch 3, val_loss=0.8935)
Epoch 04/60 | Time 0m37s
  Train | loss=0.8722 | top1=68.33% | top3=89.03%
  Valid | loss=0.8426 | top1=68.27% | top3=87.62% | acc=68.95% | bal_acc=17.15% | macro_f1=0.1599 | weighted_f1=0.5913 | precision_macro=0.2129 | recall_macro=0.1715 | qwk=0.3392 | mae=0.6920
        ovr_roc_auc_macro=0.8481 | ovr_pr_auc_macro=0.3349
  -> best macro_f1 updated to 0.1599 (epoch 4, val_loss=0.8426)
Epoch 05/60 | Time 0m37s
  Train | loss=0.8183 | top1=70.64% | top3=89.69%
  Valid | loss=0.7992 | top1=71.63% | top3=89.18% | acc=72.44% | bal_acc=22.34% | macro_f1=0.2183 | weighted_f1=0.6601 | precision_macro=0.2342 | recall_macro=0.2234 | qwk=0.5657 | mae=0.5536
        ovr_roc_auc_macro=0.8830 | ovr_pr_auc_macro=0.4084
  -> best macro_f1 updated to 0.2183 (epoch 5, val_loss=0.7992)
Epoch 06/60 | Time 0m37s
  Train | loss=0.7614 | top1=73.46% | top3=92.10%
  Valid | loss=0.7590 | top1=75.00% | top3=92.31% | acc=75.94% | bal_acc=28.00% | macro_f1=0.2698 | weighted_f1=0.7129 | precision_macro=0.4090 | recall_macro=0.2800 | qwk=0.6905 | mae=0.4489
        ovr_roc_auc_macro=0.9137 | ovr_pr_auc_macro=0.4884
  -> best macro_f1 updated to 0.2698 (epoch 6, val_loss=0.7590)
Epoch 07/60 | Time 0m37s
  Train | loss=0.6937 | top1=76.82% | top3=94.54%
  Valid | loss=0.7035 | top1=78.25% | top3=93.51% | acc=79.30% | bal_acc=37.61% | macro_f1=0.3827 | weighted_f1=0.7595 | precision_macro=0.5261 | recall_macro=0.3761 | qwk=0.7479 | mae=0.3853
        ovr_roc_auc_macro=0.9282 | ovr_pr_auc_macro=0.5435
  -> best macro_f1 updated to 0.3827 (epoch 7, val_loss=0.7035)
Epoch 08/60 | Time 0m37s
  Train | loss=0.6283 | top1=79.79% | top3=95.85%
  Valid | loss=0.6495 | top1=80.89% | top3=93.99% | acc=82.04% | bal_acc=46.12% | macro_f1=0.4959 | weighted_f1=0.8004 | precision_macro=0.6332 | recall_macro=0.4612 | qwk=0.8069 | mae=0.3217
        ovr_roc_auc_macro=0.9376 | ovr_pr_auc_macro=0.6099
  -> best macro_f1 updated to 0.4959 (epoch 8, val_loss=0.6495)
Epoch 09/60 | Time 0m37s
  Train | loss=0.5684 | top1=83.01% | top3=97.04%
  Valid | loss=0.6300 | top1=81.13% | top3=94.47% | acc=82.29% | bal_acc=52.55% | macro_f1=0.5543 | weighted_f1=0.8101 | precision_macro=0.6104 | recall_macro=0.5255 | qwk=0.8115 | mae=0.3167
        ovr_roc_auc_macro=0.9457 | ovr_pr_auc_macro=0.6552
  -> best macro_f1 updated to 0.5543 (epoch 9, val_loss=0.6300)
Epoch 10/60 | Time 0m35s
  Train | loss=0.5288 | top1=85.22% | top3=97.64%
  Valid | loss=0.6043 | top1=81.85% | top3=96.51% | acc=83.04% | bal_acc=57.12% | macro_f1=0.5872 | weighted_f1=0.8187 | precision_macro=0.6113 | recall_macro=0.5712 | qwk=0.7897 | mae=0.3317
        ovr_roc_auc_macro=0.9501 | ovr_pr_auc_macro=0.7349
  -> best macro_f1 updated to 0.5872 (epoch 10, val_loss=0.6043)
Epoch 11/60 | Time 0m35s
  Train | loss=0.4772 | top1=88.03% | top3=98.51%
  Valid | loss=0.6049 | top1=82.21% | top3=95.31% | acc=83.42% | bal_acc=60.15% | macro_f1=0.6341 | weighted_f1=0.8248 | precision_macro=0.7967 | recall_macro=0.6015 | qwk=0.7975 | mae=0.3217
        ovr_roc_auc_macro=0.9527 | ovr_pr_auc_macro=0.7386
  -> best macro_f1 updated to 0.6341 (epoch 11, val_loss=0.6049)
Epoch 12/60 | Time 0m36s
  Train | loss=0.4546 | top1=89.26% | top3=98.68%
  Valid | loss=0.5568 | top1=85.94% | top3=97.96% | acc=85.41% | bal_acc=64.96% | macro_f1=0.7021 | weighted_f1=0.8485 | precision_macro=0.8281 | recall_macro=0.6496 | qwk=0.8244 | mae=0.2880
        ovr_roc_auc_macro=0.9579 | ovr_pr_auc_macro=0.7952
  -> best macro_f1 updated to 0.7021 (epoch 12, val_loss=0.5568)
Epoch 13/60 | Time 0m36s
  Train | loss=0.4234 | top1=90.83% | top3=99.15%
  Valid | loss=0.5991 | top1=84.25% | top3=96.27% | acc=83.67% | bal_acc=71.55% | macro_f1=0.7182 | weighted_f1=0.8346 | precision_macro=0.7453 | recall_macro=0.7155 | qwk=0.8009 | mae=0.3329
        ovr_roc_auc_macro=0.9478 | ovr_pr_auc_macro=0.7584
  -> best macro_f1 updated to 0.7182 (epoch 13, val_loss=0.5991)
Epoch 14/60 | Time 0m35s
  Train | loss=0.4054 | top1=92.08% | top3=99.17%
  Valid | loss=0.5594 | top1=85.10% | top3=96.39% | acc=84.54% | bal_acc=70.91% | macro_f1=0.7308 | weighted_f1=0.8375 | precision_macro=0.7830 | recall_macro=0.7091 | qwk=0.8010 | mae=0.3130
        ovr_roc_auc_macro=0.9615 | ovr_pr_auc_macro=0.8092
  -> best macro_f1 updated to 0.7308 (epoch 14, val_loss=0.5594)
Epoch 15/60 | Time 0m35s
  Train | loss=0.3824 | top1=92.96% | top3=99.33%
  Valid | loss=0.5685 | top1=84.98% | top3=97.24% | acc=86.28% | bal_acc=70.92% | macro_f1=0.7625 | weighted_f1=0.8528 | precision_macro=0.8508 | recall_macro=0.7092 | qwk=0.8417 | mae=0.2606
        ovr_roc_auc_macro=0.9567 | ovr_pr_auc_macro=0.8438
  -> best macro_f1 updated to 0.7625 (epoch 15, val_loss=0.5685)
Epoch 16/60 | Time 0m36s
  Train | loss=0.3647 | top1=93.88% | top3=99.54%
  Valid | loss=0.5945 | top1=81.25% | top3=97.24% | acc=84.29% | bal_acc=65.44% | macro_f1=0.7120 | weighted_f1=0.8354 | precision_macro=0.8235 | recall_macro=0.6544 | qwk=0.8257 | mae=0.2930
        ovr_roc_auc_macro=0.9611 | ovr_pr_auc_macro=0.8135
Epoch 17/60 | Time 0m37s
  Train | loss=0.3446 | top1=94.82% | top3=99.74%
  Valid | loss=0.6267 | top1=83.53% | top3=96.75% | acc=84.79% | bal_acc=68.15% | macro_f1=0.7245 | weighted_f1=0.8329 | precision_macro=0.8076 | recall_macro=0.6815 | qwk=0.8218 | mae=0.2855
        ovr_roc_auc_macro=0.9564 | ovr_pr_auc_macro=0.7916
Epoch 18/60 | Time 0m37s
  Train | loss=0.3321 | top1=95.57% | top3=99.78%
  Valid | loss=0.5653 | top1=87.02% | top3=96.88% | acc=86.53% | bal_acc=73.71% | macro_f1=0.7781 | weighted_f1=0.8573 | precision_macro=0.8493 | recall_macro=0.7371 | qwk=0.8383 | mae=0.2631
        ovr_roc_auc_macro=0.9672 | ovr_pr_auc_macro=0.8330
  -> best macro_f1 updated to 0.7781 (epoch 18, val_loss=0.5653)
Epoch 19/60 | Time 0m37s
  Train | loss=0.3245 | top1=95.97% | top3=99.79%
  Valid | loss=0.5756 | top1=86.42% | top3=97.00% | acc=85.91% | bal_acc=72.11% | macro_f1=0.7584 | weighted_f1=0.8511 | precision_macro=0.8110 | recall_macro=0.7211 | qwk=0.8248 | mae=0.2731
        ovr_roc_auc_macro=0.9624 | ovr_pr_auc_macro=0.8267
Epoch 20/60 | Time 0m37s
  Train | loss=0.3092 | top1=96.64% | top3=99.90%
  Valid | loss=0.6025 | top1=85.58% | top3=97.24% | acc=85.04% | bal_acc=69.27% | macro_f1=0.7277 | weighted_f1=0.8442 | precision_macro=0.7857 | recall_macro=0.6927 | qwk=0.8135 | mae=0.3005
        ovr_roc_auc_macro=0.9588 | ovr_pr_auc_macro=0.8207
Epoch 21/60 | Time 0m38s
  Train | loss=0.3011 | top1=97.31% | top3=99.90%
  Valid | loss=0.5768 | top1=86.18% | top3=97.36% | acc=85.66% | bal_acc=70.22% | macro_f1=0.7324 | weighted_f1=0.8479 | precision_macro=0.7907 | recall_macro=0.7022 | qwk=0.8297 | mae=0.2793
        ovr_roc_auc_macro=0.9589 | ovr_pr_auc_macro=0.7810
Epoch 22/60 | Time 0m37s
  Train | loss=0.2938 | top1=97.64% | top3=99.89%
  Valid | loss=0.6069 | top1=86.54% | top3=97.00% | acc=86.03% | bal_acc=75.53% | macro_f1=0.7905 | weighted_f1=0.8557 | precision_macro=0.8334 | recall_macro=0.7553 | qwk=0.8313 | mae=0.2643
        ovr_roc_auc_macro=0.9514 | ovr_pr_auc_macro=0.8142
  -> best macro_f1 updated to 0.7905 (epoch 22, val_loss=0.6069)
Epoch 23/60 | Time 0m38s
  Train | loss=0.2910 | top1=97.93% | top3=99.85%
  Valid | loss=0.5676 | top1=87.14% | top3=97.12% | acc=86.66% | bal_acc=75.06% | macro_f1=0.7724 | weighted_f1=0.8589 | precision_macro=0.8052 | recall_macro=0.7506 | qwk=0.8321 | mae=0.2643
        ovr_roc_auc_macro=0.9606 | ovr_pr_auc_macro=0.8218
Epoch 24/60 | Time 0m38s
  Train | loss=0.2851 | top1=98.01% | top3=99.92%
  Valid | loss=0.5868 | top1=87.98% | top3=96.88% | acc=87.53% | bal_acc=78.72% | macro_f1=0.8136 | weighted_f1=0.8735 | precision_macro=0.8535 | recall_macro=0.7872 | qwk=0.8461 | mae=0.2519
        ovr_roc_auc_macro=0.9524 | ovr_pr_auc_macro=0.8109
  -> best macro_f1 updated to 0.8136 (epoch 24, val_loss=0.5868)
Epoch 25/60 | Time 0m37s
  Train | loss=0.2863 | top1=98.04% | top3=99.86%
  Valid | loss=0.5628 | top1=87.86% | top3=97.00% | acc=87.41% | bal_acc=77.03% | macro_f1=0.7636 | weighted_f1=0.8691 | precision_macro=0.7710 | recall_macro=0.7703 | qwk=0.8500 | mae=0.2431
        ovr_roc_auc_macro=0.9641 | ovr_pr_auc_macro=0.8360
Epoch 26/60 | Time 0m37s
  Train | loss=0.2731 | top1=98.68% | top3=99.97%
  Valid | loss=0.5711 | top1=88.22% | top3=96.63% | acc=87.78% | bal_acc=75.06% | macro_f1=0.7847 | weighted_f1=0.8750 | precision_macro=0.8268 | recall_macro=0.7506 | qwk=0.8359 | mae=0.2494
        ovr_roc_auc_macro=0.9555 | ovr_pr_auc_macro=0.8115
Epoch 27/60 | Time 0m37s
  Train | loss=0.2724 | top1=98.50% | top3=99.88%
  Valid | loss=0.5735 | top1=89.18% | top3=96.88% | acc=88.78% | bal_acc=72.37% | macro_f1=0.7707 | weighted_f1=0.8835 | precision_macro=0.8394 | recall_macro=0.7237 | qwk=0.8475 | mae=0.2269
        ovr_roc_auc_macro=0.9549 | ovr_pr_auc_macro=0.8034
Epoch 28/60 | Time 0m37s
  Train | loss=0.2646 | top1=98.92% | top3=99.99%
  Valid | loss=0.5774 | top1=88.34% | top3=96.15% | acc=87.91% | bal_acc=73.53% | macro_f1=0.7835 | weighted_f1=0.8738 | precision_macro=0.8489 | recall_macro=0.7353 | qwk=0.8414 | mae=0.2419
        ovr_roc_auc_macro=0.9550 | ovr_pr_auc_macro=0.8114
Epoch 29/60 | Time 0m37s
  Train | loss=0.2696 | top1=98.85% | top3=99.93%
  Valid | loss=0.5804 | top1=87.14% | top3=96.15% | acc=86.66% | bal_acc=71.24% | macro_f1=0.7469 | weighted_f1=0.8576 | precision_macro=0.8009 | recall_macro=0.7124 | qwk=0.8131 | mae=0.2743
        ovr_roc_auc_macro=0.9592 | ovr_pr_auc_macro=0.7977
Epoch 30/60 | Time 0m37s
  Train | loss=0.2664 | top1=98.92% | top3=99.96%
  Valid | loss=0.5470 | top1=88.82% | top3=96.88% | acc=88.40% | bal_acc=78.86% | macro_f1=0.8142 | weighted_f1=0.8829 | precision_macro=0.8500 | recall_macro=0.7886 | qwk=0.8352 | mae=0.2519
        ovr_roc_auc_macro=0.9636 | ovr_pr_auc_macro=0.8518
  -> best macro_f1 updated to 0.8142 (epoch 30, val_loss=0.5470)
Epoch 31/60 | Time 0m38s
  Train | loss=0.2654 | top1=98.99% | top3=99.94%
  Valid | loss=0.5762 | top1=87.98% | top3=96.27% | acc=87.53% | bal_acc=75.60% | macro_f1=0.7861 | weighted_f1=0.8676 | precision_macro=0.8336 | recall_macro=0.7560 | qwk=0.8492 | mae=0.2444
        ovr_roc_auc_macro=0.9524 | ovr_pr_auc_macro=0.8286
Epoch 32/60 | Time 0m37s
  Train | loss=0.2638 | top1=98.97% | top3=99.97%
  Valid | loss=0.6220 | top1=87.98% | top3=95.55% | acc=87.53% | bal_acc=77.49% | macro_f1=0.8078 | weighted_f1=0.8710 | precision_macro=0.8513 | recall_macro=0.7749 | qwk=0.8293 | mae=0.2618
        ovr_roc_auc_macro=0.9421 | ovr_pr_auc_macro=0.8134
Epoch 33/60 | Time 0m37s
  Train | loss=0.2609 | top1=99.17% | top3=99.96%
  Valid | loss=0.6002 | top1=86.66% | top3=94.95% | acc=88.03% | bal_acc=78.95% | macro_f1=0.8058 | weighted_f1=0.8783 | precision_macro=0.8248 | recall_macro=0.7895 | qwk=0.8398 | mae=0.2456
        ovr_roc_auc_macro=0.9517 | ovr_pr_auc_macro=0.7979
Epoch 34/60 | Time 0m37s
  Train | loss=0.2607 | top1=99.11% | top3=99.94%
  Valid | loss=0.5842 | top1=87.50% | top3=95.67% | acc=87.03% | bal_acc=72.86% | macro_f1=0.7660 | weighted_f1=0.8672 | precision_macro=0.8227 | recall_macro=0.7286 | qwk=0.8361 | mae=0.2531
        ovr_roc_auc_macro=0.9589 | ovr_pr_auc_macro=0.8146
Epoch 35/60 | Time 0m38s
  Train | loss=0.2550 | top1=99.51% | top3=99.99%
  Valid | loss=0.5719 | top1=88.94% | top3=96.39% | acc=88.53% | bal_acc=76.30% | macro_f1=0.8009 | weighted_f1=0.8805 | precision_macro=0.8466 | recall_macro=0.7630 | qwk=0.8571 | mae=0.2244
        ovr_roc_auc_macro=0.9560 | ovr_pr_auc_macro=0.8234
Epoch 36/60 | Time 0m38s
  Train | loss=0.2574 | top1=99.26% | top3=99.97%
  Valid | loss=0.5889 | top1=86.42% | top3=96.63% | acc=87.78% | bal_acc=77.39% | macro_f1=0.8022 | weighted_f1=0.8746 | precision_macro=0.8351 | recall_macro=0.7739 | qwk=0.8369 | mae=0.2494
        ovr_roc_auc_macro=0.9563 | ovr_pr_auc_macro=0.8276
Epoch 37/60 | Time 0m38s
  Train | loss=0.2521 | top1=99.60% | top3=99.97%
  Valid | loss=0.5712 | top1=87.98% | top3=96.75% | acc=87.53% | bal_acc=77.76% | macro_f1=0.7934 | weighted_f1=0.8729 | precision_macro=0.8138 | recall_macro=0.7776 | qwk=0.8306 | mae=0.2656
        ovr_roc_auc_macro=0.9589 | ovr_pr_auc_macro=0.8244
Epoch 38/60 | Time 0m37s
  Train | loss=0.2515 | top1=99.61% | top3=99.99%
  Valid | loss=0.6232 | top1=87.26% | top3=95.55% | acc=86.78% | bal_acc=72.98% | macro_f1=0.7678 | weighted_f1=0.8604 | precision_macro=0.8210 | recall_macro=0.7298 | qwk=0.7910 | mae=0.2868
        ovr_roc_auc_macro=0.9411 | ovr_pr_auc_macro=0.8072
Epoch 39/60 | Time 0m36s
  Train | loss=0.2501 | top1=99.65% | top3=100.00%
  Valid | loss=0.6076 | top1=87.62% | top3=96.15% | acc=87.16% | bal_acc=74.13% | macro_f1=0.7891 | weighted_f1=0.8672 | precision_macro=0.8486 | recall_macro=0.7413 | qwk=0.8185 | mae=0.2618
        ovr_roc_auc_macro=0.9518 | ovr_pr_auc_macro=0.8144
Epoch 40/60 | Time 0m37s
  Train | loss=0.2512 | top1=99.51% | top3=100.00%
  Valid | loss=0.5904 | top1=88.46% | top3=95.67% | acc=88.03% | bal_acc=77.90% | macro_f1=0.8112 | weighted_f1=0.8759 | precision_macro=0.8522 | recall_macro=0.7790 | qwk=0.8307 | mae=0.2494
        ovr_roc_auc_macro=0.9575 | ovr_pr_auc_macro=0.8338
Epoch 41/60 | Time 0m37s
  Train | loss=0.2476 | top1=99.72% | top3=99.99%
  Valid | loss=0.5828 | top1=87.98% | top3=96.15% | acc=87.53% | bal_acc=76.31% | macro_f1=0.8021 | weighted_f1=0.8669 | precision_macro=0.8606 | recall_macro=0.7631 | qwk=0.8394 | mae=0.2481
        ovr_roc_auc_macro=0.9572 | ovr_pr_auc_macro=0.8356
Epoch 42/60 | Time 0m36s
  Train | loss=0.2472 | top1=99.69% | top3=100.00%
  Valid | loss=0.5787 | top1=88.34% | top3=96.39% | acc=87.91% | bal_acc=75.87% | macro_f1=0.8035 | weighted_f1=0.8742 | precision_macro=0.8607 | recall_macro=0.7587 | qwk=0.8393 | mae=0.2431
        ovr_roc_auc_macro=0.9579 | ovr_pr_auc_macro=0.8308
Epoch 43/60 | Time 0m36s
  Train | loss=0.2461 | top1=99.82% | top3=100.00%
  Valid | loss=0.5564 | top1=88.46% | top3=96.75% | acc=88.03% | bal_acc=78.08% | macro_f1=0.8119 | weighted_f1=0.8766 | precision_macro=0.8508 | recall_macro=0.7808 | qwk=0.8501 | mae=0.2357
        ovr_roc_auc_macro=0.9616 | ovr_pr_auc_macro=0.8424
Epoch 44/60 | Time 0m36s
  Train | loss=0.2465 | top1=99.78% | top3=100.00%
  Valid | loss=0.5936 | top1=86.54% | top3=96.15% | acc=87.91% | bal_acc=77.30% | macro_f1=0.8028 | weighted_f1=0.8759 | precision_macro=0.8376 | recall_macro=0.7730 | qwk=0.8397 | mae=0.2431
        ovr_roc_auc_macro=0.9604 | ovr_pr_auc_macro=0.8317
Epoch 45/60 | Time 0m36s
  Train | loss=0.2447 | top1=99.82% | top3=100.00%
  Valid | loss=0.5775 | top1=87.14% | top3=96.27% | acc=88.53% | bal_acc=77.64% | macro_f1=0.8141 | weighted_f1=0.8813 | precision_macro=0.8625 | recall_macro=0.7764 | qwk=0.8456 | mae=0.2332
        ovr_roc_auc_macro=0.9551 | ovr_pr_auc_macro=0.8296
  -> early stopping triggered at epoch 45

[TEST] loss=dast
  Test | loss=0.5584 | top1=87.23% | top3=96.97% | acc=87.22% | bal_acc=80.55% | macro_f1=0.8179 | weighted_f1=0.8728 | precision_macro=0.8377 | recall_macro=0.8055 | qwk=0.8415 | mae=0.2586
        ovr_roc_auc_macro=0.9652 | ovr_pr_auc_macro=0.8533
  Confusion Matrix:
[[  50    3    6    0    4    2    0]
 [   1   91    6    0    1    3    1]
 [   1    6  182    1    8   22    0]
 [   0    3    1   17    1    1    0]
 [   2    2   31    0  142   46    0]
 [   6    9   36    0   49 1241    0]
 [   0    0    0    0    0    4   24]]
  Classification Report:
              precision    recall  f1-score   support

       akiec     0.8333    0.7692    0.8000        65
         bcc     0.7982    0.8835    0.8387       103
         bkl     0.6947    0.8273    0.7552       220
          df     0.9444    0.7391    0.8293        23
         mel     0.6927    0.6368    0.6636       223
          nv     0.9409    0.9254    0.9331      1341
        vasc     0.9600    0.8571    0.9057        28

    accuracy                         0.8722      2003
   macro avg     0.8377    0.8055    0.8179      2003
weighted avg     0.8757    0.8722    0.8728      2003


==========================================================================================
Summary CSV saved: E:\Paper\Computer-Vision-for-Medicine\HAM10000_Loss\logs\ResNet_layer3+MECS_dast_tune_tau0p5_gamma1_20260410_163247_summary.csv
Top results by test_macro_f1:
  dast: macro_f1=0.8179, acc=87.22%, bal_acc=80.55%
Log file saved: E:\Paper\Computer-Vision-for-Medicine\HAM10000_Loss\logs\ResNet_layer3+MECS_dast_tune_tau0p5_gamma1_20260410_163247.log
==========================================================================================
