==========================================================================================
Script: ResNet_layer3+MECS
Run tag: dast_tune_tau1_gamma1
Module: MECS | Insert after: layer3
Device: cuda
CUDA: NVIDIA GeForce RTX 4080 SUPER
Data dir: E:\Paper\Computer-Vision-for-Medicine\ISIC
Config | batch_size=32, epochs=60, num_workers=2, image_size=224, base_lr=0.0001, patience=15
Losses to run: ['dast']
==========================================================================================
Split sizes | train=7210, valid=802, test=2003
Classes (7): ['akiec', 'bcc', 'bkl', 'df', 'mel', 'nv', 'vasc']
Train class counts: [262, 411, 879, 92, 890, 5364, 114]
Loading torchvision ResNet50 pretrained weights once...
Pretrained state keys: 320

##########################################################################################
Starting loss: dast
##########################################################################################
DAST config | tau=1.0000, gamma=1.0000
Model params: 27,309,383 | pretrained loaded: 320/344 | feat_dim=2048
Criterion: DistanceAwareSoftTargetLoss
Criterion trainable params: 0
Epoch 01/60 | Time 0m36s
  Train | loss=1.6059 | top1=47.04% | top3=73.96%
  Valid | loss=1.5103 | top1=65.14% | top3=83.65% | acc=65.71% | bal_acc=16.81% | macro_f1=0.1603 | weighted_f1=0.5627 | precision_macro=0.2282 | recall_macro=0.1681 | qwk=0.0938 | mae=0.8204
        ovr_roc_auc_macro=0.6688 | ovr_pr_auc_macro=0.2158
  -> best macro_f1 updated to 0.1603 (epoch 1, val_loss=1.5103)
Epoch 02/60 | Time 0m37s
  Train | loss=1.4012 | top1=67.03% | top3=83.06%
  Valid | loss=1.2757 | top1=66.59% | top3=81.61% | acc=67.21% | bal_acc=14.74% | macro_f1=0.1246 | weighted_f1=0.5490 | precision_macro=0.1568 | recall_macro=0.1474 | qwk=0.0482 | mae=0.8279
        ovr_roc_auc_macro=0.7661 | ovr_pr_auc_macro=0.2645
Epoch 03/60 | Time 0m33s
  Train | loss=1.2448 | top1=67.33% | top3=83.61%
  Valid | loss=1.2068 | top1=67.55% | top3=83.05% | acc=68.20% | bal_acc=16.04% | macro_f1=0.1452 | weighted_f1=0.5747 | precision_macro=0.1684 | recall_macro=0.1604 | qwk=0.2497 | mae=0.7357
        ovr_roc_auc_macro=0.8119 | ovr_pr_auc_macro=0.2997
Epoch 04/60 | Time 0m32s
  Train | loss=1.1985 | top1=68.57% | top3=85.76%
  Valid | loss=1.1786 | top1=68.15% | top3=84.86% | acc=68.83% | bal_acc=17.26% | macro_f1=0.1580 | weighted_f1=0.5921 | precision_macro=0.1829 | recall_macro=0.1726 | qwk=0.3953 | mae=0.6683
        ovr_roc_auc_macro=0.8529 | ovr_pr_auc_macro=0.3136
Epoch 05/60 | Time 0m37s
  Train | loss=1.1676 | top1=70.14% | top3=88.83%
  Valid | loss=1.1530 | top1=70.79% | top3=89.18% | acc=71.57% | bal_acc=20.95% | macro_f1=0.1992 | weighted_f1=0.6395 | precision_macro=0.2494 | recall_macro=0.2095 | qwk=0.5773 | mae=0.5499
        ovr_roc_auc_macro=0.8716 | ovr_pr_auc_macro=0.3566
  -> best macro_f1 updated to 0.1992 (epoch 5, val_loss=1.1530)
Epoch 06/60 | Time 0m37s
  Train | loss=1.1382 | top1=72.08% | top3=92.17%
  Valid | loss=1.1323 | top1=72.24% | top3=91.47% | acc=73.07% | bal_acc=23.84% | macro_f1=0.2253 | weighted_f1=0.6703 | precision_macro=0.2433 | recall_macro=0.2384 | qwk=0.6457 | mae=0.5025
        ovr_roc_auc_macro=0.8855 | ovr_pr_auc_macro=0.4070
  -> best macro_f1 updated to 0.2253 (epoch 6, val_loss=1.1323)
Epoch 07/60 | Time 0m36s
  Train | loss=1.1070 | top1=74.65% | top3=93.78%
  Valid | loss=1.1063 | top1=75.60% | top3=91.71% | acc=76.56% | bal_acc=32.85% | macro_f1=0.3317 | weighted_f1=0.7273 | precision_macro=0.3499 | recall_macro=0.3285 | qwk=0.7477 | mae=0.4065
        ovr_roc_auc_macro=0.8936 | ovr_pr_auc_macro=0.4539
  -> best macro_f1 updated to 0.3317 (epoch 7, val_loss=1.1063)
Epoch 08/60 | Time 0m36s
  Train | loss=1.0746 | top1=77.86% | top3=94.21%
  Valid | loss=1.0789 | top1=78.25% | top3=92.43% | acc=79.30% | bal_acc=38.47% | macro_f1=0.3815 | weighted_f1=0.7635 | precision_macro=0.4439 | recall_macro=0.3847 | qwk=0.7757 | mae=0.3691
        ovr_roc_auc_macro=0.9043 | ovr_pr_auc_macro=0.4919
  -> best macro_f1 updated to 0.3815 (epoch 8, val_loss=1.0789)
Epoch 09/60 | Time 0m36s
  Train | loss=1.0442 | top1=80.10% | top3=95.43%
  Valid | loss=1.0941 | top1=79.21% | top3=93.39% | acc=80.30% | bal_acc=43.41% | macro_f1=0.4451 | weighted_f1=0.7771 | precision_macro=0.5612 | recall_macro=0.4341 | qwk=0.7881 | mae=0.3491
        ovr_roc_auc_macro=0.9155 | ovr_pr_auc_macro=0.5488
  -> best macro_f1 updated to 0.4451 (epoch 9, val_loss=1.0941)
Epoch 10/60 | Time 0m37s
  Train | loss=1.0213 | top1=82.97% | top3=96.01%
  Valid | loss=1.0812 | top1=79.93% | top3=93.03% | acc=81.05% | bal_acc=46.86% | macro_f1=0.5026 | weighted_f1=0.7930 | precision_macro=0.5565 | recall_macro=0.4686 | qwk=0.7684 | mae=0.3616
        ovr_roc_auc_macro=0.9168 | ovr_pr_auc_macro=0.6072
  -> best macro_f1 updated to 0.5026 (epoch 10, val_loss=1.0812)
Epoch 11/60 | Time 0m36s
  Train | loss=0.9940 | top1=85.43% | top3=97.14%
  Valid | loss=1.0639 | top1=80.89% | top3=93.39% | acc=82.04% | bal_acc=49.88% | macro_f1=0.5329 | weighted_f1=0.8073 | precision_macro=0.6044 | recall_macro=0.4988 | qwk=0.8026 | mae=0.3329
        ovr_roc_auc_macro=0.9200 | ovr_pr_auc_macro=0.6206
  -> best macro_f1 updated to 0.5329 (epoch 11, val_loss=1.0639)
Epoch 12/60 | Time 0m36s
  Train | loss=0.9796 | top1=86.97% | top3=97.56%
  Valid | loss=1.0459 | top1=82.09% | top3=93.75% | acc=83.29% | bal_acc=55.05% | macro_f1=0.5878 | weighted_f1=0.8233 | precision_macro=0.6532 | recall_macro=0.5505 | qwk=0.8110 | mae=0.3105
        ovr_roc_auc_macro=0.9388 | ovr_pr_auc_macro=0.6654
  -> best macro_f1 updated to 0.5878 (epoch 12, val_loss=1.0459)
Epoch 13/60 | Time 0m37s
  Train | loss=0.9622 | top1=88.07% | top3=98.04%
  Valid | loss=1.0649 | top1=81.13% | top3=94.71% | acc=82.29% | bal_acc=59.33% | macro_f1=0.5977 | weighted_f1=0.8180 | precision_macro=0.6134 | recall_macro=0.5933 | qwk=0.8038 | mae=0.3379
        ovr_roc_auc_macro=0.9247 | ovr_pr_auc_macro=0.6641
  -> best macro_f1 updated to 0.5977 (epoch 13, val_loss=1.0649)
Epoch 14/60 | Time 0m37s
  Train | loss=0.9560 | top1=88.96% | top3=98.21%
  Valid | loss=1.0318 | top1=84.86% | top3=95.79% | acc=84.29% | bal_acc=62.19% | macro_f1=0.6315 | weighted_f1=0.8334 | precision_macro=0.6573 | recall_macro=0.6219 | qwk=0.8308 | mae=0.2993
        ovr_roc_auc_macro=0.9499 | ovr_pr_auc_macro=0.7136
  -> best macro_f1 updated to 0.6315 (epoch 14, val_loss=1.0318)
Epoch 15/60 | Time 0m37s
  Train | loss=0.9407 | top1=90.74% | top3=98.62%
  Valid | loss=1.0470 | top1=83.41% | top3=94.35% | acc=84.66% | bal_acc=60.03% | macro_f1=0.6302 | weighted_f1=0.8343 | precision_macro=0.6714 | recall_macro=0.6003 | qwk=0.8216 | mae=0.2893
        ovr_roc_auc_macro=0.9401 | ovr_pr_auc_macro=0.7330
Epoch 16/60 | Time 0m36s
  Train | loss=0.9251 | top1=91.86% | top3=98.94%
  Valid | loss=1.0567 | top1=82.93% | top3=93.63% | acc=84.16% | bal_acc=61.75% | macro_f1=0.6740 | weighted_f1=0.8319 | precision_macro=0.8209 | recall_macro=0.6175 | qwk=0.8280 | mae=0.2893
        ovr_roc_auc_macro=0.9467 | ovr_pr_auc_macro=0.7672
  -> best macro_f1 updated to 0.6740 (epoch 16, val_loss=1.0567)
Epoch 17/60 | Time 0m35s
  Train | loss=0.9145 | top1=93.22% | top3=99.25%
  Valid | loss=1.0788 | top1=82.57% | top3=92.31% | acc=83.79% | bal_acc=62.34% | macro_f1=0.6896 | weighted_f1=0.8229 | precision_macro=0.8286 | recall_macro=0.6234 | qwk=0.7725 | mae=0.3317
        ovr_roc_auc_macro=0.9357 | ovr_pr_auc_macro=0.7764
  -> best macro_f1 updated to 0.6896 (epoch 17, val_loss=1.0788)
Epoch 18/60 | Time 0m37s
  Train | loss=0.9065 | top1=93.83% | top3=99.47%
  Valid | loss=1.0216 | top1=86.18% | top3=95.67% | acc=85.66% | bal_acc=68.26% | macro_f1=0.7339 | weighted_f1=0.8490 | precision_macro=0.8181 | recall_macro=0.6826 | qwk=0.8287 | mae=0.2743
        ovr_roc_auc_macro=0.9523 | ovr_pr_auc_macro=0.8087
  -> best macro_f1 updated to 0.7339 (epoch 18, val_loss=1.0216)
Epoch 19/60 | Time 0m36s
  Train | loss=0.9017 | top1=94.76% | top3=99.49%
  Valid | loss=1.0374 | top1=86.30% | top3=95.67% | acc=85.79% | bal_acc=68.12% | macro_f1=0.7110 | weighted_f1=0.8498 | precision_macro=0.8174 | recall_macro=0.6812 | qwk=0.8315 | mae=0.2756
        ovr_roc_auc_macro=0.9463 | ovr_pr_auc_macro=0.7645
Epoch 20/60 | Time 0m36s
  Train | loss=0.8922 | top1=95.32% | top3=99.61%
  Valid | loss=1.0248 | top1=84.74% | top3=95.43% | acc=84.16% | bal_acc=71.21% | macro_f1=0.7372 | weighted_f1=0.8300 | precision_macro=0.7933 | recall_macro=0.7121 | qwk=0.8352 | mae=0.2868
        ovr_roc_auc_macro=0.9415 | ovr_pr_auc_macro=0.7721
  -> best macro_f1 updated to 0.7372 (epoch 20, val_loss=1.0248)
Epoch 21/60 | Time 0m37s
  Train | loss=0.8857 | top1=96.43% | top3=99.69%
  Valid | loss=1.0130 | top1=86.78% | top3=95.91% | acc=86.28% | bal_acc=72.94% | macro_f1=0.7560 | weighted_f1=0.8547 | precision_macro=0.7980 | recall_macro=0.7294 | qwk=0.8513 | mae=0.2494
        ovr_roc_auc_macro=0.9419 | ovr_pr_auc_macro=0.7990
  -> best macro_f1 updated to 0.7560 (epoch 21, val_loss=1.0130)
Epoch 22/60 | Time 0m37s
  Train | loss=0.8828 | top1=96.61% | top3=99.71%
  Valid | loss=1.0153 | top1=86.78% | top3=94.83% | acc=86.28% | bal_acc=71.54% | macro_f1=0.7471 | weighted_f1=0.8577 | precision_macro=0.7894 | recall_macro=0.7154 | qwk=0.8325 | mae=0.2656
        ovr_roc_auc_macro=0.9404 | ovr_pr_auc_macro=0.7840
Epoch 23/60 | Time 0m38s
  Train | loss=0.8797 | top1=96.89% | top3=99.75%
  Valid | loss=1.0307 | top1=85.46% | top3=95.55% | acc=86.78% | bal_acc=71.84% | macro_f1=0.7514 | weighted_f1=0.8639 | precision_macro=0.8208 | recall_macro=0.7184 | qwk=0.8492 | mae=0.2481
        ovr_roc_auc_macro=0.9243 | ovr_pr_auc_macro=0.8009
Epoch 24/60 | Time 0m36s
  Train | loss=0.8762 | top1=97.10% | top3=99.72%
  Valid | loss=1.0583 | top1=83.41% | top3=93.99% | acc=84.66% | bal_acc=74.18% | macro_f1=0.7386 | weighted_f1=0.8433 | precision_macro=0.7526 | recall_macro=0.7418 | qwk=0.8082 | mae=0.3092
        ovr_roc_auc_macro=0.9379 | ovr_pr_auc_macro=0.7589
Epoch 25/60 | Time 0m36s
  Train | loss=0.8736 | top1=97.21% | top3=99.72%
  Valid | loss=1.0068 | top1=88.58% | top3=96.03% | acc=88.15% | bal_acc=77.33% | macro_f1=0.8035 | weighted_f1=0.8741 | precision_macro=0.8508 | recall_macro=0.7733 | qwk=0.8652 | mae=0.2219
        ovr_roc_auc_macro=0.9492 | ovr_pr_auc_macro=0.8209
  -> best macro_f1 updated to 0.8035 (epoch 25, val_loss=1.0068)
Epoch 26/60 | Time 0m36s
  Train | loss=0.8665 | top1=98.07% | top3=99.85%
  Valid | loss=1.0151 | top1=86.54% | top3=95.31% | acc=86.03% | bal_acc=73.96% | macro_f1=0.7646 | weighted_f1=0.8562 | precision_macro=0.8020 | recall_macro=0.7396 | qwk=0.8306 | mae=0.2718
        ovr_roc_auc_macro=0.9460 | ovr_pr_auc_macro=0.7948
Epoch 27/60 | Time 0m36s
  Train | loss=0.8696 | top1=97.89% | top3=99.76%
  Valid | loss=1.0401 | top1=85.22% | top3=93.27% | acc=86.53% | bal_acc=73.50% | macro_f1=0.7611 | weighted_f1=0.8633 | precision_macro=0.8040 | recall_macro=0.7350 | qwk=0.8445 | mae=0.2594
        ovr_roc_auc_macro=0.9345 | ovr_pr_auc_macro=0.8020
Epoch 28/60 | Time 0m36s
  Train | loss=0.8645 | top1=98.33% | top3=99.88%
  Valid | loss=1.0082 | top1=87.74% | top3=95.79% | acc=87.28% | bal_acc=76.33% | macro_f1=0.7877 | weighted_f1=0.8716 | precision_macro=0.8265 | recall_macro=0.7633 | qwk=0.8525 | mae=0.2382
        ovr_roc_auc_macro=0.9498 | ovr_pr_auc_macro=0.8150
Epoch 29/60 | Time 0m37s
  Train | loss=0.8587 | top1=98.72% | top3=99.96%
  Valid | loss=1.0024 | top1=86.54% | top3=96.03% | acc=87.91% | bal_acc=78.85% | macro_f1=0.8074 | weighted_f1=0.8754 | precision_macro=0.8300 | recall_macro=0.7885 | qwk=0.8540 | mae=0.2319
        ovr_roc_auc_macro=0.9548 | ovr_pr_auc_macro=0.8364
  -> best macro_f1 updated to 0.8074 (epoch 29, val_loss=1.0024)
Epoch 30/60 | Time 0m36s
  Train | loss=0.8574 | top1=99.06% | top3=99.92%
  Valid | loss=1.0044 | top1=87.14% | top3=95.43% | acc=86.66% | bal_acc=75.84% | macro_f1=0.7889 | weighted_f1=0.8622 | precision_macro=0.8295 | recall_macro=0.7584 | qwk=0.8410 | mae=0.2581
        ovr_roc_auc_macro=0.9526 | ovr_pr_auc_macro=0.8365
Epoch 31/60 | Time 0m38s
  Train | loss=0.8599 | top1=98.64% | top3=99.86%
  Valid | loss=1.0065 | top1=88.46% | top3=95.31% | acc=88.03% | bal_acc=80.04% | macro_f1=0.8237 | weighted_f1=0.8761 | precision_macro=0.8601 | recall_macro=0.8004 | qwk=0.8495 | mae=0.2406
        ovr_roc_auc_macro=0.9550 | ovr_pr_auc_macro=0.8279
  -> best macro_f1 updated to 0.8237 (epoch 31, val_loss=1.0065)
Epoch 32/60 | Time 0m37s
  Train | loss=0.8585 | top1=98.76% | top3=99.90%
  Valid | loss=1.0232 | top1=88.34% | top3=94.83% | acc=87.91% | bal_acc=77.75% | macro_f1=0.8041 | weighted_f1=0.8757 | precision_macro=0.8399 | recall_macro=0.7775 | qwk=0.8360 | mae=0.2469
        ovr_roc_auc_macro=0.9493 | ovr_pr_auc_macro=0.7940
Epoch 33/60 | Time 0m36s
  Train | loss=0.8589 | top1=98.79% | top3=99.86%
  Valid | loss=1.0089 | top1=88.46% | top3=95.67% | acc=88.03% | bal_acc=77.07% | macro_f1=0.8070 | weighted_f1=0.8764 | precision_macro=0.8573 | recall_macro=0.7707 | qwk=0.8436 | mae=0.2369
        ovr_roc_auc_macro=0.9448 | ovr_pr_auc_macro=0.8079
Epoch 34/60 | Time 0m36s
  Train | loss=0.8545 | top1=99.17% | top3=99.92%
  Valid | loss=0.9962 | top1=89.06% | top3=95.79% | acc=88.65% | bal_acc=79.48% | macro_f1=0.8178 | weighted_f1=0.8830 | precision_macro=0.8489 | recall_macro=0.7948 | qwk=0.8670 | mae=0.2195
        ovr_roc_auc_macro=0.9501 | ovr_pr_auc_macro=0.8276
Epoch 35/60 | Time 0m36s
  Train | loss=0.8528 | top1=99.35% | top3=99.93%
  Valid | loss=1.0028 | top1=88.34% | top3=95.67% | acc=87.91% | bal_acc=76.32% | macro_f1=0.8101 | weighted_f1=0.8728 | precision_macro=0.8864 | recall_macro=0.7632 | qwk=0.8508 | mae=0.2344
        ovr_roc_auc_macro=0.9364 | ovr_pr_auc_macro=0.8105
Epoch 36/60 | Time 0m36s
  Train | loss=0.8518 | top1=99.28% | top3=99.94%
  Valid | loss=1.0233 | top1=87.14% | top3=95.31% | acc=88.53% | bal_acc=76.45% | macro_f1=0.8163 | weighted_f1=0.8808 | precision_macro=0.8874 | recall_macro=0.7645 | qwk=0.8365 | mae=0.2406
        ovr_roc_auc_macro=0.9371 | ovr_pr_auc_macro=0.8051
Epoch 37/60 | Time 0m36s
  Train | loss=0.8521 | top1=99.19% | top3=99.96%
  Valid | loss=1.0393 | top1=84.13% | top3=93.39% | acc=87.28% | bal_acc=77.68% | macro_f1=0.8104 | weighted_f1=0.8707 | precision_macro=0.8593 | recall_macro=0.7768 | qwk=0.8224 | mae=0.2594
        ovr_roc_auc_macro=0.9432 | ovr_pr_auc_macro=0.8086
Epoch 38/60 | Time 0m37s
  Train | loss=0.8537 | top1=99.40% | top3=99.89%
  Valid | loss=1.0131 | top1=88.34% | top3=95.43% | acc=87.91% | bal_acc=77.42% | macro_f1=0.8061 | weighted_f1=0.8729 | precision_macro=0.8549 | recall_macro=0.7742 | qwk=0.8370 | mae=0.2444
        ovr_roc_auc_macro=0.9446 | ovr_pr_auc_macro=0.8212
Epoch 39/60 | Time 0m37s
  Train | loss=0.8497 | top1=99.46% | top3=99.96%
  Valid | loss=1.0222 | top1=89.18% | top3=95.07% | acc=88.78% | bal_acc=78.93% | macro_f1=0.8257 | weighted_f1=0.8847 | precision_macro=0.8721 | recall_macro=0.7893 | qwk=0.8259 | mae=0.2444
        ovr_roc_auc_macro=0.9424 | ovr_pr_auc_macro=0.8055
  -> best macro_f1 updated to 0.8257 (epoch 39, val_loss=1.0222)
Epoch 40/60 | Time 0m36s
  Train | loss=0.8485 | top1=99.61% | top3=99.99%
  Valid | loss=1.0222 | top1=86.54% | top3=94.83% | acc=87.91% | bal_acc=77.95% | macro_f1=0.8121 | weighted_f1=0.8758 | precision_macro=0.8524 | recall_macro=0.7795 | qwk=0.8339 | mae=0.2469
        ovr_roc_auc_macro=0.9404 | ovr_pr_auc_macro=0.8014
Epoch 41/60 | Time 0m36s
  Train | loss=0.8485 | top1=99.60% | top3=99.96%
  Valid | loss=1.0207 | top1=88.10% | top3=95.31% | acc=87.66% | bal_acc=76.03% | macro_f1=0.7963 | weighted_f1=0.8685 | precision_macro=0.8544 | recall_macro=0.7603 | qwk=0.8263 | mae=0.2506
        ovr_roc_auc_macro=0.9426 | ovr_pr_auc_macro=0.8135
Epoch 42/60 | Time 0m36s
  Train | loss=0.8478 | top1=99.69% | top3=99.97%
  Valid | loss=1.0069 | top1=89.30% | top3=95.43% | acc=88.90% | bal_acc=78.67% | macro_f1=0.8255 | weighted_f1=0.8869 | precision_macro=0.8748 | recall_macro=0.7867 | qwk=0.8461 | mae=0.2244
        ovr_roc_auc_macro=0.9447 | ovr_pr_auc_macro=0.8116
Epoch 43/60 | Time 0m37s
  Train | loss=0.8477 | top1=99.64% | top3=99.96%
  Valid | loss=1.0051 | top1=88.34% | top3=95.31% | acc=87.91% | bal_acc=78.29% | macro_f1=0.8141 | weighted_f1=0.8729 | precision_macro=0.8560 | recall_macro=0.7829 | qwk=0.8334 | mae=0.2469
        ovr_roc_auc_macro=0.9479 | ovr_pr_auc_macro=0.8346
Epoch 44/60 | Time 0m36s
  Train | loss=0.8466 | top1=99.71% | top3=100.00%
  Valid | loss=1.0081 | top1=88.34% | top3=95.43% | acc=87.91% | bal_acc=77.11% | macro_f1=0.8125 | weighted_f1=0.8767 | precision_macro=0.8643 | recall_macro=0.7711 | qwk=0.8298 | mae=0.2481
        ovr_roc_auc_macro=0.9508 | ovr_pr_auc_macro=0.8218
Epoch 45/60 | Time 0m36s
  Train | loss=0.8458 | top1=99.72% | top3=100.00%
  Valid | loss=1.0067 | top1=88.46% | top3=95.19% | acc=88.03% | bal_acc=77.34% | macro_f1=0.8093 | weighted_f1=0.8777 | precision_macro=0.8542 | recall_macro=0.7734 | qwk=0.8362 | mae=0.2456
        ovr_roc_auc_macro=0.9528 | ovr_pr_auc_macro=0.8178
Epoch 46/60 | Time 0m35s
  Train | loss=0.8459 | top1=99.79% | top3=99.97%
  Valid | loss=1.0074 | top1=88.58% | top3=95.67% | acc=88.15% | bal_acc=77.43% | macro_f1=0.8145 | weighted_f1=0.8772 | precision_macro=0.8658 | recall_macro=0.7743 | qwk=0.8357 | mae=0.2419
        ovr_roc_auc_macro=0.9477 | ovr_pr_auc_macro=0.8204
Epoch 47/60 | Time 0m36s
  Train | loss=0.8454 | top1=99.79% | top3=99.99%
  Valid | loss=1.0032 | top1=88.46% | top3=95.31% | acc=88.03% | bal_acc=77.45% | macro_f1=0.8167 | weighted_f1=0.8762 | precision_macro=0.8688 | recall_macro=0.7745 | qwk=0.8491 | mae=0.2319
        ovr_roc_auc_macro=0.9452 | ovr_pr_auc_macro=0.8092
Epoch 48/60 | Time 0m35s
  Train | loss=0.8445 | top1=99.89% | top3=100.00%
  Valid | loss=0.9964 | top1=89.06% | top3=95.55% | acc=88.65% | bal_acc=77.42% | macro_f1=0.8168 | weighted_f1=0.8832 | precision_macro=0.8709 | recall_macro=0.7742 | qwk=0.8449 | mae=0.2307
        ovr_roc_auc_macro=0.9471 | ovr_pr_auc_macro=0.8345
Epoch 49/60 | Time 0m35s
  Train | loss=0.8450 | top1=99.83% | top3=100.00%
  Valid | loss=1.0014 | top1=89.18% | top3=95.79% | acc=88.78% | bal_acc=80.15% | macro_f1=0.8280 | weighted_f1=0.8850 | precision_macro=0.8619 | recall_macro=0.8015 | qwk=0.8472 | mae=0.2294
        ovr_roc_auc_macro=0.9412 | ovr_pr_auc_macro=0.8306
  -> best macro_f1 updated to 0.8280 (epoch 49, val_loss=1.0014)
Epoch 50/60 | Time 0m36s
  Train | loss=0.8447 | top1=99.85% | top3=100.00%
  Valid | loss=1.0009 | top1=89.06% | top3=95.67% | acc=88.65% | bal_acc=78.82% | macro_f1=0.8179 | weighted_f1=0.8829 | precision_macro=0.8564 | recall_macro=0.7882 | qwk=0.8488 | mae=0.2282
        ovr_roc_auc_macro=0.9494 | ovr_pr_auc_macro=0.8242
Epoch 51/60 | Time 0m35s
  Train | loss=0.8444 | top1=99.89% | top3=100.00%
  Valid | loss=0.9988 | top1=88.58% | top3=95.31% | acc=88.15% | bal_acc=77.34% | macro_f1=0.8136 | weighted_f1=0.8767 | precision_macro=0.8638 | recall_macro=0.7734 | qwk=0.8539 | mae=0.2282
        ovr_roc_auc_macro=0.9420 | ovr_pr_auc_macro=0.8180
Epoch 52/60 | Time 0m36s
  Train | loss=0.8442 | top1=99.85% | top3=100.00%
  Valid | loss=0.9988 | top1=89.18% | top3=95.19% | acc=88.78% | bal_acc=79.58% | macro_f1=0.8232 | weighted_f1=0.8844 | precision_macro=0.8614 | recall_macro=0.7958 | qwk=0.8541 | mae=0.2232
        ovr_roc_auc_macro=0.9471 | ovr_pr_auc_macro=0.8255
Epoch 53/60 | Time 0m35s
  Train | loss=0.8443 | top1=99.92% | top3=99.99%
  Valid | loss=0.9957 | top1=89.42% | top3=95.43% | acc=89.03% | bal_acc=79.24% | macro_f1=0.8294 | weighted_f1=0.8866 | precision_macro=0.8803 | recall_macro=0.7924 | qwk=0.8488 | mae=0.2232
        ovr_roc_auc_macro=0.9449 | ovr_pr_auc_macro=0.8239
  -> best macro_f1 updated to 0.8294 (epoch 53, val_loss=0.9957)
Epoch 54/60 | Time 0m36s
  Train | loss=0.8440 | top1=99.89% | top3=100.00%
  Valid | loss=1.0042 | top1=88.70% | top3=95.43% | acc=88.28% | bal_acc=77.51% | macro_f1=0.8208 | weighted_f1=0.8778 | precision_macro=0.8796 | recall_macro=0.7751 | qwk=0.8458 | mae=0.2307
        ovr_roc_auc_macro=0.9341 | ovr_pr_auc_macro=0.8158
Epoch 55/60 | Time 0m36s
  Train | loss=0.8439 | top1=99.89% | top3=100.00%
  Valid | loss=0.9986 | top1=89.06% | top3=95.31% | acc=88.65% | bal_acc=78.71% | macro_f1=0.8229 | weighted_f1=0.8826 | precision_macro=0.8689 | recall_macro=0.7871 | qwk=0.8534 | mae=0.2232
        ovr_roc_auc_macro=0.9378 | ovr_pr_auc_macro=0.8167
Epoch 56/60 | Time 0m36s
  Train | loss=0.8439 | top1=99.89% | top3=100.00%
  Valid | loss=0.9973 | top1=88.82% | top3=95.67% | acc=88.40% | bal_acc=79.11% | macro_f1=0.8179 | weighted_f1=0.8808 | precision_macro=0.8531 | recall_macro=0.7911 | qwk=0.8509 | mae=0.2294
        ovr_roc_auc_macro=0.9391 | ovr_pr_auc_macro=0.8237
Epoch 57/60 | Time 0m35s
  Train | loss=0.8442 | top1=99.88% | top3=99.99%
  Valid | loss=0.9974 | top1=89.06% | top3=95.31% | acc=88.65% | bal_acc=77.99% | macro_f1=0.8211 | weighted_f1=0.8823 | precision_macro=0.8731 | recall_macro=0.7799 | qwk=0.8520 | mae=0.2232
        ovr_roc_auc_macro=0.9427 | ovr_pr_auc_macro=0.8224
Epoch 58/60 | Time 0m35s
  Train | loss=0.8437 | top1=99.93% | top3=100.00%
  Valid | loss=0.9989 | top1=88.82% | top3=95.07% | acc=88.40% | bal_acc=78.83% | macro_f1=0.8199 | weighted_f1=0.8795 | precision_macro=0.8626 | recall_macro=0.7883 | qwk=0.8486 | mae=0.2294
        ovr_roc_auc_macro=0.9382 | ovr_pr_auc_macro=0.8246
Epoch 59/60 | Time 0m35s
  Train | loss=0.8435 | top1=99.96% | top3=100.00%
  Valid | loss=1.0024 | top1=88.94% | top3=95.19% | acc=88.53% | bal_acc=77.72% | macro_f1=0.8174 | weighted_f1=0.8818 | precision_macro=0.8673 | recall_macro=0.7772 | qwk=0.8497 | mae=0.2269
        ovr_roc_auc_macro=0.9395 | ovr_pr_auc_macro=0.8199
Epoch 60/60 | Time 0m36s
  Train | loss=0.8442 | top1=99.89% | top3=99.99%
  Valid | loss=0.9995 | top1=88.94% | top3=95.55% | acc=88.53% | bal_acc=78.09% | macro_f1=0.8197 | weighted_f1=0.8821 | precision_macro=0.8668 | recall_macro=0.7809 | qwk=0.8466 | mae=0.2307
        ovr_roc_auc_macro=0.9437 | ovr_pr_auc_macro=0.8241

[TEST] loss=dast
  Test | loss=0.9872 | top1=88.81% | top3=96.03% | acc=88.77% | bal_acc=79.27% | macro_f1=0.8269 | weighted_f1=0.8849 | precision_macro=0.8767 | recall_macro=0.7927 | qwk=0.8820 | mae=0.2062
        ovr_roc_auc_macro=0.9475 | ovr_pr_auc_macro=0.8454
  Confusion Matrix:
[[  47    5    8    0    3    2    0]
 [   0   94    0    0    2    7    0]
 [   4    5  178    0   12   21    0]
 [   0    2    1   15    2    3    0]
 [   1    7   18    0  134   63    0]
 [   1    3   13    0   39 1285    0]
 [   0    0    0    0    1    2   25]]
  Classification Report:
              precision    recall  f1-score   support

       akiec     0.8868    0.7231    0.7966        65
         bcc     0.8103    0.9126    0.8584       103
         bkl     0.8165    0.8091    0.8128       220
          df     1.0000    0.6522    0.7895        23
         mel     0.6943    0.6009    0.6442       223
          nv     0.9291    0.9582    0.9435      1341
        vasc     1.0000    0.8929    0.9434        28

    accuracy                         0.8877      2003
   macro avg     0.8767    0.7927    0.8269      2003
weighted avg     0.8849    0.8877    0.8849      2003


==========================================================================================
Summary CSV saved: E:\Paper\Computer-Vision-for-Medicine\HAM10000_Loss\logs\ResNet_layer3+MECS_dast_tune_tau1_gamma1_20260410_180920_summary.csv
Top results by test_macro_f1:
  dast: macro_f1=0.8269, acc=88.77%, bal_acc=79.27%
Log file saved: E:\Paper\Computer-Vision-for-Medicine\HAM10000_Loss\logs\ResNet_layer3+MECS_dast_tune_tau1_gamma1_20260410_180920.log
==========================================================================================
