==========================================================================================
Script: ResNet_layer2+MECS
Module: MECS | Insert after: layer2
Device: cuda
CUDA: NVIDIA GeForce RTX 4080 SUPER
Data dir: E:\Paper\Computer-Vision-for-Medicine\ISIC
Config | batch_size=32, epochs=60, num_workers=2, image_size=224, base_lr=0.0001, patience=15
Losses to run: ['dast']
==========================================================================================
Split sizes | train=7210, valid=802, test=2003
Classes (7): ['akiec', 'bcc', 'bkl', 'df', 'mel', 'nv', 'vasc']
Train class counts: [262, 411, 879, 92, 890, 5364, 114]
Loading torchvision ResNet50 pretrained weights once...
Pretrained state keys: 320

##########################################################################################
Starting loss: dast
##########################################################################################
Model params: 24,498,375 | pretrained loaded: 320/344 | feat_dim=2048
Criterion: DistanceAwareSoftTargetLoss
Criterion trainable params: 0
Epoch 01/60 | Time 0m34s
  Train | loss=1.4619 | top1=52.17% | top3=75.04%
  Valid | loss=1.3839 | top1=65.26% | top3=79.69% | acc=65.84% | bal_acc=14.05% | macro_f1=0.1135 | weighted_f1=0.5320 | precision_macro=0.0952 | recall_macro=0.1405 | qwk=-0.0023 | mae=0.8541
        ovr_roc_auc_macro=0.5474 | ovr_pr_auc_macro=0.1563
  -> best macro_f1 updated to 0.1135 (epoch 1)
Epoch 02/60 | Time 0m33s
  Train | loss=1.2651 | top1=66.88% | top3=80.69%
  Valid | loss=1.1771 | top1=66.35% | top3=80.89% | acc=66.96% | bal_acc=14.29% | macro_f1=0.1146 | weighted_f1=0.5371 | precision_macro=0.0957 | recall_macro=0.1429 | qwk=0.0000 | mae=0.8441
        ovr_roc_auc_macro=0.6932 | ovr_pr_auc_macro=0.2436
  -> best macro_f1 updated to 0.1146 (epoch 2)
Epoch 03/60 | Time 0m34s
  Train | loss=1.1304 | top1=66.90% | top3=82.15%
  Valid | loss=1.0980 | top1=66.47% | top3=82.57% | acc=67.08% | bal_acc=14.45% | macro_f1=0.1180 | weighted_f1=0.5407 | precision_macro=0.2389 | recall_macro=0.1445 | qwk=0.0119 | mae=0.8404
        ovr_roc_auc_macro=0.7503 | ovr_pr_auc_macro=0.2790
  -> best macro_f1 updated to 0.1180 (epoch 3)
Epoch 04/60 | Time 0m34s
  Train | loss=1.0833 | top1=67.04% | top3=84.54%
  Valid | loss=1.0596 | top1=66.59% | top3=85.10% | acc=67.21% | bal_acc=15.01% | macro_f1=0.1302 | weighted_f1=0.5558 | precision_macro=0.1567 | recall_macro=0.1501 | qwk=0.1231 | mae=0.8005
        ovr_roc_auc_macro=0.7682 | ovr_pr_auc_macro=0.2927
  -> best macro_f1 updated to 0.1302 (epoch 4)
Epoch 05/60 | Time 0m34s
  Train | loss=1.0517 | top1=67.75% | top3=86.93%
  Valid | loss=1.0310 | top1=68.75% | top3=87.14% | acc=69.45% | bal_acc=18.34% | macro_f1=0.1751 | weighted_f1=0.6050 | precision_macro=0.2219 | recall_macro=0.1834 | qwk=0.3832 | mae=0.6696
        ovr_roc_auc_macro=0.8128 | ovr_pr_auc_macro=0.3186
  -> best macro_f1 updated to 0.1751 (epoch 5)
Epoch 06/60 | Time 0m35s
  Train | loss=1.0260 | top1=69.44% | top3=89.42%
  Valid | loss=1.0080 | top1=70.19% | top3=89.78% | acc=70.95% | bal_acc=21.38% | macro_f1=0.2124 | weighted_f1=0.6392 | precision_macro=0.2849 | recall_macro=0.2138 | qwk=0.5392 | mae=0.5873
        ovr_roc_auc_macro=0.8293 | ovr_pr_auc_macro=0.3397
  -> best macro_f1 updated to 0.2124 (epoch 6)
Epoch 07/60 | Time 0m33s
  Train | loss=0.9952 | top1=71.56% | top3=91.71%
  Valid | loss=0.9919 | top1=72.36% | top3=90.26% | acc=73.19% | bal_acc=27.39% | macro_f1=0.2775 | weighted_f1=0.6804 | precision_macro=0.3179 | recall_macro=0.2739 | qwk=0.6155 | mae=0.5349
        ovr_roc_auc_macro=0.8372 | ovr_pr_auc_macro=0.3603
  -> best macro_f1 updated to 0.2775 (epoch 7)
Epoch 08/60 | Time 0m33s
  Train | loss=0.9695 | top1=73.75% | top3=92.58%
  Valid | loss=0.9661 | top1=73.80% | top3=90.38% | acc=74.69% | bal_acc=31.55% | macro_f1=0.3049 | weighted_f1=0.7040 | precision_macro=0.3334 | recall_macro=0.3155 | qwk=0.6846 | mae=0.4875
        ovr_roc_auc_macro=0.8572 | ovr_pr_auc_macro=0.3845
  -> best macro_f1 updated to 0.3049 (epoch 8)
Epoch 09/60 | Time 0m34s
  Train | loss=0.9495 | top1=75.21% | top3=92.92%
  Valid | loss=0.9601 | top1=75.36% | top3=90.14% | acc=76.31% | bal_acc=33.22% | macro_f1=0.3355 | weighted_f1=0.7211 | precision_macro=0.4245 | recall_macro=0.3322 | qwk=0.6860 | mae=0.4564
        ovr_roc_auc_macro=0.8674 | ovr_pr_auc_macro=0.4314
  -> best macro_f1 updated to 0.3355 (epoch 9)
Epoch 10/60 | Time 0m33s
  Train | loss=0.9295 | top1=76.90% | top3=93.46%
  Valid | loss=0.9323 | top1=77.64% | top3=93.63% | acc=76.81% | bal_acc=37.16% | macro_f1=0.3807 | weighted_f1=0.7422 | precision_macro=0.4095 | recall_macro=0.3716 | qwk=0.7176 | mae=0.4464
        ovr_roc_auc_macro=0.8856 | ovr_pr_auc_macro=0.4806
  -> best macro_f1 updated to 0.3807 (epoch 10)
Epoch 11/60 | Time 0m34s
  Train | loss=0.9139 | top1=77.53% | top3=94.26%
  Valid | loss=0.9289 | top1=78.49% | top3=93.51% | acc=79.55% | bal_acc=40.92% | macro_f1=0.4158 | weighted_f1=0.7690 | precision_macro=0.4719 | recall_macro=0.4092 | qwk=0.7213 | mae=0.4052
        ovr_roc_auc_macro=0.9042 | ovr_pr_auc_macro=0.5405
  -> best macro_f1 updated to 0.4158 (epoch 11)
Epoch 12/60 | Time 0m34s
  Train | loss=0.8964 | top1=79.33% | top3=94.72%
  Valid | loss=0.8984 | top1=81.01% | top3=93.99% | acc=80.30% | bal_acc=46.94% | macro_f1=0.5049 | weighted_f1=0.7877 | precision_macro=0.5974 | recall_macro=0.4694 | qwk=0.7514 | mae=0.3865
        ovr_roc_auc_macro=0.9154 | ovr_pr_auc_macro=0.5645
  -> best macro_f1 updated to 0.5049 (epoch 12)
Epoch 13/60 | Time 0m34s
  Train | loss=0.8764 | top1=80.92% | top3=95.25%
  Valid | loss=0.8905 | top1=80.05% | top3=94.23% | acc=79.30% | bal_acc=47.47% | macro_f1=0.5169 | weighted_f1=0.7669 | precision_macro=0.6146 | recall_macro=0.4747 | qwk=0.7468 | mae=0.3965
        ovr_roc_auc_macro=0.9180 | ovr_pr_auc_macro=0.5953
  -> best macro_f1 updated to 0.5169 (epoch 13)
Epoch 14/60 | Time 0m33s
  Train | loss=0.8627 | top1=82.40% | top3=95.85%
  Valid | loss=0.9185 | top1=79.81% | top3=94.71% | acc=80.92% | bal_acc=47.22% | macro_f1=0.5187 | weighted_f1=0.7901 | precision_macro=0.6129 | recall_macro=0.4722 | qwk=0.7385 | mae=0.3766
        ovr_roc_auc_macro=0.9094 | ovr_pr_auc_macro=0.5922
  -> best macro_f1 updated to 0.5187 (epoch 14)
Epoch 15/60 | Time 0m33s
  Train | loss=0.8501 | top1=83.19% | top3=95.72%
  Valid | loss=0.8913 | top1=82.45% | top3=94.71% | acc=81.80% | bal_acc=50.63% | macro_f1=0.5474 | weighted_f1=0.7999 | precision_macro=0.6306 | recall_macro=0.5063 | qwk=0.7599 | mae=0.3616
        ovr_roc_auc_macro=0.9129 | ovr_pr_auc_macro=0.6260
  -> best macro_f1 updated to 0.5474 (epoch 15)
Epoch 16/60 | Time 0m33s
  Train | loss=0.8346 | top1=84.28% | top3=96.39%
  Valid | loss=0.8795 | top1=82.69% | top3=95.19% | acc=82.04% | bal_acc=56.87% | macro_f1=0.5824 | weighted_f1=0.8025 | precision_macro=0.6247 | recall_macro=0.5687 | qwk=0.7777 | mae=0.3603
        ovr_roc_auc_macro=0.9231 | ovr_pr_auc_macro=0.6625
  -> best macro_f1 updated to 0.5824 (epoch 16)
Epoch 17/60 | Time 0m34s
  Train | loss=0.8232 | top1=85.47% | top3=97.01%
  Valid | loss=0.8615 | top1=84.13% | top3=95.67% | acc=83.54% | bal_acc=59.58% | macro_f1=0.6157 | weighted_f1=0.8220 | precision_macro=0.6551 | recall_macro=0.5958 | qwk=0.8160 | mae=0.3117
        ovr_roc_auc_macro=0.9279 | ovr_pr_auc_macro=0.6798
  -> best macro_f1 updated to 0.6157 (epoch 17)
Epoch 18/60 | Time 0m34s
  Train | loss=0.8098 | top1=86.10% | top3=97.08%
  Valid | loss=0.8548 | top1=83.53% | top3=96.15% | acc=82.92% | bal_acc=58.78% | macro_f1=0.5994 | weighted_f1=0.8167 | precision_macro=0.6263 | recall_macro=0.5878 | qwk=0.8218 | mae=0.3092
        ovr_roc_auc_macro=0.9210 | ovr_pr_auc_macro=0.6979
Epoch 19/60 | Time 0m34s
  Train | loss=0.7950 | top1=86.86% | top3=97.71%
  Valid | loss=0.9380 | top1=80.17% | top3=93.39% | acc=81.30% | bal_acc=53.22% | macro_f1=0.5662 | weighted_f1=0.7953 | precision_macro=0.6189 | recall_macro=0.5322 | qwk=0.7503 | mae=0.3691
        ovr_roc_auc_macro=0.9224 | ovr_pr_auc_macro=0.6434
Epoch 20/60 | Time 0m33s
  Train | loss=0.7843 | top1=87.78% | top3=97.94%
  Valid | loss=0.8827 | top1=82.09% | top3=95.31% | acc=83.29% | bal_acc=57.87% | macro_f1=0.5903 | weighted_f1=0.8188 | precision_macro=0.6228 | recall_macro=0.5787 | qwk=0.7903 | mae=0.3342
        ovr_roc_auc_macro=0.9260 | ovr_pr_auc_macro=0.6665
Epoch 21/60 | Time 0m34s
  Train | loss=0.7686 | top1=89.25% | top3=98.46%
  Valid | loss=0.8781 | top1=82.69% | top3=94.83% | acc=82.04% | bal_acc=58.05% | macro_f1=0.5914 | weighted_f1=0.8067 | precision_macro=0.6202 | recall_macro=0.5805 | qwk=0.7971 | mae=0.3416
        ovr_roc_auc_macro=0.9114 | ovr_pr_auc_macro=0.6362
Epoch 22/60 | Time 0m34s
  Train | loss=0.7675 | top1=89.25% | top3=98.54%
  Valid | loss=0.8526 | top1=83.89% | top3=95.91% | acc=83.29% | bal_acc=62.35% | macro_f1=0.6536 | weighted_f1=0.8259 | precision_macro=0.7037 | recall_macro=0.6235 | qwk=0.8172 | mae=0.3055
        ovr_roc_auc_macro=0.9368 | ovr_pr_auc_macro=0.7030
  -> best macro_f1 updated to 0.6536 (epoch 22)
Epoch 23/60 | Time 0m34s
  Train | loss=0.7546 | top1=90.25% | top3=98.65%
  Valid | loss=0.8690 | top1=84.62% | top3=94.47% | acc=84.04% | bal_acc=58.12% | macro_f1=0.6269 | weighted_f1=0.8297 | precision_macro=0.8054 | recall_macro=0.5812 | qwk=0.8076 | mae=0.3130
        ovr_roc_auc_macro=0.9237 | ovr_pr_auc_macro=0.6752
Epoch 24/60 | Time 0m34s
  Train | loss=0.7419 | top1=91.21% | top3=98.99%
  Valid | loss=0.8571 | top1=85.70% | top3=94.71% | acc=85.16% | bal_acc=60.59% | macro_f1=0.6476 | weighted_f1=0.8441 | precision_macro=0.7383 | recall_macro=0.6059 | qwk=0.8212 | mae=0.2880
        ovr_roc_auc_macro=0.9273 | ovr_pr_auc_macro=0.6969
Epoch 25/60 | Time 0m34s
  Train | loss=0.7389 | top1=91.76% | top3=98.96%
  Valid | loss=0.8723 | top1=83.89% | top3=93.51% | acc=85.16% | bal_acc=63.41% | macro_f1=0.6740 | weighted_f1=0.8420 | precision_macro=0.7549 | recall_macro=0.6341 | qwk=0.8234 | mae=0.2843
        ovr_roc_auc_macro=0.9483 | ovr_pr_auc_macro=0.7366
  -> best macro_f1 updated to 0.6740 (epoch 25)
Epoch 26/60 | Time 0m33s
  Train | loss=0.7333 | top1=91.94% | top3=99.07%
  Valid | loss=0.8607 | top1=85.34% | top3=95.19% | acc=84.79% | bal_acc=62.40% | macro_f1=0.6597 | weighted_f1=0.8360 | precision_macro=0.7431 | recall_macro=0.6240 | qwk=0.8045 | mae=0.2993
        ovr_roc_auc_macro=0.9435 | ovr_pr_auc_macro=0.7084
Epoch 27/60 | Time 0m33s
  Train | loss=0.7246 | top1=92.62% | top3=99.21%
  Valid | loss=0.8447 | top1=85.82% | top3=95.07% | acc=85.29% | bal_acc=65.10% | macro_f1=0.6784 | weighted_f1=0.8428 | precision_macro=0.7533 | recall_macro=0.6510 | qwk=0.8258 | mae=0.2830
        ovr_roc_auc_macro=0.9417 | ovr_pr_auc_macro=0.7405
  -> best macro_f1 updated to 0.6784 (epoch 27)
Epoch 28/60 | Time 0m33s
  Train | loss=0.7198 | top1=93.67% | top3=99.33%
  Valid | loss=0.8692 | top1=83.17% | top3=95.19% | acc=84.41% | bal_acc=61.24% | macro_f1=0.6552 | weighted_f1=0.8325 | precision_macro=0.7303 | recall_macro=0.6124 | qwk=0.8014 | mae=0.3017
        ovr_roc_auc_macro=0.9340 | ovr_pr_auc_macro=0.7013
Epoch 29/60 | Time 0m34s
  Train | loss=0.7138 | top1=94.21% | top3=99.44%
  Valid | loss=0.8475 | top1=85.70% | top3=95.31% | acc=85.16% | bal_acc=64.09% | macro_f1=0.6798 | weighted_f1=0.8454 | precision_macro=0.7409 | recall_macro=0.6409 | qwk=0.7936 | mae=0.3030
        ovr_roc_auc_macro=0.9543 | ovr_pr_auc_macro=0.7354
  -> best macro_f1 updated to 0.6798 (epoch 29)
Epoch 30/60 | Time 0m34s
  Train | loss=0.7067 | top1=94.94% | top3=99.58%
  Valid | loss=0.8597 | top1=85.46% | top3=95.67% | acc=84.91% | bal_acc=63.89% | macro_f1=0.6911 | weighted_f1=0.8365 | precision_macro=0.7765 | recall_macro=0.6389 | qwk=0.8160 | mae=0.2855
        ovr_roc_auc_macro=0.9502 | ovr_pr_auc_macro=0.7423
  -> best macro_f1 updated to 0.6911 (epoch 30)
Epoch 31/60 | Time 0m34s
  Train | loss=0.6998 | top1=95.15% | top3=99.60%
  Valid | loss=0.8655 | top1=85.34% | top3=94.71% | acc=84.79% | bal_acc=63.67% | macro_f1=0.6745 | weighted_f1=0.8421 | precision_macro=0.7261 | recall_macro=0.6367 | qwk=0.7842 | mae=0.3167
        ovr_roc_auc_macro=0.9489 | ovr_pr_auc_macro=0.7335
Epoch 32/60 | Time 0m34s
  Train | loss=0.6942 | top1=96.06% | top3=99.71%
  Valid | loss=0.8556 | top1=86.06% | top3=95.07% | acc=85.54% | bal_acc=66.24% | macro_f1=0.7069 | weighted_f1=0.8465 | precision_macro=0.7729 | recall_macro=0.6624 | qwk=0.8172 | mae=0.2830
        ovr_roc_auc_macro=0.9490 | ovr_pr_auc_macro=0.7294
  -> best macro_f1 updated to 0.7069 (epoch 32)
Epoch 33/60 | Time 0m34s
  Train | loss=0.6940 | top1=96.15% | top3=99.67%
  Valid | loss=0.8577 | top1=84.50% | top3=95.67% | acc=85.79% | bal_acc=64.70% | macro_f1=0.6776 | weighted_f1=0.8503 | precision_macro=0.7296 | recall_macro=0.6470 | qwk=0.8119 | mae=0.2830
        ovr_roc_auc_macro=0.9522 | ovr_pr_auc_macro=0.7553
Epoch 34/60 | Time 0m34s
  Train | loss=0.6841 | top1=96.76% | top3=99.83%
  Valid | loss=0.8444 | top1=86.90% | top3=95.91% | acc=86.41% | bal_acc=68.70% | macro_f1=0.7104 | weighted_f1=0.8601 | precision_macro=0.7483 | recall_macro=0.6870 | qwk=0.8258 | mae=0.2681
        ovr_roc_auc_macro=0.9477 | ovr_pr_auc_macro=0.7456
  -> best macro_f1 updated to 0.7104 (epoch 34)
Epoch 35/60 | Time 0m34s
  Train | loss=0.6863 | top1=96.81% | top3=99.75%
  Valid | loss=0.8287 | top1=86.78% | top3=95.31% | acc=86.28% | bal_acc=66.16% | macro_f1=0.6887 | weighted_f1=0.8589 | precision_macro=0.7369 | recall_macro=0.6616 | qwk=0.8374 | mae=0.2668
        ovr_roc_auc_macro=0.9481 | ovr_pr_auc_macro=0.7519
Epoch 36/60 | Time 0m33s
  Train | loss=0.6836 | top1=96.93% | top3=99.85%
  Valid | loss=0.8304 | top1=87.38% | top3=95.67% | acc=86.91% | bal_acc=65.39% | macro_f1=0.6874 | weighted_f1=0.8590 | precision_macro=0.7524 | recall_macro=0.6539 | qwk=0.8442 | mae=0.2456
        ovr_roc_auc_macro=0.9529 | ovr_pr_auc_macro=0.7638
Epoch 37/60 | Time 0m34s
  Train | loss=0.6797 | top1=97.18% | top3=99.82%
  Valid | loss=0.8438 | top1=86.78% | top3=95.19% | acc=86.28% | bal_acc=65.95% | macro_f1=0.6924 | weighted_f1=0.8566 | precision_macro=0.7546 | recall_macro=0.6595 | qwk=0.8257 | mae=0.2693
        ovr_roc_auc_macro=0.9376 | ovr_pr_auc_macro=0.7575
Epoch 38/60 | Time 0m33s
  Train | loss=0.6777 | top1=97.56% | top3=99.81%
  Valid | loss=0.8402 | top1=87.26% | top3=95.43% | acc=86.78% | bal_acc=70.64% | macro_f1=0.7409 | weighted_f1=0.8614 | precision_macro=0.7979 | recall_macro=0.7064 | qwk=0.8191 | mae=0.2668
        ovr_roc_auc_macro=0.9533 | ovr_pr_auc_macro=0.7891
  -> best macro_f1 updated to 0.7409 (epoch 38)
Epoch 39/60 | Time 0m33s
  Train | loss=0.6740 | top1=97.74% | top3=99.88%
  Valid | loss=0.8480 | top1=86.66% | top3=95.31% | acc=86.16% | bal_acc=66.07% | macro_f1=0.6864 | weighted_f1=0.8524 | precision_macro=0.7563 | recall_macro=0.6607 | qwk=0.8095 | mae=0.2855
        ovr_roc_auc_macro=0.9492 | ovr_pr_auc_macro=0.7538
Epoch 40/60 | Time 0m33s
  Train | loss=0.6728 | top1=98.03% | top3=99.81%
  Valid | loss=0.8619 | top1=84.74% | top3=94.47% | acc=84.16% | bal_acc=65.84% | macro_f1=0.6788 | weighted_f1=0.8370 | precision_macro=0.7339 | recall_macro=0.6584 | qwk=0.8093 | mae=0.3092
        ovr_roc_auc_macro=0.9429 | ovr_pr_auc_macro=0.7450
Epoch 41/60 | Time 0m34s
  Train | loss=0.6739 | top1=97.99% | top3=99.82%
  Valid | loss=0.8600 | top1=84.86% | top3=95.55% | acc=86.16% | bal_acc=66.06% | macro_f1=0.6844 | weighted_f1=0.8561 | precision_macro=0.7289 | recall_macro=0.6606 | qwk=0.8328 | mae=0.2643
        ovr_roc_auc_macro=0.9531 | ovr_pr_auc_macro=0.7544
Epoch 42/60 | Time 0m34s
  Train | loss=0.6697 | top1=98.15% | top3=99.92%
  Valid | loss=0.8298 | top1=87.02% | top3=95.43% | acc=86.53% | bal_acc=67.99% | macro_f1=0.7052 | weighted_f1=0.8606 | precision_macro=0.7360 | recall_macro=0.6799 | qwk=0.8500 | mae=0.2544
        ovr_roc_auc_macro=0.9506 | ovr_pr_auc_macro=0.7546
Epoch 43/60 | Time 0m33s
  Train | loss=0.6683 | top1=98.17% | top3=99.93%
  Valid | loss=0.8499 | top1=87.14% | top3=95.07% | acc=86.66% | bal_acc=68.59% | macro_f1=0.7147 | weighted_f1=0.8604 | precision_macro=0.7623 | recall_macro=0.6859 | qwk=0.8246 | mae=0.2706
        ovr_roc_auc_macro=0.9513 | ovr_pr_auc_macro=0.7690
Epoch 44/60 | Time 0m33s
  Train | loss=0.6692 | top1=98.15% | top3=99.90%
  Valid | loss=0.8359 | top1=87.14% | top3=95.79% | acc=86.66% | bal_acc=66.30% | macro_f1=0.7072 | weighted_f1=0.8576 | precision_macro=0.7832 | recall_macro=0.6630 | qwk=0.8198 | mae=0.2693
        ovr_roc_auc_macro=0.9577 | ovr_pr_auc_macro=0.7780
Epoch 45/60 | Time 0m33s
  Train | loss=0.6630 | top1=98.67% | top3=99.96%
  Valid | loss=0.8371 | top1=87.74% | top3=95.67% | acc=87.28% | bal_acc=70.49% | macro_f1=0.7349 | weighted_f1=0.8669 | precision_macro=0.7769 | recall_macro=0.7049 | qwk=0.8357 | mae=0.2556
        ovr_roc_auc_macro=0.9578 | ovr_pr_auc_macro=0.7550
Epoch 46/60 | Time 0m34s
  Train | loss=0.6658 | top1=98.51% | top3=99.92%
  Valid | loss=0.8330 | top1=87.62% | top3=96.03% | acc=87.16% | bal_acc=70.92% | macro_f1=0.7324 | weighted_f1=0.8666 | precision_macro=0.7648 | recall_macro=0.7092 | qwk=0.8450 | mae=0.2531
        ovr_roc_auc_macro=0.9563 | ovr_pr_auc_macro=0.7696
Epoch 47/60 | Time 0m33s
  Train | loss=0.6628 | top1=98.81% | top3=99.97%
  Valid | loss=0.8456 | top1=87.14% | top3=95.31% | acc=86.66% | bal_acc=69.63% | macro_f1=0.7297 | weighted_f1=0.8599 | precision_macro=0.7803 | recall_macro=0.6963 | qwk=0.8238 | mae=0.2693
        ovr_roc_auc_macro=0.9515 | ovr_pr_auc_macro=0.7606
Epoch 48/60 | Time 0m33s
  Train | loss=0.6611 | top1=99.06% | top3=99.93%
  Valid | loss=0.8217 | top1=87.50% | top3=96.39% | acc=87.03% | bal_acc=68.97% | macro_f1=0.7183 | weighted_f1=0.8653 | precision_macro=0.7807 | recall_macro=0.6897 | qwk=0.8395 | mae=0.2519
        ovr_roc_auc_macro=0.9578 | ovr_pr_auc_macro=0.7632
Epoch 49/60 | Time 0m34s
  Train | loss=0.6602 | top1=99.07% | top3=99.97%
  Valid | loss=0.8259 | top1=87.98% | top3=95.55% | acc=87.53% | bal_acc=70.49% | macro_f1=0.7250 | weighted_f1=0.8706 | precision_macro=0.7798 | recall_macro=0.7049 | qwk=0.8472 | mae=0.2469
        ovr_roc_auc_macro=0.9574 | ovr_pr_auc_macro=0.7594
Epoch 50/60 | Time 0m32s
  Train | loss=0.6604 | top1=99.03% | top3=99.96%
  Valid | loss=0.8354 | top1=87.02% | top3=96.03% | acc=86.53% | bal_acc=68.27% | macro_f1=0.7145 | weighted_f1=0.8565 | precision_macro=0.7874 | recall_macro=0.6827 | qwk=0.8283 | mae=0.2693
        ovr_roc_auc_macro=0.9494 | ovr_pr_auc_macro=0.7536
Epoch 51/60 | Time 0m32s
  Train | loss=0.6600 | top1=98.96% | top3=99.94%
  Valid | loss=0.8298 | top1=87.50% | top3=95.19% | acc=87.03% | bal_acc=67.71% | macro_f1=0.7119 | weighted_f1=0.8640 | precision_macro=0.7687 | recall_macro=0.6771 | qwk=0.8433 | mae=0.2544
        ovr_roc_auc_macro=0.9522 | ovr_pr_auc_macro=0.7575
Epoch 52/60 | Time 0m33s
  Train | loss=0.6587 | top1=99.12% | top3=99.97%
  Valid | loss=0.8281 | top1=88.34% | top3=95.43% | acc=87.91% | bal_acc=71.42% | macro_f1=0.7450 | weighted_f1=0.8749 | precision_macro=0.7849 | recall_macro=0.7142 | qwk=0.8452 | mae=0.2431
        ovr_roc_auc_macro=0.9554 | ovr_pr_auc_macro=0.7628
  -> best macro_f1 updated to 0.7450 (epoch 52)
Epoch 53/60 | Time 0m34s
  Train | loss=0.6587 | top1=99.14% | top3=99.97%
  Valid | loss=0.8326 | top1=88.10% | top3=94.95% | acc=87.66% | bal_acc=69.71% | macro_f1=0.7270 | weighted_f1=0.8727 | precision_macro=0.7749 | recall_macro=0.6971 | qwk=0.8454 | mae=0.2456
        ovr_roc_auc_macro=0.9504 | ovr_pr_auc_macro=0.7530
Epoch 54/60 | Time 0m35s
  Train | loss=0.6592 | top1=99.06% | top3=99.96%
  Valid | loss=0.8314 | top1=87.98% | top3=95.55% | acc=87.53% | bal_acc=72.25% | macro_f1=0.7517 | weighted_f1=0.8714 | precision_macro=0.7883 | recall_macro=0.7225 | qwk=0.8469 | mae=0.2444
        ovr_roc_auc_macro=0.9532 | ovr_pr_auc_macro=0.7573
  -> best macro_f1 updated to 0.7517 (epoch 54)
Epoch 55/60 | Time 0m35s
  Train | loss=0.6579 | top1=99.25% | top3=99.99%
  Valid | loss=0.8415 | top1=88.10% | top3=94.95% | acc=87.66% | bal_acc=71.18% | macro_f1=0.7432 | weighted_f1=0.8722 | precision_macro=0.7881 | recall_macro=0.7118 | qwk=0.8469 | mae=0.2431
        ovr_roc_auc_macro=0.9520 | ovr_pr_auc_macro=0.7565
Epoch 56/60 | Time 0m35s
  Train | loss=0.6579 | top1=99.26% | top3=99.99%
  Valid | loss=0.8254 | top1=87.86% | top3=95.79% | acc=87.41% | bal_acc=74.23% | macro_f1=0.7567 | weighted_f1=0.8710 | precision_macro=0.7790 | recall_macro=0.7423 | qwk=0.8478 | mae=0.2494
        ovr_roc_auc_macro=0.9549 | ovr_pr_auc_macro=0.7691
  -> best macro_f1 updated to 0.7567 (epoch 56)
Epoch 57/60 | Time 0m35s
  Train | loss=0.6582 | top1=99.12% | top3=99.99%
  Valid | loss=0.8308 | top1=88.34% | top3=95.19% | acc=87.91% | bal_acc=71.49% | macro_f1=0.7455 | weighted_f1=0.8750 | precision_macro=0.7887 | recall_macro=0.7149 | qwk=0.8489 | mae=0.2382
        ovr_roc_auc_macro=0.9545 | ovr_pr_auc_macro=0.7637
Epoch 58/60 | Time 0m37s
  Train | loss=0.6567 | top1=99.33% | top3=99.99%
  Valid | loss=0.8334 | top1=88.34% | top3=95.55% | acc=87.91% | bal_acc=74.15% | macro_f1=0.7653 | weighted_f1=0.8753 | precision_macro=0.7966 | recall_macro=0.7415 | qwk=0.8507 | mae=0.2394
        ovr_roc_auc_macro=0.9531 | ovr_pr_auc_macro=0.7654
  -> best macro_f1 updated to 0.7653 (epoch 58)
Epoch 59/60 | Time 0m35s
  Train | loss=0.6573 | top1=99.28% | top3=99.97%
  Valid | loss=0.8322 | top1=88.34% | top3=95.31% | acc=87.91% | bal_acc=72.74% | macro_f1=0.7576 | weighted_f1=0.8753 | precision_macro=0.7969 | recall_macro=0.7274 | qwk=0.8471 | mae=0.2406
        ovr_roc_auc_macro=0.9559 | ovr_pr_auc_macro=0.7659
Epoch 60/60 | Time 0m34s
  Train | loss=0.6569 | top1=99.31% | top3=100.00%
  Valid | loss=0.8373 | top1=88.10% | top3=95.31% | acc=87.66% | bal_acc=71.69% | macro_f1=0.7418 | weighted_f1=0.8724 | precision_macro=0.7748 | recall_macro=0.7169 | qwk=0.8405 | mae=0.2494
        ovr_roc_auc_macro=0.9524 | ovr_pr_auc_macro=0.7595

[TEST] loss=dast
  Test | loss=0.8433 | top1=86.67% | top3=95.44% | acc=86.62% | bal_acc=69.74% | macro_f1=0.7327 | weighted_f1=0.8615 | precision_macro=0.7823 | recall_macro=0.6974 | qwk=0.8279 | mae=0.2671
        ovr_roc_auc_macro=0.9385 | ovr_pr_auc_macro=0.7708
  Confusion Matrix:
[[  39    8    8    1    4    5    0]
 [   2   82    2    1    3   11    2]
 [   5    8  162    0   16   29    0]
 [   1    3    2   10    1    6    0]
 [   2    3   14    0  135   67    2]
 [   4    3   16    2   30 1286    0]
 [   0    0    0    0    0    7   21]]
  Classification Report:
              precision    recall  f1-score   support

       akiec     0.7358    0.6000    0.6610        65
         bcc     0.7664    0.7961    0.7810       103
         bkl     0.7941    0.7364    0.7642       220
          df     0.7143    0.4348    0.5405        23
         mel     0.7143    0.6054    0.6553       223
          nv     0.9114    0.9590    0.9346      1341
        vasc     0.8400    0.7500    0.7925        28

    accuracy                         0.8662      2003
   macro avg     0.7823    0.6974    0.7327      2003
weighted avg     0.8602    0.8662    0.8615      2003


==========================================================================================
Summary CSV saved: E:\Paper\Computer-Vision-for-Medicine\HAM10000_Loss\logs\ResNet_layer2+MECS_20260410_011544_summary.csv
Top results by test_macro_f1:
  dast: macro_f1=0.7327, acc=86.62%, bal_acc=69.74%
Log file saved: E:\Paper\Computer-Vision-for-Medicine\HAM10000_Loss\logs\ResNet_layer2+MECS_20260410_011544.log
==========================================================================================
