==========================================================================================
Script: ResNet_layer3+MECS
Module: MECS | Insert after: layer3
Device: cuda
CUDA: NVIDIA GeForce RTX 4080 SUPER
Data dir: E:\Paper\Computer-Vision-for-Medicine\ISIC
Config | batch_size=32, epochs=50, num_workers=2, image_size=224, base_lr=0.0001, patience=15
Losses to run: ['dast']
==========================================================================================
Split sizes | train=7210, valid=802, test=2003
Classes (7): ['akiec', 'bcc', 'bkl', 'df', 'mel', 'nv', 'vasc']
Train class counts: [262, 411, 879, 92, 890, 5364, 114]
Loading torchvision ResNet50 pretrained weights once...
Pretrained state keys: 320

##########################################################################################
Starting loss: dast
##########################################################################################
Model params: 27,309,383 | pretrained loaded: 320/344 | feat_dim=2048
Criterion: DistanceAwareSoftTargetLoss
Criterion trainable params: 0
Epoch 01/50 | Time 0m35s
  Train | loss=1.4784 | top1=47.19% | top3=74.00%
  Valid | loss=1.3739 | top1=65.26% | top3=83.65% | acc=65.84% | bal_acc=16.83% | macro_f1=0.1606 | weighted_f1=0.5628 | precision_macro=0.2293 | recall_macro=0.1683 | qwk=0.0954 | mae=0.8192
        ovr_roc_auc_macro=0.6719 | ovr_pr_auc_macro=0.2172
  -> best macro_f1 updated to 0.1606 (epoch 1)
Epoch 02/50 | Time 0m34s
  Train | loss=1.2454 | top1=67.01% | top3=83.42%
  Valid | loss=1.1018 | top1=66.59% | top3=82.33% | acc=67.21% | bal_acc=14.74% | macro_f1=0.1246 | weighted_f1=0.5491 | precision_macro=0.1585 | recall_macro=0.1474 | qwk=0.0572 | mae=0.8254
        ovr_roc_auc_macro=0.7677 | ovr_pr_auc_macro=0.2700
Epoch 03/50 | Time 0m35s
  Train | loss=1.0723 | top1=67.58% | top3=84.38%
  Valid | loss=1.0365 | top1=67.67% | top3=84.50% | acc=68.33% | bal_acc=16.34% | macro_f1=0.1495 | weighted_f1=0.5800 | precision_macro=0.1795 | recall_macro=0.1634 | qwk=0.2784 | mae=0.7257
        ovr_roc_auc_macro=0.8170 | ovr_pr_auc_macro=0.3058
Epoch 04/50 | Time 0m34s
  Train | loss=1.0260 | top1=68.96% | top3=86.83%
  Valid | loss=1.0048 | top1=68.87% | top3=87.26% | acc=69.58% | bal_acc=18.23% | macro_f1=0.1715 | weighted_f1=0.6059 | precision_macro=0.2251 | recall_macro=0.1823 | qwk=0.4285 | mae=0.6446
        ovr_roc_auc_macro=0.8586 | ovr_pr_auc_macro=0.3357
  -> best macro_f1 updated to 0.1715 (epoch 4)
Epoch 05/50 | Time 0m35s
  Train | loss=0.9898 | top1=71.07% | top3=90.54%
  Valid | loss=0.9729 | top1=71.75% | top3=90.50% | acc=72.57% | bal_acc=22.52% | macro_f1=0.2134 | weighted_f1=0.6600 | precision_macro=0.2319 | recall_macro=0.2252 | qwk=0.6444 | mae=0.5075
        ovr_roc_auc_macro=0.8838 | ovr_pr_auc_macro=0.3861
  -> best macro_f1 updated to 0.2134 (epoch 5)
Epoch 06/50 | Time 0m33s
  Train | loss=0.9505 | top1=73.32% | top3=93.65%
  Valid | loss=0.9422 | top1=75.36% | top3=92.79% | acc=76.31% | bal_acc=29.32% | macro_f1=0.2885 | weighted_f1=0.7207 | precision_macro=0.4069 | recall_macro=0.2932 | qwk=0.7218 | mae=0.4239
        ovr_roc_auc_macro=0.9003 | ovr_pr_auc_macro=0.4444
  -> best macro_f1 updated to 0.2885 (epoch 6)
Epoch 07/50 | Time 0m34s
  Train | loss=0.9106 | top1=77.32% | top3=94.57%
  Valid | loss=0.9122 | top1=78.85% | top3=92.91% | acc=79.93% | bal_acc=37.94% | macro_f1=0.3746 | weighted_f1=0.7647 | precision_macro=0.3866 | recall_macro=0.3794 | qwk=0.7869 | mae=0.3504
        ovr_roc_auc_macro=0.9236 | ovr_pr_auc_macro=0.5052
  -> best macro_f1 updated to 0.3746 (epoch 7)
Epoch 08/50 | Time 0m34s
  Train | loss=0.8757 | top1=79.83% | top3=95.10%
  Valid | loss=0.8824 | top1=79.93% | top3=93.27% | acc=81.05% | bal_acc=44.64% | macro_f1=0.4697 | weighted_f1=0.7867 | precision_macro=0.5831 | recall_macro=0.4464 | qwk=0.8065 | mae=0.3267
        ovr_roc_auc_macro=0.9341 | ovr_pr_auc_macro=0.5627
  -> best macro_f1 updated to 0.4697 (epoch 8)
Epoch 09/50 | Time 0m35s
  Train | loss=0.8442 | top1=82.93% | top3=96.17%
  Valid | loss=0.9122 | top1=80.53% | top3=94.23% | acc=81.67% | bal_acc=49.74% | macro_f1=0.5247 | weighted_f1=0.7955 | precision_macro=0.5938 | recall_macro=0.4974 | qwk=0.7953 | mae=0.3304
        ovr_roc_auc_macro=0.9304 | ovr_pr_auc_macro=0.6192
  -> best macro_f1 updated to 0.5247 (epoch 9)
Epoch 10/50 | Time 0m35s
  Train | loss=0.8220 | top1=84.93% | top3=96.65%
  Valid | loss=0.9126 | top1=81.37% | top3=93.15% | acc=82.54% | bal_acc=54.79% | macro_f1=0.5688 | weighted_f1=0.8121 | precision_macro=0.5951 | recall_macro=0.5479 | qwk=0.7874 | mae=0.3367
        ovr_roc_auc_macro=0.9293 | ovr_pr_auc_macro=0.6465
  -> best macro_f1 updated to 0.5688 (epoch 10)
Epoch 11/50 | Time 0m35s
  Train | loss=0.7925 | top1=87.49% | top3=97.86%
  Valid | loss=0.8845 | top1=81.13% | top3=93.99% | acc=82.29% | bal_acc=54.49% | macro_f1=0.5754 | weighted_f1=0.8082 | precision_macro=0.6443 | recall_macro=0.5449 | qwk=0.8000 | mae=0.3367
        ovr_roc_auc_macro=0.9326 | ovr_pr_auc_macro=0.6456
  -> best macro_f1 updated to 0.5754 (epoch 11)
Epoch 12/50 | Time 0m35s
  Train | loss=0.7778 | top1=88.76% | top3=98.14%
  Valid | loss=0.8483 | top1=84.98% | top3=96.03% | acc=84.41% | bal_acc=60.04% | macro_f1=0.6316 | weighted_f1=0.8361 | precision_macro=0.6796 | recall_macro=0.6004 | qwk=0.8209 | mae=0.2918
        ovr_roc_auc_macro=0.9470 | ovr_pr_auc_macro=0.7131
  -> best macro_f1 updated to 0.6316 (epoch 12)
Epoch 13/50 | Time 0m34s
  Train | loss=0.7602 | top1=90.17% | top3=98.61%
  Valid | loss=0.8983 | top1=82.93% | top3=93.87% | acc=82.29% | bal_acc=63.99% | macro_f1=0.6641 | weighted_f1=0.8229 | precision_macro=0.7797 | recall_macro=0.6399 | qwk=0.7717 | mae=0.3741
        ovr_roc_auc_macro=0.9332 | ovr_pr_auc_macro=0.7315
  -> best macro_f1 updated to 0.6641 (epoch 13)
Epoch 14/50 | Time 0m35s
  Train | loss=0.7505 | top1=91.08% | top3=98.99%
  Valid | loss=0.8383 | top1=83.65% | top3=96.15% | acc=83.04% | bal_acc=62.00% | macro_f1=0.6509 | weighted_f1=0.8145 | precision_macro=0.7850 | recall_macro=0.6200 | qwk=0.8358 | mae=0.3042
        ovr_roc_auc_macro=0.9466 | ovr_pr_auc_macro=0.7528
Epoch 15/50 | Time 0m35s
  Train | loss=0.7400 | top1=91.99% | top3=98.94%
  Valid | loss=0.8591 | top1=84.38% | top3=94.95% | acc=85.66% | bal_acc=67.06% | macro_f1=0.7365 | weighted_f1=0.8474 | precision_macro=0.8511 | recall_macro=0.6706 | qwk=0.8357 | mae=0.2668
        ovr_roc_auc_macro=0.9454 | ovr_pr_auc_macro=0.7994
  -> best macro_f1 updated to 0.7365 (epoch 15)
Epoch 16/50 | Time 0m35s
  Train | loss=0.7264 | top1=93.24% | top3=99.35%
  Valid | loss=0.8724 | top1=84.50% | top3=94.23% | acc=85.79% | bal_acc=66.21% | macro_f1=0.7159 | weighted_f1=0.8487 | precision_macro=0.8298 | recall_macro=0.6621 | qwk=0.8281 | mae=0.2731
        ovr_roc_auc_macro=0.9574 | ovr_pr_auc_macro=0.8231
Epoch 17/50 | Time 0m36s
  Train | loss=0.7093 | top1=94.75% | top3=99.54%
  Valid | loss=0.8522 | top1=85.22% | top3=94.23% | acc=86.53% | bal_acc=69.30% | macro_f1=0.7491 | weighted_f1=0.8572 | precision_macro=0.8548 | recall_macro=0.6930 | qwk=0.8316 | mae=0.2631
        ovr_roc_auc_macro=0.9461 | ovr_pr_auc_macro=0.7940
  -> best macro_f1 updated to 0.7491 (epoch 17)
Epoch 18/50 | Time 0m35s
  Train | loss=0.7042 | top1=95.24% | top3=99.67%
  Valid | loss=0.8348 | top1=85.94% | top3=96.39% | acc=87.28% | bal_acc=70.78% | macro_f1=0.7707 | weighted_f1=0.8635 | precision_macro=0.8769 | recall_macro=0.7078 | qwk=0.8588 | mae=0.2344
        ovr_roc_auc_macro=0.9499 | ovr_pr_auc_macro=0.8106
  -> best macro_f1 updated to 0.7707 (epoch 18)
Epoch 19/50 | Time 0m35s
  Train | loss=0.6985 | top1=95.76% | top3=99.68%
  Valid | loss=0.8415 | top1=84.01% | top3=96.03% | acc=85.29% | bal_acc=67.94% | macro_f1=0.7209 | weighted_f1=0.8479 | precision_macro=0.8122 | recall_macro=0.6794 | qwk=0.8155 | mae=0.2993
        ovr_roc_auc_macro=0.9545 | ovr_pr_auc_macro=0.8144
Epoch 20/50 | Time 0m35s
  Train | loss=0.6921 | top1=96.46% | top3=99.65%
  Valid | loss=0.8525 | top1=83.89% | top3=96.51% | acc=85.16% | bal_acc=68.03% | macro_f1=0.7256 | weighted_f1=0.8411 | precision_macro=0.8024 | recall_macro=0.6803 | qwk=0.8425 | mae=0.2681
        ovr_roc_auc_macro=0.9433 | ovr_pr_auc_macro=0.8108
Epoch 21/50 | Time 0m35s
  Train | loss=0.6870 | top1=96.82% | top3=99.69%
  Valid | loss=0.8275 | top1=86.06% | top3=96.51% | acc=87.41% | bal_acc=75.62% | macro_f1=0.7822 | weighted_f1=0.8710 | precision_macro=0.8353 | recall_macro=0.7562 | qwk=0.8468 | mae=0.2494
        ovr_roc_auc_macro=0.9527 | ovr_pr_auc_macro=0.8502
  -> best macro_f1 updated to 0.7822 (epoch 21)
Epoch 22/50 | Time 0m35s
  Train | loss=0.6813 | top1=97.24% | top3=99.86%
  Valid | loss=0.8206 | top1=87.74% | top3=96.75% | acc=87.28% | bal_acc=72.89% | macro_f1=0.7745 | weighted_f1=0.8704 | precision_macro=0.8557 | recall_macro=0.7289 | qwk=0.8400 | mae=0.2531
        ovr_roc_auc_macro=0.9509 | ovr_pr_auc_macro=0.8203
Epoch 23/50 | Time 0m35s
  Train | loss=0.6797 | top1=97.62% | top3=99.81%
  Valid | loss=0.8461 | top1=86.78% | top3=95.79% | acc=86.28% | bal_acc=71.30% | macro_f1=0.7665 | weighted_f1=0.8583 | precision_macro=0.8563 | recall_macro=0.7130 | qwk=0.8321 | mae=0.2631
        ovr_roc_auc_macro=0.9524 | ovr_pr_auc_macro=0.8259
Epoch 24/50 | Time 0m35s
  Train | loss=0.6741 | top1=98.03% | top3=99.86%
  Valid | loss=0.8324 | top1=87.62% | top3=95.43% | acc=87.16% | bal_acc=76.79% | macro_f1=0.8029 | weighted_f1=0.8652 | precision_macro=0.8568 | recall_macro=0.7679 | qwk=0.8501 | mae=0.2481
        ovr_roc_auc_macro=0.9494 | ovr_pr_auc_macro=0.8471
  -> best macro_f1 updated to 0.8029 (epoch 24)
Epoch 25/50 | Time 0m35s
  Train | loss=0.6736 | top1=98.01% | top3=99.88%
  Valid | loss=0.8279 | top1=87.98% | top3=96.03% | acc=87.53% | bal_acc=74.39% | macro_f1=0.7879 | weighted_f1=0.8680 | precision_macro=0.8464 | recall_macro=0.7439 | qwk=0.8671 | mae=0.2257
        ovr_roc_auc_macro=0.9549 | ovr_pr_auc_macro=0.8369
Epoch 26/50 | Time 0m35s
  Train | loss=0.6687 | top1=98.46% | top3=99.94%
  Valid | loss=0.8321 | top1=87.38% | top3=95.91% | acc=86.91% | bal_acc=71.21% | macro_f1=0.7716 | weighted_f1=0.8616 | precision_macro=0.8637 | recall_macro=0.7121 | qwk=0.8502 | mae=0.2431
        ovr_roc_auc_macro=0.9384 | ovr_pr_auc_macro=0.7996
Epoch 27/50 | Time 0m35s
  Train | loss=0.6691 | top1=98.33% | top3=99.90%
  Valid | loss=0.8397 | top1=87.74% | top3=95.79% | acc=87.28% | bal_acc=71.68% | macro_f1=0.7644 | weighted_f1=0.8678 | precision_macro=0.8529 | recall_macro=0.7168 | qwk=0.8129 | mae=0.2731
        ovr_roc_auc_macro=0.9498 | ovr_pr_auc_macro=0.8091
Epoch 28/50 | Time 0m35s
  Train | loss=0.6644 | top1=98.79% | top3=99.92%
  Valid | loss=0.8264 | top1=88.10% | top3=95.91% | acc=87.66% | bal_acc=69.56% | macro_f1=0.7519 | weighted_f1=0.8708 | precision_macro=0.8615 | recall_macro=0.6956 | qwk=0.8503 | mae=0.2406
        ovr_roc_auc_macro=0.9492 | ovr_pr_auc_macro=0.8269
Epoch 29/50 | Time 0m35s
  Train | loss=0.6597 | top1=99.21% | top3=99.97%
  Valid | loss=0.8348 | top1=85.82% | top3=96.39% | acc=87.16% | bal_acc=73.77% | macro_f1=0.7785 | weighted_f1=0.8660 | precision_macro=0.8461 | recall_macro=0.7377 | qwk=0.8439 | mae=0.2531
        ovr_roc_auc_macro=0.9571 | ovr_pr_auc_macro=0.8398
Epoch 30/50 | Time 0m34s
  Train | loss=0.6596 | top1=99.22% | top3=99.97%
  Valid | loss=0.8219 | top1=88.34% | top3=96.27% | acc=87.91% | bal_acc=74.43% | macro_f1=0.7863 | weighted_f1=0.8748 | precision_macro=0.8434 | recall_macro=0.7443 | qwk=0.8397 | mae=0.2494
        ovr_roc_auc_macro=0.9545 | ovr_pr_auc_macro=0.8451
Epoch 31/50 | Time 0m34s
  Train | loss=0.6592 | top1=99.21% | top3=99.92%
  Valid | loss=0.8128 | top1=88.70% | top3=96.63% | acc=88.28% | bal_acc=74.66% | macro_f1=0.7906 | weighted_f1=0.8780 | precision_macro=0.8528 | recall_macro=0.7466 | qwk=0.8574 | mae=0.2294
        ovr_roc_auc_macro=0.9613 | ovr_pr_auc_macro=0.8482
Epoch 32/50 | Time 0m34s
  Train | loss=0.6571 | top1=99.33% | top3=100.00%
  Valid | loss=0.8427 | top1=87.74% | top3=95.07% | acc=87.28% | bal_acc=70.61% | macro_f1=0.7583 | weighted_f1=0.8701 | precision_macro=0.8491 | recall_macro=0.7061 | qwk=0.8263 | mae=0.2618
        ovr_roc_auc_macro=0.9548 | ovr_pr_auc_macro=0.8222
Epoch 33/50 | Time 0m34s
  Train | loss=0.6581 | top1=99.32% | top3=99.93%
  Valid | loss=0.8277 | top1=88.34% | top3=95.55% | acc=87.91% | bal_acc=71.48% | macro_f1=0.7661 | weighted_f1=0.8739 | precision_macro=0.8516 | recall_macro=0.7148 | qwk=0.8513 | mae=0.2357
        ovr_roc_auc_macro=0.9458 | ovr_pr_auc_macro=0.8245
Epoch 34/50 | Time 0m35s
  Train | loss=0.6565 | top1=99.35% | top3=99.94%
  Valid | loss=0.8220 | top1=87.62% | top3=95.79% | acc=89.03% | bal_acc=74.03% | macro_f1=0.7937 | weighted_f1=0.8858 | precision_macro=0.8740 | recall_macro=0.7403 | qwk=0.8507 | mae=0.2269
        ovr_roc_auc_macro=0.9566 | ovr_pr_auc_macro=0.8404
Epoch 35/50 | Time 0m35s
  Train | loss=0.6540 | top1=99.61% | top3=99.96%
  Valid | loss=0.8240 | top1=88.34% | top3=95.91% | acc=87.91% | bal_acc=74.45% | macro_f1=0.7923 | weighted_f1=0.8735 | precision_macro=0.8690 | recall_macro=0.7445 | qwk=0.8427 | mae=0.2444
        ovr_roc_auc_macro=0.9542 | ovr_pr_auc_macro=0.8489
Epoch 36/50 | Time 0m35s
  Train | loss=0.6522 | top1=99.69% | top3=100.00%
  Valid | loss=0.8419 | top1=85.82% | top3=95.55% | acc=87.16% | bal_acc=74.49% | macro_f1=0.7849 | weighted_f1=0.8650 | precision_macro=0.8556 | recall_macro=0.7449 | qwk=0.8199 | mae=0.2743
        ovr_roc_auc_macro=0.9496 | ovr_pr_auc_macro=0.8311
Epoch 37/50 | Time 0m34s
  Train | loss=0.6522 | top1=99.74% | top3=100.00%
  Valid | loss=0.8438 | top1=86.30% | top3=96.15% | acc=87.66% | bal_acc=74.24% | macro_f1=0.8041 | weighted_f1=0.8721 | precision_macro=0.8887 | recall_macro=0.7424 | qwk=0.8216 | mae=0.2606
        ovr_roc_auc_macro=0.9547 | ovr_pr_auc_macro=0.8451
  -> best macro_f1 updated to 0.8041 (epoch 37)
Epoch 38/50 | Time 0m35s
  Train | loss=0.6518 | top1=99.65% | top3=100.00%
  Valid | loss=0.8351 | top1=88.94% | top3=95.55% | acc=88.53% | bal_acc=75.19% | macro_f1=0.8000 | weighted_f1=0.8798 | precision_macro=0.8792 | recall_macro=0.7519 | qwk=0.8490 | mae=0.2344
        ovr_roc_auc_macro=0.9464 | ovr_pr_auc_macro=0.8224
Epoch 39/50 | Time 0m34s
  Train | loss=0.6519 | top1=99.65% | top3=99.97%
  Valid | loss=0.8262 | top1=87.98% | top3=96.03% | acc=89.40% | bal_acc=74.92% | macro_f1=0.7991 | weighted_f1=0.8906 | precision_macro=0.8658 | recall_macro=0.7492 | qwk=0.8460 | mae=0.2269
        ovr_roc_auc_macro=0.9572 | ovr_pr_auc_macro=0.8534
Epoch 40/50 | Time 0m35s
  Train | loss=0.6515 | top1=99.72% | top3=99.97%
  Valid | loss=0.8253 | top1=87.62% | top3=95.91% | acc=89.03% | bal_acc=74.45% | macro_f1=0.8008 | weighted_f1=0.8869 | precision_macro=0.8846 | recall_macro=0.7445 | qwk=0.8486 | mae=0.2282
        ovr_roc_auc_macro=0.9559 | ovr_pr_auc_macro=0.8503
Epoch 41/50 | Time 0m34s
  Train | loss=0.6516 | top1=99.72% | top3=99.97%
  Valid | loss=0.8317 | top1=87.14% | top3=96.27% | acc=88.53% | bal_acc=73.57% | macro_f1=0.7967 | weighted_f1=0.8789 | precision_macro=0.8876 | recall_macro=0.7357 | qwk=0.8471 | mae=0.2307
        ovr_roc_auc_macro=0.9417 | ovr_pr_auc_macro=0.8232
Epoch 42/50 | Time 0m33s
  Train | loss=0.6496 | top1=99.86% | top3=100.00%
  Valid | loss=0.8245 | top1=87.02% | top3=95.79% | acc=88.40% | bal_acc=73.93% | macro_f1=0.7877 | weighted_f1=0.8811 | precision_macro=0.8650 | recall_macro=0.7393 | qwk=0.8435 | mae=0.2419
        ovr_roc_auc_macro=0.9502 | ovr_pr_auc_macro=0.8430
Epoch 43/50 | Time 0m35s
  Train | loss=0.6500 | top1=99.85% | top3=100.00%
  Valid | loss=0.8213 | top1=87.62% | top3=96.15% | acc=89.03% | bal_acc=75.28% | macro_f1=0.7963 | weighted_f1=0.8866 | precision_macro=0.8655 | recall_macro=0.7528 | qwk=0.8506 | mae=0.2269
        ovr_roc_auc_macro=0.9580 | ovr_pr_auc_macro=0.8488
Epoch 44/50 | Time 0m35s
  Train | loss=0.6504 | top1=99.74% | top3=99.99%
  Valid | loss=0.8166 | top1=87.74% | top3=96.27% | acc=89.15% | bal_acc=75.37% | macro_f1=0.8017 | weighted_f1=0.8869 | precision_macro=0.8764 | recall_macro=0.7537 | qwk=0.8543 | mae=0.2232
        ovr_roc_auc_macro=0.9581 | ovr_pr_auc_macro=0.8430
Epoch 45/50 | Time 0m35s
  Train | loss=0.6493 | top1=99.88% | top3=99.99%
  Valid | loss=0.8190 | top1=87.38% | top3=96.03% | acc=88.78% | bal_acc=74.07% | macro_f1=0.7934 | weighted_f1=0.8838 | precision_macro=0.8753 | recall_macro=0.7407 | qwk=0.8448 | mae=0.2357
        ovr_roc_auc_macro=0.9546 | ovr_pr_auc_macro=0.8389
Epoch 46/50 | Time 0m35s
  Train | loss=0.6494 | top1=99.81% | top3=100.00%
  Valid | loss=0.8154 | top1=88.34% | top3=96.03% | acc=89.78% | bal_acc=75.14% | macro_f1=0.8061 | weighted_f1=0.8941 | precision_macro=0.8880 | recall_macro=0.7514 | qwk=0.8637 | mae=0.2082
        ovr_roc_auc_macro=0.9549 | ovr_pr_auc_macro=0.8529
  -> best macro_f1 updated to 0.8061 (epoch 46)
Epoch 47/50 | Time 0m32s
  Train | loss=0.6486 | top1=99.90% | top3=100.00%
  Valid | loss=0.8151 | top1=88.34% | top3=96.03% | acc=89.78% | bal_acc=76.30% | macro_f1=0.8142 | weighted_f1=0.8943 | precision_macro=0.8895 | recall_macro=0.7630 | qwk=0.8609 | mae=0.2107
        ovr_roc_auc_macro=0.9540 | ovr_pr_auc_macro=0.8422
  -> best macro_f1 updated to 0.8142 (epoch 47)
Epoch 48/50 | Time 0m35s
  Train | loss=0.6491 | top1=99.86% | top3=100.00%
  Valid | loss=0.8136 | top1=87.98% | top3=96.27% | acc=89.40% | bal_acc=74.79% | macro_f1=0.8022 | weighted_f1=0.8901 | precision_macro=0.8844 | recall_macro=0.7479 | qwk=0.8599 | mae=0.2157
        ovr_roc_auc_macro=0.9552 | ovr_pr_auc_macro=0.8544
Epoch 49/50 | Time 0m35s
  Train | loss=0.6493 | top1=99.88% | top3=100.00%
  Valid | loss=0.8162 | top1=87.86% | top3=96.39% | acc=89.28% | bal_acc=76.14% | macro_f1=0.8055 | weighted_f1=0.8904 | precision_macro=0.8732 | recall_macro=0.7614 | qwk=0.8503 | mae=0.2269
        ovr_roc_auc_macro=0.9577 | ovr_pr_auc_macro=0.8506
Epoch 50/50 | Time 0m35s
  Train | loss=0.6491 | top1=99.86% | top3=100.00%
  Valid | loss=0.8143 | top1=88.58% | top3=96.27% | acc=90.02% | bal_acc=77.15% | macro_f1=0.8187 | weighted_f1=0.8974 | precision_macro=0.8891 | recall_macro=0.7715 | qwk=0.8657 | mae=0.2045
        ovr_roc_auc_macro=0.9554 | ovr_pr_auc_macro=0.8431
  -> best macro_f1 updated to 0.8187 (epoch 50)

[TEST] loss=dast
  Test | loss=0.8104 | top1=88.21% | top3=96.54% | acc=88.17% | bal_acc=77.80% | macro_f1=0.8127 | weighted_f1=0.8794 | precision_macro=0.8604 | recall_macro=0.7780 | qwk=0.8781 | mae=0.2132
        ovr_roc_auc_macro=0.9575 | ovr_pr_auc_macro=0.8465
  Confusion Matrix:
[[  48    4    8    0    3    2    0]
 [   4   88    1    0    1    9    0]
 [   9    5  161    0   15   30    0]
 [   0    2    1   15    2    3    0]
 [   1    4    9    0  146   62    1]
 [   1    2    8    0   46 1284    0]
 [   0    0    0    0    0    4   24]]
  Classification Report:
              precision    recall  f1-score   support

       akiec     0.7619    0.7385    0.7500        65
         bcc     0.8381    0.8544    0.8462       103
         bkl     0.8564    0.7318    0.7892       220
          df     1.0000    0.6522    0.7895        23
         mel     0.6854    0.6547    0.6697       223
          nv     0.9211    0.9575    0.9389      1341
        vasc     0.9600    0.8571    0.9057        28

    accuracy                         0.8817      2003
   macro avg     0.8604    0.7780    0.8127      2003
weighted avg     0.8798    0.8817    0.8794      2003


==========================================================================================
Summary CSV saved: E:\Paper\Computer-Vision-for-Medicine\HAM10000_Loss\logs\ResNet_layer3+MECS_20260410_004326_summary.csv
Top results by test_macro_f1:
  dast: macro_f1=0.8127, acc=88.17%, bal_acc=77.80%
Log file saved: E:\Paper\Computer-Vision-for-Medicine\HAM10000_Loss\logs\ResNet_layer3+MECS_20260410_004326.log
==========================================================================================
