
------------------------------------------------------------
▶️ 正在运行: 目录 [../Knee] -> 脚本 [ResNet_baseline+WCE.py]
📝 日志保存至: ../Knee/logs\../Knee_ResNet_baseline+WCE.log
🕒 开始于: 2026-03-20 12:22:55.416648
------------------------------------------------------------
Starting Knee Osteoarthritis ResNet50 Baseline...
Using device: cuda
CUDA device: NVIDIA GeForce RTX 4080 SUPER
Class mapping from folders: {'0': 0, '1': 1, '2': 2, '3': 3, '4': 4}

Train samples: 5778
Train class distribution:
  0_Normal: 2286
  1_Doubtful: 1046
  2_Mild: 1516
  3_Moderate: 757
  4_Severe: 173

Valid samples: 826
Valid class distribution:
  0_Normal: 328
  1_Doubtful: 153
  2_Mild: 212
  3_Moderate: 106
  4_Severe: 27

Test samples: 1656
Test class distribution:
  0_Normal: 639
  1_Doubtful: 296
  2_Mild: 447
  3_Moderate: 223
  4_Severe: 51

AutoTest samples: 1526
AutoTest class distribution:
  0_Normal: 604
  1_Doubtful: 275
  2_Mild: 403
  3_Moderate: 200
  4_Severe: 44

Split sizes | train=5778, valid=826, test=1656, auto_test=1526
Loading pretrained ResNet50...
Trainable parameters: 23,518,277

[INFO] Class counts in training set: [2286 1046 1516  757  173]
[INFO] Calculated class weights: [0.5055118  1.1047801  0.76226914 1.5265522  6.6797686 ]
Starting training...

Epoch 01/50 | Time 0m 38s
  Train | loss=1.6002 | top1=30.50% | top2=55.05% | top3=77.05%
  Valid | loss=1.5391 | top1=37.41% | top2=59.96% | top3=79.78% | acc=37.65% | bal_acc=24.21% | macro_f1=0.2301 | qwk=0.2138 | mae=1.0908 | weighted_f1=0.3321 | precision_macro=0.2928 | recall_macro=0.2421
         ovr_roc_auc_macro=0.6234 | ovr_pr_auc_macro=0.2754
 Initial best model saved to best_resnet50_knee_oa_wce.pt (QWK=0.2138)

Epoch 02/50 | Time 0m 38s
  Train | loss=1.4264 | top1=37.70% | top2=63.88% | top3=84.65%
  Valid | loss=1.1650 | top1=48.35% | top2=76.80% | top3=92.91% | acc=48.06% | bal_acc=55.03% | macro_f1=0.5021 | qwk=0.6358 | mae=0.6913 | weighted_f1=0.4835 | precision_macro=0.4814 | recall_macro=0.5503
         ovr_roc_auc_macro=0.8021 | ovr_pr_auc_macro=0.5306
 Validation improved. Saved best model to best_resnet50_knee_oa_wce.pt (QWK=0.6358)

Epoch 03/50 | Time 0m 39s
  Train | loss=0.9542 | top1=53.13% | top2=80.32% | top3=95.89%
  Valid | loss=0.9937 | top1=56.77% | top2=83.05% | top3=96.88% | acc=56.54% | bal_acc=59.67% | macro_f1=0.5519 | qwk=0.7052 | mae=0.5847 | weighted_f1=0.5454 | precision_macro=0.5275 | recall_macro=0.5967
         ovr_roc_auc_macro=0.8360 | ovr_pr_auc_macro=0.6144
 Validation improved. Saved best model to best_resnet50_knee_oa_wce.pt (QWK=0.7052)

Epoch 04/50 | Time 0m 39s
  Train | loss=0.8448 | top1=57.86% | top2=84.31% | top3=97.53%
  Valid | loss=0.9785 | top1=54.22% | top2=82.93% | top3=97.12% | acc=54.00% | bal_acc=62.15% | macro_f1=0.5919 | qwk=0.7283 | mae=0.5400 | weighted_f1=0.5531 | precision_macro=0.6059 | recall_macro=0.6215
         ovr_roc_auc_macro=0.8608 | ovr_pr_auc_macro=0.6655
 Validation improved. Saved best model to best_resnet50_knee_oa_wce.pt (QWK=0.7283)

Epoch 05/50 | Time 0m 39s
  Train | loss=0.7774 | top1=61.54% | top2=86.82% | top3=98.17%
  Valid | loss=0.9276 | top1=60.43% | top2=84.50% | top3=96.03% | acc=60.17% | bal_acc=64.82% | macro_f1=0.6097 | qwk=0.7512 | mae=0.5024 | weighted_f1=0.6006 | precision_macro=0.5850 | recall_macro=0.6482
         ovr_roc_auc_macro=0.8646 | ovr_pr_auc_macro=0.6601
 Validation improved. Saved best model to best_resnet50_knee_oa_wce.pt (QWK=0.7512)

Epoch 06/50 | Time 0m 37s
  Train | loss=0.7251 | top1=63.99% | top2=87.75% | top3=98.38%
  Valid | loss=0.9121 | top1=62.18% | top2=84.59% | top3=97.00% | acc=61.99% | bal_acc=65.95% | macro_f1=0.6269 | qwk=0.7467 | mae=0.4976 | weighted_f1=0.6053 | precision_macro=0.6119 | recall_macro=0.6595
         ovr_roc_auc_macro=0.8710 | ovr_pr_auc_macro=0.6878
 No improvement. Bad epochs: 1/10

Epoch 07/50 | Time 0m 36s
  Train | loss=0.6492 | top1=66.56% | top2=89.62% | top3=99.02%
  Valid | loss=0.9001 | top1=64.11% | top2=86.36% | top3=98.92% | acc=64.04% | bal_acc=62.17% | macro_f1=0.6311 | qwk=0.7781 | mae=0.4564 | weighted_f1=0.6125 | precision_macro=0.6805 | recall_macro=0.6217
         ovr_roc_auc_macro=0.8726 | ovr_pr_auc_macro=0.6984
 Validation improved. Saved best model to best_resnet50_knee_oa_wce.pt (QWK=0.7781)

Epoch 08/50 | Time 0m 38s
  Train | loss=0.6118 | top1=68.26% | top2=90.39% | top3=99.17%
  Valid | loss=1.0261 | top1=57.58% | top2=81.82% | top3=96.27% | acc=57.38% | bal_acc=62.78% | macro_f1=0.5959 | qwk=0.6881 | mae=0.5811 | weighted_f1=0.5651 | precision_macro=0.5939 | recall_macro=0.6278
         ovr_roc_auc_macro=0.8633 | ovr_pr_auc_macro=0.6841
 No improvement. Bad epochs: 1/10

Epoch 09/50 | Time 0m 38s
  Train | loss=0.5682 | top1=70.95% | top2=91.27% | top3=99.36%
  Valid | loss=0.8377 | top1=65.85% | top2=89.06% | top3=98.80% | acc=65.74% | bal_acc=66.42% | macro_f1=0.6799 | qwk=0.8043 | mae=0.4104 | weighted_f1=0.6560 | precision_macro=0.7021 | recall_macro=0.6642
         ovr_roc_auc_macro=0.8857 | ovr_pr_auc_macro=0.7113
 Validation improved. Saved best model to best_resnet50_knee_oa_wce.pt (QWK=0.8043)

Epoch 10/50 | Time 0m 39s
  Train | loss=0.5412 | top1=72.24% | top2=92.17% | top3=99.55%
  Valid | loss=1.0215 | top1=58.75% | top2=87.26% | top3=98.80% | acc=58.47% | bal_acc=63.97% | macro_f1=0.6143 | qwk=0.7815 | mae=0.4697 | weighted_f1=0.6046 | precision_macro=0.6452 | recall_macro=0.6397
         ovr_roc_auc_macro=0.8656 | ovr_pr_auc_macro=0.6839
 No improvement. Bad epochs: 1/10

Epoch 11/50 | Time 0m 39s
  Train | loss=0.5039 | top1=74.31% | top2=93.18% | top3=99.57%
  Valid | loss=1.0686 | top1=59.11% | top2=85.34% | top3=98.80% | acc=58.84% | bal_acc=59.73% | macro_f1=0.5722 | qwk=0.7581 | mae=0.5097 | weighted_f1=0.5692 | precision_macro=0.6000 | recall_macro=0.5973
         ovr_roc_auc_macro=0.8611 | ovr_pr_auc_macro=0.6694
 No improvement. Bad epochs: 2/10

Epoch 12/50 | Time 0m 38s
  Train | loss=0.4871 | top1=75.77% | top2=94.04% | top3=99.46%
  Valid | loss=1.0076 | top1=62.36% | top2=88.89% | top3=98.68% | acc=62.23% | bal_acc=61.55% | macro_f1=0.6269 | qwk=0.7702 | mae=0.4649 | weighted_f1=0.6142 | precision_macro=0.6477 | recall_macro=0.6155
         ovr_roc_auc_macro=0.8706 | ovr_pr_auc_macro=0.6911
 No improvement. Bad epochs: 3/10

Epoch 13/50 | Time 0m 39s
  Train | loss=0.4375 | top1=79.26% | top2=94.91% | top3=99.60%
  Valid | loss=1.0627 | top1=58.18% | top2=86.54% | top3=98.68% | acc=57.99% | bal_acc=63.77% | macro_f1=0.6259 | qwk=0.7674 | mae=0.4843 | weighted_f1=0.5981 | precision_macro=0.6394 | recall_macro=0.6377
         ovr_roc_auc_macro=0.8726 | ovr_pr_auc_macro=0.6896
 No improvement. Bad epochs: 4/10

Epoch 14/50 | Time 0m 39s
  Train | loss=0.3653 | top1=81.87% | top2=95.94% | top3=99.81%
  Valid | loss=1.1270 | top1=56.20% | top2=88.10% | top3=98.92% | acc=56.05% | bal_acc=62.60% | macro_f1=0.6241 | qwk=0.7700 | mae=0.4879 | weighted_f1=0.5829 | precision_macro=0.6716 | recall_macro=0.6260
         ovr_roc_auc_macro=0.8746 | ovr_pr_auc_macro=0.7027
 No improvement. Bad epochs: 5/10

Epoch 15/50 | Time 0m 40s
  Train | loss=0.3431 | top1=83.26% | top2=96.53% | top3=99.84%
  Valid | loss=1.1767 | top1=57.34% | top2=86.90% | top3=98.56% | acc=57.14% | bal_acc=61.36% | macro_f1=0.6062 | qwk=0.7629 | mae=0.5012 | weighted_f1=0.5791 | precision_macro=0.6347 | recall_macro=0.6136
         ovr_roc_auc_macro=0.8619 | ovr_pr_auc_macro=0.6783
 No improvement. Bad epochs: 6/10

Epoch 16/50 | Time 0m 39s
  Train | loss=0.2997 | top1=85.50% | top2=97.20% | top3=99.86%
  Valid | loss=1.1644 | top1=60.80% | top2=87.38% | top3=98.32% | acc=60.65% | bal_acc=65.77% | macro_f1=0.6477 | qwk=0.7594 | mae=0.4746 | weighted_f1=0.6197 | precision_macro=0.6533 | recall_macro=0.6577
         ovr_roc_auc_macro=0.8756 | ovr_pr_auc_macro=0.6996
 No improvement. Bad epochs: 7/10

Epoch 17/50 | Time 0m 38s
  Train | loss=0.2572 | top1=87.56% | top2=97.83% | top3=99.83%
  Valid | loss=1.3676 | top1=62.74% | top2=84.86% | top3=97.96% | acc=62.47% | bal_acc=64.52% | macro_f1=0.5864 | qwk=0.7712 | mae=0.4831 | weighted_f1=0.5899 | precision_macro=0.5666 | recall_macro=0.6452
         ovr_roc_auc_macro=0.8540 | ovr_pr_auc_macro=0.6567
 No improvement. Bad epochs: 8/10

Epoch 18/50 | Time 0m 39s
  Train | loss=0.2583 | top1=87.52% | top2=98.05% | top3=99.95%
  Valid | loss=1.2519 | top1=60.13% | top2=87.50% | top3=98.56% | acc=59.93% | bal_acc=64.05% | macro_f1=0.6431 | qwk=0.7725 | mae=0.4673 | weighted_f1=0.6128 | precision_macro=0.6630 | recall_macro=0.6405
         ovr_roc_auc_macro=0.8695 | ovr_pr_auc_macro=0.6847
 No improvement. Bad epochs: 9/10

Epoch 19/50 | Time 0m 38s
  Train | loss=0.2033 | top1=90.40% | top2=98.62% | top3=99.91%
  Valid | loss=1.3160 | top1=63.02% | top2=88.22% | top3=98.56% | acc=62.83% | bal_acc=65.73% | macro_f1=0.6450 | qwk=0.7764 | mae=0.4600 | weighted_f1=0.6248 | precision_macro=0.6351 | recall_macro=0.6573
         ovr_roc_auc_macro=0.8629 | ovr_pr_auc_macro=0.6715
 No improvement. Bad epochs: 10/10
⏹ Early stopping triggered.
 Training stopped early at epoch 19.

Loading best model and evaluating on test set...
Best validation QWK: 0.8043

Test | loss=0.7536 | top1=68.47% | top2=90.36% | top3=99.34% | acc=68.36% | bal_acc=69.58% | macro_f1=0.6985 | qwk=0.8381 | mae=0.3665 | weighted_f1=0.6791 | precision_macro=0.7094 | recall_macro=0.6958
     ovr_roc_auc_macro=0.9020 | ovr_pr_auc_macro=0.7432

Confusion Matrix:
[[544  80  15   0   0]
 [137 104  48   7   0]
 [ 51 111 249  36   0]
 [  1   8  19 191   4]
 [  0   0   0   7  44]]

Classification Report:
              precision    recall  f1-score   support

    0_Normal     0.7422    0.8513    0.7930       639
  1_Doubtful     0.3432    0.3514    0.3472       296
      2_Mild     0.7523    0.5570    0.6401       447
  3_Moderate     0.7925    0.8565    0.8233       223
    4_Severe     0.9167    0.8627    0.8889        51

    accuracy                         0.6836      1656
   macro avg     0.7094    0.6958    0.6985      1656
weighted avg     0.6857    0.6836    0.6791      1656


Evaluating on auto_test set...

AutoTest | loss=0.7576 | top1=67.13% | top2=90.33% | top3=99.54% | acc=66.97% | bal_acc=66.82% | macro_f1=0.6752 | qwk=0.8258 | mae=0.3853 | weighted_f1=0.6631 | precision_macro=0.6921 | recall_macro=0.6682
         ovr_roc_auc_macro=0.9012 | ovr_pr_auc_macro=0.7465

Knee Osteoarthritis ResNet50 baseline completed!

✅ 运行完毕: [ResNet_baseline+WCE.py] | 退出码: 0
🕒 结束于: 2026-03-20 12:35:48.531106
