D:\ProgramData\miniconda3\envs\Paper\python.exe E:\Paper\Computer-Vision-for-Medicine\Knee\ResNet_baseline+Loss4.py
Starting Knee Osteoarthritis ResNet50 Baseline...
Using device: cuda
CUDA device: NVIDIA GeForce RTX 4080 SUPER
Class mapping from folders: {'0': 0, '1': 1, '2': 2, '3': 3, '4': 4}

Train samples: 5778
Train class distribution:
  0_Normal: 2286
  1_Doubtful: 1046
  2_Mild: 1516
  3_Moderate: 757
  4_Severe: 173

Valid samples: 826
Valid class distribution:
  0_Normal: 328
  1_Doubtful: 153
  2_Mild: 212
  3_Moderate: 106
  4_Severe: 27

Test samples: 1656
Test class distribution:
  0_Normal: 639
  1_Doubtful: 296
  2_Mild: 447
  3_Moderate: 223
  4_Severe: 51

AutoTest samples: 1526
AutoTest class distribution:
  0_Normal: 604
  1_Doubtful: 275
  2_Mild: 403
  3_Moderate: 200
  4_Severe: 44

Split sizes | train=5778, valid=826, test=1656, auto_test=1526
Loading pretrained ResNet50...
Trainable parameters: 23,518,277

[INFO] Class counts in training set: [2286 1046 1516  757  173]

[INFO] Using Distance-Aware Soft Target Loss (DAST)
       - Feature: Clinically-aware ordinal grading
       - Behavior: Allows ambiguity for adjacent grades, strongly penalizes far-away mistakes
Starting training...

Epoch 01/50 | Time 0m 38s
  Train | loss=1.0366 | top1=39.03% | top2=61.27% | top3=83.16%
  Valid | loss=1.0036 | top1=40.50% | top2=61.18% | top3=83.29% | acc=40.80% | bal_acc=21.16% | macro_f1=0.1422 | qwk=0.0520 | mae=1.1598 | weighted_f1=0.2602 | precision_macro=0.2422 | recall_macro=0.2116
         ovr_roc_auc_macro=0.6602 | ovr_pr_auc_macro=0.3053
 Initial best model saved to best_resnet50_knee_oa_DAST.pt (QWK=0.0520)

Epoch 02/50 | Time 0m 37s
  Train | loss=0.9390 | top1=47.28% | top2=70.06% | top3=88.40%
  Valid | loss=0.8810 | top1=51.20% | top2=75.36% | top3=94.22% | acc=51.57% | bal_acc=34.93% | macro_f1=0.3388 | qwk=0.5829 | mae=0.6792 | weighted_f1=0.4709 | precision_macro=0.3882 | recall_macro=0.3493
         ovr_roc_auc_macro=0.7871 | ovr_pr_auc_macro=0.4783
 Validation improved. Saved best model to best_resnet50_knee_oa_DAST.pt (QWK=0.5829)

Epoch 03/50 | Time 0m 37s
  Train | loss=0.8294 | top1=56.21% | top2=80.55% | top3=96.50%
  Valid | loss=0.7998 | top1=59.85% | top2=83.09% | top3=96.88% | acc=60.17% | bal_acc=46.96% | macro_f1=0.4457 | qwk=0.7147 | mae=0.5400 | weighted_f1=0.5299 | precision_macro=0.5601 | recall_macro=0.4696
         ovr_roc_auc_macro=0.8424 | ovr_pr_auc_macro=0.6011
 Validation improved. Saved best model to best_resnet50_knee_oa_DAST.pt (QWK=0.7147)

Epoch 04/50 | Time 0m 37s
  Train | loss=0.7764 | top1=62.64% | top2=86.19% | top3=98.12%
  Valid | loss=0.7902 | top1=61.46% | top2=84.38% | top3=96.03% | acc=61.26% | bal_acc=65.66% | macro_f1=0.6376 | qwk=0.7433 | mae=0.4976 | weighted_f1=0.6117 | precision_macro=0.6238 | recall_macro=0.6566
         ovr_roc_auc_macro=0.8643 | ovr_pr_auc_macro=0.6834
 Validation improved. Saved best model to best_resnet50_knee_oa_DAST.pt (QWK=0.7433)

Epoch 05/50 | Time 0m 39s
  Train | loss=0.7466 | top1=65.55% | top2=88.63% | top3=98.90%
  Valid | loss=0.7985 | top1=64.77% | top2=87.56% | top3=98.32% | acc=64.65% | bal_acc=60.03% | macro_f1=0.5986 | qwk=0.7702 | mae=0.4588 | weighted_f1=0.5964 | precision_macro=0.6752 | recall_macro=0.6003
         ovr_roc_auc_macro=0.8568 | ovr_pr_auc_macro=0.6890
 Validation improved. Saved best model to best_resnet50_knee_oa_DAST.pt (QWK=0.7702)

Epoch 06/50 | Time 0m 37s
  Train | loss=0.7233 | top1=68.31% | top2=90.17% | top3=98.95%
  Valid | loss=0.7521 | top1=64.82% | top2=87.74% | top3=97.36% | acc=64.65% | bal_acc=65.10% | macro_f1=0.6185 | qwk=0.7751 | mae=0.4564 | weighted_f1=0.6070 | precision_macro=0.6217 | recall_macro=0.6510
         ovr_roc_auc_macro=0.8851 | ovr_pr_auc_macro=0.7160
 Validation improved. Saved best model to best_resnet50_knee_oa_DAST.pt (QWK=0.7751)

Epoch 07/50 | Time 0m 38s
  Train | loss=0.7077 | top1=70.63% | top2=91.30% | top3=99.26%
  Valid | loss=0.8393 | top1=61.93% | top2=85.19% | top3=98.68% | acc=61.99% | bal_acc=56.44% | macro_f1=0.5715 | qwk=0.7501 | mae=0.5024 | weighted_f1=0.5675 | precision_macro=0.6549 | recall_macro=0.5644
         ovr_roc_auc_macro=0.8651 | ovr_pr_auc_macro=0.7004
 No improvement. Bad epochs: 1/10

Epoch 08/50 | Time 0m 41s
  Train | loss=0.6922 | top1=72.36% | top2=92.71% | top3=99.36%
  Valid | loss=0.7797 | top1=64.04% | top2=86.66% | top3=96.15% | acc=63.92% | bal_acc=63.26% | macro_f1=0.6022 | qwk=0.7526 | mae=0.4818 | weighted_f1=0.6002 | precision_macro=0.6167 | recall_macro=0.6326
         ovr_roc_auc_macro=0.8820 | ovr_pr_auc_macro=0.7100
 No improvement. Bad epochs: 2/10

Epoch 09/50 | Time 0m 39s
  Train | loss=0.6829 | top1=73.77% | top2=93.10% | top3=99.41%
  Valid | loss=0.7658 | top1=66.15% | top2=88.29% | top3=97.72% | acc=66.10% | bal_acc=63.72% | macro_f1=0.6582 | qwk=0.7762 | mae=0.4322 | weighted_f1=0.6454 | precision_macro=0.6980 | recall_macro=0.6372
         ovr_roc_auc_macro=0.8796 | ovr_pr_auc_macro=0.7182
 Validation improved. Saved best model to best_resnet50_knee_oa_DAST.pt (QWK=0.7762)

Epoch 10/50 | Time 0m 38s
  Train | loss=0.6686 | top1=75.49% | top2=94.03% | top3=99.60%
  Valid | loss=0.7673 | top1=63.98% | top2=87.59% | top3=98.56% | acc=63.80% | bal_acc=64.56% | macro_f1=0.6461 | qwk=0.7833 | mae=0.4431 | weighted_f1=0.6331 | precision_macro=0.6652 | recall_macro=0.6456
         ovr_roc_auc_macro=0.8748 | ovr_pr_auc_macro=0.7138
 Validation improved. Saved best model to best_resnet50_knee_oa_DAST.pt (QWK=0.7833)

Epoch 11/50 | Time 0m 38s
  Train | loss=0.6509 | top1=77.80% | top2=95.15% | top3=99.71%
  Valid | loss=0.8213 | top1=64.28% | top2=87.62% | top3=98.32% | acc=64.04% | bal_acc=63.99% | macro_f1=0.6276 | qwk=0.7767 | mae=0.4576 | weighted_f1=0.6154 | precision_macro=0.6475 | recall_macro=0.6399
         ovr_roc_auc_macro=0.8610 | ovr_pr_auc_macro=0.6950
 No improvement. Bad epochs: 1/10

Epoch 12/50 | Time 0m 36s
  Train | loss=0.6449 | top1=78.99% | top2=95.94% | top3=99.72%
  Valid | loss=0.8043 | top1=65.51% | top2=87.83% | top3=98.32% | acc=65.38% | bal_acc=63.94% | macro_f1=0.6438 | qwk=0.7888 | mae=0.4370 | weighted_f1=0.6248 | precision_macro=0.6719 | recall_macro=0.6394
         ovr_roc_auc_macro=0.8748 | ovr_pr_auc_macro=0.7140
 Validation improved. Saved best model to best_resnet50_knee_oa_DAST.pt (QWK=0.7888)

Epoch 13/50 | Time 0m 36s
  Train | loss=0.6316 | top1=80.92% | top2=96.29% | top3=99.76%
  Valid | loss=0.7753 | top1=63.23% | top2=88.34% | top3=97.48% | acc=63.08% | bal_acc=66.08% | macro_f1=0.6591 | qwk=0.7892 | mae=0.4407 | weighted_f1=0.6370 | precision_macro=0.6610 | recall_macro=0.6608
         ovr_roc_auc_macro=0.8781 | ovr_pr_auc_macro=0.7131
 Validation improved. Saved best model to best_resnet50_knee_oa_DAST.pt (QWK=0.7892)

Epoch 14/50 | Time 0m 36s
  Train | loss=0.6127 | top1=83.85% | top2=97.17% | top3=99.84%
  Valid | loss=0.7824 | top1=62.12% | top2=86.66% | top3=97.36% | acc=61.99% | bal_acc=65.88% | macro_f1=0.6533 | qwk=0.7799 | mae=0.4564 | weighted_f1=0.6260 | precision_macro=0.6541 | recall_macro=0.6588
         ovr_roc_auc_macro=0.8789 | ovr_pr_auc_macro=0.7107
 No improvement. Bad epochs: 1/10

Epoch 15/50 | Time 0m 36s
  Train | loss=0.5993 | top1=86.15% | top2=98.07% | top3=99.93%
  Valid | loss=0.8207 | top1=62.15% | top2=87.02% | top3=98.32% | acc=61.99% | bal_acc=63.61% | macro_f1=0.6377 | qwk=0.7800 | mae=0.4613 | weighted_f1=0.6172 | precision_macro=0.6525 | recall_macro=0.6361
         ovr_roc_auc_macro=0.8654 | ovr_pr_auc_macro=0.6955
 No improvement. Bad epochs: 2/10

Epoch 16/50 | Time 0m 36s
  Train | loss=0.5902 | top1=87.76% | top2=98.19% | top3=99.91%
  Valid | loss=0.7849 | top1=63.47% | top2=88.82% | top3=97.48% | acc=63.32% | bal_acc=65.49% | macro_f1=0.6497 | qwk=0.7952 | mae=0.4383 | weighted_f1=0.6346 | precision_macro=0.6503 | recall_macro=0.6549
         ovr_roc_auc_macro=0.8779 | ovr_pr_auc_macro=0.7103
 Validation improved. Saved best model to best_resnet50_knee_oa_DAST.pt (QWK=0.7952)

Epoch 17/50 | Time 0m 37s
  Train | loss=0.5794 | top1=89.52% | top2=98.65% | top3=99.97%
  Valid | loss=0.7976 | top1=64.23% | top2=87.15% | top3=98.32% | acc=64.16% | bal_acc=62.24% | macro_f1=0.6351 | qwk=0.7810 | mae=0.4443 | weighted_f1=0.6239 | precision_macro=0.6617 | recall_macro=0.6224
         ovr_roc_auc_macro=0.8703 | ovr_pr_auc_macro=0.6869
 No improvement. Bad epochs: 1/10

Epoch 18/50 | Time 0m 37s
  Train | loss=0.5733 | top1=90.59% | top2=98.81% | top3=99.97%
  Valid | loss=0.8248 | top1=60.81% | top2=84.53% | top3=97.60% | acc=60.77% | bal_acc=59.64% | macro_f1=0.6202 | qwk=0.7539 | mae=0.4782 | weighted_f1=0.6111 | precision_macro=0.6600 | recall_macro=0.5964
         ovr_roc_auc_macro=0.8684 | ovr_pr_auc_macro=0.6867
 No improvement. Bad epochs: 2/10

Epoch 19/50 | Time 0m 37s
  Train | loss=0.5589 | top1=92.82% | top2=99.12% | top3=99.95%
  Valid | loss=0.8069 | top1=62.30% | top2=86.39% | top3=96.15% | acc=62.11% | bal_acc=65.98% | macro_f1=0.6597 | qwk=0.7516 | mae=0.4782 | weighted_f1=0.6258 | precision_macro=0.6647 | recall_macro=0.6598
         ovr_roc_auc_macro=0.8703 | ovr_pr_auc_macro=0.6933
 No improvement. Bad epochs: 3/10

Epoch 20/50 | Time 0m 37s
  Train | loss=0.5515 | top1=93.80% | top2=99.21% | top3=99.97%
  Valid | loss=0.8185 | top1=63.65% | top2=86.30% | top3=97.12% | acc=63.44% | bal_acc=66.84% | macro_f1=0.6667 | qwk=0.7711 | mae=0.4528 | weighted_f1=0.6358 | precision_macro=0.6705 | recall_macro=0.6684
         ovr_roc_auc_macro=0.8663 | ovr_pr_auc_macro=0.6883
 No improvement. Bad epochs: 4/10

Epoch 21/50 | Time 0m 37s
  Train | loss=0.5438 | top1=94.93% | top2=99.50% | top3=100.00%
  Valid | loss=0.8195 | top1=63.65% | top2=87.02% | top3=97.36% | acc=63.44% | bal_acc=66.38% | macro_f1=0.6477 | qwk=0.7827 | mae=0.4479 | weighted_f1=0.6304 | precision_macro=0.6435 | recall_macro=0.6638
         ovr_roc_auc_macro=0.8693 | ovr_pr_auc_macro=0.6898
 No improvement. Bad epochs: 5/10

Epoch 22/50 | Time 0m 38s
  Train | loss=0.5346 | top1=96.44% | top2=99.74% | top3=99.95%
  Valid | loss=0.7834 | top1=63.47% | top2=88.19% | top3=97.60% | acc=63.32% | bal_acc=66.37% | macro_f1=0.6699 | qwk=0.7929 | mae=0.4310 | weighted_f1=0.6413 | precision_macro=0.6806 | recall_macro=0.6637
         ovr_roc_auc_macro=0.8780 | ovr_pr_auc_macro=0.7068
 No improvement. Bad epochs: 6/10

Epoch 23/50 | Time 0m 38s
  Train | loss=0.5339 | top1=96.30% | top2=99.71% | top3=100.00%
  Valid | loss=0.8301 | top1=62.78% | top2=86.39% | top3=97.96% | acc=62.59% | bal_acc=64.78% | macro_f1=0.6514 | qwk=0.7746 | mae=0.4588 | weighted_f1=0.6241 | precision_macro=0.6589 | recall_macro=0.6478
         ovr_roc_auc_macro=0.8649 | ovr_pr_auc_macro=0.6895
 No improvement. Bad epochs: 7/10

Epoch 24/50 | Time 0m 38s
  Train | loss=0.5292 | top1=96.93% | top2=99.74% | top3=99.97%
  Valid | loss=0.8141 | top1=64.77% | top2=87.71% | top3=97.84% | acc=64.65% | bal_acc=64.88% | macro_f1=0.6640 | qwk=0.7876 | mae=0.4334 | weighted_f1=0.6430 | precision_macro=0.6831 | recall_macro=0.6488
         ovr_roc_auc_macro=0.8680 | ovr_pr_auc_macro=0.6948
 No improvement. Bad epochs: 8/10

Epoch 25/50 | Time 0m 37s
  Train | loss=0.5269 | top1=97.21% | top2=99.84% | top3=99.97%
  Valid | loss=0.8169 | top1=60.13% | top2=86.90% | top3=96.88% | acc=59.93% | bal_acc=66.15% | macro_f1=0.6519 | qwk=0.7763 | mae=0.4649 | weighted_f1=0.6122 | precision_macro=0.6559 | recall_macro=0.6615
         ovr_roc_auc_macro=0.8754 | ovr_pr_auc_macro=0.6906
 No improvement. Bad epochs: 9/10

Epoch 26/50 | Time 0m 37s
  Train | loss=0.5217 | top1=97.81% | top2=99.86% | top3=100.00%
  Valid | loss=0.7981 | top1=64.49% | top2=86.15% | top3=97.00% | acc=64.29% | bal_acc=67.42% | macro_f1=0.6695 | qwk=0.7923 | mae=0.4310 | weighted_f1=0.6422 | precision_macro=0.6674 | recall_macro=0.6742
         ovr_roc_auc_macro=0.8762 | ovr_pr_auc_macro=0.6895
 No improvement. Bad epochs: 10/10
⏹ Early stopping triggered.
 Training stopped early at epoch 26.

Loading best model and evaluating on test set...
Best validation QWK: 0.7952

Test | loss=0.7646 | top1=66.05% | top2=89.30% | top3=99.28% | acc=65.94% | bal_acc=66.97% | macro_f1=0.6656 | qwk=0.8322 | mae=0.3907 | weighted_f1=0.6529 | precision_macro=0.6755 | recall_macro=0.6697
     ovr_roc_auc_macro=0.8896 | ovr_pr_auc_macro=0.7148

Confusion Matrix:
[[534  97   8   0   0]
 [131 108  49   8   0]
 [ 65 106 218  58   0]
 [  0   2  23 191   7]
 [  0   0   0  10  41]]

Classification Report:
              precision    recall  f1-score   support

    0_Normal     0.7315    0.8357    0.7801       639
  1_Doubtful     0.3450    0.3649    0.3547       296
      2_Mild     0.7315    0.4877    0.5852       447
  3_Moderate     0.7154    0.8565    0.7796       223
    4_Severe     0.8542    0.8039    0.8283        51

    accuracy                         0.6594      1656
   macro avg     0.6755    0.6697    0.6656      1656
weighted avg     0.6640    0.6594    0.6529      1656


Evaluating on auto_test set...

AutoTest | loss=0.7546 | top1=65.37% | top2=89.84% | top3=99.22% | acc=65.20% | bal_acc=66.75% | macro_f1=0.6581 | qwk=0.8267 | mae=0.3997 | weighted_f1=0.6452 | precision_macro=0.6632 | recall_macro=0.6675
         ovr_roc_auc_macro=0.8894 | ovr_pr_auc_macro=0.7234

Knee Osteoarthritis ResNet50 baseline (DAST) completed!

进程已结束，退出代码为 0
