
------------------------------------------------------------
正在运行: 目录 [../Knee] -> 脚本 [ResNet_layer3+MDFA+CE.py]
日志保存至: ../Knee/logs\../Knee_ResNet_layer3+MDFA+CE.log
开始于: 2026-03-20 19:56:26.020681
------------------------------------------------------------
Starting ResNet(layer3)+MDFA+CE Knee Osteoarthritis Baseline...
Using device: cuda
CUDA device: NVIDIA GeForce RTX 4080 SUPER
Class mapping from folders: {'0': 0, '1': 1, '2': 2, '3': 3, '4': 4}

Train samples: 5778
Train class distribution:
  0_Normal: 2286
  1_Doubtful: 1046
  2_Mild: 1516
  3_Moderate: 757
  4_Severe: 173

Valid samples: 826
Valid class distribution:
  0_Normal: 328
  1_Doubtful: 153
  2_Mild: 212
  3_Moderate: 106
  4_Severe: 27

Test samples: 1656
Test class distribution:
  0_Normal: 639
  1_Doubtful: 296
  2_Mild: 447
  3_Moderate: 223
  4_Severe: 51

AutoTest samples: 1526
AutoTest class distribution:
  0_Normal: 604
  1_Doubtful: 275
  2_Mild: 403
  3_Moderate: 200
  4_Severe: 44

Split sizes | train=5778, valid=826, test=1656, auto_test=1526
Loading ResNet50 with MDFA module...
Trainable parameters: 85,404,230

[INFO] Class counts in training set: [2286 1046 1516  757  173]
[INFO] Using Standard CrossEntropyLoss (No class weights).
Starting training...

Epoch 01/50 | Time 0m 45s
  Train | loss=1.3375 | top1=43.09% | top2=65.63% | top3=84.88%
  Valid | loss=1.2397 | top1=47.36% | top2=70.07% | top3=88.34% | acc=47.70% | bal_acc=29.95% | macro_f1=0.2410 | qwk=0.5020 | mae=0.7458 | weighted_f1=0.3958 | precision_macro=0.2543 | recall_macro=0.2995
         ovr_roc_auc_macro=0.7657 | ovr_pr_auc_macro=0.4306
 Initial best model saved to best_resnet50_mdfa_layer3_knee_oa.pt (QWK=0.5020)

Epoch 02/50 | Time 0m 45s
  Train | loss=1.1064 | top1=53.39% | top2=77.51% | top3=94.22%
  Valid | loss=1.1518 | top1=50.51% | top2=77.21% | top3=92.67% | acc=50.85% | bal_acc=42.89% | macro_f1=0.3579 | qwk=0.5778 | mae=0.7373 | weighted_f1=0.4594 | precision_macro=0.5478 | recall_macro=0.4289
         ovr_roc_auc_macro=0.8302 | ovr_pr_auc_macro=0.6043
 Validation improved. Saved best model to best_resnet50_mdfa_layer3_knee_oa.pt (QWK=0.5778)

Epoch 03/50 | Time 0m 45s
  Train | loss=0.9265 | top1=61.51% | top2=84.67% | top3=97.38%
  Valid | loss=0.9090 | top1=60.16% | top2=86.18% | top3=98.32% | acc=59.93% | bal_acc=56.02% | macro_f1=0.4926 | qwk=0.7388 | mae=0.5315 | weighted_f1=0.5239 | precision_macro=0.4947 | recall_macro=0.5602
         ovr_roc_auc_macro=0.8620 | ovr_pr_auc_macro=0.6549
 Validation improved. Saved best model to best_resnet50_mdfa_layer3_knee_oa.pt (QWK=0.7388)

Epoch 04/50 | Time 0m 45s
  Train | loss=0.8296 | top1=65.23% | top2=87.86% | top3=98.42%
  Valid | loss=0.8105 | top1=64.70% | top2=88.43% | top3=98.68% | acc=64.53% | bal_acc=63.00% | macro_f1=0.5959 | qwk=0.7602 | mae=0.4758 | weighted_f1=0.5890 | precision_macro=0.6289 | recall_macro=0.6300
         ovr_roc_auc_macro=0.8818 | ovr_pr_auc_macro=0.7148
 Validation improved. Saved best model to best_resnet50_mdfa_layer3_knee_oa.pt (QWK=0.7602)

Epoch 05/50 | Time 0m 46s
  Train | loss=0.7857 | top1=66.78% | top2=88.36% | top3=98.91%
  Valid | loss=0.8464 | top1=63.47% | top2=87.23% | top3=98.68% | acc=63.32% | bal_acc=61.27% | macro_f1=0.6006 | qwk=0.7670 | mae=0.4661 | weighted_f1=0.5982 | precision_macro=0.6278 | recall_macro=0.6127
         ovr_roc_auc_macro=0.8776 | ovr_pr_auc_macro=0.6975
 Validation improved. Saved best model to best_resnet50_mdfa_layer3_knee_oa.pt (QWK=0.7670)

Epoch 06/50 | Time 0m 45s
  Train | loss=0.7422 | top1=68.89% | top2=89.99% | top3=98.92%
  Valid | loss=0.8626 | top1=63.71% | top2=89.28% | top3=98.44% | acc=63.56% | bal_acc=62.98% | macro_f1=0.6020 | qwk=0.7474 | mae=0.4855 | weighted_f1=0.5915 | precision_macro=0.6348 | recall_macro=0.6298
         ovr_roc_auc_macro=0.8817 | ovr_pr_auc_macro=0.7123
 No improvement. Bad epochs: 1/10

Epoch 07/50 | Time 0m 45s
  Train | loss=0.6948 | top1=70.86% | top2=91.47% | top3=99.26%
  Valid | loss=0.8472 | top1=67.07% | top2=88.58% | top3=97.96% | acc=66.83% | bal_acc=67.44% | macro_f1=0.6181 | qwk=0.7822 | mae=0.4431 | weighted_f1=0.6140 | precision_macro=0.6981 | recall_macro=0.6744
         ovr_roc_auc_macro=0.8822 | ovr_pr_auc_macro=0.7253
 Validation improved. Saved best model to best_resnet50_mdfa_layer3_knee_oa.pt (QWK=0.7822)

Epoch 08/50 | Time 0m 45s
  Train | loss=0.6657 | top1=71.92% | top2=92.01% | top3=99.48%
  Valid | loss=0.9407 | top1=65.75% | top2=87.38% | top3=96.88% | acc=65.50% | bal_acc=68.60% | macro_f1=0.6313 | qwk=0.7803 | mae=0.4492 | weighted_f1=0.6331 | precision_macro=0.6194 | recall_macro=0.6860
         ovr_roc_auc_macro=0.8774 | ovr_pr_auc_macro=0.6976
 No improvement. Bad epochs: 1/10

Epoch 09/50 | Time 0m 45s
  Train | loss=0.6404 | top1=73.23% | top2=92.61% | top3=99.38%
  Valid | loss=0.8602 | top1=64.01% | top2=88.34% | top3=99.16% | acc=63.80% | bal_acc=63.33% | macro_f1=0.5967 | qwk=0.7763 | mae=0.4746 | weighted_f1=0.5829 | precision_macro=0.6144 | recall_macro=0.6333
         ovr_roc_auc_macro=0.8873 | ovr_pr_auc_macro=0.7291
 No improvement. Bad epochs: 2/10

Epoch 10/50 | Time 0m 45s
  Train | loss=0.5968 | top1=75.11% | top2=93.64% | top3=99.46%
  Valid | loss=0.8958 | top1=64.97% | top2=89.18% | top3=98.68% | acc=64.77% | bal_acc=64.62% | macro_f1=0.6425 | qwk=0.7845 | mae=0.4455 | weighted_f1=0.6264 | precision_macro=0.6600 | recall_macro=0.6462
         ovr_roc_auc_macro=0.8800 | ovr_pr_auc_macro=0.7069
 Validation improved. Saved best model to best_resnet50_mdfa_layer3_knee_oa.pt (QWK=0.7845)

Epoch 11/50 | Time 0m 45s
  Train | loss=0.5597 | top1=76.00% | top2=94.17% | top3=99.74%
  Valid | loss=0.9030 | top1=64.83% | top2=87.78% | top3=98.35% | acc=64.77% | bal_acc=63.65% | macro_f1=0.6551 | qwk=0.8007 | mae=0.4213 | weighted_f1=0.6435 | precision_macro=0.6815 | recall_macro=0.6365
         ovr_roc_auc_macro=0.8861 | ovr_pr_auc_macro=0.7167
 Validation improved. Saved best model to best_resnet50_mdfa_layer3_knee_oa.pt (QWK=0.8007)

Epoch 12/50 | Time 0m 45s
  Train | loss=0.5210 | top1=78.53% | top2=94.89% | top3=99.62%
  Valid | loss=0.8593 | top1=67.01% | top2=89.30% | top3=98.56% | acc=66.83% | bal_acc=67.65% | macro_f1=0.6728 | qwk=0.8063 | mae=0.4092 | weighted_f1=0.6537 | precision_macro=0.6806 | recall_macro=0.6765
         ovr_roc_auc_macro=0.8907 | ovr_pr_auc_macro=0.7334
 Validation improved. Saved best model to best_resnet50_mdfa_layer3_knee_oa.pt (QWK=0.8063)

Epoch 13/50 | Time 0m 45s
  Train | loss=0.4892 | top1=79.50% | top2=95.70% | top3=99.83%
  Valid | loss=0.9969 | top1=63.56% | top2=89.03% | top3=99.04% | acc=63.44% | bal_acc=65.31% | macro_f1=0.6600 | qwk=0.7883 | mae=0.4334 | weighted_f1=0.6401 | precision_macro=0.6768 | recall_macro=0.6531
         ovr_roc_auc_macro=0.8866 | ovr_pr_auc_macro=0.7193
 No improvement. Bad epochs: 1/10

Epoch 14/50 | Time 0m 45s
  Train | loss=0.4573 | top1=81.60% | top2=96.46% | top3=99.93%
  Valid | loss=1.0152 | top1=63.72% | top2=89.85% | top3=98.80% | acc=63.68% | bal_acc=59.12% | macro_f1=0.6085 | qwk=0.7654 | mae=0.4600 | weighted_f1=0.6061 | precision_macro=0.6718 | recall_macro=0.5912
         ovr_roc_auc_macro=0.8875 | ovr_pr_auc_macro=0.7103
 No improvement. Bad epochs: 2/10

Epoch 15/50 | Time 0m 45s
  Train | loss=0.4195 | top1=83.37% | top2=96.74% | top3=99.81%
  Valid | loss=1.0002 | top1=62.76% | top2=90.09% | top3=99.28% | acc=62.71% | bal_acc=64.32% | macro_f1=0.6546 | qwk=0.8022 | mae=0.4262 | weighted_f1=0.6388 | precision_macro=0.6778 | recall_macro=0.6432
         ovr_roc_auc_macro=0.8814 | ovr_pr_auc_macro=0.7057
 No improvement. Bad epochs: 3/10

Epoch 16/50 | Time 0m 45s
  Train | loss=0.3835 | top1=84.51% | top2=97.15% | top3=99.84%
  Valid | loss=1.0320 | top1=64.79% | top2=89.64% | top3=99.40% | acc=64.65% | bal_acc=66.25% | macro_f1=0.6637 | qwk=0.7974 | mae=0.4262 | weighted_f1=0.6467 | precision_macro=0.6668 | recall_macro=0.6625
         ovr_roc_auc_macro=0.8834 | ovr_pr_auc_macro=0.7089
 No improvement. Bad epochs: 4/10

Epoch 17/50 | Time 0m 45s
  Train | loss=0.3394 | top1=86.64% | top2=97.81% | top3=99.93%
  Valid | loss=1.1396 | top1=64.63% | top2=89.73% | top3=99.16% | acc=64.65% | bal_acc=63.33% | macro_f1=0.6465 | qwk=0.8061 | mae=0.4165 | weighted_f1=0.6471 | precision_macro=0.6760 | recall_macro=0.6333
         ovr_roc_auc_macro=0.8803 | ovr_pr_auc_macro=0.7047
 No improvement. Bad epochs: 5/10

Epoch 18/50 | Time 0m 45s
  Train | loss=0.2883 | top1=88.86% | top2=98.31% | top3=99.93%
  Valid | loss=1.3114 | top1=61.85% | top2=85.70% | top3=98.56% | acc=61.74% | bal_acc=65.16% | macro_f1=0.6354 | qwk=0.7681 | mae=0.4734 | weighted_f1=0.6180 | precision_macro=0.6245 | recall_macro=0.6516
         ovr_roc_auc_macro=0.8729 | ovr_pr_auc_macro=0.6920
 No improvement. Bad epochs: 6/10

Epoch 19/50 | Time 0m 45s
  Train | loss=0.2797 | top1=89.15% | top2=98.34% | top3=99.95%
  Valid | loss=1.1760 | top1=63.66% | top2=88.41% | top3=99.28% | acc=63.56% | bal_acc=63.83% | macro_f1=0.6524 | qwk=0.7970 | mae=0.4310 | weighted_f1=0.6378 | precision_macro=0.6756 | recall_macro=0.6383
         ovr_roc_auc_macro=0.8731 | ovr_pr_auc_macro=0.6974
 No improvement. Bad epochs: 7/10

Epoch 20/50 | Time 0m 45s
  Train | loss=0.2322 | top1=91.34% | top2=99.05% | top3=99.93%
  Valid | loss=1.3252 | top1=64.64% | top2=88.55% | top3=98.92% | acc=64.53% | bal_acc=66.21% | macro_f1=0.6679 | qwk=0.8040 | mae=0.4140 | weighted_f1=0.6516 | precision_macro=0.6770 | recall_macro=0.6621
         ovr_roc_auc_macro=0.8821 | ovr_pr_auc_macro=0.7071
 No improvement. Bad epochs: 8/10

Epoch 21/50 | Time 0m 45s
  Train | loss=0.2060 | top1=92.25% | top2=98.96% | top3=99.95%
  Valid | loss=1.5015 | top1=65.63% | top2=88.07% | top3=98.92% | acc=65.50% | bal_acc=65.92% | macro_f1=0.6629 | qwk=0.7882 | mae=0.4322 | weighted_f1=0.6476 | precision_macro=0.6739 | recall_macro=0.6592
         ovr_roc_auc_macro=0.8783 | ovr_pr_auc_macro=0.7097
 No improvement. Bad epochs: 9/10

Epoch 22/50 | Time 0m 46s
  Train | loss=0.1929 | top1=92.89% | top2=99.24% | top3=99.97%
  Valid | loss=1.3974 | top1=65.75% | top2=87.56% | top3=99.04% | acc=65.62% | bal_acc=65.50% | macro_f1=0.6612 | qwk=0.7985 | mae=0.4177 | weighted_f1=0.6487 | precision_macro=0.6784 | recall_macro=0.6550
         ovr_roc_auc_macro=0.8860 | ovr_pr_auc_macro=0.7144
 No improvement. Bad epochs: 10/10
⏹ Early stopping triggered.
 Training stopped early at epoch 22.

Loading best model and evaluating on test set...
Best validation QWK: 0.8063

Test | loss=0.7644 | top1=69.07% | top2=90.06% | top3=99.28% | acc=68.96% | bal_acc=68.24% | macro_f1=0.6808 | qwk=0.8321 | mae=0.3720 | weighted_f1=0.6698 | precision_macro=0.6919 | recall_macro=0.6824
     ovr_roc_auc_macro=0.9045 | ovr_pr_auc_macro=0.7507

Confusion Matrix:
[[583  40  16   0   0]
 [166  67  55   8   0]
 [ 71  76 273  27   0]
 [  1   5  36 174   7]
 [  0   0   0   6  45]]

Classification Report:
              precision    recall  f1-score   support

    0_Normal     0.7101    0.9124    0.7986       639
  1_Doubtful     0.3564    0.2264    0.2769       296
      2_Mild     0.7184    0.6107    0.6602       447
  3_Moderate     0.8093    0.7803    0.7945       223
    4_Severe     0.8654    0.8824    0.8738        51

    accuracy                         0.6896      1656
   macro avg     0.6919    0.6824    0.6808      1656
weighted avg     0.6673    0.6896    0.6698      1656


Evaluating on auto_test set...

AutoTest | loss=0.7373 | top1=68.66% | top2=91.31% | top3=99.67% | acc=68.48% | bal_acc=66.91% | macro_f1=0.6659 | qwk=0.8349 | mae=0.3709 | weighted_f1=0.6606 | precision_macro=0.6786 | recall_macro=0.6691
         ovr_roc_auc_macro=0.9082 | ovr_pr_auc_macro=0.7606

ResNet(layer3)+MDFA+CE Knee Osteoarthritis baseline completed!

运行完毕: [ResNet_layer3+MDFA+CE.py] | 退出码: 0
结束于: 2026-03-20 20:13:42.273249
