==========================================================================================
Script: ResNet_layer3+MECS
Run tag: layer3_mecs_dast_tune_tau2_gamma1p5
Module: MECS | Insert after: layer3
Device: cuda
CUDA: NVIDIA GeForce RTX 4080
Data root: E:\Coding\Computer-Vision-for-Medicine\Alzheimer_MRI\OriginalDataset
Class order: ['NonDemented', 'VeryMildDemented', 'MildDemented', 'ModerateDemented'] (used for labels/QWK/MAE/ordinal losses)
Config | batch_size=32, epochs=60, num_workers=2, image_size=224, base_lr=0.0001, test_ratio=0.2, val_ratio_within_train=0.1, patience=15
Losses to run: ['dast']
DAST config | tau=2.0000, gamma=1.5000
==========================================================================================
Split sizes | train=4608, valid=512, test=1280
Classes (4): ['NonDemented', 'VeryMildDemented', 'MildDemented', 'ModerateDemented']
Train class counts: [2304, 1613, 645, 46]
Valid class counts: [256, 179, 72, 5]
Test class counts : [640, 448, 179, 13]
Loading torchvision ResNet50 pretrained weights once...
Pretrained state keys: 320

##########################################################################################
Starting loss: dast
##########################################################################################
Model params: 27,303,236 | pretrained loaded: 320/344 | feat_dim=2048
Criterion: DistanceAwareSoftTargetLoss
Criterion trainable params: 0
Criterion hparams | tau=2.0000, gamma=1.5000
Epoch 01/60 | Time 0m20s
  Train | loss=0.8624 | top1=47.96% | top2=81.68% | top3=96.90%
  Valid | loss=0.8348 | top1=49.02% | top2=84.96% | top3=99.02% | acc=49.02% | bal_acc=25.14% | macro_f1=0.1963 | weighted_f1=0.3718 | precision_macro=0.2209 | recall_macro=0.2514 | qwk=-0.0110 | mae=0.6621
        ovr_roc_auc_macro=0.5449 | ovr_pr_auc_macro=0.2711
  -> best macro_f1 updated to 0.1963 (epoch 1)
Epoch 02/60 | Time 0m20s
  Train | loss=0.8253 | top1=50.48% | top2=85.00% | top3=99.00%
  Valid | loss=0.8196 | top1=50.98% | top2=84.96% | top3=99.02% | acc=50.98% | bal_acc=27.13% | macro_f1=0.2362 | weighted_f1=0.4290 | precision_macro=0.2381 | recall_macro=0.2713 | qwk=0.0757 | mae=0.6133
        ovr_roc_auc_macro=0.6409 | ovr_pr_auc_macro=0.3197
  -> best macro_f1 updated to 0.2362 (epoch 2)
Epoch 03/60 | Time 0m20s
  Train | loss=0.8160 | top1=52.91% | top2=85.03% | top3=99.00%
  Valid | loss=0.8131 | top1=54.30% | top2=85.16% | top3=99.02% | acc=54.30% | bal_acc=29.88% | macro_f1=0.2715 | weighted_f1=0.4816 | precision_macro=0.2597 | recall_macro=0.2988 | qwk=0.1593 | mae=0.5566
        ovr_roc_auc_macro=0.7096 | ovr_pr_auc_macro=0.3634
  -> best macro_f1 updated to 0.2715 (epoch 3)
Epoch 04/60 | Time 0m20s
  Train | loss=0.8087 | top1=55.27% | top2=85.26% | top3=99.00%
  Valid | loss=0.8084 | top1=54.49% | top2=86.33% | top3=99.02% | acc=54.49% | bal_acc=32.54% | macro_f1=0.2949 | weighted_f1=0.5097 | precision_macro=0.2834 | recall_macro=0.3254 | qwk=0.3225 | mae=0.4883
        ovr_roc_auc_macro=0.7556 | ovr_pr_auc_macro=0.4182
  -> best macro_f1 updated to 0.2949 (epoch 4)
Epoch 05/60 | Time 0m20s
  Train | loss=0.8041 | top1=57.44% | top2=85.85% | top3=99.00%
  Valid | loss=0.8038 | top1=56.25% | top2=87.70% | top3=99.02% | acc=56.25% | bal_acc=33.42% | macro_f1=0.3041 | weighted_f1=0.5275 | precision_macro=0.2919 | recall_macro=0.3342 | qwk=0.3816 | mae=0.4609
        ovr_roc_auc_macro=0.7890 | ovr_pr_auc_macro=0.4684
  -> best macro_f1 updated to 0.3041 (epoch 5)
Epoch 06/60 | Time 0m20s
  Train | loss=0.8005 | top1=58.40% | top2=87.37% | top3=99.00%
  Valid | loss=0.8003 | top1=55.66% | top2=87.89% | top3=99.02% | acc=55.66% | bal_acc=32.79% | macro_f1=0.2994 | weighted_f1=0.5211 | precision_macro=0.2842 | recall_macro=0.3279 | qwk=0.3787 | mae=0.4668
        ovr_roc_auc_macro=0.8083 | ovr_pr_auc_macro=0.5041
Epoch 07/60 | Time 0m20s
  Train | loss=0.7957 | top1=60.22% | top2=89.30% | top3=99.00%
  Valid | loss=0.7972 | top1=59.57% | top2=88.67% | top3=99.22% | acc=59.57% | bal_acc=38.16% | macro_f1=0.3807 | weighted_f1=0.5830 | precision_macro=0.4569 | recall_macro=0.3816 | qwk=0.4809 | mae=0.4219
        ovr_roc_auc_macro=0.8242 | ovr_pr_auc_macro=0.5130
  -> best macro_f1 updated to 0.3807 (epoch 7)
Epoch 08/60 | Time 0m20s
  Train | loss=0.7921 | top1=62.96% | top2=90.43% | top3=99.13%
  Valid | loss=0.7908 | top1=62.70% | top2=90.04% | top3=99.41% | acc=62.70% | bal_acc=40.04% | macro_f1=0.4155 | weighted_f1=0.6083 | precision_macro=0.5133 | recall_macro=0.4004 | qwk=0.5107 | mae=0.4023
        ovr_roc_auc_macro=0.8460 | ovr_pr_auc_macro=0.5471
  -> best macro_f1 updated to 0.4155 (epoch 8)
Epoch 09/60 | Time 0m20s
  Train | loss=0.7871 | top1=65.78% | top2=91.45% | top3=99.33%
  Valid | loss=0.7899 | top1=62.11% | top2=91.80% | top3=99.22% | acc=62.11% | bal_acc=39.95% | macro_f1=0.4156 | weighted_f1=0.5998 | precision_macro=0.4954 | recall_macro=0.3995 | qwk=0.4951 | mae=0.4160
        ovr_roc_auc_macro=0.8478 | ovr_pr_auc_macro=0.5661
Epoch 10/60 | Time 0m20s
  Train | loss=0.7821 | top1=68.36% | top2=93.01% | top3=99.44%
  Valid | loss=0.7910 | top1=64.84% | top2=91.41% | top3=99.61% | acc=64.84% | bal_acc=47.87% | macro_f1=0.4743 | weighted_f1=0.6506 | precision_macro=0.5089 | recall_macro=0.4787 | qwk=0.6097 | mae=0.3613
        ovr_roc_auc_macro=0.8624 | ovr_pr_auc_macro=0.6013
  -> best macro_f1 updated to 0.4743 (epoch 10)
Epoch 11/60 | Time 0m20s
  Train | loss=0.7771 | top1=71.46% | top2=94.55% | top3=99.48%
  Valid | loss=0.7830 | top1=67.38% | top2=92.97% | top3=99.41% | acc=67.38% | bal_acc=42.84% | macro_f1=0.4451 | weighted_f1=0.6461 | precision_macro=0.5431 | recall_macro=0.4284 | qwk=0.5519 | mae=0.3633
        ovr_roc_auc_macro=0.8854 | ovr_pr_auc_macro=0.6325
Epoch 12/60 | Time 0m20s
  Train | loss=0.7716 | top1=74.57% | top2=95.18% | top3=99.80%
  Valid | loss=0.7745 | top1=73.83% | top2=94.92% | top3=99.80% | acc=73.83% | bal_acc=54.14% | macro_f1=0.5376 | weighted_f1=0.7368 | precision_macro=0.5347 | recall_macro=0.5414 | qwk=0.7285 | mae=0.2715
        ovr_roc_auc_macro=0.9105 | ovr_pr_auc_macro=0.6960
  -> best macro_f1 updated to 0.5376 (epoch 12)
Epoch 13/60 | Time 0m20s
  Train | loss=0.7674 | top1=76.56% | top2=96.31% | top3=99.85%
  Valid | loss=0.7690 | top1=77.34% | top2=96.88% | top3=100.00% | acc=77.34% | bal_acc=56.91% | macro_f1=0.5699 | weighted_f1=0.7715 | precision_macro=0.5731 | recall_macro=0.5691 | qwk=0.7671 | mae=0.2324
        ovr_roc_auc_macro=0.9247 | ovr_pr_auc_macro=0.8018
  -> best macro_f1 updated to 0.5699 (epoch 13)
Epoch 14/60 | Time 0m20s
  Train | loss=0.7624 | top1=79.62% | top2=96.96% | top3=99.80%
  Valid | loss=0.7661 | top1=78.91% | top2=97.27% | top3=99.80% | acc=78.91% | bal_acc=58.73% | macro_f1=0.5822 | weighted_f1=0.7879 | precision_macro=0.5802 | recall_macro=0.5873 | qwk=0.7791 | mae=0.2188
        ovr_roc_auc_macro=0.9393 | ovr_pr_auc_macro=0.8089
  -> best macro_f1 updated to 0.5822 (epoch 14)
Epoch 15/60 | Time 0m20s
  Train | loss=0.7582 | top1=81.99% | top2=97.81% | top3=99.89%
  Valid | loss=0.7582 | top1=82.62% | top2=97.27% | top3=99.80% | acc=82.62% | bal_acc=63.65% | macro_f1=0.6851 | weighted_f1=0.8210 | precision_macro=0.8771 | recall_macro=0.6365 | qwk=0.8161 | mae=0.1797
        ovr_roc_auc_macro=0.9571 | ovr_pr_auc_macro=0.8637
  -> best macro_f1 updated to 0.6851 (epoch 15)
Epoch 16/60 | Time 0m20s
  Train | loss=0.7532 | top1=85.61% | top2=98.33% | top3=99.89%
  Valid | loss=0.7589 | top1=82.23% | top2=96.68% | top3=99.80% | acc=82.23% | bal_acc=70.56% | macro_f1=0.7669 | weighted_f1=0.8142 | precision_macro=0.8930 | recall_macro=0.7056 | qwk=0.7959 | mae=0.1875
        ovr_roc_auc_macro=0.9632 | ovr_pr_auc_macro=0.8858
  -> best macro_f1 updated to 0.7669 (epoch 16)
Epoch 17/60 | Time 0m20s
  Train | loss=0.7506 | top1=86.74% | top2=98.61% | top3=99.98%
  Valid | loss=0.7850 | top1=76.56% | top2=93.36% | top3=98.05% | acc=76.56% | bal_acc=80.49% | macro_f1=0.7810 | weighted_f1=0.7752 | precision_macro=0.8016 | recall_macro=0.8049 | qwk=0.7342 | mae=0.2695
        ovr_roc_auc_macro=0.9463 | ovr_pr_auc_macro=0.8981
  -> best macro_f1 updated to 0.7810 (epoch 17)
Epoch 18/60 | Time 0m20s
  Train | loss=0.7468 | top1=89.00% | top2=99.00% | top3=99.96%
  Valid | loss=0.7506 | top1=89.06% | top2=98.63% | top3=99.80% | acc=89.06% | bal_acc=81.30% | macro_f1=0.8501 | weighted_f1=0.8892 | precision_macro=0.9140 | recall_macro=0.8130 | qwk=0.8820 | mae=0.1172
        ovr_roc_auc_macro=0.9780 | ovr_pr_auc_macro=0.9603
  -> best macro_f1 updated to 0.8501 (epoch 18)
Epoch 19/60 | Time 0m20s
  Train | loss=0.7431 | top1=91.25% | top2=99.39% | top3=99.98%
  Valid | loss=0.7633 | top1=83.01% | top2=97.27% | top3=99.02% | acc=83.01% | bal_acc=88.62% | macro_f1=0.8333 | weighted_f1=0.8351 | precision_macro=0.8021 | recall_macro=0.8862 | qwk=0.8150 | mae=0.1895
        ovr_roc_auc_macro=0.9636 | ovr_pr_auc_macro=0.9384
Epoch 20/60 | Time 0m20s
  Train | loss=0.7414 | top1=92.06% | top2=99.50% | top3=99.98%
  Valid | loss=0.7445 | top1=90.43% | top2=98.83% | top3=100.00% | acc=90.43% | bal_acc=82.37% | macro_f1=0.8596 | weighted_f1=0.9046 | precision_macro=0.9218 | recall_macro=0.8237 | qwk=0.8910 | mae=0.1035
        ovr_roc_auc_macro=0.9846 | ovr_pr_auc_macro=0.9717
  -> best macro_f1 updated to 0.8596 (epoch 20)
Epoch 21/60 | Time 0m20s
  Train | loss=0.7375 | top1=94.42% | top2=99.59% | top3=100.00%
  Valid | loss=0.7455 | top1=89.84% | top2=98.44% | top3=100.00% | acc=89.84% | bal_acc=85.85% | macro_f1=0.8933 | weighted_f1=0.8970 | precision_macro=0.9386 | recall_macro=0.8585 | qwk=0.8783 | mae=0.1113
        ovr_roc_auc_macro=0.9828 | ovr_pr_auc_macro=0.9404
  -> best macro_f1 updated to 0.8933 (epoch 21)
Epoch 22/60 | Time 0m20s
  Train | loss=0.7358 | top1=94.81% | top2=99.70% | top3=99.98%
  Valid | loss=0.7424 | top1=93.75% | top2=98.63% | top3=99.61% | acc=93.75% | bal_acc=95.29% | macro_f1=0.9508 | weighted_f1=0.9375 | precision_macro=0.9487 | recall_macro=0.9529 | qwk=0.9191 | mae=0.0723
        ovr_roc_auc_macro=0.9875 | ovr_pr_auc_macro=0.9769
  -> best macro_f1 updated to 0.9508 (epoch 22)
Epoch 23/60 | Time 0m20s
  Train | loss=0.7348 | top1=95.70% | top2=99.76% | top3=100.00%
  Valid | loss=0.7477 | top1=89.65% | top2=98.24% | top3=99.41% | acc=89.65% | bal_acc=87.42% | macro_f1=0.8890 | weighted_f1=0.8976 | precision_macro=0.9124 | recall_macro=0.8742 | qwk=0.8806 | mae=0.1133
        ovr_roc_auc_macro=0.9834 | ovr_pr_auc_macro=0.9632
Epoch 24/60 | Time 0m20s
  Train | loss=0.7336 | top1=95.83% | top2=99.70% | top3=100.00%
  Valid | loss=0.7490 | top1=88.28% | top2=97.66% | top3=99.80% | acc=88.28% | bal_acc=87.74% | macro_f1=0.8865 | weighted_f1=0.8837 | precision_macro=0.9106 | recall_macro=0.8774 | qwk=0.8623 | mae=0.1289
        ovr_roc_auc_macro=0.9849 | ovr_pr_auc_macro=0.9727
Epoch 25/60 | Time 0m20s
  Train | loss=0.7331 | top1=96.14% | top2=99.67% | top3=99.98%
  Valid | loss=0.7393 | top1=91.99% | top2=98.83% | top3=100.00% | acc=91.99% | bal_acc=88.47% | macro_f1=0.9121 | weighted_f1=0.9206 | precision_macro=0.9483 | recall_macro=0.8847 | qwk=0.9207 | mae=0.0820
        ovr_roc_auc_macro=0.9897 | ovr_pr_auc_macro=0.9804
Epoch 26/60 | Time 0m20s
  Train | loss=0.7320 | top1=96.44% | top2=99.74% | top3=100.00%
  Valid | loss=0.7363 | top1=94.92% | top2=99.02% | top3=100.00% | acc=94.92% | bal_acc=96.00% | macro_f1=0.9620 | weighted_f1=0.9493 | precision_macro=0.9642 | recall_macro=0.9600 | qwk=0.9443 | mae=0.0547
        ovr_roc_auc_macro=0.9910 | ovr_pr_auc_macro=0.9868
  -> best macro_f1 updated to 0.9620 (epoch 26)
Epoch 27/60 | Time 0m20s
  Train | loss=0.7306 | top1=97.16% | top2=99.91% | top3=99.98%
  Valid | loss=0.7345 | top1=95.70% | top2=99.02% | top3=100.00% | acc=95.70% | bal_acc=91.82% | macro_f1=0.9398 | weighted_f1=0.9570 | precision_macro=0.9669 | recall_macro=0.9182 | qwk=0.9511 | mae=0.0469
        ovr_roc_auc_macro=0.9938 | ovr_pr_auc_macro=0.9892
Epoch 28/60 | Time 0m20s
  Train | loss=0.7293 | top1=97.96% | top2=99.93% | top3=100.00%
  Valid | loss=0.7389 | top1=94.92% | top2=98.83% | top3=99.61% | acc=94.92% | bal_acc=91.47% | macro_f1=0.9340 | weighted_f1=0.9491 | precision_macro=0.9593 | recall_macro=0.9147 | qwk=0.9257 | mae=0.0605
        ovr_roc_auc_macro=0.9845 | ovr_pr_auc_macro=0.9375
Epoch 29/60 | Time 0m20s
  Train | loss=0.7289 | top1=98.00% | top2=99.83% | top3=100.00%
  Valid | loss=0.7342 | top1=95.90% | top2=99.41% | top3=100.00% | acc=95.90% | bal_acc=92.00% | macro_f1=0.9445 | weighted_f1=0.9590 | precision_macro=0.9749 | recall_macro=0.9200 | qwk=0.9436 | mae=0.0469
        ovr_roc_auc_macro=0.9861 | ovr_pr_auc_macro=0.9391
Epoch 30/60 | Time 0m20s
  Train | loss=0.7284 | top1=98.39% | top2=99.89% | top3=100.00%
  Valid | loss=0.7333 | top1=97.27% | top2=99.61% | top3=100.00% | acc=97.27% | bal_acc=98.22% | macro_f1=0.9791 | weighted_f1=0.9727 | precision_macro=0.9763 | recall_macro=0.9822 | qwk=0.9603 | mae=0.0332
        ovr_roc_auc_macro=0.9906 | ovr_pr_auc_macro=0.9839
  -> best macro_f1 updated to 0.9791 (epoch 30)
Epoch 31/60 | Time 0m20s
  Train | loss=0.7286 | top1=97.98% | top2=99.80% | top3=100.00%
  Valid | loss=0.7353 | top1=96.29% | top2=98.83% | top3=99.41% | acc=96.29% | bal_acc=97.35% | macro_f1=0.9709 | weighted_f1=0.9629 | precision_macro=0.9685 | recall_macro=0.9735 | qwk=0.9466 | mae=0.0449
        ovr_roc_auc_macro=0.9924 | ovr_pr_auc_macro=0.9856
Epoch 32/60 | Time 0m20s
  Train | loss=0.7270 | top1=98.70% | top2=100.00% | top3=100.00%
  Valid | loss=0.7314 | top1=97.27% | top2=99.22% | top3=100.00% | acc=97.27% | bal_acc=97.92% | macro_f1=0.9788 | weighted_f1=0.9727 | precision_macro=0.9785 | recall_macro=0.9792 | qwk=0.9653 | mae=0.0312
        ovr_roc_auc_macro=0.9941 | ovr_pr_auc_macro=0.9925
Epoch 33/60 | Time 0m20s
  Train | loss=0.7277 | top1=98.44% | top2=99.89% | top3=100.00%
  Valid | loss=0.7348 | top1=95.70% | top2=98.83% | top3=99.61% | acc=95.70% | bal_acc=97.06% | macro_f1=0.9653 | weighted_f1=0.9571 | precision_macro=0.9605 | recall_macro=0.9706 | qwk=0.9364 | mae=0.0527
        ovr_roc_auc_macro=0.9939 | ovr_pr_auc_macro=0.9920
Epoch 34/60 | Time 0m20s
  Train | loss=0.7270 | top1=98.57% | top2=99.93% | top3=100.00%
  Valid | loss=0.7323 | top1=96.68% | top2=99.02% | top3=100.00% | acc=96.68% | bal_acc=96.76% | macro_f1=0.9740 | weighted_f1=0.9667 | precision_macro=0.9811 | recall_macro=0.9676 | qwk=0.9545 | mae=0.0391
        ovr_roc_auc_macro=0.9934 | ovr_pr_auc_macro=0.9911
Epoch 35/60 | Time 0m20s
  Train | loss=0.7260 | top1=99.20% | top2=99.98% | top3=100.00%
  Valid | loss=0.7307 | top1=97.85% | top2=99.22% | top3=100.00% | acc=97.85% | bal_acc=98.22% | macro_f1=0.9838 | weighted_f1=0.9785 | precision_macro=0.9855 | recall_macro=0.9822 | qwk=0.9653 | mae=0.0273
        ovr_roc_auc_macro=0.9957 | ovr_pr_auc_macro=0.9939
  -> best macro_f1 updated to 0.9838 (epoch 35)
Epoch 36/60 | Time 0m20s
  Train | loss=0.7263 | top1=98.89% | top2=99.98% | top3=100.00%
  Valid | loss=0.7304 | top1=97.27% | top2=99.41% | top3=100.00% | acc=97.27% | bal_acc=97.84% | macro_f1=0.9800 | weighted_f1=0.9726 | precision_macro=0.9817 | recall_macro=0.9784 | qwk=0.9653 | mae=0.0312
        ovr_roc_auc_macro=0.9945 | ovr_pr_auc_macro=0.9936
Epoch 37/60 | Time 0m20s
  Train | loss=0.7256 | top1=99.26% | top2=99.96% | top3=99.98%
  Valid | loss=0.7305 | top1=96.88% | top2=99.41% | top3=100.00% | acc=96.88% | bal_acc=97.19% | macro_f1=0.9761 | weighted_f1=0.9688 | precision_macro=0.9808 | recall_macro=0.9719 | qwk=0.9667 | mae=0.0332
        ovr_roc_auc_macro=0.9939 | ovr_pr_auc_macro=0.9918
Epoch 38/60 | Time 0m20s
  Train | loss=0.7254 | top1=99.35% | top2=99.98% | top3=100.00%
  Valid | loss=0.7303 | top1=97.66% | top2=99.22% | top3=100.00% | acc=97.66% | bal_acc=97.87% | macro_f1=0.9824 | weighted_f1=0.9766 | precision_macro=0.9863 | recall_macro=0.9787 | qwk=0.9686 | mae=0.0273
        ovr_roc_auc_macro=0.9920 | ovr_pr_auc_macro=0.9901
Epoch 39/60 | Time 0m20s
  Train | loss=0.7253 | top1=99.57% | top2=99.96% | top3=99.98%
  Valid | loss=0.7304 | top1=97.66% | top2=99.41% | top3=100.00% | acc=97.66% | bal_acc=98.00% | macro_f1=0.9812 | weighted_f1=0.9766 | precision_macro=0.9826 | recall_macro=0.9800 | qwk=0.9686 | mae=0.0273
        ovr_roc_auc_macro=0.9958 | ovr_pr_auc_macro=0.9938
Epoch 40/60 | Time 0m20s
  Train | loss=0.7256 | top1=99.20% | top2=99.96% | top3=100.00%
  Valid | loss=0.7300 | top1=98.05% | top2=99.61% | top3=100.00% | acc=98.05% | bal_acc=98.36% | macro_f1=0.9858 | weighted_f1=0.9805 | precision_macro=0.9882 | recall_macro=0.9836 | qwk=0.9774 | mae=0.0215
        ovr_roc_auc_macro=0.9935 | ovr_pr_auc_macro=0.9909
  -> best macro_f1 updated to 0.9858 (epoch 40)
Epoch 41/60 | Time 0m20s
  Train | loss=0.7249 | top1=99.63% | top2=99.91% | top3=100.00%
  Valid | loss=0.7298 | top1=97.27% | top2=99.61% | top3=100.00% | acc=97.27% | bal_acc=97.59% | macro_f1=0.9798 | weighted_f1=0.9726 | precision_macro=0.9839 | recall_macro=0.9759 | qwk=0.9704 | mae=0.0293
        ovr_roc_auc_macro=0.9943 | ovr_pr_auc_macro=0.9927
Epoch 42/60 | Time 0m20s
  Train | loss=0.7250 | top1=99.61% | top2=100.00% | top3=100.00%
  Valid | loss=0.7294 | top1=97.66% | top2=99.22% | top3=99.80% | acc=97.66% | bal_acc=98.08% | macro_f1=0.9814 | weighted_f1=0.9766 | precision_macro=0.9820 | recall_macro=0.9808 | qwk=0.9637 | mae=0.0293
        ovr_roc_auc_macro=0.9964 | ovr_pr_auc_macro=0.9949
Epoch 43/60 | Time 0m20s
  Train | loss=0.7247 | top1=99.61% | top2=100.00% | top3=100.00%
  Valid | loss=0.7315 | top1=97.27% | top2=99.02% | top3=99.61% | acc=97.27% | bal_acc=97.88% | macro_f1=0.9778 | weighted_f1=0.9727 | precision_macro=0.9768 | recall_macro=0.9788 | qwk=0.9603 | mae=0.0332
        ovr_roc_auc_macro=0.9952 | ovr_pr_auc_macro=0.9940
Epoch 44/60 | Time 0m20s
  Train | loss=0.7244 | top1=99.80% | top2=100.00% | top3=100.00%
  Valid | loss=0.7315 | top1=97.27% | top2=99.22% | top3=99.61% | acc=97.27% | bal_acc=97.88% | macro_f1=0.9768 | weighted_f1=0.9727 | precision_macro=0.9750 | recall_macro=0.9788 | qwk=0.9553 | mae=0.0352
        ovr_roc_auc_macro=0.9953 | ovr_pr_auc_macro=0.9944
Epoch 45/60 | Time 0m20s
  Train | loss=0.7244 | top1=99.76% | top2=99.98% | top3=100.00%
  Valid | loss=0.7307 | top1=97.27% | top2=99.22% | top3=100.00% | acc=97.27% | bal_acc=97.88% | macro_f1=0.9790 | weighted_f1=0.9727 | precision_macro=0.9792 | recall_macro=0.9788 | qwk=0.9602 | mae=0.0332
        ovr_roc_auc_macro=0.9943 | ovr_pr_auc_macro=0.9912
Epoch 46/60 | Time 0m20s
  Train | loss=0.7242 | top1=99.74% | top2=100.00% | top3=100.00%
  Valid | loss=0.7309 | top1=97.46% | top2=99.02% | top3=99.61% | acc=97.46% | bal_acc=98.23% | macro_f1=0.9803 | weighted_f1=0.9746 | precision_macro=0.9784 | recall_macro=0.9823 | qwk=0.9621 | mae=0.0312
        ovr_roc_auc_macro=0.9949 | ovr_pr_auc_macro=0.9936
Epoch 47/60 | Time 0m20s
  Train | loss=0.7241 | top1=99.89% | top2=100.00% | top3=100.00%
  Valid | loss=0.7294 | top1=97.66% | top2=99.41% | top3=99.80% | acc=97.66% | bal_acc=98.37% | macro_f1=0.9815 | weighted_f1=0.9766 | precision_macro=0.9793 | recall_macro=0.9837 | qwk=0.9638 | mae=0.0293
        ovr_roc_auc_macro=0.9967 | ovr_pr_auc_macro=0.9957
Epoch 48/60 | Time 0m20s
  Train | loss=0.7241 | top1=99.72% | top2=100.00% | top3=100.00%
  Valid | loss=0.7297 | top1=97.66% | top2=99.02% | top3=99.80% | acc=97.66% | bal_acc=98.41% | macro_f1=0.9827 | weighted_f1=0.9766 | precision_macro=0.9813 | recall_macro=0.9841 | qwk=0.9637 | mae=0.0293
        ovr_roc_auc_macro=0.9956 | ovr_pr_auc_macro=0.9942
Epoch 49/60 | Time 0m20s
  Train | loss=0.7241 | top1=99.80% | top2=99.98% | top3=100.00%
  Valid | loss=0.7302 | top1=97.46% | top2=99.22% | top3=99.80% | acc=97.46% | bal_acc=97.90% | macro_f1=0.9802 | weighted_f1=0.9746 | precision_macro=0.9816 | recall_macro=0.9790 | qwk=0.9620 | mae=0.0312
        ovr_roc_auc_macro=0.9957 | ovr_pr_auc_macro=0.9949
Epoch 50/60 | Time 0m21s
  Train | loss=0.7240 | top1=99.89% | top2=100.00% | top3=100.00%
  Valid | loss=0.7294 | top1=97.46% | top2=99.41% | top3=100.00% | acc=97.46% | bal_acc=98.27% | macro_f1=0.9836 | weighted_f1=0.9746 | precision_macro=0.9844 | recall_macro=0.9827 | qwk=0.9722 | mae=0.0273
        ovr_roc_auc_macro=0.9962 | ovr_pr_auc_macro=0.9947
Epoch 51/60 | Time 0m23s
  Train | loss=0.7240 | top1=99.78% | top2=100.00% | top3=100.00%
  Valid | loss=0.7299 | top1=97.46% | top2=99.22% | top3=99.80% | acc=97.46% | bal_acc=98.27% | macro_f1=0.9815 | weighted_f1=0.9746 | precision_macro=0.9803 | recall_macro=0.9827 | qwk=0.9620 | mae=0.0312
        ovr_roc_auc_macro=0.9960 | ovr_pr_auc_macro=0.9951
Epoch 52/60 | Time 0m23s
  Train | loss=0.7239 | top1=99.91% | top2=100.00% | top3=100.00%
  Valid | loss=0.7298 | top1=97.46% | top2=99.41% | top3=99.80% | acc=97.46% | bal_acc=98.23% | macro_f1=0.9825 | weighted_f1=0.9746 | precision_macro=0.9827 | recall_macro=0.9823 | qwk=0.9671 | mae=0.0293
        ovr_roc_auc_macro=0.9944 | ovr_pr_auc_macro=0.9938
Epoch 53/60 | Time 0m23s
  Train | loss=0.7240 | top1=99.80% | top2=100.00% | top3=100.00%
  Valid | loss=0.7295 | top1=97.27% | top2=99.41% | top3=99.80% | acc=97.27% | bal_acc=97.88% | macro_f1=0.9800 | weighted_f1=0.9727 | precision_macro=0.9813 | recall_macro=0.9788 | qwk=0.9653 | mae=0.0312
        ovr_roc_auc_macro=0.9959 | ovr_pr_auc_macro=0.9951
Epoch 54/60 | Time 0m23s
  Train | loss=0.7238 | top1=99.98% | top2=100.00% | top3=100.00%
  Valid | loss=0.7294 | top1=97.85% | top2=99.41% | top3=99.80% | acc=97.85% | bal_acc=98.51% | macro_f1=0.9849 | weighted_f1=0.9785 | precision_macro=0.9847 | recall_macro=0.9851 | qwk=0.9706 | mae=0.0254
        ovr_roc_auc_macro=0.9954 | ovr_pr_auc_macro=0.9949
Epoch 55/60 | Time 0m21s
  Train | loss=0.7239 | top1=99.83% | top2=100.00% | top3=100.00%
  Valid | loss=0.7293 | top1=97.85% | top2=99.22% | top3=99.80% | acc=97.85% | bal_acc=98.51% | macro_f1=0.9849 | weighted_f1=0.9785 | precision_macro=0.9847 | recall_macro=0.9851 | qwk=0.9706 | mae=0.0254
        ovr_roc_auc_macro=0.9946 | ovr_pr_auc_macro=0.9940
  -> early stopping triggered at epoch 55

[TEST] loss=dast
  Test | loss=0.7272 | top1=98.28% | top2=99.92% | top3=100.00% | acc=98.28% | bal_acc=96.52% | macro_f1=0.9568 | weighted_f1=0.9829 | precision_macro=0.9489 | recall_macro=0.9652 | qwk=0.9807 | mae=0.0188
        ovr_roc_auc_macro=0.9995 | ovr_pr_auc_macro=0.9936
  Confusion Matrix:
[[633   5   2   0]
 [  5 440   3   0]
 [  0   4 173   2]
 [  0   0   1  12]]
  Classification Report:
                  precision    recall  f1-score   support

     NonDemented     0.9922    0.9891    0.9906       640
VeryMildDemented     0.9800    0.9821    0.9810       448
    MildDemented     0.9665    0.9665    0.9665       179
ModerateDemented     0.8571    0.9231    0.8889        13

        accuracy                         0.9828      1280
       macro avg     0.9489    0.9652    0.9568      1280
    weighted avg     0.9829    0.9828    0.9829      1280


==========================================================================================
Summary CSV saved: E:\Coding\Computer-Vision-for-Medicine\Alzheimer_MRI_Loss\logs\ResNet_layer3+MECS_layer3_mecs_dast_tune_tau2_gamma1p5_20260419_002757_summary.csv
Top results by test_macro_f1:
  dast: macro_f1=0.9568, acc=98.28%, bal_acc=96.52%
Log file saved: E:\Coding\Computer-Vision-for-Medicine\Alzheimer_MRI_Loss\logs\ResNet_layer3+MECS_layer3_mecs_dast_tune_tau2_gamma1p5_20260419_002757.log
==========================================================================================
