==========================================================================================
Script: ResNet_baseline
Run tag: baseline_dast_tune_tau1_gamma1
Module: Baseline | Insert after: none
Device: cuda
CUDA: NVIDIA GeForce RTX 4080 SUPER
Data root: E:\Paper\Computer-Vision-for-Medicine\Alzheimer_MRI\OriginalDataset
Class order: ['NonDemented', 'VeryMildDemented', 'MildDemented', 'ModerateDemented'] (used for labels/QWK/MAE/ordinal losses)
Config | batch_size=32, epochs=60, num_workers=2, image_size=224, base_lr=0.0001, test_ratio=0.2, val_ratio_within_train=0.1, patience=15
Losses to run: ['dast']
DAST config | tau=1.0000, gamma=1.0000
==========================================================================================
Split sizes | train=4608, valid=512, test=1280
Classes (4): ['NonDemented', 'VeryMildDemented', 'MildDemented', 'ModerateDemented']
Train class counts: [2304, 1613, 645, 46]
Valid class counts: [256, 179, 72, 5]
Test class counts : [640, 448, 179, 13]
Loading torchvision ResNet50 pretrained weights once...
Pretrained state keys: 320

##########################################################################################
Starting loss: dast
##########################################################################################
Model params: 23,516,228 | pretrained loaded: 320/320 | feat_dim=2048
Criterion: DistanceAwareSoftTargetLoss
Criterion trainable params: 0
Criterion hparams | tau=1.0000, gamma=1.0000
Epoch 01/60 | Time 0m22s
  Train | loss=0.9928 | top1=45.27% | top2=75.56% | top3=87.87%
  Valid | loss=0.9655 | top1=48.63% | top2=83.59% | top3=95.31% | acc=48.63% | bal_acc=24.53% | macro_f1=0.1762 | weighted_f1=0.3447 | precision_macro=0.1903 | recall_macro=0.2453 | qwk=-0.0020 | mae=0.6699
        ovr_roc_auc_macro=0.5180 | ovr_pr_auc_macro=0.2571
  -> best macro_f1 updated to 0.1762 (epoch 1)
Epoch 02/60 | Time 0m23s
  Train | loss=0.9261 | top1=48.13% | top2=84.96% | top3=95.92%
  Valid | loss=0.9090 | top1=49.41% | top2=84.96% | top3=98.63% | acc=49.41% | bal_acc=24.88% | macro_f1=0.1755 | weighted_f1=0.3447 | precision_macro=0.1964 | recall_macro=0.2488 | qwk=0.0030 | mae=0.6602
        ovr_roc_auc_macro=0.5589 | ovr_pr_auc_macro=0.2699
Epoch 03/60 | Time 0m22s
  Train | loss=0.8811 | top1=49.87% | top2=85.00% | top3=99.00%
  Valid | loss=0.8737 | top1=50.59% | top2=84.96% | top3=99.02% | acc=50.59% | bal_acc=25.55% | macro_f1=0.1830 | weighted_f1=0.3566 | precision_macro=0.2515 | recall_macro=0.2555 | qwk=0.0161 | mae=0.6484
        ovr_roc_auc_macro=0.6116 | ovr_pr_auc_macro=0.2971
  -> best macro_f1 updated to 0.1830 (epoch 3)
Epoch 04/60 | Time 0m23s
  Train | loss=0.8541 | top1=50.04% | top2=85.00% | top3=99.00%
  Valid | loss=0.8531 | top1=50.59% | top2=84.96% | top3=99.02% | acc=50.59% | bal_acc=25.55% | macro_f1=0.1833 | weighted_f1=0.3573 | precision_macro=0.2342 | recall_macro=0.2555 | qwk=0.0266 | mae=0.6445
        ovr_roc_auc_macro=0.6527 | ovr_pr_auc_macro=0.3254
  -> best macro_f1 updated to 0.1833 (epoch 4)
Epoch 05/60 | Time 0m22s
  Train | loss=0.8393 | top1=51.30% | top2=85.00% | top3=99.00%
  Valid | loss=0.8405 | top1=52.15% | top2=84.96% | top3=99.02% | acc=52.15% | bal_acc=27.29% | macro_f1=0.2287 | weighted_f1=0.4217 | precision_macro=0.2446 | recall_macro=0.2729 | qwk=0.0981 | mae=0.6035
        ovr_roc_auc_macro=0.6993 | ovr_pr_auc_macro=0.3642
  -> best macro_f1 updated to 0.2287 (epoch 5)
Epoch 06/60 | Time 0m23s
  Train | loss=0.8281 | top1=53.65% | top2=85.03% | top3=99.00%
  Valid | loss=0.8272 | top1=50.98% | top2=85.16% | top3=99.02% | acc=50.98% | bal_acc=27.21% | macro_f1=0.2381 | weighted_f1=0.4341 | precision_macro=0.2286 | recall_macro=0.2721 | qwk=0.1740 | mae=0.5801
        ovr_roc_auc_macro=0.7334 | ovr_pr_auc_macro=0.4047
  -> best macro_f1 updated to 0.2381 (epoch 6)
Epoch 07/60 | Time 0m24s
  Train | loss=0.8162 | top1=56.51% | top2=85.37% | top3=99.00%
  Valid | loss=0.8188 | top1=55.47% | top2=87.50% | top3=99.02% | acc=55.47% | bal_acc=31.76% | macro_f1=0.2958 | weighted_f1=0.5119 | precision_macro=0.5174 | recall_macro=0.3176 | qwk=0.3168 | mae=0.4941
        ovr_roc_auc_macro=0.7702 | ovr_pr_auc_macro=0.4477
  -> best macro_f1 updated to 0.2958 (epoch 7)
Epoch 08/60 | Time 0m23s
  Train | loss=0.8102 | top1=57.62% | top2=85.89% | top3=99.00%
  Valid | loss=0.8109 | top1=55.66% | top2=87.89% | top3=99.02% | acc=55.66% | bal_acc=31.91% | macro_f1=0.2932 | weighted_f1=0.5146 | precision_macro=0.2717 | recall_macro=0.3191 | qwk=0.3467 | mae=0.4824
        ovr_roc_auc_macro=0.7811 | ovr_pr_auc_macro=0.4729
Epoch 09/60 | Time 0m23s
  Train | loss=0.8043 | top1=57.68% | top2=86.61% | top3=99.00%
  Valid | loss=0.8057 | top1=56.25% | top2=87.89% | top3=99.02% | acc=56.25% | bal_acc=33.08% | macro_f1=0.3021 | weighted_f1=0.5254 | precision_macro=0.2852 | recall_macro=0.3308 | qwk=0.3673 | mae=0.4668
        ovr_roc_auc_macro=0.7929 | ovr_pr_auc_macro=0.4942
  -> best macro_f1 updated to 0.3021 (epoch 9)
Epoch 10/60 | Time 0m23s
  Train | loss=0.7974 | top1=59.18% | top2=87.11% | top3=99.00%
  Valid | loss=0.8009 | top1=56.25% | top2=89.06% | top3=99.02% | acc=56.25% | bal_acc=32.28% | macro_f1=0.3043 | weighted_f1=0.5211 | precision_macro=0.4364 | recall_macro=0.3228 | qwk=0.3699 | mae=0.4766
        ovr_roc_auc_macro=0.8061 | ovr_pr_auc_macro=0.5431
  -> best macro_f1 updated to 0.3043 (epoch 10)
Epoch 11/60 | Time 0m23s
  Train | loss=0.7939 | top1=60.46% | top2=87.83% | top3=99.00%
  Valid | loss=0.7965 | top1=58.79% | top2=88.87% | top3=99.02% | acc=58.79% | bal_acc=35.31% | macro_f1=0.3418 | weighted_f1=0.5594 | precision_macro=0.4697 | recall_macro=0.3531 | qwk=0.4425 | mae=0.4355
        ovr_roc_auc_macro=0.8138 | ovr_pr_auc_macro=0.5590
  -> best macro_f1 updated to 0.3418 (epoch 11)
Epoch 12/60 | Time 0m22s
  Train | loss=0.7860 | top1=60.55% | top2=88.67% | top3=99.00%
  Valid | loss=0.7923 | top1=58.98% | top2=88.87% | top3=99.02% | acc=58.98% | bal_acc=36.03% | macro_f1=0.3569 | weighted_f1=0.5666 | precision_macro=0.4721 | recall_macro=0.3603 | qwk=0.4409 | mae=0.4375
        ovr_roc_auc_macro=0.8273 | ovr_pr_auc_macro=0.5672
  -> best macro_f1 updated to 0.3569 (epoch 12)
Epoch 13/60 | Time 0m23s
  Train | loss=0.7836 | top1=60.83% | top2=89.69% | top3=99.00%
  Valid | loss=0.7871 | top1=63.48% | top2=89.06% | top3=99.02% | acc=63.48% | bal_acc=42.10% | macro_f1=0.4317 | weighted_f1=0.6273 | precision_macro=0.4803 | recall_macro=0.4210 | qwk=0.5512 | mae=0.3848
        ovr_roc_auc_macro=0.8412 | ovr_pr_auc_macro=0.6265
  -> best macro_f1 updated to 0.4317 (epoch 13)
Epoch 14/60 | Time 0m23s
  Train | loss=0.7760 | top1=63.28% | top2=90.28% | top3=99.02%
  Valid | loss=0.7799 | top1=64.84% | top2=89.84% | top3=99.22% | acc=64.84% | bal_acc=43.04% | macro_f1=0.4408 | weighted_f1=0.6404 | precision_macro=0.5101 | recall_macro=0.4304 | qwk=0.5605 | mae=0.3691
        ovr_roc_auc_macro=0.8489 | ovr_pr_auc_macro=0.6059
  -> best macro_f1 updated to 0.4408 (epoch 14)
Epoch 15/60 | Time 0m22s
  Train | loss=0.7692 | top1=64.78% | top2=90.95% | top3=99.09%
  Valid | loss=0.7740 | top1=66.41% | top2=91.41% | top3=99.22% | acc=66.41% | bal_acc=45.44% | macro_f1=0.4687 | weighted_f1=0.6598 | precision_macro=0.5210 | recall_macro=0.4544 | qwk=0.5908 | mae=0.3535
        ovr_roc_auc_macro=0.8517 | ovr_pr_auc_macro=0.5621
  -> best macro_f1 updated to 0.4687 (epoch 15)
Epoch 16/60 | Time 0m22s
  Train | loss=0.7567 | top1=67.21% | top2=92.19% | top3=99.44%
  Valid | loss=0.7667 | top1=68.16% | top2=91.41% | top3=99.22% | acc=68.16% | bal_acc=46.78% | macro_f1=0.4830 | weighted_f1=0.6760 | precision_macro=0.5300 | recall_macro=0.4678 | qwk=0.5910 | mae=0.3438
        ovr_roc_auc_macro=0.8648 | ovr_pr_auc_macro=0.6525
  -> best macro_f1 updated to 0.4830 (epoch 16)
Epoch 17/60 | Time 0m22s
  Train | loss=0.7481 | top1=69.34% | top2=92.53% | top3=99.37%
  Valid | loss=0.7594 | top1=67.77% | top2=91.21% | top3=99.22% | acc=67.77% | bal_acc=45.83% | macro_f1=0.4718 | weighted_f1=0.6711 | precision_macro=0.5202 | recall_macro=0.4583 | qwk=0.5894 | mae=0.3457
        ovr_roc_auc_macro=0.8752 | ovr_pr_auc_macro=0.6370
Epoch 18/60 | Time 0m22s
  Train | loss=0.7369 | top1=71.03% | top2=94.03% | top3=99.54%
  Valid | loss=0.7617 | top1=69.53% | top2=91.02% | top3=99.02% | acc=69.53% | bal_acc=50.34% | macro_f1=0.5095 | weighted_f1=0.6958 | precision_macro=0.5291 | recall_macro=0.5034 | qwk=0.6483 | mae=0.3203
        ovr_roc_auc_macro=0.8778 | ovr_pr_auc_macro=0.6263
  -> best macro_f1 updated to 0.5095 (epoch 18)
Epoch 19/60 | Time 0m22s
  Train | loss=0.7282 | top1=72.83% | top2=94.53% | top3=99.65%
  Valid | loss=0.7464 | top1=71.48% | top2=92.97% | top3=99.02% | acc=71.48% | bal_acc=50.51% | macro_f1=0.5159 | weighted_f1=0.7086 | precision_macro=0.5338 | recall_macro=0.5051 | qwk=0.6547 | mae=0.3086
        ovr_roc_auc_macro=0.8834 | ovr_pr_auc_macro=0.6398
  -> best macro_f1 updated to 0.5159 (epoch 19)
Epoch 20/60 | Time 0m22s
  Train | loss=0.7184 | top1=74.74% | top2=95.62% | top3=99.74%
  Valid | loss=0.7419 | top1=73.63% | top2=93.75% | top3=99.22% | acc=73.63% | bal_acc=53.76% | macro_f1=0.5363 | weighted_f1=0.7334 | precision_macro=0.5354 | recall_macro=0.5376 | qwk=0.6981 | mae=0.2832
        ovr_roc_auc_macro=0.8980 | ovr_pr_auc_macro=0.6866
  -> best macro_f1 updated to 0.5363 (epoch 20)
Epoch 21/60 | Time 0m22s
  Train | loss=0.7056 | top1=76.74% | top2=96.51% | top3=99.76%
  Valid | loss=0.7330 | top1=74.80% | top2=94.53% | top3=99.41% | acc=74.80% | bal_acc=53.51% | macro_f1=0.5423 | weighted_f1=0.7421 | precision_macro=0.5527 | recall_macro=0.5351 | qwk=0.6981 | mae=0.2734
        ovr_roc_auc_macro=0.9075 | ovr_pr_auc_macro=0.7069
  -> best macro_f1 updated to 0.5423 (epoch 21)
Epoch 22/60 | Time 0m22s
  Train | loss=0.7014 | top1=78.10% | top2=96.44% | top3=99.74%
  Valid | loss=0.7386 | top1=73.83% | top2=93.36% | top3=99.02% | acc=73.83% | bal_acc=55.52% | macro_f1=0.5421 | weighted_f1=0.7392 | precision_macro=0.5351 | recall_macro=0.5552 | qwk=0.7007 | mae=0.2832
        ovr_roc_auc_macro=0.9115 | ovr_pr_auc_macro=0.6900
Epoch 23/60 | Time 0m22s
  Train | loss=0.6899 | top1=80.27% | top2=97.35% | top3=99.85%
  Valid | loss=0.7205 | top1=76.95% | top2=94.53% | top3=99.41% | acc=76.95% | bal_acc=57.83% | macro_f1=0.5700 | weighted_f1=0.7686 | precision_macro=0.5651 | recall_macro=0.5783 | qwk=0.7468 | mae=0.2441
        ovr_roc_auc_macro=0.9263 | ovr_pr_auc_macro=0.7664
  -> best macro_f1 updated to 0.5700 (epoch 23)
Epoch 24/60 | Time 0m23s
  Train | loss=0.6823 | top1=81.92% | top2=97.81% | top3=99.91%
  Valid | loss=0.7038 | top1=79.30% | top2=95.12% | top3=100.00% | acc=79.30% | bal_acc=58.01% | macro_f1=0.5841 | weighted_f1=0.7894 | precision_macro=0.5905 | recall_macro=0.5801 | qwk=0.7627 | mae=0.2207
        ovr_roc_auc_macro=0.9368 | ovr_pr_auc_macro=0.7960
  -> best macro_f1 updated to 0.5841 (epoch 24)
Epoch 25/60 | Time 0m23s
  Train | loss=0.6754 | top1=83.40% | top2=97.98% | top3=99.96%
  Valid | loss=0.6946 | top1=81.64% | top2=96.48% | top3=99.80% | acc=81.64% | bal_acc=59.76% | macro_f1=0.5978 | weighted_f1=0.8126 | precision_macro=0.5986 | recall_macro=0.5976 | qwk=0.7996 | mae=0.1934
        ovr_roc_auc_macro=0.9426 | ovr_pr_auc_macro=0.7888
  -> best macro_f1 updated to 0.5978 (epoch 25)
Epoch 26/60 | Time 0m22s
  Train | loss=0.6695 | top1=84.44% | top2=98.16% | top3=99.93%
  Valid | loss=0.6957 | top1=81.64% | top2=95.90% | top3=99.41% | acc=81.64% | bal_acc=60.34% | macro_f1=0.5986 | weighted_f1=0.8126 | precision_macro=0.5939 | recall_macro=0.6034 | qwk=0.7987 | mae=0.1953
        ovr_roc_auc_macro=0.9456 | ovr_pr_auc_macro=0.8275
  -> best macro_f1 updated to 0.5986 (epoch 26)
Epoch 27/60 | Time 0m22s
  Train | loss=0.6612 | top1=86.63% | top2=98.76% | top3=99.96%
  Valid | loss=0.6865 | top1=82.42% | top2=96.48% | top3=99.61% | acc=82.42% | bal_acc=59.03% | macro_f1=0.5981 | weighted_f1=0.8180 | precision_macro=0.6093 | recall_macro=0.5903 | qwk=0.7930 | mae=0.1895
        ovr_roc_auc_macro=0.9511 | ovr_pr_auc_macro=0.7940
Epoch 28/60 | Time 0m23s
  Train | loss=0.6578 | top1=87.61% | top2=98.68% | top3=99.96%
  Valid | loss=0.6789 | top1=83.20% | top2=96.29% | top3=100.00% | acc=83.20% | bal_acc=60.79% | macro_f1=0.6092 | weighted_f1=0.8273 | precision_macro=0.6108 | recall_macro=0.6079 | qwk=0.7988 | mae=0.1836
        ovr_roc_auc_macro=0.9595 | ovr_pr_auc_macro=0.8404
  -> best macro_f1 updated to 0.6092 (epoch 28)
Epoch 29/60 | Time 0m24s
  Train | loss=0.6535 | top1=88.02% | top2=98.63% | top3=99.91%
  Valid | loss=0.6733 | top1=84.18% | top2=96.68% | top3=100.00% | acc=84.18% | bal_acc=62.28% | macro_f1=0.6203 | weighted_f1=0.8382 | precision_macro=0.6181 | recall_macro=0.6228 | qwk=0.8303 | mae=0.1660
        ovr_roc_auc_macro=0.9654 | ovr_pr_auc_macro=0.8792
  -> best macro_f1 updated to 0.6203 (epoch 29)
Epoch 30/60 | Time 0m23s
  Train | loss=0.6497 | top1=89.11% | top2=98.85% | top3=99.98%
  Valid | loss=0.6704 | top1=84.96% | top2=97.07% | top3=99.80% | acc=84.96% | bal_acc=61.97% | macro_f1=0.6200 | weighted_f1=0.8452 | precision_macro=0.6209 | recall_macro=0.6197 | qwk=0.8311 | mae=0.1602
        ovr_roc_auc_macro=0.9660 | ovr_pr_auc_macro=0.8601
Epoch 31/60 | Time 0m22s
  Train | loss=0.6450 | top1=89.97% | top2=98.89% | top3=100.00%
  Valid | loss=0.6667 | top1=87.30% | top2=97.07% | top3=99.80% | acc=87.30% | bal_acc=65.26% | macro_f1=0.6474 | weighted_f1=0.8688 | precision_macro=0.6424 | recall_macro=0.6526 | qwk=0.8509 | mae=0.1387
        ovr_roc_auc_macro=0.9715 | ovr_pr_auc_macro=0.8965
  -> best macro_f1 updated to 0.6474 (epoch 31)
Epoch 32/60 | Time 0m22s
  Train | loss=0.6394 | top1=90.99% | top2=99.26% | top3=100.00%
  Valid | loss=0.6664 | top1=85.94% | top2=96.88% | top3=100.00% | acc=85.94% | bal_acc=63.04% | macro_f1=0.6301 | weighted_f1=0.8550 | precision_macro=0.6301 | recall_macro=0.6304 | qwk=0.8408 | mae=0.1504
        ovr_roc_auc_macro=0.9704 | ovr_pr_auc_macro=0.9066
Epoch 33/60 | Time 0m23s
  Train | loss=0.6352 | top1=92.32% | top2=99.44% | top3=99.98%
  Valid | loss=0.6631 | top1=86.13% | top2=97.27% | top3=99.80% | acc=86.13% | bal_acc=64.13% | macro_f1=0.6384 | weighted_f1=0.8573 | precision_macro=0.6356 | recall_macro=0.6413 | qwk=0.8439 | mae=0.1484
        ovr_roc_auc_macro=0.9732 | ovr_pr_auc_macro=0.9032
Epoch 34/60 | Time 0m22s
  Train | loss=0.6334 | top1=92.10% | top2=99.50% | top3=100.00%
  Valid | loss=0.6577 | top1=86.33% | top2=97.85% | top3=100.00% | acc=86.33% | bal_acc=63.11% | macro_f1=0.6328 | weighted_f1=0.8596 | precision_macro=0.6377 | recall_macro=0.6311 | qwk=0.8521 | mae=0.1426
        ovr_roc_auc_macro=0.9764 | ovr_pr_auc_macro=0.9004
Epoch 35/60 | Time 0m22s
  Train | loss=0.6295 | top1=93.14% | top2=99.61% | top3=100.00%
  Valid | loss=0.6567 | top1=88.09% | top2=97.27% | top3=100.00% | acc=88.09% | bal_acc=65.61% | macro_f1=0.6499 | weighted_f1=0.8771 | precision_macro=0.6441 | recall_macro=0.6561 | qwk=0.8629 | mae=0.1289
        ovr_roc_auc_macro=0.9766 | ovr_pr_auc_macro=0.9141
  -> best macro_f1 updated to 0.6499 (epoch 35)
Epoch 36/60 | Time 0m23s
  Train | loss=0.6282 | top1=93.21% | top2=99.57% | top3=99.98%
  Valid | loss=0.6546 | top1=87.50% | top2=98.24% | top3=100.00% | acc=87.50% | bal_acc=65.15% | macro_f1=0.6452 | weighted_f1=0.8717 | precision_macro=0.6399 | recall_macro=0.6515 | qwk=0.8619 | mae=0.1328
        ovr_roc_auc_macro=0.9778 | ovr_pr_auc_macro=0.9011
Epoch 37/60 | Time 0m22s
  Train | loss=0.6258 | top1=93.49% | top2=99.70% | top3=100.00%
  Valid | loss=0.6520 | top1=89.26% | top2=97.85% | top3=100.00% | acc=89.26% | bal_acc=70.98% | macro_f1=0.7417 | weighted_f1=0.8907 | precision_macro=0.9075 | recall_macro=0.7098 | qwk=0.8840 | mae=0.1133
        ovr_roc_auc_macro=0.9792 | ovr_pr_auc_macro=0.9089
  -> best macro_f1 updated to 0.7417 (epoch 37)
Epoch 38/60 | Time 0m23s
  Train | loss=0.6221 | top1=94.12% | top2=99.74% | top3=100.00%
  Valid | loss=0.6489 | top1=88.87% | top2=97.85% | top3=100.00% | acc=88.87% | bal_acc=70.61% | macro_f1=0.7385 | weighted_f1=0.8863 | precision_macro=0.9042 | recall_macro=0.7061 | qwk=0.8651 | mae=0.1230
        ovr_roc_auc_macro=0.9815 | ovr_pr_auc_macro=0.9299
Epoch 39/60 | Time 0m22s
  Train | loss=0.6221 | top1=94.49% | top2=99.67% | top3=100.00%
  Valid | loss=0.6472 | top1=90.43% | top2=98.05% | top3=100.00% | acc=90.43% | bal_acc=77.88% | macro_f1=0.8172 | weighted_f1=0.9038 | precision_macro=0.9206 | recall_macro=0.7788 | qwk=0.8911 | mae=0.1035
        ovr_roc_auc_macro=0.9839 | ovr_pr_auc_macro=0.9330
  -> best macro_f1 updated to 0.8172 (epoch 39)
Epoch 40/60 | Time 0m23s
  Train | loss=0.6201 | top1=94.81% | top2=99.72% | top3=100.00%
  Valid | loss=0.6453 | top1=90.43% | top2=98.24% | top3=99.80% | acc=90.43% | bal_acc=77.05% | macro_f1=0.8097 | weighted_f1=0.9037 | precision_macro=0.9135 | recall_macro=0.7705 | qwk=0.8913 | mae=0.1035
        ovr_roc_auc_macro=0.9846 | ovr_pr_auc_macro=0.9509
Epoch 41/60 | Time 0m23s
  Train | loss=0.6178 | top1=95.55% | top2=99.74% | top3=100.00%
  Valid | loss=0.6422 | top1=90.23% | top2=98.44% | top3=100.00% | acc=90.23% | bal_acc=81.93% | macro_f1=0.8597 | weighted_f1=0.9014 | precision_macro=0.9258 | recall_macro=0.8193 | qwk=0.8909 | mae=0.1055
        ovr_roc_auc_macro=0.9850 | ovr_pr_auc_macro=0.9387
  -> best macro_f1 updated to 0.8597 (epoch 41)
Epoch 42/60 | Time 0m22s
  Train | loss=0.6160 | top1=95.86% | top2=99.76% | top3=100.00%
  Valid | loss=0.6410 | top1=91.02% | top2=98.05% | top3=99.80% | acc=91.02% | bal_acc=78.26% | macro_f1=0.8194 | weighted_f1=0.9094 | precision_macro=0.9210 | recall_macro=0.7826 | qwk=0.9031 | mae=0.0957
        ovr_roc_auc_macro=0.9854 | ovr_pr_auc_macro=0.9490
Epoch 43/60 | Time 0m22s
  Train | loss=0.6148 | top1=96.25% | top2=99.74% | top3=100.00%
  Valid | loss=0.6424 | top1=91.02% | top2=98.05% | top3=99.80% | acc=91.02% | bal_acc=78.26% | macro_f1=0.8178 | weighted_f1=0.9095 | precision_macro=0.9180 | recall_macro=0.7826 | qwk=0.8931 | mae=0.0996
        ovr_roc_auc_macro=0.9852 | ovr_pr_auc_macro=0.9483
Epoch 44/60 | Time 0m22s
  Train | loss=0.6146 | top1=96.18% | top2=99.87% | top3=100.00%
  Valid | loss=0.6407 | top1=91.02% | top2=97.85% | top3=100.00% | acc=91.02% | bal_acc=81.87% | macro_f1=0.8593 | weighted_f1=0.9099 | precision_macro=0.9264 | recall_macro=0.8187 | qwk=0.9010 | mae=0.0957
        ovr_roc_auc_macro=0.9858 | ovr_pr_auc_macro=0.9489
Epoch 45/60 | Time 0m23s
  Train | loss=0.6125 | top1=96.40% | top2=99.87% | top3=100.00%
  Valid | loss=0.6390 | top1=91.41% | top2=98.05% | top3=100.00% | acc=91.41% | bal_acc=82.07% | macro_f1=0.8616 | weighted_f1=0.9137 | precision_macro=0.9287 | recall_macro=0.8207 | qwk=0.9047 | mae=0.0918
        ovr_roc_auc_macro=0.9861 | ovr_pr_auc_macro=0.9506
  -> best macro_f1 updated to 0.8616 (epoch 45)
Epoch 46/60 | Time 0m22s
  Train | loss=0.6125 | top1=96.46% | top2=99.85% | top3=99.98%
  Valid | loss=0.6373 | top1=91.80% | top2=98.24% | top3=100.00% | acc=91.80% | bal_acc=82.38% | macro_f1=0.8662 | weighted_f1=0.9173 | precision_macro=0.9345 | recall_macro=0.8238 | qwk=0.8979 | mae=0.0918
        ovr_roc_auc_macro=0.9866 | ovr_pr_auc_macro=0.9521
  -> best macro_f1 updated to 0.8662 (epoch 46)
Epoch 47/60 | Time 0m22s
  Train | loss=0.6114 | top1=96.53% | top2=99.91% | top3=100.00%
  Valid | loss=0.6374 | top1=91.80% | top2=98.05% | top3=100.00% | acc=91.80% | bal_acc=83.46% | macro_f1=0.8699 | weighted_f1=0.9175 | precision_macro=0.9303 | recall_macro=0.8346 | qwk=0.9108 | mae=0.0879
        ovr_roc_auc_macro=0.9871 | ovr_pr_auc_macro=0.9667
  -> best macro_f1 updated to 0.8699 (epoch 47)
Epoch 48/60 | Time 0m22s
  Train | loss=0.6107 | top1=96.48% | top2=99.87% | top3=100.00%
  Valid | loss=0.6357 | top1=92.38% | top2=98.24% | top3=100.00% | acc=92.38% | bal_acc=83.26% | macro_f1=0.8725 | weighted_f1=0.9235 | precision_macro=0.9378 | recall_macro=0.8326 | qwk=0.9143 | mae=0.0820
        ovr_roc_auc_macro=0.9874 | ovr_pr_auc_macro=0.9535
  -> best macro_f1 updated to 0.8725 (epoch 48)
Epoch 49/60 | Time 0m22s
  Train | loss=0.6083 | top1=97.33% | top2=99.93% | top3=100.00%
  Valid | loss=0.6351 | top1=91.80% | top2=98.24% | top3=100.00% | acc=91.80% | bal_acc=82.88% | macro_f1=0.8681 | weighted_f1=0.9175 | precision_macro=0.9326 | recall_macro=0.8288 | qwk=0.9094 | mae=0.0879
        ovr_roc_auc_macro=0.9878 | ovr_pr_auc_macro=0.9617
Epoch 50/60 | Time 0m22s
  Train | loss=0.6103 | top1=96.77% | top2=99.80% | top3=100.00%
  Valid | loss=0.6370 | top1=91.99% | top2=98.83% | top3=100.00% | acc=91.99% | bal_acc=83.44% | macro_f1=0.8699 | weighted_f1=0.9201 | precision_macro=0.9311 | recall_macro=0.8344 | qwk=0.9164 | mae=0.0840
        ovr_roc_auc_macro=0.9874 | ovr_pr_auc_macro=0.9611
Epoch 51/60 | Time 0m23s
  Train | loss=0.6083 | top1=97.37% | top2=99.91% | top3=100.00%
  Valid | loss=0.6336 | top1=92.19% | top2=98.63% | top3=100.00% | acc=92.19% | bal_acc=83.70% | macro_f1=0.8734 | weighted_f1=0.9218 | precision_macro=0.9350 | recall_macro=0.8370 | qwk=0.9184 | mae=0.0820
        ovr_roc_auc_macro=0.9884 | ovr_pr_auc_macro=0.9632
  -> best macro_f1 updated to 0.8734 (epoch 51)
Epoch 52/60 | Time 0m22s
  Train | loss=0.6082 | top1=97.66% | top2=99.89% | top3=100.00%
  Valid | loss=0.6353 | top1=92.77% | top2=98.83% | top3=100.00% | acc=92.77% | bal_acc=84.04% | macro_f1=0.8769 | weighted_f1=0.9276 | precision_macro=0.9385 | recall_macro=0.8404 | qwk=0.9238 | mae=0.0762
        ovr_roc_auc_macro=0.9874 | ovr_pr_auc_macro=0.9571
  -> best macro_f1 updated to 0.8769 (epoch 52)
Epoch 53/60 | Time 0m23s
  Train | loss=0.6082 | top1=97.61% | top2=99.96% | top3=100.00%
  Valid | loss=0.6362 | top1=92.58% | top2=98.83% | top3=100.00% | acc=92.58% | bal_acc=83.98% | macro_f1=0.8747 | weighted_f1=0.9258 | precision_macro=0.9351 | recall_macro=0.8398 | qwk=0.9220 | mae=0.0781
        ovr_roc_auc_macro=0.9878 | ovr_pr_auc_macro=0.9575
Epoch 54/60 | Time 0m22s
  Train | loss=0.6078 | top1=96.90% | top2=99.96% | top3=100.00%
  Valid | loss=0.6327 | top1=92.58% | top2=98.63% | top3=100.00% | acc=92.58% | bal_acc=83.86% | macro_f1=0.8767 | weighted_f1=0.9255 | precision_macro=0.9399 | recall_macro=0.8386 | qwk=0.9113 | mae=0.0820
        ovr_roc_auc_macro=0.9883 | ovr_pr_auc_macro=0.9560
Epoch 55/60 | Time 0m22s
  Train | loss=0.6082 | top1=97.33% | top2=99.93% | top3=100.00%
  Valid | loss=0.6345 | top1=92.19% | top2=98.83% | top3=100.00% | acc=92.19% | bal_acc=83.87% | macro_f1=0.8724 | weighted_f1=0.9218 | precision_macro=0.9314 | recall_macro=0.8387 | qwk=0.9192 | mae=0.0820
        ovr_roc_auc_macro=0.9882 | ovr_pr_auc_macro=0.9632
Epoch 56/60 | Time 0m22s
  Train | loss=0.6089 | top1=97.16% | top2=99.91% | top3=100.00%
  Valid | loss=0.6353 | top1=92.38% | top2=98.63% | top3=100.00% | acc=92.38% | bal_acc=84.01% | macro_f1=0.8747 | weighted_f1=0.9237 | precision_macro=0.9345 | recall_macro=0.8401 | qwk=0.9207 | mae=0.0801
        ovr_roc_auc_macro=0.9878 | ovr_pr_auc_macro=0.9622
Epoch 57/60 | Time 0m22s
  Train | loss=0.6077 | top1=97.57% | top2=99.91% | top3=100.00%
  Valid | loss=0.6336 | top1=92.38% | top2=98.83% | top3=100.00% | acc=92.38% | bal_acc=83.76% | macro_f1=0.8733 | weighted_f1=0.9237 | precision_macro=0.9342 | recall_macro=0.8376 | qwk=0.9205 | mae=0.0801
        ovr_roc_auc_macro=0.9884 | ovr_pr_auc_macro=0.9631
Epoch 58/60 | Time 0m23s
  Train | loss=0.6087 | top1=97.31% | top2=99.85% | top3=99.98%
  Valid | loss=0.6337 | top1=92.77% | top2=98.63% | top3=100.00% | acc=92.77% | bal_acc=84.00% | macro_f1=0.8768 | weighted_f1=0.9275 | precision_macro=0.9387 | recall_macro=0.8400 | qwk=0.9239 | mae=0.0762
        ovr_roc_auc_macro=0.9881 | ovr_pr_auc_macro=0.9583
Epoch 59/60 | Time 0m22s
  Train | loss=0.6072 | top1=97.40% | top2=99.85% | top3=100.00%
  Valid | loss=0.6355 | top1=92.77% | top2=98.63% | top3=100.00% | acc=92.77% | bal_acc=84.12% | macro_f1=0.8770 | weighted_f1=0.9277 | precision_macro=0.9383 | recall_macro=0.8412 | qwk=0.9236 | mae=0.0762
        ovr_roc_auc_macro=0.9877 | ovr_pr_auc_macro=0.9578
  -> best macro_f1 updated to 0.8770 (epoch 59)
Epoch 60/60 | Time 0m23s
  Train | loss=0.6069 | top1=97.57% | top2=99.87% | top3=100.00%
  Valid | loss=0.6352 | top1=92.58% | top2=98.83% | top3=100.00% | acc=92.58% | bal_acc=83.94% | macro_f1=0.8736 | weighted_f1=0.9258 | precision_macro=0.9331 | recall_macro=0.8394 | qwk=0.9223 | mae=0.0781
        ovr_roc_auc_macro=0.9880 | ovr_pr_auc_macro=0.9628

[TEST] loss=dast
  Test | loss=0.6310 | top1=91.88% | top2=99.77% | top3=100.00% | acc=91.88% | bal_acc=85.59% | macro_f1=0.8885 | weighted_f1=0.9191 | precision_macro=0.9365 | recall_macro=0.8559 | qwk=0.9215 | mae=0.0828
        ovr_roc_auc_macro=0.9903 | ovr_pr_auc_macro=0.9589
  Confusion Matrix:
[[593  46   1   0]
 [ 22 418   8   0]
 [  1  22 156   0]
 [  0   0   4   9]]
  Classification Report:
                  precision    recall  f1-score   support

     NonDemented     0.9627    0.9266    0.9443       640
VeryMildDemented     0.8601    0.9330    0.8951       448
    MildDemented     0.9231    0.8715    0.8966       179
ModerateDemented     1.0000    0.6923    0.8182        13

        accuracy                         0.9187      1280
       macro avg     0.9365    0.8559    0.8885      1280
    weighted avg     0.9216    0.9187    0.9191      1280


==========================================================================================
Summary CSV saved: E:\Paper\Computer-Vision-for-Medicine\Alzheimer_MRI_Loss\logs\ResNet_baseline_baseline_dast_tune_tau1_gamma1_20260418_215112_summary.csv
Top results by test_macro_f1:
  dast: macro_f1=0.8885, acc=91.88%, bal_acc=85.59%
Log file saved: E:\Paper\Computer-Vision-for-Medicine\Alzheimer_MRI_Loss\logs\ResNet_baseline_baseline_dast_tune_tau1_gamma1_20260418_215112.log
==========================================================================================
