==========================================================================================
Script: ResNet_layer3+MECS
Run tag: layer3_mecs_dast_tune_tau2_gamma2
Module: MECS | Insert after: layer3
Device: cuda
CUDA: NVIDIA GeForce RTX 4080
Data root: E:\Coding\Computer-Vision-for-Medicine\Alzheimer_MRI\OriginalDataset
Class order: ['NonDemented', 'VeryMildDemented', 'MildDemented', 'ModerateDemented'] (used for labels/QWK/MAE/ordinal losses)
Config | batch_size=32, epochs=60, num_workers=2, image_size=224, base_lr=0.0001, test_ratio=0.2, val_ratio_within_train=0.1, patience=15
Losses to run: ['dast']
DAST config | tau=2.0000, gamma=2.0000
==========================================================================================
Split sizes | train=4608, valid=512, test=1280
Classes (4): ['NonDemented', 'VeryMildDemented', 'MildDemented', 'ModerateDemented']
Train class counts: [2304, 1613, 645, 46]
Valid class counts: [256, 179, 72, 5]
Test class counts : [640, 448, 179, 13]
Loading torchvision ResNet50 pretrained weights once...
Pretrained state keys: 320

##########################################################################################
Starting loss: dast
##########################################################################################
Model params: 27,303,236 | pretrained loaded: 320/344 | feat_dim=2048
Criterion: DistanceAwareSoftTargetLoss
Criterion trainable params: 0
Criterion hparams | tau=2.0000, gamma=2.0000
Epoch 01/60 | Time 0m22s
  Train | loss=0.7413 | top1=48.13% | top2=81.64% | top3=96.90%
  Valid | loss=0.7126 | top1=49.02% | top2=84.96% | top3=99.02% | acc=49.02% | bal_acc=25.06% | macro_f1=0.1926 | weighted_f1=0.3669 | precision_macro=0.2201 | recall_macro=0.2506 | qwk=-0.0138 | mae=0.6641
        ovr_roc_auc_macro=0.5429 | ovr_pr_auc_macro=0.2704
  -> best macro_f1 updated to 0.1926 (epoch 1)
Epoch 02/60 | Time 0m22s
  Train | loss=0.7017 | top1=50.56% | top2=85.00% | top3=99.00%
  Valid | loss=0.6951 | top1=50.00% | top2=84.96% | top3=99.02% | acc=50.00% | bal_acc=26.55% | macro_f1=0.2302 | weighted_f1=0.4197 | precision_macro=0.2294 | recall_macro=0.2655 | qwk=0.0703 | mae=0.6211
        ovr_roc_auc_macro=0.6462 | ovr_pr_auc_macro=0.3206
  -> best macro_f1 updated to 0.2302 (epoch 2)
Epoch 03/60 | Time 0m22s
  Train | loss=0.6911 | top1=52.73% | top2=85.00% | top3=99.00%
  Valid | loss=0.6873 | top1=53.52% | top2=84.96% | top3=99.02% | acc=53.52% | bal_acc=29.49% | macro_f1=0.2680 | weighted_f1=0.4757 | precision_macro=0.2544 | recall_macro=0.2949 | qwk=0.1601 | mae=0.5605
        ovr_roc_auc_macro=0.7212 | ovr_pr_auc_macro=0.3694
  -> best macro_f1 updated to 0.2680 (epoch 3)
Epoch 04/60 | Time 0m22s
  Train | loss=0.6827 | top1=55.71% | top2=85.29% | top3=99.00%
  Valid | loss=0.6815 | top1=53.91% | top2=86.91% | top3=99.02% | acc=53.91% | bal_acc=32.08% | macro_f1=0.2913 | weighted_f1=0.5049 | precision_macro=0.2799 | recall_macro=0.3208 | qwk=0.3423 | mae=0.4863
        ovr_roc_auc_macro=0.7584 | ovr_pr_auc_macro=0.4098
  -> best macro_f1 updated to 0.2913 (epoch 4)
Epoch 05/60 | Time 0m21s
  Train | loss=0.6773 | top1=57.53% | top2=86.11% | top3=99.00%
  Valid | loss=0.6782 | top1=55.66% | top2=87.11% | top3=99.02% | acc=55.66% | bal_acc=33.17% | macro_f1=0.3016 | weighted_f1=0.5231 | precision_macro=0.2920 | recall_macro=0.3317 | qwk=0.3922 | mae=0.4609
        ovr_roc_auc_macro=0.7845 | ovr_pr_auc_macro=0.4488
  -> best macro_f1 updated to 0.3016 (epoch 5)
Epoch 06/60 | Time 0m22s
  Train | loss=0.6732 | top1=58.75% | top2=87.48% | top3=99.00%
  Valid | loss=0.6730 | top1=56.64% | top2=87.70% | top3=99.02% | acc=56.64% | bal_acc=33.53% | macro_f1=0.3104 | weighted_f1=0.5323 | precision_macro=0.5373 | recall_macro=0.3353 | qwk=0.3947 | mae=0.4570
        ovr_roc_auc_macro=0.8037 | ovr_pr_auc_macro=0.5125
  -> best macro_f1 updated to 0.3104 (epoch 6)
Epoch 07/60 | Time 0m22s
  Train | loss=0.6685 | top1=60.24% | top2=89.21% | top3=99.00%
  Valid | loss=0.6709 | top1=59.18% | top2=88.09% | top3=99.22% | acc=59.18% | bal_acc=38.09% | macro_f1=0.3776 | weighted_f1=0.5770 | precision_macro=0.5057 | recall_macro=0.3809 | qwk=0.4785 | mae=0.4199
        ovr_roc_auc_macro=0.8188 | ovr_pr_auc_macro=0.5673
  -> best macro_f1 updated to 0.3776 (epoch 7)
Epoch 08/60 | Time 0m22s
  Train | loss=0.6647 | top1=63.54% | top2=89.89% | top3=99.05%
  Valid | loss=0.6660 | top1=57.81% | top2=89.26% | top3=99.02% | acc=57.81% | bal_acc=35.47% | macro_f1=0.3592 | weighted_f1=0.5557 | precision_macro=0.4730 | recall_macro=0.3547 | qwk=0.4445 | mae=0.4492
        ovr_roc_auc_macro=0.8367 | ovr_pr_auc_macro=0.5725
Epoch 09/60 | Time 0m22s
  Train | loss=0.6590 | top1=65.91% | top2=91.19% | top3=99.33%
  Valid | loss=0.6662 | top1=61.72% | top2=91.21% | top3=99.22% | acc=61.72% | bal_acc=38.75% | macro_f1=0.3997 | weighted_f1=0.5849 | precision_macro=0.4895 | recall_macro=0.3875 | qwk=0.4911 | mae=0.4219
        ovr_roc_auc_macro=0.8363 | ovr_pr_auc_macro=0.5654
  -> best macro_f1 updated to 0.3997 (epoch 9)
Epoch 10/60 | Time 0m21s
  Train | loss=0.6533 | top1=68.86% | top2=93.03% | top3=99.39%
  Valid | loss=0.6682 | top1=62.50% | top2=89.06% | top3=98.63% | acc=62.50% | bal_acc=47.86% | macro_f1=0.4627 | weighted_f1=0.6298 | precision_macro=0.4892 | recall_macro=0.4786 | qwk=0.6139 | mae=0.3828
        ovr_roc_auc_macro=0.8631 | ovr_pr_auc_macro=0.6537
  -> best macro_f1 updated to 0.4627 (epoch 10)
Epoch 11/60 | Time 0m21s
  Train | loss=0.6491 | top1=70.94% | top2=94.14% | top3=99.54%
  Valid | loss=0.6542 | top1=65.82% | top2=92.97% | top3=99.61% | acc=65.82% | bal_acc=41.43% | macro_f1=0.4263 | weighted_f1=0.6316 | precision_macro=0.5057 | recall_macro=0.4143 | qwk=0.5559 | mae=0.3711
        ovr_roc_auc_macro=0.8921 | ovr_pr_auc_macro=0.6606
Epoch 12/60 | Time 0m21s
  Train | loss=0.6422 | top1=74.00% | top2=95.46% | top3=99.67%
  Valid | loss=0.6463 | top1=72.85% | top2=94.53% | top3=99.61% | acc=72.85% | bal_acc=54.37% | macro_f1=0.5362 | weighted_f1=0.7289 | precision_macro=0.5325 | recall_macro=0.5437 | qwk=0.7137 | mae=0.2832
        ovr_roc_auc_macro=0.9156 | ovr_pr_auc_macro=0.7840
  -> best macro_f1 updated to 0.5362 (epoch 12)
Epoch 13/60 | Time 0m21s
  Train | loss=0.6379 | top1=76.13% | top2=95.88% | top3=99.87%
  Valid | loss=0.6354 | top1=76.56% | top2=97.07% | top3=100.00% | acc=76.56% | bal_acc=53.97% | macro_f1=0.5467 | weighted_f1=0.7551 | precision_macro=0.5598 | recall_macro=0.5397 | qwk=0.7578 | mae=0.2422
        ovr_roc_auc_macro=0.9380 | ovr_pr_auc_macro=0.8128
  -> best macro_f1 updated to 0.5467 (epoch 13)
Epoch 14/60 | Time 0m21s
  Train | loss=0.6325 | top1=79.19% | top2=97.27% | top3=99.80%
  Valid | loss=0.6328 | top1=78.71% | top2=98.83% | top3=100.00% | acc=78.71% | bal_acc=56.84% | macro_f1=0.5785 | weighted_f1=0.7831 | precision_macro=0.5951 | recall_macro=0.5684 | qwk=0.7754 | mae=0.2188
        ovr_roc_auc_macro=0.9406 | ovr_pr_auc_macro=0.8227
  -> best macro_f1 updated to 0.5785 (epoch 14)
Epoch 15/60 | Time 0m20s
  Train | loss=0.6279 | top1=82.07% | top2=97.20% | top3=99.91%
  Valid | loss=0.6361 | top1=79.49% | top2=96.48% | top3=99.80% | acc=79.49% | bal_acc=55.23% | macro_f1=0.5723 | weighted_f1=0.7847 | precision_macro=0.6149 | recall_macro=0.5523 | qwk=0.7746 | mae=0.2129
        ovr_roc_auc_macro=0.9434 | ovr_pr_auc_macro=0.8274
Epoch 16/60 | Time 0m20s
  Train | loss=0.6219 | top1=84.74% | top2=98.37% | top3=99.91%
  Valid | loss=0.6259 | top1=83.20% | top2=96.88% | top3=100.00% | acc=83.20% | bal_acc=64.61% | macro_f1=0.6891 | weighted_f1=0.8279 | precision_macro=0.8696 | recall_macro=0.6461 | qwk=0.8130 | mae=0.1777
        ovr_roc_auc_macro=0.9632 | ovr_pr_auc_macro=0.8769
  -> best macro_f1 updated to 0.6891 (epoch 16)
Epoch 17/60 | Time 0m21s
  Train | loss=0.6188 | top1=87.24% | top2=98.63% | top3=99.96%
  Valid | loss=0.6339 | top1=85.55% | top2=95.70% | top3=98.63% | acc=85.55% | bal_acc=79.67% | macro_f1=0.8154 | weighted_f1=0.8585 | precision_macro=0.8674 | recall_macro=0.7967 | qwk=0.8212 | mae=0.1641
        ovr_roc_auc_macro=0.9649 | ovr_pr_auc_macro=0.8916
  -> best macro_f1 updated to 0.8154 (epoch 17)
Epoch 18/60 | Time 0m21s
  Train | loss=0.6139 | top1=89.65% | top2=98.87% | top3=99.91%
  Valid | loss=0.6303 | top1=82.42% | top2=97.46% | top3=99.41% | acc=82.42% | bal_acc=74.56% | macro_f1=0.7927 | weighted_f1=0.8181 | precision_macro=0.8785 | recall_macro=0.7456 | qwk=0.7859 | mae=0.1973
        ovr_roc_auc_macro=0.9649 | ovr_pr_auc_macro=0.9282
Epoch 19/60 | Time 0m21s
  Train | loss=0.6102 | top1=91.10% | top2=99.31% | top3=99.98%
  Valid | loss=0.6287 | top1=85.35% | top2=95.70% | top3=99.41% | acc=85.35% | bal_acc=90.38% | macro_f1=0.8767 | weighted_f1=0.8578 | precision_macro=0.8643 | recall_macro=0.9038 | qwk=0.8326 | mae=0.1641
        ovr_roc_auc_macro=0.9743 | ovr_pr_auc_macro=0.9488
  -> best macro_f1 updated to 0.8767 (epoch 19)
Epoch 20/60 | Time 0m21s
  Train | loss=0.6076 | top1=92.38% | top2=99.52% | top3=99.98%
  Valid | loss=0.6105 | top1=90.43% | top2=99.02% | top3=100.00% | acc=90.43% | bal_acc=80.79% | macro_f1=0.8542 | weighted_f1=0.9038 | precision_macro=0.9298 | recall_macro=0.8079 | qwk=0.9048 | mae=0.0977
        ovr_roc_auc_macro=0.9856 | ovr_pr_auc_macro=0.9678
Epoch 21/60 | Time 0m22s
  Train | loss=0.6045 | top1=93.97% | top2=99.63% | top3=99.96%
  Valid | loss=0.6115 | top1=90.82% | top2=99.22% | top3=100.00% | acc=90.82% | bal_acc=85.88% | macro_f1=0.8919 | weighted_f1=0.9073 | precision_macro=0.9338 | recall_macro=0.8588 | qwk=0.8942 | mae=0.0996
        ovr_roc_auc_macro=0.9831 | ovr_pr_auc_macro=0.9708
  -> best macro_f1 updated to 0.8919 (epoch 21)
Epoch 22/60 | Time 0m20s
  Train | loss=0.6022 | top1=95.07% | top2=99.65% | top3=99.98%
  Valid | loss=0.6068 | top1=93.55% | top2=99.02% | top3=99.80% | acc=93.55% | bal_acc=93.99% | macro_f1=0.9447 | weighted_f1=0.9355 | precision_macro=0.9502 | recall_macro=0.9399 | qwk=0.9263 | mae=0.0703
        ovr_roc_auc_macro=0.9903 | ovr_pr_auc_macro=0.9832
  -> best macro_f1 updated to 0.9447 (epoch 22)
Epoch 23/60 | Time 0m21s
  Train | loss=0.6017 | top1=95.49% | top2=99.63% | top3=99.98%
  Valid | loss=0.6106 | top1=93.36% | top2=98.24% | top3=99.61% | acc=93.36% | bal_acc=94.93% | macro_f1=0.9473 | weighted_f1=0.9339 | precision_macro=0.9468 | recall_macro=0.9493 | qwk=0.9142 | mae=0.0762
        ovr_roc_auc_macro=0.9898 | ovr_pr_auc_macro=0.9826
  -> best macro_f1 updated to 0.9473 (epoch 23)
Epoch 24/60 | Time 0m21s
  Train | loss=0.5996 | top1=95.86% | top2=99.80% | top3=100.00%
  Valid | loss=0.6070 | top1=93.95% | top2=98.44% | top3=99.41% | acc=93.95% | bal_acc=95.43% | macro_f1=0.9498 | weighted_f1=0.9398 | precision_macro=0.9463 | recall_macro=0.9543 | qwk=0.9202 | mae=0.0703
        ovr_roc_auc_macro=0.9923 | ovr_pr_auc_macro=0.9866
  -> best macro_f1 updated to 0.9498 (epoch 24)
Epoch 25/60 | Time 0m21s
  Train | loss=0.5980 | top1=96.79% | top2=99.72% | top3=100.00%
  Valid | loss=0.6046 | top1=93.75% | top2=99.22% | top3=100.00% | acc=93.75% | bal_acc=94.75% | macro_f1=0.9501 | weighted_f1=0.9381 | precision_macro=0.9560 | recall_macro=0.9475 | qwk=0.9324 | mae=0.0664
        ovr_roc_auc_macro=0.9938 | ovr_pr_auc_macro=0.9879
  -> best macro_f1 updated to 0.9501 (epoch 25)
Epoch 26/60 | Time 0m21s
  Train | loss=0.5986 | top1=96.44% | top2=99.72% | top3=99.93%
  Valid | loss=0.6038 | top1=94.14% | top2=98.63% | top3=99.80% | acc=94.14% | bal_acc=95.61% | macro_f1=0.9552 | weighted_f1=0.9418 | precision_macro=0.9559 | recall_macro=0.9561 | qwk=0.9368 | mae=0.0625
        ovr_roc_auc_macro=0.9923 | ovr_pr_auc_macro=0.9848
  -> best macro_f1 updated to 0.9552 (epoch 26)
Epoch 27/60 | Time 0m22s
  Train | loss=0.5956 | top1=97.66% | top2=99.80% | top3=99.98%
  Valid | loss=0.5992 | top1=95.70% | top2=99.41% | top3=99.80% | acc=95.70% | bal_acc=96.06% | macro_f1=0.9654 | weighted_f1=0.9571 | precision_macro=0.9709 | recall_macro=0.9606 | qwk=0.9508 | mae=0.0469
        ovr_roc_auc_macro=0.9948 | ovr_pr_auc_macro=0.9921
  -> best macro_f1 updated to 0.9654 (epoch 27)
Epoch 28/60 | Time 0m21s
  Train | loss=0.5944 | top1=97.94% | top2=99.85% | top3=100.00%
  Valid | loss=0.6040 | top1=94.92% | top2=98.63% | top3=99.41% | acc=94.92% | bal_acc=96.17% | macro_f1=0.9581 | weighted_f1=0.9494 | precision_macro=0.9548 | recall_macro=0.9617 | qwk=0.9291 | mae=0.0605
        ovr_roc_auc_macro=0.9876 | ovr_pr_auc_macro=0.9750
Epoch 29/60 | Time 0m21s
  Train | loss=0.5943 | top1=97.83% | top2=99.89% | top3=100.00%
  Valid | loss=0.5986 | top1=96.29% | top2=99.41% | top3=99.80% | acc=96.29% | bal_acc=97.35% | macro_f1=0.9729 | weighted_f1=0.9629 | precision_macro=0.9724 | recall_macro=0.9735 | qwk=0.9567 | mae=0.0410
        ovr_roc_auc_macro=0.9949 | ovr_pr_auc_macro=0.9919
  -> best macro_f1 updated to 0.9729 (epoch 29)
Epoch 30/60 | Time 0m21s
  Train | loss=0.5939 | top1=98.20% | top2=99.93% | top3=100.00%
  Valid | loss=0.5999 | top1=95.51% | top2=99.41% | top3=99.80% | acc=95.51% | bal_acc=96.88% | macro_f1=0.9684 | weighted_f1=0.9553 | precision_macro=0.9691 | recall_macro=0.9688 | qwk=0.9491 | mae=0.0488
        ovr_roc_auc_macro=0.9950 | ovr_pr_auc_macro=0.9927
Epoch 31/60 | Time 0m21s
  Train | loss=0.5938 | top1=98.13% | top2=99.93% | top3=100.00%
  Valid | loss=0.6013 | top1=96.09% | top2=99.02% | top3=99.61% | acc=96.09% | bal_acc=97.42% | macro_f1=0.9687 | weighted_f1=0.9611 | precision_macro=0.9641 | recall_macro=0.9742 | qwk=0.9447 | mae=0.0469
        ovr_roc_auc_macro=0.9940 | ovr_pr_auc_macro=0.9882
Epoch 32/60 | Time 0m22s
  Train | loss=0.5927 | top1=98.55% | top2=99.91% | top3=99.98%
  Valid | loss=0.5972 | top1=96.88% | top2=99.22% | top3=99.80% | acc=96.88% | bal_acc=97.15% | macro_f1=0.9750 | weighted_f1=0.9687 | precision_macro=0.9789 | recall_macro=0.9715 | qwk=0.9616 | mae=0.0352
        ovr_roc_auc_macro=0.9936 | ovr_pr_auc_macro=0.9895
  -> best macro_f1 updated to 0.9750 (epoch 32)
Epoch 33/60 | Time 0m22s
  Train | loss=0.5930 | top1=98.42% | top2=99.91% | top3=100.00%
  Valid | loss=0.5994 | top1=96.48% | top2=99.02% | top3=99.80% | acc=96.48% | bal_acc=97.07% | macro_f1=0.9739 | weighted_f1=0.9648 | precision_macro=0.9774 | recall_macro=0.9707 | qwk=0.9584 | mae=0.0391
        ovr_roc_auc_macro=0.9931 | ovr_pr_auc_macro=0.9884
Epoch 34/60 | Time 0m22s
  Train | loss=0.5919 | top1=98.89% | top2=100.00% | top3=100.00%
  Valid | loss=0.6020 | top1=94.73% | top2=98.83% | top3=99.61% | acc=94.73% | bal_acc=95.86% | macro_f1=0.9554 | weighted_f1=0.9473 | precision_macro=0.9524 | recall_macro=0.9586 | qwk=0.9330 | mae=0.0605
        ovr_roc_auc_macro=0.9901 | ovr_pr_auc_macro=0.9819
Epoch 35/60 | Time 0m21s
  Train | loss=0.5915 | top1=98.98% | top2=99.93% | top3=99.98%
  Valid | loss=0.5996 | top1=96.29% | top2=99.02% | top3=99.61% | acc=96.29% | bal_acc=97.43% | macro_f1=0.9685 | weighted_f1=0.9629 | precision_macro=0.9635 | recall_macro=0.9743 | qwk=0.9524 | mae=0.0430
        ovr_roc_auc_macro=0.9947 | ovr_pr_auc_macro=0.9919
Epoch 36/60 | Time 0m22s
  Train | loss=0.5910 | top1=99.13% | top2=100.00% | top3=100.00%
  Valid | loss=0.5964 | top1=97.66% | top2=99.02% | top3=99.80% | acc=97.66% | bal_acc=98.37% | macro_f1=0.9835 | weighted_f1=0.9766 | precision_macro=0.9833 | recall_macro=0.9837 | qwk=0.9740 | mae=0.0254
        ovr_roc_auc_macro=0.9964 | ovr_pr_auc_macro=0.9938
  -> best macro_f1 updated to 0.9835 (epoch 36)
Epoch 37/60 | Time 0m22s
  Train | loss=0.5907 | top1=99.02% | top2=100.00% | top3=100.00%
  Valid | loss=0.5970 | top1=96.48% | top2=99.02% | top3=99.80% | acc=96.48% | bal_acc=97.28% | macro_f1=0.9739 | weighted_f1=0.9650 | precision_macro=0.9753 | recall_macro=0.9728 | qwk=0.9633 | mae=0.0371
        ovr_roc_auc_macro=0.9951 | ovr_pr_auc_macro=0.9917
Epoch 38/60 | Time 0m22s
  Train | loss=0.5906 | top1=99.28% | top2=99.93% | top3=100.00%
  Valid | loss=0.5963 | top1=96.88% | top2=99.22% | top3=99.80% | acc=96.88% | bal_acc=97.48% | macro_f1=0.9762 | weighted_f1=0.9688 | precision_macro=0.9779 | recall_macro=0.9748 | qwk=0.9669 | mae=0.0332
        ovr_roc_auc_macro=0.9949 | ovr_pr_auc_macro=0.9928
Epoch 39/60 | Time 0m22s
  Train | loss=0.5902 | top1=99.37% | top2=100.00% | top3=100.00%
  Valid | loss=0.5960 | top1=97.07% | top2=99.02% | top3=99.80% | acc=97.07% | bal_acc=97.53% | macro_f1=0.9730 | weighted_f1=0.9708 | precision_macro=0.9708 | recall_macro=0.9753 | qwk=0.9587 | mae=0.0352
        ovr_roc_auc_macro=0.9965 | ovr_pr_auc_macro=0.9949
Epoch 40/60 | Time 0m21s
  Train | loss=0.5909 | top1=99.07% | top2=99.93% | top3=100.00%
  Valid | loss=0.5952 | top1=97.66% | top2=99.41% | top3=100.00% | acc=97.66% | bal_acc=98.41% | macro_f1=0.9835 | weighted_f1=0.9766 | precision_macro=0.9830 | recall_macro=0.9841 | qwk=0.9740 | mae=0.0254
        ovr_roc_auc_macro=0.9977 | ovr_pr_auc_macro=0.9963
Epoch 41/60 | Time 0m21s
  Train | loss=0.5897 | top1=99.65% | top2=100.00% | top3=100.00%
  Valid | loss=0.5943 | top1=97.85% | top2=99.22% | top3=100.00% | acc=97.85% | bal_acc=98.34% | macro_f1=0.9834 | weighted_f1=0.9786 | precision_macro=0.9837 | recall_macro=0.9834 | qwk=0.9756 | mae=0.0234
        ovr_roc_auc_macro=0.9977 | ovr_pr_auc_macro=0.9962
Epoch 42/60 | Time 0m20s
  Train | loss=0.5898 | top1=99.46% | top2=99.98% | top3=100.00%
  Valid | loss=0.5954 | top1=96.88% | top2=99.41% | top3=100.00% | acc=96.88% | bal_acc=97.77% | macro_f1=0.9763 | weighted_f1=0.9689 | precision_macro=0.9753 | recall_macro=0.9777 | qwk=0.9670 | mae=0.0332
        ovr_roc_auc_macro=0.9975 | ovr_pr_auc_macro=0.9954
Epoch 43/60 | Time 0m21s
  Train | loss=0.5897 | top1=99.61% | top2=99.98% | top3=100.00%
  Valid | loss=0.5966 | top1=96.09% | top2=99.41% | top3=100.00% | acc=96.09% | bal_acc=96.67% | macro_f1=0.9705 | weighted_f1=0.9609 | precision_macro=0.9746 | recall_macro=0.9667 | qwk=0.9495 | mae=0.0449
        ovr_roc_auc_macro=0.9958 | ovr_pr_auc_macro=0.9923
Epoch 44/60 | Time 0m20s
  Train | loss=0.5895 | top1=99.57% | top2=100.00% | top3=100.00%
  Valid | loss=0.5958 | top1=97.07% | top2=99.41% | top3=99.80% | acc=97.07% | bal_acc=97.83% | macro_f1=0.9787 | weighted_f1=0.9708 | precision_macro=0.9792 | recall_macro=0.9783 | qwk=0.9687 | mae=0.0312
        ovr_roc_auc_macro=0.9956 | ovr_pr_auc_macro=0.9919
Epoch 45/60 | Time 0m21s
  Train | loss=0.5895 | top1=99.61% | top2=99.98% | top3=100.00%
  Valid | loss=0.5937 | top1=97.46% | top2=99.41% | top3=100.00% | acc=97.46% | bal_acc=97.73% | macro_f1=0.9810 | weighted_f1=0.9746 | precision_macro=0.9849 | recall_macro=0.9773 | qwk=0.9721 | mae=0.0273
        ovr_roc_auc_macro=0.9975 | ovr_pr_auc_macro=0.9961
Epoch 46/60 | Time 0m21s
  Train | loss=0.5890 | top1=99.76% | top2=100.00% | top3=100.00%
  Valid | loss=0.5942 | top1=97.46% | top2=99.41% | top3=100.00% | acc=97.46% | bal_acc=97.94% | macro_f1=0.9812 | weighted_f1=0.9746 | precision_macro=0.9831 | recall_macro=0.9794 | qwk=0.9671 | mae=0.0293
        ovr_roc_auc_macro=0.9976 | ovr_pr_auc_macro=0.9961
Epoch 47/60 | Time 0m21s
  Train | loss=0.5890 | top1=99.83% | top2=100.00% | top3=100.00%
  Valid | loss=0.5936 | top1=98.05% | top2=99.41% | top3=100.00% | acc=98.05% | bal_acc=98.40% | macro_f1=0.9846 | weighted_f1=0.9805 | precision_macro=0.9853 | recall_macro=0.9840 | qwk=0.9774 | mae=0.0215
        ovr_roc_auc_macro=0.9977 | ovr_pr_auc_macro=0.9963
  -> best macro_f1 updated to 0.9846 (epoch 47)
Epoch 48/60 | Time 0m21s
  Train | loss=0.5891 | top1=99.70% | top2=100.00% | top3=100.00%
  Valid | loss=0.5948 | top1=98.24% | top2=99.22% | top3=99.80% | acc=98.24% | bal_acc=98.79% | macro_f1=0.9871 | weighted_f1=0.9824 | precision_macro=0.9863 | recall_macro=0.9879 | qwk=0.9792 | mae=0.0195
        ovr_roc_auc_macro=0.9973 | ovr_pr_auc_macro=0.9963
  -> best macro_f1 updated to 0.9871 (epoch 48)
Epoch 49/60 | Time 0m21s
  Train | loss=0.5889 | top1=99.87% | top2=100.00% | top3=100.00%
  Valid | loss=0.5942 | top1=98.24% | top2=99.41% | top3=99.61% | acc=98.24% | bal_acc=98.70% | macro_f1=0.9860 | weighted_f1=0.9824 | precision_macro=0.9850 | recall_macro=0.9870 | qwk=0.9741 | mae=0.0215
        ovr_roc_auc_macro=0.9977 | ovr_pr_auc_macro=0.9970
Epoch 50/60 | Time 0m20s
  Train | loss=0.5888 | top1=99.85% | top2=100.00% | top3=100.00%
  Valid | loss=0.5937 | top1=97.85% | top2=99.41% | top3=100.00% | acc=97.85% | bal_acc=98.26% | macro_f1=0.9834 | weighted_f1=0.9785 | precision_macro=0.9843 | recall_macro=0.9826 | qwk=0.9757 | mae=0.0234
        ovr_roc_auc_macro=0.9971 | ovr_pr_auc_macro=0.9959
Epoch 51/60 | Time 0m20s
  Train | loss=0.5888 | top1=99.83% | top2=100.00% | top3=100.00%
  Valid | loss=0.5934 | top1=98.05% | top2=99.22% | top3=99.80% | acc=98.05% | bal_acc=98.65% | macro_f1=0.9859 | weighted_f1=0.9805 | precision_macro=0.9853 | recall_macro=0.9865 | qwk=0.9775 | mae=0.0215
        ovr_roc_auc_macro=0.9971 | ovr_pr_auc_macro=0.9961
Epoch 52/60 | Time 0m20s
  Train | loss=0.5887 | top1=99.98% | top2=100.00% | top3=100.00%
  Valid | loss=0.5933 | top1=98.05% | top2=99.22% | top3=99.80% | acc=98.05% | bal_acc=98.61% | macro_f1=0.9859 | weighted_f1=0.9805 | precision_macro=0.9857 | recall_macro=0.9861 | qwk=0.9775 | mae=0.0215
        ovr_roc_auc_macro=0.9976 | ovr_pr_auc_macro=0.9965
Epoch 53/60 | Time 0m20s
  Train | loss=0.5886 | top1=99.93% | top2=100.00% | top3=100.00%
  Valid | loss=0.5939 | top1=97.85% | top2=99.41% | top3=99.80% | acc=97.85% | bal_acc=98.51% | macro_f1=0.9847 | weighted_f1=0.9785 | precision_macro=0.9843 | recall_macro=0.9851 | qwk=0.9757 | mae=0.0234
        ovr_roc_auc_macro=0.9968 | ovr_pr_auc_macro=0.9959
Epoch 54/60 | Time 0m20s
  Train | loss=0.5887 | top1=99.89% | top2=100.00% | top3=100.00%
  Valid | loss=0.5932 | top1=98.63% | top2=99.41% | top3=99.80% | acc=98.63% | bal_acc=98.94% | macro_f1=0.9894 | weighted_f1=0.9863 | precision_macro=0.9894 | recall_macro=0.9894 | qwk=0.9827 | mae=0.0156
        ovr_roc_auc_macro=0.9971 | ovr_pr_auc_macro=0.9962
  -> best macro_f1 updated to 0.9894 (epoch 54)
Epoch 55/60 | Time 0m20s
  Train | loss=0.5887 | top1=99.89% | top2=100.00% | top3=100.00%
  Valid | loss=0.5934 | top1=98.24% | top2=99.41% | top3=99.80% | acc=98.24% | bal_acc=98.79% | macro_f1=0.9871 | weighted_f1=0.9824 | precision_macro=0.9863 | recall_macro=0.9879 | qwk=0.9792 | mae=0.0195
        ovr_roc_auc_macro=0.9971 | ovr_pr_auc_macro=0.9962
Epoch 56/60 | Time 0m20s
  Train | loss=0.5887 | top1=99.87% | top2=99.98% | top3=100.00%
  Valid | loss=0.5934 | top1=98.05% | top2=99.41% | top3=99.80% | acc=98.05% | bal_acc=98.65% | macro_f1=0.9859 | weighted_f1=0.9805 | precision_macro=0.9853 | recall_macro=0.9865 | qwk=0.9775 | mae=0.0215
        ovr_roc_auc_macro=0.9970 | ovr_pr_auc_macro=0.9959
Epoch 57/60 | Time 0m20s
  Train | loss=0.5886 | top1=99.89% | top2=100.00% | top3=100.00%
  Valid | loss=0.5934 | top1=98.24% | top2=99.41% | top3=99.80% | acc=98.24% | bal_acc=98.70% | macro_f1=0.9870 | weighted_f1=0.9824 | precision_macro=0.9870 | recall_macro=0.9870 | qwk=0.9792 | mae=0.0195
        ovr_roc_auc_macro=0.9971 | ovr_pr_auc_macro=0.9961
Epoch 58/60 | Time 0m20s
  Train | loss=0.5885 | top1=99.96% | top2=100.00% | top3=100.00%
  Valid | loss=0.5933 | top1=98.05% | top2=99.41% | top3=99.80% | acc=98.05% | bal_acc=98.65% | macro_f1=0.9859 | weighted_f1=0.9805 | precision_macro=0.9853 | recall_macro=0.9865 | qwk=0.9775 | mae=0.0215
        ovr_roc_auc_macro=0.9970 | ovr_pr_auc_macro=0.9961
Epoch 59/60 | Time 0m20s
  Train | loss=0.5886 | top1=99.89% | top2=100.00% | top3=100.00%
  Valid | loss=0.5932 | top1=98.05% | top2=99.41% | top3=100.00% | acc=98.05% | bal_acc=98.44% | macro_f1=0.9846 | weighted_f1=0.9805 | precision_macro=0.9850 | recall_macro=0.9844 | qwk=0.9774 | mae=0.0215
        ovr_roc_auc_macro=0.9971 | ovr_pr_auc_macro=0.9960
Epoch 60/60 | Time 0m20s
  Train | loss=0.5887 | top1=99.83% | top2=100.00% | top3=100.00%
  Valid | loss=0.5936 | top1=98.24% | top2=99.22% | top3=99.80% | acc=98.24% | bal_acc=98.79% | macro_f1=0.9871 | weighted_f1=0.9824 | precision_macro=0.9863 | recall_macro=0.9879 | qwk=0.9792 | mae=0.0195
        ovr_roc_auc_macro=0.9970 | ovr_pr_auc_macro=0.9961

[TEST] loss=dast
  Test | loss=0.5916 | top1=98.91% | top2=99.92% | top3=99.92% | acc=98.91% | bal_acc=98.98% | macro_f1=0.9905 | weighted_f1=0.9891 | precision_macro=0.9912 | recall_macro=0.9898 | qwk=0.9861 | mae=0.0125
        ovr_roc_auc_macro=0.9993 | ovr_pr_auc_macro=0.9968
  Confusion Matrix:
[[634   5   1   0]
 [  3 444   1   0]
 [  1   3 175   0]
 [  0   0   0  13]]
  Classification Report:
                  precision    recall  f1-score   support

     NonDemented     0.9937    0.9906    0.9922       640
VeryMildDemented     0.9823    0.9911    0.9867       448
    MildDemented     0.9887    0.9777    0.9831       179
ModerateDemented     1.0000    1.0000    1.0000        13

        accuracy                         0.9891      1280
       macro avg     0.9912    0.9898    0.9905      1280
    weighted avg     0.9891    0.9891    0.9891      1280


==========================================================================================
Summary CSV saved: E:\Coding\Computer-Vision-for-Medicine\Alzheimer_MRI_Loss\logs\ResNet_layer3+MECS_layer3_mecs_dast_tune_tau2_gamma2_20260419_000615_summary.csv
Top results by test_macro_f1:
  dast: macro_f1=0.9905, acc=98.91%, bal_acc=98.98%
Log file saved: E:\Coding\Computer-Vision-for-Medicine\Alzheimer_MRI_Loss\logs\ResNet_layer3+MECS_layer3_mecs_dast_tune_tau2_gamma2_20260419_000615.log
==========================================================================================
