==========================================================================================
Script: ResNet_layer3+MECS
Run tag: layer3_mecs_dast_tune_tau1p5_gamma1p5
Module: MECS | Insert after: layer3
Device: cuda
CUDA: NVIDIA GeForce RTX 4080
Data root: E:\Coding\Computer-Vision-for-Medicine\Alzheimer_MRI\OriginalDataset
Class order: ['NonDemented', 'VeryMildDemented', 'MildDemented', 'ModerateDemented'] (used for labels/QWK/MAE/ordinal losses)
Config | batch_size=32, epochs=60, num_workers=2, image_size=224, base_lr=0.0001, test_ratio=0.2, val_ratio_within_train=0.1, patience=15
Losses to run: ['dast']
DAST config | tau=1.5000, gamma=1.5000
==========================================================================================
Split sizes | train=4608, valid=512, test=1280
Classes (4): ['NonDemented', 'VeryMildDemented', 'MildDemented', 'ModerateDemented']
Train class counts: [2304, 1613, 645, 46]
Valid class counts: [256, 179, 72, 5]
Test class counts : [640, 448, 179, 13]
Loading torchvision ResNet50 pretrained weights once...
Pretrained state keys: 320

##########################################################################################
Starting loss: dast
##########################################################################################
Model params: 27,303,236 | pretrained loaded: 320/344 | feat_dim=2048
Criterion: DistanceAwareSoftTargetLoss
Criterion trainable params: 0
Criterion hparams | tau=1.5000, gamma=1.5000
Epoch 01/60 | Time 0m21s
  Train | loss=0.8493 | top1=48.50% | top2=81.60% | top3=96.72%
  Valid | loss=0.8087 | top1=50.39% | top2=84.96% | top3=99.02% | acc=50.39% | bal_acc=25.49% | macro_f1=0.1846 | weighted_f1=0.3583 | precision_macro=0.2510 | recall_macro=0.2549 | qwk=0.0069 | mae=0.6523
        ovr_roc_auc_macro=0.5546 | ovr_pr_auc_macro=0.2709
  -> best macro_f1 updated to 0.1846 (epoch 1)
Epoch 02/60 | Time 0m21s
  Train | loss=0.7914 | top1=50.22% | top2=85.00% | top3=99.00%
  Valid | loss=0.7803 | top1=50.78% | top2=84.96% | top3=99.02% | acc=50.78% | bal_acc=26.44% | macro_f1=0.2182 | weighted_f1=0.4046 | precision_macro=0.2388 | recall_macro=0.2644 | qwk=0.0420 | mae=0.6309
        ovr_roc_auc_macro=0.6482 | ovr_pr_auc_macro=0.3201
  -> best macro_f1 updated to 0.2182 (epoch 2)
Epoch 03/60 | Time 0m21s
  Train | loss=0.7735 | top1=52.30% | top2=85.00% | top3=99.00%
  Valid | loss=0.7681 | top1=54.10% | top2=84.96% | top3=99.02% | acc=54.10% | bal_acc=29.49% | macro_f1=0.2657 | weighted_f1=0.4740 | precision_macro=0.2575 | recall_macro=0.2949 | qwk=0.1588 | mae=0.5605
        ovr_roc_auc_macro=0.7261 | ovr_pr_auc_macro=0.3684
  -> best macro_f1 updated to 0.2657 (epoch 3)
Epoch 04/60 | Time 0m21s
  Train | loss=0.7606 | top1=55.10% | top2=85.22% | top3=99.00%
  Valid | loss=0.7594 | top1=53.52% | top2=87.30% | top3=99.02% | acc=53.52% | bal_acc=31.88% | macro_f1=0.2893 | weighted_f1=0.5010 | precision_macro=0.2781 | recall_macro=0.3188 | qwk=0.3299 | mae=0.4922
        ovr_roc_auc_macro=0.7622 | ovr_pr_auc_macro=0.4057
  -> best macro_f1 updated to 0.2893 (epoch 4)
Epoch 05/60 | Time 0m21s
  Train | loss=0.7521 | top1=57.44% | top2=86.39% | top3=99.00%
  Valid | loss=0.7533 | top1=56.64% | top2=87.11% | top3=99.02% | acc=56.64% | bal_acc=34.03% | macro_f1=0.3127 | weighted_f1=0.5338 | precision_macro=0.5462 | recall_macro=0.3403 | qwk=0.4037 | mae=0.4512
        ovr_roc_auc_macro=0.7942 | ovr_pr_auc_macro=0.4379
  -> best macro_f1 updated to 0.3127 (epoch 5)
Epoch 06/60 | Time 0m22s
  Train | loss=0.7454 | top1=59.22% | top2=87.59% | top3=99.00%
  Valid | loss=0.7441 | top1=57.42% | top2=87.50% | top3=99.02% | acc=57.42% | bal_acc=34.13% | macro_f1=0.3199 | weighted_f1=0.5412 | precision_macro=0.5389 | recall_macro=0.3413 | qwk=0.4021 | mae=0.4512
        ovr_roc_auc_macro=0.8170 | ovr_pr_auc_macro=0.5003
  -> best macro_f1 updated to 0.3199 (epoch 6)
Epoch 07/60 | Time 0m21s
  Train | loss=0.7390 | top1=60.72% | top2=89.02% | top3=99.00%
  Valid | loss=0.7418 | top1=60.16% | top2=88.09% | top3=99.02% | acc=60.16% | bal_acc=38.62% | macro_f1=0.3791 | weighted_f1=0.5851 | precision_macro=0.5121 | recall_macro=0.3862 | qwk=0.4981 | mae=0.4062
        ovr_roc_auc_macro=0.8349 | ovr_pr_auc_macro=0.5313
  -> best macro_f1 updated to 0.3791 (epoch 7)
Epoch 08/60 | Time 0m22s
  Train | loss=0.7321 | top1=63.61% | top2=90.60% | top3=99.13%
  Valid | loss=0.7300 | top1=61.91% | top2=91.21% | top3=99.41% | acc=61.91% | bal_acc=40.11% | macro_f1=0.4146 | weighted_f1=0.6067 | precision_macro=0.4828 | recall_macro=0.4011 | qwk=0.5525 | mae=0.3945
        ovr_roc_auc_macro=0.8501 | ovr_pr_auc_macro=0.6120
  -> best macro_f1 updated to 0.4146 (epoch 8)
Epoch 09/60 | Time 0m21s
  Train | loss=0.7235 | top1=66.43% | top2=91.58% | top3=99.28%
  Valid | loss=0.7256 | top1=64.06% | top2=91.41% | top3=99.41% | acc=64.06% | bal_acc=40.72% | macro_f1=0.4181 | weighted_f1=0.6222 | precision_macro=0.4880 | recall_macro=0.4072 | qwk=0.5577 | mae=0.3789
        ovr_roc_auc_macro=0.8618 | ovr_pr_auc_macro=0.5928
  -> best macro_f1 updated to 0.4181 (epoch 9)
Epoch 10/60 | Time 0m22s
  Train | loss=0.7154 | top1=68.45% | top2=92.97% | top3=99.37%
  Valid | loss=0.7266 | top1=67.58% | top2=90.04% | top3=99.80% | acc=67.58% | bal_acc=51.23% | macro_f1=0.4968 | weighted_f1=0.6810 | precision_macro=0.5027 | recall_macro=0.5123 | qwk=0.6582 | mae=0.3379
        ovr_roc_auc_macro=0.8814 | ovr_pr_auc_macro=0.6845
  -> best macro_f1 updated to 0.4968 (epoch 10)
Epoch 11/60 | Time 0m22s
  Train | loss=0.7065 | top1=72.01% | top2=94.62% | top3=99.67%
  Valid | loss=0.7054 | top1=71.48% | top2=93.75% | top3=99.61% | acc=71.48% | bal_acc=46.65% | macro_f1=0.4830 | weighted_f1=0.6986 | precision_macro=0.5593 | recall_macro=0.4665 | qwk=0.6520 | mae=0.3008
        ovr_roc_auc_macro=0.9080 | ovr_pr_auc_macro=0.6713
Epoch 12/60 | Time 0m21s
  Train | loss=0.6975 | top1=74.93% | top2=95.40% | top3=99.74%
  Valid | loss=0.6996 | top1=75.59% | top2=95.90% | top3=100.00% | acc=75.59% | bal_acc=54.74% | macro_f1=0.5513 | weighted_f1=0.7552 | precision_macro=0.5684 | recall_macro=0.5474 | qwk=0.7396 | mae=0.2500
        ovr_roc_auc_macro=0.9287 | ovr_pr_auc_macro=0.8301
  -> best macro_f1 updated to 0.5513 (epoch 12)
Epoch 13/60 | Time 0m22s
  Train | loss=0.6893 | top1=78.39% | top2=96.27% | top3=99.91%
  Valid | loss=0.6851 | top1=80.27% | top2=97.07% | top3=100.00% | acc=80.27% | bal_acc=57.99% | macro_f1=0.5863 | weighted_f1=0.7961 | precision_macro=0.5954 | recall_macro=0.5799 | qwk=0.7975 | mae=0.2031
        ovr_roc_auc_macro=0.9441 | ovr_pr_auc_macro=0.8659
  -> best macro_f1 updated to 0.5863 (epoch 13)
Epoch 14/60 | Time 0m22s
  Train | loss=0.6807 | top1=80.43% | top2=97.57% | top3=99.85%
  Valid | loss=0.6805 | top1=81.25% | top2=97.85% | top3=100.00% | acc=81.25% | bal_acc=58.45% | macro_f1=0.5947 | weighted_f1=0.8091 | precision_macro=0.6168 | recall_macro=0.5845 | qwk=0.8081 | mae=0.1895
        ovr_roc_auc_macro=0.9512 | ovr_pr_auc_macro=0.8564
  -> best macro_f1 updated to 0.5947 (epoch 14)
Epoch 15/60 | Time 0m21s
  Train | loss=0.6735 | top1=83.75% | top2=97.59% | top3=99.91%
  Valid | loss=0.6807 | top1=81.45% | top2=96.48% | top3=99.80% | acc=81.45% | bal_acc=56.83% | macro_f1=0.5877 | weighted_f1=0.8053 | precision_macro=0.6271 | recall_macro=0.5683 | qwk=0.7764 | mae=0.1992
        ovr_roc_auc_macro=0.9576 | ovr_pr_auc_macro=0.8593
Epoch 16/60 | Time 0m22s
  Train | loss=0.6649 | top1=86.41% | top2=98.33% | top3=99.96%
  Valid | loss=0.6672 | top1=85.55% | top2=98.44% | top3=100.00% | acc=85.55% | bal_acc=71.40% | macro_f1=0.7719 | weighted_f1=0.8537 | precision_macro=0.9042 | recall_macro=0.7140 | qwk=0.8498 | mae=0.1484
        ovr_roc_auc_macro=0.9692 | ovr_pr_auc_macro=0.9217
  -> best macro_f1 updated to 0.7719 (epoch 16)
Epoch 17/60 | Time 0m22s
  Train | loss=0.6598 | top1=88.50% | top2=98.78% | top3=99.96%
  Valid | loss=0.6879 | top1=81.45% | top2=95.51% | top3=99.02% | acc=81.45% | bal_acc=86.68% | macro_f1=0.8447 | weighted_f1=0.8197 | precision_macro=0.8354 | recall_macro=0.8668 | qwk=0.7922 | mae=0.2051
        ovr_roc_auc_macro=0.9637 | ovr_pr_auc_macro=0.9306
  -> best macro_f1 updated to 0.8447 (epoch 17)
Epoch 18/60 | Time 0m22s
  Train | loss=0.6546 | top1=90.02% | top2=98.96% | top3=99.93%
  Valid | loss=0.6677 | top1=85.74% | top2=98.05% | top3=100.00% | acc=85.74% | bal_acc=82.04% | macro_f1=0.8563 | weighted_f1=0.8533 | precision_macro=0.9097 | recall_macro=0.8204 | qwk=0.8308 | mae=0.1582
        ovr_roc_auc_macro=0.9769 | ovr_pr_auc_macro=0.9464
  -> best macro_f1 updated to 0.8563 (epoch 18)
Epoch 19/60 | Time 0m21s
  Train | loss=0.6483 | top1=91.78% | top2=99.48% | top3=99.96%
  Valid | loss=0.6519 | top1=93.36% | top2=98.63% | top3=99.80% | acc=93.36% | bal_acc=94.51% | macro_f1=0.9424 | weighted_f1=0.9339 | precision_macro=0.9402 | recall_macro=0.9451 | qwk=0.9150 | mae=0.0762
        ovr_roc_auc_macro=0.9875 | ovr_pr_auc_macro=0.9752
  -> best macro_f1 updated to 0.9424 (epoch 19)
Epoch 20/60 | Time 0m22s
  Train | loss=0.6455 | top1=92.66% | top2=99.57% | top3=100.00%
  Valid | loss=0.6487 | top1=91.99% | top2=98.83% | top3=100.00% | acc=91.99% | bal_acc=92.21% | macro_f1=0.9309 | weighted_f1=0.9198 | precision_macro=0.9426 | recall_macro=0.9221 | qwk=0.9055 | mae=0.0879
        ovr_roc_auc_macro=0.9876 | ovr_pr_auc_macro=0.9733
Epoch 21/60 | Time 0m22s
  Train | loss=0.6403 | top1=94.49% | top2=99.61% | top3=99.98%
  Valid | loss=0.6465 | top1=92.77% | top2=98.63% | top3=100.00% | acc=92.77% | bal_acc=92.47% | macro_f1=0.9387 | weighted_f1=0.9272 | precision_macro=0.9573 | recall_macro=0.9247 | qwk=0.9178 | mae=0.0781
        ovr_roc_auc_macro=0.9881 | ovr_pr_auc_macro=0.9796
Epoch 22/60 | Time 0m20s
  Train | loss=0.6360 | top1=95.44% | top2=99.70% | top3=100.00%
  Valid | loss=0.6474 | top1=93.55% | top2=98.63% | top3=99.61% | acc=93.55% | bal_acc=95.23% | macro_f1=0.9484 | weighted_f1=0.9357 | precision_macro=0.9447 | recall_macro=0.9523 | qwk=0.9225 | mae=0.0723
        ovr_roc_auc_macro=0.9900 | ovr_pr_auc_macro=0.9823
  -> best macro_f1 updated to 0.9484 (epoch 22)
Epoch 23/60 | Time 0m20s
  Train | loss=0.6356 | top1=95.90% | top2=99.76% | top3=100.00%
  Valid | loss=0.6513 | top1=91.80% | top2=97.66% | top3=99.80% | acc=91.80% | bal_acc=93.98% | macro_f1=0.9340 | weighted_f1=0.9184 | precision_macro=0.9317 | recall_macro=0.9398 | qwk=0.8844 | mae=0.0977
        ovr_roc_auc_macro=0.9882 | ovr_pr_auc_macro=0.9786
Epoch 24/60 | Time 0m21s
  Train | loss=0.6330 | top1=96.27% | top2=99.78% | top3=100.00%
  Valid | loss=0.6398 | top1=92.77% | top2=99.22% | top3=100.00% | acc=92.77% | bal_acc=93.76% | macro_f1=0.9424 | weighted_f1=0.9284 | precision_macro=0.9498 | recall_macro=0.9376 | qwk=0.9342 | mae=0.0723
        ovr_roc_auc_macro=0.9944 | ovr_pr_auc_macro=0.9895
Epoch 25/60 | Time 0m21s
  Train | loss=0.6323 | top1=96.40% | top2=99.72% | top3=99.93%
  Valid | loss=0.6448 | top1=93.55% | top2=98.44% | top3=99.41% | acc=93.55% | bal_acc=94.82% | macro_f1=0.9449 | weighted_f1=0.9360 | precision_macro=0.9434 | recall_macro=0.9482 | qwk=0.9161 | mae=0.0742
        ovr_roc_auc_macro=0.9900 | ovr_pr_auc_macro=0.9824
Epoch 26/60 | Time 0m21s
  Train | loss=0.6311 | top1=97.09% | top2=99.85% | top3=99.96%
  Valid | loss=0.6427 | top1=93.75% | top2=98.63% | top3=100.00% | acc=93.75% | bal_acc=95.62% | macro_f1=0.9510 | weighted_f1=0.9379 | precision_macro=0.9473 | recall_macro=0.9562 | qwk=0.9235 | mae=0.0703
        ovr_roc_auc_macro=0.9928 | ovr_pr_auc_macro=0.9877
  -> best macro_f1 updated to 0.9510 (epoch 26)
Epoch 27/60 | Time 0m21s
  Train | loss=0.6274 | top1=97.87% | top2=99.80% | top3=99.98%
  Valid | loss=0.6366 | top1=95.31% | top2=99.02% | top3=100.00% | acc=95.31% | bal_acc=95.49% | macro_f1=0.9616 | weighted_f1=0.9533 | precision_macro=0.9707 | recall_macro=0.9549 | qwk=0.9467 | mae=0.0508
        ovr_roc_auc_macro=0.9933 | ovr_pr_auc_macro=0.9901
  -> best macro_f1 updated to 0.9616 (epoch 27)
Epoch 28/60 | Time 0m21s
  Train | loss=0.6276 | top1=97.35% | top2=99.76% | top3=100.00%
  Valid | loss=0.6346 | top1=95.90% | top2=99.61% | top3=100.00% | acc=95.90% | bal_acc=96.95% | macro_f1=0.9682 | weighted_f1=0.9589 | precision_macro=0.9672 | recall_macro=0.9695 | qwk=0.9485 | mae=0.0469
        ovr_roc_auc_macro=0.9939 | ovr_pr_auc_macro=0.9889
  -> best macro_f1 updated to 0.9682 (epoch 28)
Epoch 29/60 | Time 0m21s
  Train | loss=0.6262 | top1=98.09% | top2=99.91% | top3=100.00%
  Valid | loss=0.6329 | top1=96.09% | top2=98.83% | top3=100.00% | acc=96.09% | bal_acc=96.55% | macro_f1=0.9691 | weighted_f1=0.9610 | precision_macro=0.9732 | recall_macro=0.9655 | qwk=0.9544 | mae=0.0430
        ovr_roc_auc_macro=0.9953 | ovr_pr_auc_macro=0.9928
  -> best macro_f1 updated to 0.9691 (epoch 29)
Epoch 30/60 | Time 0m21s
  Train | loss=0.6248 | top1=98.44% | top2=99.93% | top3=100.00%
  Valid | loss=0.6300 | top1=97.07% | top2=99.02% | top3=100.00% | acc=97.07% | bal_acc=97.74% | macro_f1=0.9760 | weighted_f1=0.9707 | precision_macro=0.9747 | recall_macro=0.9774 | qwk=0.9741 | mae=0.0293
        ovr_roc_auc_macro=0.9969 | ovr_pr_auc_macro=0.9947
  -> best macro_f1 updated to 0.9760 (epoch 30)
Epoch 31/60 | Time 0m21s
  Train | loss=0.6251 | top1=98.20% | top2=99.89% | top3=100.00%
  Valid | loss=0.6380 | top1=94.34% | top2=98.83% | top3=100.00% | acc=94.34% | bal_acc=96.58% | macro_f1=0.9603 | weighted_f1=0.9437 | precision_macro=0.9577 | recall_macro=0.9658 | qwk=0.9388 | mae=0.0605
        ovr_roc_auc_macro=0.9969 | ovr_pr_auc_macro=0.9951
Epoch 32/60 | Time 0m21s
  Train | loss=0.6224 | top1=98.89% | top2=100.00% | top3=100.00%
  Valid | loss=0.6294 | top1=97.46% | top2=99.41% | top3=99.80% | acc=97.46% | bal_acc=98.19% | macro_f1=0.9793 | weighted_f1=0.9746 | precision_macro=0.9770 | recall_macro=0.9819 | qwk=0.9567 | mae=0.0332
        ovr_roc_auc_macro=0.9964 | ovr_pr_auc_macro=0.9950
  -> best macro_f1 updated to 0.9793 (epoch 32)
Epoch 33/60 | Time 0m21s
  Train | loss=0.6235 | top1=98.65% | top2=99.91% | top3=99.98%
  Valid | loss=0.6339 | top1=95.90% | top2=99.02% | top3=99.41% | acc=95.90% | bal_acc=97.24% | macro_f1=0.9625 | weighted_f1=0.9594 | precision_macro=0.9547 | recall_macro=0.9724 | qwk=0.9343 | mae=0.0527
        ovr_roc_auc_macro=0.9958 | ovr_pr_auc_macro=0.9939
Epoch 34/60 | Time 0m21s
  Train | loss=0.6223 | top1=99.00% | top2=99.98% | top3=100.00%
  Valid | loss=0.6348 | top1=95.51% | top2=98.63% | top3=99.80% | acc=95.51% | bal_acc=96.59% | macro_f1=0.9628 | weighted_f1=0.9551 | precision_macro=0.9599 | recall_macro=0.9659 | qwk=0.9348 | mae=0.0547
        ovr_roc_auc_macro=0.9934 | ovr_pr_auc_macro=0.9905
Epoch 35/60 | Time 0m21s
  Train | loss=0.6219 | top1=98.98% | top2=99.98% | top3=100.00%
  Valid | loss=0.6293 | top1=96.68% | top2=99.22% | top3=100.00% | acc=96.68% | bal_acc=97.26% | macro_f1=0.9750 | weighted_f1=0.9668 | precision_macro=0.9775 | recall_macro=0.9726 | qwk=0.9652 | mae=0.0352
        ovr_roc_auc_macro=0.9967 | ovr_pr_auc_macro=0.9946
Epoch 36/60 | Time 0m21s
  Train | loss=0.6215 | top1=99.11% | top2=99.91% | top3=100.00%
  Valid | loss=0.6285 | top1=97.27% | top2=99.02% | top3=100.00% | acc=97.27% | bal_acc=97.72% | macro_f1=0.9784 | weighted_f1=0.9727 | precision_macro=0.9799 | recall_macro=0.9772 | qwk=0.9756 | mae=0.0273
        ovr_roc_auc_macro=0.9962 | ovr_pr_auc_macro=0.9927
Epoch 37/60 | Time 0m21s
  Train | loss=0.6210 | top1=99.18% | top2=99.93% | top3=100.00%
  Valid | loss=0.6272 | top1=97.46% | top2=99.41% | top3=100.00% | acc=97.46% | bal_acc=97.52% | macro_f1=0.9784 | weighted_f1=0.9746 | precision_macro=0.9818 | recall_macro=0.9752 | qwk=0.9721 | mae=0.0273
        ovr_roc_auc_macro=0.9968 | ovr_pr_auc_macro=0.9943
Epoch 38/60 | Time 0m21s
  Train | loss=0.6204 | top1=99.44% | top2=99.93% | top3=99.98%
  Valid | loss=0.6267 | top1=97.85% | top2=99.22% | top3=100.00% | acc=97.85% | bal_acc=97.84% | macro_f1=0.9808 | weighted_f1=0.9785 | precision_macro=0.9836 | recall_macro=0.9784 | qwk=0.9755 | mae=0.0234
        ovr_roc_auc_macro=0.9972 | ovr_pr_auc_macro=0.9947
  -> best macro_f1 updated to 0.9808 (epoch 38)
Epoch 39/60 | Time 0m21s
  Train | loss=0.6204 | top1=99.35% | top2=100.00% | top3=100.00%
  Valid | loss=0.6273 | top1=97.46% | top2=99.22% | top3=100.00% | acc=97.46% | bal_acc=97.36% | macro_f1=0.9785 | weighted_f1=0.9746 | precision_macro=0.9842 | recall_macro=0.9736 | qwk=0.9666 | mae=0.0293
        ovr_roc_auc_macro=0.9970 | ovr_pr_auc_macro=0.9939
Epoch 40/60 | Time 0m21s
  Train | loss=0.6205 | top1=99.33% | top2=100.00% | top3=100.00%
  Valid | loss=0.6266 | top1=97.46% | top2=99.22% | top3=100.00% | acc=97.46% | bal_acc=97.27% | macro_f1=0.9764 | weighted_f1=0.9745 | precision_macro=0.9804 | recall_macro=0.9727 | qwk=0.9564 | mae=0.0332
        ovr_roc_auc_macro=0.9977 | ovr_pr_auc_macro=0.9955
Epoch 41/60 | Time 0m21s
  Train | loss=0.6195 | top1=99.57% | top2=99.96% | top3=100.00%
  Valid | loss=0.6264 | top1=98.05% | top2=99.02% | top3=100.00% | acc=98.05% | bal_acc=97.94% | macro_f1=0.9822 | weighted_f1=0.9804 | precision_macro=0.9852 | recall_macro=0.9794 | qwk=0.9720 | mae=0.0234
        ovr_roc_auc_macro=0.9966 | ovr_pr_auc_macro=0.9940
  -> best macro_f1 updated to 0.9822 (epoch 41)
Epoch 42/60 | Time 0m21s
  Train | loss=0.6194 | top1=99.61% | top2=100.00% | top3=100.00%
  Valid | loss=0.6256 | top1=98.05% | top2=99.22% | top3=100.00% | acc=98.05% | bal_acc=97.98% | macro_f1=0.9822 | weighted_f1=0.9805 | precision_macro=0.9849 | recall_macro=0.9798 | qwk=0.9720 | mae=0.0234
        ovr_roc_auc_macro=0.9980 | ovr_pr_auc_macro=0.9957
Epoch 43/60 | Time 0m22s
  Train | loss=0.6193 | top1=99.61% | top2=100.00% | top3=100.00%
  Valid | loss=0.6282 | top1=97.27% | top2=98.83% | top3=99.80% | acc=97.27% | bal_acc=97.76% | macro_f1=0.9762 | weighted_f1=0.9728 | precision_macro=0.9751 | recall_macro=0.9776 | qwk=0.9705 | mae=0.0293
        ovr_roc_auc_macro=0.9978 | ovr_pr_auc_macro=0.9965
Epoch 44/60 | Time 0m21s
  Train | loss=0.6190 | top1=99.76% | top2=100.00% | top3=100.00%
  Valid | loss=0.6259 | top1=98.24% | top2=99.22% | top3=99.80% | acc=98.24% | bal_acc=98.37% | macro_f1=0.9839 | weighted_f1=0.9824 | precision_macro=0.9842 | recall_macro=0.9837 | qwk=0.9635 | mae=0.0254
        ovr_roc_auc_macro=0.9972 | ovr_pr_auc_macro=0.9959
  -> best macro_f1 updated to 0.9839 (epoch 44)
Epoch 45/60 | Time 0m21s
  Train | loss=0.6188 | top1=99.65% | top2=100.00% | top3=100.00%
  Valid | loss=0.6266 | top1=97.66% | top2=99.22% | top3=99.80% | acc=97.66% | bal_acc=98.00% | macro_f1=0.9789 | weighted_f1=0.9766 | precision_macro=0.9781 | recall_macro=0.9800 | qwk=0.9636 | mae=0.0293
        ovr_roc_auc_macro=0.9966 | ovr_pr_auc_macro=0.9938
Epoch 46/60 | Time 0m22s
  Train | loss=0.6182 | top1=99.87% | top2=100.00% | top3=100.00%
  Valid | loss=0.6263 | top1=97.46% | top2=99.22% | top3=100.00% | acc=97.46% | bal_acc=97.61% | macro_f1=0.9788 | weighted_f1=0.9746 | precision_macro=0.9819 | recall_macro=0.9761 | qwk=0.9616 | mae=0.0312
        ovr_roc_auc_macro=0.9972 | ovr_pr_auc_macro=0.9953
Epoch 47/60 | Time 0m21s
  Train | loss=0.6185 | top1=99.76% | top2=100.00% | top3=100.00%
  Valid | loss=0.6265 | top1=97.85% | top2=99.22% | top3=100.00% | acc=97.85% | bal_acc=97.72% | macro_f1=0.9814 | weighted_f1=0.9785 | precision_macro=0.9859 | recall_macro=0.9772 | qwk=0.9600 | mae=0.0293
        ovr_roc_auc_macro=0.9974 | ovr_pr_auc_macro=0.9955
Epoch 48/60 | Time 0m21s
  Train | loss=0.6183 | top1=99.89% | top2=100.00% | top3=100.00%
  Valid | loss=0.6256 | top1=98.44% | top2=99.41% | top3=99.80% | acc=98.44% | bal_acc=98.93% | macro_f1=0.9862 | weighted_f1=0.9844 | precision_macro=0.9834 | recall_macro=0.9893 | qwk=0.9707 | mae=0.0215
        ovr_roc_auc_macro=0.9970 | ovr_pr_auc_macro=0.9946
  -> best macro_f1 updated to 0.9862 (epoch 48)
Epoch 49/60 | Time 0m21s
  Train | loss=0.6181 | top1=99.85% | top2=100.00% | top3=100.00%
  Valid | loss=0.6269 | top1=97.46% | top2=99.22% | top3=99.80% | acc=97.46% | bal_acc=98.02% | macro_f1=0.9792 | weighted_f1=0.9746 | precision_macro=0.9782 | recall_macro=0.9802 | qwk=0.9569 | mae=0.0332
        ovr_roc_auc_macro=0.9967 | ovr_pr_auc_macro=0.9946
Epoch 50/60 | Time 0m21s
  Train | loss=0.6183 | top1=99.80% | top2=100.00% | top3=100.00%
  Valid | loss=0.6259 | top1=98.05% | top2=99.22% | top3=100.00% | acc=98.05% | bal_acc=98.19% | macro_f1=0.9837 | weighted_f1=0.9805 | precision_macro=0.9856 | recall_macro=0.9819 | qwk=0.9669 | mae=0.0254
        ovr_roc_auc_macro=0.9975 | ovr_pr_auc_macro=0.9958
Epoch 51/60 | Time 0m21s
  Train | loss=0.6182 | top1=99.80% | top2=100.00% | top3=100.00%
  Valid | loss=0.6258 | top1=98.05% | top2=99.61% | top3=99.80% | acc=98.05% | bal_acc=98.65% | macro_f1=0.9839 | weighted_f1=0.9805 | precision_macro=0.9813 | recall_macro=0.9865 | qwk=0.9672 | mae=0.0254
        ovr_roc_auc_macro=0.9970 | ovr_pr_auc_macro=0.9952
Epoch 52/60 | Time 0m21s
  Train | loss=0.6180 | top1=99.93% | top2=100.00% | top3=100.00%
  Valid | loss=0.6266 | top1=98.24% | top2=99.41% | top3=99.80% | acc=98.24% | bal_acc=98.75% | macro_f1=0.9839 | weighted_f1=0.9825 | precision_macro=0.9805 | recall_macro=0.9875 | qwk=0.9691 | mae=0.0234
        ovr_roc_auc_macro=0.9971 | ovr_pr_auc_macro=0.9956
Epoch 53/60 | Time 0m22s
  Train | loss=0.6180 | top1=99.89% | top2=100.00% | top3=100.00%
  Valid | loss=0.6251 | top1=98.24% | top2=99.41% | top3=99.80% | acc=98.24% | bal_acc=98.79% | macro_f1=0.9839 | weighted_f1=0.9825 | precision_macro=0.9801 | recall_macro=0.9879 | qwk=0.9690 | mae=0.0234
        ovr_roc_auc_macro=0.9971 | ovr_pr_auc_macro=0.9954
Epoch 54/60 | Time 0m22s
  Train | loss=0.6179 | top1=99.91% | top2=100.00% | top3=100.00%
  Valid | loss=0.6255 | top1=98.44% | top2=99.02% | top3=99.80% | acc=98.44% | bal_acc=98.93% | macro_f1=0.9851 | weighted_f1=0.9844 | precision_macro=0.9812 | recall_macro=0.9893 | qwk=0.9707 | mae=0.0215
        ovr_roc_auc_macro=0.9985 | ovr_pr_auc_macro=0.9976
Epoch 55/60 | Time 0m23s
  Train | loss=0.6178 | top1=99.93% | top2=100.00% | top3=100.00%
  Valid | loss=0.6262 | top1=98.05% | top2=98.83% | top3=99.80% | acc=98.05% | bal_acc=98.69% | macro_f1=0.9817 | weighted_f1=0.9806 | precision_macro=0.9770 | recall_macro=0.9869 | qwk=0.9622 | mae=0.0273
        ovr_roc_auc_macro=0.9970 | ovr_pr_auc_macro=0.9952
Epoch 56/60 | Time 0m22s
  Train | loss=0.6179 | top1=99.89% | top2=100.00% | top3=100.00%
  Valid | loss=0.6254 | top1=98.24% | top2=99.22% | top3=99.80% | acc=98.24% | bal_acc=98.79% | macro_f1=0.9850 | weighted_f1=0.9824 | precision_macro=0.9824 | recall_macro=0.9879 | qwk=0.9690 | mae=0.0234
        ovr_roc_auc_macro=0.9971 | ovr_pr_auc_macro=0.9954
Epoch 57/60 | Time 0m22s
  Train | loss=0.6179 | top1=99.87% | top2=100.00% | top3=100.00%
  Valid | loss=0.6257 | top1=98.24% | top2=99.02% | top3=99.80% | acc=98.24% | bal_acc=98.79% | macro_f1=0.9841 | weighted_f1=0.9825 | precision_macro=0.9805 | recall_macro=0.9879 | qwk=0.9639 | mae=0.0254
        ovr_roc_auc_macro=0.9971 | ovr_pr_auc_macro=0.9953
Epoch 58/60 | Time 0m23s
  Train | loss=0.6177 | top1=99.89% | top2=100.00% | top3=100.00%
  Valid | loss=0.6255 | top1=98.05% | top2=99.22% | top3=99.80% | acc=98.05% | bal_acc=98.44% | macro_f1=0.9828 | weighted_f1=0.9805 | precision_macro=0.9812 | recall_macro=0.9844 | qwk=0.9620 | mae=0.0273
        ovr_roc_auc_macro=0.9970 | ovr_pr_auc_macro=0.9951
Epoch 59/60 | Time 0m22s
  Train | loss=0.6180 | top1=99.80% | top2=100.00% | top3=100.00%
  Valid | loss=0.6249 | top1=98.24% | top2=99.41% | top3=99.80% | acc=98.24% | bal_acc=98.58% | macro_f1=0.9840 | weighted_f1=0.9824 | precision_macro=0.9822 | recall_macro=0.9858 | qwk=0.9637 | mae=0.0254
        ovr_roc_auc_macro=0.9971 | ovr_pr_auc_macro=0.9954
Epoch 60/60 | Time 0m22s
  Train | loss=0.6179 | top1=99.89% | top2=100.00% | top3=100.00%
  Valid | loss=0.6256 | top1=98.24% | top2=99.02% | top3=99.80% | acc=98.24% | bal_acc=98.83% | macro_f1=0.9841 | weighted_f1=0.9825 | precision_macro=0.9802 | recall_macro=0.9883 | qwk=0.9638 | mae=0.0254
        ovr_roc_auc_macro=0.9975 | ovr_pr_auc_macro=0.9957

[TEST] loss=dast
  Test | loss=0.6247 | top1=97.81% | top2=99.92% | top3=100.00% | acc=97.81% | bal_acc=98.35% | macro_f1=0.9819 | weighted_f1=0.9782 | precision_macro=0.9804 | recall_macro=0.9835 | qwk=0.9765 | mae=0.0234
        ovr_roc_auc_macro=0.9988 | ovr_pr_auc_macro=0.9970
  Confusion Matrix:
[[625  13   2   0]
 [  5 439   4   0]
 [  0   4 175   0]
 [  0   0   0  13]]
  Classification Report:
                  precision    recall  f1-score   support

     NonDemented     0.9921    0.9766    0.9843       640
VeryMildDemented     0.9627    0.9799    0.9712       448
    MildDemented     0.9669    0.9777    0.9722       179
ModerateDemented     1.0000    1.0000    1.0000        13

        accuracy                         0.9781      1280
       macro avg     0.9804    0.9835    0.9819      1280
    weighted avg     0.9783    0.9781    0.9782      1280


==========================================================================================
Summary CSV saved: E:\Coding\Computer-Vision-for-Medicine\Alzheimer_MRI_Loss\logs\ResNet_layer3+MECS_layer3_mecs_dast_tune_tau1p5_gamma1p5_20260418_232116_summary.csv
Top results by test_macro_f1:
  dast: macro_f1=0.9819, acc=97.81%, bal_acc=98.35%
Log file saved: E:\Coding\Computer-Vision-for-Medicine\Alzheimer_MRI_Loss\logs\ResNet_layer3+MECS_layer3_mecs_dast_tune_tau1p5_gamma1p5_20260418_232116.log
==========================================================================================
