
====================================================================================================
RUN SCRIPT: ResNet_layer3+MDFA.py
LOSSES: default
START TIME: 2026-03-24T03:09:49
LOG FILE: E:\Paper\Computer-Vision-for-Medicine\MRI_Loss\batch_logs\ResNet_layer3+MDFA_20260324_030949.log
====================================================================================================
==========================================================================================
Script: ResNet_layer3+MDFA
Module: MDFA | Insert after: layer3
Device: cuda
CUDA: NVIDIA GeForce RTX 4080 SUPER
Train dir: E:\Paper\Computer-Vision-for-Medicine\MRI\Training
Test dir : E:\Paper\Computer-Vision-for-Medicine\MRI\Testing
Config | batch_size=32, epochs=50, num_workers=0, image_size=224, base_lr=0.001, val_ratio=0.15, patience=10
Losses to run: ['cb_focal_ce', 'ordinal_focal_mse', 'sce', 'gce', 'dast', 'pcol', 'aom']
==========================================================================================
Split sizes | train=2439, valid=431, test=394
Classes (4): ['glioma_tumor', 'meningioma_tumor', 'no_tumor', 'pituitary_tumor']
Train class counts: [702, 698, 336, 703]
Loading torchvision ResNet50 pretrained weights once...
Pretrained state keys: 320

##########################################################################################
Starting loss: cb_focal_ce
##########################################################################################
Model params: 85,402,181 | pretrained loaded: 320/361 | feat_dim=2048
Criterion: ClassBalancedFocalCELoss
Criterion trainable params: 0
Epoch 01/50 | Time 0m16s
  Train | loss=0.4435 | top1=67.42% | top2=86.97%
  Valid | loss=0.1750 | top1=82.50% | top2=98.88% | acc=82.60% | bal_acc=84.21% | macro_f1=0.8299 | weighted_f1=0.8299 | precision_macro=0.8376 | recall_macro=0.8421
        ovr_roc_auc_macro=0.9670 | ovr_pr_auc_macro=0.9201
  -> best macro_f1 updated to 0.8299 (epoch 1, val_loss=0.1750)
Epoch 02/50 | Time 0m16s
  Train | loss=0.1056 | top1=88.69% | top2=99.11%
  Valid | loss=0.0803 | top1=91.01% | top2=99.55% | acc=91.18% | bal_acc=92.12% | macro_f1=0.9165 | weighted_f1=0.9125 | precision_macro=0.9153 | recall_macro=0.9212
        ovr_roc_auc_macro=0.9854 | ovr_pr_auc_macro=0.9637
  -> best macro_f1 updated to 0.9165 (epoch 2, val_loss=0.0803)
Epoch 03/50 | Time 0m16s
  Train | loss=0.0803 | top1=91.44% | top2=98.94%
  Valid | loss=0.0691 | top1=92.38% | top2=99.55% | acc=92.34% | bal_acc=92.46% | macro_f1=0.9269 | weighted_f1=0.9237 | precision_macro=0.9325 | recall_macro=0.9246
        ovr_roc_auc_macro=0.9932 | ovr_pr_auc_macro=0.9830
  -> best macro_f1 updated to 0.9269 (epoch 3, val_loss=0.0691)
Epoch 04/50 | Time 0m16s
  Train | loss=0.0701 | top1=93.12% | top2=99.15%
  Valid | loss=0.0355 | top1=96.43% | top2=100.00% | acc=96.29% | bal_acc=96.55% | macro_f1=0.9642 | weighted_f1=0.9626 | precision_macro=0.9634 | recall_macro=0.9655
        ovr_roc_auc_macro=0.9972 | ovr_pr_auc_macro=0.9934
  -> best macro_f1 updated to 0.9642 (epoch 4, val_loss=0.0355)
Epoch 05/50 | Time 0m16s
  Train | loss=0.0493 | top1=94.90% | top2=99.80%
  Valid | loss=0.0440 | top1=94.61% | top2=99.78% | acc=94.66% | bal_acc=95.36% | macro_f1=0.9509 | weighted_f1=0.9472 | precision_macro=0.9519 | recall_macro=0.9536
        ovr_roc_auc_macro=0.9978 | ovr_pr_auc_macro=0.9951
Epoch 06/50 | Time 0m16s
  Train | loss=0.0324 | top1=96.00% | top2=99.80%
  Valid | loss=0.0531 | top1=95.98% | top2=99.78% | acc=95.82% | bal_acc=96.37% | macro_f1=0.9616 | weighted_f1=0.9583 | precision_macro=0.9597 | recall_macro=0.9637
        ovr_roc_auc_macro=0.9933 | ovr_pr_auc_macro=0.9834
Epoch 07/50 | Time 0m16s
  Train | loss=0.0301 | top1=97.32% | top2=99.84%
  Valid | loss=0.0294 | top1=96.62% | top2=100.00% | acc=96.75% | bal_acc=97.18% | macro_f1=0.9695 | weighted_f1=0.9674 | precision_macro=0.9685 | recall_macro=0.9718
        ovr_roc_auc_macro=0.9984 | ovr_pr_auc_macro=0.9957
  -> best macro_f1 updated to 0.9695 (epoch 7, val_loss=0.0294)
Epoch 08/50 | Time 0m16s
  Train | loss=0.0210 | top1=98.01% | top2=99.88%
  Valid | loss=0.0191 | top1=97.54% | top2=100.00% | acc=97.45% | bal_acc=97.78% | macro_f1=0.9753 | weighted_f1=0.9741 | precision_macro=0.9744 | recall_macro=0.9778
        ovr_roc_auc_macro=0.9993 | ovr_pr_auc_macro=0.9981
  -> best macro_f1 updated to 0.9753 (epoch 8, val_loss=0.0191)
Epoch 09/50 | Time 0m16s
  Train | loss=0.0115 | top1=98.66% | top2=99.92%
  Valid | loss=0.0206 | top1=98.21% | top2=99.78% | acc=98.14% | bal_acc=98.16% | macro_f1=0.9817 | weighted_f1=0.9815 | precision_macro=0.9817 | recall_macro=0.9816
        ovr_roc_auc_macro=0.9990 | ovr_pr_auc_macro=0.9969
  -> best macro_f1 updated to 0.9817 (epoch 9, val_loss=0.0206)
Epoch 10/50 | Time 0m16s
  Train | loss=0.0154 | top1=98.58% | top2=99.96%
  Valid | loss=0.0679 | top1=95.03% | top2=99.55% | acc=95.36% | bal_acc=94.64% | macro_f1=0.9527 | weighted_f1=0.9536 | precision_macro=0.9626 | recall_macro=0.9464
        ovr_roc_auc_macro=0.9986 | ovr_pr_auc_macro=0.9967
Epoch 11/50 | Time 0m16s
  Train | loss=0.0082 | top1=99.35% | top2=99.96%
  Valid | loss=0.0146 | top1=97.74% | top2=100.00% | acc=97.91% | bal_acc=98.19% | macro_f1=0.9785 | weighted_f1=0.9790 | precision_macro=0.9759 | recall_macro=0.9819
        ovr_roc_auc_macro=0.9997 | ovr_pr_auc_macro=0.9989
Epoch 12/50 | Time 0m16s
  Train | loss=0.0072 | top1=99.23% | top2=99.96%
  Valid | loss=0.0251 | top1=97.74% | top2=99.78% | acc=97.91% | bal_acc=98.19% | macro_f1=0.9786 | weighted_f1=0.9791 | precision_macro=0.9762 | recall_macro=0.9819
        ovr_roc_auc_macro=0.9991 | ovr_pr_auc_macro=0.9975
Epoch 13/50 | Time 0m16s
  Train | loss=0.0124 | top1=98.88% | top2=99.92%
  Valid | loss=0.0206 | top1=97.96% | top2=100.00% | acc=98.14% | bal_acc=98.39% | macro_f1=0.9806 | weighted_f1=0.9814 | precision_macro=0.9780 | recall_macro=0.9839
        ovr_roc_auc_macro=0.9990 | ovr_pr_auc_macro=0.9971
Epoch 14/50 | Time 0m16s
  Train | loss=0.0215 | top1=98.11% | top2=99.92%
  Valid | loss=0.0232 | top1=97.77% | top2=99.78% | acc=97.68% | bal_acc=97.76% | macro_f1=0.9754 | weighted_f1=0.9767 | precision_macro=0.9741 | recall_macro=0.9776
        ovr_roc_auc_macro=0.9996 | ovr_pr_auc_macro=0.9986
Epoch 15/50 | Time 0m16s
  Train | loss=0.0157 | top1=98.70% | top2=99.88%
  Valid | loss=0.0510 | top1=95.31% | top2=99.33% | acc=95.13% | bal_acc=95.77% | macro_f1=0.9494 | weighted_f1=0.9513 | precision_macro=0.9440 | recall_macro=0.9577
        ovr_roc_auc_macro=0.9972 | ovr_pr_auc_macro=0.9932
Epoch 16/50 | Time 0m16s
  Train | loss=0.0067 | top1=99.35% | top2=99.96%
  Valid | loss=0.0142 | top1=98.18% | top2=100.00% | acc=98.38% | bal_acc=98.37% | macro_f1=0.9837 | weighted_f1=0.9838 | precision_macro=0.9841 | recall_macro=0.9837
        ovr_roc_auc_macro=0.9999 | ovr_pr_auc_macro=0.9997
  -> best macro_f1 updated to 0.9837 (epoch 16, val_loss=0.0142)
Epoch 17/50 | Time 0m16s
  Train | loss=0.0055 | top1=99.47% | top2=100.00%
  Valid | loss=0.0076 | top1=98.63% | top2=100.00% | acc=98.84% | bal_acc=98.99% | macro_f1=0.9888 | weighted_f1=0.9884 | precision_macro=0.9878 | recall_macro=0.9899
        ovr_roc_auc_macro=0.9999 | ovr_pr_auc_macro=0.9997
  -> best macro_f1 updated to 0.9888 (epoch 17, val_loss=0.0076)
Epoch 18/50 | Time 0m16s
  Train | loss=0.0062 | top1=99.37% | top2=99.96%
  Valid | loss=0.0312 | top1=96.88% | top2=99.78% | acc=96.75% | bal_acc=96.96% | macro_f1=0.9635 | weighted_f1=0.9678 | precision_macro=0.9592 | recall_macro=0.9696
        ovr_roc_auc_macro=0.9992 | ovr_pr_auc_macro=0.9974
Epoch 19/50 | Time 0m16s
  Train | loss=0.0145 | top1=98.92% | top2=99.96%
  Valid | loss=0.0120 | top1=98.63% | top2=100.00% | acc=98.84% | bal_acc=98.77% | macro_f1=0.9888 | weighted_f1=0.9884 | precision_macro=0.9900 | recall_macro=0.9877
        ovr_roc_auc_macro=0.9998 | ovr_pr_auc_macro=0.9995
Epoch 20/50 | Time 0m16s
  Train | loss=0.0043 | top1=99.33% | top2=100.00%
  Valid | loss=0.0062 | top1=99.33% | top2=100.00% | acc=99.30% | bal_acc=99.40% | macro_f1=0.9918 | weighted_f1=0.9930 | precision_macro=0.9898 | recall_macro=0.9940
        ovr_roc_auc_macro=1.0000 | ovr_pr_auc_macro=0.9999
  -> best macro_f1 updated to 0.9918 (epoch 20, val_loss=0.0062)
Epoch 21/50 | Time 0m16s
  Train | loss=0.0038 | top1=99.63% | top2=100.00%
  Valid | loss=0.0038 | top1=99.78% | top2=100.00% | acc=99.77% | bal_acc=99.80% | macro_f1=0.9969 | weighted_f1=0.9977 | precision_macro=0.9958 | recall_macro=0.9980
        ovr_roc_auc_macro=1.0000 | ovr_pr_auc_macro=1.0000
  -> best macro_f1 updated to 0.9969 (epoch 21, val_loss=0.0038)
Epoch 22/50 | Time 0m16s
  Train | loss=0.0019 | top1=99.76% | top2=100.00%
  Valid | loss=0.0022 | top1=100.00% | top2=100.00% | acc=100.00% | bal_acc=100.00% | macro_f1=1.0000 | weighted_f1=1.0000 | precision_macro=1.0000 | recall_macro=1.0000
        ovr_roc_auc_macro=1.0000 | ovr_pr_auc_macro=1.0000
  -> best macro_f1 updated to 1.0000 (epoch 22, val_loss=0.0022)
Epoch 23/50 | Time 0m16s
  Train | loss=0.0106 | top1=99.27% | top2=99.96%
  Valid | loss=0.0192 | top1=97.04% | top2=100.00% | acc=97.45% | bal_acc=97.78% | macro_f1=0.9697 | weighted_f1=0.9747 | precision_macro=0.9641 | recall_macro=0.9778
        ovr_roc_auc_macro=0.9998 | ovr_pr_auc_macro=0.9995
Epoch 24/50 | Time 0m16s
  Train | loss=0.0032 | top1=99.63% | top2=100.00%
  Valid | loss=0.0078 | top1=99.11% | top2=100.00% | acc=99.07% | bal_acc=99.19% | macro_f1=0.9908 | weighted_f1=0.9907 | precision_macro=0.9898 | recall_macro=0.9919
        ovr_roc_auc_macro=0.9998 | ovr_pr_auc_macro=0.9995
Epoch 25/50 | Time 0m16s
  Train | loss=0.0011 | top1=99.92% | top2=100.00%
  Valid | loss=0.0055 | top1=98.85% | top2=100.00% | acc=99.07% | bal_acc=99.19% | macro_f1=0.9908 | weighted_f1=0.9907 | precision_macro=0.9898 | recall_macro=0.9919
        ovr_roc_auc_macro=1.0000 | ovr_pr_auc_macro=0.9999
Epoch 26/50 | Time 0m16s
  Train | loss=0.0038 | top1=99.51% | top2=100.00%
  Valid | loss=0.0139 | top1=98.21% | top2=99.78% | acc=98.14% | bal_acc=98.16% | macro_f1=0.9796 | weighted_f1=0.9815 | precision_macro=0.9779 | recall_macro=0.9816
        ovr_roc_auc_macro=0.9998 | ovr_pr_auc_macro=0.9994
Epoch 27/50 | Time 0m16s
  Train | loss=0.0022 | top1=99.80% | top2=100.00%
  Valid | loss=0.0087 | top1=98.88% | top2=100.00% | acc=98.84% | bal_acc=98.77% | macro_f1=0.9866 | weighted_f1=0.9884 | precision_macro=0.9857 | recall_macro=0.9877
        ovr_roc_auc_macro=0.9999 | ovr_pr_auc_macro=0.9997
Epoch 28/50 | Time 0m16s
  Train | loss=0.0003 | top1=100.00% | top2=100.00%
  Valid | loss=0.0090 | top1=99.33% | top2=100.00% | acc=99.30% | bal_acc=99.40% | macro_f1=0.9918 | weighted_f1=0.9931 | precision_macro=0.9898 | recall_macro=0.9940
        ovr_roc_auc_macro=0.9999 | ovr_pr_auc_macro=0.9996
Epoch 29/50 | Time 0m16s
  Train | loss=0.0029 | top1=99.80% | top2=100.00%
  Valid | loss=0.0075 | top1=99.11% | top2=100.00% | acc=99.07% | bal_acc=99.19% | macro_f1=0.9898 | weighted_f1=0.9907 | precision_macro=0.9877 | recall_macro=0.9919
        ovr_roc_auc_macro=0.9999 | ovr_pr_auc_macro=0.9996
Epoch 30/50 | Time 0m16s
  Train | loss=0.0024 | top1=99.69% | top2=100.00%
  Valid | loss=0.0105 | top1=98.44% | top2=100.00% | acc=98.38% | bal_acc=98.59% | macro_f1=0.9838 | weighted_f1=0.9838 | precision_macro=0.9820 | recall_macro=0.9859
        ovr_roc_auc_macro=0.9998 | ovr_pr_auc_macro=0.9995
Epoch 31/50 | Time 0m16s
  Train | loss=0.0009 | top1=99.92% | top2=100.00%
  Valid | loss=0.0076 | top1=99.33% | top2=100.00% | acc=99.30% | bal_acc=99.40% | macro_f1=0.9918 | weighted_f1=0.9931 | precision_macro=0.9898 | recall_macro=0.9940
        ovr_roc_auc_macro=0.9999 | ovr_pr_auc_macro=0.9997
Epoch 32/50 | Time 0m16s
  Train | loss=0.0008 | top1=99.92% | top2=100.00%
  Valid | loss=0.0063 | top1=99.33% | top2=100.00% | acc=99.30% | bal_acc=99.40% | macro_f1=0.9918 | weighted_f1=0.9930 | precision_macro=0.9898 | recall_macro=0.9940
        ovr_roc_auc_macro=0.9999 | ovr_pr_auc_macro=0.9997
  -> early stopping triggered at epoch 32

[TEST] loss=cb_focal_ce
  Test | loss=0.5772 | top1=81.25% | top2=88.94% | acc=80.20% | bal_acc=79.71% | macro_f1=0.7761 | weighted_f1=0.7698 | precision_macro=0.8659 | recall_macro=0.7971
        ovr_roc_auc_macro=0.9703 | ovr_pr_auc_macro=0.9284
  Confusion Matrix:
[[ 31  44  23   2]
 [  0 115   0   0]
 [  0   0 105   0]
 [  0   3   6  65]]
  Classification Report:
                  precision    recall  f1-score   support

    glioma_tumor     1.0000    0.3100    0.4733       100
meningioma_tumor     0.7099    1.0000    0.8303       115
        no_tumor     0.7836    1.0000    0.8787       105
 pituitary_tumor     0.9701    0.8784    0.9220        74

        accuracy                         0.8020       394
       macro avg     0.8659    0.7971    0.7761       394
    weighted avg     0.8520    0.8020    0.7698       394


##########################################################################################
Starting loss: ordinal_focal_mse
##########################################################################################
Model params: 85,402,181 | pretrained loaded: 320/361 | feat_dim=2048
Criterion: OrdinalFocalMSELoss
Criterion trainable params: 0
Epoch 01/50 | Time 0m16s
  Train | loss=0.7230 | top1=64.40% | top2=86.34%
  Valid | loss=0.2803 | top1=85.21% | top2=99.78% | acc=85.15% | bal_acc=86.21% | macro_f1=0.8583 | weighted_f1=0.8529 | precision_macro=0.8707 | recall_macro=0.8621
        ovr_roc_auc_macro=0.9653 | ovr_pr_auc_macro=0.9055
  -> best macro_f1 updated to 0.8583 (epoch 1, val_loss=0.2803)
Epoch 02/50 | Time 0m16s
  Train | loss=0.1795 | top1=88.29% | top2=98.78%
  Valid | loss=0.1261 | top1=92.63% | top2=99.78% | acc=92.34% | bal_acc=93.35% | macro_f1=0.9240 | weighted_f1=0.9232 | precision_macro=0.9174 | recall_macro=0.9335
        ovr_roc_auc_macro=0.9862 | ovr_pr_auc_macro=0.9679
  -> best macro_f1 updated to 0.9240 (epoch 2, val_loss=0.1261)
Epoch 03/50 | Time 0m16s
  Train | loss=0.1393 | top1=91.44% | top2=99.11%
  Valid | loss=0.0759 | top1=95.73% | top2=99.78% | acc=95.82% | bal_acc=96.15% | macro_f1=0.9603 | weighted_f1=0.9581 | precision_macro=0.9599 | recall_macro=0.9615
        ovr_roc_auc_macro=0.9957 | ovr_pr_auc_macro=0.9891
  -> best macro_f1 updated to 0.9603 (epoch 3, val_loss=0.0759)
Epoch 04/50 | Time 0m16s
  Train | loss=0.1185 | top1=93.12% | top2=99.31%
  Valid | loss=0.0649 | top1=95.76% | top2=99.78% | acc=95.59% | bal_acc=95.95% | macro_f1=0.9571 | weighted_f1=0.9556 | precision_macro=0.9562 | recall_macro=0.9595
        ovr_roc_auc_macro=0.9979 | ovr_pr_auc_macro=0.9948
Epoch 05/50 | Time 0m16s
  Train | loss=0.0853 | top1=94.52% | top2=99.39%
  Valid | loss=0.0872 | top1=95.76% | top2=99.78% | acc=95.59% | bal_acc=96.17% | macro_f1=0.9555 | weighted_f1=0.9560 | precision_macro=0.9514 | recall_macro=0.9617
        ovr_roc_auc_macro=0.9975 | ovr_pr_auc_macro=0.9938
Epoch 06/50 | Time 0m16s
  Train | loss=0.0624 | top1=95.84% | top2=99.76%
  Valid | loss=0.0703 | top1=96.43% | top2=99.33% | acc=96.29% | bal_acc=95.89% | macro_f1=0.9611 | weighted_f1=0.9631 | precision_macro=0.9640 | recall_macro=0.9589
        ovr_roc_auc_macro=0.9970 | ovr_pr_auc_macro=0.9918
  -> best macro_f1 updated to 0.9611 (epoch 6, val_loss=0.0703)
Epoch 07/50 | Time 0m16s
  Train | loss=0.0336 | top1=98.03% | top2=99.92%
  Valid | loss=0.0475 | top1=96.15% | top2=100.00% | acc=96.52% | bal_acc=96.98% | macro_f1=0.9656 | weighted_f1=0.9653 | precision_macro=0.9624 | recall_macro=0.9698
        ovr_roc_auc_macro=0.9984 | ovr_pr_auc_macro=0.9960
  -> best macro_f1 updated to 0.9656 (epoch 7, val_loss=0.0475)
Epoch 08/50 | Time 0m16s
  Train | loss=0.0267 | top1=98.34% | top2=99.88%
  Valid | loss=0.0305 | top1=97.99% | top2=100.00% | acc=97.91% | bal_acc=98.19% | macro_f1=0.9817 | weighted_f1=0.9790 | precision_macro=0.9823 | recall_macro=0.9819
        ovr_roc_auc_macro=0.9995 | ovr_pr_auc_macro=0.9988
  -> best macro_f1 updated to 0.9817 (epoch 8, val_loss=0.0305)
Epoch 09/50 | Time 0m16s
  Train | loss=0.0247 | top1=98.01% | top2=99.96%
  Valid | loss=0.0231 | top1=98.88% | top2=100.00% | acc=98.84% | bal_acc=98.99% | macro_f1=0.9888 | weighted_f1=0.9884 | precision_macro=0.9878 | recall_macro=0.9899
        ovr_roc_auc_macro=0.9997 | ovr_pr_auc_macro=0.9993
  -> best macro_f1 updated to 0.9888 (epoch 9, val_loss=0.0231)
Epoch 10/50 | Time 0m16s
  Train | loss=0.0216 | top1=98.54% | top2=99.88%
  Valid | loss=0.0251 | top1=98.21% | top2=100.00% | acc=98.14% | bal_acc=98.39% | macro_f1=0.9796 | weighted_f1=0.9815 | precision_macro=0.9760 | recall_macro=0.9839
        ovr_roc_auc_macro=0.9994 | ovr_pr_auc_macro=0.9972
Epoch 11/50 | Time 0m16s
  Train | loss=0.0156 | top1=99.07% | top2=100.00%
  Valid | loss=0.0293 | top1=98.21% | top2=99.78% | acc=98.14% | bal_acc=98.16% | macro_f1=0.9829 | weighted_f1=0.9816 | precision_macro=0.9848 | recall_macro=0.9816
        ovr_roc_auc_macro=0.9995 | ovr_pr_auc_macro=0.9989
Epoch 12/50 | Time 0m16s
  Train | loss=0.0120 | top1=99.23% | top2=99.96%
  Valid | loss=0.0351 | top1=97.96% | top2=100.00% | acc=98.14% | bal_acc=98.16% | macro_f1=0.9806 | weighted_f1=0.9814 | precision_macro=0.9796 | recall_macro=0.9816
        ovr_roc_auc_macro=0.9996 | ovr_pr_auc_macro=0.9987
Epoch 13/50 | Time 0m16s
  Train | loss=0.0240 | top1=98.64% | top2=99.96%
  Valid | loss=0.0319 | top1=97.96% | top2=100.00% | acc=98.14% | bal_acc=98.16% | macro_f1=0.9805 | weighted_f1=0.9814 | precision_macro=0.9796 | recall_macro=0.9816
        ovr_roc_auc_macro=0.9995 | ovr_pr_auc_macro=0.9987
Epoch 14/50 | Time 0m16s
  Train | loss=0.0193 | top1=98.90% | top2=99.96%
  Valid | loss=0.0161 | top1=98.88% | top2=100.00% | acc=98.84% | bal_acc=98.99% | macro_f1=0.9877 | weighted_f1=0.9883 | precision_macro=0.9858 | recall_macro=0.9899
        ovr_roc_auc_macro=0.9999 | ovr_pr_auc_macro=0.9998
Epoch 15/50 | Time 0m16s
  Train | loss=0.0194 | top1=98.86% | top2=99.92%
  Valid | loss=0.0340 | top1=97.32% | top2=99.78% | acc=97.22% | bal_acc=97.14% | macro_f1=0.9694 | weighted_f1=0.9723 | precision_macro=0.9683 | recall_macro=0.9714
        ovr_roc_auc_macro=0.9995 | ovr_pr_auc_macro=0.9982
Epoch 16/50 | Time 0m16s
  Train | loss=0.0192 | top1=98.90% | top2=99.96%
  Valid | loss=0.0332 | top1=97.26% | top2=100.00% | acc=97.68% | bal_acc=97.54% | macro_f1=0.9765 | weighted_f1=0.9768 | precision_macro=0.9779 | recall_macro=0.9754
        ovr_roc_auc_macro=0.9995 | ovr_pr_auc_macro=0.9987
Epoch 17/50 | Time 0m16s
  Train | loss=0.0113 | top1=99.35% | top2=100.00%
  Valid | loss=0.0197 | top1=98.66% | top2=100.00% | acc=98.61% | bal_acc=98.57% | macro_f1=0.9868 | weighted_f1=0.9861 | precision_macro=0.9882 | recall_macro=0.9857
        ovr_roc_auc_macro=0.9997 | ovr_pr_auc_macro=0.9994
Epoch 18/50 | Time 0m16s
  Train | loss=0.0138 | top1=99.29% | top2=99.96%
  Valid | loss=0.0255 | top1=98.21% | top2=99.78% | acc=98.14% | bal_acc=98.39% | macro_f1=0.9828 | weighted_f1=0.9815 | precision_macro=0.9820 | recall_macro=0.9839
        ovr_roc_auc_macro=0.9996 | ovr_pr_auc_macro=0.9991
Epoch 19/50 | Time 0m16s
  Train | loss=0.0102 | top1=99.17% | top2=100.00%
  Valid | loss=0.0278 | top1=98.18% | top2=100.00% | acc=98.38% | bal_acc=98.59% | macro_f1=0.9847 | weighted_f1=0.9837 | precision_macro=0.9838 | recall_macro=0.9859
        ovr_roc_auc_macro=0.9998 | ovr_pr_auc_macro=0.9996
  -> early stopping triggered at epoch 19

[TEST] loss=ordinal_focal_mse
  Test | loss=1.1583 | top1=75.72% | top2=82.69% | acc=74.37% | bal_acc=73.28% | macro_f1=0.7035 | weighted_f1=0.6965 | precision_macro=0.8533 | recall_macro=0.7328
        ovr_roc_auc_macro=0.9487 | ovr_pr_auc_macro=0.8894
  Confusion Matrix:
[[ 18  67  15   0]
 [  0 115   0   0]
 [  0   2 103   0]
 [  0   9   8  57]]
  Classification Report:
                  precision    recall  f1-score   support

    glioma_tumor     1.0000    0.1800    0.3051       100
meningioma_tumor     0.5959    1.0000    0.7468       115
        no_tumor     0.8175    0.9810    0.8918       105
 pituitary_tumor     1.0000    0.7703    0.8702        74

        accuracy                         0.7437       394
       macro avg     0.8533    0.7328    0.7035       394
    weighted avg     0.8334    0.7437    0.6965       394


##########################################################################################
Starting loss: sce
##########################################################################################
Model params: 85,402,181 | pretrained loaded: 320/361 | feat_dim=2048
Criterion: SymmetricCrossEntropyLoss
Criterion trainable params: 0
Epoch 01/50 | Time 0m16s
  Train | loss=3.6394 | top1=63.91% | top2=84.78%
  Valid | loss=1.8767 | top1=84.99% | top2=99.11% | acc=84.92% | bal_acc=85.56% | macro_f1=0.8541 | weighted_f1=0.8518 | precision_macro=0.8665 | recall_macro=0.8556
        ovr_roc_auc_macro=0.9549 | ovr_pr_auc_macro=0.8743
  -> best macro_f1 updated to 0.8541 (epoch 1, val_loss=1.8767)
Epoch 02/50 | Time 0m16s
  Train | loss=1.0955 | top1=87.84% | top2=98.46%
  Valid | loss=1.0130 | top1=87.89% | top2=99.55% | acc=87.94% | bal_acc=88.85% | macro_f1=0.8794 | weighted_f1=0.8811 | precision_macro=0.8766 | recall_macro=0.8885
        ovr_roc_auc_macro=0.9854 | ovr_pr_auc_macro=0.9654
  -> best macro_f1 updated to 0.8794 (epoch 2, val_loss=1.0130)
Epoch 03/50 | Time 0m16s
  Train | loss=0.6718 | top1=92.74% | top2=99.07%
  Valid | loss=0.7230 | top1=91.01% | top2=98.88% | acc=91.18% | bal_acc=92.12% | macro_f1=0.9141 | weighted_f1=0.9109 | precision_macro=0.9130 | recall_macro=0.9212
        ovr_roc_auc_macro=0.9921 | ovr_pr_auc_macro=0.9829
  -> best macro_f1 updated to 0.9141 (epoch 3, val_loss=0.7230)
Epoch 04/50 | Time 0m16s
  Train | loss=0.5116 | top1=94.54% | top2=99.07%
  Valid | loss=0.6598 | top1=91.68% | top2=99.55% | acc=91.88% | bal_acc=90.28% | macro_f1=0.9145 | weighted_f1=0.9187 | precision_macro=0.9357 | recall_macro=0.9028
        ovr_roc_auc_macro=0.9918 | ovr_pr_auc_macro=0.9841
  -> best macro_f1 updated to 0.9145 (epoch 4, val_loss=0.6598)
Epoch 05/50 | Time 0m16s
  Train | loss=0.3222 | top1=96.47% | top2=99.68%
  Valid | loss=0.5515 | top1=92.63% | top2=99.55% | acc=92.34% | bal_acc=93.35% | macro_f1=0.9259 | weighted_f1=0.9243 | precision_macro=0.9252 | recall_macro=0.9335
        ovr_roc_auc_macro=0.9975 | ovr_pr_auc_macro=0.9946
  -> best macro_f1 updated to 0.9259 (epoch 5, val_loss=0.5515)
Epoch 06/50 | Time 0m16s
  Train | loss=0.2881 | top1=97.04% | top2=99.63%
  Valid | loss=0.5094 | top1=94.87% | top2=99.78% | acc=94.66% | bal_acc=93.14% | macro_f1=0.9396 | weighted_f1=0.9470 | precision_macro=0.9540 | recall_macro=0.9314
        ovr_roc_auc_macro=0.9947 | ovr_pr_auc_macro=0.9861
  -> best macro_f1 updated to 0.9396 (epoch 6, val_loss=0.5094)
Epoch 07/50 | Time 0m16s
  Train | loss=0.2292 | top1=97.73% | top2=99.59%
  Valid | loss=0.3654 | top1=96.40% | top2=99.78% | acc=96.52% | bal_acc=96.98% | macro_f1=0.9660 | weighted_f1=0.9646 | precision_macro=0.9651 | recall_macro=0.9698
        ovr_roc_auc_macro=0.9963 | ovr_pr_auc_macro=0.9937
  -> best macro_f1 updated to 0.9660 (epoch 7, val_loss=0.3654)
Epoch 08/50 | Time 0m16s
  Train | loss=0.2078 | top1=97.87% | top2=99.61%
  Valid | loss=0.2087 | top1=97.77% | top2=99.78% | acc=97.68% | bal_acc=97.98% | macro_f1=0.9799 | weighted_f1=0.9769 | precision_macro=0.9803 | recall_macro=0.9798
        ovr_roc_auc_macro=0.9991 | ovr_pr_auc_macro=0.9979
  -> best macro_f1 updated to 0.9799 (epoch 8, val_loss=0.2087)
Epoch 09/50 | Time 0m16s
  Train | loss=0.1095 | top1=98.74% | top2=99.96%
  Valid | loss=0.1473 | top1=98.66% | top2=99.11% | acc=98.61% | bal_acc=98.79% | macro_f1=0.9868 | weighted_f1=0.9861 | precision_macro=0.9858 | recall_macro=0.9879
        ovr_roc_auc_macro=0.9997 | ovr_pr_auc_macro=0.9992
  -> best macro_f1 updated to 0.9868 (epoch 9, val_loss=0.1473)
Epoch 10/50 | Time 0m16s
  Train | loss=0.0988 | top1=98.86% | top2=99.96%
  Valid | loss=0.1299 | top1=98.66% | top2=99.55% | acc=98.61% | bal_acc=98.79% | macro_f1=0.9857 | weighted_f1=0.9861 | precision_macro=0.9838 | recall_macro=0.9879
        ovr_roc_auc_macro=0.9997 | ovr_pr_auc_macro=0.9993
Epoch 11/50 | Time 0m16s
  Train | loss=0.0569 | top1=99.51% | top2=99.96%
  Valid | loss=0.2873 | top1=96.40% | top2=100.00% | acc=96.52% | bal_acc=96.98% | macro_f1=0.9676 | weighted_f1=0.9652 | precision_macro=0.9667 | recall_macro=0.9698
        ovr_roc_auc_macro=0.9988 | ovr_pr_auc_macro=0.9971
Epoch 12/50 | Time 0m16s
  Train | loss=0.0554 | top1=99.55% | top2=99.96%
  Valid | loss=0.0860 | top1=98.66% | top2=100.00% | acc=98.61% | bal_acc=98.57% | macro_f1=0.9857 | weighted_f1=0.9861 | precision_macro=0.9857 | recall_macro=0.9857
        ovr_roc_auc_macro=0.9999 | ovr_pr_auc_macro=0.9996
Epoch 13/50 | Time 0m16s
  Train | loss=0.0708 | top1=99.15% | top2=99.96%
  Valid | loss=0.1107 | top1=98.66% | top2=99.55% | acc=98.61% | bal_acc=98.79% | macro_f1=0.9857 | weighted_f1=0.9861 | precision_macro=0.9837 | recall_macro=0.9879
        ovr_roc_auc_macro=0.9998 | ovr_pr_auc_macro=0.9994
Epoch 14/50 | Time 0m16s
  Train | loss=0.1099 | top1=98.74% | top2=100.00%
  Valid | loss=0.1999 | top1=98.21% | top2=99.78% | acc=98.14% | bal_acc=98.39% | macro_f1=0.9805 | weighted_f1=0.9813 | precision_macro=0.9781 | recall_macro=0.9839
        ovr_roc_auc_macro=0.9978 | ovr_pr_auc_macro=0.9956
Epoch 15/50 | Time 0m16s
  Train | loss=0.0511 | top1=99.55% | top2=99.92%
  Valid | loss=0.1200 | top1=98.66% | top2=100.00% | acc=98.61% | bal_acc=98.79% | macro_f1=0.9868 | weighted_f1=0.9861 | precision_macro=0.9858 | recall_macro=0.9879
        ovr_roc_auc_macro=0.9996 | ovr_pr_auc_macro=0.9989
  -> best macro_f1 updated to 0.9868 (epoch 15, val_loss=0.1200)
Epoch 16/50 | Time 0m16s
  Train | loss=0.0512 | top1=99.39% | top2=99.96%
  Valid | loss=0.1440 | top1=98.44% | top2=99.55% | acc=98.38% | bal_acc=98.37% | macro_f1=0.9836 | weighted_f1=0.9837 | precision_macro=0.9840 | recall_macro=0.9837
        ovr_roc_auc_macro=0.9995 | ovr_pr_auc_macro=0.9989
Epoch 17/50 | Time 0m16s
  Train | loss=0.0442 | top1=99.59% | top2=99.96%
  Valid | loss=0.1135 | top1=98.44% | top2=99.78% | acc=98.38% | bal_acc=98.59% | macro_f1=0.9848 | weighted_f1=0.9838 | precision_macro=0.9840 | recall_macro=0.9859
        ovr_roc_auc_macro=0.9998 | ovr_pr_auc_macro=0.9996
Epoch 18/50 | Time 0m16s
  Train | loss=0.0353 | top1=99.63% | top2=100.00%
  Valid | loss=0.1210 | top1=98.88% | top2=99.78% | acc=98.84% | bal_acc=98.99% | macro_f1=0.9888 | weighted_f1=0.9884 | precision_macro=0.9878 | recall_macro=0.9899
        ovr_roc_auc_macro=0.9996 | ovr_pr_auc_macro=0.9991
  -> best macro_f1 updated to 0.9888 (epoch 18, val_loss=0.1210)
Epoch 19/50 | Time 0m16s
  Train | loss=0.0453 | top1=99.61% | top2=100.00%
  Valid | loss=0.1104 | top1=98.88% | top2=99.78% | acc=98.84% | bal_acc=98.99% | macro_f1=0.9888 | weighted_f1=0.9884 | precision_macro=0.9878 | recall_macro=0.9899
        ovr_roc_auc_macro=0.9995 | ovr_pr_auc_macro=0.9988
  -> best macro_f1 updated to 0.9888 (epoch 19, val_loss=0.1104)
Epoch 20/50 | Time 0m16s
  Train | loss=0.0284 | top1=99.65% | top2=100.00%
  Valid | loss=0.1398 | top1=98.63% | top2=100.00% | acc=98.84% | bal_acc=98.99% | macro_f1=0.9899 | weighted_f1=0.9884 | precision_macro=0.9900 | recall_macro=0.9899
        ovr_roc_auc_macro=0.9994 | ovr_pr_auc_macro=0.9986
  -> best macro_f1 updated to 0.9899 (epoch 20, val_loss=0.1398)
Epoch 21/50 | Time 0m16s
  Train | loss=0.0361 | top1=99.68% | top2=99.96%
  Valid | loss=0.0767 | top1=99.33% | top2=100.00% | acc=99.30% | bal_acc=99.40% | macro_f1=0.9940 | weighted_f1=0.9930 | precision_macro=0.9940 | recall_macro=0.9940
        ovr_roc_auc_macro=0.9998 | ovr_pr_auc_macro=0.9994
  -> best macro_f1 updated to 0.9940 (epoch 21, val_loss=0.0767)
Epoch 22/50 | Time 0m16s
  Train | loss=0.0143 | top1=99.88% | top2=100.00%
  Valid | loss=0.0661 | top1=99.55% | top2=99.78% | acc=99.54% | bal_acc=99.60% | macro_f1=0.9960 | weighted_f1=0.9954 | precision_macro=0.9960 | recall_macro=0.9960
        ovr_roc_auc_macro=0.9998 | ovr_pr_auc_macro=0.9995
  -> best macro_f1 updated to 0.9960 (epoch 22, val_loss=0.0661)
Epoch 23/50 | Time 0m16s
  Train | loss=0.0315 | top1=99.63% | top2=100.00%
  Valid | loss=0.1133 | top1=98.88% | top2=99.78% | acc=98.84% | bal_acc=98.99% | macro_f1=0.9899 | weighted_f1=0.9884 | precision_macro=0.9899 | recall_macro=0.9899
        ovr_roc_auc_macro=0.9995 | ovr_pr_auc_macro=0.9990
Epoch 24/50 | Time 0m16s
  Train | loss=0.0111 | top1=99.96% | top2=100.00%
  Valid | loss=0.1400 | top1=98.66% | top2=99.78% | acc=98.61% | bal_acc=98.79% | macro_f1=0.9846 | weighted_f1=0.9861 | precision_macro=0.9818 | recall_macro=0.9879
        ovr_roc_auc_macro=0.9996 | ovr_pr_auc_macro=0.9990
Epoch 25/50 | Time 0m16s
  Train | loss=0.0041 | top1=99.96% | top2=100.00%
  Valid | loss=0.0972 | top1=99.11% | top2=99.78% | acc=99.07% | bal_acc=99.19% | macro_f1=0.9919 | weighted_f1=0.9907 | precision_macro=0.9919 | recall_macro=0.9919
        ovr_roc_auc_macro=0.9998 | ovr_pr_auc_macro=0.9994
Epoch 26/50 | Time 0m16s
  Train | loss=0.0145 | top1=99.84% | top2=100.00%
  Valid | loss=0.0826 | top1=99.33% | top2=99.78% | acc=99.30% | bal_acc=99.40% | macro_f1=0.9939 | weighted_f1=0.9930 | precision_macro=0.9940 | recall_macro=0.9940
        ovr_roc_auc_macro=0.9997 | ovr_pr_auc_macro=0.9991
Epoch 27/50 | Time 0m16s
  Train | loss=0.0175 | top1=99.76% | top2=99.96%
  Valid | loss=0.1238 | top1=98.44% | top2=99.78% | acc=98.38% | bal_acc=98.59% | macro_f1=0.9847 | weighted_f1=0.9837 | precision_macro=0.9841 | recall_macro=0.9859
        ovr_roc_auc_macro=0.9999 | ovr_pr_auc_macro=0.9998
Epoch 28/50 | Time 0m16s
  Train | loss=0.0166 | top1=99.88% | top2=100.00%
  Valid | loss=0.0915 | top1=99.11% | top2=100.00% | acc=99.07% | bal_acc=99.19% | macro_f1=0.9908 | weighted_f1=0.9907 | precision_macro=0.9898 | recall_macro=0.9919
        ovr_roc_auc_macro=0.9998 | ovr_pr_auc_macro=0.9996
Epoch 29/50 | Time 0m16s
  Train | loss=0.0199 | top1=99.80% | top2=100.00%
  Valid | loss=0.1512 | top1=98.44% | top2=99.78% | acc=98.38% | bal_acc=98.59% | macro_f1=0.9827 | weighted_f1=0.9838 | precision_macro=0.9799 | recall_macro=0.9859
        ovr_roc_auc_macro=0.9995 | ovr_pr_auc_macro=0.9988
Epoch 30/50 | Time 0m16s
  Train | loss=0.0068 | top1=99.92% | top2=100.00%
  Valid | loss=0.2392 | top1=97.54% | top2=100.00% | acc=97.45% | bal_acc=97.78% | macro_f1=0.9756 | weighted_f1=0.9744 | precision_macro=0.9738 | recall_macro=0.9778
        ovr_roc_auc_macro=0.9991 | ovr_pr_auc_macro=0.9977
Epoch 31/50 | Time 0m16s
  Train | loss=0.0061 | top1=99.96% | top2=100.00%
  Valid | loss=0.1183 | top1=98.88% | top2=99.78% | acc=98.84% | bal_acc=98.99% | macro_f1=0.9867 | weighted_f1=0.9884 | precision_macro=0.9838 | recall_macro=0.9899
        ovr_roc_auc_macro=0.9998 | ovr_pr_auc_macro=0.9994
Epoch 32/50 | Time 0m16s
  Train | loss=0.0164 | top1=99.88% | top2=100.00%
  Valid | loss=0.0769 | top1=99.11% | top2=99.78% | acc=99.07% | bal_acc=99.19% | macro_f1=0.9908 | weighted_f1=0.9907 | precision_macro=0.9898 | recall_macro=0.9919
        ovr_roc_auc_macro=0.9999 | ovr_pr_auc_macro=0.9997
  -> early stopping triggered at epoch 32

[TEST] loss=sce
  Test | loss=2.5659 | top1=81.25% | top2=91.11% | acc=80.20% | bal_acc=79.48% | macro_f1=0.7806 | weighted_f1=0.7756 | precision_macro=0.8664 | recall_macro=0.7948
        ovr_roc_auc_macro=0.9617 | ovr_pr_auc_macro=0.9113
  Confusion Matrix:
[[ 35  37  28   0]
 [  0 114   0   1]
 [  0   0 105   0]
 [  0   6   6  62]]
  Classification Report:
                  precision    recall  f1-score   support

    glioma_tumor     1.0000    0.3500    0.5185       100
meningioma_tumor     0.7261    0.9913    0.8382       115
        no_tumor     0.7554    1.0000    0.8607       105
 pituitary_tumor     0.9841    0.8378    0.9051        74

        accuracy                         0.8020       394
       macro avg     0.8664    0.7948    0.7806       394
    weighted avg     0.8519    0.8020    0.7756       394


##########################################################################################
Starting loss: gce
##########################################################################################
Model params: 85,402,181 | pretrained loaded: 320/361 | feat_dim=2048
Criterion: GeneralizedCrossEntropyLoss
Criterion trainable params: 0
Epoch 01/50 | Time 0m16s
  Train | loss=0.6677 | top1=62.66% | top2=84.33%
  Valid | loss=0.3522 | top1=82.75% | top2=99.11% | acc=82.60% | bal_acc=82.66% | macro_f1=0.8305 | weighted_f1=0.8304 | precision_macro=0.8537 | recall_macro=0.8266
        ovr_roc_auc_macro=0.9547 | ovr_pr_auc_macro=0.8733
  -> best macro_f1 updated to 0.8305 (epoch 1, val_loss=0.3522)
Epoch 02/50 | Time 0m16s
  Train | loss=0.2006 | top1=87.03% | top2=98.01%
  Valid | loss=0.1396 | top1=89.51% | top2=98.88% | acc=89.10% | bal_acc=89.19% | macro_f1=0.8979 | weighted_f1=0.8919 | precision_macro=0.9068 | recall_macro=0.8919
        ovr_roc_auc_macro=0.9869 | ovr_pr_auc_macro=0.9684
  -> best macro_f1 updated to 0.8979 (epoch 2, val_loss=0.1396)
Epoch 03/50 | Time 0m16s
  Train | loss=0.1323 | top1=90.62% | top2=98.34%
  Valid | loss=0.1823 | top1=86.80% | top2=97.77% | acc=86.54% | bal_acc=88.08% | macro_f1=0.8576 | weighted_f1=0.8524 | precision_macro=0.8774 | recall_macro=0.8808
        ovr_roc_auc_macro=0.9874 | ovr_pr_auc_macro=0.9710
Epoch 04/50 | Time 0m16s
  Train | loss=0.1057 | top1=92.53% | top2=98.66%
  Valid | loss=0.0719 | top1=95.09% | top2=99.33% | acc=94.90% | bal_acc=95.56% | macro_f1=0.9499 | weighted_f1=0.9485 | precision_macro=0.9464 | recall_macro=0.9556
        ovr_roc_auc_macro=0.9948 | ovr_pr_auc_macro=0.9885
  -> best macro_f1 updated to 0.9499 (epoch 4, val_loss=0.0719)
Epoch 05/50 | Time 0m16s
  Train | loss=0.0862 | top1=93.32% | top2=99.07%
  Valid | loss=0.0836 | top1=93.27% | top2=99.55% | acc=93.27% | bal_acc=93.71% | macro_f1=0.9317 | weighted_f1=0.9335 | precision_macro=0.9285 | recall_macro=0.9371
        ovr_roc_auc_macro=0.9936 | ovr_pr_auc_macro=0.9826
Epoch 06/50 | Time 0m16s
  Train | loss=0.0617 | top1=95.82% | top2=99.43%
  Valid | loss=0.0439 | top1=96.40% | top2=99.78% | acc=96.52% | bal_acc=96.98% | macro_f1=0.9684 | weighted_f1=0.9649 | precision_macro=0.9681 | recall_macro=0.9698
        ovr_roc_auc_macro=0.9905 | ovr_pr_auc_macro=0.9830
  -> best macro_f1 updated to 0.9684 (epoch 6, val_loss=0.0439)
Epoch 07/50 | Time 0m16s
  Train | loss=0.0507 | top1=96.59% | top2=99.72%
  Valid | loss=0.0604 | top1=95.25% | top2=99.78% | acc=95.59% | bal_acc=96.17% | macro_f1=0.9560 | weighted_f1=0.9555 | precision_macro=0.9520 | recall_macro=0.9617
        ovr_roc_auc_macro=0.9959 | ovr_pr_auc_macro=0.9908
Epoch 08/50 | Time 0m16s
  Train | loss=0.0522 | top1=96.18% | top2=99.51%
  Valid | loss=0.0458 | top1=96.65% | top2=100.00% | acc=96.52% | bal_acc=96.98% | macro_f1=0.9643 | weighted_f1=0.9650 | precision_macro=0.9608 | recall_macro=0.9698
        ovr_roc_auc_macro=0.9962 | ovr_pr_auc_macro=0.9915
Epoch 09/50 | Time 0m16s
  Train | loss=0.0347 | top1=97.38% | top2=99.72%
  Valid | loss=0.0227 | top1=98.44% | top2=99.78% | acc=98.38% | bal_acc=98.37% | macro_f1=0.9837 | weighted_f1=0.9837 | precision_macro=0.9838 | recall_macro=0.9837
        ovr_roc_auc_macro=0.9983 | ovr_pr_auc_macro=0.9965
  -> best macro_f1 updated to 0.9837 (epoch 9, val_loss=0.0227)
Epoch 10/50 | Time 0m16s
  Train | loss=0.0345 | top1=97.65% | top2=99.80%
  Valid | loss=0.0461 | top1=96.65% | top2=100.00% | acc=96.52% | bal_acc=95.87% | macro_f1=0.9638 | weighted_f1=0.9651 | precision_macro=0.9703 | recall_macro=0.9587
        ovr_roc_auc_macro=0.9954 | ovr_pr_auc_macro=0.9897
Epoch 11/50 | Time 0m16s
  Train | loss=0.0308 | top1=97.77% | top2=99.88%
  Valid | loss=0.0173 | top1=98.88% | top2=99.78% | acc=98.84% | bal_acc=98.99% | macro_f1=0.9899 | weighted_f1=0.9884 | precision_macro=0.9899 | recall_macro=0.9899
        ovr_roc_auc_macro=0.9996 | ovr_pr_auc_macro=0.9991
  -> best macro_f1 updated to 0.9899 (epoch 11, val_loss=0.0173)
Epoch 12/50 | Time 0m16s
  Train | loss=0.0238 | top1=98.30% | top2=99.88%
  Valid | loss=0.0229 | top1=98.44% | top2=100.00% | acc=98.38% | bal_acc=98.59% | macro_f1=0.9858 | weighted_f1=0.9837 | precision_macro=0.9859 | recall_macro=0.9859
        ovr_roc_auc_macro=0.9971 | ovr_pr_auc_macro=0.9931
Epoch 13/50 | Time 0m16s
  Train | loss=0.0184 | top1=98.64% | top2=99.88%
  Valid | loss=0.0330 | top1=97.77% | top2=100.00% | acc=97.68% | bal_acc=97.32% | macro_f1=0.9763 | weighted_f1=0.9767 | precision_macro=0.9802 | recall_macro=0.9732
        ovr_roc_auc_macro=0.9952 | ovr_pr_auc_macro=0.9901
Epoch 14/50 | Time 0m16s
  Train | loss=0.0368 | top1=97.48% | top2=99.76%
  Valid | loss=0.0178 | top1=98.66% | top2=99.78% | acc=98.61% | bal_acc=98.79% | macro_f1=0.9879 | weighted_f1=0.9860 | precision_macro=0.9879 | recall_macro=0.9879
        ovr_roc_auc_macro=0.9994 | ovr_pr_auc_macro=0.9988
Epoch 15/50 | Time 0m16s
  Train | loss=0.0262 | top1=98.05% | top2=99.84%
  Valid | loss=0.0274 | top1=98.21% | top2=100.00% | acc=98.14% | bal_acc=98.39% | macro_f1=0.9839 | weighted_f1=0.9814 | precision_macro=0.9842 | recall_macro=0.9839
        ovr_roc_auc_macro=0.9989 | ovr_pr_auc_macro=0.9975
Epoch 16/50 | Time 0m16s
  Train | loss=0.0223 | top1=98.38% | top2=99.72%
  Valid | loss=0.0246 | top1=98.21% | top2=99.33% | acc=98.14% | bal_acc=98.39% | macro_f1=0.9806 | weighted_f1=0.9814 | precision_macro=0.9779 | recall_macro=0.9839
        ovr_roc_auc_macro=0.9995 | ovr_pr_auc_macro=0.9979
Epoch 17/50 | Time 0m16s
  Train | loss=0.0177 | top1=98.82% | top2=99.88%
  Valid | loss=0.0135 | top1=99.11% | top2=99.78% | acc=99.07% | bal_acc=99.19% | macro_f1=0.9920 | weighted_f1=0.9907 | precision_macro=0.9920 | recall_macro=0.9919
        ovr_roc_auc_macro=0.9998 | ovr_pr_auc_macro=0.9995
  -> best macro_f1 updated to 0.9920 (epoch 17, val_loss=0.0135)
Epoch 18/50 | Time 0m16s
  Train | loss=0.0113 | top1=99.31% | top2=99.92%
  Valid | loss=0.0248 | top1=97.99% | top2=100.00% | acc=97.91% | bal_acc=98.19% | macro_f1=0.9818 | weighted_f1=0.9791 | precision_macro=0.9818 | recall_macro=0.9819
        ovr_roc_auc_macro=0.9980 | ovr_pr_auc_macro=0.9950
Epoch 19/50 | Time 0m16s
  Train | loss=0.0125 | top1=99.08% | top2=99.88%
  Valid | loss=0.0247 | top1=98.21% | top2=100.00% | acc=98.14% | bal_acc=98.39% | macro_f1=0.9838 | weighted_f1=0.9814 | precision_macro=0.9840 | recall_macro=0.9839
        ovr_roc_auc_macro=0.9966 | ovr_pr_auc_macro=0.9918
Epoch 20/50 | Time 0m16s
  Train | loss=0.0083 | top1=99.39% | top2=99.92%
  Valid | loss=0.0200 | top1=98.44% | top2=99.78% | acc=98.38% | bal_acc=98.37% | macro_f1=0.9848 | weighted_f1=0.9839 | precision_macro=0.9863 | recall_macro=0.9837
        ovr_roc_auc_macro=0.9992 | ovr_pr_auc_macro=0.9988
Epoch 21/50 | Time 0m16s
  Train | loss=0.0074 | top1=99.51% | top2=99.96%
  Valid | loss=0.0126 | top1=99.11% | top2=100.00% | acc=99.07% | bal_acc=99.19% | macro_f1=0.9919 | weighted_f1=0.9907 | precision_macro=0.9920 | recall_macro=0.9919
        ovr_roc_auc_macro=0.9998 | ovr_pr_auc_macro=0.9995
  -> best macro_f1 updated to 0.9919 (epoch 21, val_loss=0.0126)
Epoch 22/50 | Time 0m16s
  Train | loss=0.0095 | top1=99.35% | top2=99.92%
  Valid | loss=0.0245 | top1=98.21% | top2=99.78% | acc=98.14% | bal_acc=98.39% | macro_f1=0.9838 | weighted_f1=0.9814 | precision_macro=0.9841 | recall_macro=0.9839
        ovr_roc_auc_macro=0.9954 | ovr_pr_auc_macro=0.9905
Epoch 23/50 | Time 0m16s
  Train | loss=0.0102 | top1=99.23% | top2=99.80%
  Valid | loss=0.0162 | top1=98.66% | top2=100.00% | acc=98.61% | bal_acc=98.57% | macro_f1=0.9868 | weighted_f1=0.9861 | precision_macro=0.9880 | recall_macro=0.9857
        ovr_roc_auc_macro=0.9998 | ovr_pr_auc_macro=0.9996
Epoch 24/50 | Time 0m16s
  Train | loss=0.0086 | top1=99.43% | top2=99.92%
  Valid | loss=0.0096 | top1=99.33% | top2=99.78% | acc=99.30% | bal_acc=99.40% | macro_f1=0.9939 | weighted_f1=0.9930 | precision_macro=0.9940 | recall_macro=0.9940
        ovr_roc_auc_macro=0.9999 | ovr_pr_auc_macro=0.9997
  -> best macro_f1 updated to 0.9939 (epoch 24, val_loss=0.0096)
Epoch 25/50 | Time 0m16s
  Train | loss=0.0035 | top1=99.76% | top2=99.92%
  Valid | loss=0.0096 | top1=99.33% | top2=99.78% | acc=99.30% | bal_acc=99.40% | macro_f1=0.9940 | weighted_f1=0.9930 | precision_macro=0.9940 | recall_macro=0.9940
        ovr_roc_auc_macro=0.9999 | ovr_pr_auc_macro=0.9999
Epoch 26/50 | Time 0m16s
  Train | loss=0.0064 | top1=99.59% | top2=99.88%
  Valid | loss=0.0068 | top1=99.55% | top2=99.78% | acc=99.54% | bal_acc=99.37% | macro_f1=0.9948 | weighted_f1=0.9954 | precision_macro=0.9960 | recall_macro=0.9937
        ovr_roc_auc_macro=0.9999 | ovr_pr_auc_macro=0.9998
  -> best macro_f1 updated to 0.9948 (epoch 26, val_loss=0.0068)
Epoch 27/50 | Time 0m16s
  Train | loss=0.0070 | top1=99.55% | top2=99.92%
  Valid | loss=0.0069 | top1=99.33% | top2=99.78% | acc=99.30% | bal_acc=99.40% | macro_f1=0.9929 | weighted_f1=0.9930 | precision_macro=0.9918 | recall_macro=0.9940
        ovr_roc_auc_macro=1.0000 | ovr_pr_auc_macro=1.0000
Epoch 28/50 | Time 0m16s
  Train | loss=0.0033 | top1=99.84% | top2=99.96%
  Valid | loss=0.0081 | top1=99.78% | top2=99.78% | acc=99.77% | bal_acc=99.80% | macro_f1=0.9980 | weighted_f1=0.9977 | precision_macro=0.9980 | recall_macro=0.9980
        ovr_roc_auc_macro=0.9998 | ovr_pr_auc_macro=0.9997
  -> best macro_f1 updated to 0.9980 (epoch 28, val_loss=0.0081)
Epoch 29/50 | Time 0m16s
  Train | loss=0.0059 | top1=99.59% | top2=99.92%
  Valid | loss=0.0086 | top1=99.11% | top2=99.78% | acc=99.07% | bal_acc=99.19% | macro_f1=0.9908 | weighted_f1=0.9907 | precision_macro=0.9898 | recall_macro=0.9919
        ovr_roc_auc_macro=0.9992 | ovr_pr_auc_macro=0.9989
Epoch 30/50 | Time 0m16s
  Train | loss=0.0061 | top1=99.51% | top2=99.96%
  Valid | loss=0.0049 | top1=99.78% | top2=99.78% | acc=99.77% | bal_acc=99.80% | macro_f1=0.9980 | weighted_f1=0.9977 | precision_macro=0.9980 | recall_macro=0.9980
        ovr_roc_auc_macro=1.0000 | ovr_pr_auc_macro=0.9999
  -> best macro_f1 updated to 0.9980 (epoch 30, val_loss=0.0049)
Epoch 31/50 | Time 0m16s
  Train | loss=0.0037 | top1=99.72% | top2=99.92%
  Valid | loss=0.0118 | top1=99.11% | top2=99.78% | acc=99.07% | bal_acc=99.19% | macro_f1=0.9920 | weighted_f1=0.9907 | precision_macro=0.9920 | recall_macro=0.9919
        ovr_roc_auc_macro=0.9999 | ovr_pr_auc_macro=0.9998
Epoch 32/50 | Time 0m16s
  Train | loss=0.0017 | top1=99.92% | top2=99.96%
  Valid | loss=0.0103 | top1=99.11% | top2=99.78% | acc=99.07% | bal_acc=99.19% | macro_f1=0.9908 | weighted_f1=0.9907 | precision_macro=0.9898 | recall_macro=0.9919
        ovr_roc_auc_macro=0.9999 | ovr_pr_auc_macro=0.9998
Epoch 33/50 | Time 0m16s
  Train | loss=0.0040 | top1=99.80% | top2=99.92%
  Valid | loss=0.0162 | top1=98.88% | top2=99.78% | acc=98.84% | bal_acc=98.99% | macro_f1=0.9878 | weighted_f1=0.9884 | precision_macro=0.9858 | recall_macro=0.9899
        ovr_roc_auc_macro=0.9999 | ovr_pr_auc_macro=0.9996
Epoch 34/50 | Time 0m16s
  Train | loss=0.0098 | top1=99.39% | top2=100.00%
  Valid | loss=0.0102 | top1=99.11% | top2=99.78% | acc=99.07% | bal_acc=99.19% | macro_f1=0.9908 | weighted_f1=0.9907 | precision_macro=0.9898 | recall_macro=0.9919
        ovr_roc_auc_macro=0.9999 | ovr_pr_auc_macro=0.9997
Epoch 35/50 | Time 0m16s
  Train | loss=0.0045 | top1=99.72% | top2=99.96%
  Valid | loss=0.0125 | top1=99.11% | top2=99.78% | acc=99.07% | bal_acc=99.19% | macro_f1=0.9908 | weighted_f1=0.9907 | precision_macro=0.9898 | recall_macro=0.9919
        ovr_roc_auc_macro=0.9994 | ovr_pr_auc_macro=0.9990
Epoch 36/50 | Time 0m16s
  Train | loss=0.0018 | top1=99.88% | top2=99.96%
  Valid | loss=0.0105 | top1=99.11% | top2=99.78% | acc=99.07% | bal_acc=99.19% | macro_f1=0.9919 | weighted_f1=0.9907 | precision_macro=0.9920 | recall_macro=0.9919
        ovr_roc_auc_macro=0.9998 | ovr_pr_auc_macro=0.9995
Epoch 37/50 | Time 0m16s
  Train | loss=0.0014 | top1=99.92% | top2=99.96%
  Valid | loss=0.0076 | top1=99.33% | top2=99.78% | acc=99.30% | bal_acc=99.40% | macro_f1=0.9940 | weighted_f1=0.9930 | precision_macro=0.9940 | recall_macro=0.9940
        ovr_roc_auc_macro=0.9996 | ovr_pr_auc_macro=0.9993
Epoch 38/50 | Time 0m16s
  Train | loss=0.0008 | top1=99.96% | top2=99.96%
  Valid | loss=0.0092 | top1=99.33% | top2=99.78% | acc=99.30% | bal_acc=99.40% | macro_f1=0.9940 | weighted_f1=0.9930 | precision_macro=0.9940 | recall_macro=0.9940
        ovr_roc_auc_macro=0.9996 | ovr_pr_auc_macro=0.9993
Epoch 39/50 | Time 0m16s
  Train | loss=0.0021 | top1=99.88% | top2=99.92%
  Valid | loss=0.0058 | top1=99.55% | top2=99.78% | acc=99.54% | bal_acc=99.60% | macro_f1=0.9960 | weighted_f1=0.9954 | precision_macro=0.9960 | recall_macro=0.9960
        ovr_roc_auc_macro=0.9997 | ovr_pr_auc_macro=0.9994
Epoch 40/50 | Time 0m16s
  Train | loss=0.0012 | top1=99.92% | top2=100.00%
  Valid | loss=0.0044 | top1=99.78% | top2=99.78% | acc=99.77% | bal_acc=99.80% | macro_f1=0.9980 | weighted_f1=0.9977 | precision_macro=0.9980 | recall_macro=0.9980
        ovr_roc_auc_macro=0.9992 | ovr_pr_auc_macro=0.9989
  -> best macro_f1 updated to 0.9980 (epoch 40, val_loss=0.0044)
Epoch 41/50 | Time 0m16s
  Train | loss=0.0011 | top1=99.92% | top2=100.00%
  Valid | loss=0.0045 | top1=99.78% | top2=99.78% | acc=99.77% | bal_acc=99.80% | macro_f1=0.9980 | weighted_f1=0.9977 | precision_macro=0.9980 | recall_macro=0.9980
        ovr_roc_auc_macro=0.9994 | ovr_pr_auc_macro=0.9990
Epoch 42/50 | Time 0m16s
  Train | loss=0.0008 | top1=99.96% | top2=100.00%
  Valid | loss=0.0045 | top1=99.78% | top2=99.78% | acc=99.77% | bal_acc=99.80% | macro_f1=0.9980 | weighted_f1=0.9977 | precision_macro=0.9980 | recall_macro=0.9980
        ovr_roc_auc_macro=0.9994 | ovr_pr_auc_macro=0.9991
Epoch 43/50 | Time 0m16s
  Train | loss=0.0012 | top1=99.92% | top2=100.00%
  Valid | loss=0.0050 | top1=99.78% | top2=99.78% | acc=99.77% | bal_acc=99.80% | macro_f1=0.9980 | weighted_f1=0.9977 | precision_macro=0.9980 | recall_macro=0.9980
        ovr_roc_auc_macro=0.9997 | ovr_pr_auc_macro=0.9993
Epoch 44/50 | Time 0m16s
  Train | loss=0.0009 | top1=99.96% | top2=99.96%
  Valid | loss=0.0043 | top1=99.78% | top2=99.78% | acc=99.77% | bal_acc=99.80% | macro_f1=0.9980 | weighted_f1=0.9977 | precision_macro=0.9980 | recall_macro=0.9980
        ovr_roc_auc_macro=0.9996 | ovr_pr_auc_macro=0.9993
  -> best macro_f1 updated to 0.9980 (epoch 44, val_loss=0.0043)
Epoch 45/50 | Time 0m16s
  Train | loss=0.0017 | top1=99.92% | top2=99.96%
  Valid | loss=0.0047 | top1=99.78% | top2=99.78% | acc=99.77% | bal_acc=99.80% | macro_f1=0.9980 | weighted_f1=0.9977 | precision_macro=0.9980 | recall_macro=0.9980
        ovr_roc_auc_macro=0.9995 | ovr_pr_auc_macro=0.9991
Epoch 46/50 | Time 0m16s
  Train | loss=0.0012 | top1=99.92% | top2=99.96%
  Valid | loss=0.0050 | top1=99.55% | top2=99.78% | acc=99.54% | bal_acc=99.60% | macro_f1=0.9960 | weighted_f1=0.9954 | precision_macro=0.9960 | recall_macro=0.9960
        ovr_roc_auc_macro=0.9995 | ovr_pr_auc_macro=0.9992
Epoch 47/50 | Time 0m16s
  Train | loss=0.0006 | top1=99.96% | top2=100.00%
  Valid | loss=0.0043 | top1=99.78% | top2=99.78% | acc=99.77% | bal_acc=99.80% | macro_f1=0.9980 | weighted_f1=0.9977 | precision_macro=0.9980 | recall_macro=0.9980
        ovr_roc_auc_macro=0.9994 | ovr_pr_auc_macro=0.9990
Epoch 48/50 | Time 0m16s
  Train | loss=0.0019 | top1=99.84% | top2=100.00%
  Valid | loss=0.0044 | top1=99.78% | top2=99.78% | acc=99.77% | bal_acc=99.80% | macro_f1=0.9980 | weighted_f1=0.9977 | precision_macro=0.9980 | recall_macro=0.9980
        ovr_roc_auc_macro=0.9996 | ovr_pr_auc_macro=0.9993
Epoch 49/50 | Time 0m16s
  Train | loss=0.0032 | top1=99.69% | top2=100.00%
  Valid | loss=0.0044 | top1=99.78% | top2=99.78% | acc=99.77% | bal_acc=99.80% | macro_f1=0.9980 | weighted_f1=0.9977 | precision_macro=0.9980 | recall_macro=0.9980
        ovr_roc_auc_macro=0.9995 | ovr_pr_auc_macro=0.9992
Epoch 50/50 | Time 0m16s
  Train | loss=0.0007 | top1=99.96% | top2=99.96%
  Valid | loss=0.0047 | top1=99.78% | top2=99.78% | acc=99.77% | bal_acc=99.80% | macro_f1=0.9980 | weighted_f1=0.9977 | precision_macro=0.9980 | recall_macro=0.9980
        ovr_roc_auc_macro=0.9997 | ovr_pr_auc_macro=0.9995

[TEST] loss=gce
  Test | loss=0.2768 | top1=80.05% | top2=85.58% | acc=78.93% | bal_acc=78.23% | macro_f1=0.7644 | weighted_f1=0.7578 | precision_macro=0.8589 | recall_macro=0.7823
        ovr_roc_auc_macro=0.9447 | ovr_pr_auc_macro=0.8835
  Confusion Matrix:
[[ 30  48  22   0]
 [  1 114   0   0]
 [  0   0 105   0]
 [  0   6   6  62]]
  Classification Report:
                  precision    recall  f1-score   support

    glioma_tumor     0.9677    0.3000    0.4580       100
meningioma_tumor     0.6786    0.9913    0.8057       115
        no_tumor     0.7895    1.0000    0.8824       105
 pituitary_tumor     1.0000    0.8378    0.9118        74

        accuracy                         0.7893       394
       macro avg     0.8589    0.7823    0.7644       394
    weighted avg     0.8419    0.7893    0.7578       394


##########################################################################################
Starting loss: dast
##########################################################################################
Model params: 85,402,181 | pretrained loaded: 320/361 | feat_dim=2048
Criterion: DistanceAwareSoftTargetLoss
Criterion trainable params: 0
Epoch 01/50 | Time 0m16s
  Train | loss=0.7144 | top1=66.23% | top2=87.64%
  Valid | loss=0.5511 | top1=83.20% | top2=95.09% | acc=83.06% | bal_acc=84.62% | macro_f1=0.8350 | weighted_f1=0.8320 | precision_macro=0.8459 | recall_macro=0.8462
        ovr_roc_auc_macro=0.9604 | ovr_pr_auc_macro=0.9009
  -> best macro_f1 updated to 0.8350 (epoch 1, val_loss=0.5511)
Epoch 02/50 | Time 0m16s
  Train | loss=0.4960 | top1=88.10% | top2=97.48%
  Valid | loss=0.4944 | top1=89.73% | top2=97.77% | acc=89.33% | bal_acc=90.50% | macro_f1=0.8966 | weighted_f1=0.8930 | precision_macro=0.8936 | recall_macro=0.9050
        ovr_roc_auc_macro=0.9786 | ovr_pr_auc_macro=0.9527
  -> best macro_f1 updated to 0.8966 (epoch 2, val_loss=0.4944)
Epoch 03/50 | Time 0m16s
  Train | loss=0.4702 | top1=92.21% | top2=98.42%
  Valid | loss=0.4578 | top1=93.47% | top2=99.11% | acc=93.74% | bal_acc=94.33% | macro_f1=0.9340 | weighted_f1=0.9360 | precision_macro=0.9308 | recall_macro=0.9433
        ovr_roc_auc_macro=0.9932 | ovr_pr_auc_macro=0.9871
  -> best macro_f1 updated to 0.9340 (epoch 3, val_loss=0.4578)
Epoch 04/50 | Time 0m16s
  Train | loss=0.4526 | top1=94.46% | top2=98.78%
  Valid | loss=0.5518 | top1=79.88% | top2=92.86% | acc=79.35% | bal_acc=78.72% | macro_f1=0.7898 | weighted_f1=0.7984 | precision_macro=0.8380 | recall_macro=0.7872
        ovr_roc_auc_macro=0.9730 | ovr_pr_auc_macro=0.9399
Epoch 05/50 | Time 0m16s
  Train | loss=0.4394 | top1=95.82% | top2=98.94%
  Valid | loss=0.4209 | top1=97.77% | top2=99.33% | acc=97.68% | bal_acc=97.76% | macro_f1=0.9777 | weighted_f1=0.9769 | precision_macro=0.9780 | recall_macro=0.9776
        ovr_roc_auc_macro=0.9990 | ovr_pr_auc_macro=0.9977
  -> best macro_f1 updated to 0.9777 (epoch 5, val_loss=0.4209)
Epoch 06/50 | Time 0m16s
  Train | loss=0.4223 | top1=97.32% | top2=99.47%
  Valid | loss=0.4696 | top1=91.93% | top2=97.54% | acc=91.88% | bal_acc=92.94% | macro_f1=0.9087 | weighted_f1=0.9222 | precision_macro=0.9049 | recall_macro=0.9294
        ovr_roc_auc_macro=0.9952 | ovr_pr_auc_macro=0.9866
Epoch 07/50 | Time 0m16s
  Train | loss=0.4110 | top1=98.86% | top2=99.72%
  Valid | loss=0.4277 | top1=97.29% | top2=99.33% | acc=97.45% | bal_acc=97.78% | macro_f1=0.9754 | weighted_f1=0.9742 | precision_macro=0.9745 | recall_macro=0.9778
        ovr_roc_auc_macro=0.9947 | ovr_pr_auc_macro=0.9925
Epoch 08/50 | Time 0m16s
  Train | loss=0.4035 | top1=99.11% | top2=100.00%
  Valid | loss=0.4179 | top1=97.10% | top2=99.33% | acc=96.98% | bal_acc=97.38% | macro_f1=0.9703 | weighted_f1=0.9695 | precision_macro=0.9680 | recall_macro=0.9738
        ovr_roc_auc_macro=0.9985 | ovr_pr_auc_macro=0.9976
Epoch 09/50 | Time 0m16s
  Train | loss=0.4057 | top1=99.19% | top2=99.92%
  Valid | loss=0.4151 | top1=97.99% | top2=99.55% | acc=97.91% | bal_acc=98.19% | macro_f1=0.9797 | weighted_f1=0.9792 | precision_macro=0.9781 | recall_macro=0.9819
        ovr_roc_auc_macro=0.9995 | ovr_pr_auc_macro=0.9989
  -> best macro_f1 updated to 0.9797 (epoch 9, val_loss=0.4151)
Epoch 10/50 | Time 0m16s
  Train | loss=0.4120 | top1=98.54% | top2=99.88%
  Valid | loss=0.4237 | top1=97.32% | top2=99.33% | acc=97.22% | bal_acc=97.14% | macro_f1=0.9736 | weighted_f1=0.9722 | precision_macro=0.9766 | recall_macro=0.9714
        ovr_roc_auc_macro=0.9969 | ovr_pr_auc_macro=0.9933
Epoch 11/50 | Time 0m16s
  Train | loss=0.4038 | top1=99.27% | top2=99.92%
  Valid | loss=0.4133 | top1=98.44% | top2=99.55% | acc=98.38% | bal_acc=98.59% | macro_f1=0.9847 | weighted_f1=0.9837 | precision_macro=0.9837 | recall_macro=0.9859
        ovr_roc_auc_macro=0.9981 | ovr_pr_auc_macro=0.9968
  -> best macro_f1 updated to 0.9847 (epoch 11, val_loss=0.4133)
Epoch 12/50 | Time 0m16s
  Train | loss=0.4012 | top1=99.59% | top2=99.88%
  Valid | loss=0.4263 | top1=97.32% | top2=98.44% | acc=97.22% | bal_acc=97.58% | macro_f1=0.9756 | weighted_f1=0.9719 | precision_macro=0.9763 | recall_macro=0.9758
        ovr_roc_auc_macro=0.9952 | ovr_pr_auc_macro=0.9937
Epoch 13/50 | Time 0m16s
  Train | loss=0.4024 | top1=99.43% | top2=99.96%
  Valid | loss=0.4142 | top1=97.99% | top2=99.55% | acc=97.91% | bal_acc=97.96% | macro_f1=0.9774 | weighted_f1=0.9790 | precision_macro=0.9757 | recall_macro=0.9796
        ovr_roc_auc_macro=0.9983 | ovr_pr_auc_macro=0.9962
Epoch 14/50 | Time 0m16s
  Train | loss=0.4010 | top1=99.35% | top2=99.92%
  Valid | loss=0.4110 | top1=98.44% | top2=99.55% | acc=98.38% | bal_acc=98.37% | macro_f1=0.9848 | weighted_f1=0.9837 | precision_macro=0.9859 | recall_macro=0.9837
        ovr_roc_auc_macro=0.9988 | ovr_pr_auc_macro=0.9968
  -> best macro_f1 updated to 0.9848 (epoch 14, val_loss=0.4110)
Epoch 15/50 | Time 0m16s
  Train | loss=0.3999 | top1=99.59% | top2=99.92%
  Valid | loss=0.4141 | top1=98.44% | top2=99.55% | acc=98.38% | bal_acc=98.37% | macro_f1=0.9815 | weighted_f1=0.9838 | precision_macro=0.9796 | recall_macro=0.9837
        ovr_roc_auc_macro=0.9968 | ovr_pr_auc_macro=0.9958
Epoch 16/50 | Time 0m16s
  Train | loss=0.4065 | top1=99.08% | top2=99.72%
  Valid | loss=0.4107 | top1=98.66% | top2=99.78% | acc=98.61% | bal_acc=98.79% | macro_f1=0.9879 | weighted_f1=0.9861 | precision_macro=0.9881 | recall_macro=0.9879
        ovr_roc_auc_macro=0.9995 | ovr_pr_auc_macro=0.9987
  -> best macro_f1 updated to 0.9879 (epoch 16, val_loss=0.4107)
Epoch 17/50 | Time 0m16s
  Train | loss=0.4031 | top1=99.31% | top2=99.92%
  Valid | loss=0.4026 | top1=99.11% | top2=100.00% | acc=99.07% | bal_acc=99.19% | macro_f1=0.9920 | weighted_f1=0.9907 | precision_macro=0.9920 | recall_macro=0.9919
        ovr_roc_auc_macro=0.9998 | ovr_pr_auc_macro=0.9995
  -> best macro_f1 updated to 0.9920 (epoch 17, val_loss=0.4026)
Epoch 18/50 | Time 0m16s
  Train | loss=0.3995 | top1=99.63% | top2=99.92%
  Valid | loss=0.4111 | top1=97.99% | top2=99.55% | acc=97.91% | bal_acc=98.19% | macro_f1=0.9807 | weighted_f1=0.9790 | precision_macro=0.9798 | recall_macro=0.9819
        ovr_roc_auc_macro=0.9982 | ovr_pr_auc_macro=0.9976
Epoch 19/50 | Time 0m16s
  Train | loss=0.4002 | top1=99.49% | top2=99.92%
  Valid | loss=0.4088 | top1=98.66% | top2=99.78% | acc=98.61% | bal_acc=98.79% | macro_f1=0.9879 | weighted_f1=0.9860 | precision_macro=0.9880 | recall_macro=0.9879
        ovr_roc_auc_macro=0.9984 | ovr_pr_auc_macro=0.9977
Epoch 20/50 | Time 0m16s
  Train | loss=0.3992 | top1=99.45% | top2=99.92%
  Valid | loss=0.4103 | top1=99.11% | top2=99.33% | acc=99.07% | bal_acc=99.19% | macro_f1=0.9919 | weighted_f1=0.9907 | precision_macro=0.9921 | recall_macro=0.9919
        ovr_roc_auc_macro=0.9975 | ovr_pr_auc_macro=0.9973
Epoch 21/50 | Time 0m16s
  Train | loss=0.3973 | top1=99.88% | top2=100.00%
  Valid | loss=0.4126 | top1=98.21% | top2=99.11% | acc=98.14% | bal_acc=98.39% | macro_f1=0.9806 | weighted_f1=0.9814 | precision_macro=0.9778 | recall_macro=0.9839
        ovr_roc_auc_macro=0.9976 | ovr_pr_auc_macro=0.9969
Epoch 22/50 | Time 0m16s
  Train | loss=0.3979 | top1=99.84% | top2=99.96%
  Valid | loss=0.4099 | top1=98.66% | top2=99.55% | acc=98.61% | bal_acc=98.79% | macro_f1=0.9879 | weighted_f1=0.9860 | precision_macro=0.9880 | recall_macro=0.9879
        ovr_roc_auc_macro=0.9975 | ovr_pr_auc_macro=0.9973
Epoch 23/50 | Time 0m16s
  Train | loss=0.3957 | top1=99.92% | top2=100.00%
  Valid | loss=0.4086 | top1=98.66% | top2=99.55% | acc=98.61% | bal_acc=98.57% | macro_f1=0.9846 | weighted_f1=0.9861 | precision_macro=0.9836 | recall_macro=0.9857
        ovr_roc_auc_macro=0.9974 | ovr_pr_auc_macro=0.9972
Epoch 24/50 | Time 0m16s
  Train | loss=0.3956 | top1=99.84% | top2=100.00%
  Valid | loss=0.4068 | top1=99.11% | top2=99.55% | acc=99.07% | bal_acc=98.97% | macro_f1=0.9908 | weighted_f1=0.9907 | precision_macro=0.9920 | recall_macro=0.9897
        ovr_roc_auc_macro=0.9975 | ovr_pr_auc_macro=0.9973
Epoch 25/50 | Time 0m16s
  Train | loss=0.3953 | top1=100.00% | top2=100.00%
  Valid | loss=0.4071 | top1=98.66% | top2=99.55% | acc=98.61% | bal_acc=98.57% | macro_f1=0.9856 | weighted_f1=0.9860 | precision_macro=0.9857 | recall_macro=0.9857
        ovr_roc_auc_macro=0.9975 | ovr_pr_auc_macro=0.9974
Epoch 26/50 | Time 0m16s
  Train | loss=0.3951 | top1=99.96% | top2=100.00%
  Valid | loss=0.4070 | top1=98.44% | top2=99.78% | acc=98.38% | bal_acc=98.37% | macro_f1=0.9826 | weighted_f1=0.9837 | precision_macro=0.9815 | recall_macro=0.9837
        ovr_roc_auc_macro=0.9986 | ovr_pr_auc_macro=0.9983
Epoch 27/50 | Time 0m16s
  Train | loss=0.3947 | top1=99.96% | top2=100.00%
  Valid | loss=0.4052 | top1=99.33% | top2=99.55% | acc=99.30% | bal_acc=99.40% | macro_f1=0.9939 | weighted_f1=0.9930 | precision_macro=0.9940 | recall_macro=0.9940
        ovr_roc_auc_macro=0.9987 | ovr_pr_auc_macro=0.9985
  -> best macro_f1 updated to 0.9939 (epoch 27, val_loss=0.4052)
Epoch 28/50 | Time 0m16s
  Train | loss=0.3946 | top1=99.96% | top2=100.00%
  Valid | loss=0.4058 | top1=99.11% | top2=99.55% | acc=99.07% | bal_acc=99.19% | macro_f1=0.9908 | weighted_f1=0.9907 | precision_macro=0.9898 | recall_macro=0.9919
        ovr_roc_auc_macro=0.9975 | ovr_pr_auc_macro=0.9975
Epoch 29/50 | Time 0m16s
  Train | loss=0.3950 | top1=99.92% | top2=100.00%
  Valid | loss=0.4073 | top1=98.88% | top2=99.55% | acc=98.84% | bal_acc=98.99% | macro_f1=0.9888 | weighted_f1=0.9884 | precision_macro=0.9879 | recall_macro=0.9899
        ovr_roc_auc_macro=0.9975 | ovr_pr_auc_macro=0.9974
Epoch 30/50 | Time 0m16s
  Train | loss=0.3940 | top1=100.00% | top2=100.00%
  Valid | loss=0.4066 | top1=98.88% | top2=99.55% | acc=98.84% | bal_acc=98.99% | macro_f1=0.9877 | weighted_f1=0.9884 | precision_macro=0.9858 | recall_macro=0.9899
        ovr_roc_auc_macro=0.9983 | ovr_pr_auc_macro=0.9979
Epoch 31/50 | Time 0m16s
  Train | loss=0.3947 | top1=100.00% | top2=100.00%
  Valid | loss=0.4091 | top1=98.66% | top2=99.55% | acc=98.61% | bal_acc=98.79% | macro_f1=0.9847 | weighted_f1=0.9861 | precision_macro=0.9819 | recall_macro=0.9879
        ovr_roc_auc_macro=0.9977 | ovr_pr_auc_macro=0.9975
Epoch 32/50 | Time 0m16s
  Train | loss=0.3947 | top1=100.00% | top2=100.00%
  Valid | loss=0.4046 | top1=99.33% | top2=99.55% | acc=99.30% | bal_acc=99.40% | macro_f1=0.9939 | weighted_f1=0.9930 | precision_macro=0.9940 | recall_macro=0.9940
        ovr_roc_auc_macro=0.9987 | ovr_pr_auc_macro=0.9986
  -> best macro_f1 updated to 0.9939 (epoch 32, val_loss=0.4046)
Epoch 33/50 | Time 0m16s
  Train | loss=0.3947 | top1=100.00% | top2=100.00%
  Valid | loss=0.4045 | top1=98.88% | top2=99.78% | acc=98.84% | bal_acc=98.77% | macro_f1=0.9888 | weighted_f1=0.9884 | precision_macro=0.9900 | recall_macro=0.9877
        ovr_roc_auc_macro=0.9987 | ovr_pr_auc_macro=0.9986
Epoch 34/50 | Time 0m16s
  Train | loss=0.3946 | top1=100.00% | top2=100.00%
  Valid | loss=0.4046 | top1=98.66% | top2=99.78% | acc=98.61% | bal_acc=98.79% | macro_f1=0.9857 | weighted_f1=0.9861 | precision_macro=0.9837 | recall_macro=0.9879
        ovr_roc_auc_macro=0.9987 | ovr_pr_auc_macro=0.9986
Epoch 35/50 | Time 0m16s
  Train | loss=0.3945 | top1=100.00% | top2=100.00%
  Valid | loss=0.4044 | top1=99.33% | top2=99.78% | acc=99.30% | bal_acc=99.40% | macro_f1=0.9939 | weighted_f1=0.9930 | precision_macro=0.9940 | recall_macro=0.9940
        ovr_roc_auc_macro=0.9987 | ovr_pr_auc_macro=0.9986
  -> best macro_f1 updated to 0.9939 (epoch 35, val_loss=0.4044)
Epoch 36/50 | Time 0m16s
  Train | loss=0.3942 | top1=100.00% | top2=100.00%
  Valid | loss=0.4046 | top1=98.88% | top2=99.78% | acc=98.84% | bal_acc=98.99% | macro_f1=0.9888 | weighted_f1=0.9884 | precision_macro=0.9878 | recall_macro=0.9899
        ovr_roc_auc_macro=0.9987 | ovr_pr_auc_macro=0.9986
Epoch 37/50 | Time 0m16s
  Train | loss=0.3943 | top1=99.96% | top2=100.00%
  Valid | loss=0.4066 | top1=98.66% | top2=99.78% | acc=98.61% | bal_acc=98.79% | macro_f1=0.9846 | weighted_f1=0.9861 | precision_macro=0.9819 | recall_macro=0.9879
        ovr_roc_auc_macro=0.9987 | ovr_pr_auc_macro=0.9987
Epoch 38/50 | Time 0m16s
  Train | loss=0.3947 | top1=99.96% | top2=100.00%
  Valid | loss=0.4044 | top1=99.11% | top2=99.78% | acc=99.07% | bal_acc=98.97% | macro_f1=0.9908 | weighted_f1=0.9907 | precision_macro=0.9920 | recall_macro=0.9897
        ovr_roc_auc_macro=0.9987 | ovr_pr_auc_macro=0.9985
Epoch 39/50 | Time 0m16s
  Train | loss=0.3951 | top1=99.96% | top2=100.00%
  Valid | loss=0.4049 | top1=99.11% | top2=99.55% | acc=99.07% | bal_acc=98.97% | macro_f1=0.9908 | weighted_f1=0.9907 | precision_macro=0.9920 | recall_macro=0.9897
        ovr_roc_auc_macro=0.9987 | ovr_pr_auc_macro=0.9987
Epoch 40/50 | Time 0m16s
  Train | loss=0.3946 | top1=100.00% | top2=100.00%
  Valid | loss=0.4040 | top1=98.88% | top2=99.78% | acc=98.84% | bal_acc=98.99% | macro_f1=0.9899 | weighted_f1=0.9884 | precision_macro=0.9900 | recall_macro=0.9899
        ovr_roc_auc_macro=0.9987 | ovr_pr_auc_macro=0.9986
Epoch 41/50 | Time 0m16s
  Train | loss=0.3943 | top1=100.00% | top2=100.00%
  Valid | loss=0.4051 | top1=99.11% | top2=99.55% | acc=99.07% | bal_acc=98.97% | macro_f1=0.9908 | weighted_f1=0.9907 | precision_macro=0.9920 | recall_macro=0.9897
        ovr_roc_auc_macro=0.9987 | ovr_pr_auc_macro=0.9985
Epoch 42/50 | Time 0m16s
  Train | loss=0.3939 | top1=100.00% | top2=100.00%
  Valid | loss=0.4046 | top1=99.11% | top2=99.78% | acc=99.07% | bal_acc=98.97% | macro_f1=0.9908 | weighted_f1=0.9907 | precision_macro=0.9920 | recall_macro=0.9897
        ovr_roc_auc_macro=0.9987 | ovr_pr_auc_macro=0.9986
Epoch 43/50 | Time 0m16s
  Train | loss=0.3939 | top1=100.00% | top2=100.00%
  Valid | loss=0.4033 | top1=99.33% | top2=99.78% | acc=99.30% | bal_acc=99.40% | macro_f1=0.9939 | weighted_f1=0.9930 | precision_macro=0.9940 | recall_macro=0.9940
        ovr_roc_auc_macro=0.9987 | ovr_pr_auc_macro=0.9986
  -> best macro_f1 updated to 0.9939 (epoch 43, val_loss=0.4033)
Epoch 44/50 | Time 0m16s
  Train | loss=0.3945 | top1=100.00% | top2=100.00%
  Valid | loss=0.4051 | top1=99.11% | top2=99.55% | acc=99.07% | bal_acc=98.97% | macro_f1=0.9908 | weighted_f1=0.9907 | precision_macro=0.9920 | recall_macro=0.9897
        ovr_roc_auc_macro=0.9986 | ovr_pr_auc_macro=0.9983
Epoch 45/50 | Time 0m16s
  Train | loss=0.3940 | top1=100.00% | top2=100.00%
  Valid | loss=0.4044 | top1=99.11% | top2=99.78% | acc=99.07% | bal_acc=98.97% | macro_f1=0.9908 | weighted_f1=0.9907 | precision_macro=0.9920 | recall_macro=0.9897
        ovr_roc_auc_macro=0.9987 | ovr_pr_auc_macro=0.9985
Epoch 46/50 | Time 0m16s
  Train | loss=0.3945 | top1=100.00% | top2=100.00%
  Valid | loss=0.4048 | top1=99.11% | top2=99.55% | acc=99.07% | bal_acc=98.97% | macro_f1=0.9908 | weighted_f1=0.9907 | precision_macro=0.9920 | recall_macro=0.9897
        ovr_roc_auc_macro=0.9987 | ovr_pr_auc_macro=0.9985
Epoch 47/50 | Time 0m16s
  Train | loss=0.3945 | top1=100.00% | top2=100.00%
  Valid | loss=0.4045 | top1=99.33% | top2=99.55% | acc=99.30% | bal_acc=99.40% | macro_f1=0.9939 | weighted_f1=0.9930 | precision_macro=0.9940 | recall_macro=0.9940
        ovr_roc_auc_macro=0.9987 | ovr_pr_auc_macro=0.9986
Epoch 48/50 | Time 0m16s
  Train | loss=0.3945 | top1=100.00% | top2=100.00%
  Valid | loss=0.4050 | top1=99.11% | top2=99.55% | acc=99.07% | bal_acc=98.97% | macro_f1=0.9908 | weighted_f1=0.9907 | precision_macro=0.9920 | recall_macro=0.9897
        ovr_roc_auc_macro=0.9987 | ovr_pr_auc_macro=0.9985
Epoch 49/50 | Time 0m16s
  Train | loss=0.3945 | top1=100.00% | top2=100.00%
  Valid | loss=0.4038 | top1=99.11% | top2=99.78% | acc=99.07% | bal_acc=98.97% | macro_f1=0.9908 | weighted_f1=0.9907 | precision_macro=0.9920 | recall_macro=0.9897
        ovr_roc_auc_macro=0.9987 | ovr_pr_auc_macro=0.9987
Epoch 50/50 | Time 0m16s
  Train | loss=0.3941 | top1=100.00% | top2=100.00%
  Valid | loss=0.4038 | top1=99.33% | top2=99.55% | acc=99.30% | bal_acc=99.40% | macro_f1=0.9939 | weighted_f1=0.9930 | precision_macro=0.9940 | recall_macro=0.9940
        ovr_roc_auc_macro=0.9987 | ovr_pr_auc_macro=0.9987

[TEST] loss=dast
  Test | loss=0.6223 | top1=81.49% | top2=88.46% | acc=80.46% | bal_acc=79.99% | macro_f1=0.7849 | weighted_f1=0.7773 | precision_macro=0.8696 | recall_macro=0.7999
        ovr_roc_auc_macro=0.9386 | ovr_pr_auc_macro=0.8657
  Confusion Matrix:
[[ 33  52  15   0]
 [  1 114   0   0]
 [  0   0 105   0]
 [  0   3   6  65]]
  Classification Report:
                  precision    recall  f1-score   support

    glioma_tumor     0.9706    0.3300    0.4925       100
meningioma_tumor     0.6746    0.9913    0.8028       115
        no_tumor     0.8333    1.0000    0.9091       105
 pituitary_tumor     1.0000    0.8784    0.9353        74

        accuracy                         0.8046       394
       macro avg     0.8696    0.7999    0.7849       394
    weighted avg     0.8531    0.8046    0.7773       394


##########################################################################################
Starting loss: pcol
##########################################################################################
Model params: 85,402,181 | pretrained loaded: 320/361 | feat_dim=2048
Criterion: PrototypeConsistencyOrdinalLoss
Criterion trainable params: 8,192
Epoch 01/50 | Time 0m16s
  Train | loss=0.9930 | top1=69.90% | top2=88.45%
  Valid | loss=0.4800 | top1=86.52% | top2=99.33% | acc=86.77% | bal_acc=87.40% | macro_f1=0.8678 | weighted_f1=0.8684 | precision_macro=0.8680 | recall_macro=0.8740
        ovr_roc_auc_macro=0.9707 | ovr_pr_auc_macro=0.9145
  -> best macro_f1 updated to 0.8678 (epoch 1, val_loss=0.4800)
Epoch 02/50 | Time 0m16s
  Train | loss=0.3466 | top1=89.25% | top2=98.50%
  Valid | loss=0.2137 | top1=94.20% | top2=100.00% | acc=93.97% | bal_acc=94.54% | macro_f1=0.9404 | weighted_f1=0.9389 | precision_macro=0.9398 | recall_macro=0.9454
        ovr_roc_auc_macro=0.9956 | ovr_pr_auc_macro=0.9867
  -> best macro_f1 updated to 0.9404 (epoch 2, val_loss=0.2137)
Epoch 03/50 | Time 0m16s
  Train | loss=0.2230 | top1=93.61% | top2=99.35%
  Valid | loss=0.1951 | top1=94.58% | top2=99.78% | acc=94.90% | bal_acc=95.12% | macro_f1=0.9500 | weighted_f1=0.9488 | precision_macro=0.9501 | recall_macro=0.9512
        ovr_roc_auc_macro=0.9961 | ovr_pr_auc_macro=0.9912
  -> best macro_f1 updated to 0.9500 (epoch 3, val_loss=0.1951)
Epoch 04/50 | Time 0m16s
  Train | loss=0.1895 | top1=93.85% | top2=99.12%
  Valid | loss=0.1600 | top1=95.51% | top2=100.00% | acc=95.59% | bal_acc=96.17% | macro_f1=0.9599 | weighted_f1=0.9563 | precision_macro=0.9605 | recall_macro=0.9617
        ovr_roc_auc_macro=0.9971 | ovr_pr_auc_macro=0.9940
  -> best macro_f1 updated to 0.9599 (epoch 4, val_loss=0.1600)
Epoch 05/50 | Time 0m16s
  Train | loss=0.1246 | top1=96.35% | top2=99.72%
  Valid | loss=0.1891 | top1=94.58% | top2=99.55% | acc=94.90% | bal_acc=94.90% | macro_f1=0.9511 | weighted_f1=0.9490 | precision_macro=0.9554 | recall_macro=0.9490
        ovr_roc_auc_macro=0.9955 | ovr_pr_auc_macro=0.9906
Epoch 06/50 | Time 0m16s
  Train | loss=0.1006 | top1=97.01% | top2=99.88%
  Valid | loss=0.1269 | top1=95.48% | top2=99.78% | acc=95.82% | bal_acc=96.15% | macro_f1=0.9619 | weighted_f1=0.9587 | precision_macro=0.9648 | recall_macro=0.9615
        ovr_roc_auc_macro=0.9988 | ovr_pr_auc_macro=0.9966
  -> best macro_f1 updated to 0.9619 (epoch 6, val_loss=0.1269)
Epoch 07/50 | Time 0m16s
  Train | loss=0.0885 | top1=97.26% | top2=99.65%
  Valid | loss=0.1796 | top1=93.69% | top2=99.55% | acc=93.97% | bal_acc=93.65% | macro_f1=0.9318 | weighted_f1=0.9400 | precision_macro=0.9299 | recall_macro=0.9365
        ovr_roc_auc_macro=0.9961 | ovr_pr_auc_macro=0.9843
Epoch 08/50 | Time 0m16s
  Train | loss=0.0501 | top1=98.54% | top2=99.88%
  Valid | loss=0.0978 | top1=97.29% | top2=99.78% | acc=97.45% | bal_acc=97.34% | macro_f1=0.9757 | weighted_f1=0.9746 | precision_macro=0.9793 | recall_macro=0.9734
        ovr_roc_auc_macro=0.9995 | ovr_pr_auc_macro=0.9986
  -> best macro_f1 updated to 0.9757 (epoch 8, val_loss=0.0978)
Epoch 09/50 | Time 0m16s
  Train | loss=0.0357 | top1=99.03% | top2=99.96%
  Valid | loss=0.0965 | top1=97.10% | top2=99.78% | acc=96.98% | bal_acc=97.38% | macro_f1=0.9717 | weighted_f1=0.9699 | precision_macro=0.9711 | recall_macro=0.9738
        ovr_roc_auc_macro=0.9990 | ovr_pr_auc_macro=0.9977
Epoch 10/50 | Time 0m16s
  Train | loss=0.0375 | top1=99.33% | top2=99.96%
  Valid | loss=0.0376 | top1=98.44% | top2=99.78% | acc=98.38% | bal_acc=98.59% | macro_f1=0.9827 | weighted_f1=0.9838 | precision_macro=0.9798 | recall_macro=0.9859
        ovr_roc_auc_macro=0.9998 | ovr_pr_auc_macro=0.9996
  -> best macro_f1 updated to 0.9827 (epoch 10, val_loss=0.0376)
Epoch 11/50 | Time 0m16s
  Train | loss=0.0337 | top1=99.23% | top2=100.00%
  Valid | loss=0.0437 | top1=99.11% | top2=99.78% | acc=99.07% | bal_acc=99.19% | macro_f1=0.9908 | weighted_f1=0.9907 | precision_macro=0.9899 | recall_macro=0.9919
        ovr_roc_auc_macro=0.9997 | ovr_pr_auc_macro=0.9994
  -> best macro_f1 updated to 0.9908 (epoch 11, val_loss=0.0437)
Epoch 12/50 | Time 0m16s
  Train | loss=0.0332 | top1=99.11% | top2=99.92%
  Valid | loss=0.0356 | top1=98.88% | top2=99.78% | acc=98.84% | bal_acc=98.99% | macro_f1=0.9877 | weighted_f1=0.9884 | precision_macro=0.9857 | recall_macro=0.9899
        ovr_roc_auc_macro=0.9998 | ovr_pr_auc_macro=0.9996
Epoch 13/50 | Time 0m16s
  Train | loss=0.0170 | top1=99.55% | top2=100.00%
  Valid | loss=0.0214 | top1=99.33% | top2=100.00% | acc=99.30% | bal_acc=99.17% | macro_f1=0.9929 | weighted_f1=0.9931 | precision_macro=0.9941 | recall_macro=0.9917
        ovr_roc_auc_macro=1.0000 | ovr_pr_auc_macro=0.9999
  -> best macro_f1 updated to 0.9929 (epoch 13, val_loss=0.0214)
Epoch 14/50 | Time 0m16s
  Train | loss=0.0223 | top1=99.31% | top2=100.00%
  Valid | loss=0.0658 | top1=98.44% | top2=100.00% | acc=98.38% | bal_acc=98.59% | macro_f1=0.9847 | weighted_f1=0.9837 | precision_macro=0.9840 | recall_macro=0.9859
        ovr_roc_auc_macro=0.9990 | ovr_pr_auc_macro=0.9979
Epoch 15/50 | Time 0m16s
  Train | loss=0.0260 | top1=99.35% | top2=99.96%
  Valid | loss=0.0466 | top1=98.41% | top2=100.00% | acc=98.61% | bal_acc=98.57% | macro_f1=0.9868 | weighted_f1=0.9861 | precision_macro=0.9880 | recall_macro=0.9857
        ovr_roc_auc_macro=0.9997 | ovr_pr_auc_macro=0.9993
Epoch 16/50 | Time 0m16s
  Train | loss=0.0101 | top1=99.80% | top2=99.96%
  Valid | loss=0.0300 | top1=99.11% | top2=100.00% | acc=99.07% | bal_acc=99.19% | macro_f1=0.9898 | weighted_f1=0.9907 | precision_macro=0.9878 | recall_macro=0.9919
        ovr_roc_auc_macro=0.9999 | ovr_pr_auc_macro=0.9997
Epoch 17/50 | Time 0m16s
  Train | loss=0.0128 | top1=99.68% | top2=100.00%
  Valid | loss=0.0317 | top1=98.66% | top2=99.78% | acc=98.61% | bal_acc=98.79% | macro_f1=0.9857 | weighted_f1=0.9861 | precision_macro=0.9837 | recall_macro=0.9879
        ovr_roc_auc_macro=0.9999 | ovr_pr_auc_macro=0.9997
Epoch 18/50 | Time 0m16s
  Train | loss=0.0106 | top1=99.84% | top2=100.00%
  Valid | loss=0.0289 | top1=99.55% | top2=99.78% | acc=99.54% | bal_acc=99.60% | macro_f1=0.9949 | weighted_f1=0.9954 | precision_macro=0.9938 | recall_macro=0.9960
        ovr_roc_auc_macro=0.9999 | ovr_pr_auc_macro=0.9997
  -> best macro_f1 updated to 0.9949 (epoch 18, val_loss=0.0289)
Epoch 19/50 | Time 0m16s
  Train | loss=0.0063 | top1=99.88% | top2=100.00%
  Valid | loss=0.0561 | top1=98.44% | top2=99.78% | acc=98.38% | bal_acc=98.37% | macro_f1=0.9836 | weighted_f1=0.9837 | precision_macro=0.9837 | recall_macro=0.9837
        ovr_roc_auc_macro=0.9996 | ovr_pr_auc_macro=0.9991
Epoch 20/50 | Time 0m16s
  Train | loss=0.0068 | top1=99.81% | top2=100.00%
  Valid | loss=0.0306 | top1=99.33% | top2=100.00% | acc=99.30% | bal_acc=99.17% | macro_f1=0.9928 | weighted_f1=0.9930 | precision_macro=0.9940 | recall_macro=0.9917
        ovr_roc_auc_macro=0.9998 | ovr_pr_auc_macro=0.9995
Epoch 21/50 | Time 0m16s
  Train | loss=0.0559 | top1=98.62% | top2=99.84%
  Valid | loss=0.0343 | top1=98.66% | top2=99.78% | acc=98.61% | bal_acc=98.79% | macro_f1=0.9867 | weighted_f1=0.9860 | precision_macro=0.9860 | recall_macro=0.9879
        ovr_roc_auc_macro=0.9999 | ovr_pr_auc_macro=0.9998
Epoch 22/50 | Time 0m16s
  Train | loss=0.0096 | top1=99.84% | top2=100.00%
  Valid | loss=0.0229 | top1=99.33% | top2=99.78% | acc=99.30% | bal_acc=99.17% | macro_f1=0.9928 | weighted_f1=0.9930 | precision_macro=0.9940 | recall_macro=0.9917
        ovr_roc_auc_macro=0.9998 | ovr_pr_auc_macro=0.9997
Epoch 23/50 | Time 0m16s
  Train | loss=0.0194 | top1=99.39% | top2=99.92%
  Valid | loss=0.0286 | top1=99.11% | top2=99.78% | acc=99.07% | bal_acc=99.19% | macro_f1=0.9908 | weighted_f1=0.9907 | precision_macro=0.9899 | recall_macro=0.9919
        ovr_roc_auc_macro=0.9999 | ovr_pr_auc_macro=0.9998
Epoch 24/50 | Time 0m16s
  Train | loss=0.0140 | top1=99.68% | top2=100.00%
  Valid | loss=0.0290 | top1=99.55% | top2=99.78% | acc=99.54% | bal_acc=99.60% | macro_f1=0.9960 | weighted_f1=0.9954 | precision_macro=0.9960 | recall_macro=0.9960
        ovr_roc_auc_macro=0.9999 | ovr_pr_auc_macro=0.9997
  -> best macro_f1 updated to 0.9960 (epoch 24, val_loss=0.0290)
Epoch 25/50 | Time 0m16s
  Train | loss=0.0065 | top1=99.96% | top2=100.00%
  Valid | loss=0.0203 | top1=99.33% | top2=100.00% | acc=99.30% | bal_acc=99.40% | macro_f1=0.9939 | weighted_f1=0.9930 | precision_macro=0.9940 | recall_macro=0.9940
        ovr_roc_auc_macro=0.9999 | ovr_pr_auc_macro=0.9999
Epoch 26/50 | Time 0m16s
  Train | loss=0.0154 | top1=99.55% | top2=99.96%
  Valid | loss=0.0288 | top1=99.33% | top2=99.78% | acc=99.30% | bal_acc=99.40% | macro_f1=0.9939 | weighted_f1=0.9930 | precision_macro=0.9940 | recall_macro=0.9940
        ovr_roc_auc_macro=0.9999 | ovr_pr_auc_macro=0.9997
Epoch 27/50 | Time 0m16s
  Train | loss=0.0071 | top1=99.84% | top2=100.00%
  Valid | loss=0.0332 | top1=98.44% | top2=100.00% | acc=98.38% | bal_acc=98.59% | macro_f1=0.9837 | weighted_f1=0.9837 | precision_macro=0.9818 | recall_macro=0.9859
        ovr_roc_auc_macro=0.9999 | ovr_pr_auc_macro=0.9998
Epoch 28/50 | Time 0m16s
  Train | loss=0.0032 | top1=99.96% | top2=100.00%
  Valid | loss=0.0320 | top1=98.66% | top2=99.78% | acc=98.61% | bal_acc=98.79% | macro_f1=0.9868 | weighted_f1=0.9860 | precision_macro=0.9859 | recall_macro=0.9879
        ovr_roc_auc_macro=0.9999 | ovr_pr_auc_macro=0.9998
Epoch 29/50 | Time 0m16s
  Train | loss=0.0079 | top1=99.65% | top2=99.81%
  Valid | loss=0.0330 | top1=98.88% | top2=99.78% | acc=98.84% | bal_acc=98.99% | macro_f1=0.9888 | weighted_f1=0.9884 | precision_macro=0.9879 | recall_macro=0.9899
        ovr_roc_auc_macro=0.9999 | ovr_pr_auc_macro=0.9997
Epoch 30/50 | Time 0m16s
  Train | loss=0.0074 | top1=99.88% | top2=100.00%
  Valid | loss=0.0408 | top1=99.11% | top2=99.78% | acc=99.07% | bal_acc=99.19% | macro_f1=0.9908 | weighted_f1=0.9907 | precision_macro=0.9898 | recall_macro=0.9919
        ovr_roc_auc_macro=0.9999 | ovr_pr_auc_macro=0.9998
Epoch 31/50 | Time 0m16s
  Train | loss=0.0054 | top1=99.84% | top2=100.00%
  Valid | loss=0.0505 | top1=98.41% | top2=99.78% | acc=98.61% | bal_acc=98.79% | macro_f1=0.9867 | weighted_f1=0.9860 | precision_macro=0.9858 | recall_macro=0.9879
        ovr_roc_auc_macro=0.9999 | ovr_pr_auc_macro=0.9995
Epoch 32/50 | Time 0m16s
  Train | loss=0.0032 | top1=100.00% | top2=100.00%
  Valid | loss=0.0226 | top1=99.33% | top2=99.78% | acc=99.30% | bal_acc=99.40% | macro_f1=0.9928 | weighted_f1=0.9930 | precision_macro=0.9918 | recall_macro=0.9940
        ovr_roc_auc_macro=0.9999 | ovr_pr_auc_macro=0.9999
Epoch 33/50 | Time 0m16s
  Train | loss=0.0064 | top1=99.88% | top2=100.00%
  Valid | loss=0.0272 | top1=99.11% | top2=100.00% | acc=99.07% | bal_acc=99.19% | macro_f1=0.9920 | weighted_f1=0.9907 | precision_macro=0.9920 | recall_macro=0.9919
        ovr_roc_auc_macro=0.9999 | ovr_pr_auc_macro=0.9997
Epoch 34/50 | Time 0m16s
  Train | loss=0.0029 | top1=99.96% | top2=100.00%
  Valid | loss=0.0279 | top1=99.33% | top2=100.00% | acc=99.30% | bal_acc=99.40% | macro_f1=0.9940 | weighted_f1=0.9930 | precision_macro=0.9940 | recall_macro=0.9940
        ovr_roc_auc_macro=0.9999 | ovr_pr_auc_macro=0.9997
  -> early stopping triggered at epoch 34

[TEST] loss=pcol
  Test | loss=1.2249 | top1=81.49% | top2=89.90% | acc=80.46% | bal_acc=79.99% | macro_f1=0.7834 | weighted_f1=0.7764 | precision_macro=0.8656 | recall_macro=0.7999
        ovr_roc_auc_macro=0.9544 | ovr_pr_auc_macro=0.8948
  Confusion Matrix:
[[ 33  49  17   1]
 [  1 114   0   0]
 [  0   0 105   0]
 [  0   3   6  65]]
  Classification Report:
                  precision    recall  f1-score   support

    glioma_tumor     0.9706    0.3300    0.4925       100
meningioma_tumor     0.6867    0.9913    0.8114       115
        no_tumor     0.8203    1.0000    0.9013       105
 pituitary_tumor     0.9848    0.8784    0.9286        74

        accuracy                         0.8046       394
       macro avg     0.8656    0.7999    0.7834       394
    weighted avg     0.8504    0.8046    0.7764       394


##########################################################################################
Starting loss: aom
##########################################################################################
Model params: 85,402,181 | pretrained loaded: 320/361 | feat_dim=2048
Criterion: AdaptiveOrdinalMarginLoss
Criterion trainable params: 0
Epoch 01/50 | Time 0m16s
  Train | loss=0.9412 | top1=66.15% | top2=86.69%
  Valid | loss=0.4704 | top1=84.76% | top2=99.78% | acc=84.69% | bal_acc=86.03% | macro_f1=0.8566 | weighted_f1=0.8507 | precision_macro=0.8684 | recall_macro=0.8603
        ovr_roc_auc_macro=0.9678 | ovr_pr_auc_macro=0.9173
  -> best macro_f1 updated to 0.8566 (epoch 1, val_loss=0.4704)
Epoch 02/50 | Time 0m16s
  Train | loss=0.3021 | top1=88.49% | top2=98.66%
  Valid | loss=0.2075 | top1=92.83% | top2=99.55% | acc=92.81% | bal_acc=93.31% | macro_f1=0.9276 | weighted_f1=0.9278 | precision_macro=0.9249 | recall_macro=0.9331
        ovr_roc_auc_macro=0.9894 | ovr_pr_auc_macro=0.9726
  -> best macro_f1 updated to 0.9276 (epoch 2, val_loss=0.2075)
Epoch 03/50 | Time 0m16s
  Train | loss=0.2015 | top1=92.53% | top2=99.31%
  Valid | loss=0.1101 | top1=95.51% | top2=99.55% | acc=95.59% | bal_acc=95.73% | macro_f1=0.9585 | weighted_f1=0.9561 | precision_macro=0.9605 | recall_macro=0.9573
        ovr_roc_auc_macro=0.9976 | ovr_pr_auc_macro=0.9944
  -> best macro_f1 updated to 0.9585 (epoch 3, val_loss=0.1101)
Epoch 04/50 | Time 0m16s
  Train | loss=0.1573 | top1=94.66% | top2=99.27%
  Valid | loss=0.1978 | top1=93.05% | top2=98.88% | acc=93.04% | bal_acc=93.29% | macro_f1=0.9344 | weighted_f1=0.9310 | precision_macro=0.9412 | recall_macro=0.9329
        ovr_roc_auc_macro=0.9963 | ovr_pr_auc_macro=0.9911
Epoch 05/50 | Time 0m16s
  Train | loss=0.1285 | top1=95.33% | top2=99.55%
  Valid | loss=0.0954 | top1=97.74% | top2=99.78% | acc=97.91% | bal_acc=98.19% | macro_f1=0.9796 | weighted_f1=0.9791 | precision_macro=0.9777 | recall_macro=0.9819
        ovr_roc_auc_macro=0.9963 | ovr_pr_auc_macro=0.9920
  -> best macro_f1 updated to 0.9796 (epoch 5, val_loss=0.0954)
Epoch 06/50 | Time 0m16s
  Train | loss=0.0877 | top1=96.97% | top2=99.88%
  Valid | loss=0.1376 | top1=96.65% | top2=99.78% | acc=96.52% | bal_acc=96.31% | macro_f1=0.9666 | weighted_f1=0.9655 | precision_macro=0.9730 | recall_macro=0.9631
        ovr_roc_auc_macro=0.9971 | ovr_pr_auc_macro=0.9938
Epoch 07/50 | Time 0m16s
  Train | loss=0.0635 | top1=97.85% | top2=99.80%
  Valid | loss=0.0505 | top1=97.74% | top2=99.78% | acc=97.91% | bal_acc=97.96% | macro_f1=0.9785 | weighted_f1=0.9791 | precision_macro=0.9780 | recall_macro=0.9796
        ovr_roc_auc_macro=0.9996 | ovr_pr_auc_macro=0.9991
Epoch 08/50 | Time 0m16s
  Train | loss=0.0323 | top1=99.15% | top2=100.00%
  Valid | loss=0.1488 | top1=94.36% | top2=100.00% | acc=94.66% | bal_acc=95.14% | macro_f1=0.9525 | weighted_f1=0.9467 | precision_macro=0.9559 | recall_macro=0.9514
        ovr_roc_auc_macro=0.9976 | ovr_pr_auc_macro=0.9954
Epoch 09/50 | Time 0m16s
  Train | loss=0.0385 | top1=98.78% | top2=99.92%
  Valid | loss=0.0357 | top1=98.44% | top2=100.00% | acc=98.38% | bal_acc=98.59% | macro_f1=0.9837 | weighted_f1=0.9838 | precision_macro=0.9821 | recall_macro=0.9859
        ovr_roc_auc_macro=0.9999 | ovr_pr_auc_macro=0.9998
  -> best macro_f1 updated to 0.9837 (epoch 9, val_loss=0.0357)
Epoch 10/50 | Time 0m16s
  Train | loss=0.0440 | top1=98.66% | top2=99.92%
  Valid | loss=0.0363 | top1=98.66% | top2=100.00% | acc=98.61% | bal_acc=98.57% | macro_f1=0.9857 | weighted_f1=0.9861 | precision_macro=0.9859 | recall_macro=0.9857
        ovr_roc_auc_macro=0.9996 | ovr_pr_auc_macro=0.9990
  -> best macro_f1 updated to 0.9857 (epoch 10, val_loss=0.0363)
Epoch 11/50 | Time 0m16s
  Train | loss=0.0354 | top1=98.88% | top2=100.00%
  Valid | loss=0.0497 | top1=97.74% | top2=100.00% | acc=97.91% | bal_acc=98.19% | macro_f1=0.9819 | weighted_f1=0.9791 | precision_macro=0.9825 | recall_macro=0.9819
        ovr_roc_auc_macro=0.9996 | ovr_pr_auc_macro=0.9991
Epoch 12/50 | Time 0m16s
  Train | loss=0.0489 | top1=98.42% | top2=99.84%
  Valid | loss=0.0507 | top1=97.51% | top2=100.00% | acc=97.68% | bal_acc=97.76% | macro_f1=0.9776 | weighted_f1=0.9767 | precision_macro=0.9777 | recall_macro=0.9776
        ovr_roc_auc_macro=0.9995 | ovr_pr_auc_macro=0.9988
Epoch 13/50 | Time 0m16s
  Train | loss=0.0197 | top1=99.27% | top2=100.00%
  Valid | loss=0.0305 | top1=99.33% | top2=99.78% | acc=99.30% | bal_acc=99.40% | macro_f1=0.9940 | weighted_f1=0.9930 | precision_macro=0.9940 | recall_macro=0.9940
        ovr_roc_auc_macro=0.9996 | ovr_pr_auc_macro=0.9992
  -> best macro_f1 updated to 0.9940 (epoch 13, val_loss=0.0305)
Epoch 14/50 | Time 0m16s
  Train | loss=0.0172 | top1=99.39% | top2=99.96%
  Valid | loss=0.0305 | top1=98.66% | top2=100.00% | acc=98.61% | bal_acc=98.57% | macro_f1=0.9846 | weighted_f1=0.9861 | precision_macro=0.9837 | recall_macro=0.9857
        ovr_roc_auc_macro=0.9998 | ovr_pr_auc_macro=0.9994
Epoch 15/50 | Time 0m16s
  Train | loss=0.0283 | top1=99.03% | top2=99.92%
  Valid | loss=0.0594 | top1=97.99% | top2=100.00% | acc=97.91% | bal_acc=98.19% | macro_f1=0.9775 | weighted_f1=0.9791 | precision_macro=0.9740 | recall_macro=0.9819
        ovr_roc_auc_macro=0.9989 | ovr_pr_auc_macro=0.9970
Epoch 16/50 | Time 0m16s
  Train | loss=0.0315 | top1=99.03% | top2=99.92%
  Valid | loss=0.0222 | top1=99.11% | top2=100.00% | acc=99.07% | bal_acc=99.19% | macro_f1=0.9898 | weighted_f1=0.9907 | precision_macro=0.9878 | recall_macro=0.9919
        ovr_roc_auc_macro=0.9999 | ovr_pr_auc_macro=0.9997
Epoch 17/50 | Time 0m16s
  Train | loss=0.0147 | top1=99.51% | top2=99.96%
  Valid | loss=0.0169 | top1=99.33% | top2=100.00% | acc=99.30% | bal_acc=99.17% | macro_f1=0.9917 | weighted_f1=0.9930 | precision_macro=0.9918 | recall_macro=0.9917
        ovr_roc_auc_macro=0.9999 | ovr_pr_auc_macro=0.9997
Epoch 18/50 | Time 0m16s
  Train | loss=0.0069 | top1=99.65% | top2=100.00%
  Valid | loss=0.0272 | top1=99.11% | top2=100.00% | acc=99.07% | bal_acc=99.19% | macro_f1=0.9909 | weighted_f1=0.9907 | precision_macro=0.9899 | recall_macro=0.9919
        ovr_roc_auc_macro=0.9998 | ovr_pr_auc_macro=0.9996
Epoch 19/50 | Time 0m16s
  Train | loss=0.0232 | top1=99.00% | top2=99.96%
  Valid | loss=0.0670 | top1=98.44% | top2=100.00% | acc=98.38% | bal_acc=98.59% | macro_f1=0.9826 | weighted_f1=0.9838 | precision_macro=0.9799 | recall_macro=0.9859
        ovr_roc_auc_macro=0.9988 | ovr_pr_auc_macro=0.9968
Epoch 20/50 | Time 0m16s
  Train | loss=0.0229 | top1=98.96% | top2=100.00%
  Valid | loss=0.0324 | top1=99.11% | top2=99.78% | acc=99.07% | bal_acc=99.19% | macro_f1=0.9908 | weighted_f1=0.9907 | precision_macro=0.9898 | recall_macro=0.9919
        ovr_roc_auc_macro=0.9997 | ovr_pr_auc_macro=0.9992
Epoch 21/50 | Time 0m16s
  Train | loss=0.0277 | top1=99.35% | top2=99.96%
  Valid | loss=0.0310 | top1=98.21% | top2=100.00% | acc=98.14% | bal_acc=97.94% | macro_f1=0.9794 | weighted_f1=0.9814 | precision_macro=0.9794 | recall_macro=0.9794
        ovr_roc_auc_macro=0.9998 | ovr_pr_auc_macro=0.9994
Epoch 22/50 | Time 0m16s
  Train | loss=0.0081 | top1=99.72% | top2=100.00%
  Valid | loss=0.0223 | top1=98.88% | top2=99.55% | acc=98.84% | bal_acc=98.99% | macro_f1=0.9888 | weighted_f1=0.9883 | precision_macro=0.9879 | recall_macro=0.9899
        ovr_roc_auc_macro=1.0000 | ovr_pr_auc_macro=0.9998
Epoch 23/50 | Time 0m16s
  Train | loss=0.0113 | top1=99.57% | top2=99.92%
  Valid | loss=0.0264 | top1=98.88% | top2=100.00% | acc=98.84% | bal_acc=98.77% | macro_f1=0.9866 | weighted_f1=0.9884 | precision_macro=0.9856 | recall_macro=0.9877
        ovr_roc_auc_macro=0.9999 | ovr_pr_auc_macro=0.9997
  -> early stopping triggered at epoch 23

[TEST] loss=aom
  Test | loss=2.2133 | top1=77.88% | top2=85.58% | acc=76.65% | bal_acc=75.36% | macro_f1=0.7368 | weighted_f1=0.7328 | precision_macro=0.8482 | recall_macro=0.7536
        ovr_roc_auc_macro=0.9435 | ovr_pr_auc_macro=0.8966
  Confusion Matrix:
[[ 28  47  25   0]
 [  1 114   0   0]
 [  0   0 105   0]
 [  0  13   6  55]]
  Classification Report:
                  precision    recall  f1-score   support

    glioma_tumor     0.9655    0.2800    0.4341       100
meningioma_tumor     0.6552    0.9913    0.7889       115
        no_tumor     0.7721    1.0000    0.8714       105
 pituitary_tumor     1.0000    0.7432    0.8527        74

        accuracy                         0.7665       394
       macro avg     0.8482    0.7536    0.7368       394
    weighted avg     0.8299    0.7665    0.7328       394


==========================================================================================
Summary CSV saved: E:\Paper\Computer-Vision-for-Medicine\MRI_Loss\logs\ResNet_layer3+MDFA_20260324_030951_summary.csv
Top results by test_macro_f1:
  dast: macro_f1=0.7849, acc=0.8046, top1=0.8149
  pcol: macro_f1=0.7834, acc=0.8046, top1=0.8149
  sce: macro_f1=0.7806, acc=0.8020, top1=0.8125
  cb_focal_ce: macro_f1=0.7761, acc=0.8020, top1=0.8125
  gce: macro_f1=0.7644, acc=0.7893, top1=0.8005
  aom: macro_f1=0.7368, acc=0.7665, top1=0.7788
  ordinal_focal_mse: macro_f1=0.7035, acc=0.7437, top1=0.7572
==========================================================================================

EXIT CODE: 0
END TIME: 2026-03-24T04:16:30
====================================================================================================
