
====================================================================================================
RUN SCRIPT: ResNet_layer2+MECS.py
LOSSES: default
START TIME: 2026-03-24T06:11:07
LOG FILE: E:\Paper\Computer-Vision-for-Medicine\MRI_Loss\batch_logs\ResNet_layer2+MECS_20260324_061107.log
====================================================================================================
==========================================================================================
Script: ResNet_layer2+MECS
Module: MECS | Insert after: layer2
Device: cuda
CUDA: NVIDIA GeForce RTX 4080 SUPER
Train dir: E:\Paper\Computer-Vision-for-Medicine\MRI\Training
Test dir : E:\Paper\Computer-Vision-for-Medicine\MRI\Testing
Config | batch_size=32, epochs=50, num_workers=0, image_size=224, base_lr=0.001, val_ratio=0.15, patience=10
Losses to run: ['cb_focal_ce', 'ordinal_focal_mse', 'sce', 'gce', 'dast', 'pcol', 'aom']
==========================================================================================
Split sizes | train=2439, valid=431, test=394
Classes (4): ['glioma_tumor', 'meningioma_tumor', 'no_tumor', 'pituitary_tumor']
Train class counts: [702, 698, 336, 703]
Loading torchvision ResNet50 pretrained weights once...
Pretrained state keys: 320

##########################################################################################
Starting loss: cb_focal_ce
##########################################################################################
Model params: 24,492,228 | pretrained loaded: 320/344 | feat_dim=2048
Criterion: ClassBalancedFocalCELoss
Criterion trainable params: 0
Epoch 01/50 | Time 0m14s
  Train | loss=0.6643 | top1=44.35% | top2=69.40%
  Valid | loss=0.6151 | top1=55.65% | top2=80.55% | acc=55.22% | bal_acc=58.42% | macro_f1=0.5631 | weighted_f1=0.5509 | precision_macro=0.5666 | recall_macro=0.5842
        ovr_roc_auc_macro=0.7922 | ovr_pr_auc_macro=0.5772
  -> best macro_f1 updated to 0.5631 (epoch 1, val_loss=0.6151)
Epoch 02/50 | Time 0m13s
  Train | loss=0.3740 | top1=70.95% | top2=90.83%
  Valid | loss=0.2312 | top1=77.17% | top2=96.65% | acc=76.80% | bal_acc=78.73% | macro_f1=0.7792 | weighted_f1=0.7760 | precision_macro=0.7991 | recall_macro=0.7873
        ovr_roc_auc_macro=0.9437 | ovr_pr_auc_macro=0.8487
  -> best macro_f1 updated to 0.7792 (epoch 2, val_loss=0.2312)
Epoch 03/50 | Time 0m13s
  Train | loss=0.1695 | top1=82.46% | top2=97.18%
  Valid | loss=0.4092 | top1=59.48% | top2=81.89% | acc=58.93% | bal_acc=64.31% | macro_f1=0.5759 | weighted_f1=0.5857 | precision_macro=0.7174 | recall_macro=0.6431
        ovr_roc_auc_macro=0.9312 | ovr_pr_auc_macro=0.8408
Epoch 04/50 | Time 0m13s
  Train | loss=0.1507 | top1=84.57% | top2=97.54%
  Valid | loss=0.1184 | top1=90.40% | top2=98.21% | acc=90.02% | bal_acc=89.55% | macro_f1=0.8964 | weighted_f1=0.9001 | precision_macro=0.8974 | recall_macro=0.8955
        ovr_roc_auc_macro=0.9770 | ovr_pr_auc_macro=0.9337
  -> best macro_f1 updated to 0.8964 (epoch 4, val_loss=0.1184)
Epoch 05/50 | Time 0m13s
  Train | loss=0.1118 | top1=88.41% | top2=98.50%
  Valid | loss=0.1472 | top1=84.09% | top2=97.29% | acc=83.99% | bal_acc=85.87% | macro_f1=0.8287 | weighted_f1=0.8378 | precision_macro=0.8308 | recall_macro=0.8587
        ovr_roc_auc_macro=0.9781 | ovr_pr_auc_macro=0.9452
Epoch 06/50 | Time 0m13s
  Train | loss=0.0811 | top1=92.23% | top2=98.90%
  Valid | loss=0.4002 | top1=74.38% | top2=88.94% | acc=74.94% | bal_acc=77.34% | macro_f1=0.7531 | weighted_f1=0.7261 | precision_macro=0.8247 | recall_macro=0.7734
        ovr_roc_auc_macro=0.9610 | ovr_pr_auc_macro=0.9214
Epoch 07/50 | Time 0m13s
  Train | loss=0.0635 | top1=93.08% | top2=99.47%
  Valid | loss=0.0718 | top1=93.91% | top2=99.55% | acc=94.20% | bal_acc=94.29% | macro_f1=0.9430 | weighted_f1=0.9421 | precision_macro=0.9444 | recall_macro=0.9429
        ovr_roc_auc_macro=0.9934 | ovr_pr_auc_macro=0.9848
  -> best macro_f1 updated to 0.9430 (epoch 7, val_loss=0.0718)
Epoch 08/50 | Time 0m13s
  Train | loss=0.0484 | top1=94.48% | top2=99.59%
  Valid | loss=0.2564 | top1=80.65% | top2=94.84% | acc=81.21% | bal_acc=83.00% | macro_f1=0.8176 | weighted_f1=0.8110 | precision_macro=0.8451 | recall_macro=0.8300
        ovr_roc_auc_macro=0.9782 | ovr_pr_auc_macro=0.9550
Epoch 09/50 | Time 0m13s
  Train | loss=0.0347 | top1=96.47% | top2=99.63%
  Valid | loss=0.0635 | top1=94.87% | top2=98.66% | acc=94.66% | bal_acc=95.36% | macro_f1=0.9455 | weighted_f1=0.9468 | precision_macro=0.9399 | recall_macro=0.9536
        ovr_roc_auc_macro=0.9948 | ovr_pr_auc_macro=0.9853
  -> best macro_f1 updated to 0.9455 (epoch 9, val_loss=0.0635)
Epoch 10/50 | Time 0m13s
  Train | loss=0.0313 | top1=96.65% | top2=99.76%
  Valid | loss=0.0608 | top1=95.28% | top2=99.55% | acc=95.36% | bal_acc=94.41% | macro_f1=0.9505 | weighted_f1=0.9538 | precision_macro=0.9586 | recall_macro=0.9441
        ovr_roc_auc_macro=0.9949 | ovr_pr_auc_macro=0.9887
  -> best macro_f1 updated to 0.9505 (epoch 10, val_loss=0.0608)
Epoch 11/50 | Time 0m13s
  Train | loss=0.0238 | top1=97.24% | top2=99.88%
  Valid | loss=0.0391 | top1=96.15% | top2=99.33% | acc=96.52% | bal_acc=96.98% | macro_f1=0.9675 | weighted_f1=0.9652 | precision_macro=0.9655 | recall_macro=0.9698
        ovr_roc_auc_macro=0.9974 | ovr_pr_auc_macro=0.9942
  -> best macro_f1 updated to 0.9675 (epoch 11, val_loss=0.0391)
Epoch 12/50 | Time 0m13s
  Train | loss=0.0211 | top1=97.97% | top2=99.88%
  Valid | loss=0.0619 | top1=94.84% | top2=99.55% | acc=94.90% | bal_acc=94.90% | macro_f1=0.9477 | weighted_f1=0.9487 | precision_macro=0.9469 | recall_macro=0.9490
        ovr_roc_auc_macro=0.9943 | ovr_pr_auc_macro=0.9863
Epoch 13/50 | Time 0m13s
  Train | loss=0.0207 | top1=98.05% | top2=99.84%
  Valid | loss=0.0577 | top1=94.20% | top2=99.55% | acc=93.97% | bal_acc=94.54% | macro_f1=0.9440 | weighted_f1=0.9394 | precision_macro=0.9456 | recall_macro=0.9454
        ovr_roc_auc_macro=0.9969 | ovr_pr_auc_macro=0.9936
Epoch 14/50 | Time 0m13s
  Train | loss=0.0337 | top1=97.05% | top2=99.88%
  Valid | loss=0.9223 | top1=32.54% | top2=80.46% | acc=32.25% | bal_acc=41.13% | macro_f1=0.2981 | weighted_f1=0.2994 | precision_macro=0.7814 | recall_macro=0.4113
        ovr_roc_auc_macro=0.9554 | ovr_pr_auc_macro=0.8730
Epoch 15/50 | Time 0m13s
  Train | loss=0.0555 | top1=94.70% | top2=99.19%
  Valid | loss=0.0402 | top1=97.32% | top2=99.11% | acc=97.22% | bal_acc=97.58% | macro_f1=0.9746 | weighted_f1=0.9720 | precision_macro=0.9737 | recall_macro=0.9758
        ovr_roc_auc_macro=0.9978 | ovr_pr_auc_macro=0.9943
  -> best macro_f1 updated to 0.9746 (epoch 15, val_loss=0.0402)
Epoch 16/50 | Time 0m13s
  Train | loss=0.0313 | top1=96.79% | top2=99.80%
  Valid | loss=0.0482 | top1=94.81% | top2=99.78% | acc=95.13% | bal_acc=95.77% | macro_f1=0.9505 | weighted_f1=0.9515 | precision_macro=0.9451 | recall_macro=0.9577
        ovr_roc_auc_macro=0.9962 | ovr_pr_auc_macro=0.9897
Epoch 17/50 | Time 0m13s
  Train | loss=0.0209 | top1=98.19% | top2=100.00%
  Valid | loss=0.1482 | top1=84.79% | top2=95.76% | acc=84.45% | bal_acc=86.05% | macro_f1=0.8297 | weighted_f1=0.8447 | precision_macro=0.8513 | recall_macro=0.8605
        ovr_roc_auc_macro=0.9940 | ovr_pr_auc_macro=0.9725
Epoch 18/50 | Time 0m13s
  Train | loss=0.0361 | top1=96.75% | top2=99.59%
  Valid | loss=0.0502 | top1=96.15% | top2=99.55% | acc=96.52% | bal_acc=96.98% | macro_f1=0.9653 | weighted_f1=0.9650 | precision_macro=0.9622 | recall_macro=0.9698
        ovr_roc_auc_macro=0.9974 | ovr_pr_auc_macro=0.9936
Epoch 19/50 | Time 0m13s
  Train | loss=0.0102 | top1=98.86% | top2=99.96%
  Valid | loss=0.0306 | top1=97.26% | top2=99.78% | acc=97.68% | bal_acc=97.98% | macro_f1=0.9788 | weighted_f1=0.9768 | precision_macro=0.9779 | recall_macro=0.9798
        ovr_roc_auc_macro=0.9986 | ovr_pr_auc_macro=0.9971
  -> best macro_f1 updated to 0.9788 (epoch 19, val_loss=0.0306)
Epoch 20/50 | Time 0m13s
  Train | loss=0.0110 | top1=99.07% | top2=100.00%
  Valid | loss=0.0315 | top1=96.85% | top2=99.78% | acc=96.98% | bal_acc=97.16% | macro_f1=0.9702 | weighted_f1=0.9696 | precision_macro=0.9695 | recall_macro=0.9716
        ovr_roc_auc_macro=0.9987 | ovr_pr_auc_macro=0.9970
Epoch 21/50 | Time 0m13s
  Train | loss=0.0101 | top1=98.90% | top2=100.00%
  Valid | loss=0.0426 | top1=96.18% | top2=99.78% | acc=96.29% | bal_acc=96.77% | macro_f1=0.9612 | weighted_f1=0.9626 | precision_macro=0.9571 | recall_macro=0.9677
        ovr_roc_auc_macro=0.9981 | ovr_pr_auc_macro=0.9946
Epoch 22/50 | Time 0m13s
  Train | loss=0.0067 | top1=99.35% | top2=99.96%
  Valid | loss=0.0196 | top1=97.54% | top2=99.78% | acc=97.45% | bal_acc=97.34% | macro_f1=0.9746 | weighted_f1=0.9746 | precision_macro=0.9761 | recall_macro=0.9734
        ovr_roc_auc_macro=0.9993 | ovr_pr_auc_macro=0.9983
Epoch 23/50 | Time 0m13s
  Train | loss=0.0049 | top1=99.59% | top2=100.00%
  Valid | loss=0.0202 | top1=98.63% | top2=99.78% | acc=98.84% | bal_acc=98.99% | macro_f1=0.9888 | weighted_f1=0.9884 | precision_macro=0.9878 | recall_macro=0.9899
        ovr_roc_auc_macro=0.9990 | ovr_pr_auc_macro=0.9978
  -> best macro_f1 updated to 0.9888 (epoch 23, val_loss=0.0202)
Epoch 24/50 | Time 0m13s
  Train | loss=0.0033 | top1=99.80% | top2=99.96%
  Valid | loss=0.0151 | top1=98.63% | top2=99.78% | acc=98.84% | bal_acc=98.99% | macro_f1=0.9877 | weighted_f1=0.9884 | precision_macro=0.9857 | recall_macro=0.9899
        ovr_roc_auc_macro=0.9995 | ovr_pr_auc_macro=0.9990
Epoch 25/50 | Time 0m13s
  Train | loss=0.0019 | top1=99.92% | top2=100.00%
  Valid | loss=0.0208 | top1=98.41% | top2=99.78% | acc=98.61% | bal_acc=98.79% | macro_f1=0.9857 | weighted_f1=0.9861 | precision_macro=0.9837 | recall_macro=0.9879
        ovr_roc_auc_macro=0.9994 | ovr_pr_auc_macro=0.9987
Epoch 26/50 | Time 0m13s
  Train | loss=0.0102 | top1=99.61% | top2=100.00%
  Valid | loss=0.0300 | top1=97.32% | top2=99.78% | acc=97.22% | bal_acc=97.58% | macro_f1=0.9704 | weighted_f1=0.9721 | precision_macro=0.9662 | recall_macro=0.9758
        ovr_roc_auc_macro=0.9992 | ovr_pr_auc_macro=0.9981
Epoch 27/50 | Time 0m13s
  Train | loss=0.0155 | top1=98.54% | top2=99.84%
  Valid | loss=0.0571 | top1=96.62% | top2=99.78% | acc=96.75% | bal_acc=97.18% | macro_f1=0.9703 | weighted_f1=0.9671 | precision_macro=0.9715 | recall_macro=0.9718
        ovr_roc_auc_macro=0.9974 | ovr_pr_auc_macro=0.9944
Epoch 28/50 | Time 0m13s
  Train | loss=0.0046 | top1=99.43% | top2=99.96%
  Valid | loss=0.0244 | top1=98.21% | top2=99.78% | acc=98.14% | bal_acc=98.39% | macro_f1=0.9827 | weighted_f1=0.9814 | precision_macro=0.9817 | recall_macro=0.9839
        ovr_roc_auc_macro=0.9991 | ovr_pr_auc_macro=0.9978
Epoch 29/50 | Time 0m13s
  Train | loss=0.0056 | top1=99.37% | top2=100.00%
  Valid | loss=0.0216 | top1=98.18% | top2=99.78% | acc=98.38% | bal_acc=98.59% | macro_f1=0.9859 | weighted_f1=0.9837 | precision_macro=0.9860 | recall_macro=0.9859
        ovr_roc_auc_macro=0.9993 | ovr_pr_auc_macro=0.9984
Epoch 30/50 | Time 0m13s
  Train | loss=0.0035 | top1=99.68% | top2=100.00%
  Valid | loss=0.0218 | top1=98.21% | top2=99.78% | acc=98.14% | bal_acc=98.39% | macro_f1=0.9828 | weighted_f1=0.9814 | precision_macro=0.9817 | recall_macro=0.9839
        ovr_roc_auc_macro=0.9993 | ovr_pr_auc_macro=0.9984
Epoch 31/50 | Time 0m13s
  Train | loss=0.0013 | top1=99.96% | top2=100.00%
  Valid | loss=0.0207 | top1=98.44% | top2=99.78% | acc=98.38% | bal_acc=98.59% | macro_f1=0.9848 | weighted_f1=0.9838 | precision_macro=0.9838 | recall_macro=0.9859
        ovr_roc_auc_macro=0.9994 | ovr_pr_auc_macro=0.9985
Epoch 32/50 | Time 0m13s
  Train | loss=0.0013 | top1=99.92% | top2=100.00%
  Valid | loss=0.0213 | top1=98.66% | top2=99.78% | acc=98.61% | bal_acc=98.79% | macro_f1=0.9868 | weighted_f1=0.9861 | precision_macro=0.9857 | recall_macro=0.9879
        ovr_roc_auc_macro=0.9994 | ovr_pr_auc_macro=0.9986
Epoch 33/50 | Time 0m13s
  Train | loss=0.0038 | top1=99.61% | top2=100.00%
  Valid | loss=0.0139 | top1=98.66% | top2=99.78% | acc=98.61% | bal_acc=98.79% | macro_f1=0.9868 | weighted_f1=0.9861 | precision_macro=0.9857 | recall_macro=0.9879
        ovr_roc_auc_macro=0.9997 | ovr_pr_auc_macro=0.9994
  -> early stopping triggered at epoch 33

[TEST] loss=cb_focal_ce
  Test | loss=0.7985 | top1=77.40% | top2=81.25% | acc=76.14% | bal_acc=75.07% | macro_f1=0.7278 | weighted_f1=0.7227 | precision_macro=0.8500 | recall_macro=0.7507
        ovr_roc_auc_macro=0.9432 | ovr_pr_auc_macro=0.8919
  Confusion Matrix:
[[ 25  42  33   0]
 [  0 113   2   0]
 [  0   0 105   0]
 [  0  11   6  57]]
  Classification Report:
                  precision    recall  f1-score   support

    glioma_tumor     1.0000    0.2500    0.4000       100
meningioma_tumor     0.6807    0.9826    0.8043       115
        no_tumor     0.7192    1.0000    0.8367       105
 pituitary_tumor     1.0000    0.7703    0.8702        74

        accuracy                         0.7614       394
       macro avg     0.8500    0.7507    0.7278       394
    weighted avg     0.8320    0.7614    0.7227       394


##########################################################################################
Starting loss: ordinal_focal_mse
##########################################################################################
Model params: 24,492,228 | pretrained loaded: 320/344 | feat_dim=2048
Criterion: OrdinalFocalMSELoss
Criterion trainable params: 0
Epoch 01/50 | Time 0m13s
  Train | loss=1.0949 | top1=45.25% | top2=68.75%
  Valid | loss=1.0427 | top1=52.08% | top2=74.30% | acc=51.51% | bal_acc=44.98% | macro_f1=0.4172 | weighted_f1=0.4751 | precision_macro=0.6329 | recall_macro=0.4498
        ovr_roc_auc_macro=0.7625 | ovr_pr_auc_macro=0.5597
  -> best macro_f1 updated to 0.4172 (epoch 1, val_loss=1.0427)
Epoch 02/50 | Time 0m13s
  Train | loss=0.5693 | top1=68.14% | top2=87.92%
  Valid | loss=0.3593 | top1=80.74% | top2=96.62% | acc=80.51% | bal_acc=81.51% | macro_f1=0.8030 | weighted_f1=0.8080 | precision_macro=0.8109 | recall_macro=0.8151
        ovr_roc_auc_macro=0.9497 | ovr_pr_auc_macro=0.8599
  -> best macro_f1 updated to 0.8030 (epoch 2, val_loss=0.3593)
Epoch 03/50 | Time 0m13s
  Train | loss=0.2849 | top1=81.89% | top2=96.96%
  Valid | loss=0.8023 | top1=48.90% | top2=70.70% | acc=48.72% | bal_acc=52.56% | macro_f1=0.4439 | weighted_f1=0.4117 | precision_macro=0.7405 | recall_macro=0.5256
        ovr_roc_auc_macro=0.9412 | ovr_pr_auc_macro=0.8599
Epoch 04/50 | Time 0m14s
  Train | loss=0.2074 | top1=86.46% | top2=98.46%
  Valid | loss=0.2538 | top1=82.50% | top2=98.21% | acc=82.60% | bal_acc=84.66% | macro_f1=0.8432 | weighted_f1=0.8304 | precision_macro=0.8687 | recall_macro=0.8466
        ovr_roc_auc_macro=0.9777 | ovr_pr_auc_macro=0.9486
  -> best macro_f1 updated to 0.8432 (epoch 4, val_loss=0.2538)
Epoch 05/50 | Time 0m13s
  Train | loss=0.1616 | top1=89.77% | top2=98.82%
  Valid | loss=2.1062 | top1=33.57% | top2=58.88% | acc=34.11% | bal_acc=42.52% | macro_f1=0.3044 | weighted_f1=0.3039 | precision_macro=0.4325 | recall_macro=0.4252
        ovr_roc_auc_macro=0.7978 | ovr_pr_auc_macro=0.5557
Epoch 06/50 | Time 0m13s
  Train | loss=0.1042 | top1=92.96% | top2=99.27%
  Valid | loss=0.1360 | top1=91.46% | top2=99.33% | acc=91.65% | bal_acc=90.74% | macro_f1=0.9147 | weighted_f1=0.9168 | precision_macro=0.9264 | recall_macro=0.9074
        ovr_roc_auc_macro=0.9917 | ovr_pr_auc_macro=0.9812
  -> best macro_f1 updated to 0.9147 (epoch 6, val_loss=0.1360)
Epoch 07/50 | Time 0m14s
  Train | loss=0.0933 | top1=93.43% | top2=99.27%
  Valid | loss=0.0942 | top1=94.84% | top2=99.55% | acc=94.90% | bal_acc=95.12% | macro_f1=0.9421 | weighted_f1=0.9499 | precision_macro=0.9365 | recall_macro=0.9512
        ovr_roc_auc_macro=0.9958 | ovr_pr_auc_macro=0.9856
  -> best macro_f1 updated to 0.9421 (epoch 7, val_loss=0.0942)
Epoch 08/50 | Time 0m14s
  Train | loss=0.0612 | top1=95.70% | top2=99.76%
  Valid | loss=0.0876 | top1=93.94% | top2=99.78% | acc=93.97% | bal_acc=94.31% | macro_f1=0.9402 | weighted_f1=0.9399 | precision_macro=0.9382 | recall_macro=0.9431
        ovr_roc_auc_macro=0.9954 | ovr_pr_auc_macro=0.9886
Epoch 09/50 | Time 0m13s
  Train | loss=0.0641 | top1=95.98% | top2=99.88%
  Valid | loss=0.0970 | top1=92.16% | top2=99.55% | acc=92.11% | bal_acc=92.92% | macro_f1=0.9235 | weighted_f1=0.9194 | precision_macro=0.9247 | recall_macro=0.9292
        ovr_roc_auc_macro=0.9949 | ovr_pr_auc_macro=0.9841
Epoch 10/50 | Time 0m14s
  Train | loss=0.0426 | top1=97.32% | top2=99.80%
  Valid | loss=0.0434 | top1=95.95% | top2=99.55% | acc=96.06% | bal_acc=94.35% | macro_f1=0.9511 | weighted_f1=0.9602 | precision_macro=0.9617 | recall_macro=0.9435
        ovr_roc_auc_macro=0.9983 | ovr_pr_auc_macro=0.9940
  -> best macro_f1 updated to 0.9511 (epoch 10, val_loss=0.0434)
Epoch 11/50 | Time 0m14s
  Train | loss=0.0316 | top1=97.77% | top2=99.92%
  Valid | loss=0.0794 | top1=96.18% | top2=99.78% | acc=96.29% | bal_acc=96.77% | macro_f1=0.9605 | weighted_f1=0.9629 | precision_macro=0.9550 | recall_macro=0.9677
        ovr_roc_auc_macro=0.9965 | ovr_pr_auc_macro=0.9855
  -> best macro_f1 updated to 0.9605 (epoch 11, val_loss=0.0794)
Epoch 12/50 | Time 0m13s
  Train | loss=0.0251 | top1=98.27% | top2=100.00%
  Valid | loss=0.0352 | top1=97.99% | top2=99.33% | acc=97.91% | bal_acc=98.19% | macro_f1=0.9786 | weighted_f1=0.9791 | precision_macro=0.9762 | recall_macro=0.9819
        ovr_roc_auc_macro=0.9995 | ovr_pr_auc_macro=0.9987
  -> best macro_f1 updated to 0.9786 (epoch 12, val_loss=0.0352)
Epoch 13/50 | Time 0m14s
  Train | loss=0.0305 | top1=97.73% | top2=99.72%
  Valid | loss=0.0750 | top1=96.43% | top2=99.33% | acc=96.29% | bal_acc=96.33% | macro_f1=0.9622 | weighted_f1=0.9628 | precision_macro=0.9618 | recall_macro=0.9633
        ovr_roc_auc_macro=0.9968 | ovr_pr_auc_macro=0.9893
Epoch 14/50 | Time 0m13s
  Train | loss=0.0455 | top1=97.14% | top2=99.92%
  Valid | loss=0.1143 | top1=93.27% | top2=99.08% | acc=93.27% | bal_acc=93.93% | macro_f1=0.9263 | weighted_f1=0.9334 | precision_macro=0.9219 | recall_macro=0.9393
        ovr_roc_auc_macro=0.9967 | ovr_pr_auc_macro=0.9898
Epoch 15/50 | Time 0m13s
  Train | loss=0.0514 | top1=96.88% | top2=99.80%
  Valid | loss=0.0539 | top1=97.32% | top2=99.78% | acc=97.22% | bal_acc=97.36% | macro_f1=0.9723 | weighted_f1=0.9719 | precision_macro=0.9715 | recall_macro=0.9736
        ovr_roc_auc_macro=0.9975 | ovr_pr_auc_macro=0.9914
Epoch 16/50 | Time 0m13s
  Train | loss=0.0203 | top1=98.66% | top2=99.88%
  Valid | loss=0.0497 | top1=97.10% | top2=99.55% | acc=96.98% | bal_acc=97.16% | macro_f1=0.9683 | weighted_f1=0.9698 | precision_macro=0.9655 | recall_macro=0.9716
        ovr_roc_auc_macro=0.9985 | ovr_pr_auc_macro=0.9950
Epoch 17/50 | Time 0m13s
  Train | loss=0.0199 | top1=98.88% | top2=99.96%
  Valid | loss=0.0567 | top1=96.21% | top2=99.78% | acc=96.06% | bal_acc=96.57% | macro_f1=0.9614 | weighted_f1=0.9606 | precision_macro=0.9581 | recall_macro=0.9657
        ovr_roc_auc_macro=0.9976 | ovr_pr_auc_macro=0.9945
Epoch 18/50 | Time 0m13s
  Train | loss=0.0304 | top1=98.13% | top2=99.92%
  Valid | loss=0.0592 | top1=96.18% | top2=99.11% | acc=96.29% | bal_acc=96.77% | macro_f1=0.9586 | weighted_f1=0.9630 | precision_macro=0.9528 | recall_macro=0.9677
        ovr_roc_auc_macro=0.9989 | ovr_pr_auc_macro=0.9967
Epoch 19/50 | Time 0m13s
  Train | loss=0.0115 | top1=99.35% | top2=100.00%
  Valid | loss=0.0263 | top1=97.77% | top2=100.00% | acc=97.68% | bal_acc=97.98% | macro_f1=0.9756 | weighted_f1=0.9768 | precision_macro=0.9720 | recall_macro=0.9798
        ovr_roc_auc_macro=0.9996 | ovr_pr_auc_macro=0.9990
Epoch 20/50 | Time 0m13s
  Train | loss=0.0057 | top1=99.72% | top2=100.00%
  Valid | loss=0.0216 | top1=98.66% | top2=100.00% | acc=98.61% | bal_acc=98.57% | macro_f1=0.9845 | weighted_f1=0.9860 | precision_macro=0.9836 | recall_macro=0.9857
        ovr_roc_auc_macro=0.9996 | ovr_pr_auc_macro=0.9987
  -> best macro_f1 updated to 0.9845 (epoch 20, val_loss=0.0216)
Epoch 21/50 | Time 0m13s
  Train | loss=0.0088 | top1=99.55% | top2=100.00%
  Valid | loss=0.0428 | top1=96.88% | top2=99.55% | acc=96.75% | bal_acc=97.18% | macro_f1=0.9663 | weighted_f1=0.9673 | precision_macro=0.9633 | recall_macro=0.9718
        ovr_roc_auc_macro=0.9996 | ovr_pr_auc_macro=0.9984
Epoch 22/50 | Time 0m13s
  Train | loss=0.0144 | top1=99.31% | top2=100.00%
  Valid | loss=0.0311 | top1=97.99% | top2=99.78% | acc=97.91% | bal_acc=97.74% | macro_f1=0.9785 | weighted_f1=0.9792 | precision_macro=0.9798 | recall_macro=0.9774
        ovr_roc_auc_macro=0.9994 | ovr_pr_auc_macro=0.9982
Epoch 23/50 | Time 0m13s
  Train | loss=0.0087 | top1=99.47% | top2=99.96%
  Valid | loss=0.0120 | top1=98.88% | top2=100.00% | acc=98.84% | bal_acc=98.99% | macro_f1=0.9888 | weighted_f1=0.9884 | precision_macro=0.9877 | recall_macro=0.9899
        ovr_roc_auc_macro=0.9999 | ovr_pr_auc_macro=0.9996
  -> best macro_f1 updated to 0.9888 (epoch 23, val_loss=0.0120)
Epoch 24/50 | Time 0m14s
  Train | loss=0.0038 | top1=99.68% | top2=100.00%
  Valid | loss=0.0173 | top1=98.66% | top2=99.78% | acc=98.61% | bal_acc=98.57% | macro_f1=0.9857 | weighted_f1=0.9861 | precision_macro=0.9858 | recall_macro=0.9857
        ovr_roc_auc_macro=0.9998 | ovr_pr_auc_macro=0.9994
Epoch 25/50 | Time 0m14s
  Train | loss=0.0041 | top1=99.76% | top2=100.00%
  Valid | loss=0.0238 | top1=98.18% | top2=100.00% | acc=98.38% | bal_acc=98.59% | macro_f1=0.9826 | weighted_f1=0.9837 | precision_macro=0.9798 | recall_macro=0.9859
        ovr_roc_auc_macro=0.9998 | ovr_pr_auc_macro=0.9996
Epoch 26/50 | Time 0m14s
  Train | loss=0.0153 | top1=99.00% | top2=100.00%
  Valid | loss=0.0327 | top1=97.96% | top2=100.00% | acc=98.14% | bal_acc=98.16% | macro_f1=0.9816 | weighted_f1=0.9814 | precision_macro=0.9817 | recall_macro=0.9816
        ovr_roc_auc_macro=0.9995 | ovr_pr_auc_macro=0.9989
Epoch 27/50 | Time 0m14s
  Train | loss=0.0138 | top1=99.04% | top2=99.96%
  Valid | loss=0.0503 | top1=96.85% | top2=99.55% | acc=96.98% | bal_acc=97.38% | macro_f1=0.9714 | weighted_f1=0.9696 | precision_macro=0.9696 | recall_macro=0.9738
        ovr_roc_auc_macro=0.9992 | ovr_pr_auc_macro=0.9980
Epoch 28/50 | Time 0m14s
  Train | loss=0.0113 | top1=99.27% | top2=100.00%
  Valid | loss=0.0316 | top1=97.77% | top2=99.55% | acc=97.68% | bal_acc=97.98% | macro_f1=0.9765 | weighted_f1=0.9766 | precision_macro=0.9737 | recall_macro=0.9798
        ovr_roc_auc_macro=0.9995 | ovr_pr_auc_macro=0.9987
Epoch 29/50 | Time 0m14s
  Train | loss=0.0087 | top1=99.39% | top2=100.00%
  Valid | loss=0.0240 | top1=98.21% | top2=100.00% | acc=98.14% | bal_acc=98.39% | macro_f1=0.9786 | weighted_f1=0.9815 | precision_macro=0.9743 | recall_macro=0.9839
        ovr_roc_auc_macro=0.9996 | ovr_pr_auc_macro=0.9989
Epoch 30/50 | Time 0m14s
  Train | loss=0.0027 | top1=99.88% | top2=100.00%
  Valid | loss=0.0170 | top1=98.66% | top2=99.78% | acc=98.61% | bal_acc=98.79% | macro_f1=0.9847 | weighted_f1=0.9862 | precision_macro=0.9819 | recall_macro=0.9879
        ovr_roc_auc_macro=0.9998 | ovr_pr_auc_macro=0.9996
Epoch 31/50 | Time 0m14s
  Train | loss=0.0014 | top1=99.92% | top2=100.00%
  Valid | loss=0.0166 | top1=98.66% | top2=100.00% | acc=98.61% | bal_acc=98.79% | macro_f1=0.9847 | weighted_f1=0.9861 | precision_macro=0.9818 | recall_macro=0.9879
        ovr_roc_auc_macro=0.9999 | ovr_pr_auc_macro=0.9997
Epoch 32/50 | Time 0m14s
  Train | loss=0.0016 | top1=99.88% | top2=100.00%
  Valid | loss=0.0168 | top1=99.11% | top2=99.78% | acc=99.07% | bal_acc=99.19% | macro_f1=0.9898 | weighted_f1=0.9907 | precision_macro=0.9878 | recall_macro=0.9919
        ovr_roc_auc_macro=0.9998 | ovr_pr_auc_macro=0.9995
  -> best macro_f1 updated to 0.9898 (epoch 32, val_loss=0.0168)
Epoch 33/50 | Time 0m13s
  Train | loss=0.0043 | top1=99.61% | top2=100.00%
  Valid | loss=0.0125 | top1=99.33% | top2=99.78% | acc=99.30% | bal_acc=99.40% | macro_f1=0.9918 | weighted_f1=0.9930 | precision_macro=0.9898 | recall_macro=0.9940
        ovr_roc_auc_macro=0.9999 | ovr_pr_auc_macro=0.9997
  -> best macro_f1 updated to 0.9918 (epoch 33, val_loss=0.0125)
Epoch 34/50 | Time 0m14s
  Train | loss=0.0072 | top1=99.59% | top2=100.00%
  Valid | loss=0.0208 | top1=98.88% | top2=99.78% | acc=98.84% | bal_acc=98.99% | macro_f1=0.9877 | weighted_f1=0.9884 | precision_macro=0.9857 | recall_macro=0.9899
        ovr_roc_auc_macro=0.9997 | ovr_pr_auc_macro=0.9993
Epoch 35/50 | Time 0m14s
  Train | loss=0.0019 | top1=99.92% | top2=100.00%
  Valid | loss=0.0173 | top1=98.88% | top2=99.78% | acc=98.84% | bal_acc=98.99% | macro_f1=0.9888 | weighted_f1=0.9884 | precision_macro=0.9878 | recall_macro=0.9899
        ovr_roc_auc_macro=0.9998 | ovr_pr_auc_macro=0.9994
Epoch 36/50 | Time 0m14s
  Train | loss=0.0010 | top1=99.96% | top2=100.00%
  Valid | loss=0.0214 | top1=98.66% | top2=99.78% | acc=98.61% | bal_acc=98.79% | macro_f1=0.9857 | weighted_f1=0.9861 | precision_macro=0.9837 | recall_macro=0.9879
        ovr_roc_auc_macro=0.9997 | ovr_pr_auc_macro=0.9993
Epoch 37/50 | Time 0m14s
  Train | loss=0.0013 | top1=99.88% | top2=100.00%
  Valid | loss=0.0242 | top1=98.88% | top2=100.00% | acc=98.84% | bal_acc=98.99% | macro_f1=0.9877 | weighted_f1=0.9884 | precision_macro=0.9857 | recall_macro=0.9899
        ovr_roc_auc_macro=0.9997 | ovr_pr_auc_macro=0.9991
Epoch 38/50 | Time 0m14s
  Train | loss=0.0012 | top1=99.96% | top2=100.00%
  Valid | loss=0.0249 | top1=98.21% | top2=100.00% | acc=98.14% | bal_acc=98.39% | macro_f1=0.9817 | weighted_f1=0.9815 | precision_macro=0.9799 | recall_macro=0.9839
        ovr_roc_auc_macro=0.9996 | ovr_pr_auc_macro=0.9990
Epoch 39/50 | Time 0m14s
  Train | loss=0.0015 | top1=99.88% | top2=100.00%
  Valid | loss=0.0202 | top1=98.66% | top2=99.78% | acc=98.61% | bal_acc=98.79% | macro_f1=0.9857 | weighted_f1=0.9860 | precision_macro=0.9837 | recall_macro=0.9879
        ovr_roc_auc_macro=0.9998 | ovr_pr_auc_macro=0.9994
Epoch 40/50 | Time 0m14s
  Train | loss=0.0008 | top1=99.96% | top2=100.00%
  Valid | loss=0.0184 | top1=98.88% | top2=99.78% | acc=98.84% | bal_acc=98.99% | macro_f1=0.9877 | weighted_f1=0.9884 | precision_macro=0.9857 | recall_macro=0.9899
        ovr_roc_auc_macro=0.9998 | ovr_pr_auc_macro=0.9995
Epoch 41/50 | Time 0m14s
  Train | loss=0.0006 | top1=100.00% | top2=100.00%
  Valid | loss=0.0199 | top1=98.88% | top2=99.78% | acc=98.84% | bal_acc=98.99% | macro_f1=0.9877 | weighted_f1=0.9884 | precision_macro=0.9857 | recall_macro=0.9899
        ovr_roc_auc_macro=0.9998 | ovr_pr_auc_macro=0.9993
Epoch 42/50 | Time 0m14s
  Train | loss=0.0008 | top1=99.92% | top2=100.00%
  Valid | loss=0.0223 | top1=98.88% | top2=99.78% | acc=98.84% | bal_acc=98.99% | macro_f1=0.9877 | weighted_f1=0.9884 | precision_macro=0.9857 | recall_macro=0.9899
        ovr_roc_auc_macro=0.9997 | ovr_pr_auc_macro=0.9993
Epoch 43/50 | Time 0m14s
  Train | loss=0.0005 | top1=100.00% | top2=100.00%
  Valid | loss=0.0185 | top1=98.88% | top2=99.78% | acc=98.84% | bal_acc=98.99% | macro_f1=0.9877 | weighted_f1=0.9884 | precision_macro=0.9857 | recall_macro=0.9899
        ovr_roc_auc_macro=0.9998 | ovr_pr_auc_macro=0.9996
  -> early stopping triggered at epoch 43

[TEST] loss=ordinal_focal_mse
  Test | loss=1.0131 | top1=78.61% | top2=84.62% | acc=77.41% | bal_acc=76.50% | macro_f1=0.7466 | weighted_f1=0.7405 | precision_macro=0.8582 | recall_macro=0.7650
        ovr_roc_auc_macro=0.9665 | ovr_pr_auc_macro=0.9352
  Confusion Matrix:
[[ 28  49  23   0]
 [  0 113   2   0]
 [  0   0 105   0]
 [  0   9   6  59]]
  Classification Report:
                  precision    recall  f1-score   support

    glioma_tumor     1.0000    0.2800    0.4375       100
meningioma_tumor     0.6608    0.9826    0.7902       115
        no_tumor     0.7721    1.0000    0.8714       105
 pituitary_tumor     1.0000    0.7973    0.8872        74

        accuracy                         0.7741       394
       macro avg     0.8582    0.7650    0.7466       394
    weighted avg     0.8403    0.7741    0.7405       394


##########################################################################################
Starting loss: sce
##########################################################################################
Model params: 24,492,228 | pretrained loaded: 320/344 | feat_dim=2048
Criterion: SymmetricCrossEntropyLoss
Criterion trainable params: 0
Epoch 01/50 | Time 0m14s
  Train | loss=4.6278 | top1=43.55% | top2=64.81%
  Valid | loss=4.4474 | top1=57.69% | top2=77.20% | acc=57.08% | bal_acc=49.60% | macro_f1=0.4595 | weighted_f1=0.5288 | precision_macro=0.4281 | recall_macro=0.4960
        ovr_roc_auc_macro=0.8206 | ovr_pr_auc_macro=0.6216
  -> best macro_f1 updated to 0.4595 (epoch 1, val_loss=4.4474)
Epoch 02/50 | Time 0m14s
  Train | loss=3.0316 | top1=65.98% | top2=82.40%
  Valid | loss=2.3268 | top1=79.60% | top2=92.80% | acc=79.58% | bal_acc=80.70% | macro_f1=0.7898 | weighted_f1=0.7944 | precision_macro=0.7866 | recall_macro=0.8070
        ovr_roc_auc_macro=0.9404 | ovr_pr_auc_macro=0.8197
  -> best macro_f1 updated to 0.7898 (epoch 2, val_loss=2.3268)
Epoch 03/50 | Time 0m14s
  Train | loss=1.4215 | top1=84.39% | top2=96.19%
  Valid | loss=1.2799 | top1=86.04% | top2=95.98% | acc=86.54% | bal_acc=86.97% | macro_f1=0.8681 | weighted_f1=0.8647 | precision_macro=0.8779 | recall_macro=0.8697
        ovr_roc_auc_macro=0.9745 | ovr_pr_auc_macro=0.9430
  -> best macro_f1 updated to 0.8681 (epoch 3, val_loss=1.2799)
Epoch 04/50 | Time 0m14s
  Train | loss=0.9881 | top1=89.04% | top2=98.03%
  Valid | loss=3.8830 | top1=48.30% | top2=77.98% | acc=49.42% | bal_acc=55.83% | macro_f1=0.4683 | weighted_f1=0.4810 | precision_macro=0.7082 | recall_macro=0.5583
        ovr_roc_auc_macro=0.8890 | ovr_pr_auc_macro=0.7320
Epoch 05/50 | Time 0m14s
  Train | loss=0.7692 | top1=91.29% | top2=98.31%
  Valid | loss=1.8633 | top1=79.15% | top2=90.57% | acc=79.12% | bal_acc=81.63% | macro_f1=0.7827 | weighted_f1=0.7871 | precision_macro=0.8195 | recall_macro=0.8163
        ovr_roc_auc_macro=0.9697 | ovr_pr_auc_macro=0.9366
Epoch 06/50 | Time 0m14s
  Train | loss=0.5156 | top1=94.48% | top2=99.11%
  Valid | loss=0.7854 | top1=91.07% | top2=97.99% | acc=90.72% | bal_acc=90.82% | macro_f1=0.9133 | weighted_f1=0.9082 | precision_macro=0.9259 | recall_macro=0.9082
        ovr_roc_auc_macro=0.9910 | ovr_pr_auc_macro=0.9811
  -> best macro_f1 updated to 0.9133 (epoch 6, val_loss=0.7854)
Epoch 07/50 | Time 0m14s
  Train | loss=0.4371 | top1=95.01% | top2=99.35%
  Valid | loss=0.6985 | top1=92.38% | top2=99.55% | acc=92.34% | bal_acc=89.79% | macro_f1=0.9095 | weighted_f1=0.9219 | precision_macro=0.9292 | recall_macro=0.8979
        ovr_roc_auc_macro=0.9858 | ovr_pr_auc_macro=0.9639
Epoch 08/50 | Time 0m14s
  Train | loss=0.4552 | top1=94.85% | top2=99.39%
  Valid | loss=0.6064 | top1=94.17% | top2=99.33% | acc=94.20% | bal_acc=94.96% | macro_f1=0.9399 | weighted_f1=0.9404 | precision_macro=0.9372 | recall_macro=0.9496
        ovr_roc_auc_macro=0.9955 | ovr_pr_auc_macro=0.9892
  -> best macro_f1 updated to 0.9399 (epoch 8, val_loss=0.6064)
Epoch 09/50 | Time 0m14s
  Train | loss=0.2942 | top1=96.65% | top2=99.76%
  Valid | loss=0.2979 | top1=96.88% | top2=99.55% | acc=96.75% | bal_acc=97.18% | macro_f1=0.9686 | weighted_f1=0.9676 | precision_macro=0.9657 | recall_macro=0.9718
        ovr_roc_auc_macro=0.9979 | ovr_pr_auc_macro=0.9946
  -> best macro_f1 updated to 0.9686 (epoch 9, val_loss=0.2979)
Epoch 10/50 | Time 0m14s
  Train | loss=0.2543 | top1=97.36% | top2=99.76%
  Valid | loss=0.3382 | top1=96.18% | top2=99.33% | acc=96.29% | bal_acc=96.77% | macro_f1=0.9655 | weighted_f1=0.9629 | precision_macro=0.9643 | recall_macro=0.9677
        ovr_roc_auc_macro=0.9984 | ovr_pr_auc_macro=0.9965
Epoch 11/50 | Time 0m14s
  Train | loss=0.1957 | top1=97.85% | top2=99.84%
  Valid | loss=0.2538 | top1=97.10% | top2=99.78% | acc=96.98% | bal_acc=97.38% | macro_f1=0.9728 | weighted_f1=0.9700 | precision_macro=0.9726 | recall_macro=0.9738
        ovr_roc_auc_macro=0.9989 | ovr_pr_auc_macro=0.9976
  -> best macro_f1 updated to 0.9728 (epoch 11, val_loss=0.2538)
Epoch 12/50 | Time 0m14s
  Train | loss=0.1929 | top1=97.97% | top2=99.84%
  Valid | loss=0.1363 | top1=98.66% | top2=99.78% | acc=98.61% | bal_acc=98.79% | macro_f1=0.9868 | weighted_f1=0.9860 | precision_macro=0.9857 | recall_macro=0.9879
        ovr_roc_auc_macro=0.9996 | ovr_pr_auc_macro=0.9985
  -> best macro_f1 updated to 0.9868 (epoch 12, val_loss=0.1363)
Epoch 13/50 | Time 0m14s
  Train | loss=0.1669 | top1=98.30% | top2=99.84%
  Valid | loss=0.2913 | top1=96.43% | top2=99.55% | acc=96.29% | bal_acc=96.77% | macro_f1=0.9654 | weighted_f1=0.9627 | precision_macro=0.9644 | recall_macro=0.9677
        ovr_roc_auc_macro=0.9986 | ovr_pr_auc_macro=0.9965
Epoch 14/50 | Time 0m14s
  Train | loss=0.1293 | top1=98.76% | top2=99.96%
  Valid | loss=0.4850 | top1=95.28% | top2=99.33% | acc=95.36% | bal_acc=95.75% | macro_f1=0.9534 | weighted_f1=0.9538 | precision_macro=0.9504 | recall_macro=0.9575
        ovr_roc_auc_macro=0.9954 | ovr_pr_auc_macro=0.9896
Epoch 15/50 | Time 0m14s
  Train | loss=0.1684 | top1=98.13% | top2=99.76%
  Valid | loss=0.2467 | top1=97.29% | top2=99.55% | acc=97.45% | bal_acc=97.78% | macro_f1=0.9745 | weighted_f1=0.9744 | precision_macro=0.9718 | recall_macro=0.9778
        ovr_roc_auc_macro=0.9989 | ovr_pr_auc_macro=0.9976
Epoch 16/50 | Time 0m14s
  Train | loss=0.1210 | top1=98.62% | top2=99.80%
  Valid | loss=0.2140 | top1=96.85% | top2=99.78% | acc=96.98% | bal_acc=97.38% | macro_f1=0.9715 | weighted_f1=0.9698 | precision_macro=0.9702 | recall_macro=0.9738
        ovr_roc_auc_macro=0.9991 | ovr_pr_auc_macro=0.9977
Epoch 17/50 | Time 0m14s
  Train | loss=0.1013 | top1=98.90% | top2=99.92%
  Valid | loss=0.3496 | top1=96.40% | top2=99.78% | acc=96.52% | bal_acc=96.98% | macro_f1=0.9635 | weighted_f1=0.9653 | precision_macro=0.9585 | recall_macro=0.9698
        ovr_roc_auc_macro=0.9968 | ovr_pr_auc_macro=0.9933
Epoch 18/50 | Time 0m14s
  Train | loss=0.1110 | top1=98.66% | top2=99.96%
  Valid | loss=0.2584 | top1=97.77% | top2=99.55% | acc=97.68% | bal_acc=97.98% | macro_f1=0.9765 | weighted_f1=0.9766 | precision_macro=0.9739 | recall_macro=0.9798
        ovr_roc_auc_macro=0.9972 | ovr_pr_auc_macro=0.9945
Epoch 19/50 | Time 0m14s
  Train | loss=0.0665 | top1=99.31% | top2=100.00%
  Valid | loss=0.2239 | top1=97.29% | top2=99.55% | acc=97.45% | bal_acc=97.78% | macro_f1=0.9745 | weighted_f1=0.9744 | precision_macro=0.9716 | recall_macro=0.9778
        ovr_roc_auc_macro=0.9987 | ovr_pr_auc_macro=0.9972
Epoch 20/50 | Time 0m14s
  Train | loss=0.0544 | top1=99.31% | top2=99.96%
  Valid | loss=0.3559 | top1=96.65% | top2=99.55% | acc=96.52% | bal_acc=96.98% | macro_f1=0.9682 | weighted_f1=0.9646 | precision_macro=0.9686 | recall_macro=0.9698
        ovr_roc_auc_macro=0.9981 | ovr_pr_auc_macro=0.9959
Epoch 21/50 | Time 0m14s
  Train | loss=0.0672 | top1=99.19% | top2=99.96%
  Valid | loss=0.1108 | top1=98.88% | top2=99.55% | acc=98.84% | bal_acc=98.99% | macro_f1=0.9888 | weighted_f1=0.9884 | precision_macro=0.9879 | recall_macro=0.9899
        ovr_roc_auc_macro=0.9997 | ovr_pr_auc_macro=0.9992
  -> best macro_f1 updated to 0.9888 (epoch 21, val_loss=0.1108)
Epoch 22/50 | Time 0m14s
  Train | loss=0.0484 | top1=99.47% | top2=99.96%
  Valid | loss=0.1511 | top1=98.66% | top2=99.55% | acc=98.61% | bal_acc=98.79% | macro_f1=0.9857 | weighted_f1=0.9861 | precision_macro=0.9837 | recall_macro=0.9879
        ovr_roc_auc_macro=0.9996 | ovr_pr_auc_macro=0.9990
Epoch 23/50 | Time 0m14s
  Train | loss=0.0404 | top1=99.63% | top2=99.96%
  Valid | loss=0.2196 | top1=97.51% | top2=99.78% | acc=97.68% | bal_acc=97.98% | macro_f1=0.9787 | weighted_f1=0.9768 | precision_macro=0.9778 | recall_macro=0.9798
        ovr_roc_auc_macro=0.9989 | ovr_pr_auc_macro=0.9969
Epoch 24/50 | Time 0m14s
  Train | loss=0.0517 | top1=99.43% | top2=100.00%
  Valid | loss=0.1176 | top1=98.88% | top2=99.78% | acc=98.84% | bal_acc=98.99% | macro_f1=0.9899 | weighted_f1=0.9884 | precision_macro=0.9900 | recall_macro=0.9899
        ovr_roc_auc_macro=0.9997 | ovr_pr_auc_macro=0.9992
  -> best macro_f1 updated to 0.9899 (epoch 24, val_loss=0.1176)
Epoch 25/50 | Time 0m14s
  Train | loss=0.0308 | top1=99.59% | top2=100.00%
  Valid | loss=0.2779 | top1=97.51% | top2=100.00% | acc=97.68% | bal_acc=97.76% | macro_f1=0.9787 | weighted_f1=0.9768 | precision_macro=0.9801 | recall_macro=0.9776
        ovr_roc_auc_macro=0.9978 | ovr_pr_auc_macro=0.9958
Epoch 26/50 | Time 0m14s
  Train | loss=0.0406 | top1=99.49% | top2=99.81%
  Valid | loss=0.1047 | top1=98.66% | top2=99.55% | acc=98.61% | bal_acc=98.79% | macro_f1=0.9868 | weighted_f1=0.9861 | precision_macro=0.9859 | recall_macro=0.9879
        ovr_roc_auc_macro=0.9999 | ovr_pr_auc_macro=0.9997
Epoch 27/50 | Time 0m14s
  Train | loss=0.0534 | top1=99.35% | top2=99.96%
  Valid | loss=0.1086 | top1=98.44% | top2=100.00% | acc=98.38% | bal_acc=98.59% | macro_f1=0.9859 | weighted_f1=0.9837 | precision_macro=0.9859 | recall_macro=0.9859
        ovr_roc_auc_macro=0.9998 | ovr_pr_auc_macro=0.9994
Epoch 28/50 | Time 0m14s
  Train | loss=0.0208 | top1=99.80% | top2=100.00%
  Valid | loss=0.1345 | top1=98.44% | top2=99.78% | acc=98.38% | bal_acc=98.59% | macro_f1=0.9848 | weighted_f1=0.9838 | precision_macro=0.9840 | recall_macro=0.9859
        ovr_roc_auc_macro=0.9997 | ovr_pr_auc_macro=0.9992
Epoch 29/50 | Time 0m14s
  Train | loss=0.0259 | top1=99.80% | top2=100.00%
  Valid | loss=0.1633 | top1=98.21% | top2=99.78% | acc=98.14% | bal_acc=98.39% | macro_f1=0.9839 | weighted_f1=0.9814 | precision_macro=0.9839 | recall_macro=0.9839
        ovr_roc_auc_macro=0.9992 | ovr_pr_auc_macro=0.9982
Epoch 30/50 | Time 0m14s
  Train | loss=0.0192 | top1=99.84% | top2=100.00%
  Valid | loss=0.1252 | top1=98.88% | top2=100.00% | acc=98.84% | bal_acc=98.99% | macro_f1=0.9899 | weighted_f1=0.9884 | precision_macro=0.9901 | recall_macro=0.9899
        ovr_roc_auc_macro=0.9997 | ovr_pr_auc_macro=0.9992
Epoch 31/50 | Time 0m14s
  Train | loss=0.0080 | top1=99.96% | top2=100.00%
  Valid | loss=0.1474 | top1=98.66% | top2=100.00% | acc=98.61% | bal_acc=98.79% | macro_f1=0.9879 | weighted_f1=0.9861 | precision_macro=0.9881 | recall_macro=0.9879
        ovr_roc_auc_macro=0.9996 | ovr_pr_auc_macro=0.9989
Epoch 32/50 | Time 0m14s
  Train | loss=0.0243 | top1=99.80% | top2=100.00%
  Valid | loss=0.2832 | top1=97.29% | top2=99.78% | acc=97.45% | bal_acc=97.78% | macro_f1=0.9756 | weighted_f1=0.9744 | precision_macro=0.9738 | recall_macro=0.9778
        ovr_roc_auc_macro=0.9991 | ovr_pr_auc_macro=0.9979
Epoch 33/50 | Time 0m14s
  Train | loss=0.0204 | top1=99.84% | top2=100.00%
  Valid | loss=0.1811 | top1=97.99% | top2=99.78% | acc=97.91% | bal_acc=98.19% | macro_f1=0.9786 | weighted_f1=0.9792 | precision_macro=0.9758 | recall_macro=0.9819
        ovr_roc_auc_macro=0.9994 | ovr_pr_auc_macro=0.9984
Epoch 34/50 | Time 0m14s
  Train | loss=0.0103 | top1=99.92% | top2=100.00%
  Valid | loss=0.1615 | top1=98.21% | top2=99.78% | acc=98.14% | bal_acc=98.39% | macro_f1=0.9817 | weighted_f1=0.9815 | precision_macro=0.9798 | recall_macro=0.9839
        ovr_roc_auc_macro=0.9996 | ovr_pr_auc_macro=0.9989
  -> early stopping triggered at epoch 34

[TEST] loss=sce
  Test | loss=2.7550 | top1=78.12% | top2=87.98% | acc=76.90% | bal_acc=75.65% | macro_f1=0.7384 | weighted_f1=0.7365 | precision_macro=0.8436 | recall_macro=0.7565
        ovr_roc_auc_macro=0.9602 | ovr_pr_auc_macro=0.9146
  Confusion Matrix:
[[ 30  39  29   2]
 [  0 113   1   1]
 [  0   0 105   0]
 [  0   9  10  55]]
  Classification Report:
                  precision    recall  f1-score   support

    glioma_tumor     1.0000    0.3000    0.4615       100
meningioma_tumor     0.7019    0.9826    0.8188       115
        no_tumor     0.7241    1.0000    0.8400       105
 pituitary_tumor     0.9483    0.7432    0.8333        74

        accuracy                         0.7690       394
       macro avg     0.8436    0.7565    0.7384       394
    weighted avg     0.8297    0.7690    0.7365       394


##########################################################################################
Starting loss: gce
##########################################################################################
Model params: 24,492,228 | pretrained loaded: 320/344 | feat_dim=2048
Criterion: GeneralizedCrossEntropyLoss
Criterion trainable params: 0
Epoch 01/50 | Time 0m14s
  Train | loss=0.8466 | top1=42.28% | top2=65.62%
  Valid | loss=0.8151 | top1=52.89% | top2=73.29% | acc=53.13% | bal_acc=46.17% | macro_f1=0.4186 | weighted_f1=0.4818 | precision_macro=0.3978 | recall_macro=0.4617
        ovr_roc_auc_macro=0.7993 | ovr_pr_auc_macro=0.5873
  -> best macro_f1 updated to 0.4186 (epoch 1, val_loss=0.8151)
Epoch 02/50 | Time 0m14s
  Train | loss=0.5378 | top1=65.84% | top2=81.49%
  Valid | loss=0.4481 | top1=71.82% | top2=94.20% | acc=71.23% | bal_acc=65.89% | macro_f1=0.6731 | weighted_f1=0.7084 | precision_macro=0.7872 | recall_macro=0.6589
        ovr_roc_auc_macro=0.9377 | ovr_pr_auc_macro=0.8183
  -> best macro_f1 updated to 0.6731 (epoch 2, val_loss=0.4481)
Epoch 03/50 | Time 0m14s
  Train | loss=0.2647 | top1=81.49% | top2=95.29%
  Valid | loss=0.8734 | top1=34.66% | top2=52.35% | acc=35.50% | bal_acc=43.95% | macro_f1=0.2864 | weighted_f1=0.2680 | precision_macro=0.6703 | recall_macro=0.4395
        ovr_roc_auc_macro=0.7427 | ovr_pr_auc_macro=0.5375
Epoch 04/50 | Time 0m14s
  Train | loss=0.1887 | top1=86.48% | top2=97.12%
  Valid | loss=0.4312 | top1=65.22% | top2=92.83% | acc=65.43% | bal_acc=69.74% | macro_f1=0.6612 | weighted_f1=0.6912 | precision_macro=0.7822 | recall_macro=0.6974
        ovr_roc_auc_macro=0.9633 | ovr_pr_auc_macro=0.9216
Epoch 05/50 | Time 0m14s
  Train | loss=0.1534 | top1=88.90% | top2=98.05%
  Valid | loss=0.1925 | top1=87.16% | top2=96.62% | acc=87.70% | bal_acc=89.31% | macro_f1=0.8707 | weighted_f1=0.8793 | precision_macro=0.8662 | recall_macro=0.8931
        ovr_roc_auc_macro=0.9746 | ovr_pr_auc_macro=0.9358
  -> best macro_f1 updated to 0.8707 (epoch 5, val_loss=0.1925)
Epoch 06/50 | Time 0m14s
  Train | loss=0.1264 | top1=90.89% | top2=98.42%
  Valid | loss=0.4833 | top1=64.05% | top2=87.16% | acc=64.73% | bal_acc=68.24% | macro_f1=0.6733 | weighted_f1=0.6332 | precision_macro=0.7957 | recall_macro=0.6824
        ovr_roc_auc_macro=0.9282 | ovr_pr_auc_macro=0.8829
Epoch 07/50 | Time 0m14s
  Train | loss=0.1057 | top1=92.27% | top2=98.70%
  Valid | loss=0.1094 | top1=91.71% | top2=97.99% | acc=91.65% | bal_acc=92.52% | macro_f1=0.9211 | weighted_f1=0.9166 | precision_macro=0.9198 | recall_macro=0.9252
        ovr_roc_auc_macro=0.9904 | ovr_pr_auc_macro=0.9788
  -> best macro_f1 updated to 0.9211 (epoch 7, val_loss=0.1094)
Epoch 08/50 | Time 0m14s
  Train | loss=0.0859 | top1=93.81% | top2=99.03%
  Valid | loss=0.2612 | top1=80.65% | top2=94.36% | acc=81.21% | bal_acc=82.56% | macro_f1=0.8286 | weighted_f1=0.8094 | precision_macro=0.8693 | recall_macro=0.8256
        ovr_roc_auc_macro=0.9595 | ovr_pr_auc_macro=0.9260
Epoch 09/50 | Time 0m14s
  Train | loss=0.0875 | top1=93.34% | top2=99.11%
  Valid | loss=0.1395 | top1=90.15% | top2=97.07% | acc=90.02% | bal_acc=90.89% | macro_f1=0.8975 | weighted_f1=0.8986 | precision_macro=0.8969 | recall_macro=0.9089
        ovr_roc_auc_macro=0.9873 | ovr_pr_auc_macro=0.9701
Epoch 10/50 | Time 0m14s
  Train | loss=0.0695 | top1=94.78% | top2=99.31%
  Valid | loss=0.0511 | top1=96.18% | top2=99.11% | acc=96.29% | bal_acc=96.77% | macro_f1=0.9677 | weighted_f1=0.9628 | precision_macro=0.9680 | recall_macro=0.9677
        ovr_roc_auc_macro=0.9949 | ovr_pr_auc_macro=0.9898
  -> best macro_f1 updated to 0.9677 (epoch 10, val_loss=0.0511)
Epoch 11/50 | Time 0m14s
  Train | loss=0.0542 | top1=96.19% | top2=99.63%
  Valid | loss=0.0431 | top1=96.37% | top2=99.55% | acc=96.75% | bal_acc=97.18% | macro_f1=0.9707 | weighted_f1=0.9675 | precision_macro=0.9699 | recall_macro=0.9718
        ovr_roc_auc_macro=0.9932 | ovr_pr_auc_macro=0.9863
  -> best macro_f1 updated to 0.9707 (epoch 11, val_loss=0.0431)
Epoch 12/50 | Time 0m14s
  Train | loss=0.0460 | top1=96.57% | top2=99.68%
  Valid | loss=0.0517 | top1=95.98% | top2=99.33% | acc=95.82% | bal_acc=95.70% | macro_f1=0.9592 | weighted_f1=0.9582 | precision_macro=0.9616 | recall_macro=0.9570
        ovr_roc_auc_macro=0.9937 | ovr_pr_auc_macro=0.9877
Epoch 13/50 | Time 0m14s
  Train | loss=0.0401 | top1=97.32% | top2=99.76%
  Valid | loss=0.1673 | top1=87.41% | top2=97.07% | acc=87.70% | bal_acc=89.09% | macro_f1=0.8811 | weighted_f1=0.8752 | precision_macro=0.8818 | recall_macro=0.8909
        ovr_roc_auc_macro=0.9807 | ovr_pr_auc_macro=0.9630
Epoch 14/50 | Time 0m14s
  Train | loss=0.0396 | top1=97.28% | top2=99.63%
  Valid | loss=0.0567 | top1=95.54% | top2=99.33% | acc=95.36% | bal_acc=95.30% | macro_f1=0.9551 | weighted_f1=0.9535 | precision_macro=0.9577 | recall_macro=0.9530
        ovr_roc_auc_macro=0.9904 | ovr_pr_auc_macro=0.9819
Epoch 15/50 | Time 0m14s
  Train | loss=0.0425 | top1=97.00% | top2=99.43%
  Valid | loss=0.0460 | top1=96.65% | top2=99.55% | acc=96.52% | bal_acc=96.09% | macro_f1=0.9641 | weighted_f1=0.9652 | precision_macro=0.9676 | recall_macro=0.9609
        ovr_roc_auc_macro=0.9966 | ovr_pr_auc_macro=0.9925
Epoch 16/50 | Time 0m14s
  Train | loss=0.0308 | top1=97.85% | top2=99.84%
  Valid | loss=0.1402 | top1=89.64% | top2=96.82% | acc=90.02% | bal_acc=91.33% | macro_f1=0.8911 | weighted_f1=0.9028 | precision_macro=0.8891 | recall_macro=0.9133
        ovr_roc_auc_macro=0.9847 | ovr_pr_auc_macro=0.9643
Epoch 17/50 | Time 0m14s
  Train | loss=0.0329 | top1=97.66% | top2=99.73%
  Valid | loss=0.0342 | top1=97.77% | top2=99.78% | acc=97.68% | bal_acc=97.76% | macro_f1=0.9787 | weighted_f1=0.9768 | precision_macro=0.9800 | recall_macro=0.9776
        ovr_roc_auc_macro=0.9956 | ovr_pr_auc_macro=0.9917
  -> best macro_f1 updated to 0.9787 (epoch 17, val_loss=0.0342)
Epoch 18/50 | Time 0m14s
  Train | loss=0.0288 | top1=97.85% | top2=99.80%
  Valid | loss=0.0426 | top1=96.88% | top2=99.78% | acc=96.75% | bal_acc=96.73% | macro_f1=0.9684 | weighted_f1=0.9675 | precision_macro=0.9696 | recall_macro=0.9673
        ovr_roc_auc_macro=0.9944 | ovr_pr_auc_macro=0.9872
Epoch 19/50 | Time 0m14s
  Train | loss=0.0246 | top1=98.30% | top2=99.76%
  Valid | loss=0.0227 | top1=98.44% | top2=99.78% | acc=98.38% | bal_acc=98.59% | macro_f1=0.9848 | weighted_f1=0.9837 | precision_macro=0.9837 | recall_macro=0.9859
        ovr_roc_auc_macro=0.9977 | ovr_pr_auc_macro=0.9961
  -> best macro_f1 updated to 0.9848 (epoch 19, val_loss=0.0227)
Epoch 20/50 | Time 0m14s
  Train | loss=0.0224 | top1=98.25% | top2=99.80%
  Valid | loss=0.0429 | top1=96.62% | top2=99.78% | acc=96.75% | bal_acc=96.96% | macro_f1=0.9691 | weighted_f1=0.9670 | precision_macro=0.9705 | recall_macro=0.9696
        ovr_roc_auc_macro=0.9978 | ovr_pr_auc_macro=0.9962
Epoch 21/50 | Time 0m14s
  Train | loss=0.0287 | top1=97.95% | top2=99.80%
  Valid | loss=0.0565 | top1=95.92% | top2=99.78% | acc=96.29% | bal_acc=96.77% | macro_f1=0.9632 | weighted_f1=0.9626 | precision_macro=0.9614 | recall_macro=0.9677
        ovr_roc_auc_macro=0.9976 | ovr_pr_auc_macro=0.9947
Epoch 22/50 | Time 0m14s
  Train | loss=0.0200 | top1=98.50% | top2=99.84%
  Valid | loss=0.0357 | top1=97.54% | top2=99.78% | acc=97.45% | bal_acc=97.56% | macro_f1=0.9746 | weighted_f1=0.9746 | precision_macro=0.9739 | recall_macro=0.9756
        ovr_roc_auc_macro=0.9989 | ovr_pr_auc_macro=0.9971
Epoch 23/50 | Time 0m14s
  Train | loss=0.0251 | top1=98.09% | top2=99.68%
  Valid | loss=0.0322 | top1=98.21% | top2=99.55% | acc=98.14% | bal_acc=97.94% | macro_f1=0.9805 | weighted_f1=0.9814 | precision_macro=0.9816 | recall_macro=0.9794
        ovr_roc_auc_macro=0.9971 | ovr_pr_auc_macro=0.9932
Epoch 24/50 | Time 0m14s
  Train | loss=0.0214 | top1=98.54% | top2=99.84%
  Valid | loss=0.0211 | top1=98.44% | top2=100.00% | acc=98.38% | bal_acc=98.37% | macro_f1=0.9816 | weighted_f1=0.9838 | precision_macro=0.9797 | recall_macro=0.9837
        ovr_roc_auc_macro=0.9992 | ovr_pr_auc_macro=0.9969
Epoch 25/50 | Time 0m14s
  Train | loss=0.0123 | top1=99.23% | top2=99.88%
  Valid | loss=0.0352 | top1=97.10% | top2=99.78% | acc=96.98% | bal_acc=97.38% | macro_f1=0.9695 | weighted_f1=0.9699 | precision_macro=0.9660 | recall_macro=0.9738
        ovr_roc_auc_macro=0.9989 | ovr_pr_auc_macro=0.9962
Epoch 26/50 | Time 0m14s
  Train | loss=0.0151 | top1=99.03% | top2=99.88%
  Valid | loss=0.0415 | top1=97.04% | top2=100.00% | acc=97.45% | bal_acc=97.56% | macro_f1=0.9745 | weighted_f1=0.9745 | precision_macro=0.9739 | recall_macro=0.9756
        ovr_roc_auc_macro=0.9976 | ovr_pr_auc_macro=0.9950
Epoch 27/50 | Time 0m14s
  Train | loss=0.0143 | top1=98.99% | top2=99.84%
  Valid | loss=0.0200 | top1=98.66% | top2=100.00% | acc=98.61% | bal_acc=98.79% | macro_f1=0.9868 | weighted_f1=0.9861 | precision_macro=0.9858 | recall_macro=0.9879
        ovr_roc_auc_macro=0.9993 | ovr_pr_auc_macro=0.9982
  -> best macro_f1 updated to 0.9868 (epoch 27, val_loss=0.0200)
Epoch 28/50 | Time 0m14s
  Train | loss=0.0083 | top1=99.47% | top2=99.92%
  Valid | loss=0.0247 | top1=98.44% | top2=99.78% | acc=98.38% | bal_acc=98.59% | macro_f1=0.9847 | weighted_f1=0.9837 | precision_macro=0.9837 | recall_macro=0.9859
        ovr_roc_auc_macro=0.9990 | ovr_pr_auc_macro=0.9975
Epoch 29/50 | Time 0m14s
  Train | loss=0.0107 | top1=99.31% | top2=99.88%
  Valid | loss=0.0324 | top1=97.77% | top2=100.00% | acc=97.68% | bal_acc=97.76% | macro_f1=0.9776 | weighted_f1=0.9768 | precision_macro=0.9779 | recall_macro=0.9776
        ovr_roc_auc_macro=0.9982 | ovr_pr_auc_macro=0.9965
Epoch 30/50 | Time 0m14s
  Train | loss=0.0096 | top1=99.35% | top2=99.96%
  Valid | loss=0.0218 | top1=98.88% | top2=100.00% | acc=98.84% | bal_acc=98.99% | macro_f1=0.9888 | weighted_f1=0.9884 | precision_macro=0.9878 | recall_macro=0.9899
        ovr_roc_auc_macro=0.9991 | ovr_pr_auc_macro=0.9976
  -> best macro_f1 updated to 0.9888 (epoch 30, val_loss=0.0218)
Epoch 31/50 | Time 0m14s
  Train | loss=0.0085 | top1=99.39% | top2=99.92%
  Valid | loss=0.0276 | top1=98.21% | top2=99.78% | acc=98.14% | bal_acc=98.39% | macro_f1=0.9816 | weighted_f1=0.9814 | precision_macro=0.9796 | recall_macro=0.9839
        ovr_roc_auc_macro=0.9991 | ovr_pr_auc_macro=0.9982
Epoch 32/50 | Time 0m14s
  Train | loss=0.0054 | top1=99.68% | top2=99.96%
  Valid | loss=0.0164 | top1=98.66% | top2=100.00% | acc=98.61% | bal_acc=98.79% | macro_f1=0.9857 | weighted_f1=0.9861 | precision_macro=0.9837 | recall_macro=0.9879
        ovr_roc_auc_macro=0.9998 | ovr_pr_auc_macro=0.9995
Epoch 33/50 | Time 0m14s
  Train | loss=0.0074 | top1=99.55% | top2=99.92%
  Valid | loss=0.0273 | top1=97.99% | top2=100.00% | acc=97.91% | bal_acc=98.19% | macro_f1=0.9796 | weighted_f1=0.9791 | precision_macro=0.9776 | recall_macro=0.9819
        ovr_roc_auc_macro=0.9993 | ovr_pr_auc_macro=0.9983
Epoch 34/50 | Time 0m14s
  Train | loss=0.0113 | top1=99.25% | top2=99.81%
  Valid | loss=0.0181 | top1=98.21% | top2=100.00% | acc=98.14% | bal_acc=98.39% | macro_f1=0.9817 | weighted_f1=0.9814 | precision_macro=0.9796 | recall_macro=0.9839
        ovr_roc_auc_macro=0.9997 | ovr_pr_auc_macro=0.9992
Epoch 35/50 | Time 0m14s
  Train | loss=0.0037 | top1=99.76% | top2=99.96%
  Valid | loss=0.0196 | top1=98.44% | top2=100.00% | acc=98.38% | bal_acc=98.59% | macro_f1=0.9837 | weighted_f1=0.9838 | precision_macro=0.9818 | recall_macro=0.9859
        ovr_roc_auc_macro=0.9993 | ovr_pr_auc_macro=0.9984
Epoch 36/50 | Time 0m14s
  Train | loss=0.0044 | top1=99.72% | top2=99.88%
  Valid | loss=0.0165 | top1=99.11% | top2=100.00% | acc=99.07% | bal_acc=99.19% | macro_f1=0.9908 | weighted_f1=0.9907 | precision_macro=0.9898 | recall_macro=0.9919
        ovr_roc_auc_macro=0.9998 | ovr_pr_auc_macro=0.9995
  -> best macro_f1 updated to 0.9908 (epoch 36, val_loss=0.0165)
Epoch 37/50 | Time 0m14s
  Train | loss=0.0044 | top1=99.68% | top2=99.92%
  Valid | loss=0.0181 | top1=98.66% | top2=100.00% | acc=98.61% | bal_acc=98.79% | macro_f1=0.9858 | weighted_f1=0.9861 | precision_macro=0.9839 | recall_macro=0.9879
        ovr_roc_auc_macro=0.9999 | ovr_pr_auc_macro=0.9997
Epoch 38/50 | Time 0m14s
  Train | loss=0.0028 | top1=99.84% | top2=99.96%
  Valid | loss=0.0166 | top1=98.44% | top2=100.00% | acc=98.38% | bal_acc=98.59% | macro_f1=0.9837 | weighted_f1=0.9838 | precision_macro=0.9818 | recall_macro=0.9859
        ovr_roc_auc_macro=0.9999 | ovr_pr_auc_macro=0.9997
Epoch 39/50 | Time 0m14s
  Train | loss=0.0026 | top1=99.84% | top2=99.96%
  Valid | loss=0.0172 | top1=98.66% | top2=100.00% | acc=98.61% | bal_acc=98.79% | macro_f1=0.9857 | weighted_f1=0.9861 | precision_macro=0.9837 | recall_macro=0.9879
        ovr_roc_auc_macro=0.9998 | ovr_pr_auc_macro=0.9996
Epoch 40/50 | Time 0m14s
  Train | loss=0.0024 | top1=99.84% | top2=99.92%
  Valid | loss=0.0168 | top1=98.44% | top2=100.00% | acc=98.38% | bal_acc=98.59% | macro_f1=0.9837 | weighted_f1=0.9838 | precision_macro=0.9817 | recall_macro=0.9859
        ovr_roc_auc_macro=0.9999 | ovr_pr_auc_macro=0.9996
Epoch 41/50 | Time 0m14s
  Train | loss=0.0025 | top1=99.84% | top2=99.92%
  Valid | loss=0.0194 | top1=98.44% | top2=100.00% | acc=98.38% | bal_acc=98.59% | macro_f1=0.9837 | weighted_f1=0.9838 | precision_macro=0.9817 | recall_macro=0.9859
        ovr_roc_auc_macro=0.9998 | ovr_pr_auc_macro=0.9996
Epoch 42/50 | Time 0m14s
  Train | loss=0.0023 | top1=99.88% | top2=99.96%
  Valid | loss=0.0181 | top1=98.66% | top2=100.00% | acc=98.61% | bal_acc=98.79% | macro_f1=0.9857 | weighted_f1=0.9861 | precision_macro=0.9837 | recall_macro=0.9879
        ovr_roc_auc_macro=0.9996 | ovr_pr_auc_macro=0.9992
Epoch 43/50 | Time 0m14s
  Train | loss=0.0033 | top1=99.76% | top2=99.92%
  Valid | loss=0.0183 | top1=98.66% | top2=100.00% | acc=98.61% | bal_acc=98.79% | macro_f1=0.9857 | weighted_f1=0.9861 | precision_macro=0.9837 | recall_macro=0.9879
        ovr_roc_auc_macro=0.9997 | ovr_pr_auc_macro=0.9994
Epoch 44/50 | Time 0m14s
  Train | loss=0.0027 | top1=99.80% | top2=99.92%
  Valid | loss=0.0199 | top1=98.44% | top2=100.00% | acc=98.38% | bal_acc=98.59% | macro_f1=0.9827 | weighted_f1=0.9838 | precision_macro=0.9799 | recall_macro=0.9859
        ovr_roc_auc_macro=0.9998 | ovr_pr_auc_macro=0.9996
Epoch 45/50 | Time 0m14s
  Train | loss=0.0030 | top1=99.80% | top2=99.96%
  Valid | loss=0.0201 | top1=98.66% | top2=100.00% | acc=98.61% | bal_acc=98.79% | macro_f1=0.9857 | weighted_f1=0.9861 | precision_macro=0.9837 | recall_macro=0.9879
        ovr_roc_auc_macro=0.9998 | ovr_pr_auc_macro=0.9994
Epoch 46/50 | Time 0m14s
  Train | loss=0.0023 | top1=99.84% | top2=99.92%
  Valid | loss=0.0197 | top1=98.44% | top2=100.00% | acc=98.38% | bal_acc=98.59% | macro_f1=0.9837 | weighted_f1=0.9838 | precision_macro=0.9818 | recall_macro=0.9859
        ovr_roc_auc_macro=0.9998 | ovr_pr_auc_macro=0.9996
  -> early stopping triggered at epoch 46

[TEST] loss=gce
  Test | loss=0.3035 | top1=78.32% | top2=89.42% | acc=77.66% | bal_acc=76.45% | macro_f1=0.7487 | weighted_f1=0.7457 | precision_macro=0.8538 | recall_macro=0.7645
        ovr_roc_auc_macro=0.9331 | ovr_pr_auc_macro=0.8569
  Confusion Matrix:
[[ 31  40  28   1]
 [  0 114   1   0]
 [  0   0 105   0]
 [  0   8  10  56]]
  Classification Report:
                  precision    recall  f1-score   support

    glioma_tumor     1.0000    0.3100    0.4733       100
meningioma_tumor     0.7037    0.9913    0.8231       115
        no_tumor     0.7292    1.0000    0.8434       105
 pituitary_tumor     0.9825    0.7568    0.8550        74

        accuracy                         0.7766       394
       macro avg     0.8538    0.7645    0.7487       394
    weighted avg     0.8380    0.7766    0.7457       394


##########################################################################################
Starting loss: dast
##########################################################################################
Model params: 24,492,228 | pretrained loaded: 320/344 | feat_dim=2048
Criterion: DistanceAwareSoftTargetLoss
Criterion trainable params: 0
Epoch 01/50 | Time 0m14s
  Train | loss=0.8646 | top1=45.81% | top2=71.63%
  Valid | loss=0.8378 | top1=50.33% | top2=81.67% | acc=49.42% | bal_acc=43.83% | macro_f1=0.4292 | weighted_f1=0.4753 | precision_macro=0.6091 | recall_macro=0.4383
        ovr_roc_auc_macro=0.7863 | ovr_pr_auc_macro=0.5777
  -> best macro_f1 updated to 0.4292 (epoch 1, val_loss=0.8378)
Epoch 02/50 | Time 0m14s
  Train | loss=0.6557 | top1=70.26% | top2=90.40%
  Valid | loss=0.6932 | top1=55.98% | top2=83.65% | acc=56.61% | bal_acc=61.41% | macro_f1=0.5626 | weighted_f1=0.5713 | precision_macro=0.7060 | recall_macro=0.6141
        ovr_roc_auc_macro=0.9073 | ovr_pr_auc_macro=0.7693
  -> best macro_f1 updated to 0.5626 (epoch 2, val_loss=0.6932)
Epoch 03/50 | Time 0m14s
  Train | loss=0.5406 | top1=83.11% | top2=95.00%
  Valid | loss=0.6976 | top1=58.53% | top2=88.59% | acc=58.47% | bal_acc=62.13% | macro_f1=0.6063 | weighted_f1=0.5795 | precision_macro=0.7641 | recall_macro=0.6213
        ovr_roc_auc_macro=0.9318 | ovr_pr_auc_macro=0.8612
  -> best macro_f1 updated to 0.6063 (epoch 3, val_loss=0.6976)
Epoch 04/50 | Time 0m14s
  Train | loss=0.5190 | top1=86.76% | top2=97.01%
  Valid | loss=0.8554 | top1=64.14% | top2=75.13% | acc=64.04% | bal_acc=68.08% | macro_f1=0.6414 | weighted_f1=0.6148 | precision_macro=0.7532 | recall_macro=0.6808
        ovr_roc_auc_macro=0.9148 | ovr_pr_auc_macro=0.8466
  -> best macro_f1 updated to 0.6414 (epoch 4, val_loss=0.8554)
Epoch 05/50 | Time 0m14s
  Train | loss=0.4888 | top1=89.91% | top2=97.93%
  Valid | loss=0.4966 | top1=90.57% | top2=97.51% | acc=90.72% | bal_acc=89.94% | macro_f1=0.9074 | weighted_f1=0.9071 | precision_macro=0.9243 | recall_macro=0.8994
        ovr_roc_auc_macro=0.9838 | ovr_pr_auc_macro=0.9658
  -> best macro_f1 updated to 0.9074 (epoch 5, val_loss=0.4966)
Epoch 06/50 | Time 0m14s
  Train | loss=0.4517 | top1=94.09% | top2=99.07%
  Valid | loss=0.4790 | top1=93.02% | top2=97.07% | acc=93.27% | bal_acc=93.71% | macro_f1=0.9338 | weighted_f1=0.9325 | precision_macro=0.9340 | recall_macro=0.9371
        ovr_roc_auc_macro=0.9902 | ovr_pr_auc_macro=0.9820
  -> best macro_f1 updated to 0.9338 (epoch 6, val_loss=0.4790)
Epoch 07/50 | Time 0m14s
  Train | loss=0.4408 | top1=95.31% | top2=98.92%
  Valid | loss=0.4449 | top1=95.06% | top2=98.88% | acc=95.13% | bal_acc=94.66% | macro_f1=0.9512 | weighted_f1=0.9518 | precision_macro=0.9592 | recall_macro=0.9466
        ovr_roc_auc_macro=0.9914 | ovr_pr_auc_macro=0.9794
  -> best macro_f1 updated to 0.9512 (epoch 7, val_loss=0.4449)
Epoch 08/50 | Time 0m14s
  Train | loss=0.4306 | top1=96.47% | top2=99.68%
  Valid | loss=0.4902 | top1=90.09% | top2=96.62% | acc=90.49% | bal_acc=91.73% | macro_f1=0.9124 | weighted_f1=0.9042 | precision_macro=0.9152 | recall_macro=0.9173
        ovr_roc_auc_macro=0.9843 | ovr_pr_auc_macro=0.9701
Epoch 09/50 | Time 0m14s
  Train | loss=0.4319 | top1=96.83% | top2=99.39%
  Valid | loss=0.4441 | top1=95.06% | top2=99.11% | acc=95.13% | bal_acc=95.32% | macro_f1=0.9518 | weighted_f1=0.9508 | precision_macro=0.9514 | recall_macro=0.9532
        ovr_roc_auc_macro=0.9940 | ovr_pr_auc_macro=0.9899
  -> best macro_f1 updated to 0.9518 (epoch 9, val_loss=0.4441)
Epoch 10/50 | Time 0m14s
  Train | loss=0.4202 | top1=97.89% | top2=99.68%
  Valid | loss=0.4641 | top1=94.84% | top2=98.18% | acc=94.90% | bal_acc=95.12% | macro_f1=0.9510 | weighted_f1=0.9488 | precision_macro=0.9547 | recall_macro=0.9512
        ovr_roc_auc_macro=0.9905 | ovr_pr_auc_macro=0.9861
Epoch 11/50 | Time 0m14s
  Train | loss=0.4166 | top1=98.34% | top2=99.72%
  Valid | loss=0.4201 | top1=98.21% | top2=99.55% | acc=98.14% | bal_acc=98.39% | macro_f1=0.9828 | weighted_f1=0.9815 | precision_macro=0.9819 | recall_macro=0.9839
        ovr_roc_auc_macro=0.9987 | ovr_pr_auc_macro=0.9974
  -> best macro_f1 updated to 0.9828 (epoch 11, val_loss=0.4201)
Epoch 12/50 | Time 0m14s
  Train | loss=0.4126 | top1=98.54% | top2=99.76%
  Valid | loss=0.4584 | top1=95.48% | top2=97.49% | acc=95.82% | bal_acc=96.15% | macro_f1=0.9615 | weighted_f1=0.9582 | precision_macro=0.9625 | recall_macro=0.9615
        ovr_roc_auc_macro=0.9901 | ovr_pr_auc_macro=0.9837
Epoch 13/50 | Time 0m14s
  Train | loss=0.4102 | top1=98.46% | top2=99.76%
  Valid | loss=0.4181 | top1=98.21% | top2=99.55% | acc=98.14% | bal_acc=98.39% | macro_f1=0.9806 | weighted_f1=0.9814 | precision_macro=0.9777 | recall_macro=0.9839
        ovr_roc_auc_macro=0.9981 | ovr_pr_auc_macro=0.9970
Epoch 14/50 | Time 0m14s
  Train | loss=0.4116 | top1=98.48% | top2=99.65%
  Valid | loss=0.4754 | top1=92.10% | top2=95.95% | acc=92.58% | bal_acc=93.55% | macro_f1=0.9271 | weighted_f1=0.9256 | precision_macro=0.9260 | recall_macro=0.9355
        ovr_roc_auc_macro=0.9939 | ovr_pr_auc_macro=0.9882
Epoch 15/50 | Time 0m14s
  Train | loss=0.4226 | top1=98.01% | top2=99.47%
  Valid | loss=0.4567 | top1=96.18% | top2=98.21% | acc=96.29% | bal_acc=96.55% | macro_f1=0.9666 | weighted_f1=0.9628 | precision_macro=0.9691 | recall_macro=0.9655
        ovr_roc_auc_macro=0.9905 | ovr_pr_auc_macro=0.9878
Epoch 16/50 | Time 0m14s
  Train | loss=0.4179 | top1=97.93% | top2=99.35%
  Valid | loss=0.4360 | top1=96.85% | top2=98.41% | acc=96.98% | bal_acc=97.16% | macro_f1=0.9693 | weighted_f1=0.9697 | precision_macro=0.9677 | recall_macro=0.9716
        ovr_roc_auc_macro=0.9947 | ovr_pr_auc_macro=0.9923
Epoch 17/50 | Time 0m14s
  Train | loss=0.4066 | top1=99.04% | top2=99.92%
  Valid | loss=0.4383 | top1=96.88% | top2=98.44% | acc=96.75% | bal_acc=97.18% | macro_f1=0.9708 | weighted_f1=0.9676 | precision_macro=0.9710 | recall_macro=0.9718
        ovr_roc_auc_macro=0.9951 | ovr_pr_auc_macro=0.9862
Epoch 18/50 | Time 0m14s
  Train | loss=0.4044 | top1=99.07% | top2=99.92%
  Valid | loss=0.4157 | top1=98.44% | top2=99.33% | acc=98.38% | bal_acc=98.59% | macro_f1=0.9848 | weighted_f1=0.9837 | precision_macro=0.9837 | recall_macro=0.9859
        ovr_roc_auc_macro=0.9982 | ovr_pr_auc_macro=0.9974
  -> best macro_f1 updated to 0.9848 (epoch 18, val_loss=0.4157)
Epoch 19/50 | Time 0m14s
  Train | loss=0.4058 | top1=99.23% | top2=99.92%
  Valid | loss=0.4046 | top1=99.55% | top2=100.00% | acc=99.54% | bal_acc=99.60% | macro_f1=0.9949 | weighted_f1=0.9954 | precision_macro=0.9938 | recall_macro=0.9960
        ovr_roc_auc_macro=0.9999 | ovr_pr_auc_macro=0.9999
  -> best macro_f1 updated to 0.9949 (epoch 19, val_loss=0.4046)
Epoch 20/50 | Time 0m14s
  Train | loss=0.4010 | top1=99.63% | top2=99.96%
  Valid | loss=0.4135 | top1=98.66% | top2=99.33% | acc=98.61% | bal_acc=98.79% | macro_f1=0.9868 | weighted_f1=0.9861 | precision_macro=0.9859 | recall_macro=0.9879
        ovr_roc_auc_macro=0.9982 | ovr_pr_auc_macro=0.9976
Epoch 21/50 | Time 0m14s
  Train | loss=0.3990 | top1=99.68% | top2=100.00%
  Valid | loss=0.4051 | top1=98.88% | top2=99.78% | acc=98.84% | bal_acc=98.99% | macro_f1=0.9867 | weighted_f1=0.9884 | precision_macro=0.9838 | recall_macro=0.9899
        ovr_roc_auc_macro=0.9999 | ovr_pr_auc_macro=0.9997
Epoch 22/50 | Time 0m14s
  Train | loss=0.3995 | top1=99.63% | top2=99.96%
  Valid | loss=0.4145 | top1=97.77% | top2=99.78% | acc=97.68% | bal_acc=97.98% | macro_f1=0.9777 | weighted_f1=0.9768 | precision_macro=0.9757 | recall_macro=0.9798
        ovr_roc_auc_macro=0.9984 | ovr_pr_auc_macro=0.9979
Epoch 23/50 | Time 0m14s
  Train | loss=0.3976 | top1=99.92% | top2=100.00%
  Valid | loss=0.4058 | top1=99.11% | top2=100.00% | acc=99.07% | bal_acc=99.19% | macro_f1=0.9920 | weighted_f1=0.9907 | precision_macro=0.9922 | recall_macro=0.9919
        ovr_roc_auc_macro=0.9999 | ovr_pr_auc_macro=0.9998
Epoch 24/50 | Time 0m14s
  Train | loss=0.3973 | top1=99.92% | top2=100.00%
  Valid | loss=0.4042 | top1=98.88% | top2=100.00% | acc=98.84% | bal_acc=98.99% | macro_f1=0.9877 | weighted_f1=0.9884 | precision_macro=0.9857 | recall_macro=0.9899
        ovr_roc_auc_macro=0.9999 | ovr_pr_auc_macro=0.9997
Epoch 25/50 | Time 0m14s
  Train | loss=0.3976 | top1=99.72% | top2=99.96%
  Valid | loss=0.4370 | top1=94.42% | top2=98.88% | acc=94.20% | bal_acc=94.96% | macro_f1=0.9309 | weighted_f1=0.9432 | precision_macro=0.9259 | recall_macro=0.9496
        ovr_roc_auc_macro=0.9918 | ovr_pr_auc_macro=0.9746
Epoch 26/50 | Time 0m14s
  Train | loss=0.4011 | top1=99.43% | top2=99.92%
  Valid | loss=0.4174 | top1=98.66% | top2=99.11% | acc=98.61% | bal_acc=98.79% | macro_f1=0.9868 | weighted_f1=0.9861 | precision_macro=0.9858 | recall_macro=0.9879
        ovr_roc_auc_macro=0.9969 | ovr_pr_auc_macro=0.9959
Epoch 27/50 | Time 0m14s
  Train | loss=0.3978 | top1=99.76% | top2=99.96%
  Valid | loss=0.4135 | top1=97.99% | top2=99.55% | acc=97.91% | bal_acc=98.19% | macro_f1=0.9797 | weighted_f1=0.9791 | precision_macro=0.9780 | recall_macro=0.9819
        ovr_roc_auc_macro=0.9979 | ovr_pr_auc_macro=0.9962
Epoch 28/50 | Time 0m14s
  Train | loss=0.3966 | top1=99.88% | top2=100.00%
  Valid | loss=0.4067 | top1=99.11% | top2=99.78% | acc=99.07% | bal_acc=99.19% | macro_f1=0.9919 | weighted_f1=0.9907 | precision_macro=0.9920 | recall_macro=0.9919
        ovr_roc_auc_macro=0.9986 | ovr_pr_auc_macro=0.9982
Epoch 29/50 | Time 0m14s
  Train | loss=0.3973 | top1=99.92% | top2=99.96%
  Valid | loss=0.4155 | top1=98.41% | top2=99.30% | acc=98.61% | bal_acc=98.79% | macro_f1=0.9868 | weighted_f1=0.9861 | precision_macro=0.9858 | recall_macro=0.9879
        ovr_roc_auc_macro=0.9968 | ovr_pr_auc_macro=0.9959
  -> early stopping triggered at epoch 29

[TEST] loss=dast
  Test | loss=0.6285 | top1=80.05% | top2=87.98% | acc=78.93% | bal_acc=78.00% | macro_f1=0.7672 | weighted_f1=0.7627 | precision_macro=0.8622 | recall_macro=0.7800
        ovr_roc_auc_macro=0.9421 | ovr_pr_auc_macro=0.8797
  Confusion Matrix:
[[ 34  39  27   0]
 [  0 113   2   0]
 [  0   0 105   0]
 [  0   5  10  59]]
  Classification Report:
                  precision    recall  f1-score   support

    glioma_tumor     1.0000    0.3400    0.5075       100
meningioma_tumor     0.7197    0.9826    0.8309       115
        no_tumor     0.7292    1.0000    0.8434       105
 pituitary_tumor     1.0000    0.7973    0.8872        74

        accuracy                         0.7893       394
       macro avg     0.8622    0.7800    0.7672       394
    weighted avg     0.8460    0.7893    0.7627       394


##########################################################################################
Starting loss: pcol
##########################################################################################
Model params: 24,492,228 | pretrained loaded: 320/344 | feat_dim=2048
Criterion: PrototypeConsistencyOrdinalLoss
Criterion trainable params: 8,192
Epoch 01/50 | Time 0m14s
  Train | loss=1.3122 | top1=43.07% | top2=68.83%
  Valid | loss=1.2406 | top1=57.63% | top2=76.50% | acc=57.54% | bal_acc=50.00% | macro_f1=0.4599 | weighted_f1=0.5292 | precision_macro=0.4381 | recall_macro=0.5000
        ovr_roc_auc_macro=0.8189 | ovr_pr_auc_macro=0.6119
  -> best macro_f1 updated to 0.4599 (epoch 1, val_loss=1.2406)
Epoch 02/50 | Time 0m14s
  Train | loss=0.8758 | top1=68.74% | top2=87.56%
  Valid | loss=1.0048 | top1=66.62% | top2=81.64% | acc=66.36% | bal_acc=70.77% | macro_f1=0.6505 | weighted_f1=0.6583 | precision_macro=0.7362 | recall_macro=0.7077
        ovr_roc_auc_macro=0.9161 | ovr_pr_auc_macro=0.7881
  -> best macro_f1 updated to 0.6505 (epoch 2, val_loss=1.0048)
Epoch 03/50 | Time 0m14s
  Train | loss=0.4636 | top1=83.62% | top2=97.40%
  Valid | loss=1.0008 | top1=58.08% | top2=84.76% | acc=58.00% | bal_acc=59.95% | macro_f1=0.5508 | weighted_f1=0.5276 | precision_macro=0.7685 | recall_macro=0.5995
        ovr_roc_auc_macro=0.9405 | ovr_pr_auc_macro=0.8749
Epoch 04/50 | Time 0m14s
  Train | loss=0.3826 | top1=86.73% | top2=97.69%
  Valid | loss=2.0287 | top1=23.56% | top2=68.63% | acc=23.43% | bal_acc=33.47% | macro_f1=0.2156 | weighted_f1=0.2081 | precision_macro=0.7369 | recall_macro=0.3347
        ovr_roc_auc_macro=0.8714 | ovr_pr_auc_macro=0.7420
Epoch 05/50 | Time 0m14s
  Train | loss=0.2736 | top1=90.76% | top2=98.54%
  Valid | loss=0.3577 | top1=86.83% | top2=98.44% | acc=86.31% | bal_acc=88.10% | macro_f1=0.8656 | weighted_f1=0.8614 | precision_macro=0.8741 | recall_macro=0.8810
        ovr_roc_auc_macro=0.9902 | ovr_pr_auc_macro=0.9768
  -> best macro_f1 updated to 0.8656 (epoch 5, val_loss=0.3577)
Epoch 06/50 | Time 0m14s
  Train | loss=0.2158 | top1=93.08% | top2=99.11%
  Valid | loss=0.1833 | top1=94.17% | top2=99.33% | acc=94.20% | bal_acc=94.96% | macro_f1=0.9436 | weighted_f1=0.9401 | precision_macro=0.9442 | recall_macro=0.9496
        ovr_roc_auc_macro=0.9958 | ovr_pr_auc_macro=0.9910
  -> best macro_f1 updated to 0.9436 (epoch 6, val_loss=0.1833)
Epoch 07/50 | Time 0m14s
  Train | loss=0.1624 | top1=94.97% | top2=99.39%
  Valid | loss=0.6263 | top1=76.95% | top2=89.96% | acc=76.57% | bal_acc=78.30% | macro_f1=0.7763 | weighted_f1=0.7556 | precision_macro=0.8284 | recall_macro=0.7830
        ovr_roc_auc_macro=0.9742 | ovr_pr_auc_macro=0.9407
Epoch 08/50 | Time 0m14s
  Train | loss=0.1335 | top1=95.90% | top2=99.51%
  Valid | loss=0.5248 | top1=77.81% | top2=97.99% | acc=77.73% | bal_acc=80.65% | macro_f1=0.7651 | weighted_f1=0.7928 | precision_macro=0.8245 | recall_macro=0.8065
        ovr_roc_auc_macro=0.9891 | ovr_pr_auc_macro=0.9730
Epoch 09/50 | Time 0m14s
  Train | loss=0.1087 | top1=96.35% | top2=99.92%
  Valid | loss=0.2078 | top1=92.38% | top2=98.66% | acc=92.34% | bal_acc=93.35% | macro_f1=0.9133 | weighted_f1=0.9258 | precision_macro=0.9089 | recall_macro=0.9335
        ovr_roc_auc_macro=0.9969 | ovr_pr_auc_macro=0.9930
Epoch 10/50 | Time 0m14s
  Train | loss=0.0799 | top1=97.46% | top2=99.84%
  Valid | loss=0.1742 | top1=95.54% | top2=98.66% | acc=95.36% | bal_acc=95.75% | macro_f1=0.9512 | weighted_f1=0.9536 | precision_macro=0.9468 | recall_macro=0.9575
        ovr_roc_auc_macro=0.9972 | ovr_pr_auc_macro=0.9928
  -> best macro_f1 updated to 0.9512 (epoch 10, val_loss=0.1742)
Epoch 11/50 | Time 0m14s
  Train | loss=0.0994 | top1=96.79% | top2=99.72%
  Valid | loss=0.1069 | top1=96.15% | top2=99.55% | acc=96.52% | bal_acc=96.98% | macro_f1=0.9686 | weighted_f1=0.9651 | precision_macro=0.9684 | recall_macro=0.9698
        ovr_roc_auc_macro=0.9984 | ovr_pr_auc_macro=0.9969
  -> best macro_f1 updated to 0.9686 (epoch 11, val_loss=0.1069)
Epoch 12/50 | Time 0m14s
  Train | loss=0.0740 | top1=97.29% | top2=99.88%
  Valid | loss=0.1431 | top1=95.48% | top2=98.85% | acc=95.82% | bal_acc=96.37% | macro_f1=0.9605 | weighted_f1=0.9583 | precision_macro=0.9582 | recall_macro=0.9637
        ovr_roc_auc_macro=0.9975 | ovr_pr_auc_macro=0.9949
Epoch 13/50 | Time 0m14s
  Train | loss=0.0842 | top1=97.42% | top2=99.88%
  Valid | loss=0.1266 | top1=95.48% | top2=99.33% | acc=95.82% | bal_acc=96.37% | macro_f1=0.9553 | weighted_f1=0.9581 | precision_macro=0.9501 | recall_macro=0.9637
        ovr_roc_auc_macro=0.9986 | ovr_pr_auc_macro=0.9969
Epoch 14/50 | Time 0m14s
  Train | loss=0.0535 | top1=98.62% | top2=99.96%
  Valid | loss=0.0733 | top1=97.51% | top2=99.78% | acc=97.68% | bal_acc=97.98% | macro_f1=0.9787 | weighted_f1=0.9768 | precision_macro=0.9778 | recall_macro=0.9798
        ovr_roc_auc_macro=0.9993 | ovr_pr_auc_macro=0.9980
  -> best macro_f1 updated to 0.9787 (epoch 14, val_loss=0.0733)
Epoch 15/50 | Time 0m14s
  Train | loss=0.0597 | top1=97.74% | top2=99.84%
  Valid | loss=0.0813 | top1=97.77% | top2=99.78% | acc=97.68% | bal_acc=97.98% | macro_f1=0.9736 | weighted_f1=0.9769 | precision_macro=0.9687 | recall_macro=0.9798
        ovr_roc_auc_macro=0.9990 | ovr_pr_auc_macro=0.9977
Epoch 16/50 | Time 0m14s
  Train | loss=0.0470 | top1=98.27% | top2=99.96%
  Valid | loss=0.1199 | top1=97.07% | top2=99.55% | acc=97.22% | bal_acc=97.58% | macro_f1=0.9746 | weighted_f1=0.9720 | precision_macro=0.9747 | recall_macro=0.9758
        ovr_roc_auc_macro=0.9979 | ovr_pr_auc_macro=0.9965
Epoch 17/50 | Time 0m14s
  Train | loss=0.0487 | top1=98.57% | top2=99.73%
  Valid | loss=0.1790 | top1=96.18% | top2=99.78% | acc=96.29% | bal_acc=96.77% | macro_f1=0.9676 | weighted_f1=0.9628 | precision_macro=0.9693 | recall_macro=0.9677
        ovr_roc_auc_macro=0.9956 | ovr_pr_auc_macro=0.9907
Epoch 18/50 | Time 0m14s
  Train | loss=0.0413 | top1=98.66% | top2=100.00%
  Valid | loss=0.0603 | top1=97.74% | top2=99.78% | acc=97.91% | bal_acc=98.19% | macro_f1=0.9796 | weighted_f1=0.9791 | precision_macro=0.9776 | recall_macro=0.9819
        ovr_roc_auc_macro=0.9997 | ovr_pr_auc_macro=0.9992
  -> best macro_f1 updated to 0.9796 (epoch 18, val_loss=0.0603)
Epoch 19/50 | Time 0m14s
  Train | loss=0.0230 | top1=99.51% | top2=99.96%
  Valid | loss=0.0687 | top1=97.74% | top2=100.00% | acc=97.91% | bal_acc=98.19% | macro_f1=0.9786 | weighted_f1=0.9791 | precision_macro=0.9757 | recall_macro=0.9819
        ovr_roc_auc_macro=0.9996 | ovr_pr_auc_macro=0.9990
Epoch 20/50 | Time 0m14s
  Train | loss=0.0164 | top1=99.55% | top2=100.00%
  Valid | loss=0.0741 | top1=97.99% | top2=99.78% | acc=97.91% | bal_acc=98.19% | macro_f1=0.9797 | weighted_f1=0.9791 | precision_macro=0.9777 | recall_macro=0.9819
        ovr_roc_auc_macro=0.9994 | ovr_pr_auc_macro=0.9984
Epoch 21/50 | Time 0m14s
  Train | loss=0.0144 | top1=99.76% | top2=100.00%
  Valid | loss=0.0808 | top1=97.99% | top2=99.78% | acc=97.91% | bal_acc=98.19% | macro_f1=0.9787 | weighted_f1=0.9792 | precision_macro=0.9760 | recall_macro=0.9819
        ovr_roc_auc_macro=0.9994 | ovr_pr_auc_macro=0.9985
Epoch 22/50 | Time 0m14s
  Train | loss=0.0206 | top1=99.41% | top2=100.00%
  Valid | loss=0.0712 | top1=98.44% | top2=99.78% | acc=98.38% | bal_acc=98.59% | macro_f1=0.9859 | weighted_f1=0.9838 | precision_macro=0.9861 | recall_macro=0.9859
        ovr_roc_auc_macro=0.9993 | ovr_pr_auc_macro=0.9983
  -> best macro_f1 updated to 0.9859 (epoch 22, val_loss=0.0712)
Epoch 23/50 | Time 0m14s
  Train | loss=0.0500 | top1=98.46% | top2=99.84%
  Valid | loss=0.1326 | top1=95.95% | top2=98.85% | acc=96.06% | bal_acc=96.57% | macro_f1=0.9577 | weighted_f1=0.9609 | precision_macro=0.9525 | recall_macro=0.9657
        ovr_roc_auc_macro=0.9985 | ovr_pr_auc_macro=0.9963
Epoch 24/50 | Time 0m14s
  Train | loss=0.0279 | top1=99.17% | top2=100.00%
  Valid | loss=0.1087 | top1=96.40% | top2=99.55% | acc=96.52% | bal_acc=96.98% | macro_f1=0.9627 | weighted_f1=0.9656 | precision_macro=0.9576 | recall_macro=0.9698
        ovr_roc_auc_macro=0.9986 | ovr_pr_auc_macro=0.9965
Epoch 25/50 | Time 0m14s
  Train | loss=0.0183 | top1=99.55% | top2=100.00%
  Valid | loss=0.0935 | top1=97.32% | top2=99.78% | acc=97.22% | bal_acc=97.58% | macro_f1=0.9736 | weighted_f1=0.9722 | precision_macro=0.9720 | recall_macro=0.9758
        ovr_roc_auc_macro=0.9990 | ovr_pr_auc_macro=0.9975
Epoch 26/50 | Time 0m14s
  Train | loss=0.0286 | top1=99.49% | top2=100.00%
  Valid | loss=0.0514 | top1=98.44% | top2=99.78% | acc=98.38% | bal_acc=98.59% | macro_f1=0.9837 | weighted_f1=0.9838 | precision_macro=0.9817 | recall_macro=0.9859
        ovr_roc_auc_macro=0.9997 | ovr_pr_auc_macro=0.9993
Epoch 27/50 | Time 0m14s
  Train | loss=0.0144 | top1=99.72% | top2=100.00%
  Valid | loss=0.0735 | top1=98.21% | top2=99.78% | acc=98.14% | bal_acc=98.39% | macro_f1=0.9828 | weighted_f1=0.9815 | precision_macro=0.9820 | recall_macro=0.9839
        ovr_roc_auc_macro=0.9995 | ovr_pr_auc_macro=0.9987
Epoch 28/50 | Time 0m14s
  Train | loss=0.0120 | top1=99.76% | top2=100.00%
  Valid | loss=0.0351 | top1=98.66% | top2=99.78% | acc=98.61% | bal_acc=98.79% | macro_f1=0.9868 | weighted_f1=0.9861 | precision_macro=0.9859 | recall_macro=0.9879
        ovr_roc_auc_macro=0.9999 | ovr_pr_auc_macro=0.9997
  -> best macro_f1 updated to 0.9868 (epoch 28, val_loss=0.0351)
Epoch 29/50 | Time 0m14s
  Train | loss=0.0079 | top1=99.92% | top2=100.00%
  Valid | loss=0.0444 | top1=98.44% | top2=99.78% | acc=98.38% | bal_acc=98.59% | macro_f1=0.9837 | weighted_f1=0.9838 | precision_macro=0.9818 | recall_macro=0.9859
        ovr_roc_auc_macro=0.9999 | ovr_pr_auc_macro=0.9996
Epoch 30/50 | Time 0m14s
  Train | loss=0.0078 | top1=99.96% | top2=100.00%
  Valid | loss=0.1024 | top1=97.32% | top2=99.78% | acc=97.22% | bal_acc=97.58% | macro_f1=0.9726 | weighted_f1=0.9722 | precision_macro=0.9704 | recall_macro=0.9758
        ovr_roc_auc_macro=0.9991 | ovr_pr_auc_macro=0.9978
Epoch 31/50 | Time 0m14s
  Train | loss=0.0143 | top1=99.68% | top2=100.00%
  Valid | loss=0.0488 | top1=98.66% | top2=99.78% | acc=98.61% | bal_acc=98.79% | macro_f1=0.9857 | weighted_f1=0.9861 | precision_macro=0.9838 | recall_macro=0.9879
        ovr_roc_auc_macro=0.9997 | ovr_pr_auc_macro=0.9990
Epoch 32/50 | Time 0m14s
  Train | loss=0.0125 | top1=99.72% | top2=100.00%
  Valid | loss=0.0544 | top1=98.88% | top2=99.78% | acc=98.84% | bal_acc=98.99% | macro_f1=0.9867 | weighted_f1=0.9885 | precision_macro=0.9839 | recall_macro=0.9899
        ovr_roc_auc_macro=0.9996 | ovr_pr_auc_macro=0.9989
Epoch 33/50 | Time 0m14s
  Train | loss=0.0076 | top1=99.92% | top2=100.00%
  Valid | loss=0.0449 | top1=98.66% | top2=99.78% | acc=98.61% | bal_acc=98.79% | macro_f1=0.9857 | weighted_f1=0.9861 | precision_macro=0.9838 | recall_macro=0.9879
        ovr_roc_auc_macro=0.9998 | ovr_pr_auc_macro=0.9994
Epoch 34/50 | Time 0m14s
  Train | loss=0.0068 | top1=99.92% | top2=100.00%
  Valid | loss=0.0739 | top1=97.74% | top2=99.78% | acc=97.91% | bal_acc=98.19% | macro_f1=0.9797 | weighted_f1=0.9792 | precision_macro=0.9781 | recall_macro=0.9819
        ovr_roc_auc_macro=0.9996 | ovr_pr_auc_macro=0.9990
Epoch 35/50 | Time 0m14s
  Train | loss=0.0069 | top1=99.96% | top2=100.00%
  Valid | loss=0.0598 | top1=97.74% | top2=99.78% | acc=97.91% | bal_acc=98.19% | macro_f1=0.9797 | weighted_f1=0.9792 | precision_macro=0.9781 | recall_macro=0.9819
        ovr_roc_auc_macro=0.9997 | ovr_pr_auc_macro=0.9993
Epoch 36/50 | Time 0m14s
  Train | loss=0.0050 | top1=100.00% | top2=100.00%
  Valid | loss=0.0440 | top1=98.66% | top2=99.78% | acc=98.61% | bal_acc=98.79% | macro_f1=0.9857 | weighted_f1=0.9861 | precision_macro=0.9838 | recall_macro=0.9879
        ovr_roc_auc_macro=0.9998 | ovr_pr_auc_macro=0.9996
Epoch 37/50 | Time 0m14s
  Train | loss=0.0048 | top1=100.00% | top2=100.00%
  Valid | loss=0.0445 | top1=98.88% | top2=99.78% | acc=98.84% | bal_acc=98.99% | macro_f1=0.9878 | weighted_f1=0.9884 | precision_macro=0.9858 | recall_macro=0.9899
        ovr_roc_auc_macro=0.9999 | ovr_pr_auc_macro=0.9996
  -> best macro_f1 updated to 0.9878 (epoch 37, val_loss=0.0445)
Epoch 38/50 | Time 0m14s
  Train | loss=0.0070 | top1=99.92% | top2=100.00%
  Valid | loss=0.0455 | top1=98.21% | top2=99.78% | acc=98.14% | bal_acc=98.39% | macro_f1=0.9817 | weighted_f1=0.9815 | precision_macro=0.9799 | recall_macro=0.9839
        ovr_roc_auc_macro=0.9999 | ovr_pr_auc_macro=0.9997
Epoch 39/50 | Time 0m14s
  Train | loss=0.0063 | top1=99.92% | top2=100.00%
  Valid | loss=0.0393 | top1=98.44% | top2=99.78% | acc=98.38% | bal_acc=98.59% | macro_f1=0.9837 | weighted_f1=0.9838 | precision_macro=0.9818 | recall_macro=0.9859
        ovr_roc_auc_macro=0.9999 | ovr_pr_auc_macro=0.9997
Epoch 40/50 | Time 0m14s
  Train | loss=0.0046 | top1=100.00% | top2=100.00%
  Valid | loss=0.0484 | top1=98.21% | top2=99.78% | acc=98.14% | bal_acc=98.39% | macro_f1=0.9817 | weighted_f1=0.9815 | precision_macro=0.9799 | recall_macro=0.9839
        ovr_roc_auc_macro=0.9998 | ovr_pr_auc_macro=0.9995
Epoch 41/50 | Time 0m14s
  Train | loss=0.0049 | top1=99.96% | top2=100.00%
  Valid | loss=0.0481 | top1=98.21% | top2=99.78% | acc=98.14% | bal_acc=98.39% | macro_f1=0.9817 | weighted_f1=0.9815 | precision_macro=0.9797 | recall_macro=0.9839
        ovr_roc_auc_macro=0.9998 | ovr_pr_auc_macro=0.9995
Epoch 42/50 | Time 0m14s
  Train | loss=0.0040 | top1=100.00% | top2=100.00%
  Valid | loss=0.0556 | top1=98.21% | top2=99.78% | acc=98.14% | bal_acc=98.39% | macro_f1=0.9817 | weighted_f1=0.9815 | precision_macro=0.9799 | recall_macro=0.9839
        ovr_roc_auc_macro=0.9998 | ovr_pr_auc_macro=0.9994
Epoch 43/50 | Time 0m14s
  Train | loss=0.0047 | top1=100.00% | top2=100.00%
  Valid | loss=0.0425 | top1=98.21% | top2=99.78% | acc=98.14% | bal_acc=98.39% | macro_f1=0.9817 | weighted_f1=0.9815 | precision_macro=0.9797 | recall_macro=0.9839
        ovr_roc_auc_macro=0.9998 | ovr_pr_auc_macro=0.9996
Epoch 44/50 | Time 0m14s
  Train | loss=0.0049 | top1=100.00% | top2=100.00%
  Valid | loss=0.0401 | top1=98.66% | top2=99.78% | acc=98.61% | bal_acc=98.79% | macro_f1=0.9857 | weighted_f1=0.9861 | precision_macro=0.9837 | recall_macro=0.9879
        ovr_roc_auc_macro=0.9998 | ovr_pr_auc_macro=0.9996
Epoch 45/50 | Time 0m14s
  Train | loss=0.0038 | top1=100.00% | top2=100.00%
  Valid | loss=0.0528 | top1=98.21% | top2=99.78% | acc=98.14% | bal_acc=98.39% | macro_f1=0.9817 | weighted_f1=0.9815 | precision_macro=0.9799 | recall_macro=0.9839
        ovr_roc_auc_macro=0.9998 | ovr_pr_auc_macro=0.9994
Epoch 46/50 | Time 0m14s
  Train | loss=0.0049 | top1=99.96% | top2=100.00%
  Valid | loss=0.0530 | top1=98.21% | top2=99.78% | acc=98.14% | bal_acc=98.39% | macro_f1=0.9817 | weighted_f1=0.9815 | precision_macro=0.9799 | recall_macro=0.9839
        ovr_roc_auc_macro=0.9998 | ovr_pr_auc_macro=0.9995
Epoch 47/50 | Time 0m14s
  Train | loss=0.0055 | top1=100.00% | top2=100.00%
  Valid | loss=0.0474 | top1=98.44% | top2=99.78% | acc=98.38% | bal_acc=98.59% | macro_f1=0.9837 | weighted_f1=0.9838 | precision_macro=0.9817 | recall_macro=0.9859
        ovr_roc_auc_macro=0.9998 | ovr_pr_auc_macro=0.9996
  -> early stopping triggered at epoch 47

[TEST] loss=pcol
  Test | loss=1.2762 | top1=80.05% | top2=87.50% | acc=78.93% | bal_acc=78.12% | macro_f1=0.7673 | weighted_f1=0.7627 | precision_macro=0.8575 | recall_macro=0.7812
        ovr_roc_auc_macro=0.9597 | ovr_pr_auc_macro=0.9199
  Confusion Matrix:
[[ 34  43  22   1]
 [  0 112   2   1]
 [  0   0 105   0]
 [  0   6   8  60]]
  Classification Report:
                  precision    recall  f1-score   support

    glioma_tumor     1.0000    0.3400    0.5075       100
meningioma_tumor     0.6957    0.9739    0.8116       115
        no_tumor     0.7664    1.0000    0.8678       105
 pituitary_tumor     0.9677    0.8108    0.8824        74

        accuracy                         0.7893       394
       macro avg     0.8575    0.7812    0.7673       394
    weighted avg     0.8429    0.7893    0.7627       394


##########################################################################################
Starting loss: aom
##########################################################################################
Model params: 24,492,228 | pretrained loaded: 320/344 | feat_dim=2048
Criterion: AdaptiveOrdinalMarginLoss
Criterion trainable params: 0
Epoch 01/50 | Time 0m14s
  Train | loss=1.2423 | top1=45.19% | top2=66.72%
  Valid | loss=1.1875 | top1=54.06% | top2=77.20% | acc=53.83% | bal_acc=46.77% | macro_f1=0.4381 | weighted_f1=0.5041 | precision_macro=0.4617 | recall_macro=0.4677
        ovr_roc_auc_macro=0.7955 | ovr_pr_auc_macro=0.5947
  -> best macro_f1 updated to 0.4381 (epoch 1, val_loss=1.1875)
Epoch 02/50 | Time 0m14s
  Train | loss=0.8193 | top1=68.96% | top2=87.46%
  Valid | loss=0.6172 | top1=80.49% | top2=94.42% | acc=80.51% | bal_acc=82.40% | macro_f1=0.8029 | weighted_f1=0.8098 | precision_macro=0.8034 | recall_macro=0.8240
        ovr_roc_auc_macro=0.9468 | ovr_pr_auc_macro=0.8354
  -> best macro_f1 updated to 0.8029 (epoch 2, val_loss=0.6172)
Epoch 03/50 | Time 0m14s
  Train | loss=0.4201 | top1=83.92% | top2=96.81%
  Valid | loss=0.6567 | top1=70.16% | top2=96.40% | acc=70.30% | bal_acc=73.97% | macro_f1=0.7195 | weighted_f1=0.7074 | precision_macro=0.7867 | recall_macro=0.7397
        ovr_roc_auc_macro=0.9366 | ovr_pr_auc_macro=0.8364
Epoch 04/50 | Time 0m14s
  Train | loss=0.2949 | top1=88.75% | top2=98.21%
  Valid | loss=0.3590 | top1=84.79% | top2=96.88% | acc=84.45% | bal_acc=82.05% | macro_f1=0.8345 | weighted_f1=0.8416 | precision_macro=0.8672 | recall_macro=0.8205
        ovr_roc_auc_macro=0.9792 | ovr_pr_auc_macro=0.9500
  -> best macro_f1 updated to 0.8345 (epoch 4, val_loss=0.3590)
Epoch 05/50 | Time 0m14s
  Train | loss=0.2007 | top1=92.24% | top2=99.03%
  Valid | loss=0.1830 | top1=93.30% | top2=98.66% | acc=93.04% | bal_acc=93.73% | macro_f1=0.9272 | weighted_f1=0.9303 | precision_macro=0.9219 | recall_macro=0.9373
        ovr_roc_auc_macro=0.9940 | ovr_pr_auc_macro=0.9860
  -> best macro_f1 updated to 0.9272 (epoch 5, val_loss=0.1830)
Epoch 06/50 | Time 0m14s
  Train | loss=0.1542 | top1=94.56% | top2=99.39%
  Valid | loss=0.0738 | top1=97.32% | top2=99.78% | acc=97.22% | bal_acc=97.36% | macro_f1=0.9725 | weighted_f1=0.9722 | precision_macro=0.9715 | recall_macro=0.9736
        ovr_roc_auc_macro=0.9988 | ovr_pr_auc_macro=0.9966
  -> best macro_f1 updated to 0.9725 (epoch 6, val_loss=0.0738)
Epoch 07/50 | Time 0m14s
  Train | loss=0.1325 | top1=94.78% | top2=99.43%
  Valid | loss=0.1048 | top1=96.18% | top2=99.55% | acc=96.29% | bal_acc=96.77% | macro_f1=0.9656 | weighted_f1=0.9629 | precision_macro=0.9638 | recall_macro=0.9677
        ovr_roc_auc_macro=0.9966 | ovr_pr_auc_macro=0.9932
Epoch 08/50 | Time 0m14s
  Train | loss=0.0984 | top1=96.65% | top2=99.88%
  Valid | loss=0.2417 | top1=91.93% | top2=99.33% | acc=91.88% | bal_acc=91.83% | macro_f1=0.9199 | weighted_f1=0.9183 | precision_macro=0.9277 | recall_macro=0.9183
        ovr_roc_auc_macro=0.9911 | ovr_pr_auc_macro=0.9773
Epoch 09/50 | Time 0m14s
  Train | loss=0.0958 | top1=97.04% | top2=99.84%
  Valid | loss=0.1062 | top1=96.88% | top2=99.33% | acc=96.75% | bal_acc=97.18% | macro_f1=0.9674 | weighted_f1=0.9674 | precision_macro=0.9641 | recall_macro=0.9718
        ovr_roc_auc_macro=0.9982 | ovr_pr_auc_macro=0.9949
Epoch 10/50 | Time 0m14s
  Train | loss=0.0959 | top1=97.01% | top2=99.51%
  Valid | loss=0.0480 | top1=98.88% | top2=99.78% | acc=98.84% | bal_acc=98.99% | macro_f1=0.9867 | weighted_f1=0.9884 | precision_macro=0.9838 | recall_macro=0.9899
        ovr_roc_auc_macro=0.9994 | ovr_pr_auc_macro=0.9984
  -> best macro_f1 updated to 0.9867 (epoch 10, val_loss=0.0480)
Epoch 11/50 | Time 0m13s
  Train | loss=0.0629 | top1=97.48% | top2=99.96%
  Valid | loss=0.0992 | top1=96.43% | top2=99.55% | acc=96.29% | bal_acc=96.77% | macro_f1=0.9657 | weighted_f1=0.9630 | precision_macro=0.9643 | recall_macro=0.9677
        ovr_roc_auc_macro=0.9984 | ovr_pr_auc_macro=0.9962
Epoch 12/50 | Time 0m13s
  Train | loss=0.0464 | top1=98.17% | top2=99.80%
  Valid | loss=0.1025 | top1=95.54% | top2=99.11% | acc=95.36% | bal_acc=95.75% | macro_f1=0.9522 | weighted_f1=0.9535 | precision_macro=0.9502 | recall_macro=0.9575
        ovr_roc_auc_macro=0.9995 | ovr_pr_auc_macro=0.9984
Epoch 13/50 | Time 0m14s
  Train | loss=0.0298 | top1=98.86% | top2=99.96%
  Valid | loss=0.0746 | top1=97.77% | top2=99.78% | acc=97.68% | bal_acc=97.98% | macro_f1=0.9775 | weighted_f1=0.9766 | precision_macro=0.9763 | recall_macro=0.9798
        ovr_roc_auc_macro=0.9991 | ovr_pr_auc_macro=0.9979
Epoch 14/50 | Time 0m14s
  Train | loss=0.0425 | top1=98.46% | top2=100.00%
  Valid | loss=0.0701 | top1=96.88% | top2=100.00% | acc=96.75% | bal_acc=97.18% | macro_f1=0.9675 | weighted_f1=0.9675 | precision_macro=0.9642 | recall_macro=0.9718
        ovr_roc_auc_macro=0.9991 | ovr_pr_auc_macro=0.9978
Epoch 15/50 | Time 0m14s
  Train | loss=0.0300 | top1=98.94% | top2=99.84%
  Valid | loss=0.1544 | top1=95.09% | top2=99.33% | acc=94.90% | bal_acc=94.68% | macro_f1=0.9470 | weighted_f1=0.9480 | precision_macro=0.9494 | recall_macro=0.9468
        ovr_roc_auc_macro=0.9966 | ovr_pr_auc_macro=0.9898
Epoch 16/50 | Time 0m14s
  Train | loss=0.0359 | top1=98.70% | top2=99.88%
  Valid | loss=0.1420 | top1=95.03% | top2=99.78% | acc=95.36% | bal_acc=95.97% | macro_f1=0.9564 | weighted_f1=0.9536 | precision_macro=0.9551 | recall_macro=0.9597
        ovr_roc_auc_macro=0.9972 | ovr_pr_auc_macro=0.9944
Epoch 17/50 | Time 0m14s
  Train | loss=0.0190 | top1=99.33% | top2=99.92%
  Valid | loss=0.0678 | top1=96.43% | top2=99.33% | acc=96.29% | bal_acc=96.77% | macro_f1=0.9605 | weighted_f1=0.9630 | precision_macro=0.9550 | recall_macro=0.9677
        ovr_roc_auc_macro=0.9995 | ovr_pr_auc_macro=0.9986
Epoch 18/50 | Time 0m14s
  Train | loss=0.0244 | top1=99.07% | top2=100.00%
  Valid | loss=0.0659 | top1=97.54% | top2=99.55% | acc=97.45% | bal_acc=97.56% | macro_f1=0.9735 | weighted_f1=0.9745 | precision_macro=0.9715 | recall_macro=0.9756
        ovr_roc_auc_macro=0.9992 | ovr_pr_auc_macro=0.9978
Epoch 19/50 | Time 0m14s
  Train | loss=0.0199 | top1=99.15% | top2=100.00%
  Valid | loss=0.1443 | top1=97.07% | top2=99.78% | acc=97.22% | bal_acc=97.58% | macro_f1=0.9746 | weighted_f1=0.9721 | precision_macro=0.9746 | recall_macro=0.9758
        ovr_roc_auc_macro=0.9981 | ovr_pr_auc_macro=0.9957
Epoch 20/50 | Time 0m14s
  Train | loss=0.0307 | top1=99.11% | top2=99.96%
  Valid | loss=0.0890 | top1=97.77% | top2=99.78% | acc=97.68% | bal_acc=97.32% | macro_f1=0.9741 | weighted_f1=0.9766 | precision_macro=0.9753 | recall_macro=0.9732
        ovr_roc_auc_macro=0.9983 | ovr_pr_auc_macro=0.9944
  -> early stopping triggered at epoch 20

[TEST] loss=aom
  Test | loss=1.2389 | top1=75.53% | top2=85.34% | acc=76.40% | bal_acc=75.10% | macro_f1=0.7387 | weighted_f1=0.7351 | precision_macro=0.8514 | recall_macro=0.7510
        ovr_roc_auc_macro=0.9296 | ovr_pr_auc_macro=0.8759
  Confusion Matrix:
[[ 31  50  19   0]
 [  0 112   3   0]
 [  0   1 104   0]
 [  0   6  14  54]]
  Classification Report:
                  precision    recall  f1-score   support

    glioma_tumor     1.0000    0.3100    0.4733       100
meningioma_tumor     0.6627    0.9739    0.7887       115
        no_tumor     0.7429    0.9905    0.8490       105
 pituitary_tumor     1.0000    0.7297    0.8438        74

        accuracy                         0.7640       394
       macro avg     0.8514    0.7510    0.7387       394
    weighted avg     0.8330    0.7640    0.7351       394


==========================================================================================
Summary CSV saved: E:\Paper\Computer-Vision-for-Medicine\MRI_Loss\logs\ResNet_layer2+MECS_20260324_061110_summary.csv
Top results by test_macro_f1:
  pcol: macro_f1=0.7673, acc=0.7893, top1=0.8005
  dast: macro_f1=0.7672, acc=0.7893, top1=0.8005
  gce: macro_f1=0.7487, acc=0.7766, top1=0.7832
  ordinal_focal_mse: macro_f1=0.7466, acc=0.7741, top1=0.7861
  aom: macro_f1=0.7387, acc=0.7640, top1=0.7553
  sce: macro_f1=0.7384, acc=0.7690, top1=0.7812
  cb_focal_ce: macro_f1=0.7278, acc=0.7614, top1=0.7740
==========================================================================================

EXIT CODE: 0
END TIME: 2026-03-24T07:10:36
====================================================================================================
