
------------------------------------------------------------
▶️ 正在运行: 目录 [../DDD] -> 脚本 [ResNet_layer3+GCSA+Loss4.py]
📝 日志保存至: ../DDD/logs\../DDD_ResNet_layer3+GCSA+Loss4.log
🕒 开始于: 2026-03-19 21:53:14.844470
------------------------------------------------------------
Starting Diabetic Retinopathy ResNet50 + GCSA (Layer3) + Loss4 (DAST) Baseline...
Using device: cuda
CUDA device: NVIDIA GeForce RTX 4080 SUPER
Total matched samples: 35126
Total unique patients: 17563
Overall class distribution:
level
0    25810
1     2443
2     5292
3      873
4      708
Name: count, dtype: int64

Train samples: 28098
Train unique patients: 14049
Train class distribution:
level
0    20645
1     1938
2     4251
3      687
4      577
Name: count, dtype: int64

Valid samples: 3514
Valid unique patients: 1757
Valid class distribution:
level
0    2606
1     242
2     515
3      88
4      63
Name: count, dtype: int64

Test samples: 3514
Test unique patients: 1757
Test class distribution:
level
0    2559
1     263
2     526
3      98
4      68
Name: count, dtype: int64

Unique patients | train=14049, valid=1757, test=1757

Split sizes | train=28098, valid=3514, test=3514
Loading pretrained ResNet50 and injecting GCSA after layer3...
Trainable parameters: 49,737,797
Initializing DistanceAwareSoftTargetLoss for 5 ordinal classes...
Starting training...

Epoch 01/50 | Time 1m 48s
  Train | loss=0.7342 | top1=73.19% | top2=83.32% | top3=95.23%
  Valid | loss=0.6941 | top1=74.58% | top2=87.71% | top3=97.10% | acc=74.59% | bal_acc=22.67% | macro_f1=0.2163 | qwk=0.2919 | weighted_f1=0.6722 | precision_macro=0.2245 | recall_macro=0.2267
         ovr_roc_auc_macro=0.7545 | ovr_pr_auc_macro=0.3270
 Initial best model saved to best_resnet50_dr_gcsa_layer3_loss4_patient_split.pt (score=0.2919)

Epoch 02/50 | Time 1m 47s
  Train | loss=0.6887 | top1=74.83% | top2=86.73% | top3=97.11%
  Valid | loss=0.6626 | top1=76.40% | top2=88.20% | top3=97.61% | acc=76.41% | bal_acc=30.26% | macro_f1=0.3281 | qwk=0.3884 | weighted_f1=0.6968 | precision_macro=0.4777 | recall_macro=0.3026
         ovr_roc_auc_macro=0.7961 | ovr_pr_auc_macro=0.3975
 Validation improved. Saved best model to best_resnet50_dr_gcsa_layer3_loss4_patient_split.pt (score=0.3884)

Epoch 03/50 | Time 1m 47s
  Train | loss=0.6693 | top1=76.28% | top2=88.04% | top3=97.73%
  Valid | loss=0.6649 | top1=77.05% | top2=87.83% | top3=97.73% | acc=77.06% | bal_acc=30.71% | macro_f1=0.3411 | qwk=0.3751 | weighted_f1=0.7009 | precision_macro=0.5508 | recall_macro=0.3071
         ovr_roc_auc_macro=0.7917 | ovr_pr_auc_macro=0.4483
 No improvement. Bad epochs: 1/10

Epoch 04/50 | Time 1m 49s
  Train | loss=0.6497 | top1=77.65% | top2=89.25% | top3=98.06%
  Valid | loss=0.6455 | top1=79.07% | top2=89.45% | top3=98.18% | acc=79.08% | bal_acc=38.68% | macro_f1=0.4323 | qwk=0.5474 | weighted_f1=0.7393 | precision_macro=0.5913 | recall_macro=0.3868
         ovr_roc_auc_macro=0.8066 | ovr_pr_auc_macro=0.4919
 Validation improved. Saved best model to best_resnet50_dr_gcsa_layer3_loss4_patient_split.pt (score=0.5474)

Epoch 05/50 | Time 1m 47s
  Train | loss=0.6368 | top1=78.63% | top2=90.01% | top3=98.31%
  Valid | loss=0.6375 | top1=78.84% | top2=91.58% | top3=98.58% | acc=78.86% | bal_acc=41.74% | macro_f1=0.4608 | qwk=0.5511 | weighted_f1=0.7376 | precision_macro=0.5571 | recall_macro=0.4174
         ovr_roc_auc_macro=0.8226 | ovr_pr_auc_macro=0.5040
 Validation improved. Saved best model to best_resnet50_dr_gcsa_layer3_loss4_patient_split.pt (score=0.5511)

Epoch 06/50 | Time 1m 47s
  Train | loss=0.6271 | top1=79.30% | top2=90.63% | top3=98.47%
  Valid | loss=0.6348 | top1=79.01% | top2=88.71% | top3=98.35% | acc=79.03% | bal_acc=40.10% | macro_f1=0.4519 | qwk=0.5279 | weighted_f1=0.7311 | precision_macro=0.5976 | recall_macro=0.4010
         ovr_roc_auc_macro=0.8259 | ovr_pr_auc_macro=0.5133
 No improvement. Bad epochs: 1/10

Epoch 07/50 | Time 1m 49s
  Train | loss=0.6185 | top1=79.82% | top2=90.87% | top3=98.63%
  Valid | loss=0.6143 | top1=80.49% | top2=91.74% | top3=98.61% | acc=80.51% | bal_acc=43.90% | macro_f1=0.4872 | qwk=0.6180 | weighted_f1=0.7619 | precision_macro=0.5894 | recall_macro=0.4390
         ovr_roc_auc_macro=0.8423 | ovr_pr_auc_macro=0.5356
 Validation improved. Saved best model to best_resnet50_dr_gcsa_layer3_loss4_patient_split.pt (score=0.6180)

Epoch 08/50 | Time 1m 47s
  Train | loss=0.6090 | top1=80.36% | top2=91.29% | top3=98.73%
  Valid | loss=0.6290 | top1=79.32% | top2=90.50% | top3=98.38% | acc=79.34% | bal_acc=38.84% | macro_f1=0.4315 | qwk=0.5514 | weighted_f1=0.7404 | precision_macro=0.5430 | recall_macro=0.3884
         ovr_roc_auc_macro=0.8292 | ovr_pr_auc_macro=0.4939
 No improvement. Bad epochs: 1/10

Epoch 09/50 | Time 1m 49s
  Train | loss=0.6019 | top1=80.93% | top2=91.86% | top3=98.87%
  Valid | loss=0.6291 | top1=79.58% | top2=90.16% | top3=98.55% | acc=79.60% | bal_acc=38.43% | macro_f1=0.4391 | qwk=0.5502 | weighted_f1=0.7436 | precision_macro=0.6650 | recall_macro=0.3843
         ovr_roc_auc_macro=0.8288 | ovr_pr_auc_macro=0.5183
 No improvement. Bad epochs: 2/10

Epoch 10/50 | Time 1m 48s
  Train | loss=0.5970 | top1=81.23% | top2=91.90% | top3=98.91%
  Valid | loss=0.6241 | top1=80.20% | top2=90.61% | top3=98.66% | acc=80.22% | bal_acc=42.07% | macro_f1=0.4619 | qwk=0.5969 | weighted_f1=0.7534 | precision_macro=0.5536 | recall_macro=0.4207
         ovr_roc_auc_macro=0.8329 | ovr_pr_auc_macro=0.5158
 No improvement. Bad epochs: 3/10

Epoch 11/50 | Time 1m 50s
  Train | loss=0.5885 | top1=81.81% | top2=92.42% | top3=98.98%
  Valid | loss=0.6182 | top1=80.65% | top2=90.95% | top3=98.52% | acc=80.68% | bal_acc=45.01% | macro_f1=0.4933 | qwk=0.6386 | weighted_f1=0.7652 | precision_macro=0.5809 | recall_macro=0.4501
         ovr_roc_auc_macro=0.8360 | ovr_pr_auc_macro=0.5300
 Validation improved. Saved best model to best_resnet50_dr_gcsa_layer3_loss4_patient_split.pt (score=0.6386)

Epoch 12/50 | Time 1m 48s
  Train | loss=0.5832 | top1=82.42% | top2=92.87% | top3=99.00%
  Valid | loss=0.6262 | top1=80.60% | top2=91.18% | top3=98.55% | acc=80.62% | bal_acc=41.58% | macro_f1=0.4578 | qwk=0.6388 | weighted_f1=0.7622 | precision_macro=0.5982 | recall_macro=0.4158
         ovr_roc_auc_macro=0.8257 | ovr_pr_auc_macro=0.5133
 Validation improved. Saved best model to best_resnet50_dr_gcsa_layer3_loss4_patient_split.pt (score=0.6388)

Epoch 13/50 | Time 1m 50s
  Train | loss=0.5761 | top1=82.79% | top2=93.14% | top3=99.10%
  Valid | loss=0.6189 | top1=80.57% | top2=91.04% | top3=98.32% | acc=80.59% | bal_acc=46.68% | macro_f1=0.4907 | qwk=0.6541 | weighted_f1=0.7699 | precision_macro=0.5362 | recall_macro=0.4668
         ovr_roc_auc_macro=0.8385 | ovr_pr_auc_macro=0.5284
 Validation improved. Saved best model to best_resnet50_dr_gcsa_layer3_loss4_patient_split.pt (score=0.6541)

Epoch 14/50 | Time 1m 48s
  Train | loss=0.5712 | top1=83.06% | top2=93.45% | top3=99.13%
  Valid | loss=0.6211 | top1=81.02% | top2=91.18% | top3=98.49% | acc=81.05% | bal_acc=46.58% | macro_f1=0.5103 | qwk=0.6467 | weighted_f1=0.7678 | precision_macro=0.6412 | recall_macro=0.4658
         ovr_roc_auc_macro=0.8359 | ovr_pr_auc_macro=0.5444
 No improvement. Bad epochs: 1/10

Epoch 15/50 | Time 1m 47s
  Train | loss=0.5642 | top1=83.57% | top2=93.58% | top3=99.18%
  Valid | loss=0.6118 | top1=81.25% | top2=91.72% | top3=98.69% | acc=81.27% | bal_acc=45.36% | macro_f1=0.4848 | qwk=0.6716 | weighted_f1=0.7741 | precision_macro=0.5777 | recall_macro=0.4536
         ovr_roc_auc_macro=0.8373 | ovr_pr_auc_macro=0.5269
 Validation improved. Saved best model to best_resnet50_dr_gcsa_layer3_loss4_patient_split.pt (score=0.6716)

Epoch 16/50 | Time 1m 46s
  Train | loss=0.5585 | top1=83.94% | top2=94.06% | top3=99.29%
  Valid | loss=0.6198 | top1=80.96% | top2=91.23% | top3=98.43% | acc=80.99% | bal_acc=45.29% | macro_f1=0.4957 | qwk=0.6545 | weighted_f1=0.7717 | precision_macro=0.6515 | recall_macro=0.4529
         ovr_roc_auc_macro=0.8358 | ovr_pr_auc_macro=0.5543
 No improvement. Bad epochs: 1/10

Epoch 17/50 | Time 1m 47s
  Train | loss=0.5510 | top1=84.58% | top2=94.33% | top3=99.27%
  Valid | loss=0.6220 | top1=80.66% | top2=91.09% | top3=98.38% | acc=80.68% | bal_acc=44.99% | macro_f1=0.4916 | qwk=0.6559 | weighted_f1=0.7696 | precision_macro=0.6334 | recall_macro=0.4499
         ovr_roc_auc_macro=0.8291 | ovr_pr_auc_macro=0.5407
 No improvement. Bad epochs: 2/10

Epoch 18/50 | Time 1m 48s
  Train | loss=0.5421 | top1=85.31% | top2=94.92% | top3=99.40%
  Valid | loss=0.6276 | top1=80.79% | top2=91.23% | top3=98.15% | acc=80.82% | bal_acc=43.77% | macro_f1=0.4747 | qwk=0.6434 | weighted_f1=0.7700 | precision_macro=0.5720 | recall_macro=0.4377
         ovr_roc_auc_macro=0.8267 | ovr_pr_auc_macro=0.5119
 No improvement. Bad epochs: 3/10

Epoch 19/50 | Time 1m 48s
  Train | loss=0.5359 | top1=85.87% | top2=95.21% | top3=99.43%
  Valid | loss=0.6352 | top1=80.55% | top2=90.56% | top3=98.38% | acc=80.56% | bal_acc=45.33% | macro_f1=0.5018 | qwk=0.6398 | weighted_f1=0.7693 | precision_macro=0.6250 | recall_macro=0.4533
         ovr_roc_auc_macro=0.8207 | ovr_pr_auc_macro=0.5273
 No improvement. Bad epochs: 4/10

Epoch 20/50 | Time 1m 47s
  Train | loss=0.5275 | top1=86.48% | top2=95.55% | top3=99.51%
  Valid | loss=0.6322 | top1=79.40% | top2=90.41% | top3=98.18% | acc=79.43% | bal_acc=47.71% | macro_f1=0.5006 | qwk=0.6496 | weighted_f1=0.7661 | precision_macro=0.5630 | recall_macro=0.4771
         ovr_roc_auc_macro=0.8278 | ovr_pr_auc_macro=0.5269
 No improvement. Bad epochs: 5/10

Epoch 21/50 | Time 1m 48s
  Train | loss=0.5225 | top1=86.88% | top2=95.85% | top3=99.56%
  Valid | loss=0.6449 | top1=80.23% | top2=90.31% | top3=98.38% | acc=80.25% | bal_acc=42.69% | macro_f1=0.4768 | qwk=0.6291 | weighted_f1=0.7675 | precision_macro=0.6264 | recall_macro=0.4269
         ovr_roc_auc_macro=0.8109 | ovr_pr_auc_macro=0.5121
 No improvement. Bad epochs: 6/10

Epoch 22/50 | Time 1m 50s
  Train | loss=0.5147 | top1=87.51% | top2=96.24% | top3=99.58%
  Valid | loss=0.6520 | top1=80.51% | top2=90.30% | top3=98.15% | acc=80.54% | bal_acc=40.77% | macro_f1=0.4631 | qwk=0.6076 | weighted_f1=0.7643 | precision_macro=0.6309 | recall_macro=0.4077
         ovr_roc_auc_macro=0.8119 | ovr_pr_auc_macro=0.5138
 No improvement. Bad epochs: 7/10

Epoch 23/50 | Time 1m 49s
  Train | loss=0.5077 | top1=88.25% | top2=96.49% | top3=99.59%
  Valid | loss=0.6345 | top1=80.75% | top2=90.24% | top3=98.12% | acc=80.76% | bal_acc=46.28% | macro_f1=0.5079 | qwk=0.6643 | weighted_f1=0.7751 | precision_macro=0.6311 | recall_macro=0.4628
         ovr_roc_auc_macro=0.8241 | ovr_pr_auc_macro=0.5374
 No improvement. Bad epochs: 8/10

Epoch 24/50 | Time 1m 55s
  Train | loss=0.5031 | top1=88.69% | top2=96.84% | top3=99.67%
  Valid | loss=0.6443 | top1=79.91% | top2=90.01% | top3=98.04% | acc=79.94% | bal_acc=47.93% | macro_f1=0.5122 | qwk=0.6498 | weighted_f1=0.7699 | precision_macro=0.5738 | recall_macro=0.4793
         ovr_roc_auc_macro=0.8190 | ovr_pr_auc_macro=0.5292
 No improvement. Bad epochs: 9/10

Epoch 25/50 | Time 1m 49s
  Train | loss=0.4959 | top1=89.54% | top2=97.08% | top3=99.73%
  Valid | loss=0.6507 | top1=78.21% | top2=88.94% | top3=97.44% | acc=78.23% | bal_acc=44.69% | macro_f1=0.4805 | qwk=0.6349 | weighted_f1=0.7639 | precision_macro=0.5473 | recall_macro=0.4469
         ovr_roc_auc_macro=0.8225 | ovr_pr_auc_macro=0.4999
 No improvement. Bad epochs: 10/10
⏹ Early stopping triggered.
 Training stopped early at epoch 25.

Loading best model and evaluating on test set...

Test | loss=0.6250 | top1=79.20% | top2=90.18% | top3=98.31% | acc=79.20% | bal_acc=43.49% | macro_f1=0.4563 | qwk=0.6561 | weighted_f1=0.7472 | precision_macro=0.4980 | recall_macro=0.4349
     ovr_roc_auc_macro=0.8431 | ovr_pr_auc_macro=0.5315

Confusion Matrix:
[[2498    5   47    1    8]
 [ 238    0   24    0    1]
 [ 261    6  226   25    8]
 [  12    0   62   22    2]
 [   7    0   17    7   37]]

Classification Report:
                precision    recall  f1-score   support

         No_DR     0.8282    0.9762    0.8961      2559
          Mild     0.0000    0.0000    0.0000       263
      Moderate     0.6011    0.4297    0.5011       526
        Severe     0.4000    0.2245    0.2876        98
Proliferate_DR     0.6607    0.5441    0.5968        68

      accuracy                         0.7920      3514
     macro avg     0.4980    0.4349    0.4563      3514
  weighted avg     0.7171    0.7920    0.7472      3514


Diabetic Retinopathy ResNet50 + GCSA (Layer3) + Loss4 baseline completed!

✅ 运行完毕: [ResNet_layer3+GCSA+Loss4.py] | 退出码: 0
🕒 结束于: 2026-03-19 22:39:00.814740
