
------------------------------------------------------------
▶️ 正在运行: 目录 [../DDD] -> 脚本 [ResNet_layer2+GCSA+Loss4.py]
📝 日志保存至: ../DDD/logs\../DDD_ResNet_layer2+GCSA+Loss4.log
🕒 开始于: 2026-03-19 19:04:04.925773
------------------------------------------------------------
Starting Diabetic Retinopathy ResNet50 + GCSA (Layer2) + Loss4 (DAST) Baseline...
Using device: cuda
CUDA device: NVIDIA GeForce RTX 4080 SUPER
Total matched samples: 35126
Total unique patients: 17563
Overall class distribution:
level
0    25810
1     2443
2     5292
3      873
4      708
Name: count, dtype: int64

Train samples: 28098
Train unique patients: 14049
Train class distribution:
level
0    20645
1     1938
2     4251
3      687
4      577
Name: count, dtype: int64

Valid samples: 3514
Valid unique patients: 1757
Valid class distribution:
level
0    2606
1     242
2     515
3      88
4      63
Name: count, dtype: int64

Test samples: 3514
Test unique patients: 1757
Test class distribution:
level
0    2559
1     263
2     526
3      98
4      68
Name: count, dtype: int64

Unique patients | train=14049, valid=1757, test=1757

Split sizes | train=28098, valid=3514, test=3514
Loading pretrained ResNet50 and injecting GCSA after layer2...
Trainable parameters: 30,074,437
Initializing DistanceAwareSoftTargetLoss for 5 ordinal classes...
Starting training...

Epoch 01/50 | Time 1m 53s
  Train | loss=0.7525 | top1=73.29% | top2=82.41% | top3=95.20%
  Valid | loss=0.7088 | top1=74.15% | top2=84.56% | top3=95.97% | acc=74.16% | bal_acc=20.03% | macro_f1=0.1712 | qwk=0.0126 | weighted_f1=0.6325 | precision_macro=0.1819 | recall_macro=0.2003
         ovr_roc_auc_macro=0.7275 | ovr_pr_auc_macro=0.3052
 Initial best model saved to best_resnet50_dr_gcsa_layer2_loss4_patient_split.pt (score=0.0126)

Epoch 02/50 | Time 1m 48s
  Train | loss=0.7107 | top1=73.81% | top2=85.41% | top3=96.28%
  Valid | loss=0.6928 | top1=75.37% | top2=86.15% | top3=97.44% | acc=75.38% | bal_acc=32.11% | macro_f1=0.3282 | qwk=0.3184 | weighted_f1=0.6673 | precision_macro=0.4462 | recall_macro=0.3211
         ovr_roc_auc_macro=0.7514 | ovr_pr_auc_macro=0.3599
 Validation improved. Saved best model to best_resnet50_dr_gcsa_layer2_loss4_patient_split.pt (score=0.3184)

Epoch 03/50 | Time 1m 49s
  Train | loss=0.6942 | top1=74.87% | top2=86.47% | top3=96.91%
  Valid | loss=0.6979 | top1=73.87% | top2=89.39% | top3=97.22% | acc=73.88% | bal_acc=31.08% | macro_f1=0.3358 | qwk=0.3819 | weighted_f1=0.6930 | precision_macro=0.4493 | recall_macro=0.3108
         ovr_roc_auc_macro=0.7713 | ovr_pr_auc_macro=0.3855
 Validation improved. Saved best model to best_resnet50_dr_gcsa_layer2_loss4_patient_split.pt (score=0.3819)

Epoch 04/50 | Time 1m 48s
  Train | loss=0.6729 | top1=76.24% | top2=87.93% | top3=97.65%
  Valid | loss=0.6640 | top1=77.14% | top2=87.97% | top3=97.59% | acc=77.15% | bal_acc=25.84% | macro_f1=0.2672 | qwk=0.3820 | weighted_f1=0.6998 | precision_macro=0.4655 | recall_macro=0.2584
         ovr_roc_auc_macro=0.8001 | ovr_pr_auc_macro=0.4412
 Validation improved. Saved best model to best_resnet50_dr_gcsa_layer2_loss4_patient_split.pt (score=0.3820)

Epoch 05/50 | Time 1m 48s
  Train | loss=0.6546 | top1=77.42% | top2=88.88% | top3=98.02%
  Valid | loss=0.6397 | top1=77.79% | top2=90.51% | top3=98.18% | acc=77.80% | bal_acc=33.62% | macro_f1=0.3740 | qwk=0.5061 | weighted_f1=0.7250 | precision_macro=0.5400 | recall_macro=0.3362
         ovr_roc_auc_macro=0.8172 | ovr_pr_auc_macro=0.4749
 Validation improved. Saved best model to best_resnet50_dr_gcsa_layer2_loss4_patient_split.pt (score=0.5061)

Epoch 06/50 | Time 1m 48s
  Train | loss=0.6400 | top1=78.50% | top2=90.03% | top3=98.28%
  Valid | loss=0.6513 | top1=78.04% | top2=88.65% | top3=98.01% | acc=78.06% | bal_acc=36.03% | macro_f1=0.4038 | qwk=0.4546 | weighted_f1=0.7153 | precision_macro=0.5638 | recall_macro=0.3603
         ovr_roc_auc_macro=0.8098 | ovr_pr_auc_macro=0.4822
 No improvement. Bad epochs: 1/10

Epoch 07/50 | Time 1m 47s
  Train | loss=0.6322 | top1=78.81% | top2=90.35% | top3=98.43%
  Valid | loss=0.6411 | top1=78.90% | top2=88.71% | top3=98.47% | acc=78.91% | bal_acc=42.89% | macro_f1=0.4415 | qwk=0.5553 | weighted_f1=0.7310 | precision_macro=0.5198 | recall_macro=0.4289
         ovr_roc_auc_macro=0.8182 | ovr_pr_auc_macro=0.5078
 Validation improved. Saved best model to best_resnet50_dr_gcsa_layer2_loss4_patient_split.pt (score=0.5553)

Epoch 08/50 | Time 1m 48s
  Train | loss=0.6279 | top1=79.24% | top2=90.68% | top3=98.38%
  Valid | loss=0.6307 | top1=79.41% | top2=90.19% | top3=98.61% | acc=79.43% | bal_acc=44.18% | macro_f1=0.4694 | qwk=0.5646 | weighted_f1=0.7414 | precision_macro=0.5416 | recall_macro=0.4418
         ovr_roc_auc_macro=0.8229 | ovr_pr_auc_macro=0.5180
 Validation improved. Saved best model to best_resnet50_dr_gcsa_layer2_loss4_patient_split.pt (score=0.5646)

Epoch 09/50 | Time 1m 48s
  Train | loss=0.6213 | top1=79.70% | top2=90.93% | top3=98.49%
  Valid | loss=0.6252 | top1=79.41% | top2=91.07% | top3=98.15% | acc=79.43% | bal_acc=40.07% | macro_f1=0.4389 | qwk=0.5788 | weighted_f1=0.7491 | precision_macro=0.5323 | recall_macro=0.4007
         ovr_roc_auc_macro=0.8256 | ovr_pr_auc_macro=0.5023
 Validation improved. Saved best model to best_resnet50_dr_gcsa_layer2_loss4_patient_split.pt (score=0.5788)

Epoch 10/50 | Time 1m 47s
  Train | loss=0.6146 | top1=80.11% | top2=91.08% | top3=98.65%
  Valid | loss=0.6188 | top1=79.75% | top2=90.95% | top3=98.38% | acc=79.77% | bal_acc=37.68% | macro_f1=0.4259 | qwk=0.5620 | weighted_f1=0.7482 | precision_macro=0.5834 | recall_macro=0.3768
         ovr_roc_auc_macro=0.8347 | ovr_pr_auc_macro=0.5104
 No improvement. Bad epochs: 1/10

Epoch 11/50 | Time 1m 48s
  Train | loss=0.6106 | top1=80.40% | top2=91.31% | top3=98.70%
  Valid | loss=0.6191 | top1=79.86% | top2=91.15% | top3=98.58% | acc=79.88% | bal_acc=37.79% | macro_f1=0.4172 | qwk=0.5711 | weighted_f1=0.7509 | precision_macro=0.5311 | recall_macro=0.3779
         ovr_roc_auc_macro=0.8406 | ovr_pr_auc_macro=0.5025
 No improvement. Bad epochs: 2/10

Epoch 12/50 | Time 1m 46s
  Train | loss=0.6056 | top1=80.75% | top2=91.66% | top3=98.77%
  Valid | loss=0.6251 | top1=79.61% | top2=91.71% | top3=98.18% | acc=79.62% | bal_acc=43.37% | macro_f1=0.4610 | qwk=0.6294 | weighted_f1=0.7633 | precision_macro=0.5368 | recall_macro=0.4337
         ovr_roc_auc_macro=0.8472 | ovr_pr_auc_macro=0.5218
 Validation improved. Saved best model to best_resnet50_dr_gcsa_layer2_loss4_patient_split.pt (score=0.6294)

Epoch 13/50 | Time 1m 47s
  Train | loss=0.5993 | top1=81.23% | top2=92.01% | top3=98.81%
  Valid | loss=0.6188 | top1=80.57% | top2=90.33% | top3=98.49% | acc=80.59% | bal_acc=44.54% | macro_f1=0.4880 | qwk=0.6149 | weighted_f1=0.7580 | precision_macro=0.5761 | recall_macro=0.4454
         ovr_roc_auc_macro=0.8368 | ovr_pr_auc_macro=0.5253
 No improvement. Bad epochs: 1/10

Epoch 14/50 | Time 1m 47s
  Train | loss=0.5959 | top1=81.32% | top2=92.23% | top3=98.88%
  Valid | loss=0.6150 | top1=80.86% | top2=90.38% | top3=98.55% | acc=80.88% | bal_acc=44.61% | macro_f1=0.4899 | qwk=0.6327 | weighted_f1=0.7628 | precision_macro=0.5772 | recall_macro=0.4461
         ovr_roc_auc_macro=0.8389 | ovr_pr_auc_macro=0.5362
 Validation improved. Saved best model to best_resnet50_dr_gcsa_layer2_loss4_patient_split.pt (score=0.6327)

Epoch 15/50 | Time 1m 46s
  Train | loss=0.5926 | top1=81.62% | top2=92.24% | top3=98.87%
  Valid | loss=0.6096 | top1=80.86% | top2=91.58% | top3=98.55% | acc=80.88% | bal_acc=46.49% | macro_f1=0.4925 | qwk=0.6600 | weighted_f1=0.7706 | precision_macro=0.5378 | recall_macro=0.4649
         ovr_roc_auc_macro=0.8489 | ovr_pr_auc_macro=0.5383
 Validation improved. Saved best model to best_resnet50_dr_gcsa_layer2_loss4_patient_split.pt (score=0.6600)

Epoch 16/50 | Time 1m 46s
  Train | loss=0.5853 | top1=82.16% | top2=92.67% | top3=98.98%
  Valid | loss=0.6163 | top1=80.20% | top2=91.18% | top3=98.44% | acc=80.22% | bal_acc=45.08% | macro_f1=0.4778 | qwk=0.6443 | weighted_f1=0.7680 | precision_macro=0.5436 | recall_macro=0.4508
         ovr_roc_auc_macro=0.8498 | ovr_pr_auc_macro=0.5247
 No improvement. Bad epochs: 1/10

Epoch 17/50 | Time 1m 47s
  Train | loss=0.5837 | top1=82.28% | top2=93.07% | top3=99.03%
  Valid | loss=0.6101 | top1=80.46% | top2=91.63% | top3=98.32% | acc=80.48% | bal_acc=41.02% | macro_f1=0.4450 | qwk=0.6282 | weighted_f1=0.7632 | precision_macro=0.7366 | recall_macro=0.4102
         ovr_roc_auc_macro=0.8458 | ovr_pr_auc_macro=0.5249
 No improvement. Bad epochs: 2/10

Epoch 18/50 | Time 1m 46s
  Train | loss=0.5786 | top1=82.53% | top2=92.93% | top3=99.02%
  Valid | loss=0.6146 | top1=80.69% | top2=91.44% | top3=98.44% | acc=80.71% | bal_acc=44.36% | macro_f1=0.4825 | qwk=0.6317 | weighted_f1=0.7640 | precision_macro=0.5565 | recall_macro=0.4436
         ovr_roc_auc_macro=0.8412 | ovr_pr_auc_macro=0.5243
 No improvement. Bad epochs: 3/10

Epoch 19/50 | Time 1m 46s
  Train | loss=0.5740 | top1=83.06% | top2=93.30% | top3=99.08%
  Valid | loss=0.6161 | top1=81.00% | top2=91.55% | top3=98.64% | acc=81.02% | bal_acc=46.54% | macro_f1=0.4877 | qwk=0.6513 | weighted_f1=0.7693 | precision_macro=0.6189 | recall_macro=0.4654
         ovr_roc_auc_macro=0.8364 | ovr_pr_auc_macro=0.5415
 No improvement. Bad epochs: 4/10

Epoch 20/50 | Time 1m 46s
  Train | loss=0.5677 | top1=83.33% | top2=93.47% | top3=99.11%
  Valid | loss=0.6135 | top1=80.69% | top2=91.29% | top3=98.49% | acc=80.71% | bal_acc=43.28% | macro_f1=0.4743 | qwk=0.6329 | weighted_f1=0.7678 | precision_macro=0.5917 | recall_macro=0.4328
         ovr_roc_auc_macro=0.8402 | ovr_pr_auc_macro=0.5264
 No improvement. Bad epochs: 5/10

Epoch 21/50 | Time 1m 46s
  Train | loss=0.5631 | top1=83.70% | top2=93.93% | top3=99.26%
  Valid | loss=0.6154 | top1=81.11% | top2=91.18% | top3=98.18% | acc=81.13% | bal_acc=47.30% | macro_f1=0.5065 | qwk=0.6628 | weighted_f1=0.7745 | precision_macro=0.6301 | recall_macro=0.4730
         ovr_roc_auc_macro=0.8367 | ovr_pr_auc_macro=0.5423
 Validation improved. Saved best model to best_resnet50_dr_gcsa_layer2_loss4_patient_split.pt (score=0.6628)

Epoch 22/50 | Time 1m 47s
  Train | loss=0.5581 | top1=83.98% | top2=94.06% | top3=99.28%
  Valid | loss=0.6120 | top1=80.91% | top2=91.44% | top3=98.44% | acc=80.93% | bal_acc=43.59% | macro_f1=0.4789 | qwk=0.6540 | weighted_f1=0.7706 | precision_macro=0.6004 | recall_macro=0.4359
         ovr_roc_auc_macro=0.8440 | ovr_pr_auc_macro=0.5439
 No improvement. Bad epochs: 1/10

Epoch 23/50 | Time 1m 45s
  Train | loss=0.5537 | top1=84.36% | top2=94.26% | top3=99.29%
  Valid | loss=0.6139 | top1=81.03% | top2=91.04% | top3=98.30% | acc=81.05% | bal_acc=44.50% | macro_f1=0.4881 | qwk=0.6492 | weighted_f1=0.7738 | precision_macro=0.6142 | recall_macro=0.4450
         ovr_roc_auc_macro=0.8405 | ovr_pr_auc_macro=0.5340
 No improvement. Bad epochs: 2/10

Epoch 24/50 | Time 1m 46s
  Train | loss=0.5465 | top1=85.00% | top2=94.63% | top3=99.32%
  Valid | loss=0.6182 | top1=80.31% | top2=90.58% | top3=98.66% | acc=80.34% | bal_acc=45.58% | macro_f1=0.4945 | qwk=0.6431 | weighted_f1=0.7699 | precision_macro=0.5877 | recall_macro=0.4558
         ovr_roc_auc_macro=0.8372 | ovr_pr_auc_macro=0.5427
 No improvement. Bad epochs: 3/10

Epoch 25/50 | Time 1m 46s
  Train | loss=0.5407 | top1=85.54% | top2=94.99% | top3=99.45%
  Valid | loss=0.6285 | top1=79.95% | top2=90.56% | top3=98.27% | acc=79.97% | bal_acc=45.57% | macro_f1=0.5035 | qwk=0.6332 | weighted_f1=0.7699 | precision_macro=0.6194 | recall_macro=0.4557
         ovr_roc_auc_macro=0.8297 | ovr_pr_auc_macro=0.5273
 No improvement. Bad epochs: 4/10

Epoch 26/50 | Time 1m 46s
  Train | loss=0.5346 | top1=86.00% | top2=95.31% | top3=99.45%
  Valid | loss=0.6248 | top1=80.91% | top2=90.95% | top3=98.41% | acc=80.93% | bal_acc=45.25% | macro_f1=0.4908 | qwk=0.6574 | weighted_f1=0.7736 | precision_macro=0.5712 | recall_macro=0.4525
         ovr_roc_auc_macro=0.8280 | ovr_pr_auc_macro=0.5220
 No improvement. Bad epochs: 5/10

Epoch 27/50 | Time 1m 46s
  Train | loss=0.5288 | top1=86.63% | top2=95.68% | top3=99.51%
  Valid | loss=0.6298 | top1=80.12% | top2=90.43% | top3=98.44% | acc=80.14% | bal_acc=44.52% | macro_f1=0.4769 | qwk=0.6399 | weighted_f1=0.7632 | precision_macro=0.5431 | recall_macro=0.4452
         ovr_roc_auc_macro=0.8334 | ovr_pr_auc_macro=0.5166
 No improvement. Bad epochs: 6/10

Epoch 28/50 | Time 1m 46s
  Train | loss=0.5263 | top1=86.79% | top2=95.71% | top3=99.44%
  Valid | loss=0.6255 | top1=80.89% | top2=90.64% | top3=98.35% | acc=80.90% | bal_acc=43.30% | macro_f1=0.4732 | qwk=0.6517 | weighted_f1=0.7700 | precision_macro=0.5904 | recall_macro=0.4330
         ovr_roc_auc_macro=0.8285 | ovr_pr_auc_macro=0.5113
 No improvement. Bad epochs: 7/10

Epoch 29/50 | Time 1m 46s
  Train | loss=0.5193 | top1=87.35% | top2=96.06% | top3=99.59%
  Valid | loss=0.6258 | top1=81.01% | top2=90.67% | top3=98.58% | acc=81.02% | bal_acc=44.72% | macro_f1=0.4891 | qwk=0.6549 | weighted_f1=0.7736 | precision_macro=0.5950 | recall_macro=0.4472
         ovr_roc_auc_macro=0.8272 | ovr_pr_auc_macro=0.5158
 No improvement. Bad epochs: 8/10

Epoch 30/50 | Time 1m 46s
  Train | loss=0.5139 | top1=87.91% | top2=96.30% | top3=99.56%
  Valid | loss=0.6285 | top1=80.62% | top2=90.43% | top3=98.30% | acc=80.65% | bal_acc=45.36% | macro_f1=0.5017 | qwk=0.6659 | weighted_f1=0.7771 | precision_macro=0.6234 | recall_macro=0.4536
         ovr_roc_auc_macro=0.8292 | ovr_pr_auc_macro=0.5174
 Validation improved. Saved best model to best_resnet50_dr_gcsa_layer2_loss4_patient_split.pt (score=0.6659)

Epoch 31/50 | Time 1m 46s
  Train | loss=0.5084 | top1=88.34% | top2=96.65% | top3=99.70%
  Valid | loss=0.6362 | top1=80.20% | top2=90.19% | top3=97.87% | acc=80.22% | bal_acc=43.93% | macro_f1=0.4741 | qwk=0.6551 | weighted_f1=0.7726 | precision_macro=0.5902 | recall_macro=0.4393
         ovr_roc_auc_macro=0.8182 | ovr_pr_auc_macro=0.5060
 No improvement. Bad epochs: 1/10

Epoch 32/50 | Time 1m 49s
  Train | loss=0.5039 | top1=88.75% | top2=96.77% | top3=99.68%
  Valid | loss=0.6359 | top1=80.22% | top2=90.41% | top3=98.32% | acc=80.25% | bal_acc=43.28% | macro_f1=0.4794 | qwk=0.6476 | weighted_f1=0.7713 | precision_macro=0.5909 | recall_macro=0.4328
         ovr_roc_auc_macro=0.8268 | ovr_pr_auc_macro=0.5105
 No improvement. Bad epochs: 2/10

Epoch 33/50 | Time 1m 50s
  Train | loss=0.4982 | top1=89.11% | top2=96.92% | top3=99.68%
  Valid | loss=0.6402 | top1=79.51% | top2=90.13% | top3=97.93% | acc=79.54% | bal_acc=46.67% | macro_f1=0.4988 | qwk=0.6531 | weighted_f1=0.7689 | precision_macro=0.5644 | recall_macro=0.4667
         ovr_roc_auc_macro=0.8180 | ovr_pr_auc_macro=0.5050
 No improvement. Bad epochs: 3/10

Epoch 34/50 | Time 1m 49s
  Train | loss=0.4933 | top1=89.79% | top2=97.30% | top3=99.70%
  Valid | loss=0.6464 | top1=80.09% | top2=90.10% | top3=98.38% | acc=80.11% | bal_acc=43.93% | macro_f1=0.4881 | qwk=0.6248 | weighted_f1=0.7662 | precision_macro=0.6029 | recall_macro=0.4393
         ovr_roc_auc_macro=0.8130 | ovr_pr_auc_macro=0.5102
 No improvement. Bad epochs: 4/10

Epoch 35/50 | Time 1m 48s
  Train | loss=0.4892 | top1=90.26% | top2=97.60% | top3=99.69%
  Valid | loss=0.6447 | top1=80.00% | top2=89.87% | top3=98.15% | acc=80.02% | bal_acc=43.87% | macro_f1=0.4815 | qwk=0.6493 | weighted_f1=0.7703 | precision_macro=0.5900 | recall_macro=0.4387
         ovr_roc_auc_macro=0.8144 | ovr_pr_auc_macro=0.4964
 No improvement. Bad epochs: 5/10

Epoch 36/50 | Time 1m 49s
  Train | loss=0.4846 | top1=90.66% | top2=97.59% | top3=99.79%
  Valid | loss=0.6569 | top1=79.15% | top2=89.24% | top3=98.06% | acc=79.17% | bal_acc=46.27% | macro_f1=0.4891 | qwk=0.6527 | weighted_f1=0.7661 | precision_macro=0.5381 | recall_macro=0.4627
         ovr_roc_auc_macro=0.8183 | ovr_pr_auc_macro=0.5025
 No improvement. Bad epochs: 6/10

Epoch 37/50 | Time 1m 48s
  Train | loss=0.4825 | top1=90.93% | top2=97.70% | top3=99.78%
  Valid | loss=0.6462 | top1=80.37% | top2=90.15% | top3=98.09% | acc=80.39% | bal_acc=45.32% | macro_f1=0.5070 | qwk=0.6550 | weighted_f1=0.7752 | precision_macro=0.6325 | recall_macro=0.4532
         ovr_roc_auc_macro=0.8148 | ovr_pr_auc_macro=0.5101
 No improvement. Bad epochs: 7/10

Epoch 38/50 | Time 1m 48s
  Train | loss=0.4786 | top1=91.23% | top2=97.81% | top3=99.80%
  Valid | loss=0.6449 | top1=80.30% | top2=90.18% | top3=97.95% | acc=80.34% | bal_acc=45.31% | macro_f1=0.5024 | qwk=0.6588 | weighted_f1=0.7751 | precision_macro=0.6151 | recall_macro=0.4531
         ovr_roc_auc_macro=0.8145 | ovr_pr_auc_macro=0.5071
 No improvement. Bad epochs: 8/10

Epoch 39/50 | Time 1m 49s
  Train | loss=0.4746 | top1=91.69% | top2=98.09% | top3=99.81%
  Valid | loss=0.6486 | top1=79.66% | top2=89.67% | top3=98.23% | acc=79.68% | bal_acc=44.39% | macro_f1=0.4988 | qwk=0.6508 | weighted_f1=0.7708 | precision_macro=0.6130 | recall_macro=0.4439
         ovr_roc_auc_macro=0.8060 | ovr_pr_auc_macro=0.4985
 No improvement. Bad epochs: 9/10

Epoch 40/50 | Time 1m 49s
  Train | loss=0.4731 | top1=91.96% | top2=98.09% | top3=99.88%
  Valid | loss=0.6504 | top1=79.51% | top2=89.92% | top3=97.83% | acc=79.54% | bal_acc=46.04% | macro_f1=0.5073 | qwk=0.6602 | weighted_f1=0.7744 | precision_macro=0.5978 | recall_macro=0.4604
         ovr_roc_auc_macro=0.8119 | ovr_pr_auc_macro=0.5039
 No improvement. Bad epochs: 10/10
⏹ Early stopping triggered.
 Training stopped early at epoch 40.

Loading best model and evaluating on test set...

Test | loss=0.6350 | top1=78.92% | top2=90.19% | top3=98.04% | acc=78.91% | bal_acc=46.50% | macro_f1=0.5048 | qwk=0.6819 | weighted_f1=0.7613 | precision_macro=0.5850 | recall_macro=0.4650
     ovr_roc_auc_macro=0.8363 | ovr_pr_auc_macro=0.5405

Confusion Matrix:
[[2425   41   88    1    4]
 [ 218   16   29    0    0]
 [ 208   23  269   24    2]
 [  10    0   60   27    1]
 [   5    0   21    6   36]]

Classification Report:
                precision    recall  f1-score   support

         No_DR     0.8461    0.9476    0.8940      2559
          Mild     0.2000    0.0608    0.0933       263
      Moderate     0.5760    0.5114    0.5418       526
        Severe     0.4655    0.2755    0.3462        98
Proliferate_DR     0.8372    0.5294    0.6486        68

      accuracy                         0.7891      3514
     macro avg     0.5850    0.4650    0.5048      3514
  weighted avg     0.7465    0.7891    0.7613      3514


Diabetic Retinopathy ResNet50 + GCSA (Layer2) + Loss4 baseline completed!

✅ 运行完毕: [ResNet_layer2+GCSA+Loss4.py] | 退出码: 0
🕒 结束于: 2026-03-19 20:16:22.329402
