
====================================================================================================
RUN TAG: dast_tune_tau1_gamma2
SCRIPT: ResNet_layer3+MECS.py
LOSS: dast
tau=1.0, gamma=2.0
BATCH SIZE: 32
START TIME: 2026-04-10T19:23:58
LOG FILE: E:\Paper\Computer-Vision-for-Medicine\HAM10000_Loss\batch_logs\layer3_mecs_dast_tuning_20260410_163244\dast_tune_tau1_gamma2.log
====================================================================================================
==========================================================================================
Script: ResNet_layer3+MECS
Run tag: dast_tune_tau1_gamma2
Module: MECS | Insert after: layer3
Device: cuda
CUDA: NVIDIA GeForce RTX 4080 SUPER
Data dir: E:\Paper\Computer-Vision-for-Medicine\ISIC
Config | batch_size=32, epochs=60, num_workers=2, image_size=224, base_lr=0.0001, patience=15
Losses to run: ['dast']
==========================================================================================
Split sizes | train=7210, valid=802, test=2003
Classes (7): ['akiec', 'bcc', 'bkl', 'df', 'mel', 'nv', 'vasc']
Train class counts: [262, 411, 879, 92, 890, 5364, 114]
Loading torchvision ResNet50 pretrained weights once...
Pretrained state keys: 320

##########################################################################################
Starting loss: dast
##########################################################################################
DAST config | tau=1.0000, gamma=2.0000
Model params: 27,309,383 | pretrained loaded: 320/344 | feat_dim=2048
Criterion: DistanceAwareSoftTargetLoss
Criterion trainable params: 0
Epoch 01/60 | Time 0m38s
  Train | loss=1.3631 | top1=47.17% | top3=73.99%
  Valid | loss=1.2603 | top1=65.14% | top3=84.01% | acc=65.71% | bal_acc=16.81% | macro_f1=0.1602 | weighted_f1=0.5623 | precision_macro=0.2281 | recall_macro=0.1681 | qwk=0.0976 | mae=0.8192
        ovr_roc_auc_macro=0.6682 | ovr_pr_auc_macro=0.2158
  -> best macro_f1 updated to 0.1602 (epoch 1, val_loss=1.2603)
Epoch 02/60 | Time 0m36s
  Train | loss=1.1369 | top1=67.01% | top3=83.54%
  Valid | loss=0.9868 | top1=66.47% | top3=82.69% | acc=67.08% | bal_acc=14.58% | macro_f1=0.1214 | weighted_f1=0.5456 | precision_macro=0.1445 | recall_macro=0.1458 | qwk=0.0386 | mae=0.8342
        ovr_roc_auc_macro=0.7610 | ovr_pr_auc_macro=0.2656
Epoch 03/60 | Time 0m37s
  Train | loss=0.9500 | top1=67.39% | top3=84.74%
  Valid | loss=0.9081 | top1=67.67% | top3=84.25% | acc=68.33% | bal_acc=16.07% | macro_f1=0.1456 | weighted_f1=0.5737 | precision_macro=0.1840 | recall_macro=0.1607 | qwk=0.2252 | mae=0.7431
        ovr_roc_auc_macro=0.8014 | ovr_pr_auc_macro=0.3138
Epoch 04/60 | Time 0m36s
  Train | loss=0.8989 | top1=68.49% | top3=86.60%
  Valid | loss=0.8761 | top1=68.15% | top3=86.06% | acc=68.83% | bal_acc=17.26% | macro_f1=0.1593 | weighted_f1=0.5927 | precision_macro=0.1945 | recall_macro=0.1726 | qwk=0.3815 | mae=0.6746
        ovr_roc_auc_macro=0.8450 | ovr_pr_auc_macro=0.3253
Epoch 05/60 | Time 0m39s
  Train | loss=0.8639 | top1=70.10% | top3=89.15%
  Valid | loss=0.8464 | top1=70.67% | top3=88.82% | acc=71.45% | bal_acc=20.79% | macro_f1=0.1985 | weighted_f1=0.6401 | precision_macro=0.2393 | recall_macro=0.2079 | qwk=0.5751 | mae=0.5536
        ovr_roc_auc_macro=0.8691 | ovr_pr_auc_macro=0.3656
  -> best macro_f1 updated to 0.1985 (epoch 5, val_loss=0.8464)
Epoch 06/60 | Time 0m38s
  Train | loss=0.8298 | top1=72.21% | top3=92.32%
  Valid | loss=0.8234 | top1=72.60% | top3=91.83% | acc=73.44% | bal_acc=24.46% | macro_f1=0.2303 | weighted_f1=0.6778 | precision_macro=0.2422 | recall_macro=0.2446 | qwk=0.6756 | mae=0.4838
        ovr_roc_auc_macro=0.8903 | ovr_pr_auc_macro=0.4221
  -> best macro_f1 updated to 0.2303 (epoch 6, val_loss=0.8234)
Epoch 07/60 | Time 0m37s
  Train | loss=0.7934 | top1=74.86% | top3=93.99%
  Valid | loss=0.7932 | top1=75.60% | top3=91.83% | acc=76.56% | bal_acc=32.21% | macro_f1=0.3272 | weighted_f1=0.7288 | precision_macro=0.3519 | recall_macro=0.3221 | qwk=0.7458 | mae=0.4102
        ovr_roc_auc_macro=0.9048 | ovr_pr_auc_macro=0.4544
  -> best macro_f1 updated to 0.3272 (epoch 7, val_loss=0.7932)
Epoch 08/60 | Time 0m38s
  Train | loss=0.7559 | top1=78.07% | top3=94.75%
  Valid | loss=0.7635 | top1=79.21% | top3=92.67% | acc=80.30% | bal_acc=38.83% | macro_f1=0.3848 | weighted_f1=0.7703 | precision_macro=0.3898 | recall_macro=0.3883 | qwk=0.7945 | mae=0.3416
        ovr_roc_auc_macro=0.9234 | ovr_pr_auc_macro=0.5133
  -> best macro_f1 updated to 0.3848 (epoch 8, val_loss=0.7635)
Epoch 09/60 | Time 0m37s
  Train | loss=0.7197 | top1=80.54% | top3=95.76%
  Valid | loss=0.7714 | top1=79.45% | top3=94.23% | acc=80.55% | bal_acc=44.90% | macro_f1=0.4638 | weighted_f1=0.7813 | precision_macro=0.6219 | recall_macro=0.4490 | qwk=0.8067 | mae=0.3342
        ovr_roc_auc_macro=0.9298 | ovr_pr_auc_macro=0.5594
  -> best macro_f1 updated to 0.4638 (epoch 9, val_loss=0.7714)
Epoch 10/60 | Time 0m37s
  Train | loss=0.6930 | top1=83.11% | top3=96.33%
  Valid | loss=0.7698 | top1=79.33% | top3=93.63% | acc=80.42% | bal_acc=47.49% | macro_f1=0.5075 | weighted_f1=0.7848 | precision_macro=0.5570 | recall_macro=0.4749 | qwk=0.7561 | mae=0.3741
        ovr_roc_auc_macro=0.9265 | ovr_pr_auc_macro=0.6142
  -> best macro_f1 updated to 0.5075 (epoch 10, val_loss=0.7698)
Epoch 11/60 | Time 0m37s
  Train | loss=0.6608 | top1=85.58% | top3=97.53%
  Valid | loss=0.7536 | top1=79.33% | top3=94.83% | acc=80.42% | bal_acc=52.02% | macro_f1=0.5465 | weighted_f1=0.7936 | precision_macro=0.6074 | recall_macro=0.5202 | qwk=0.7938 | mae=0.3579
        ovr_roc_auc_macro=0.9307 | ovr_pr_auc_macro=0.6353
  -> best macro_f1 updated to 0.5465 (epoch 11, val_loss=0.7536)
Epoch 12/60 | Time 0m37s
  Train | loss=0.6435 | top1=87.38% | top3=98.01%
  Valid | loss=0.7424 | top1=82.09% | top3=93.75% | acc=83.29% | bal_acc=53.89% | macro_f1=0.5707 | weighted_f1=0.8214 | precision_macro=0.6260 | recall_macro=0.5389 | qwk=0.8071 | mae=0.3105
        ovr_roc_auc_macro=0.9445 | ovr_pr_auc_macro=0.6701
  -> best macro_f1 updated to 0.5707 (epoch 12, val_loss=0.7424)
Epoch 13/60 | Time 0m37s
  Train | loss=0.6240 | top1=88.85% | top3=98.42%
  Valid | loss=0.7585 | top1=82.69% | top3=94.59% | acc=82.04% | bal_acc=60.98% | macro_f1=0.6034 | weighted_f1=0.8133 | precision_macro=0.6112 | recall_macro=0.6098 | qwk=0.7911 | mae=0.3641
        ovr_roc_auc_macro=0.9337 | ovr_pr_auc_macro=0.6955
  -> best macro_f1 updated to 0.6034 (epoch 13, val_loss=0.7585)
Epoch 14/60 | Time 0m39s
  Train | loss=0.6160 | top1=89.49% | top3=98.51%
  Valid | loss=0.7156 | top1=84.50% | top3=95.55% | acc=83.92% | bal_acc=62.60% | macro_f1=0.6440 | weighted_f1=0.8255 | precision_macro=0.7842 | recall_macro=0.6260 | qwk=0.8192 | mae=0.3067
        ovr_roc_auc_macro=0.9431 | ovr_pr_auc_macro=0.7303
  -> best macro_f1 updated to 0.6440 (epoch 14, val_loss=0.7156)
Epoch 15/60 | Time 0m40s
  Train | loss=0.6004 | top1=91.14% | top3=98.82%
  Valid | loss=0.7805 | top1=83.17% | top3=94.23% | acc=84.41% | bal_acc=61.97% | macro_f1=0.6735 | weighted_f1=0.8302 | precision_macro=0.8201 | recall_macro=0.6197 | qwk=0.7905 | mae=0.3117
        ovr_roc_auc_macro=0.9322 | ovr_pr_auc_macro=0.7812
  -> best macro_f1 updated to 0.6735 (epoch 15, val_loss=0.7805)
Epoch 16/60 | Time 0m40s
  Train | loss=0.5845 | top1=92.18% | top3=99.15%
  Valid | loss=0.7449 | top1=82.09% | top3=93.63% | acc=83.29% | bal_acc=61.71% | macro_f1=0.6780 | weighted_f1=0.8175 | precision_macro=0.8094 | recall_macro=0.6171 | qwk=0.8143 | mae=0.3080
        ovr_roc_auc_macro=0.9493 | ovr_pr_auc_macro=0.7802
  -> best macro_f1 updated to 0.6780 (epoch 16, val_loss=0.7449)
Epoch 17/60 | Time 0m41s
  Train | loss=0.5700 | top1=93.29% | top3=99.31%
  Valid | loss=0.7173 | top1=84.98% | top3=96.15% | acc=84.41% | bal_acc=66.95% | macro_f1=0.7252 | weighted_f1=0.8302 | precision_macro=0.8369 | recall_macro=0.6695 | qwk=0.8134 | mae=0.2955
        ovr_roc_auc_macro=0.9328 | ovr_pr_auc_macro=0.7847
  -> best macro_f1 updated to 0.7252 (epoch 17, val_loss=0.7173)
Epoch 18/60 | Time 0m39s
  Train | loss=0.5629 | top1=93.62% | top3=99.46%
  Valid | loss=0.6931 | top1=83.41% | top3=97.36% | acc=84.66% | bal_acc=67.77% | macro_f1=0.7222 | weighted_f1=0.8387 | precision_macro=0.7848 | recall_macro=0.6777 | qwk=0.8339 | mae=0.2781
        ovr_roc_auc_macro=0.9611 | ovr_pr_auc_macro=0.7983
Epoch 19/60 | Time 0m39s
  Train | loss=0.5563 | top1=94.69% | top3=99.54%
  Valid | loss=0.6892 | top1=86.42% | top3=96.27% | acc=85.91% | bal_acc=71.55% | macro_f1=0.7572 | weighted_f1=0.8508 | precision_macro=0.8301 | recall_macro=0.7155 | qwk=0.8486 | mae=0.2594
        ovr_roc_auc_macro=0.9630 | ovr_pr_auc_macro=0.8006
  -> best macro_f1 updated to 0.7572 (epoch 19, val_loss=0.6892)
Epoch 20/60 | Time 0m34s
  Train | loss=0.5425 | top1=95.86% | top3=99.74%
  Valid | loss=0.7243 | top1=84.13% | top3=96.39% | acc=83.54% | bal_acc=66.00% | macro_f1=0.6989 | weighted_f1=0.8241 | precision_macro=0.7897 | recall_macro=0.6600 | qwk=0.8149 | mae=0.3142
        ovr_roc_auc_macro=0.9429 | ovr_pr_auc_macro=0.7731
Epoch 21/60 | Time 0m37s
  Train | loss=0.5366 | top1=96.50% | top3=99.71%
  Valid | loss=0.7194 | top1=83.29% | top3=94.47% | acc=84.54% | bal_acc=68.99% | macro_f1=0.7304 | weighted_f1=0.8360 | precision_macro=0.8289 | recall_macro=0.6899 | qwk=0.8350 | mae=0.2918
        ovr_roc_auc_macro=0.9498 | ovr_pr_auc_macro=0.8171
Epoch 22/60 | Time 0m37s
  Train | loss=0.5275 | top1=96.79% | top3=99.82%
  Valid | loss=0.6886 | top1=87.50% | top3=96.03% | acc=87.03% | bal_acc=76.60% | macro_f1=0.7905 | weighted_f1=0.8663 | precision_macro=0.8226 | recall_macro=0.7660 | qwk=0.8415 | mae=0.2544
        ovr_roc_auc_macro=0.9536 | ovr_pr_auc_macro=0.8193
  -> best macro_f1 updated to 0.7905 (epoch 22, val_loss=0.6886)
Epoch 23/60 | Time 0m33s
  Train | loss=0.5266 | top1=97.26% | top3=99.76%
  Valid | loss=0.6977 | top1=87.02% | top3=96.15% | acc=86.53% | bal_acc=73.56% | macro_f1=0.7830 | weighted_f1=0.8567 | precision_macro=0.8617 | recall_macro=0.7356 | qwk=0.8552 | mae=0.2444
        ovr_roc_auc_macro=0.9377 | ovr_pr_auc_macro=0.8090
Epoch 24/60 | Time 0m34s
  Train | loss=0.5246 | top1=97.54% | top3=99.83%
  Valid | loss=0.7048 | top1=87.38% | top3=96.27% | acc=86.91% | bal_acc=76.60% | macro_f1=0.7925 | weighted_f1=0.8647 | precision_macro=0.8355 | recall_macro=0.7660 | qwk=0.8278 | mae=0.2693
        ovr_roc_auc_macro=0.9468 | ovr_pr_auc_macro=0.8092
  -> best macro_f1 updated to 0.7925 (epoch 24, val_loss=0.7048)
Epoch 25/60 | Time 0m37s
  Train | loss=0.5224 | top1=97.56% | top3=99.75%
  Valid | loss=0.6929 | top1=87.02% | top3=96.03% | acc=86.53% | bal_acc=75.39% | macro_f1=0.7706 | weighted_f1=0.8559 | precision_macro=0.8063 | recall_macro=0.7539 | qwk=0.8406 | mae=0.2556
        ovr_roc_auc_macro=0.9423 | ovr_pr_auc_macro=0.8129
Epoch 26/60 | Time 0m39s
  Train | loss=0.5171 | top1=98.00% | top3=99.90%
  Valid | loss=0.7156 | top1=85.70% | top3=95.43% | acc=85.16% | bal_acc=72.25% | macro_f1=0.7308 | weighted_f1=0.8455 | precision_macro=0.7508 | recall_macro=0.7225 | qwk=0.8075 | mae=0.2968
        ovr_roc_auc_macro=0.9390 | ovr_pr_auc_macro=0.7814
Epoch 27/60 | Time 0m38s
  Train | loss=0.5187 | top1=97.82% | top3=99.92%
  Valid | loss=0.7072 | top1=88.22% | top3=95.07% | acc=87.78% | bal_acc=73.54% | macro_f1=0.7805 | weighted_f1=0.8738 | precision_macro=0.8611 | recall_macro=0.7354 | qwk=0.8428 | mae=0.2469
        ovr_roc_auc_macro=0.9492 | ovr_pr_auc_macro=0.7997
Epoch 28/60 | Time 0m39s
  Train | loss=0.5161 | top1=98.31% | top3=99.85%
  Valid | loss=0.6848 | top1=88.58% | top3=96.03% | acc=88.15% | bal_acc=78.50% | macro_f1=0.8100 | weighted_f1=0.8766 | precision_macro=0.8506 | recall_macro=0.7850 | qwk=0.8514 | mae=0.2357
        ovr_roc_auc_macro=0.9573 | ovr_pr_auc_macro=0.8270
  -> best macro_f1 updated to 0.8100 (epoch 28, val_loss=0.6848)
Epoch 29/60 | Time 0m40s
  Train | loss=0.5092 | top1=98.68% | top3=99.88%
  Valid | loss=0.6865 | top1=87.14% | top3=96.27% | acc=86.66% | bal_acc=75.30% | macro_f1=0.7623 | weighted_f1=0.8604 | precision_macro=0.7816 | recall_macro=0.7530 | qwk=0.8212 | mae=0.2731
        ovr_roc_auc_macro=0.9547 | ovr_pr_auc_macro=0.8208
Epoch 30/60 | Time 0m38s
  Train | loss=0.5060 | top1=98.78% | top3=99.92%
  Valid | loss=0.6631 | top1=87.74% | top3=97.00% | acc=87.28% | bal_acc=78.42% | macro_f1=0.8000 | weighted_f1=0.8718 | precision_macro=0.8326 | recall_macro=0.7842 | qwk=0.8358 | mae=0.2618
        ovr_roc_auc_macro=0.9619 | ovr_pr_auc_macro=0.8591
Epoch 31/60 | Time 0m38s
  Train | loss=0.5044 | top1=99.00% | top3=99.92%
  Valid | loss=0.6975 | top1=84.74% | top3=96.51% | acc=86.03% | bal_acc=74.48% | macro_f1=0.7667 | weighted_f1=0.8540 | precision_macro=0.8085 | recall_macro=0.7448 | qwk=0.8380 | mae=0.2706
        ovr_roc_auc_macro=0.9565 | ovr_pr_auc_macro=0.8177
Epoch 32/60 | Time 0m36s
  Train | loss=0.5059 | top1=98.76% | top3=99.86%
  Valid | loss=0.6917 | top1=88.10% | top3=95.79% | acc=87.66% | bal_acc=77.43% | macro_f1=0.7984 | weighted_f1=0.8724 | precision_macro=0.8317 | recall_macro=0.7743 | qwk=0.8408 | mae=0.2469
        ovr_roc_auc_macro=0.9500 | ovr_pr_auc_macro=0.8132
Epoch 33/60 | Time 0m38s
  Train | loss=0.5018 | top1=99.06% | top3=99.92%
  Valid | loss=0.6865 | top1=87.86% | top3=95.67% | acc=87.41% | bal_acc=75.07% | macro_f1=0.7872 | weighted_f1=0.8696 | precision_macro=0.8418 | recall_macro=0.7507 | qwk=0.8388 | mae=0.2506
        ovr_roc_auc_macro=0.9521 | ovr_pr_auc_macro=0.8139
Epoch 34/60 | Time 0m35s
  Train | loss=0.4997 | top1=99.06% | top3=99.99%
  Valid | loss=0.6859 | top1=88.82% | top3=95.55% | acc=88.40% | bal_acc=78.16% | macro_f1=0.7944 | weighted_f1=0.8809 | precision_macro=0.8215 | recall_macro=0.7816 | qwk=0.8457 | mae=0.2406
        ovr_roc_auc_macro=0.9497 | ovr_pr_auc_macro=0.8178
Epoch 35/60 | Time 0m38s
  Train | loss=0.4972 | top1=99.40% | top3=99.97%
  Valid | loss=0.6864 | top1=88.10% | top3=96.27% | acc=87.66% | bal_acc=76.76% | macro_f1=0.7979 | weighted_f1=0.8698 | precision_macro=0.8520 | recall_macro=0.7676 | qwk=0.8500 | mae=0.2419
        ovr_roc_auc_macro=0.9501 | ovr_pr_auc_macro=0.8334
Epoch 36/60 | Time 0m38s
  Train | loss=0.4988 | top1=99.25% | top3=99.94%
  Valid | loss=0.6834 | top1=88.46% | top3=96.03% | acc=88.03% | bal_acc=77.40% | macro_f1=0.7840 | weighted_f1=0.8761 | precision_macro=0.8031 | recall_macro=0.7740 | qwk=0.8442 | mae=0.2406
        ovr_roc_auc_macro=0.9544 | ovr_pr_auc_macro=0.8308
Epoch 37/60 | Time 0m38s
  Train | loss=0.4966 | top1=99.49% | top3=99.97%
  Valid | loss=0.6725 | top1=88.70% | top3=96.03% | acc=88.28% | bal_acc=78.18% | macro_f1=0.8052 | weighted_f1=0.8808 | precision_macro=0.8437 | recall_macro=0.7818 | qwk=0.8543 | mae=0.2319
        ovr_roc_auc_macro=0.9574 | ovr_pr_auc_macro=0.8457
Epoch 38/60 | Time 0m37s
  Train | loss=0.4949 | top1=99.57% | top3=99.97%
  Valid | loss=0.6835 | top1=87.26% | top3=95.55% | acc=86.78% | bal_acc=76.49% | macro_f1=0.7913 | weighted_f1=0.8613 | precision_macro=0.8337 | recall_macro=0.7649 | qwk=0.8477 | mae=0.2519
        ovr_roc_auc_macro=0.9545 | ovr_pr_auc_macro=0.8272
Epoch 39/60 | Time 0m38s
  Train | loss=0.4962 | top1=99.42% | top3=99.93%
  Valid | loss=0.6858 | top1=88.34% | top3=96.15% | acc=87.91% | bal_acc=75.79% | macro_f1=0.7906 | weighted_f1=0.8744 | precision_macro=0.8392 | recall_macro=0.7579 | qwk=0.8455 | mae=0.2394
        ovr_roc_auc_macro=0.9608 | ovr_pr_auc_macro=0.8363
Epoch 40/60 | Time 0m38s
  Train | loss=0.4945 | top1=99.36% | top3=100.00%
  Valid | loss=0.7003 | top1=85.70% | top3=94.59% | acc=87.03% | bal_acc=76.39% | macro_f1=0.7956 | weighted_f1=0.8608 | precision_macro=0.8552 | recall_macro=0.7639 | qwk=0.8348 | mae=0.2569
        ovr_roc_auc_macro=0.9469 | ovr_pr_auc_macro=0.8125
Epoch 41/60 | Time 0m38s
  Train | loss=0.4939 | top1=99.64% | top3=100.00%
  Valid | loss=0.7051 | top1=88.22% | top3=95.55% | acc=87.78% | bal_acc=74.79% | macro_f1=0.7852 | weighted_f1=0.8715 | precision_macro=0.8404 | recall_macro=0.7479 | qwk=0.8408 | mae=0.2431
        ovr_roc_auc_macro=0.9488 | ovr_pr_auc_macro=0.8087
Epoch 42/60 | Time 0m39s
  Train | loss=0.4936 | top1=99.57% | top3=99.97%
  Valid | loss=0.6839 | top1=88.46% | top3=96.27% | acc=88.03% | bal_acc=77.03% | macro_f1=0.8089 | weighted_f1=0.8732 | precision_macro=0.8658 | recall_macro=0.7703 | qwk=0.8484 | mae=0.2344
        ovr_roc_auc_macro=0.9504 | ovr_pr_auc_macro=0.8273
Epoch 43/60 | Time 0m38s
  Train | loss=0.4912 | top1=99.75% | top3=99.99%
  Valid | loss=0.6891 | top1=88.34% | top3=95.91% | acc=87.91% | bal_acc=77.23% | macro_f1=0.8048 | weighted_f1=0.8737 | precision_macro=0.8542 | recall_macro=0.7723 | qwk=0.8386 | mae=0.2456
        ovr_roc_auc_macro=0.9506 | ovr_pr_auc_macro=0.8208
  -> early stopping triggered at epoch 43

[TEST] loss=dast
  Test | loss=0.6696 | top1=87.55% | top3=96.83% | acc=87.57% | bal_acc=73.97% | macro_f1=0.7717 | weighted_f1=0.8712 | precision_macro=0.8233 | recall_macro=0.7397 | qwk=0.8704 | mae=0.2282
        ovr_roc_auc_macro=0.9600 | ovr_pr_auc_macro=0.8240
  Confusion Matrix:
[[  50    4    5    0    3    3    0]
 [   7   85    2    0    3    6    0]
 [   9    8  163    0   13   27    0]
 [   2    2    0   11    3    5    0]
 [   3    4   13    1  129   72    1]
 [   2    1   14    1   30 1293    0]
 [   0    0    0    0    0    5   23]]
  Classification Report:
              precision    recall  f1-score   support

       akiec     0.6849    0.7692    0.7246        65
         bcc     0.8173    0.8252    0.8213       103
         bkl     0.8274    0.7409    0.7818       220
          df     0.8462    0.4783    0.6111        23
         mel     0.7127    0.5785    0.6386       223
          nv     0.9164    0.9642    0.9397      1341
        vasc     0.9583    0.8214    0.8846        28

    accuracy                         0.8757      2003
   macro avg     0.8233    0.7397    0.7717      2003
weighted avg     0.8711    0.8757    0.8712      2003


==========================================================================================
Summary CSV saved: E:\Paper\Computer-Vision-for-Medicine\HAM10000_Loss\logs\ResNet_layer3+MECS_dast_tune_tau1_gamma2_20260410_192401_summary.csv
Top results by test_macro_f1:
  dast: macro_f1=0.7717, acc=87.57%, bal_acc=73.97%
Log file saved: E:\Paper\Computer-Vision-for-Medicine\HAM10000_Loss\logs\ResNet_layer3+MECS_dast_tune_tau1_gamma2_20260410_192401.log
==========================================================================================

EXIT CODE: 0
END TIME: 2026-04-10T19:51:41
====================================================================================================
