
====================================================================================================
RUN TAG: dast_tune_tau1p5_gamma1p5
SCRIPT: ResNet_layer3+MECS.py
LOSS: dast
tau=1.5, gamma=1.5
BATCH SIZE: 32
START TIME: 2026-04-10T20:29:43
LOG FILE: E:\Paper\Computer-Vision-for-Medicine\HAM10000_Loss\batch_logs\layer3_mecs_dast_tuning_20260410_163244\dast_tune_tau1p5_gamma1p5.log
====================================================================================================
==========================================================================================
Script: ResNet_layer3+MECS
Run tag: dast_tune_tau1p5_gamma1p5
Module: MECS | Insert after: layer3
Device: cuda
CUDA: NVIDIA GeForce RTX 4080 SUPER
Data dir: E:\Paper\Computer-Vision-for-Medicine\ISIC
Config | batch_size=32, epochs=60, num_workers=2, image_size=224, base_lr=0.0001, patience=15
Losses to run: ['dast']
==========================================================================================
Split sizes | train=7210, valid=802, test=2003
Classes (7): ['akiec', 'bcc', 'bkl', 'df', 'mel', 'nv', 'vasc']
Train class counts: [262, 411, 879, 92, 890, 5364, 114]
Loading torchvision ResNet50 pretrained weights once...
Pretrained state keys: 320

##########################################################################################
Starting loss: dast
##########################################################################################
DAST config | tau=1.5000, gamma=1.5000
Model params: 27,309,383 | pretrained loaded: 320/344 | feat_dim=2048
Criterion: DistanceAwareSoftTargetLoss
Criterion trainable params: 0
Epoch 01/60 | Time 0m37s
  Train | loss=1.4966 | top1=43.46% | top3=72.56%
  Valid | loss=1.4229 | top1=62.38% | top3=80.41% | acc=62.84% | bal_acc=17.00% | macro_f1=0.1631 | weighted_f1=0.5556 | precision_macro=0.2728 | recall_macro=0.1700 | qwk=0.0763 | mae=0.8491
        ovr_roc_auc_macro=0.6712 | ovr_pr_auc_macro=0.2185
  -> best macro_f1 updated to 0.1631 (epoch 1, val_loss=1.4229)
Epoch 02/60 | Time 0m37s
  Train | loss=1.3494 | top1=66.17% | top3=81.89%
  Valid | loss=1.2663 | top1=66.71% | top3=81.13% | acc=67.33% | bal_acc=15.29% | macro_f1=0.1349 | weighted_f1=0.5535 | precision_macro=0.2052 | recall_macro=0.1529 | qwk=0.0829 | mae=0.8142
        ovr_roc_auc_macro=0.7644 | ovr_pr_auc_macro=0.2589
Epoch 03/60 | Time 0m36s
  Train | loss=1.2461 | top1=67.32% | top3=82.56%
  Valid | loss=1.2200 | top1=67.31% | top3=82.33% | acc=67.96% | bal_acc=16.12% | macro_f1=0.1466 | weighted_f1=0.5771 | precision_macro=0.1739 | recall_macro=0.1612 | qwk=0.2867 | mae=0.7294
        ovr_roc_auc_macro=0.8077 | ovr_pr_auc_macro=0.2822
Epoch 04/60 | Time 0m36s
  Train | loss=1.2165 | top1=68.71% | top3=84.83%
  Valid | loss=1.2029 | top1=68.39% | top3=84.74% | acc=69.08% | bal_acc=17.58% | macro_f1=0.1632 | weighted_f1=0.5995 | precision_macro=0.1973 | recall_macro=0.1758 | qwk=0.4314 | mae=0.6496
        ovr_roc_auc_macro=0.8393 | ovr_pr_auc_macro=0.3009
  -> best macro_f1 updated to 0.1632 (epoch 4, val_loss=1.2029)
Epoch 05/60 | Time 0m36s
  Train | loss=1.1958 | top1=70.36% | top3=88.69%
  Valid | loss=1.1863 | top1=71.15% | top3=87.74% | acc=71.95% | bal_acc=21.57% | macro_f1=0.2056 | weighted_f1=0.6479 | precision_macro=0.2461 | recall_macro=0.2157 | qwk=0.5976 | mae=0.5387
        ovr_roc_auc_macro=0.8569 | ovr_pr_auc_macro=0.3277
  -> best macro_f1 updated to 0.2056 (epoch 5, val_loss=1.1863)
Epoch 06/60 | Time 0m33s
  Train | loss=1.1753 | top1=71.94% | top3=91.51%
  Valid | loss=1.1713 | top1=72.96% | top3=90.50% | acc=73.82% | bal_acc=24.67% | macro_f1=0.2331 | weighted_f1=0.6816 | precision_macro=0.2452 | recall_macro=0.2467 | qwk=0.6713 | mae=0.4800
        ovr_roc_auc_macro=0.8656 | ovr_pr_auc_macro=0.3693
  -> best macro_f1 updated to 0.2331 (epoch 6, val_loss=1.1713)
Epoch 07/60 | Time 0m36s
  Train | loss=1.1540 | top1=74.12% | top3=92.89%
  Valid | loss=1.1543 | top1=74.88% | top3=91.59% | acc=75.81% | bal_acc=32.44% | macro_f1=0.3235 | weighted_f1=0.7183 | precision_macro=0.3355 | recall_macro=0.3244 | qwk=0.7290 | mae=0.4302
        ovr_roc_auc_macro=0.8789 | ovr_pr_auc_macro=0.4198
  -> best macro_f1 updated to 0.3235 (epoch 7, val_loss=1.1543)
Epoch 08/60 | Time 0m36s
  Train | loss=1.1353 | top1=77.49% | top3=93.31%
  Valid | loss=1.1360 | top1=77.28% | top3=92.19% | acc=78.30% | bal_acc=36.46% | macro_f1=0.3548 | weighted_f1=0.7518 | precision_macro=0.3559 | recall_macro=0.3646 | qwk=0.7753 | mae=0.3766
        ovr_roc_auc_macro=0.8977 | ovr_pr_auc_macro=0.4726
  -> best macro_f1 updated to 0.3548 (epoch 8, val_loss=1.1360)
Epoch 09/60 | Time 0m35s
  Train | loss=1.1162 | top1=79.25% | top3=94.83%
  Valid | loss=1.1507 | top1=78.61% | top3=93.03% | acc=79.68% | bal_acc=40.45% | macro_f1=0.3975 | weighted_f1=0.7635 | precision_macro=0.5210 | recall_macro=0.4045 | qwk=0.7911 | mae=0.3541
        ovr_roc_auc_macro=0.9052 | ovr_pr_auc_macro=0.5098
  -> best macro_f1 updated to 0.3975 (epoch 9, val_loss=1.1507)
Epoch 10/60 | Time 0m35s
  Train | loss=1.1026 | top1=81.74% | top3=95.24%
  Valid | loss=1.1484 | top1=79.09% | top3=92.31% | acc=80.17% | bal_acc=45.27% | macro_f1=0.4820 | weighted_f1=0.7819 | precision_macro=0.5371 | recall_macro=0.4527 | qwk=0.7723 | mae=0.3616
        ovr_roc_auc_macro=0.9129 | ovr_pr_auc_macro=0.5390
  -> best macro_f1 updated to 0.4820 (epoch 10, val_loss=1.1484)
Epoch 11/60 | Time 0m37s
  Train | loss=1.0842 | top1=83.75% | top3=96.58%
  Valid | loss=1.1321 | top1=79.69% | top3=92.55% | acc=80.80% | bal_acc=46.95% | macro_f1=0.4911 | weighted_f1=0.7931 | precision_macro=0.5636 | recall_macro=0.4695 | qwk=0.7984 | mae=0.3529
        ovr_roc_auc_macro=0.9141 | ovr_pr_auc_macro=0.5714
  -> best macro_f1 updated to 0.4911 (epoch 11, val_loss=1.1321)
Epoch 12/60 | Time 0m36s
  Train | loss=1.0749 | top1=85.40% | top3=97.21%
  Valid | loss=1.1208 | top1=82.33% | top3=93.51% | acc=83.54% | bal_acc=55.51% | macro_f1=0.5762 | weighted_f1=0.8241 | precision_macro=0.6049 | recall_macro=0.5551 | qwk=0.8128 | mae=0.3042
        ovr_roc_auc_macro=0.9242 | ovr_pr_auc_macro=0.6237
  -> best macro_f1 updated to 0.5762 (epoch 12, val_loss=1.1208)
Epoch 13/60 | Time 0m34s
  Train | loss=1.0633 | top1=87.33% | top3=97.58%
  Valid | loss=1.1318 | top1=79.81% | top3=92.31% | acc=80.92% | bal_acc=57.57% | macro_f1=0.5638 | weighted_f1=0.8027 | precision_macro=0.5635 | recall_macro=0.5757 | qwk=0.8040 | mae=0.3554
        ovr_roc_auc_macro=0.9240 | ovr_pr_auc_macro=0.6414
Epoch 14/60 | Time 0m37s
  Train | loss=1.0587 | top1=87.92% | top3=97.86%
  Valid | loss=1.1090 | top1=81.85% | top3=94.95% | acc=83.04% | bal_acc=62.38% | macro_f1=0.6093 | weighted_f1=0.8206 | precision_macro=0.6113 | recall_macro=0.6238 | qwk=0.8283 | mae=0.3155
        ovr_roc_auc_macro=0.9356 | ovr_pr_auc_macro=0.6982
  -> best macro_f1 updated to 0.6093 (epoch 14, val_loss=1.1090)
Epoch 15/60 | Time 0m36s
  Train | loss=1.0521 | top1=89.40% | top3=98.10%
  Valid | loss=1.1250 | top1=83.29% | top3=93.03% | acc=84.54% | bal_acc=60.76% | macro_f1=0.6306 | weighted_f1=0.8293 | precision_macro=0.6678 | recall_macro=0.6076 | qwk=0.8148 | mae=0.2880
        ovr_roc_auc_macro=0.9341 | ovr_pr_auc_macro=0.7332
  -> best macro_f1 updated to 0.6306 (epoch 15, val_loss=1.1250)
Epoch 16/60 | Time 0m34s
  Train | loss=1.0430 | top1=90.72% | top3=98.60%
  Valid | loss=1.1115 | top1=82.81% | top3=94.23% | acc=84.04% | bal_acc=63.04% | macro_f1=0.6753 | weighted_f1=0.8293 | precision_macro=0.8143 | recall_macro=0.6304 | qwk=0.8247 | mae=0.2955
        ovr_roc_auc_macro=0.9464 | ovr_pr_auc_macro=0.7601
  -> best macro_f1 updated to 0.6753 (epoch 16, val_loss=1.1115)
Epoch 17/60 | Time 0m33s
  Train | loss=1.0355 | top1=91.54% | top3=98.99%
  Valid | loss=1.1216 | top1=81.49% | top3=92.79% | acc=82.67% | bal_acc=56.86% | macro_f1=0.5925 | weighted_f1=0.8013 | precision_macro=0.7683 | recall_macro=0.5686 | qwk=0.7917 | mae=0.3242
        ovr_roc_auc_macro=0.9251 | ovr_pr_auc_macro=0.6741
Epoch 18/60 | Time 0m36s
  Train | loss=1.0271 | top1=92.76% | top3=99.10%
  Valid | loss=1.1081 | top1=83.53% | top3=93.51% | acc=84.79% | bal_acc=62.30% | macro_f1=0.6891 | weighted_f1=0.8380 | precision_macro=0.8242 | recall_macro=0.6230 | qwk=0.8133 | mae=0.2930
        ovr_roc_auc_macro=0.9419 | ovr_pr_auc_macro=0.7495
  -> best macro_f1 updated to 0.6891 (epoch 18, val_loss=1.1081)
Epoch 19/60 | Time 0m36s
  Train | loss=1.0274 | top1=93.22% | top3=99.03%
  Valid | loss=1.1040 | top1=81.61% | top3=95.67% | acc=84.66% | bal_acc=66.83% | macro_f1=0.7112 | weighted_f1=0.8371 | precision_macro=0.8112 | recall_macro=0.6683 | qwk=0.8148 | mae=0.2893
        ovr_roc_auc_macro=0.9439 | ovr_pr_auc_macro=0.7720
  -> best macro_f1 updated to 0.7112 (epoch 19, val_loss=1.1040)
Epoch 20/60 | Time 0m36s
  Train | loss=1.0214 | top1=94.18% | top3=99.31%
  Valid | loss=1.1024 | top1=83.29% | top3=96.03% | acc=84.54% | bal_acc=67.36% | macro_f1=0.7000 | weighted_f1=0.8297 | precision_macro=0.8121 | recall_macro=0.6736 | qwk=0.8422 | mae=0.2781
        ovr_roc_auc_macro=0.9288 | ovr_pr_auc_macro=0.7731
Epoch 21/60 | Time 0m37s
  Train | loss=1.0133 | top1=95.38% | top3=99.54%
  Valid | loss=1.1031 | top1=81.61% | top3=93.75% | acc=84.66% | bal_acc=76.47% | macro_f1=0.7761 | weighted_f1=0.8433 | precision_macro=0.7947 | recall_macro=0.7647 | qwk=0.8397 | mae=0.2818
        ovr_roc_auc_macro=0.9472 | ovr_pr_auc_macro=0.8193
  -> best macro_f1 updated to 0.7761 (epoch 21, val_loss=1.1031)
Epoch 22/60 | Time 0m37s
  Train | loss=1.0110 | top1=95.06% | top3=99.71%
  Valid | loss=1.0890 | top1=83.77% | top3=95.79% | acc=85.04% | bal_acc=71.72% | macro_f1=0.7539 | weighted_f1=0.8472 | precision_macro=0.8038 | recall_macro=0.7172 | qwk=0.8334 | mae=0.2793
        ovr_roc_auc_macro=0.9403 | ovr_pr_auc_macro=0.7883
Epoch 23/60 | Time 0m37s
  Train | loss=1.0087 | top1=96.01% | top3=99.60%
  Valid | loss=1.0967 | top1=85.94% | top3=93.15% | acc=87.28% | bal_acc=76.46% | macro_f1=0.7857 | weighted_f1=0.8703 | precision_macro=0.8168 | recall_macro=0.7646 | qwk=0.8391 | mae=0.2494
        ovr_roc_auc_macro=0.9460 | ovr_pr_auc_macro=0.8084
  -> best macro_f1 updated to 0.7857 (epoch 23, val_loss=1.0967)
Epoch 24/60 | Time 0m37s
  Train | loss=1.0081 | top1=96.50% | top3=99.60%
  Valid | loss=1.0938 | top1=84.98% | top3=95.55% | acc=86.28% | bal_acc=74.68% | macro_f1=0.7681 | weighted_f1=0.8599 | precision_macro=0.8025 | recall_macro=0.7468 | qwk=0.8447 | mae=0.2581
        ovr_roc_auc_macro=0.9423 | ovr_pr_auc_macro=0.7983
Epoch 25/60 | Time 0m37s
  Train | loss=1.0049 | top1=96.60% | top3=99.71%
  Valid | loss=1.1046 | top1=84.50% | top3=94.23% | acc=85.79% | bal_acc=74.90% | macro_f1=0.7762 | weighted_f1=0.8516 | precision_macro=0.8103 | recall_macro=0.7490 | qwk=0.8378 | mae=0.2643
        ovr_roc_auc_macro=0.9437 | ovr_pr_auc_macro=0.8266
Epoch 26/60 | Time 0m36s
  Train | loss=1.0018 | top1=97.04% | top3=99.86%
  Valid | loss=1.0885 | top1=86.90% | top3=95.55% | acc=86.41% | bal_acc=75.22% | macro_f1=0.7613 | weighted_f1=0.8591 | precision_macro=0.8006 | recall_macro=0.7522 | qwk=0.8327 | mae=0.2693
        ovr_roc_auc_macro=0.9440 | ovr_pr_auc_macro=0.8010
Epoch 27/60 | Time 0m36s
  Train | loss=0.9997 | top1=97.60% | top3=99.82%
  Valid | loss=1.1023 | top1=84.86% | top3=94.95% | acc=86.16% | bal_acc=69.76% | macro_f1=0.7376 | weighted_f1=0.8550 | precision_macro=0.8044 | recall_macro=0.6976 | qwk=0.8181 | mae=0.2805
        ovr_roc_auc_macro=0.9326 | ovr_pr_auc_macro=0.7801
Epoch 28/60 | Time 0m38s
  Train | loss=0.9994 | top1=97.67% | top3=99.69%
  Valid | loss=1.0907 | top1=84.38% | top3=95.79% | acc=87.53% | bal_acc=77.33% | macro_f1=0.7882 | weighted_f1=0.8719 | precision_macro=0.8126 | recall_macro=0.7733 | qwk=0.8435 | mae=0.2531
        ovr_roc_auc_macro=0.9450 | ovr_pr_auc_macro=0.8047
  -> best macro_f1 updated to 0.7882 (epoch 28, val_loss=1.0907)
Epoch 29/60 | Time 0m36s
  Train | loss=0.9974 | top1=97.83% | top3=99.89%
  Valid | loss=1.0931 | top1=85.10% | top3=95.43% | acc=86.41% | bal_acc=73.21% | macro_f1=0.7564 | weighted_f1=0.8571 | precision_macro=0.7917 | recall_macro=0.7321 | qwk=0.8497 | mae=0.2494
        ovr_roc_auc_macro=0.9496 | ovr_pr_auc_macro=0.8068
Epoch 30/60 | Time 0m37s
  Train | loss=0.9966 | top1=98.17% | top3=99.85%
  Valid | loss=1.0869 | top1=87.26% | top3=95.31% | acc=86.78% | bal_acc=74.30% | macro_f1=0.7798 | weighted_f1=0.8669 | precision_macro=0.8327 | recall_macro=0.7430 | qwk=0.8329 | mae=0.2643
        ovr_roc_auc_macro=0.9484 | ovr_pr_auc_macro=0.8283
Epoch 31/60 | Time 0m36s
  Train | loss=0.9947 | top1=98.36% | top3=99.83%
  Valid | loss=1.0907 | top1=85.94% | top3=94.47% | acc=87.28% | bal_acc=78.70% | macro_f1=0.7890 | weighted_f1=0.8696 | precision_macro=0.8024 | recall_macro=0.7870 | qwk=0.8440 | mae=0.2594
        ovr_roc_auc_macro=0.9393 | ovr_pr_auc_macro=0.8174
  -> best macro_f1 updated to 0.7890 (epoch 31, val_loss=1.0907)
Epoch 32/60 | Time 0m37s
  Train | loss=0.9934 | top1=98.57% | top3=99.90%
  Valid | loss=1.1036 | top1=86.18% | top3=94.23% | acc=87.53% | bal_acc=76.50% | macro_f1=0.8024 | weighted_f1=0.8728 | precision_macro=0.8522 | recall_macro=0.7650 | qwk=0.8268 | mae=0.2594
        ovr_roc_auc_macro=0.9344 | ovr_pr_auc_macro=0.8115
  -> best macro_f1 updated to 0.8024 (epoch 32, val_loss=1.1036)
Epoch 33/60 | Time 0m37s
  Train | loss=0.9923 | top1=98.71% | top3=99.89%
  Valid | loss=1.0801 | top1=87.02% | top3=95.07% | acc=88.40% | bal_acc=79.76% | macro_f1=0.8173 | weighted_f1=0.8822 | precision_macro=0.8434 | recall_macro=0.7976 | qwk=0.8512 | mae=0.2369
        ovr_roc_auc_macro=0.9479 | ovr_pr_auc_macro=0.8421
  -> best macro_f1 updated to 0.8173 (epoch 33, val_loss=1.0801)
Epoch 34/60 | Time 0m37s
  Train | loss=0.9934 | top1=98.44% | top3=99.89%
  Valid | loss=1.0794 | top1=88.10% | top3=95.91% | acc=87.66% | bal_acc=77.45% | macro_f1=0.7995 | weighted_f1=0.8739 | precision_macro=0.8334 | recall_macro=0.7745 | qwk=0.8538 | mae=0.2419
        ovr_roc_auc_macro=0.9458 | ovr_pr_auc_macro=0.8470
Epoch 35/60 | Time 0m38s
  Train | loss=0.9911 | top1=99.01% | top3=99.92%
  Valid | loss=1.0797 | top1=88.34% | top3=95.19% | acc=87.91% | bal_acc=74.32% | macro_f1=0.7832 | weighted_f1=0.8738 | precision_macro=0.8555 | recall_macro=0.7432 | qwk=0.8486 | mae=0.2444
        ovr_roc_auc_macro=0.9476 | ovr_pr_auc_macro=0.8222
Epoch 36/60 | Time 0m37s
  Train | loss=0.9904 | top1=98.94% | top3=99.88%
  Valid | loss=1.0885 | top1=87.74% | top3=95.07% | acc=87.28% | bal_acc=75.30% | macro_f1=0.7849 | weighted_f1=0.8670 | precision_macro=0.8248 | recall_macro=0.7530 | qwk=0.8332 | mae=0.2569
        ovr_roc_auc_macro=0.9467 | ovr_pr_auc_macro=0.8132
Epoch 37/60 | Time 0m36s
  Train | loss=0.9901 | top1=99.07% | top3=99.92%
  Valid | loss=1.0963 | top1=85.22% | top3=94.35% | acc=86.53% | bal_acc=75.21% | macro_f1=0.7851 | weighted_f1=0.8651 | precision_macro=0.8320 | recall_macro=0.7521 | qwk=0.8439 | mae=0.2594
        ovr_roc_auc_macro=0.9436 | ovr_pr_auc_macro=0.8195
Epoch 38/60 | Time 0m36s
  Train | loss=0.9878 | top1=99.36% | top3=99.99%
  Valid | loss=1.0909 | top1=86.66% | top3=95.31% | acc=86.16% | bal_acc=73.49% | macro_f1=0.7631 | weighted_f1=0.8553 | precision_macro=0.8009 | recall_macro=0.7349 | qwk=0.8294 | mae=0.2681
        ovr_roc_auc_macro=0.9476 | ovr_pr_auc_macro=0.8110
Epoch 39/60 | Time 0m36s
  Train | loss=0.9871 | top1=99.31% | top3=99.97%
  Valid | loss=1.0876 | top1=86.42% | top3=94.95% | acc=87.78% | bal_acc=77.16% | macro_f1=0.7989 | weighted_f1=0.8767 | precision_macro=0.8332 | recall_macro=0.7716 | qwk=0.8522 | mae=0.2406
        ovr_roc_auc_macro=0.9453 | ovr_pr_auc_macro=0.8134
Epoch 40/60 | Time 0m37s
  Train | loss=0.9870 | top1=99.44% | top3=99.94%
  Valid | loss=1.0853 | top1=87.98% | top3=95.07% | acc=87.53% | bal_acc=77.58% | macro_f1=0.7907 | weighted_f1=0.8725 | precision_macro=0.8123 | recall_macro=0.7758 | qwk=0.8350 | mae=0.2581
        ovr_roc_auc_macro=0.9463 | ovr_pr_auc_macro=0.7976
Epoch 41/60 | Time 0m37s
  Train | loss=0.9866 | top1=99.47% | top3=99.99%
  Valid | loss=1.0925 | top1=85.46% | top3=94.83% | acc=86.78% | bal_acc=76.10% | macro_f1=0.7887 | weighted_f1=0.8632 | precision_macro=0.8236 | recall_macro=0.7610 | qwk=0.8397 | mae=0.2569
        ovr_roc_auc_macro=0.9443 | ovr_pr_auc_macro=0.7966
Epoch 42/60 | Time 0m36s
  Train | loss=0.9863 | top1=99.50% | top3=99.97%
  Valid | loss=1.0840 | top1=86.54% | top3=95.31% | acc=87.91% | bal_acc=76.21% | macro_f1=0.7918 | weighted_f1=0.8769 | precision_macro=0.8279 | recall_macro=0.7621 | qwk=0.8596 | mae=0.2319
        ovr_roc_auc_macro=0.9508 | ovr_pr_auc_macro=0.8121
Epoch 43/60 | Time 0m36s
  Train | loss=0.9856 | top1=99.68% | top3=100.00%
  Valid | loss=1.0844 | top1=86.30% | top3=94.71% | acc=87.66% | bal_acc=76.25% | macro_f1=0.7831 | weighted_f1=0.8736 | precision_macro=0.8068 | recall_macro=0.7625 | qwk=0.8387 | mae=0.2531
        ovr_roc_auc_macro=0.9510 | ovr_pr_auc_macro=0.8384
Epoch 44/60 | Time 0m36s
  Train | loss=0.9855 | top1=99.60% | top3=99.99%
  Valid | loss=1.0868 | top1=86.06% | top3=94.83% | acc=87.41% | bal_acc=75.79% | macro_f1=0.7898 | weighted_f1=0.8718 | precision_macro=0.8289 | recall_macro=0.7579 | qwk=0.8485 | mae=0.2456
        ovr_roc_auc_macro=0.9491 | ovr_pr_auc_macro=0.8317
Epoch 45/60 | Time 0m37s
  Train | loss=0.9850 | top1=99.65% | top3=100.00%
  Valid | loss=1.0853 | top1=88.22% | top3=94.83% | acc=87.78% | bal_acc=74.67% | macro_f1=0.7913 | weighted_f1=0.8727 | precision_macro=0.8484 | recall_macro=0.7467 | qwk=0.8475 | mae=0.2382
        ovr_roc_auc_macro=0.9476 | ovr_pr_auc_macro=0.8202
Epoch 46/60 | Time 0m36s
  Train | loss=0.9850 | top1=99.72% | top3=99.97%
  Valid | loss=1.0810 | top1=88.22% | top3=95.43% | acc=87.78% | bal_acc=76.80% | macro_f1=0.8060 | weighted_f1=0.8742 | precision_macro=0.8546 | recall_macro=0.7680 | qwk=0.8540 | mae=0.2382
        ovr_roc_auc_macro=0.9509 | ovr_pr_auc_macro=0.8317
Epoch 47/60 | Time 0m37s
  Train | loss=0.9850 | top1=99.64% | top3=99.99%
  Valid | loss=1.0810 | top1=88.10% | top3=95.07% | acc=87.66% | bal_acc=77.51% | macro_f1=0.7963 | weighted_f1=0.8745 | precision_macro=0.8222 | recall_macro=0.7751 | qwk=0.8522 | mae=0.2419
        ovr_roc_auc_macro=0.9505 | ovr_pr_auc_macro=0.8300
Epoch 48/60 | Time 0m37s
  Train | loss=0.9843 | top1=99.86% | top3=100.00%
  Valid | loss=1.0792 | top1=88.22% | top3=95.79% | acc=87.78% | bal_acc=75.90% | macro_f1=0.8010 | weighted_f1=0.8734 | precision_macro=0.8521 | recall_macro=0.7590 | qwk=0.8482 | mae=0.2382
        ovr_roc_auc_macro=0.9551 | ovr_pr_auc_macro=0.8322
  -> early stopping triggered at epoch 48

[TEST] loss=dast
  Test | loss=1.0802 | top1=88.28% | top3=95.54% | acc=88.27% | bal_acc=78.29% | macro_f1=0.8018 | weighted_f1=0.8793 | precision_macro=0.8256 | recall_macro=0.7829 | qwk=0.8731 | mae=0.2187
        ovr_roc_auc_macro=0.9507 | ovr_pr_auc_macro=0.8178
  Confusion Matrix:
[[  45    5    7    2    4    2    0]
 [   5   90    1    0    0    7    0]
 [   4    4  176    1    9   26    0]
 [   1    0    1   17    1    3    0]
 [   1    2   19    0  133   67    1]
 [   1    3   18    4   31 1284    0]
 [   0    0    0    0    1    4   23]]
  Classification Report:
              precision    recall  f1-score   support

       akiec     0.7895    0.6923    0.7377        65
         bcc     0.8654    0.8738    0.8696       103
         bkl     0.7928    0.8000    0.7964       220
          df     0.7083    0.7391    0.7234        23
         mel     0.7430    0.5964    0.6617       223
          nv     0.9218    0.9575    0.9393      1341
        vasc     0.9583    0.8214    0.8846        28

    accuracy                         0.8827      2003
   macro avg     0.8256    0.7829    0.8018      2003
weighted avg     0.8786    0.8827    0.8793      2003


==========================================================================================
Summary CSV saved: E:\Paper\Computer-Vision-for-Medicine\HAM10000_Loss\logs\ResNet_layer3+MECS_dast_tune_tau1p5_gamma1p5_20260410_202946_summary.csv
Top results by test_macro_f1:
  dast: macro_f1=0.8018, acc=88.27%, bal_acc=78.29%
Log file saved: E:\Paper\Computer-Vision-for-Medicine\HAM10000_Loss\logs\ResNet_layer3+MECS_dast_tune_tau1p5_gamma1p5_20260410_202946.log
==========================================================================================

EXIT CODE: 0
END TIME: 2026-04-10T20:59:34
====================================================================================================
