
====================================================================================================
RUN TAG: dast_tune_tau0p5_gamma1p5
SCRIPT: ResNet_layer3+MECS.py
LOSS: dast
tau=0.5, gamma=1.5
BATCH SIZE: 32
START TIME: 2026-04-10T17:01:03
LOG FILE: E:\Paper\Computer-Vision-for-Medicine\HAM10000_Loss\batch_logs\layer3_mecs_dast_tuning_20260410_163244\dast_tune_tau0p5_gamma1p5.log
====================================================================================================
==========================================================================================
Script: ResNet_layer3+MECS
Run tag: dast_tune_tau0p5_gamma1p5
Module: MECS | Insert after: layer3
Device: cuda
CUDA: NVIDIA GeForce RTX 4080 SUPER
Data dir: E:\Paper\Computer-Vision-for-Medicine\ISIC
Config | batch_size=32, epochs=60, num_workers=2, image_size=224, base_lr=0.0001, patience=15
Losses to run: ['dast']
==========================================================================================
Split sizes | train=7210, valid=802, test=2003
Classes (7): ['akiec', 'bcc', 'bkl', 'df', 'mel', 'nv', 'vasc']
Train class counts: [262, 411, 879, 92, 890, 5364, 114]
Loading torchvision ResNet50 pretrained weights once...
Pretrained state keys: 320

##########################################################################################
Starting loss: dast
##########################################################################################
DAST config | tau=0.5000, gamma=1.5000
Model params: 27,309,383 | pretrained loaded: 320/344 | feat_dim=2048
Criterion: DistanceAwareSoftTargetLoss
Criterion trainable params: 0
Epoch 01/60 | Time 0m36s
  Train | loss=1.4454 | top1=50.57% | top3=75.88%
  Valid | loss=1.2953 | top1=66.47% | top3=87.14% | acc=67.08% | bal_acc=15.24% | macro_f1=0.1341 | weighted_f1=0.5507 | precision_macro=0.1879 | recall_macro=0.1524 | qwk=0.0694 | mae=0.8279
        ovr_roc_auc_macro=0.6508 | ovr_pr_auc_macro=0.2088
  -> best macro_f1 updated to 0.1341 (epoch 1, val_loss=1.2953)
Epoch 02/60 | Time 0m36s
  Train | loss=1.1011 | top1=67.14% | top3=86.79%
  Valid | loss=0.8772 | top1=66.59% | top3=86.42% | acc=67.21% | bal_acc=14.61% | macro_f1=0.1213 | weighted_f1=0.5440 | precision_macro=0.2867 | recall_macro=0.1461 | qwk=0.0246 | mae=0.8354
        ovr_roc_auc_macro=0.7652 | ovr_pr_auc_macro=0.2718
Epoch 03/60 | Time 0m37s
  Train | loss=0.8218 | top1=67.26% | top3=89.01%
  Valid | loss=0.7668 | top1=67.43% | top3=87.98% | acc=68.08% | bal_acc=15.74% | macro_f1=0.1399 | weighted_f1=0.5668 | precision_macro=0.2816 | recall_macro=0.1574 | qwk=0.1974 | mae=0.7594
        ovr_roc_auc_macro=0.8079 | ovr_pr_auc_macro=0.3051
  -> best macro_f1 updated to 0.1399 (epoch 3, val_loss=0.7668)
Epoch 04/60 | Time 0m38s
  Train | loss=0.7451 | top1=68.39% | top3=89.47%
  Valid | loss=0.7188 | top1=68.39% | top3=88.34% | acc=69.08% | bal_acc=17.31% | macro_f1=0.1617 | weighted_f1=0.5934 | precision_macro=0.2144 | recall_macro=0.1731 | qwk=0.3520 | mae=0.6845
        ovr_roc_auc_macro=0.8445 | ovr_pr_auc_macro=0.3375
  -> best macro_f1 updated to 0.1617 (epoch 4, val_loss=0.7188)
Epoch 05/60 | Time 0m36s
  Train | loss=0.6908 | top1=70.69% | top3=89.99%
  Valid | loss=0.6721 | top1=71.88% | top3=89.54% | acc=72.69% | bal_acc=22.80% | macro_f1=0.2213 | weighted_f1=0.6648 | precision_macro=0.2358 | recall_macro=0.2280 | qwk=0.5795 | mae=0.5436
        ovr_roc_auc_macro=0.8846 | ovr_pr_auc_macro=0.4055
  -> best macro_f1 updated to 0.2213 (epoch 5, val_loss=0.6721)
Epoch 06/60 | Time 0m36s
  Train | loss=0.6318 | top1=73.76% | top3=92.39%
  Valid | loss=0.6333 | top1=74.88% | top3=92.55% | acc=75.81% | bal_acc=28.11% | macro_f1=0.2706 | weighted_f1=0.7124 | precision_macro=0.4083 | recall_macro=0.2811 | qwk=0.6911 | mae=0.4489
        ovr_roc_auc_macro=0.9146 | ovr_pr_auc_macro=0.4869
  -> best macro_f1 updated to 0.2706 (epoch 6, val_loss=0.6333)
Epoch 07/60 | Time 0m36s
  Train | loss=0.5637 | top1=76.94% | top3=94.88%
  Valid | loss=0.5770 | top1=79.09% | top3=93.27% | acc=80.17% | bal_acc=39.11% | macro_f1=0.3951 | weighted_f1=0.7705 | precision_macro=0.4626 | recall_macro=0.3911 | qwk=0.7618 | mae=0.3666
        ovr_roc_auc_macro=0.9318 | ovr_pr_auc_macro=0.5544
  -> best macro_f1 updated to 0.3951 (epoch 7, val_loss=0.5770)
Epoch 08/60 | Time 0m36s
  Train | loss=0.4989 | top1=80.12% | top3=96.11%
  Valid | loss=0.5313 | top1=79.93% | top3=94.59% | acc=81.05% | bal_acc=43.08% | macro_f1=0.4626 | weighted_f1=0.7872 | precision_macro=0.6047 | recall_macro=0.4308 | qwk=0.7730 | mae=0.3529
        ovr_roc_auc_macro=0.9378 | ovr_pr_auc_macro=0.6104
  -> best macro_f1 updated to 0.4626 (epoch 8, val_loss=0.5313)
Epoch 09/60 | Time 0m36s
  Train | loss=0.4425 | top1=82.93% | top3=97.18%
  Valid | loss=0.5335 | top1=80.65% | top3=95.07% | acc=81.80% | bal_acc=50.47% | macro_f1=0.5383 | weighted_f1=0.8040 | precision_macro=0.6396 | recall_macro=0.5047 | qwk=0.8026 | mae=0.3329
        ovr_roc_auc_macro=0.9424 | ovr_pr_auc_macro=0.6803
  -> best macro_f1 updated to 0.5383 (epoch 9, val_loss=0.5335)
Epoch 10/60 | Time 0m36s
  Train | loss=0.4023 | top1=85.56% | top3=97.75%
  Valid | loss=0.5001 | top1=81.01% | top3=96.88% | acc=82.17% | bal_acc=55.33% | macro_f1=0.5835 | weighted_f1=0.8110 | precision_macro=0.6278 | recall_macro=0.5533 | qwk=0.7714 | mae=0.3541
        ovr_roc_auc_macro=0.9489 | ovr_pr_auc_macro=0.7307
  -> best macro_f1 updated to 0.5835 (epoch 10, val_loss=0.5001)
Epoch 11/60 | Time 0m36s
  Train | loss=0.3537 | top1=87.94% | top3=98.50%
  Valid | loss=0.4863 | top1=82.21% | top3=96.75% | acc=83.42% | bal_acc=62.71% | macro_f1=0.6736 | weighted_f1=0.8283 | precision_macro=0.7982 | recall_macro=0.6271 | qwk=0.8121 | mae=0.3155
        ovr_roc_auc_macro=0.9542 | ovr_pr_auc_macro=0.7510
  -> best macro_f1 updated to 0.6736 (epoch 11, val_loss=0.4863)
Epoch 12/60 | Time 0m36s
  Train | loss=0.3277 | top1=89.60% | top3=98.99%
  Valid | loss=0.4560 | top1=85.46% | top3=97.48% | acc=84.91% | bal_acc=66.40% | macro_f1=0.7250 | weighted_f1=0.8420 | precision_macro=0.8319 | recall_macro=0.6640 | qwk=0.8262 | mae=0.2855
        ovr_roc_auc_macro=0.9581 | ovr_pr_auc_macro=0.8003
  -> best macro_f1 updated to 0.7250 (epoch 12, val_loss=0.4560)
Epoch 13/60 | Time 0m36s
  Train | loss=0.3027 | top1=90.60% | top3=99.22%
  Valid | loss=0.4984 | top1=83.53% | top3=97.36% | acc=82.92% | bal_acc=71.08% | macro_f1=0.7222 | weighted_f1=0.8298 | precision_macro=0.7525 | recall_macro=0.7108 | qwk=0.7921 | mae=0.3491
        ovr_roc_auc_macro=0.9534 | ovr_pr_auc_macro=0.7786
Epoch 14/60 | Time 0m36s
  Train | loss=0.2839 | top1=91.64% | top3=99.42%
  Valid | loss=0.4442 | top1=85.58% | top3=97.72% | acc=85.04% | bal_acc=71.93% | macro_f1=0.7551 | weighted_f1=0.8434 | precision_macro=0.8180 | recall_macro=0.7193 | qwk=0.8181 | mae=0.2968
        ovr_roc_auc_macro=0.9595 | ovr_pr_auc_macro=0.8115
  -> best macro_f1 updated to 0.7551 (epoch 14, val_loss=0.4442)
Epoch 15/60 | Time 0m35s
  Train | loss=0.2621 | top1=93.07% | top3=99.50%
  Valid | loss=0.4392 | top1=86.90% | top3=97.96% | acc=86.41% | bal_acc=72.64% | macro_f1=0.7766 | weighted_f1=0.8540 | precision_macro=0.8577 | recall_macro=0.7264 | qwk=0.8613 | mae=0.2406
        ovr_roc_auc_macro=0.9559 | ovr_pr_auc_macro=0.8404
  -> best macro_f1 updated to 0.7766 (epoch 15, val_loss=0.4392)
Epoch 16/60 | Time 0m36s
  Train | loss=0.2405 | top1=94.01% | top3=99.60%
  Valid | loss=0.4456 | top1=86.06% | top3=97.48% | acc=85.54% | bal_acc=70.58% | macro_f1=0.7491 | weighted_f1=0.8474 | precision_macro=0.8325 | recall_macro=0.7058 | qwk=0.8118 | mae=0.2955
        ovr_roc_auc_macro=0.9610 | ovr_pr_auc_macro=0.8228
Epoch 17/60 | Time 0m35s
  Train | loss=0.2198 | top1=94.94% | top3=99.83%
  Valid | loss=0.4941 | top1=85.82% | top3=96.39% | acc=85.29% | bal_acc=71.40% | macro_f1=0.7558 | weighted_f1=0.8418 | precision_macro=0.8205 | recall_macro=0.7140 | qwk=0.8157 | mae=0.2843
        ovr_roc_auc_macro=0.9505 | ovr_pr_auc_macro=0.7951
Epoch 18/60 | Time 0m36s
  Train | loss=0.2194 | top1=95.29% | top3=99.78%
  Valid | loss=0.4806 | top1=85.22% | top3=95.79% | acc=86.53% | bal_acc=75.27% | macro_f1=0.7974 | weighted_f1=0.8595 | precision_macro=0.8546 | recall_macro=0.7527 | qwk=0.8500 | mae=0.2469
        ovr_roc_auc_macro=0.9677 | ovr_pr_auc_macro=0.8350
  -> best macro_f1 updated to 0.7974 (epoch 18, val_loss=0.4806)
Epoch 19/60 | Time 0m36s
  Train | loss=0.2070 | top1=96.07% | top3=99.85%
  Valid | loss=0.4469 | top1=84.98% | top3=97.60% | acc=88.15% | bal_acc=78.05% | macro_f1=0.8116 | weighted_f1=0.8783 | precision_macro=0.8556 | recall_macro=0.7805 | qwk=0.8730 | mae=0.2145
        ovr_roc_auc_macro=0.9725 | ovr_pr_auc_macro=0.8545
  -> best macro_f1 updated to 0.8116 (epoch 19, val_loss=0.4469)
Epoch 20/60 | Time 0m36s
  Train | loss=0.1899 | top1=96.75% | top3=99.85%
  Valid | loss=0.4993 | top1=82.45% | top3=95.79% | acc=85.54% | bal_acc=71.97% | macro_f1=0.7526 | weighted_f1=0.8498 | precision_macro=0.8005 | recall_macro=0.7197 | qwk=0.8350 | mae=0.2693
        ovr_roc_auc_macro=0.9645 | ovr_pr_auc_macro=0.8343
Epoch 21/60 | Time 0m36s
  Train | loss=0.1864 | top1=97.08% | top3=99.89%
  Valid | loss=0.4687 | top1=85.70% | top3=95.31% | acc=87.03% | bal_acc=77.96% | macro_f1=0.7966 | weighted_f1=0.8661 | precision_macro=0.8205 | recall_macro=0.7796 | qwk=0.8634 | mae=0.2357
        ovr_roc_auc_macro=0.9686 | ovr_pr_auc_macro=0.8408
Epoch 22/60 | Time 0m36s
  Train | loss=0.1748 | top1=97.60% | top3=99.92%
  Valid | loss=0.4938 | top1=83.65% | top3=97.60% | acc=84.91% | bal_acc=71.76% | macro_f1=0.7477 | weighted_f1=0.8445 | precision_macro=0.7970 | recall_macro=0.7176 | qwk=0.8094 | mae=0.3017
        ovr_roc_auc_macro=0.9621 | ovr_pr_auc_macro=0.8251
Epoch 23/60 | Time 0m36s
  Train | loss=0.1720 | top1=97.83% | top3=99.90%
  Valid | loss=0.4499 | top1=87.14% | top3=97.48% | acc=86.66% | bal_acc=75.31% | macro_f1=0.7675 | weighted_f1=0.8606 | precision_macro=0.7983 | recall_macro=0.7531 | qwk=0.8444 | mae=0.2531
        ovr_roc_auc_macro=0.9665 | ovr_pr_auc_macro=0.8300
Epoch 24/60 | Time 0m36s
  Train | loss=0.1717 | top1=97.90% | top3=99.93%
  Valid | loss=0.4616 | top1=87.02% | top3=98.08% | acc=86.53% | bal_acc=78.02% | macro_f1=0.7914 | weighted_f1=0.8621 | precision_macro=0.8172 | recall_macro=0.7802 | qwk=0.8487 | mae=0.2606
        ovr_roc_auc_macro=0.9659 | ovr_pr_auc_macro=0.8433
Epoch 25/60 | Time 0m36s
  Train | loss=0.1706 | top1=97.97% | top3=99.90%
  Valid | loss=0.4457 | top1=87.50% | top3=97.72% | acc=87.03% | bal_acc=77.12% | macro_f1=0.7771 | weighted_f1=0.8616 | precision_macro=0.8023 | recall_macro=0.7712 | qwk=0.8405 | mae=0.2519
        ovr_roc_auc_macro=0.9689 | ovr_pr_auc_macro=0.8555
Epoch 26/60 | Time 0m36s
  Train | loss=0.1623 | top1=98.35% | top3=99.97%
  Valid | loss=0.4879 | top1=85.70% | top3=97.36% | acc=85.16% | bal_acc=74.76% | macro_f1=0.7702 | weighted_f1=0.8398 | precision_macro=0.8272 | recall_macro=0.7476 | qwk=0.8353 | mae=0.2818
        ovr_roc_auc_macro=0.9602 | ovr_pr_auc_macro=0.8511
Epoch 27/60 | Time 0m36s
  Train | loss=0.1597 | top1=98.57% | top3=99.97%
  Valid | loss=0.4885 | top1=85.58% | top3=97.24% | acc=86.91% | bal_acc=76.92% | macro_f1=0.7851 | weighted_f1=0.8647 | precision_macro=0.8365 | recall_macro=0.7692 | qwk=0.8285 | mae=0.2768
        ovr_roc_auc_macro=0.9604 | ovr_pr_auc_macro=0.8332
Epoch 28/60 | Time 0m36s
  Train | loss=0.1533 | top1=98.99% | top3=99.94%
  Valid | loss=0.4663 | top1=87.50% | top3=96.88% | acc=87.03% | bal_acc=75.28% | macro_f1=0.7987 | weighted_f1=0.8658 | precision_macro=0.8635 | recall_macro=0.7528 | qwk=0.8444 | mae=0.2519
        ovr_roc_auc_macro=0.9635 | ovr_pr_auc_macro=0.8367
Epoch 29/60 | Time 0m36s
  Train | loss=0.1502 | top1=98.99% | top3=99.96%
  Valid | loss=0.4648 | top1=86.18% | top3=97.36% | acc=87.53% | bal_acc=78.88% | macro_f1=0.7850 | weighted_f1=0.8720 | precision_macro=0.7877 | recall_macro=0.7888 | qwk=0.8425 | mae=0.2481
        ovr_roc_auc_macro=0.9639 | ovr_pr_auc_macro=0.8413
Epoch 30/60 | Time 0m36s
  Train | loss=0.1498 | top1=99.10% | top3=99.96%
  Valid | loss=0.4505 | top1=87.38% | top3=97.24% | acc=88.78% | bal_acc=79.01% | macro_f1=0.8138 | weighted_f1=0.8863 | precision_macro=0.8426 | recall_macro=0.7901 | qwk=0.8693 | mae=0.2157
        ovr_roc_auc_macro=0.9639 | ovr_pr_auc_macro=0.8449
  -> best macro_f1 updated to 0.8138 (epoch 30, val_loss=0.4505)
Epoch 31/60 | Time 0m38s
  Train | loss=0.1522 | top1=98.72% | top3=99.96%
  Valid | loss=0.4439 | top1=88.46% | top3=97.12% | acc=88.03% | bal_acc=77.69% | macro_f1=0.7942 | weighted_f1=0.8753 | precision_macro=0.8237 | recall_macro=0.7769 | qwk=0.8460 | mae=0.2419
        ovr_roc_auc_macro=0.9653 | ovr_pr_auc_macro=0.8503
Epoch 32/60 | Time 0m36s
  Train | loss=0.1474 | top1=99.06% | top3=99.96%
  Valid | loss=0.4970 | top1=86.90% | top3=97.00% | acc=86.41% | bal_acc=76.59% | macro_f1=0.7898 | weighted_f1=0.8580 | precision_macro=0.8316 | recall_macro=0.7659 | qwk=0.8290 | mae=0.2743
        ovr_roc_auc_macro=0.9579 | ovr_pr_auc_macro=0.8337
Epoch 33/60 | Time 0m35s
  Train | loss=0.1474 | top1=98.97% | top3=100.00%
  Valid | loss=0.4631 | top1=88.34% | top3=96.88% | acc=87.91% | bal_acc=77.88% | macro_f1=0.8073 | weighted_f1=0.8743 | precision_macro=0.8434 | recall_macro=0.7788 | qwk=0.8576 | mae=0.2307
        ovr_roc_auc_macro=0.9630 | ovr_pr_auc_macro=0.8331
Epoch 34/60 | Time 0m37s
  Train | loss=0.1476 | top1=98.99% | top3=99.99%
  Valid | loss=0.4363 | top1=88.22% | top3=97.36% | acc=87.78% | bal_acc=76.54% | macro_f1=0.7870 | weighted_f1=0.8722 | precision_macro=0.8261 | recall_macro=0.7654 | qwk=0.8389 | mae=0.2469
        ovr_roc_auc_macro=0.9660 | ovr_pr_auc_macro=0.8497
Epoch 35/60 | Time 0m36s
  Train | loss=0.1429 | top1=99.29% | top3=99.97%
  Valid | loss=0.4410 | top1=89.06% | top3=97.24% | acc=88.65% | bal_acc=79.45% | macro_f1=0.8280 | weighted_f1=0.8839 | precision_macro=0.8703 | recall_macro=0.7945 | qwk=0.8476 | mae=0.2319
        ovr_roc_auc_macro=0.9634 | ovr_pr_auc_macro=0.8468
  -> best macro_f1 updated to 0.8280 (epoch 35, val_loss=0.4410)
Epoch 36/60 | Time 0m37s
  Train | loss=0.1362 | top1=99.60% | top3=100.00%
  Valid | loss=0.4446 | top1=88.58% | top3=97.00% | acc=88.15% | bal_acc=79.90% | macro_f1=0.8094 | weighted_f1=0.8791 | precision_macro=0.8226 | recall_macro=0.7990 | qwk=0.8359 | mae=0.2481
        ovr_roc_auc_macro=0.9662 | ovr_pr_auc_macro=0.8403
Epoch 37/60 | Time 0m39s
  Train | loss=0.1361 | top1=99.71% | top3=99.99%
  Valid | loss=0.4553 | top1=89.18% | top3=97.00% | acc=88.78% | bal_acc=81.23% | macro_f1=0.8361 | weighted_f1=0.8845 | precision_macro=0.8684 | recall_macro=0.8123 | qwk=0.8569 | mae=0.2232
        ovr_roc_auc_macro=0.9612 | ovr_pr_auc_macro=0.8300
  -> best macro_f1 updated to 0.8361 (epoch 37, val_loss=0.4553)
Epoch 38/60 | Time 0m37s
  Train | loss=0.1380 | top1=99.53% | top3=100.00%
  Valid | loss=0.4706 | top1=88.94% | top3=97.24% | acc=88.53% | bal_acc=79.86% | macro_f1=0.8278 | weighted_f1=0.8788 | precision_macro=0.8724 | recall_macro=0.7986 | qwk=0.8676 | mae=0.2170
        ovr_roc_auc_macro=0.9629 | ovr_pr_auc_macro=0.8354
Epoch 39/60 | Time 0m37s
  Train | loss=0.1337 | top1=99.75% | top3=100.00%
  Valid | loss=0.4550 | top1=89.54% | top3=96.88% | acc=89.15% | bal_acc=80.35% | macro_f1=0.8347 | weighted_f1=0.8884 | precision_macro=0.8735 | recall_macro=0.8035 | qwk=0.8629 | mae=0.2145
        ovr_roc_auc_macro=0.9642 | ovr_pr_auc_macro=0.8397
Epoch 40/60 | Time 0m36s
  Train | loss=0.1357 | top1=99.51% | top3=100.00%
  Valid | loss=0.4677 | top1=88.94% | top3=97.48% | acc=88.53% | bal_acc=78.34% | macro_f1=0.8185 | weighted_f1=0.8815 | precision_macro=0.8666 | recall_macro=0.7834 | qwk=0.8642 | mae=0.2195
        ovr_roc_auc_macro=0.9606 | ovr_pr_auc_macro=0.8384
Epoch 41/60 | Time 0m35s
  Train | loss=0.1334 | top1=99.68% | top3=100.00%
  Valid | loss=0.4862 | top1=89.06% | top3=96.88% | acc=88.65% | bal_acc=78.29% | macro_f1=0.8165 | weighted_f1=0.8823 | precision_macro=0.8639 | recall_macro=0.7829 | qwk=0.8530 | mae=0.2269
        ovr_roc_auc_macro=0.9542 | ovr_pr_auc_macro=0.8309
Epoch 42/60 | Time 0m33s
  Train | loss=0.1319 | top1=99.76% | top3=100.00%
  Valid | loss=0.4612 | top1=88.94% | top3=97.24% | acc=88.53% | bal_acc=78.09% | macro_f1=0.8164 | weighted_f1=0.8801 | precision_macro=0.8693 | recall_macro=0.7809 | qwk=0.8697 | mae=0.2132
        ovr_roc_auc_macro=0.9581 | ovr_pr_auc_macro=0.8413
Epoch 43/60 | Time 0m36s
  Train | loss=0.1323 | top1=99.71% | top3=100.00%
  Valid | loss=0.4607 | top1=89.42% | top3=96.75% | acc=89.03% | bal_acc=81.43% | macro_f1=0.8324 | weighted_f1=0.8880 | precision_macro=0.8562 | recall_macro=0.8143 | qwk=0.8682 | mae=0.2132
        ovr_roc_auc_macro=0.9648 | ovr_pr_auc_macro=0.8585
Epoch 44/60 | Time 0m36s
  Train | loss=0.1347 | top1=99.62% | top3=99.97%
  Valid | loss=0.4584 | top1=88.82% | top3=96.75% | acc=88.40% | bal_acc=80.31% | macro_f1=0.8265 | weighted_f1=0.8806 | precision_macro=0.8571 | recall_macro=0.8031 | qwk=0.8708 | mae=0.2182
        ovr_roc_auc_macro=0.9644 | ovr_pr_auc_macro=0.8544
Epoch 45/60 | Time 0m36s
  Train | loss=0.1309 | top1=99.82% | top3=100.00%
  Valid | loss=0.4779 | top1=88.82% | top3=97.00% | acc=88.40% | bal_acc=79.87% | macro_f1=0.8159 | weighted_f1=0.8805 | precision_macro=0.8379 | recall_macro=0.7987 | qwk=0.8487 | mae=0.2332
        ovr_roc_auc_macro=0.9629 | ovr_pr_auc_macro=0.8426
Epoch 46/60 | Time 0m36s
  Train | loss=0.1292 | top1=99.86% | top3=100.00%
  Valid | loss=0.4708 | top1=86.90% | top3=97.12% | acc=88.28% | bal_acc=79.64% | macro_f1=0.8155 | weighted_f1=0.8792 | precision_macro=0.8404 | recall_macro=0.7964 | qwk=0.8553 | mae=0.2294
        ovr_roc_auc_macro=0.9634 | ovr_pr_auc_macro=0.8458
Epoch 47/60 | Time 0m36s
  Train | loss=0.1302 | top1=99.81% | top3=100.00%
  Valid | loss=0.4647 | top1=88.70% | top3=97.24% | acc=88.28% | bal_acc=79.91% | macro_f1=0.8281 | weighted_f1=0.8789 | precision_macro=0.8661 | recall_macro=0.7991 | qwk=0.8574 | mae=0.2269
        ovr_roc_auc_macro=0.9627 | ovr_pr_auc_macro=0.8400
Epoch 48/60 | Time 0m36s
  Train | loss=0.1295 | top1=99.83% | top3=100.00%
  Valid | loss=0.4641 | top1=88.58% | top3=97.24% | acc=88.15% | bal_acc=78.06% | macro_f1=0.8083 | weighted_f1=0.8780 | precision_macro=0.8408 | recall_macro=0.7806 | qwk=0.8458 | mae=0.2382
        ovr_roc_auc_macro=0.9645 | ovr_pr_auc_macro=0.8404
Epoch 49/60 | Time 0m36s
  Train | loss=0.1292 | top1=99.82% | top3=100.00%
  Valid | loss=0.4487 | top1=87.14% | top3=97.24% | acc=88.53% | bal_acc=79.83% | macro_f1=0.8132 | weighted_f1=0.8821 | precision_macro=0.8317 | recall_macro=0.7983 | qwk=0.8559 | mae=0.2282
        ovr_roc_auc_macro=0.9660 | ovr_pr_auc_macro=0.8544
Epoch 50/60 | Time 0m35s
  Train | loss=0.1298 | top1=99.85% | top3=100.00%
  Valid | loss=0.4671 | top1=88.70% | top3=97.24% | acc=88.28% | bal_acc=79.66% | macro_f1=0.8180 | weighted_f1=0.8796 | precision_macro=0.8451 | recall_macro=0.7966 | qwk=0.8564 | mae=0.2294
        ovr_roc_auc_macro=0.9613 | ovr_pr_auc_macro=0.8442
Epoch 51/60 | Time 0m36s
  Train | loss=0.1277 | top1=99.99% | top3=100.00%
  Valid | loss=0.4459 | top1=88.10% | top3=97.48% | acc=87.66% | bal_acc=79.38% | macro_f1=0.8078 | weighted_f1=0.8721 | precision_macro=0.8293 | recall_macro=0.7938 | qwk=0.8424 | mae=0.2494
        ovr_roc_auc_macro=0.9623 | ovr_pr_auc_macro=0.8455
Epoch 52/60 | Time 0m36s
  Train | loss=0.1272 | top1=99.97% | top3=100.00%
  Valid | loss=0.4504 | top1=88.70% | top3=97.48% | acc=88.28% | bal_acc=79.79% | macro_f1=0.8131 | weighted_f1=0.8800 | precision_macro=0.8335 | recall_macro=0.7979 | qwk=0.8399 | mae=0.2444
        ovr_roc_auc_macro=0.9659 | ovr_pr_auc_macro=0.8509
  -> early stopping triggered at epoch 52

[TEST] loss=dast
  Test | loss=0.4312 | top1=88.24% | top3=97.42% | acc=88.17% | bal_acc=78.69% | macro_f1=0.8180 | weighted_f1=0.8799 | precision_macro=0.8587 | recall_macro=0.7869 | qwk=0.8703 | mae=0.2187
        ovr_roc_auc_macro=0.9683 | ovr_pr_auc_macro=0.8488
  Confusion Matrix:
[[  48    5    6    0    2    4    0]
 [   3   92    1    0    1    6    0]
 [   7    7  158    1   12   35    0]
 [   0    1    0   17    2    3    0]
 [   4    3    8    0  152   56    0]
 [   1    3   10    0   50 1277    0]
 [   0    0    0    0    1    5   22]]
  Classification Report:
              precision    recall  f1-score   support

       akiec     0.7619    0.7385    0.7500        65
         bcc     0.8288    0.8932    0.8598       103
         bkl     0.8634    0.7182    0.7841       220
          df     0.9444    0.7391    0.8293        23
         mel     0.6909    0.6816    0.6862       223
          nv     0.9214    0.9523    0.9366      1341
        vasc     1.0000    0.7857    0.8800        28

    accuracy                         0.8817      2003
   macro avg     0.8587    0.7869    0.8180      2003
weighted avg     0.8808    0.8817    0.8799      2003


==========================================================================================
Summary CSV saved: E:\Paper\Computer-Vision-for-Medicine\HAM10000_Loss\logs\ResNet_layer3+MECS_dast_tune_tau0p5_gamma1p5_20260410_170106_summary.csv
Top results by test_macro_f1:
  dast: macro_f1=0.8180, acc=88.17%, bal_acc=78.69%
Log file saved: E:\Paper\Computer-Vision-for-Medicine\HAM10000_Loss\logs\ResNet_layer3+MECS_dast_tune_tau0p5_gamma1p5_20260410_170106.log
==========================================================================================

EXIT CODE: 0
END TIME: 2026-04-10T17:33:07
====================================================================================================
