
====================================================================================================
RUN TAG: dast_tune_tau1p5_gamma1
SCRIPT: ResNet_layer3+MECS.py
LOSS: dast
tau=1.5, gamma=1.0
BATCH SIZE: 32
START TIME: 2026-04-10T14:19:28
LOG FILE: E:\Paper\Computer-Vision-for-Medicine\Brain_Tumor_MRI_Loss\batch_logs\layer3_mecs_dast_tuning_20260410_113207\dast_tune_tau1p5_gamma1.log
====================================================================================================
==========================================================================================
Script: ResNet_layer3+MECS
Run tag: dast_tune_tau1p5_gamma1
Module: MECS | Insert after: layer3
Device: cuda
CUDA: NVIDIA GeForce RTX 4080 SUPER
Train dir: E:\Paper\Computer-Vision-for-Medicine\Brain_Tumor_MRI\Training
Test dir : E:\Paper\Computer-Vision-for-Medicine\Brain_Tumor_MRI\Testing
Config | batch_size=32, epochs=60, num_workers=0, image_size=224, base_lr=0.001, val_ratio=0.1, patience=15
Losses to run: ['dast']
==========================================================================================
Split sizes | train=5040, valid=560, test=1600
Classes (4): ['glioma', 'meningioma', 'notumor', 'pituitary']
Train class counts: [1260, 1260, 1260, 1260]
Loading torchvision ResNet50 pretrained weights once...
Pretrained state keys: 320

##########################################################################################
Starting loss: dast
##########################################################################################
DAST config | tau=1.5000, gamma=1.0000
Model params: 27,303,236 | pretrained loaded: 320/344 | feat_dim=2048
Criterion: DistanceAwareSoftTargetLoss
Criterion trainable params: 0
Epoch 01/60 | Time 0m29s
  Train | loss=0.8983 | top1=78.50% | top2=91.91%
  Valid | loss=0.8510 | top1=89.93% | top2=95.49% | acc=89.64% | bal_acc=89.64% | macro_f1=0.8954 | weighted_f1=0.8954 | precision_macro=0.9013 | recall_macro=0.8964 | mae=0.1321 | qwk=0.9225
        ovr_roc_auc_macro=0.9723 | ovr_pr_auc_macro=0.9383
  -> best macro_f1 updated to 0.8954 (epoch 1, val_loss=0.8510)
Epoch 02/60 | Time 0m29s
  Train | loss=0.8232 | top1=92.50% | top2=97.65%
  Valid | loss=0.8631 | top1=89.24% | top2=92.53% | acc=88.93% | bal_acc=88.93% | macro_f1=0.8854 | weighted_f1=0.8854 | precision_macro=0.9083 | recall_macro=0.8893 | mae=0.1929 | qwk=0.8579
        ovr_roc_auc_macro=0.9672 | ovr_pr_auc_macro=0.9470
Epoch 03/60 | Time 0m29s
  Train | loss=0.8109 | top1=95.29% | top2=98.66%
  Valid | loss=0.8113 | top1=97.74% | top2=98.78% | acc=97.68% | bal_acc=97.68% | macro_f1=0.9768 | weighted_f1=0.9768 | precision_macro=0.9770 | recall_macro=0.9768 | mae=0.0375 | qwk=0.9735
        ovr_roc_auc_macro=0.9914 | ovr_pr_auc_macro=0.9805
  -> best macro_f1 updated to 0.9768 (epoch 3, val_loss=0.8113)
Epoch 04/60 | Time 0m29s
  Train | loss=0.8052 | top1=96.32% | top2=99.23%
  Valid | loss=0.8382 | top1=94.27% | top2=98.61% | acc=94.11% | bal_acc=94.11% | macro_f1=0.9409 | weighted_f1=0.9409 | precision_macro=0.9458 | recall_macro=0.9411 | mae=0.0875 | qwk=0.9367
        ovr_roc_auc_macro=0.9895 | ovr_pr_auc_macro=0.9726
Epoch 05/60 | Time 0m29s
  Train | loss=0.7983 | top1=97.67% | top2=99.47%
  Valid | loss=0.8067 | top1=96.35% | top2=98.26% | acc=96.25% | bal_acc=96.25% | macro_f1=0.9621 | weighted_f1=0.9621 | precision_macro=0.9625 | recall_macro=0.9625 | mae=0.0571 | qwk=0.9603
        ovr_roc_auc_macro=0.9933 | ovr_pr_auc_macro=0.9892
Epoch 06/60 | Time 0m29s
  Train | loss=0.7985 | top1=97.55% | top2=99.35%
  Valid | loss=0.8090 | top1=96.35% | top2=98.96% | acc=96.43% | bal_acc=96.43% | macro_f1=0.9642 | weighted_f1=0.9642 | precision_macro=0.9645 | recall_macro=0.9643 | mae=0.0464 | qwk=0.9727
        ovr_roc_auc_macro=0.9927 | ovr_pr_auc_macro=0.9830
Epoch 07/60 | Time 0m28s
  Train | loss=0.7944 | top1=98.34% | top2=99.56%
  Valid | loss=0.8338 | top1=95.31% | top2=97.22% | acc=95.18% | bal_acc=95.18% | macro_f1=0.9522 | weighted_f1=0.9522 | precision_macro=0.9558 | recall_macro=0.9518 | mae=0.0786 | qwk=0.9427
        ovr_roc_auc_macro=0.9878 | ovr_pr_auc_macro=0.9693
Epoch 08/60 | Time 0m28s
  Train | loss=0.7935 | top1=98.44% | top2=99.55%
  Valid | loss=0.7973 | top1=98.96% | top2=99.65% | acc=98.93% | bal_acc=98.93% | macro_f1=0.9893 | weighted_f1=0.9893 | precision_macro=0.9893 | recall_macro=0.9893 | mae=0.0161 | qwk=0.9893
        ovr_roc_auc_macro=0.9973 | ovr_pr_auc_macro=0.9970
  -> best macro_f1 updated to 0.9893 (epoch 8, val_loss=0.7973)
Epoch 09/60 | Time 0m29s
  Train | loss=0.7910 | top1=99.21% | top2=99.72%
  Valid | loss=0.7960 | top1=98.44% | top2=99.13% | acc=98.39% | bal_acc=98.39% | macro_f1=0.9838 | weighted_f1=0.9838 | precision_macro=0.9843 | recall_macro=0.9839 | mae=0.0250 | qwk=0.9830
        ovr_roc_auc_macro=0.9944 | ovr_pr_auc_macro=0.9936
Epoch 10/60 | Time 0m29s
  Train | loss=0.7914 | top1=98.93% | top2=99.70%
  Valid | loss=0.7943 | top1=98.61% | top2=99.31% | acc=98.57% | bal_acc=98.57% | macro_f1=0.9857 | weighted_f1=0.9857 | precision_macro=0.9857 | recall_macro=0.9857 | mae=0.0214 | qwk=0.9857
        ovr_roc_auc_macro=0.9967 | ovr_pr_auc_macro=0.9962
Epoch 11/60 | Time 0m28s
  Train | loss=0.7896 | top1=99.35% | top2=99.84%
  Valid | loss=0.7950 | top1=98.26% | top2=99.31% | acc=98.21% | bal_acc=98.21% | macro_f1=0.9821 | weighted_f1=0.9821 | precision_macro=0.9823 | recall_macro=0.9821 | mae=0.0250 | qwk=0.9842
        ovr_roc_auc_macro=0.9965 | ovr_pr_auc_macro=0.9950
Epoch 12/60 | Time 0m29s
  Train | loss=0.7883 | top1=99.56% | top2=99.92%
  Valid | loss=0.7954 | top1=98.09% | top2=99.13% | acc=98.04% | bal_acc=98.04% | macro_f1=0.9804 | weighted_f1=0.9804 | precision_macro=0.9806 | recall_macro=0.9804 | mae=0.0268 | qwk=0.9835
        ovr_roc_auc_macro=0.9965 | ovr_pr_auc_macro=0.9956
Epoch 13/60 | Time 0m29s
  Train | loss=0.7898 | top1=99.45% | top2=99.76%
  Valid | loss=0.7963 | top1=98.26% | top2=99.13% | acc=98.21% | bal_acc=98.21% | macro_f1=0.9820 | weighted_f1=0.9820 | precision_macro=0.9829 | recall_macro=0.9821 | mae=0.0321 | qwk=0.9760
        ovr_roc_auc_macro=0.9937 | ovr_pr_auc_macro=0.9916
Epoch 14/60 | Time 0m28s
  Train | loss=0.7897 | top1=99.31% | top2=99.66%
  Valid | loss=0.7953 | top1=97.74% | top2=99.13% | acc=97.86% | bal_acc=97.86% | macro_f1=0.9785 | weighted_f1=0.9785 | precision_macro=0.9787 | recall_macro=0.9786 | mae=0.0321 | qwk=0.9771
        ovr_roc_auc_macro=0.9975 | ovr_pr_auc_macro=0.9966
Epoch 15/60 | Time 0m29s
  Train | loss=0.7901 | top1=99.27% | top2=99.72%
  Valid | loss=0.7929 | top1=98.61% | top2=99.65% | acc=98.57% | bal_acc=98.57% | macro_f1=0.9858 | weighted_f1=0.9858 | precision_macro=0.9858 | recall_macro=0.9857 | mae=0.0214 | qwk=0.9857
        ovr_roc_auc_macro=0.9967 | ovr_pr_auc_macro=0.9892
Epoch 16/60 | Time 0m28s
  Train | loss=0.7883 | top1=99.55% | top2=99.82%
  Valid | loss=0.7921 | top1=98.78% | top2=99.65% | acc=98.75% | bal_acc=98.75% | macro_f1=0.9875 | weighted_f1=0.9875 | precision_macro=0.9875 | recall_macro=0.9875 | mae=0.0179 | qwk=0.9886
        ovr_roc_auc_macro=0.9967 | ovr_pr_auc_macro=0.9925
Epoch 17/60 | Time 0m28s
  Train | loss=0.7882 | top1=99.43% | top2=99.84%
  Valid | loss=0.7930 | top1=98.96% | top2=99.48% | acc=98.93% | bal_acc=98.93% | macro_f1=0.9892 | weighted_f1=0.9892 | precision_macro=0.9894 | recall_macro=0.9893 | mae=0.0179 | qwk=0.9872
        ovr_roc_auc_macro=0.9966 | ovr_pr_auc_macro=0.9954
  -> best macro_f1 updated to 0.9892 (epoch 17, val_loss=0.7930)
Epoch 18/60 | Time 0m28s
  Train | loss=0.7888 | top1=99.35% | top2=99.84%
  Valid | loss=0.7908 | top1=98.96% | top2=99.65% | acc=98.93% | bal_acc=98.93% | macro_f1=0.9893 | weighted_f1=0.9893 | precision_macro=0.9893 | recall_macro=0.9893 | mae=0.0161 | qwk=0.9893
        ovr_roc_auc_macro=0.9981 | ovr_pr_auc_macro=0.9976
  -> best macro_f1 updated to 0.9893 (epoch 18, val_loss=0.7908)
Epoch 19/60 | Time 0m29s
  Train | loss=0.7884 | top1=99.58% | top2=99.78%
  Valid | loss=0.7959 | top1=98.44% | top2=99.13% | acc=98.39% | bal_acc=98.39% | macro_f1=0.9840 | weighted_f1=0.9840 | precision_macro=0.9843 | recall_macro=0.9839 | mae=0.0250 | qwk=0.9827
        ovr_roc_auc_macro=0.9951 | ovr_pr_auc_macro=0.9924
Epoch 20/60 | Time 0m29s
  Train | loss=0.7881 | top1=99.62% | top2=99.82%
  Valid | loss=0.7917 | top1=98.96% | top2=99.48% | acc=98.93% | bal_acc=98.93% | macro_f1=0.9893 | weighted_f1=0.9893 | precision_macro=0.9893 | recall_macro=0.9893 | mae=0.0196 | qwk=0.9850
        ovr_roc_auc_macro=0.9972 | ovr_pr_auc_macro=0.9953
Epoch 21/60 | Time 0m29s
  Train | loss=0.7875 | top1=99.74% | top2=99.86%
  Valid | loss=0.7917 | top1=98.78% | top2=99.48% | acc=98.75% | bal_acc=98.75% | macro_f1=0.9875 | weighted_f1=0.9875 | precision_macro=0.9876 | recall_macro=0.9875 | mae=0.0179 | qwk=0.9886
        ovr_roc_auc_macro=0.9974 | ovr_pr_auc_macro=0.9972
Epoch 22/60 | Time 0m29s
  Train | loss=0.7892 | top1=99.27% | top2=99.68%
  Valid | loss=0.7956 | top1=98.44% | top2=99.31% | acc=98.39% | bal_acc=98.39% | macro_f1=0.9839 | weighted_f1=0.9839 | precision_macro=0.9843 | recall_macro=0.9839 | mae=0.0286 | qwk=0.9773
        ovr_roc_auc_macro=0.9951 | ovr_pr_auc_macro=0.9939
Epoch 23/60 | Time 0m28s
  Train | loss=0.7869 | top1=99.84% | top2=99.94%
  Valid | loss=0.7918 | top1=99.31% | top2=99.48% | acc=99.29% | bal_acc=99.29% | macro_f1=0.9928 | weighted_f1=0.9928 | precision_macro=0.9930 | recall_macro=0.9929 | mae=0.0125 | qwk=0.9908
        ovr_roc_auc_macro=0.9957 | ovr_pr_auc_macro=0.9949
  -> best macro_f1 updated to 0.9928 (epoch 23, val_loss=0.7918)
Epoch 24/60 | Time 0m29s
  Train | loss=0.7865 | top1=99.92% | top2=99.92%
  Valid | loss=0.7921 | top1=98.96% | top2=99.48% | acc=98.93% | bal_acc=98.93% | macro_f1=0.9893 | weighted_f1=0.9893 | precision_macro=0.9894 | recall_macro=0.9893 | mae=0.0179 | qwk=0.9872
        ovr_roc_auc_macro=0.9973 | ovr_pr_auc_macro=0.9970
Epoch 25/60 | Time 0m28s
  Train | loss=0.7867 | top1=99.84% | top2=99.90%
  Valid | loss=0.7939 | top1=98.78% | top2=99.13% | acc=98.75% | bal_acc=98.75% | macro_f1=0.9874 | weighted_f1=0.9874 | precision_macro=0.9878 | recall_macro=0.9875 | mae=0.0214 | qwk=0.9844
        ovr_roc_auc_macro=0.9937 | ovr_pr_auc_macro=0.9935
Epoch 26/60 | Time 0m29s
  Train | loss=0.7867 | top1=99.82% | top2=99.90%
  Valid | loss=0.7983 | top1=98.44% | top2=98.44% | acc=98.39% | bal_acc=98.39% | macro_f1=0.9839 | weighted_f1=0.9839 | precision_macro=0.9844 | recall_macro=0.9839 | mae=0.0304 | qwk=0.9766
        ovr_roc_auc_macro=0.9897 | ovr_pr_auc_macro=0.9858
Epoch 27/60 | Time 0m29s
  Train | loss=0.7878 | top1=99.64% | top2=99.80%
  Valid | loss=0.7966 | top1=98.09% | top2=99.13% | acc=98.04% | bal_acc=98.04% | macro_f1=0.9803 | weighted_f1=0.9803 | precision_macro=0.9805 | recall_macro=0.9804 | mae=0.0286 | qwk=0.9815
        ovr_roc_auc_macro=0.9937 | ovr_pr_auc_macro=0.9925
Epoch 28/60 | Time 0m28s
  Train | loss=0.7882 | top1=99.53% | top2=99.82%
  Valid | loss=0.7952 | top1=98.26% | top2=99.31% | acc=98.21% | bal_acc=98.21% | macro_f1=0.9821 | weighted_f1=0.9821 | precision_macro=0.9824 | recall_macro=0.9821 | mae=0.0250 | qwk=0.9844
        ovr_roc_auc_macro=0.9955 | ovr_pr_auc_macro=0.9943
Epoch 29/60 | Time 0m28s
  Train | loss=0.7874 | top1=99.66% | top2=99.90%
  Valid | loss=0.7919 | top1=99.13% | top2=99.31% | acc=99.11% | bal_acc=99.11% | macro_f1=0.9911 | weighted_f1=0.9911 | precision_macro=0.9911 | recall_macro=0.9911 | mae=0.0161 | qwk=0.9879
        ovr_roc_auc_macro=0.9968 | ovr_pr_auc_macro=0.9963
Epoch 30/60 | Time 0m28s
  Train | loss=0.7881 | top1=99.43% | top2=99.82%
  Valid | loss=0.7935 | top1=98.61% | top2=99.31% | acc=98.57% | bal_acc=98.57% | macro_f1=0.9857 | weighted_f1=0.9857 | precision_macro=0.9857 | recall_macro=0.9857 | mae=0.0214 | qwk=0.9857
        ovr_roc_auc_macro=0.9950 | ovr_pr_auc_macro=0.9939
Epoch 31/60 | Time 0m28s
  Train | loss=0.7869 | top1=99.80% | top2=99.90%
  Valid | loss=0.7935 | top1=98.96% | top2=99.48% | acc=98.93% | bal_acc=98.93% | macro_f1=0.9892 | weighted_f1=0.9892 | precision_macro=0.9895 | recall_macro=0.9893 | mae=0.0179 | qwk=0.9872
        ovr_roc_auc_macro=0.9950 | ovr_pr_auc_macro=0.9897
Epoch 32/60 | Time 0m28s
  Train | loss=0.7868 | top1=99.76% | top2=99.92%
  Valid | loss=0.7922 | top1=98.96% | top2=99.48% | acc=98.93% | bal_acc=98.93% | macro_f1=0.9892 | weighted_f1=0.9892 | precision_macro=0.9893 | recall_macro=0.9893 | mae=0.0161 | qwk=0.9893
        ovr_roc_auc_macro=0.9962 | ovr_pr_auc_macro=0.9923
Epoch 33/60 | Time 0m28s
  Train | loss=0.7862 | top1=99.90% | top2=99.92%
  Valid | loss=0.7918 | top1=98.96% | top2=99.48% | acc=98.93% | bal_acc=98.93% | macro_f1=0.9892 | weighted_f1=0.9892 | precision_macro=0.9894 | recall_macro=0.9893 | mae=0.0179 | qwk=0.9872
        ovr_roc_auc_macro=0.9968 | ovr_pr_auc_macro=0.9962
Epoch 34/60 | Time 0m28s
  Train | loss=0.7864 | top1=99.88% | top2=99.94%
  Valid | loss=0.7915 | top1=98.96% | top2=99.48% | acc=98.93% | bal_acc=98.93% | macro_f1=0.9892 | weighted_f1=0.9892 | precision_macro=0.9894 | recall_macro=0.9893 | mae=0.0179 | qwk=0.9872
        ovr_roc_auc_macro=0.9975 | ovr_pr_auc_macro=0.9964
Epoch 35/60 | Time 0m28s
  Train | loss=0.7864 | top1=99.90% | top2=99.90%
  Valid | loss=0.7943 | top1=98.61% | top2=99.13% | acc=98.57% | bal_acc=98.57% | macro_f1=0.9856 | weighted_f1=0.9856 | precision_macro=0.9857 | recall_macro=0.9857 | mae=0.0232 | qwk=0.9836
        ovr_roc_auc_macro=0.9956 | ovr_pr_auc_macro=0.9949
Epoch 36/60 | Time 0m28s
  Train | loss=0.7864 | top1=99.86% | top2=99.92%
  Valid | loss=0.7921 | top1=98.96% | top2=99.31% | acc=98.93% | bal_acc=98.93% | macro_f1=0.9892 | weighted_f1=0.9892 | precision_macro=0.9893 | recall_macro=0.9893 | mae=0.0179 | qwk=0.9872
        ovr_roc_auc_macro=0.9962 | ovr_pr_auc_macro=0.9936
Epoch 37/60 | Time 0m28s
  Train | loss=0.7860 | top1=99.92% | top2=99.94%
  Valid | loss=0.7920 | top1=98.96% | top2=99.48% | acc=98.93% | bal_acc=98.93% | macro_f1=0.9892 | weighted_f1=0.9892 | precision_macro=0.9893 | recall_macro=0.9893 | mae=0.0179 | qwk=0.9872
        ovr_roc_auc_macro=0.9968 | ovr_pr_auc_macro=0.9963
Epoch 38/60 | Time 0m28s
  Train | loss=0.7862 | top1=99.92% | top2=99.94%
  Valid | loss=0.7937 | top1=98.96% | top2=99.31% | acc=98.93% | bal_acc=98.93% | macro_f1=0.9892 | weighted_f1=0.9892 | precision_macro=0.9895 | recall_macro=0.9893 | mae=0.0179 | qwk=0.9872
        ovr_roc_auc_macro=0.9945 | ovr_pr_auc_macro=0.9917
  -> early stopping triggered at epoch 38

[TEST] loss=dast
  Test | loss=0.8150 | top1=95.19% | top2=97.38% | acc=95.19% | bal_acc=95.19% | macro_f1=0.9508 | weighted_f1=0.9508 | precision_macro=0.9561 | recall_macro=0.9519 | mae=0.0631 | qwk=0.9609
        ovr_roc_auc_macro=0.9862 | ovr_pr_auc_macro=0.9567
  Confusion Matrix:
[[327  54  18   1]
 [  0 396   0   4]
 [  0   0 400   0]
 [  0   0   0 400]]
  Classification Report:
              precision    recall  f1-score   support

      glioma     1.0000    0.8175    0.8996       400
  meningioma     0.8800    0.9900    0.9318       400
     notumor     0.9569    1.0000    0.9780       400
   pituitary     0.9877    1.0000    0.9938       400

    accuracy                         0.9519      1600
   macro avg     0.9561    0.9519    0.9508      1600
weighted avg     0.9561    0.9519    0.9508      1600


==========================================================================================
Summary CSV saved: E:\Paper\Computer-Vision-for-Medicine\Brain_Tumor_MRI_Loss\logs\ResNet_layer3+MECS_dast_tune_tau1p5_gamma1_20260410_141930_summary.csv
Top results by test_macro_f1:
  dast: macro_f1=0.9508, qwk=0.9609, mae=0.0631, acc=0.9519, top1=0.9519
==========================================================================================

EXIT CODE: 0
END TIME: 2026-04-10T14:37:59
====================================================================================================
