
====================================================================================================
RUN TAG: dast_tune_tau0p5_gamma1
SCRIPT: ResNet_layer3+MECS.py
LOSS: dast
tau=0.5, gamma=1.0
BATCH SIZE: 32
START TIME: 2026-04-10T11:48:52
LOG FILE: E:\Paper\Computer-Vision-for-Medicine\Brain_Tumor_MRI_Loss\batch_logs\layer3_mecs_dast_tuning_20260410_113207\dast_tune_tau0p5_gamma1.log
====================================================================================================
==========================================================================================
Script: ResNet_layer3+MECS
Run tag: dast_tune_tau0p5_gamma1
Module: MECS | Insert after: layer3
Device: cuda
CUDA: NVIDIA GeForce RTX 4080 SUPER
Train dir: E:\Paper\Computer-Vision-for-Medicine\Brain_Tumor_MRI\Training
Test dir : E:\Paper\Computer-Vision-for-Medicine\Brain_Tumor_MRI\Testing
Config | batch_size=32, epochs=60, num_workers=0, image_size=224, base_lr=0.001, val_ratio=0.1, patience=15
Losses to run: ['dast']
==========================================================================================
Split sizes | train=5040, valid=560, test=1600
Classes (4): ['glioma', 'meningioma', 'notumor', 'pituitary']
Train class counts: [1260, 1260, 1260, 1260]
Loading torchvision ResNet50 pretrained weights once...
Pretrained state keys: 320

##########################################################################################
Starting loss: dast
##########################################################################################
DAST config | tau=0.5000, gamma=1.0000
Model params: 27,303,236 | pretrained loaded: 320/344 | feat_dim=2048
Criterion: DistanceAwareSoftTargetLoss
Criterion trainable params: 0
Epoch 01/60 | Time 0m31s
  Train | loss=0.6075 | top1=78.78% | top2=92.56%
  Valid | loss=0.3219 | top1=90.45% | top2=98.44% | acc=90.36% | bal_acc=90.36% | macro_f1=0.9048 | weighted_f1=0.9048 | precision_macro=0.9123 | recall_macro=0.9036 | mae=0.1339 | qwk=0.9135
        ovr_roc_auc_macro=0.9858 | ovr_pr_auc_macro=0.9627
  -> best macro_f1 updated to 0.9048 (epoch 1, val_loss=0.3219)
Epoch 02/60 | Time 0m30s
  Train | loss=0.2823 | top1=93.45% | top2=98.81%
  Valid | loss=0.3126 | top1=93.40% | top2=97.05% | acc=93.21% | bal_acc=93.21% | macro_f1=0.9310 | weighted_f1=0.9310 | precision_macro=0.9399 | recall_macro=0.9321 | mae=0.1250 | qwk=0.9052
        ovr_roc_auc_macro=0.9882 | ovr_pr_auc_macro=0.9783
  -> best macro_f1 updated to 0.9310 (epoch 2, val_loss=0.3126)
Epoch 03/60 | Time 0m29s
  Train | loss=0.2406 | top1=95.59% | top2=99.53%
  Valid | loss=0.2449 | top1=94.62% | top2=99.48% | acc=94.46% | bal_acc=94.46% | macro_f1=0.9447 | weighted_f1=0.9447 | precision_macro=0.9462 | recall_macro=0.9446 | mae=0.0732 | qwk=0.9557
        ovr_roc_auc_macro=0.9957 | ovr_pr_auc_macro=0.9884
  -> best macro_f1 updated to 0.9447 (epoch 3, val_loss=0.2449)
Epoch 04/60 | Time 0m29s
  Train | loss=0.2195 | top1=97.21% | top2=99.56%
  Valid | loss=0.2908 | top1=95.31% | top2=99.83% | acc=95.18% | bal_acc=95.18% | macro_f1=0.9513 | weighted_f1=0.9513 | precision_macro=0.9551 | recall_macro=0.9518 | mae=0.0589 | qwk=0.9674
        ovr_roc_auc_macro=0.9936 | ovr_pr_auc_macro=0.9825
  -> best macro_f1 updated to 0.9513 (epoch 4, val_loss=0.2908)
Epoch 05/60 | Time 0m29s
  Train | loss=0.2093 | top1=97.47% | top2=99.64%
  Valid | loss=0.2757 | top1=97.57% | top2=99.48% | acc=97.50% | bal_acc=97.50% | macro_f1=0.9752 | weighted_f1=0.9752 | precision_macro=0.9758 | recall_macro=0.9750 | mae=0.0357 | qwk=0.9769
        ovr_roc_auc_macro=0.9945 | ovr_pr_auc_macro=0.9808
  -> best macro_f1 updated to 0.9752 (epoch 5, val_loss=0.2757)
Epoch 06/60 | Time 0m29s
  Train | loss=0.1914 | top1=98.46% | top2=99.78%
  Valid | loss=0.2771 | top1=96.01% | top2=99.48% | acc=95.89% | bal_acc=95.89% | macro_f1=0.9590 | weighted_f1=0.9590 | precision_macro=0.9612 | recall_macro=0.9589 | mae=0.0589 | qwk=0.9613
        ovr_roc_auc_macro=0.9954 | ovr_pr_auc_macro=0.9832
Epoch 07/60 | Time 0m28s
  Train | loss=0.1918 | top1=98.60% | top2=99.90%
  Valid | loss=0.2867 | top1=98.44% | top2=99.13% | acc=98.39% | bal_acc=98.39% | macro_f1=0.9840 | weighted_f1=0.9840 | precision_macro=0.9841 | recall_macro=0.9839 | mae=0.0286 | qwk=0.9787
        ovr_roc_auc_macro=0.9931 | ovr_pr_auc_macro=0.9783
  -> best macro_f1 updated to 0.9840 (epoch 7, val_loss=0.2867)
Epoch 08/60 | Time 0m28s
  Train | loss=0.1781 | top1=99.17% | top2=99.92%
  Valid | loss=0.2144 | top1=98.09% | top2=99.48% | acc=98.04% | bal_acc=98.04% | macro_f1=0.9804 | weighted_f1=0.9804 | precision_macro=0.9806 | recall_macro=0.9804 | mae=0.0304 | qwk=0.9792
        ovr_roc_auc_macro=0.9957 | ovr_pr_auc_macro=0.9876
Epoch 09/60 | Time 0m29s
  Train | loss=0.1747 | top1=99.33% | top2=99.86%
  Valid | loss=0.2017 | top1=98.44% | top2=99.65% | acc=98.39% | bal_acc=98.39% | macro_f1=0.9839 | weighted_f1=0.9839 | precision_macro=0.9839 | recall_macro=0.9839 | mae=0.0232 | qwk=0.9850
        ovr_roc_auc_macro=0.9945 | ovr_pr_auc_macro=0.9847
  -> best macro_f1 updated to 0.9839 (epoch 9, val_loss=0.2017)
Epoch 10/60 | Time 0m29s
  Train | loss=0.1756 | top1=99.39% | top2=99.96%
  Valid | loss=0.2064 | top1=98.26% | top2=99.65% | acc=98.21% | bal_acc=98.21% | macro_f1=0.9823 | weighted_f1=0.9823 | precision_macro=0.9827 | recall_macro=0.9821 | mae=0.0250 | qwk=0.9842
        ovr_roc_auc_macro=0.9961 | ovr_pr_auc_macro=0.9849
Epoch 11/60 | Time 0m29s
  Train | loss=0.1712 | top1=99.62% | top2=99.90%
  Valid | loss=0.1792 | top1=98.78% | top2=99.83% | acc=98.93% | bal_acc=98.93% | macro_f1=0.9893 | weighted_f1=0.9893 | precision_macro=0.9893 | recall_macro=0.9893 | mae=0.0179 | qwk=0.9872
        ovr_roc_auc_macro=0.9998 | ovr_pr_auc_macro=0.9996
  -> best macro_f1 updated to 0.9893 (epoch 11, val_loss=0.1792)
Epoch 12/60 | Time 0m29s
  Train | loss=0.1736 | top1=99.41% | top2=99.88%
  Valid | loss=0.2017 | top1=98.09% | top2=99.13% | acc=98.04% | bal_acc=98.04% | macro_f1=0.9803 | weighted_f1=0.9803 | precision_macro=0.9806 | recall_macro=0.9804 | mae=0.0321 | qwk=0.9770
        ovr_roc_auc_macro=0.9972 | ovr_pr_auc_macro=0.9966
Epoch 13/60 | Time 0m29s
  Train | loss=0.1718 | top1=99.58% | top2=99.92%
  Valid | loss=0.2072 | top1=97.92% | top2=99.48% | acc=97.86% | bal_acc=97.86% | macro_f1=0.9784 | weighted_f1=0.9784 | precision_macro=0.9793 | recall_macro=0.9786 | mae=0.0357 | qwk=0.9746
        ovr_roc_auc_macro=0.9979 | ovr_pr_auc_macro=0.9965
Epoch 14/60 | Time 0m29s
  Train | loss=0.1720 | top1=99.51% | top2=99.92%
  Valid | loss=0.1832 | top1=99.13% | top2=99.65% | acc=99.11% | bal_acc=99.11% | macro_f1=0.9911 | weighted_f1=0.9911 | precision_macro=0.9912 | recall_macro=0.9911 | mae=0.0196 | qwk=0.9822
        ovr_roc_auc_macro=0.9985 | ovr_pr_auc_macro=0.9982
  -> best macro_f1 updated to 0.9911 (epoch 14, val_loss=0.1832)
Epoch 15/60 | Time 0m29s
  Train | loss=0.1678 | top1=99.66% | top2=99.98%
  Valid | loss=0.1739 | top1=99.48% | top2=99.65% | acc=99.46% | bal_acc=99.46% | macro_f1=0.9946 | weighted_f1=0.9946 | precision_macro=0.9947 | recall_macro=0.9946 | mae=0.0107 | qwk=0.9914
        ovr_roc_auc_macro=0.9997 | ovr_pr_auc_macro=0.9993
  -> best macro_f1 updated to 0.9946 (epoch 15, val_loss=0.1739)
Epoch 16/60 | Time 0m29s
  Train | loss=0.1780 | top1=99.33% | top2=99.82%
  Valid | loss=0.1886 | top1=98.26% | top2=99.65% | acc=98.21% | bal_acc=98.21% | macro_f1=0.9822 | weighted_f1=0.9822 | precision_macro=0.9825 | recall_macro=0.9821 | mae=0.0286 | qwk=0.9785
        ovr_roc_auc_macro=0.9997 | ovr_pr_auc_macro=0.9991
Epoch 17/60 | Time 0m29s
  Train | loss=0.1657 | top1=99.72% | top2=99.96%
  Valid | loss=0.1800 | top1=98.61% | top2=99.65% | acc=98.57% | bal_acc=98.57% | macro_f1=0.9857 | weighted_f1=0.9857 | precision_macro=0.9860 | recall_macro=0.9857 | mae=0.0286 | qwk=0.9758
        ovr_roc_auc_macro=0.9998 | ovr_pr_auc_macro=0.9995
Epoch 18/60 | Time 0m29s
  Train | loss=0.1716 | top1=99.45% | top2=99.90%
  Valid | loss=0.1826 | top1=98.96% | top2=99.65% | acc=98.93% | bal_acc=98.93% | macro_f1=0.9893 | weighted_f1=0.9893 | precision_macro=0.9895 | recall_macro=0.9893 | mae=0.0214 | qwk=0.9830
        ovr_roc_auc_macro=0.9998 | ovr_pr_auc_macro=0.9995
Epoch 19/60 | Time 0m29s
  Train | loss=0.1667 | top1=99.74% | top2=99.98%
  Valid | loss=0.1860 | top1=99.31% | top2=99.48% | acc=99.29% | bal_acc=99.29% | macro_f1=0.9929 | weighted_f1=0.9929 | precision_macro=0.9931 | recall_macro=0.9929 | mae=0.0143 | qwk=0.9886
        ovr_roc_auc_macro=0.9969 | ovr_pr_auc_macro=0.9963
Epoch 20/60 | Time 0m30s
  Train | loss=0.1695 | top1=99.60% | top2=99.96%
  Valid | loss=0.1856 | top1=99.13% | top2=99.48% | acc=99.11% | bal_acc=99.11% | macro_f1=0.9911 | weighted_f1=0.9911 | precision_macro=0.9913 | recall_macro=0.9911 | mae=0.0179 | qwk=0.9858
        ovr_roc_auc_macro=0.9971 | ovr_pr_auc_macro=0.9967
Epoch 21/60 | Time 0m29s
  Train | loss=0.1643 | top1=99.78% | top2=99.98%
  Valid | loss=0.1825 | top1=98.78% | top2=99.83% | acc=98.75% | bal_acc=98.75% | macro_f1=0.9875 | weighted_f1=0.9875 | precision_macro=0.9876 | recall_macro=0.9875 | mae=0.0250 | qwk=0.9801
        ovr_roc_auc_macro=0.9987 | ovr_pr_auc_macro=0.9985
Epoch 22/60 | Time 0m30s
  Train | loss=0.1700 | top1=99.43% | top2=99.92%
  Valid | loss=0.1852 | top1=98.96% | top2=99.48% | acc=98.93% | bal_acc=98.93% | macro_f1=0.9893 | weighted_f1=0.9893 | precision_macro=0.9895 | recall_macro=0.9893 | mae=0.0214 | qwk=0.9830
        ovr_roc_auc_macro=0.9985 | ovr_pr_auc_macro=0.9981
Epoch 23/60 | Time 0m29s
  Train | loss=0.1658 | top1=99.66% | top2=99.98%
  Valid | loss=0.1791 | top1=99.13% | top2=99.65% | acc=99.11% | bal_acc=99.11% | macro_f1=0.9911 | weighted_f1=0.9911 | precision_macro=0.9912 | recall_macro=0.9911 | mae=0.0179 | qwk=0.9858
        ovr_roc_auc_macro=0.9997 | ovr_pr_auc_macro=0.9992
Epoch 24/60 | Time 0m30s
  Train | loss=0.1621 | top1=99.92% | top2=100.00%
  Valid | loss=0.1821 | top1=98.78% | top2=99.65% | acc=98.75% | bal_acc=98.75% | macro_f1=0.9875 | weighted_f1=0.9875 | precision_macro=0.9877 | recall_macro=0.9875 | mae=0.0250 | qwk=0.9801
        ovr_roc_auc_macro=0.9983 | ovr_pr_auc_macro=0.9978
Epoch 25/60 | Time 0m31s
  Train | loss=0.1648 | top1=99.84% | top2=99.96%
  Valid | loss=0.1826 | top1=99.13% | top2=99.65% | acc=99.11% | bal_acc=99.11% | macro_f1=0.9911 | weighted_f1=0.9911 | precision_macro=0.9911 | recall_macro=0.9911 | mae=0.0161 | qwk=0.9879
        ovr_roc_auc_macro=0.9975 | ovr_pr_auc_macro=0.9973
Epoch 26/60 | Time 0m32s
  Train | loss=0.1641 | top1=99.78% | top2=100.00%
  Valid | loss=0.1794 | top1=99.13% | top2=99.83% | acc=99.11% | bal_acc=99.11% | macro_f1=0.9911 | weighted_f1=0.9911 | precision_macro=0.9911 | recall_macro=0.9911 | mae=0.0161 | qwk=0.9865
        ovr_roc_auc_macro=0.9988 | ovr_pr_auc_macro=0.9947
Epoch 27/60 | Time 0m30s
  Train | loss=0.1643 | top1=99.80% | top2=99.98%
  Valid | loss=0.1721 | top1=99.48% | top2=100.00% | acc=99.46% | bal_acc=99.46% | macro_f1=0.9946 | weighted_f1=0.9946 | precision_macro=0.9946 | recall_macro=0.9946 | mae=0.0089 | qwk=0.9936
        ovr_roc_auc_macro=0.9999 | ovr_pr_auc_macro=0.9998
  -> best macro_f1 updated to 0.9946 (epoch 27, val_loss=0.1721)
Epoch 28/60 | Time 0m29s
  Train | loss=0.1620 | top1=99.90% | top2=100.00%
  Valid | loss=0.1765 | top1=99.13% | top2=99.83% | acc=99.11% | bal_acc=99.11% | macro_f1=0.9911 | weighted_f1=0.9911 | precision_macro=0.9911 | recall_macro=0.9911 | mae=0.0161 | qwk=0.9879
        ovr_roc_auc_macro=0.9987 | ovr_pr_auc_macro=0.9985
Epoch 29/60 | Time 0m29s
  Train | loss=0.1612 | top1=99.88% | top2=100.00%
  Valid | loss=0.1773 | top1=99.31% | top2=99.83% | acc=99.29% | bal_acc=99.29% | macro_f1=0.9929 | weighted_f1=0.9929 | precision_macro=0.9929 | recall_macro=0.9929 | mae=0.0143 | qwk=0.9886
        ovr_roc_auc_macro=0.9998 | ovr_pr_auc_macro=0.9996
Epoch 30/60 | Time 0m29s
  Train | loss=0.1619 | top1=99.88% | top2=99.98%
  Valid | loss=0.1773 | top1=99.13% | top2=99.83% | acc=99.11% | bal_acc=99.11% | macro_f1=0.9911 | weighted_f1=0.9911 | precision_macro=0.9911 | recall_macro=0.9911 | mae=0.0143 | qwk=0.9900
        ovr_roc_auc_macro=0.9995 | ovr_pr_auc_macro=0.9990
Epoch 31/60 | Time 0m29s
  Train | loss=0.1619 | top1=99.88% | top2=100.00%
  Valid | loss=0.1783 | top1=99.48% | top2=99.65% | acc=99.46% | bal_acc=99.46% | macro_f1=0.9946 | weighted_f1=0.9946 | precision_macro=0.9947 | recall_macro=0.9946 | mae=0.0107 | qwk=0.9915
        ovr_roc_auc_macro=0.9972 | ovr_pr_auc_macro=0.9957
Epoch 32/60 | Time 0m29s
  Train | loss=0.1617 | top1=99.92% | top2=100.00%
  Valid | loss=0.1844 | top1=99.13% | top2=99.65% | acc=99.11% | bal_acc=99.11% | macro_f1=0.9911 | weighted_f1=0.9911 | precision_macro=0.9911 | recall_macro=0.9911 | mae=0.0143 | qwk=0.9900
        ovr_roc_auc_macro=0.9973 | ovr_pr_auc_macro=0.9969
Epoch 33/60 | Time 0m30s
  Train | loss=0.1614 | top1=99.90% | top2=100.00%
  Valid | loss=0.1799 | top1=99.13% | top2=99.83% | acc=99.11% | bal_acc=99.11% | macro_f1=0.9911 | weighted_f1=0.9911 | precision_macro=0.9911 | recall_macro=0.9911 | mae=0.0179 | qwk=0.9858
        ovr_roc_auc_macro=0.9987 | ovr_pr_auc_macro=0.9985
Epoch 34/60 | Time 0m31s
  Train | loss=0.1622 | top1=99.78% | top2=100.00%
  Valid | loss=0.1885 | top1=98.96% | top2=99.65% | acc=98.93% | bal_acc=98.93% | macro_f1=0.9893 | weighted_f1=0.9893 | precision_macro=0.9893 | recall_macro=0.9893 | mae=0.0161 | qwk=0.9893
        ovr_roc_auc_macro=0.9973 | ovr_pr_auc_macro=0.9971
Epoch 35/60 | Time 0m31s
  Train | loss=0.1617 | top1=99.90% | top2=100.00%
  Valid | loss=0.1856 | top1=98.44% | top2=99.65% | acc=98.39% | bal_acc=98.39% | macro_f1=0.9839 | weighted_f1=0.9839 | precision_macro=0.9840 | recall_macro=0.9839 | mae=0.0250 | qwk=0.9829
        ovr_roc_auc_macro=0.9986 | ovr_pr_auc_macro=0.9982
Epoch 36/60 | Time 0m31s
  Train | loss=0.1616 | top1=99.90% | top2=100.00%
  Valid | loss=0.1803 | top1=98.78% | top2=99.83% | acc=98.75% | bal_acc=98.75% | macro_f1=0.9875 | weighted_f1=0.9875 | precision_macro=0.9876 | recall_macro=0.9875 | mae=0.0214 | qwk=0.9843
        ovr_roc_auc_macro=0.9987 | ovr_pr_auc_macro=0.9985
Epoch 37/60 | Time 0m31s
  Train | loss=0.1624 | top1=99.84% | top2=99.98%
  Valid | loss=0.1837 | top1=98.61% | top2=99.83% | acc=98.57% | bal_acc=98.57% | macro_f1=0.9857 | weighted_f1=0.9857 | precision_macro=0.9859 | recall_macro=0.9857 | mae=0.0232 | qwk=0.9836
        ovr_roc_auc_macro=0.9985 | ovr_pr_auc_macro=0.9981
Epoch 38/60 | Time 0m31s
  Train | loss=0.1612 | top1=99.92% | top2=100.00%
  Valid | loss=0.1792 | top1=99.13% | top2=99.65% | acc=99.11% | bal_acc=99.11% | macro_f1=0.9911 | weighted_f1=0.9911 | precision_macro=0.9912 | recall_macro=0.9911 | mae=0.0179 | qwk=0.9858
        ovr_roc_auc_macro=0.9984 | ovr_pr_auc_macro=0.9976
Epoch 39/60 | Time 0m31s
  Train | loss=0.1620 | top1=99.88% | top2=99.98%
  Valid | loss=0.1789 | top1=98.96% | top2=99.83% | acc=98.93% | bal_acc=98.93% | macro_f1=0.9893 | weighted_f1=0.9893 | precision_macro=0.9894 | recall_macro=0.9893 | mae=0.0179 | qwk=0.9871
        ovr_roc_auc_macro=0.9997 | ovr_pr_auc_macro=0.9993
Epoch 40/60 | Time 0m31s
  Train | loss=0.1612 | top1=99.92% | top2=100.00%
  Valid | loss=0.1802 | top1=99.13% | top2=99.65% | acc=99.11% | bal_acc=99.11% | macro_f1=0.9911 | weighted_f1=0.9911 | precision_macro=0.9911 | recall_macro=0.9911 | mae=0.0196 | qwk=0.9822
        ovr_roc_auc_macro=0.9981 | ovr_pr_auc_macro=0.9976
Epoch 41/60 | Time 0m30s
  Train | loss=0.1610 | top1=99.92% | top2=100.00%
  Valid | loss=0.1846 | top1=98.96% | top2=99.65% | acc=98.93% | bal_acc=98.93% | macro_f1=0.9893 | weighted_f1=0.9893 | precision_macro=0.9894 | recall_macro=0.9893 | mae=0.0214 | qwk=0.9830
        ovr_roc_auc_macro=0.9981 | ovr_pr_auc_macro=0.9975
Epoch 42/60 | Time 0m30s
  Train | loss=0.1609 | top1=99.90% | top2=100.00%
  Valid | loss=0.1831 | top1=99.31% | top2=99.48% | acc=99.29% | bal_acc=99.29% | macro_f1=0.9929 | weighted_f1=0.9929 | precision_macro=0.9929 | recall_macro=0.9929 | mae=0.0143 | qwk=0.9886
        ovr_roc_auc_macro=0.9977 | ovr_pr_auc_macro=0.9960
  -> early stopping triggered at epoch 42

[TEST] loss=dast
  Test | loss=0.3057 | top1=95.00% | top2=97.44% | acc=95.00% | bal_acc=95.00% | macro_f1=0.9494 | weighted_f1=0.9494 | precision_macro=0.9541 | recall_macro=0.9500 | mae=0.0663 | qwk=0.9592
        ovr_roc_auc_macro=0.9842 | ovr_pr_auc_macro=0.9484
  Confusion Matrix:
[[334  46  20   0]
 [  1 395   0   4]
 [  0   7 393   0]
 [  0   2   0 398]]
  Classification Report:
              precision    recall  f1-score   support

      glioma     0.9970    0.8350    0.9088       400
  meningioma     0.8778    0.9875    0.9294       400
     notumor     0.9516    0.9825    0.9668       400
   pituitary     0.9900    0.9950    0.9925       400

    accuracy                         0.9500      1600
   macro avg     0.9541    0.9500    0.9494      1600
weighted avg     0.9541    0.9500    0.9494      1600


==========================================================================================
Summary CSV saved: E:\Paper\Computer-Vision-for-Medicine\Brain_Tumor_MRI_Loss\logs\ResNet_layer3+MECS_dast_tune_tau0p5_gamma1_20260410_114855_summary.csv
Top results by test_macro_f1:
  dast: macro_f1=0.9494, qwk=0.9592, mae=0.0663, acc=0.9500, top1=0.9500
==========================================================================================

EXIT CODE: 0
END TIME: 2026-04-10T12:10:09
====================================================================================================
