
====================================================================================================
RUN TAG: dast_tune_tau1p5_gamma0
SCRIPT: ResNet_layer3+MECS.py
LOSS: dast
tau=1.5, gamma=0.0
BATCH SIZE: 32
START TIME: 2026-04-10T14:05:44
LOG FILE: E:\Paper\Computer-Vision-for-Medicine\Brain_Tumor_MRI_Loss\batch_logs\layer3_mecs_dast_tuning_20260410_113207\dast_tune_tau1p5_gamma0.log
====================================================================================================
==========================================================================================
Script: ResNet_layer3+MECS
Run tag: dast_tune_tau1p5_gamma0
Module: MECS | Insert after: layer3
Device: cuda
CUDA: NVIDIA GeForce RTX 4080 SUPER
Train dir: E:\Paper\Computer-Vision-for-Medicine\Brain_Tumor_MRI\Training
Test dir : E:\Paper\Computer-Vision-for-Medicine\Brain_Tumor_MRI\Testing
Config | batch_size=32, epochs=60, num_workers=0, image_size=224, base_lr=0.001, val_ratio=0.1, patience=15
Losses to run: ['dast']
==========================================================================================
Split sizes | train=5040, valid=560, test=1600
Classes (4): ['glioma', 'meningioma', 'notumor', 'pituitary']
Train class counts: [1260, 1260, 1260, 1260]
Loading torchvision ResNet50 pretrained weights once...
Pretrained state keys: 320

##########################################################################################
Starting loss: dast
##########################################################################################
DAST config | tau=1.5000, gamma=0.0000
Model params: 27,303,236 | pretrained loaded: 320/344 | feat_dim=2048
Criterion: DistanceAwareSoftTargetLoss
Criterion trainable params: 0
Epoch 01/60 | Time 0m29s
  Train | loss=1.2863 | top1=78.26% | top2=91.99%
  Valid | loss=1.2747 | top1=88.19% | top2=95.14% | acc=88.04% | bal_acc=88.04% | macro_f1=0.8795 | weighted_f1=0.8795 | precision_macro=0.8880 | recall_macro=0.8804 | mae=0.1446 | qwk=0.9191
        ovr_roc_auc_macro=0.9634 | ovr_pr_auc_macro=0.9268
  -> best macro_f1 updated to 0.8795 (epoch 1, val_loss=1.2747)
Epoch 02/60 | Time 0m29s
  Train | loss=1.2418 | top1=92.35% | top2=97.55%
  Valid | loss=1.2699 | top1=91.49% | top2=94.79% | acc=91.25% | bal_acc=91.25% | macro_f1=0.9120 | weighted_f1=0.9120 | precision_macro=0.9213 | recall_macro=0.9125 | mae=0.1446 | qwk=0.8963
        ovr_roc_auc_macro=0.9679 | ovr_pr_auc_macro=0.9358
  -> best macro_f1 updated to 0.9120 (epoch 2, val_loss=1.2699)
Epoch 03/60 | Time 0m29s
  Train | loss=1.2343 | top1=95.17% | top2=98.54%
  Valid | loss=1.2405 | top1=94.62% | top2=97.74% | acc=94.64% | bal_acc=94.64% | macro_f1=0.9458 | weighted_f1=0.9458 | precision_macro=0.9472 | recall_macro=0.9464 | mae=0.0732 | qwk=0.9559
        ovr_roc_auc_macro=0.9852 | ovr_pr_auc_macro=0.9697
  -> best macro_f1 updated to 0.9458 (epoch 3, val_loss=1.2405)
Epoch 04/60 | Time 0m29s
  Train | loss=1.2299 | top1=96.22% | top2=98.89%
  Valid | loss=1.2563 | top1=95.83% | top2=98.61% | acc=95.71% | bal_acc=95.71% | macro_f1=0.9570 | weighted_f1=0.9570 | precision_macro=0.9580 | recall_macro=0.9571 | mae=0.0589 | qwk=0.9628
        ovr_roc_auc_macro=0.9900 | ovr_pr_auc_macro=0.9740
  -> best macro_f1 updated to 0.9570 (epoch 4, val_loss=1.2563)
Epoch 05/60 | Time 0m29s
  Train | loss=1.2264 | top1=97.11% | top2=99.27%
  Valid | loss=1.2318 | top1=96.18% | top2=98.78% | acc=96.25% | bal_acc=96.25% | macro_f1=0.9625 | weighted_f1=0.9625 | precision_macro=0.9628 | recall_macro=0.9625 | mae=0.0518 | qwk=0.9678
        ovr_roc_auc_macro=0.9889 | ovr_pr_auc_macro=0.9787
  -> best macro_f1 updated to 0.9625 (epoch 5, val_loss=1.2318)
Epoch 06/60 | Time 0m29s
  Train | loss=1.2239 | top1=97.90% | top2=99.47%
  Valid | loss=1.2265 | top1=97.05% | top2=99.13% | acc=97.14% | bal_acc=97.14% | macro_f1=0.9715 | weighted_f1=0.9715 | precision_macro=0.9717 | recall_macro=0.9714 | mae=0.0375 | qwk=0.9777
        ovr_roc_auc_macro=0.9941 | ovr_pr_auc_macro=0.9900
  -> best macro_f1 updated to 0.9715 (epoch 6, val_loss=1.2265)
Epoch 07/60 | Time 0m29s
  Train | loss=1.2224 | top1=98.28% | top2=99.56%
  Valid | loss=1.2328 | top1=94.97% | top2=98.44% | acc=95.00% | bal_acc=95.00% | macro_f1=0.9489 | weighted_f1=0.9489 | precision_macro=0.9520 | recall_macro=0.9500 | mae=0.0661 | qwk=0.9616
        ovr_roc_auc_macro=0.9802 | ovr_pr_auc_macro=0.9479
Epoch 08/60 | Time 0m29s
  Train | loss=1.2231 | top1=98.14% | top2=99.39%
  Valid | loss=1.2245 | top1=98.09% | top2=98.96% | acc=98.21% | bal_acc=98.21% | macro_f1=0.9821 | weighted_f1=0.9821 | precision_macro=0.9822 | recall_macro=0.9821 | mae=0.0268 | qwk=0.9822
        ovr_roc_auc_macro=0.9935 | ovr_pr_auc_macro=0.9924
  -> best macro_f1 updated to 0.9821 (epoch 8, val_loss=1.2245)
Epoch 09/60 | Time 0m29s
  Train | loss=1.2209 | top1=98.97% | top2=99.70%
  Valid | loss=1.2216 | top1=98.78% | top2=99.48% | acc=98.75% | bal_acc=98.75% | macro_f1=0.9875 | weighted_f1=0.9875 | precision_macro=0.9876 | recall_macro=0.9875 | mae=0.0196 | qwk=0.9865
        ovr_roc_auc_macro=0.9960 | ovr_pr_auc_macro=0.9955
  -> best macro_f1 updated to 0.9875 (epoch 9, val_loss=1.2216)
Epoch 10/60 | Time 0m29s
  Train | loss=1.2214 | top1=98.99% | top2=99.60%
  Valid | loss=1.2209 | top1=99.13% | top2=99.48% | acc=99.11% | bal_acc=99.11% | macro_f1=0.9911 | weighted_f1=0.9911 | precision_macro=0.9912 | recall_macro=0.9911 | mae=0.0143 | qwk=0.9900
        ovr_roc_auc_macro=0.9978 | ovr_pr_auc_macro=0.9970
  -> best macro_f1 updated to 0.9911 (epoch 10, val_loss=1.2209)
Epoch 11/60 | Time 0m29s
  Train | loss=1.2198 | top1=99.13% | top2=99.72%
  Valid | loss=1.2260 | top1=97.57% | top2=99.31% | acc=97.50% | bal_acc=97.50% | macro_f1=0.9750 | weighted_f1=0.9750 | precision_macro=0.9753 | recall_macro=0.9750 | mae=0.0393 | qwk=0.9701
        ovr_roc_auc_macro=0.9958 | ovr_pr_auc_macro=0.9943
Epoch 12/60 | Time 0m29s
  Train | loss=1.2199 | top1=98.95% | top2=99.80%
  Valid | loss=1.2203 | top1=98.78% | top2=99.65% | acc=98.75% | bal_acc=98.75% | macro_f1=0.9875 | weighted_f1=0.9875 | precision_macro=0.9876 | recall_macro=0.9875 | mae=0.0179 | qwk=0.9885
        ovr_roc_auc_macro=0.9990 | ovr_pr_auc_macro=0.9972
Epoch 13/60 | Time 0m29s
  Train | loss=1.2186 | top1=99.55% | top2=99.88%
  Valid | loss=1.2213 | top1=99.31% | top2=99.48% | acc=99.29% | bal_acc=99.29% | macro_f1=0.9928 | weighted_f1=0.9928 | precision_macro=0.9930 | recall_macro=0.9929 | mae=0.0125 | qwk=0.9908
        ovr_roc_auc_macro=0.9954 | ovr_pr_auc_macro=0.9944
  -> best macro_f1 updated to 0.9928 (epoch 13, val_loss=1.2213)
Epoch 14/60 | Time 0m29s
  Train | loss=1.2181 | top1=99.60% | top2=99.86%
  Valid | loss=1.2211 | top1=98.61% | top2=99.13% | acc=98.57% | bal_acc=98.57% | macro_f1=0.9857 | weighted_f1=0.9857 | precision_macro=0.9858 | recall_macro=0.9857 | mae=0.0232 | qwk=0.9836
        ovr_roc_auc_macro=0.9955 | ovr_pr_auc_macro=0.9947
Epoch 15/60 | Time 0m29s
  Train | loss=1.2180 | top1=99.78% | top2=99.90%
  Valid | loss=1.2226 | top1=98.44% | top2=99.13% | acc=98.39% | bal_acc=98.39% | macro_f1=0.9839 | weighted_f1=0.9839 | precision_macro=0.9842 | recall_macro=0.9839 | mae=0.0250 | qwk=0.9829
        ovr_roc_auc_macro=0.9931 | ovr_pr_auc_macro=0.9924
Epoch 16/60 | Time 0m28s
  Train | loss=1.2195 | top1=99.35% | top2=99.66%
  Valid | loss=1.2247 | top1=98.09% | top2=98.96% | acc=98.04% | bal_acc=98.04% | macro_f1=0.9802 | weighted_f1=0.9802 | precision_macro=0.9808 | recall_macro=0.9804 | mae=0.0304 | qwk=0.9795
        ovr_roc_auc_macro=0.9917 | ovr_pr_auc_macro=0.9893
Epoch 17/60 | Time 0m28s
  Train | loss=1.2193 | top1=99.33% | top2=99.70%
  Valid | loss=1.2224 | top1=98.61% | top2=98.96% | acc=98.57% | bal_acc=98.57% | macro_f1=0.9857 | weighted_f1=0.9857 | precision_macro=0.9857 | recall_macro=0.9857 | mae=0.0232 | qwk=0.9835
        ovr_roc_auc_macro=0.9946 | ovr_pr_auc_macro=0.9924
Epoch 18/60 | Time 0m28s
  Train | loss=1.2181 | top1=99.68% | top2=99.86%
  Valid | loss=1.2208 | top1=99.13% | top2=99.31% | acc=99.11% | bal_acc=99.11% | macro_f1=0.9911 | weighted_f1=0.9911 | precision_macro=0.9911 | recall_macro=0.9911 | mae=0.0161 | qwk=0.9879
        ovr_roc_auc_macro=0.9963 | ovr_pr_auc_macro=0.9955
Epoch 19/60 | Time 0m28s
  Train | loss=1.2187 | top1=99.53% | top2=99.84%
  Valid | loss=1.2234 | top1=97.92% | top2=98.96% | acc=97.86% | bal_acc=97.86% | macro_f1=0.9786 | weighted_f1=0.9786 | precision_macro=0.9787 | recall_macro=0.9786 | mae=0.0304 | qwk=0.9806
        ovr_roc_auc_macro=0.9936 | ovr_pr_auc_macro=0.9924
Epoch 20/60 | Time 0m28s
  Train | loss=1.2191 | top1=99.43% | top2=99.80%
  Valid | loss=1.2230 | top1=98.44% | top2=98.96% | acc=98.39% | bal_acc=98.39% | macro_f1=0.9839 | weighted_f1=0.9839 | precision_macro=0.9841 | recall_macro=0.9839 | mae=0.0250 | qwk=0.9829
        ovr_roc_auc_macro=0.9933 | ovr_pr_auc_macro=0.9920
Epoch 21/60 | Time 0m28s
  Train | loss=1.2186 | top1=99.45% | top2=99.86%
  Valid | loss=1.2212 | top1=99.13% | top2=99.48% | acc=99.11% | bal_acc=99.11% | macro_f1=0.9911 | weighted_f1=0.9911 | precision_macro=0.9914 | recall_macro=0.9911 | mae=0.0179 | qwk=0.9858
        ovr_roc_auc_macro=0.9963 | ovr_pr_auc_macro=0.9962
Epoch 22/60 | Time 0m28s
  Train | loss=1.2186 | top1=99.64% | top2=99.84%
  Valid | loss=1.2227 | top1=97.57% | top2=98.78% | acc=97.68% | bal_acc=97.68% | macro_f1=0.9767 | weighted_f1=0.9767 | precision_macro=0.9769 | recall_macro=0.9768 | mae=0.0321 | qwk=0.9799
        ovr_roc_auc_macro=0.9941 | ovr_pr_auc_macro=0.9920
Epoch 23/60 | Time 0m28s
  Train | loss=1.2182 | top1=99.64% | top2=99.84%
  Valid | loss=1.2209 | top1=98.44% | top2=99.48% | acc=98.39% | bal_acc=98.39% | macro_f1=0.9839 | weighted_f1=0.9839 | precision_macro=0.9841 | recall_macro=0.9839 | mae=0.0232 | qwk=0.9850
        ovr_roc_auc_macro=0.9969 | ovr_pr_auc_macro=0.9954
Epoch 24/60 | Time 0m28s
  Train | loss=1.2179 | top1=99.72% | top2=99.90%
  Valid | loss=1.2226 | top1=98.44% | top2=99.13% | acc=98.57% | bal_acc=98.57% | macro_f1=0.9857 | weighted_f1=0.9857 | precision_macro=0.9859 | recall_macro=0.9857 | mae=0.0232 | qwk=0.9836
        ovr_roc_auc_macro=0.9932 | ovr_pr_auc_macro=0.9918
Epoch 25/60 | Time 0m28s
  Train | loss=1.2186 | top1=99.49% | top2=99.84%
  Valid | loss=1.2250 | top1=97.22% | top2=98.61% | acc=97.14% | bal_acc=97.14% | macro_f1=0.9714 | weighted_f1=0.9714 | precision_macro=0.9719 | recall_macro=0.9714 | mae=0.0393 | qwk=0.9755
        ovr_roc_auc_macro=0.9933 | ovr_pr_auc_macro=0.9902
Epoch 26/60 | Time 0m28s
  Train | loss=1.2183 | top1=99.66% | top2=99.88%
  Valid | loss=1.2224 | top1=97.92% | top2=99.31% | acc=98.04% | bal_acc=98.04% | macro_f1=0.9803 | weighted_f1=0.9803 | precision_macro=0.9804 | recall_macro=0.9804 | mae=0.0286 | qwk=0.9815
        ovr_roc_auc_macro=0.9936 | ovr_pr_auc_macro=0.9920
Epoch 27/60 | Time 0m28s
  Train | loss=1.2182 | top1=99.62% | top2=99.80%
  Valid | loss=1.2228 | top1=98.44% | top2=99.13% | acc=98.39% | bal_acc=98.39% | macro_f1=0.9839 | weighted_f1=0.9839 | precision_macro=0.9839 | recall_macro=0.9839 | mae=0.0250 | qwk=0.9829
        ovr_roc_auc_macro=0.9932 | ovr_pr_auc_macro=0.9891
Epoch 28/60 | Time 0m28s
  Train | loss=1.2184 | top1=99.60% | top2=99.82%
  Valid | loss=1.2217 | top1=98.26% | top2=99.13% | acc=98.21% | bal_acc=98.21% | macro_f1=0.9821 | weighted_f1=0.9821 | precision_macro=0.9825 | recall_macro=0.9821 | mae=0.0250 | qwk=0.9843
        ovr_roc_auc_macro=0.9940 | ovr_pr_auc_macro=0.9853
  -> early stopping triggered at epoch 28

[TEST] loss=dast
  Test | loss=1.2443 | top1=95.25% | top2=96.19% | acc=95.25% | bal_acc=95.25% | macro_f1=0.9516 | weighted_f1=0.9516 | precision_macro=0.9555 | recall_macro=0.9525 | mae=0.0675 | qwk=0.9557
        ovr_roc_auc_macro=0.9783 | ovr_pr_auc_macro=0.9398
  Confusion Matrix:
[[334  40  26   0]
 [  0 397   0   3]
 [  3   4 393   0]
 [  0   0   0 400]]
  Classification Report:
              precision    recall  f1-score   support

      glioma     0.9911    0.8350    0.9064       400
  meningioma     0.9002    0.9925    0.9441       400
     notumor     0.9379    0.9825    0.9597       400
   pituitary     0.9926    1.0000    0.9963       400

    accuracy                         0.9525      1600
   macro avg     0.9555    0.9525    0.9516      1600
weighted avg     0.9555    0.9525    0.9516      1600


==========================================================================================
Summary CSV saved: E:\Paper\Computer-Vision-for-Medicine\Brain_Tumor_MRI_Loss\logs\ResNet_layer3+MECS_dast_tune_tau1p5_gamma0_20260410_140547_summary.csv
Top results by test_macro_f1:
  dast: macro_f1=0.9516, qwk=0.9557, mae=0.0675, acc=0.9525, top1=0.9525
==========================================================================================

EXIT CODE: 0
END TIME: 2026-04-10T14:19:28
====================================================================================================
