
====================================================================================================
RUN TAG: dast_tune_tau1_gamma1p5
SCRIPT: ResNet_layer3+MECS.py
LOSS: dast
tau=1.0, gamma=1.5
BATCH SIZE: 32
START TIME: 2026-04-10T13:20:27
LOG FILE: E:\Paper\Computer-Vision-for-Medicine\Brain_Tumor_MRI_Loss\batch_logs\layer3_mecs_dast_tuning_20260410_113207\dast_tune_tau1_gamma1p5.log
====================================================================================================
==========================================================================================
Script: ResNet_layer3+MECS
Run tag: dast_tune_tau1_gamma1p5
Module: MECS | Insert after: layer3
Device: cuda
CUDA: NVIDIA GeForce RTX 4080 SUPER
Train dir: E:\Paper\Computer-Vision-for-Medicine\Brain_Tumor_MRI\Training
Test dir : E:\Paper\Computer-Vision-for-Medicine\Brain_Tumor_MRI\Testing
Config | batch_size=32, epochs=60, num_workers=0, image_size=224, base_lr=0.001, val_ratio=0.1, patience=15
Losses to run: ['dast']
==========================================================================================
Split sizes | train=5040, valid=560, test=1600
Classes (4): ['glioma', 'meningioma', 'notumor', 'pituitary']
Train class counts: [1260, 1260, 1260, 1260]
Loading torchvision ResNet50 pretrained weights once...
Pretrained state keys: 320

##########################################################################################
Starting loss: dast
##########################################################################################
DAST config | tau=1.0000, gamma=1.5000
Model params: 27,303,236 | pretrained loaded: 320/344 | feat_dim=2048
Criterion: DistanceAwareSoftTargetLoss
Criterion trainable params: 0
Epoch 01/60 | Time 0m32s
  Train | loss=0.6504 | top1=79.29% | top2=92.58%
  Valid | loss=0.5279 | top1=88.89% | top2=96.18% | acc=88.93% | bal_acc=88.93% | macro_f1=0.8887 | weighted_f1=0.8887 | precision_macro=0.8986 | recall_macro=0.8893 | mae=0.1393 | qwk=0.9183
        ovr_roc_auc_macro=0.9774 | ovr_pr_auc_macro=0.9458
  -> best macro_f1 updated to 0.8887 (epoch 1, val_loss=0.5279)
Epoch 02/60 | Time 0m31s
  Train | loss=0.4841 | top1=93.14% | top2=98.36%
  Valid | loss=0.5374 | top1=89.76% | top2=94.10% | acc=89.46% | bal_acc=89.46% | macro_f1=0.8894 | weighted_f1=0.8894 | precision_macro=0.9089 | recall_macro=0.8946 | mae=0.1768 | qwk=0.8740
        ovr_roc_auc_macro=0.9742 | ovr_pr_auc_macro=0.9564
  -> best macro_f1 updated to 0.8894 (epoch 2, val_loss=0.5374)
Epoch 03/60 | Time 0m31s
  Train | loss=0.4617 | top1=95.77% | top2=98.97%
  Valid | loss=0.4554 | top1=97.05% | top2=98.96% | acc=96.96% | bal_acc=96.96% | macro_f1=0.9697 | weighted_f1=0.9697 | precision_macro=0.9698 | recall_macro=0.9696 | mae=0.0482 | qwk=0.9663
        ovr_roc_auc_macro=0.9958 | ovr_pr_auc_macro=0.9910
  -> best macro_f1 updated to 0.9697 (epoch 3, val_loss=0.4554)
Epoch 04/60 | Time 0m29s
  Train | loss=0.4503 | top1=96.44% | top2=99.35%
  Valid | loss=0.4522 | top1=97.40% | top2=99.48% | acc=97.50% | bal_acc=97.50% | macro_f1=0.9750 | weighted_f1=0.9750 | precision_macro=0.9753 | recall_macro=0.9750 | mae=0.0304 | qwk=0.9835
        ovr_roc_auc_macro=0.9972 | ovr_pr_auc_macro=0.9955
  -> best macro_f1 updated to 0.9750 (epoch 4, val_loss=0.4522)
Epoch 05/60 | Time 0m29s
  Train | loss=0.4369 | top1=97.59% | top2=99.66%
  Valid | loss=0.4522 | top1=97.74% | top2=98.61% | acc=97.68% | bal_acc=97.68% | macro_f1=0.9768 | weighted_f1=0.9768 | precision_macro=0.9771 | recall_macro=0.9768 | mae=0.0357 | qwk=0.9757
        ovr_roc_auc_macro=0.9936 | ovr_pr_auc_macro=0.9907
  -> best macro_f1 updated to 0.9768 (epoch 5, val_loss=0.4522)
Epoch 06/60 | Time 0m31s
  Train | loss=0.4309 | top1=98.50% | top2=99.68%
  Valid | loss=0.4350 | top1=98.44% | top2=99.31% | acc=98.39% | bal_acc=98.39% | macro_f1=0.9839 | weighted_f1=0.9839 | precision_macro=0.9842 | recall_macro=0.9839 | mae=0.0232 | qwk=0.9850
        ovr_roc_auc_macro=0.9980 | ovr_pr_auc_macro=0.9969
  -> best macro_f1 updated to 0.9839 (epoch 6, val_loss=0.4350)
Epoch 07/60 | Time 0m31s
  Train | loss=0.4311 | top1=98.50% | top2=99.62%
  Valid | loss=0.5495 | top1=96.70% | top2=99.31% | acc=96.61% | bal_acc=96.61% | macro_f1=0.9665 | weighted_f1=0.9665 | precision_macro=0.9681 | recall_macro=0.9661 | mae=0.0482 | qwk=0.9690
        ovr_roc_auc_macro=0.9918 | ovr_pr_auc_macro=0.9759
Epoch 08/60 | Time 0m31s
  Train | loss=0.4272 | top1=98.75% | top2=99.70%
  Valid | loss=0.4349 | top1=97.92% | top2=99.48% | acc=98.04% | bal_acc=98.04% | macro_f1=0.9803 | weighted_f1=0.9803 | precision_macro=0.9804 | recall_macro=0.9804 | mae=0.0321 | qwk=0.9771
        ovr_roc_auc_macro=0.9974 | ovr_pr_auc_macro=0.9968
Epoch 09/60 | Time 0m30s
  Train | loss=0.4224 | top1=99.25% | top2=99.78%
  Valid | loss=0.4314 | top1=99.13% | top2=99.31% | acc=99.11% | bal_acc=99.11% | macro_f1=0.9911 | weighted_f1=0.9911 | precision_macro=0.9914 | recall_macro=0.9911 | mae=0.0179 | qwk=0.9858
        ovr_roc_auc_macro=0.9947 | ovr_pr_auc_macro=0.9942
  -> best macro_f1 updated to 0.9911 (epoch 9, val_loss=0.4314)
Epoch 10/60 | Time 0m31s
  Train | loss=0.4201 | top1=99.31% | top2=99.88%
  Valid | loss=0.4285 | top1=98.26% | top2=99.48% | acc=98.21% | bal_acc=98.21% | macro_f1=0.9821 | weighted_f1=0.9821 | precision_macro=0.9823 | recall_macro=0.9821 | mae=0.0250 | qwk=0.9842
        ovr_roc_auc_macro=0.9992 | ovr_pr_auc_macro=0.9983
Epoch 11/60 | Time 0m30s
  Train | loss=0.4196 | top1=99.29% | top2=99.88%
  Valid | loss=0.4258 | top1=98.96% | top2=99.65% | acc=98.93% | bal_acc=98.93% | macro_f1=0.9893 | weighted_f1=0.9893 | precision_macro=0.9894 | recall_macro=0.9893 | mae=0.0196 | qwk=0.9850
        ovr_roc_auc_macro=0.9996 | ovr_pr_auc_macro=0.9990
Epoch 12/60 | Time 0m31s
  Train | loss=0.4202 | top1=99.27% | top2=99.80%
  Valid | loss=0.4259 | top1=98.96% | top2=99.31% | acc=98.93% | bal_acc=98.93% | macro_f1=0.9893 | weighted_f1=0.9893 | precision_macro=0.9894 | recall_macro=0.9893 | mae=0.0196 | qwk=0.9836
        ovr_roc_auc_macro=0.9980 | ovr_pr_auc_macro=0.9975
Epoch 13/60 | Time 0m31s
  Train | loss=0.4167 | top1=99.56% | top2=99.96%
  Valid | loss=0.4269 | top1=98.78% | top2=99.31% | acc=98.75% | bal_acc=98.75% | macro_f1=0.9875 | weighted_f1=0.9875 | precision_macro=0.9875 | recall_macro=0.9875 | mae=0.0196 | qwk=0.9865
        ovr_roc_auc_macro=0.9973 | ovr_pr_auc_macro=0.9968
Epoch 14/60 | Time 0m31s
  Train | loss=0.4182 | top1=99.53% | top2=99.84%
  Valid | loss=0.4335 | top1=97.74% | top2=99.31% | acc=97.68% | bal_acc=97.68% | macro_f1=0.9768 | weighted_f1=0.9768 | precision_macro=0.9771 | recall_macro=0.9768 | mae=0.0393 | qwk=0.9700
        ovr_roc_auc_macro=0.9982 | ovr_pr_auc_macro=0.9972
Epoch 15/60 | Time 0m31s
  Train | loss=0.4179 | top1=99.56% | top2=99.88%
  Valid | loss=0.4294 | top1=98.44% | top2=98.96% | acc=98.39% | bal_acc=98.39% | macro_f1=0.9839 | weighted_f1=0.9839 | precision_macro=0.9841 | recall_macro=0.9839 | mae=0.0250 | qwk=0.9828
        ovr_roc_auc_macro=0.9972 | ovr_pr_auc_macro=0.9963
Epoch 16/60 | Time 0m31s
  Train | loss=0.4188 | top1=99.49% | top2=99.78%
  Valid | loss=0.4288 | top1=99.13% | top2=99.48% | acc=99.11% | bal_acc=99.11% | macro_f1=0.9911 | weighted_f1=0.9911 | precision_macro=0.9911 | recall_macro=0.9911 | mae=0.0161 | qwk=0.9879
        ovr_roc_auc_macro=0.9964 | ovr_pr_auc_macro=0.9949
  -> best macro_f1 updated to 0.9911 (epoch 16, val_loss=0.4288)
Epoch 17/60 | Time 0m30s
  Train | loss=0.4158 | top1=99.78% | top2=99.90%
  Valid | loss=0.4270 | top1=98.61% | top2=99.48% | acc=98.75% | bal_acc=98.75% | macro_f1=0.9875 | weighted_f1=0.9875 | precision_macro=0.9875 | recall_macro=0.9875 | mae=0.0179 | qwk=0.9886
        ovr_roc_auc_macro=0.9978 | ovr_pr_auc_macro=0.9970
Epoch 18/60 | Time 0m31s
  Train | loss=0.4164 | top1=99.70% | top2=99.90%
  Valid | loss=0.4270 | top1=98.96% | top2=99.13% | acc=98.93% | bal_acc=98.93% | macro_f1=0.9892 | weighted_f1=0.9892 | precision_macro=0.9893 | recall_macro=0.9893 | mae=0.0179 | qwk=0.9872
        ovr_roc_auc_macro=0.9973 | ovr_pr_auc_macro=0.9944
Epoch 19/60 | Time 0m31s
  Train | loss=0.4167 | top1=99.70% | top2=99.92%
  Valid | loss=0.4259 | top1=99.13% | top2=99.48% | acc=99.11% | bal_acc=99.11% | macro_f1=0.9911 | weighted_f1=0.9911 | precision_macro=0.9911 | recall_macro=0.9911 | mae=0.0161 | qwk=0.9879
        ovr_roc_auc_macro=0.9966 | ovr_pr_auc_macro=0.9959
  -> best macro_f1 updated to 0.9911 (epoch 19, val_loss=0.4259)
Epoch 20/60 | Time 0m31s
  Train | loss=0.4153 | top1=99.70% | top2=99.92%
  Valid | loss=0.4319 | top1=98.61% | top2=99.48% | acc=98.57% | bal_acc=98.57% | macro_f1=0.9857 | weighted_f1=0.9857 | precision_macro=0.9857 | recall_macro=0.9857 | mae=0.0214 | qwk=0.9857
        ovr_roc_auc_macro=0.9972 | ovr_pr_auc_macro=0.9960
Epoch 21/60 | Time 0m31s
  Train | loss=0.4152 | top1=99.78% | top2=99.94%
  Valid | loss=0.4255 | top1=99.13% | top2=99.13% | acc=99.11% | bal_acc=99.11% | macro_f1=0.9911 | weighted_f1=0.9911 | precision_macro=0.9911 | recall_macro=0.9911 | mae=0.0179 | qwk=0.9857
        ovr_roc_auc_macro=0.9957 | ovr_pr_auc_macro=0.9951
  -> best macro_f1 updated to 0.9911 (epoch 21, val_loss=0.4255)
Epoch 22/60 | Time 0m31s
  Train | loss=0.4135 | top1=99.88% | top2=99.92%
  Valid | loss=0.4258 | top1=98.96% | top2=99.48% | acc=98.93% | bal_acc=98.93% | macro_f1=0.9892 | weighted_f1=0.9892 | precision_macro=0.9893 | recall_macro=0.9893 | mae=0.0179 | qwk=0.9872
        ovr_roc_auc_macro=0.9969 | ovr_pr_auc_macro=0.9964
Epoch 23/60 | Time 0m31s
  Train | loss=0.4171 | top1=99.55% | top2=99.90%
  Valid | loss=0.4260 | top1=99.13% | top2=99.48% | acc=99.11% | bal_acc=99.11% | macro_f1=0.9911 | weighted_f1=0.9911 | precision_macro=0.9911 | recall_macro=0.9911 | mae=0.0161 | qwk=0.9879
        ovr_roc_auc_macro=0.9965 | ovr_pr_auc_macro=0.9954
Epoch 24/60 | Time 0m31s
  Train | loss=0.4155 | top1=99.66% | top2=99.92%
  Valid | loss=0.4306 | top1=98.78% | top2=98.96% | acc=98.75% | bal_acc=98.75% | macro_f1=0.9875 | weighted_f1=0.9875 | precision_macro=0.9875 | recall_macro=0.9875 | mae=0.0250 | qwk=0.9786
        ovr_roc_auc_macro=0.9978 | ovr_pr_auc_macro=0.9936
Epoch 25/60 | Time 0m30s
  Train | loss=0.4174 | top1=99.53% | top2=99.88%
  Valid | loss=0.4247 | top1=99.13% | top2=99.48% | acc=99.11% | bal_acc=99.11% | macro_f1=0.9911 | weighted_f1=0.9911 | precision_macro=0.9911 | recall_macro=0.9911 | mae=0.0161 | qwk=0.9879
        ovr_roc_auc_macro=0.9978 | ovr_pr_auc_macro=0.9973
  -> best macro_f1 updated to 0.9911 (epoch 25, val_loss=0.4247)
Epoch 26/60 | Time 0m31s
  Train | loss=0.4178 | top1=99.56% | top2=99.86%
  Valid | loss=0.4298 | top1=98.96% | top2=99.13% | acc=98.93% | bal_acc=98.93% | macro_f1=0.9893 | weighted_f1=0.9893 | precision_macro=0.9894 | recall_macro=0.9893 | mae=0.0232 | qwk=0.9793
        ovr_roc_auc_macro=0.9961 | ovr_pr_auc_macro=0.9900
Epoch 27/60 | Time 0m31s
  Train | loss=0.4149 | top1=99.76% | top2=99.94%
  Valid | loss=0.4261 | top1=98.96% | top2=99.31% | acc=98.93% | bal_acc=98.93% | macro_f1=0.9893 | weighted_f1=0.9893 | precision_macro=0.9894 | recall_macro=0.9893 | mae=0.0196 | qwk=0.9851
        ovr_roc_auc_macro=0.9969 | ovr_pr_auc_macro=0.9960
Epoch 28/60 | Time 0m31s
  Train | loss=0.4141 | top1=99.84% | top2=99.96%
  Valid | loss=0.4270 | top1=98.96% | top2=99.31% | acc=98.93% | bal_acc=98.93% | macro_f1=0.9892 | weighted_f1=0.9892 | precision_macro=0.9894 | recall_macro=0.9893 | mae=0.0179 | qwk=0.9872
        ovr_roc_auc_macro=0.9963 | ovr_pr_auc_macro=0.9931
Epoch 29/60 | Time 0m31s
  Train | loss=0.4132 | top1=99.88% | top2=99.96%
  Valid | loss=0.4276 | top1=98.96% | top2=99.13% | acc=98.93% | bal_acc=98.93% | macro_f1=0.9892 | weighted_f1=0.9892 | precision_macro=0.9894 | recall_macro=0.9893 | mae=0.0179 | qwk=0.9872
        ovr_roc_auc_macro=0.9957 | ovr_pr_auc_macro=0.9885
Epoch 30/60 | Time 0m31s
  Train | loss=0.4135 | top1=99.88% | top2=99.94%
  Valid | loss=0.4325 | top1=98.61% | top2=99.13% | acc=98.57% | bal_acc=98.57% | macro_f1=0.9857 | weighted_f1=0.9857 | precision_macro=0.9858 | recall_macro=0.9857 | mae=0.0232 | qwk=0.9836
        ovr_roc_auc_macro=0.9948 | ovr_pr_auc_macro=0.9919
Epoch 31/60 | Time 0m31s
  Train | loss=0.4133 | top1=99.90% | top2=99.96%
  Valid | loss=0.4331 | top1=98.44% | top2=99.31% | acc=98.39% | bal_acc=98.39% | macro_f1=0.9838 | weighted_f1=0.9838 | precision_macro=0.9841 | recall_macro=0.9839 | mae=0.0250 | qwk=0.9830
        ovr_roc_auc_macro=0.9947 | ovr_pr_auc_macro=0.9903
Epoch 32/60 | Time 0m31s
  Train | loss=0.4155 | top1=99.70% | top2=99.96%
  Valid | loss=0.4371 | top1=98.09% | top2=98.96% | acc=98.04% | bal_acc=98.04% | macro_f1=0.9803 | weighted_f1=0.9803 | precision_macro=0.9806 | recall_macro=0.9804 | mae=0.0357 | qwk=0.9702
        ovr_roc_auc_macro=0.9941 | ovr_pr_auc_macro=0.9926
Epoch 33/60 | Time 0m31s
  Train | loss=0.4142 | top1=99.78% | top2=99.94%
  Valid | loss=0.4296 | top1=98.96% | top2=99.31% | acc=98.93% | bal_acc=98.93% | macro_f1=0.9893 | weighted_f1=0.9893 | precision_macro=0.9893 | recall_macro=0.9893 | mae=0.0214 | qwk=0.9814
        ovr_roc_auc_macro=0.9955 | ovr_pr_auc_macro=0.9931
Epoch 34/60 | Time 0m31s
  Train | loss=0.4159 | top1=99.68% | top2=99.90%
  Valid | loss=0.4267 | top1=99.31% | top2=99.48% | acc=99.29% | bal_acc=99.29% | macro_f1=0.9929 | weighted_f1=0.9929 | precision_macro=0.9929 | recall_macro=0.9929 | mae=0.0143 | qwk=0.9886
        ovr_roc_auc_macro=0.9947 | ovr_pr_auc_macro=0.9860
  -> best macro_f1 updated to 0.9929 (epoch 34, val_loss=0.4267)
Epoch 35/60 | Time 0m31s
  Train | loss=0.4138 | top1=99.86% | top2=99.96%
  Valid | loss=0.4265 | top1=99.13% | top2=99.48% | acc=99.11% | bal_acc=99.11% | macro_f1=0.9911 | weighted_f1=0.9911 | precision_macro=0.9911 | recall_macro=0.9911 | mae=0.0161 | qwk=0.9879
        ovr_roc_auc_macro=0.9955 | ovr_pr_auc_macro=0.9916
Epoch 36/60 | Time 0m31s
  Train | loss=0.4143 | top1=99.80% | top2=99.96%
  Valid | loss=0.4269 | top1=99.13% | top2=99.48% | acc=99.11% | bal_acc=99.11% | macro_f1=0.9911 | weighted_f1=0.9911 | precision_macro=0.9911 | recall_macro=0.9911 | mae=0.0161 | qwk=0.9879
        ovr_roc_auc_macro=0.9950 | ovr_pr_auc_macro=0.9874
Epoch 37/60 | Time 0m31s
  Train | loss=0.4128 | top1=99.88% | top2=100.00%
  Valid | loss=0.4274 | top1=99.13% | top2=99.48% | acc=99.11% | bal_acc=99.11% | macro_f1=0.9911 | weighted_f1=0.9911 | precision_macro=0.9911 | recall_macro=0.9911 | mae=0.0161 | qwk=0.9879
        ovr_roc_auc_macro=0.9948 | ovr_pr_auc_macro=0.9878
Epoch 38/60 | Time 0m30s
  Train | loss=0.4134 | top1=99.82% | top2=99.98%
  Valid | loss=0.4293 | top1=99.13% | top2=99.31% | acc=99.11% | bal_acc=99.11% | macro_f1=0.9911 | weighted_f1=0.9911 | precision_macro=0.9912 | recall_macro=0.9911 | mae=0.0179 | qwk=0.9858
        ovr_roc_auc_macro=0.9945 | ovr_pr_auc_macro=0.9911
Epoch 39/60 | Time 0m30s
  Train | loss=0.4136 | top1=99.80% | top2=100.00%
  Valid | loss=0.4287 | top1=98.96% | top2=99.48% | acc=98.93% | bal_acc=98.93% | macro_f1=0.9893 | weighted_f1=0.9893 | precision_macro=0.9894 | recall_macro=0.9893 | mae=0.0196 | qwk=0.9851
        ovr_roc_auc_macro=0.9951 | ovr_pr_auc_macro=0.9892
Epoch 40/60 | Time 0m31s
  Train | loss=0.4130 | top1=99.90% | top2=99.98%
  Valid | loss=0.4280 | top1=98.96% | top2=99.48% | acc=98.93% | bal_acc=98.93% | macro_f1=0.9893 | weighted_f1=0.9893 | precision_macro=0.9894 | recall_macro=0.9893 | mae=0.0196 | qwk=0.9851
        ovr_roc_auc_macro=0.9961 | ovr_pr_auc_macro=0.9949
Epoch 41/60 | Time 0m31s
  Train | loss=0.4130 | top1=99.90% | top2=99.98%
  Valid | loss=0.4307 | top1=98.96% | top2=99.31% | acc=98.93% | bal_acc=98.93% | macro_f1=0.9893 | weighted_f1=0.9893 | precision_macro=0.9894 | recall_macro=0.9893 | mae=0.0196 | qwk=0.9851
        ovr_roc_auc_macro=0.9942 | ovr_pr_auc_macro=0.9883
Epoch 42/60 | Time 0m31s
  Train | loss=0.4149 | top1=99.72% | top2=99.94%
  Valid | loss=0.4304 | top1=98.96% | top2=99.31% | acc=98.93% | bal_acc=98.93% | macro_f1=0.9893 | weighted_f1=0.9893 | precision_macro=0.9894 | recall_macro=0.9893 | mae=0.0196 | qwk=0.9851
        ovr_roc_auc_macro=0.9945 | ovr_pr_auc_macro=0.9876
Epoch 43/60 | Time 0m31s
  Train | loss=0.4135 | top1=99.88% | top2=99.98%
  Valid | loss=0.4308 | top1=98.96% | top2=99.31% | acc=98.93% | bal_acc=98.93% | macro_f1=0.9893 | weighted_f1=0.9893 | precision_macro=0.9893 | recall_macro=0.9893 | mae=0.0214 | qwk=0.9815
        ovr_roc_auc_macro=0.9947 | ovr_pr_auc_macro=0.9879
Epoch 44/60 | Time 0m31s
  Train | loss=0.4127 | top1=99.90% | top2=99.98%
  Valid | loss=0.4279 | top1=98.96% | top2=99.48% | acc=98.93% | bal_acc=98.93% | macro_f1=0.9893 | weighted_f1=0.9893 | precision_macro=0.9893 | recall_macro=0.9893 | mae=0.0214 | qwk=0.9815
        ovr_roc_auc_macro=0.9953 | ovr_pr_auc_macro=0.9889
Epoch 45/60 | Time 0m31s
  Train | loss=0.4128 | top1=99.92% | top2=100.00%
  Valid | loss=0.4294 | top1=98.61% | top2=99.48% | acc=98.75% | bal_acc=98.75% | macro_f1=0.9875 | weighted_f1=0.9875 | precision_macro=0.9875 | recall_macro=0.9875 | mae=0.0232 | qwk=0.9807
        ovr_roc_auc_macro=0.9959 | ovr_pr_auc_macro=0.9921
Epoch 46/60 | Time 0m31s
  Train | loss=0.4128 | top1=99.90% | top2=99.98%
  Valid | loss=0.4289 | top1=98.96% | top2=99.48% | acc=98.93% | bal_acc=98.93% | macro_f1=0.9893 | weighted_f1=0.9893 | precision_macro=0.9894 | recall_macro=0.9893 | mae=0.0196 | qwk=0.9851
        ovr_roc_auc_macro=0.9954 | ovr_pr_auc_macro=0.9891
Epoch 47/60 | Time 0m31s
  Train | loss=0.4127 | top1=99.90% | top2=100.00%
  Valid | loss=0.4300 | top1=98.96% | top2=99.31% | acc=98.93% | bal_acc=98.93% | macro_f1=0.9893 | weighted_f1=0.9893 | precision_macro=0.9894 | recall_macro=0.9893 | mae=0.0196 | qwk=0.9851
        ovr_roc_auc_macro=0.9953 | ovr_pr_auc_macro=0.9880
Epoch 48/60 | Time 0m31s
  Train | loss=0.4125 | top1=99.92% | top2=100.00%
  Valid | loss=0.4303 | top1=98.96% | top2=99.31% | acc=98.93% | bal_acc=98.93% | macro_f1=0.9893 | weighted_f1=0.9893 | precision_macro=0.9893 | recall_macro=0.9893 | mae=0.0214 | qwk=0.9815
        ovr_roc_auc_macro=0.9947 | ovr_pr_auc_macro=0.9874
Epoch 49/60 | Time 0m30s
  Train | loss=0.4127 | top1=99.88% | top2=99.98%
  Valid | loss=0.4294 | top1=98.78% | top2=99.31% | acc=98.75% | bal_acc=98.75% | macro_f1=0.9874 | weighted_f1=0.9874 | precision_macro=0.9876 | recall_macro=0.9875 | mae=0.0214 | qwk=0.9844
        ovr_roc_auc_macro=0.9958 | ovr_pr_auc_macro=0.9905
  -> early stopping triggered at epoch 49

[TEST] loss=dast
  Test | loss=0.4695 | top1=95.38% | top2=97.00% | acc=95.38% | bal_acc=95.38% | macro_f1=0.9526 | weighted_f1=0.9526 | precision_macro=0.9573 | recall_macro=0.9537 | mae=0.0688 | qwk=0.9529
        ovr_roc_auc_macro=0.9883 | ovr_pr_auc_macro=0.9720
  Confusion Matrix:
[[330  37  33   0]
 [  0 398   0   2]
 [  0   1 399   0]
 [  0   1   0 399]]
  Classification Report:
              precision    recall  f1-score   support

      glioma     1.0000    0.8250    0.9041       400
  meningioma     0.9108    0.9950    0.9510       400
     notumor     0.9236    0.9975    0.9591       400
   pituitary     0.9950    0.9975    0.9963       400

    accuracy                         0.9537      1600
   macro avg     0.9573    0.9537    0.9526      1600
weighted avg     0.9573    0.9537    0.9526      1600


==========================================================================================
Summary CSV saved: E:\Paper\Computer-Vision-for-Medicine\Brain_Tumor_MRI_Loss\logs\ResNet_layer3+MECS_dast_tune_tau1_gamma1p5_20260410_132031_summary.csv
Top results by test_macro_f1:
  dast: macro_f1=0.9526, qwk=0.9529, mae=0.0688, acc=0.9537, top1=0.9537
==========================================================================================

EXIT CODE: 0
END TIME: 2026-04-10T13:46:05
====================================================================================================
