
====================================================================================================
RUN TAG: dast_tune_tau0p5_gamma1p5
SCRIPT: ResNet_layer3+MECS.py
LOSS: dast
tau=0.5, gamma=1.5
BATCH SIZE: 32
START TIME: 2026-04-10T12:10:09
LOG FILE: E:\Paper\Computer-Vision-for-Medicine\Brain_Tumor_MRI_Loss\batch_logs\layer3_mecs_dast_tuning_20260410_113207\dast_tune_tau0p5_gamma1p5.log
====================================================================================================
==========================================================================================
Script: ResNet_layer3+MECS
Run tag: dast_tune_tau0p5_gamma1p5
Module: MECS | Insert after: layer3
Device: cuda
CUDA: NVIDIA GeForce RTX 4080 SUPER
Train dir: E:\Paper\Computer-Vision-for-Medicine\Brain_Tumor_MRI\Training
Test dir : E:\Paper\Computer-Vision-for-Medicine\Brain_Tumor_MRI\Testing
Config | batch_size=32, epochs=60, num_workers=0, image_size=224, base_lr=0.001, val_ratio=0.1, patience=15
Losses to run: ['dast']
==========================================================================================
Split sizes | train=5040, valid=560, test=1600
Classes (4): ['glioma', 'meningioma', 'notumor', 'pituitary']
Train class counts: [1260, 1260, 1260, 1260]
Loading torchvision ResNet50 pretrained weights once...
Pretrained state keys: 320

##########################################################################################
Starting loss: dast
##########################################################################################
DAST config | tau=0.5000, gamma=1.5000
Model params: 27,303,236 | pretrained loaded: 320/344 | feat_dim=2048
Criterion: DistanceAwareSoftTargetLoss
Criterion trainable params: 0
Epoch 01/60 | Time 0m31s
  Train | loss=0.4903 | top1=78.94% | top2=92.64%
  Valid | loss=0.2187 | top1=92.19% | top2=99.13% | acc=92.14% | bal_acc=92.14% | macro_f1=0.9218 | weighted_f1=0.9218 | precision_macro=0.9243 | recall_macro=0.9214 | mae=0.1125 | qwk=0.9269
        ovr_roc_auc_macro=0.9861 | ovr_pr_auc_macro=0.9638
  -> best macro_f1 updated to 0.9218 (epoch 1, val_loss=0.2187)
Epoch 02/60 | Time 0m31s
  Train | loss=0.1878 | top1=92.86% | top2=99.01%
  Valid | loss=0.2116 | top1=92.36% | top2=98.96% | acc=92.14% | bal_acc=92.14% | macro_f1=0.9208 | weighted_f1=0.9208 | precision_macro=0.9258 | recall_macro=0.9214 | mae=0.1304 | qwk=0.9078
        ovr_roc_auc_macro=0.9909 | ovr_pr_auc_macro=0.9801
Epoch 03/60 | Time 0m31s
  Train | loss=0.1537 | top1=95.51% | top2=99.49%
  Valid | loss=0.1532 | top1=95.31% | top2=99.48% | acc=95.18% | bal_acc=95.18% | macro_f1=0.9522 | weighted_f1=0.9522 | precision_macro=0.9538 | recall_macro=0.9518 | mae=0.0679 | qwk=0.9565
        ovr_roc_auc_macro=0.9964 | ovr_pr_auc_macro=0.9910
  -> best macro_f1 updated to 0.9522 (epoch 3, val_loss=0.1532)
Epoch 04/60 | Time 0m31s
  Train | loss=0.1378 | top1=96.32% | top2=99.56%
  Valid | loss=0.2063 | top1=96.18% | top2=99.65% | acc=96.43% | bal_acc=96.43% | macro_f1=0.9646 | weighted_f1=0.9646 | precision_macro=0.9663 | recall_macro=0.9643 | mae=0.0482 | qwk=0.9705
        ovr_roc_auc_macro=0.9926 | ovr_pr_auc_macro=0.9761
  -> best macro_f1 updated to 0.9646 (epoch 4, val_loss=0.2063)
Epoch 05/60 | Time 0m32s
  Train | loss=0.1230 | top1=97.69% | top2=99.70%
  Valid | loss=0.1734 | top1=95.49% | top2=99.48% | acc=95.36% | bal_acc=95.36% | macro_f1=0.9534 | weighted_f1=0.9534 | precision_macro=0.9550 | recall_macro=0.9536 | mae=0.0696 | qwk=0.9521
        ovr_roc_auc_macro=0.9935 | ovr_pr_auc_macro=0.9885
Epoch 06/60 | Time 0m31s
  Train | loss=0.1109 | top1=98.36% | top2=99.78%
  Valid | loss=0.1491 | top1=97.40% | top2=99.83% | acc=97.50% | bal_acc=97.50% | macro_f1=0.9750 | weighted_f1=0.9750 | precision_macro=0.9754 | recall_macro=0.9750 | mae=0.0411 | qwk=0.9679
        ovr_roc_auc_macro=0.9968 | ovr_pr_auc_macro=0.9883
  -> best macro_f1 updated to 0.9750 (epoch 6, val_loss=0.1491)
Epoch 07/60 | Time 0m31s
  Train | loss=0.1005 | top1=98.97% | top2=99.94%
  Valid | loss=0.1383 | top1=99.13% | top2=99.83% | acc=99.11% | bal_acc=99.11% | macro_f1=0.9911 | weighted_f1=0.9911 | precision_macro=0.9911 | recall_macro=0.9911 | mae=0.0161 | qwk=0.9879
        ovr_roc_auc_macro=0.9963 | ovr_pr_auc_macro=0.9891
  -> best macro_f1 updated to 0.9911 (epoch 7, val_loss=0.1383)
Epoch 08/60 | Time 0m31s
  Train | loss=0.0984 | top1=98.95% | top2=99.92%
  Valid | loss=0.1260 | top1=97.57% | top2=99.65% | acc=97.50% | bal_acc=97.50% | macro_f1=0.9749 | weighted_f1=0.9749 | precision_macro=0.9754 | recall_macro=0.9750 | mae=0.0446 | qwk=0.9650
        ovr_roc_auc_macro=0.9972 | ovr_pr_auc_macro=0.9948
Epoch 09/60 | Time 0m31s
  Train | loss=0.0909 | top1=99.47% | top2=99.88%
  Valid | loss=0.1095 | top1=97.92% | top2=99.65% | acc=98.04% | bal_acc=98.04% | macro_f1=0.9803 | weighted_f1=0.9803 | precision_macro=0.9805 | recall_macro=0.9804 | mae=0.0321 | qwk=0.9756
        ovr_roc_auc_macro=0.9995 | ovr_pr_auc_macro=0.9985
Epoch 10/60 | Time 0m31s
  Train | loss=0.0958 | top1=99.11% | top2=99.94%
  Valid | loss=0.0991 | top1=98.61% | top2=99.83% | acc=98.57% | bal_acc=98.57% | macro_f1=0.9857 | weighted_f1=0.9857 | precision_macro=0.9859 | recall_macro=0.9857 | mae=0.0214 | qwk=0.9856
        ovr_roc_auc_macro=0.9996 | ovr_pr_auc_macro=0.9989
Epoch 11/60 | Time 0m31s
  Train | loss=0.0867 | top1=99.62% | top2=99.98%
  Valid | loss=0.1621 | top1=95.83% | top2=98.44% | acc=95.89% | bal_acc=95.89% | macro_f1=0.9585 | weighted_f1=0.9585 | precision_macro=0.9610 | recall_macro=0.9589 | mae=0.0839 | qwk=0.9175
        ovr_roc_auc_macro=0.9970 | ovr_pr_auc_macro=0.9932
Epoch 12/60 | Time 0m31s
  Train | loss=0.0877 | top1=99.56% | top2=99.94%
  Valid | loss=0.1132 | top1=98.44% | top2=99.48% | acc=98.39% | bal_acc=98.39% | macro_f1=0.9839 | weighted_f1=0.9839 | precision_macro=0.9842 | recall_macro=0.9839 | mae=0.0321 | qwk=0.9730
        ovr_roc_auc_macro=0.9986 | ovr_pr_auc_macro=0.9965
Epoch 13/60 | Time 0m31s
  Train | loss=0.0869 | top1=99.55% | top2=99.98%
  Valid | loss=0.0945 | top1=99.48% | top2=99.65% | acc=99.46% | bal_acc=99.46% | macro_f1=0.9946 | weighted_f1=0.9946 | precision_macro=0.9946 | recall_macro=0.9946 | mae=0.0089 | qwk=0.9936
        ovr_roc_auc_macro=0.9999 | ovr_pr_auc_macro=0.9996
  -> best macro_f1 updated to 0.9946 (epoch 13, val_loss=0.0945)
Epoch 14/60 | Time 0m31s
  Train | loss=0.0886 | top1=99.45% | top2=99.98%
  Valid | loss=0.1068 | top1=98.44% | top2=99.65% | acc=98.39% | bal_acc=98.39% | macro_f1=0.9839 | weighted_f1=0.9839 | precision_macro=0.9841 | recall_macro=0.9839 | mae=0.0250 | qwk=0.9829
        ovr_roc_auc_macro=0.9985 | ovr_pr_auc_macro=0.9979
Epoch 15/60 | Time 0m31s
  Train | loss=0.0841 | top1=99.70% | top2=99.98%
  Valid | loss=0.1053 | top1=98.96% | top2=99.48% | acc=98.93% | bal_acc=98.93% | macro_f1=0.9893 | weighted_f1=0.9893 | precision_macro=0.9894 | recall_macro=0.9893 | mae=0.0196 | qwk=0.9851
        ovr_roc_auc_macro=0.9974 | ovr_pr_auc_macro=0.9971
Epoch 16/60 | Time 0m31s
  Train | loss=0.0817 | top1=99.78% | top2=99.98%
  Valid | loss=0.1070 | top1=98.78% | top2=99.65% | acc=98.75% | bal_acc=98.75% | macro_f1=0.9875 | weighted_f1=0.9875 | precision_macro=0.9877 | recall_macro=0.9875 | mae=0.0232 | qwk=0.9822
        ovr_roc_auc_macro=0.9985 | ovr_pr_auc_macro=0.9982
Epoch 17/60 | Time 0m31s
  Train | loss=0.0824 | top1=99.84% | top2=99.96%
  Valid | loss=0.0994 | top1=99.31% | top2=99.65% | acc=99.29% | bal_acc=99.29% | macro_f1=0.9929 | weighted_f1=0.9929 | precision_macro=0.9929 | recall_macro=0.9929 | mae=0.0143 | qwk=0.9886
        ovr_roc_auc_macro=0.9979 | ovr_pr_auc_macro=0.9970
Epoch 18/60 | Time 0m31s
  Train | loss=0.0815 | top1=99.86% | top2=99.98%
  Valid | loss=0.0987 | top1=98.96% | top2=99.83% | acc=98.93% | bal_acc=98.93% | macro_f1=0.9892 | weighted_f1=0.9892 | precision_macro=0.9893 | recall_macro=0.9893 | mae=0.0179 | qwk=0.9872
        ovr_roc_auc_macro=0.9987 | ovr_pr_auc_macro=0.9984
Epoch 19/60 | Time 0m31s
  Train | loss=0.0837 | top1=99.66% | top2=100.00%
  Valid | loss=0.1026 | top1=99.13% | top2=99.65% | acc=99.11% | bal_acc=99.11% | macro_f1=0.9911 | weighted_f1=0.9911 | precision_macro=0.9911 | recall_macro=0.9911 | mae=0.0179 | qwk=0.9858
        ovr_roc_auc_macro=0.9983 | ovr_pr_auc_macro=0.9974
Epoch 20/60 | Time 0m31s
  Train | loss=0.0849 | top1=99.68% | top2=100.00%
  Valid | loss=0.1030 | top1=98.96% | top2=99.65% | acc=98.93% | bal_acc=98.93% | macro_f1=0.9893 | weighted_f1=0.9893 | precision_macro=0.9893 | recall_macro=0.9893 | mae=0.0214 | qwk=0.9828
        ovr_roc_auc_macro=0.9978 | ovr_pr_auc_macro=0.9969
Epoch 21/60 | Time 0m31s
  Train | loss=0.0930 | top1=99.37% | top2=99.90%
  Valid | loss=0.1021 | top1=99.31% | top2=99.65% | acc=99.29% | bal_acc=99.29% | macro_f1=0.9929 | weighted_f1=0.9929 | precision_macro=0.9929 | recall_macro=0.9929 | mae=0.0125 | qwk=0.9907
        ovr_roc_auc_macro=0.9980 | ovr_pr_auc_macro=0.9970
Epoch 22/60 | Time 0m31s
  Train | loss=0.0856 | top1=99.56% | top2=100.00%
  Valid | loss=0.1052 | top1=99.13% | top2=99.65% | acc=99.11% | bal_acc=99.11% | macro_f1=0.9911 | weighted_f1=0.9911 | precision_macro=0.9912 | recall_macro=0.9911 | mae=0.0179 | qwk=0.9858
        ovr_roc_auc_macro=0.9977 | ovr_pr_auc_macro=0.9968
Epoch 23/60 | Time 0m31s
  Train | loss=0.0835 | top1=99.64% | top2=99.98%
  Valid | loss=0.1040 | top1=98.78% | top2=99.83% | acc=98.75% | bal_acc=98.75% | macro_f1=0.9875 | weighted_f1=0.9875 | precision_macro=0.9877 | recall_macro=0.9875 | mae=0.0232 | qwk=0.9823
        ovr_roc_auc_macro=0.9986 | ovr_pr_auc_macro=0.9982
Epoch 24/60 | Time 0m31s
  Train | loss=0.0802 | top1=99.88% | top2=100.00%
  Valid | loss=0.1043 | top1=98.78% | top2=99.83% | acc=98.75% | bal_acc=98.75% | macro_f1=0.9874 | weighted_f1=0.9874 | precision_macro=0.9876 | recall_macro=0.9875 | mae=0.0214 | qwk=0.9844
        ovr_roc_auc_macro=0.9984 | ovr_pr_auc_macro=0.9969
Epoch 25/60 | Time 0m31s
  Train | loss=0.0794 | top1=99.92% | top2=100.00%
  Valid | loss=0.1005 | top1=99.13% | top2=99.65% | acc=99.11% | bal_acc=99.11% | macro_f1=0.9911 | weighted_f1=0.9911 | precision_macro=0.9911 | recall_macro=0.9911 | mae=0.0161 | qwk=0.9879
        ovr_roc_auc_macro=0.9979 | ovr_pr_auc_macro=0.9964
Epoch 26/60 | Time 0m31s
  Train | loss=0.0813 | top1=99.82% | top2=99.98%
  Valid | loss=0.1007 | top1=99.13% | top2=99.65% | acc=99.11% | bal_acc=99.11% | macro_f1=0.9911 | weighted_f1=0.9911 | precision_macro=0.9911 | recall_macro=0.9911 | mae=0.0161 | qwk=0.9879
        ovr_roc_auc_macro=0.9988 | ovr_pr_auc_macro=0.9968
Epoch 27/60 | Time 0m31s
  Train | loss=0.0810 | top1=99.76% | top2=100.00%
  Valid | loss=0.1023 | top1=98.96% | top2=99.65% | acc=98.93% | bal_acc=98.93% | macro_f1=0.9892 | weighted_f1=0.9892 | precision_macro=0.9893 | recall_macro=0.9893 | mae=0.0179 | qwk=0.9872
        ovr_roc_auc_macro=0.9978 | ovr_pr_auc_macro=0.9961
Epoch 28/60 | Time 0m31s
  Train | loss=0.0796 | top1=99.88% | top2=100.00%
  Valid | loss=0.1035 | top1=99.13% | top2=99.48% | acc=99.11% | bal_acc=99.11% | macro_f1=0.9911 | weighted_f1=0.9911 | precision_macro=0.9911 | recall_macro=0.9911 | mae=0.0161 | qwk=0.9879
        ovr_roc_auc_macro=0.9968 | ovr_pr_auc_macro=0.9956
  -> early stopping triggered at epoch 28

[TEST] loss=dast
  Test | loss=0.2036 | top1=95.44% | top2=97.44% | acc=95.44% | bal_acc=95.44% | macro_f1=0.9534 | weighted_f1=0.9534 | precision_macro=0.9581 | recall_macro=0.9544 | mae=0.0625 | qwk=0.9601
        ovr_roc_auc_macro=0.9898 | ovr_pr_auc_macro=0.9713
  Confusion Matrix:
[[332  45  23   0]
 [  0 397   1   2]
 [  0   0 400   0]
 [  0   2   0 398]]
  Classification Report:
              precision    recall  f1-score   support

      glioma     1.0000    0.8300    0.9071       400
  meningioma     0.8941    0.9925    0.9408       400
     notumor     0.9434    1.0000    0.9709       400
   pituitary     0.9950    0.9950    0.9950       400

    accuracy                         0.9544      1600
   macro avg     0.9581    0.9544    0.9534      1600
weighted avg     0.9581    0.9544    0.9534      1600


==========================================================================================
Summary CSV saved: E:\Paper\Computer-Vision-for-Medicine\Brain_Tumor_MRI_Loss\logs\ResNet_layer3+MECS_dast_tune_tau0p5_gamma1p5_20260410_121013_summary.csv
Top results by test_macro_f1:
  dast: macro_f1=0.9534, qwk=0.9601, mae=0.0625, acc=0.9544, top1=0.9544
==========================================================================================

EXIT CODE: 0
END TIME: 2026-04-10T12:25:04
====================================================================================================
