
------------------------------------------------------------
▶️ 正在运行: 目录 [Chest-Normal-Pneumonia_MECS] -> 脚本 [ResNet_layer3+MECS.py]
📝 日志保存至: logs\Chest-Normal-Pneumonia_MECS_ResNet_layer3+MECS.log
🕒 开始于: 2026-03-16 18:52:49.379468
------------------------------------------------------------
Starting Chest X-ray Pneumonia ResNet50 + MECS(layer3) ...
Using device: cuda
CUDA device: NVIDIA GeForce RTX 4080 SUPER
Classes: ['NORMAL', 'PNEUMONIA']
Class-to-index: {'NORMAL': 0, 'PNEUMONIA': 1}
Split sizes | train=5216, valid=16, test=624
Training class counts: [1341, 3875]
Class weights: [1.9448173005219984, 0.6730322580645162]
Loading pretrained ResNet50 + MECS(after layer3)...
Trainable parameters: 27,299,138
Starting training...

Epoch 01/40 | Time 0m 39s
  Train | loss=0.4874 | top1=83.11% | top2=100.00%
  Valid | loss=0.3710 | top1=81.25% | top2=100.00% | acc=81.25% | bal_acc=81.25% | macro_f1=0.8118 | weighted_f1=0.8118 | precision_macro=0.8175 | recall_macro=0.8125
         roc_auc=0.9062 | pr_auc=0.9363
✅ Initial best model saved to best_resnet50_mecs_layer3_pneumonia.pt (macro_f1=0.8118, val_loss=0.3710)

Epoch 02/40 | Time 0m 39s
  Train | loss=0.1179 | top1=95.55% | top2=100.00%
  Valid | loss=0.0888 | top1=100.00% | top2=100.00% | acc=100.00% | bal_acc=100.00% | macro_f1=1.0000 | weighted_f1=1.0000 | precision_macro=1.0000 | recall_macro=1.0000
         roc_auc=1.0000 | pr_auc=1.0000
✅ Validation macro_f1 improved. Saved model to best_resnet50_mecs_layer3_pneumonia.pt (macro_f1=1.0000, val_loss=0.0888)

Epoch 03/40 | Time 0m 40s
  Train | loss=0.0756 | top1=97.07% | top2=100.00%
  Valid | loss=0.2852 | top1=87.50% | top2=100.00% | acc=87.50% | bal_acc=87.50% | macro_f1=0.8730 | weighted_f1=0.8730 | precision_macro=0.9000 | recall_macro=0.8750
         roc_auc=1.0000 | pr_auc=1.0000
⚠️ No improvement in metrics. Bad epochs: 1/8

Epoch 04/40 | Time 0m 40s
  Train | loss=0.0703 | top1=97.66% | top2=100.00%
  Valid | loss=0.1124 | top1=93.75% | top2=100.00% | acc=93.75% | bal_acc=93.75% | macro_f1=0.9373 | weighted_f1=0.9373 | precision_macro=0.9444 | recall_macro=0.9375
         roc_auc=1.0000 | pr_auc=1.0000
⚠️ No improvement in metrics. Bad epochs: 2/8

Epoch 05/40 | Time 0m 40s
  Train | loss=0.0468 | top1=98.14% | top2=100.00%
  Valid | loss=0.2155 | top1=93.75% | top2=100.00% | acc=93.75% | bal_acc=93.75% | macro_f1=0.9373 | weighted_f1=0.9373 | precision_macro=0.9444 | recall_macro=0.9375
         roc_auc=1.0000 | pr_auc=1.0000
⚠️ No improvement in metrics. Bad epochs: 3/8

Epoch 06/40 | Time 0m 40s
  Train | loss=0.0442 | top1=98.43% | top2=100.00%
  Valid | loss=0.5227 | top1=81.25% | top2=100.00% | acc=81.25% | bal_acc=81.25% | macro_f1=0.8057 | weighted_f1=0.8057 | precision_macro=0.8636 | recall_macro=0.8125
         roc_auc=1.0000 | pr_auc=1.0000
⚠️ No improvement in metrics. Bad epochs: 4/8

Epoch 07/40 | Time 0m 40s
  Train | loss=0.0351 | top1=98.72% | top2=100.00%
  Valid | loss=0.5979 | top1=81.25% | top2=100.00% | acc=81.25% | bal_acc=81.25% | macro_f1=0.8057 | weighted_f1=0.8057 | precision_macro=0.8636 | recall_macro=0.8125
         roc_auc=1.0000 | pr_auc=1.0000
⚠️ No improvement in metrics. Bad epochs: 5/8

Epoch 08/40 | Time 0m 41s
  Train | loss=0.0188 | top1=99.23% | top2=100.00%
  Valid | loss=0.4557 | top1=87.50% | top2=100.00% | acc=87.50% | bal_acc=87.50% | macro_f1=0.8730 | weighted_f1=0.8730 | precision_macro=0.9000 | recall_macro=0.8750
         roc_auc=1.0000 | pr_auc=1.0000
⚠️ No improvement in metrics. Bad epochs: 6/8

Epoch 09/40 | Time 0m 40s
  Train | loss=0.0202 | top1=99.31% | top2=100.00%
  Valid | loss=0.1663 | top1=93.75% | top2=100.00% | acc=93.75% | bal_acc=93.75% | macro_f1=0.9373 | weighted_f1=0.9373 | precision_macro=0.9444 | recall_macro=0.9375
         roc_auc=1.0000 | pr_auc=1.0000
⚠️ No improvement in metrics. Bad epochs: 7/8

Epoch 10/40 | Time 0m 40s
  Train | loss=0.0183 | top1=99.37% | top2=100.00%
  Valid | loss=0.6958 | top1=81.25% | top2=100.00% | acc=81.25% | bal_acc=81.25% | macro_f1=0.8057 | weighted_f1=0.8057 | precision_macro=0.8636 | recall_macro=0.8125
         roc_auc=1.0000 | pr_auc=1.0000
⚠️ No improvement in metrics. Bad epochs: 8/8
⏹️ Early stopping triggered.
🛑 Training stopped early at epoch 10.

Loading best model and evaluating on test set...

Test | loss=0.2424 | top1=90.62% | top2=100.00% | acc=90.38% | bal_acc=89.57% | macro_f1=0.8971 | weighted_f1=0.9037 | precision_macro=0.8985 | recall_macro=0.8957
     roc_auc=0.9613 | pr_auc=0.9697

Confusion Matrix:
[[202  32]
 [ 28 362]]

Classification Report:
              precision    recall  f1-score   support

      NORMAL     0.8783    0.8632    0.8707       234
   PNEUMONIA     0.9188    0.9282    0.9235       390

    accuracy                         0.9038       624
   macro avg     0.8985    0.8957    0.8971       624
weighted avg     0.9036    0.9038    0.9037       624


Chest X-ray Pneumonia ResNet50 + MECS(layer3) completed!

✅ 运行完毕: [ResNet_layer3+MECS.py] | 退出码: 0
🕒 结束于: 2026-03-16 18:59:53.162476
