
------------------------------------------------------------
▶️ 正在运行: 目录 [DDD] -> 脚本 [ResNet_baseline+Loss4.py]
📝 日志保存至: logs\DDD_ResNet_baseline+Loss4.log
🕒 开始于: 2026-03-19 12:28:47.137062
------------------------------------------------------------
Starting Diabetic Retinopathy ResNet50 + Loss4 (DAST) Baseline (Patient-level split)...
Using device: cuda
CUDA device: NVIDIA GeForce RTX 4080 SUPER
Total matched samples: 35126
Total unique patients: 17563
Overall class distribution:
level
0    25810
1     2443
2     5292
3      873
4      708
Name: count, dtype: int64

Train samples: 28098
Train unique patients: 14049
Train class distribution:
level
0    20645
1     1938
2     4251
3      687
4      577
Name: count, dtype: int64

Valid samples: 3514
Valid unique patients: 1757
Valid class distribution:
level
0    2606
1     242
2     515
3      88
4      63
Name: count, dtype: int64

Test samples: 3514
Test unique patients: 1757
Test class distribution:
level
0    2559
1     263
2     526
3      98
4      68
Name: count, dtype: int64

Unique patients | train=14049, valid=1757, test=1757

Split sizes | train=28098, valid=3514, test=3514
Loading pretrained ResNet50...
Trainable parameters: 23,518,277
Initializing DistanceAwareSoftTargetLoss for 5 ordinal classes...
Starting training...

Epoch 01/50 | Time 1m 23s
  Train | loss=0.7565 | top1=73.33% | top2=82.25% | top3=95.23%
  Valid | loss=0.7067 | top1=74.24% | top2=84.33% | top3=95.80% | acc=74.25% | bal_acc=20.12% | macro_f1=0.1728 | qwk=0.0126 | weighted_f1=0.6339 | precision_macro=0.2486 | recall_macro=0.2012
         ovr_roc_auc_macro=0.7328 | ovr_pr_auc_macro=0.3026
 Initial best model saved to best_resnet50_dr_loss4_patient_split.pt (score=0.0126)

Epoch 02/50 | Time 1m 23s
  Train | loss=0.7003 | top1=74.25% | top2=86.15% | top3=96.48%
  Valid | loss=0.6753 | top1=75.80% | top2=87.80% | top3=97.64% | acc=75.81% | bal_acc=31.39% | macro_f1=0.3353 | qwk=0.3945 | weighted_f1=0.6937 | precision_macro=0.4157 | recall_macro=0.3139
         ovr_roc_auc_macro=0.7799 | ovr_pr_auc_macro=0.3773
 Validation improved. Saved best model to best_resnet50_dr_loss4_patient_split.pt (score=0.3945)

Epoch 03/50 | Time 1m 24s
  Train | loss=0.6669 | top1=76.46% | top2=88.34% | top3=97.76%
  Valid | loss=0.6718 | top1=76.82% | top2=86.52% | top3=97.53% | acc=76.84% | bal_acc=28.48% | macro_f1=0.3160 | qwk=0.3375 | weighted_f1=0.6929 | precision_macro=0.5914 | recall_macro=0.2848
         ovr_roc_auc_macro=0.7985 | ovr_pr_auc_macro=0.4432
 No improvement. Bad epochs: 1/10

Epoch 04/50 | Time 1m 23s
  Train | loss=0.6444 | top1=78.06% | top2=89.58% | top3=98.16%
  Valid | loss=0.6584 | top1=78.24% | top2=89.22% | top3=98.18% | acc=78.26% | bal_acc=37.67% | macro_f1=0.4172 | qwk=0.5012 | weighted_f1=0.7215 | precision_macro=0.5441 | recall_macro=0.3767
         ovr_roc_auc_macro=0.7955 | ovr_pr_auc_macro=0.4853
 Validation improved. Saved best model to best_resnet50_dr_loss4_patient_split.pt (score=0.5012)

Epoch 05/50 | Time 1m 24s
  Train | loss=0.6311 | top1=78.95% | top2=90.30% | top3=98.49%
  Valid | loss=0.6339 | top1=79.29% | top2=91.01% | top3=98.52% | acc=79.31% | bal_acc=39.80% | macro_f1=0.4327 | qwk=0.5609 | weighted_f1=0.7399 | precision_macro=0.5227 | recall_macro=0.3980
         ovr_roc_auc_macro=0.8262 | ovr_pr_auc_macro=0.5026
 Validation improved. Saved best model to best_resnet50_dr_loss4_patient_split.pt (score=0.5609)

Epoch 06/50 | Time 1m 24s
  Train | loss=0.6201 | top1=79.74% | top2=91.07% | top3=98.65%
  Valid | loss=0.6217 | top1=79.69% | top2=90.73% | top3=98.49% | acc=79.71% | bal_acc=43.38% | macro_f1=0.4661 | qwk=0.6016 | weighted_f1=0.7519 | precision_macro=0.5925 | recall_macro=0.4338
         ovr_roc_auc_macro=0.8360 | ovr_pr_auc_macro=0.5150
 Validation improved. Saved best model to best_resnet50_dr_loss4_patient_split.pt (score=0.6016)

Epoch 07/50 | Time 1m 23s
  Train | loss=0.6102 | top1=80.51% | top2=91.52% | top3=98.76%
  Valid | loss=0.6387 | top1=78.46% | top2=91.20% | top3=97.61% | acc=78.49% | bal_acc=42.80% | macro_f1=0.4484 | qwk=0.5813 | weighted_f1=0.7491 | precision_macro=0.5745 | recall_macro=0.4280
         ovr_roc_auc_macro=0.8203 | ovr_pr_auc_macro=0.4921
 No improvement. Bad epochs: 1/10

Epoch 08/50 | Time 1m 24s
  Train | loss=0.5992 | top1=81.19% | top2=92.03% | top3=98.93%
  Valid | loss=0.6342 | top1=80.09% | top2=89.65% | top3=98.32% | acc=80.11% | bal_acc=39.68% | macro_f1=0.4435 | qwk=0.5824 | weighted_f1=0.7499 | precision_macro=0.5620 | recall_macro=0.3968
         ovr_roc_auc_macro=0.8255 | ovr_pr_auc_macro=0.5084
 No improvement. Bad epochs: 2/10

Epoch 09/50 | Time 1m 22s
  Train | loss=0.5933 | top1=81.63% | top2=92.34% | top3=98.93%
  Valid | loss=0.6188 | top1=80.35% | top2=92.06% | top3=98.47% | acc=80.36% | bal_acc=44.46% | macro_f1=0.4841 | qwk=0.6411 | weighted_f1=0.7662 | precision_macro=0.5723 | recall_macro=0.4446
         ovr_roc_auc_macro=0.8371 | ovr_pr_auc_macro=0.5194
 Validation improved. Saved best model to best_resnet50_dr_loss4_patient_split.pt (score=0.6411)

Epoch 10/50 | Time 1m 23s
  Train | loss=0.5830 | top1=82.28% | top2=92.80% | top3=99.02%
  Valid | loss=0.6215 | top1=80.26% | top2=90.64% | top3=98.41% | acc=80.28% | bal_acc=45.74% | macro_f1=0.4832 | qwk=0.6395 | weighted_f1=0.7604 | precision_macro=0.5287 | recall_macro=0.4574
         ovr_roc_auc_macro=0.8392 | ovr_pr_auc_macro=0.5388
 No improvement. Bad epochs: 1/10

Epoch 11/50 | Time 1m 24s
  Train | loss=0.5754 | top1=82.81% | top2=93.15% | top3=99.17%
  Valid | loss=0.6227 | top1=80.71% | top2=91.01% | top3=98.27% | acc=80.73% | bal_acc=41.63% | macro_f1=0.4651 | qwk=0.6197 | weighted_f1=0.7631 | precision_macro=0.6136 | recall_macro=0.4163
         ovr_roc_auc_macro=0.8339 | ovr_pr_auc_macro=0.5285
 No improvement. Bad epochs: 2/10

Epoch 12/50 | Time 1m 29s
  Train | loss=0.5678 | top1=83.50% | top2=93.85% | top3=99.19%
  Valid | loss=0.6346 | top1=79.83% | top2=90.38% | top3=98.27% | acc=79.85% | bal_acc=39.57% | macro_f1=0.4444 | qwk=0.6005 | weighted_f1=0.7598 | precision_macro=0.6317 | recall_macro=0.3957
         ovr_roc_auc_macro=0.8242 | ovr_pr_auc_macro=0.5080
 No improvement. Bad epochs: 3/10

Epoch 13/50 | Time 1m 29s
  Train | loss=0.5604 | top1=83.97% | top2=94.01% | top3=99.28%
  Valid | loss=0.6250 | top1=80.12% | top2=90.90% | top3=98.12% | acc=80.14% | bal_acc=46.06% | macro_f1=0.5054 | qwk=0.6275 | weighted_f1=0.7671 | precision_macro=0.6334 | recall_macro=0.4606
         ovr_roc_auc_macro=0.8342 | ovr_pr_auc_macro=0.5338
 No improvement. Bad epochs: 4/10

Epoch 14/50 | Time 1m 29s
  Train | loss=0.5524 | top1=84.55% | top2=94.38% | top3=99.40%
  Valid | loss=0.6263 | top1=80.29% | top2=90.53% | top3=98.32% | acc=80.31% | bal_acc=43.65% | macro_f1=0.4763 | qwk=0.6345 | weighted_f1=0.7628 | precision_macro=0.5818 | recall_macro=0.4365
         ovr_roc_auc_macro=0.8283 | ovr_pr_auc_macro=0.5148
 No improvement. Bad epochs: 5/10

Epoch 15/50 | Time 1m 30s
  Train | loss=0.5435 | top1=85.45% | top2=95.03% | top3=99.37%
  Valid | loss=0.6559 | top1=80.29% | top2=90.16% | top3=98.27% | acc=80.31% | bal_acc=41.28% | macro_f1=0.4506 | qwk=0.6105 | weighted_f1=0.7560 | precision_macro=0.5873 | recall_macro=0.4128
         ovr_roc_auc_macro=0.8176 | ovr_pr_auc_macro=0.5190
 No improvement. Bad epochs: 6/10

Epoch 16/50 | Time 1m 31s
  Train | loss=0.5364 | top1=85.81% | top2=95.17% | top3=99.38%
  Valid | loss=0.6285 | top1=79.95% | top2=89.70% | top3=97.90% | acc=79.97% | bal_acc=45.60% | macro_f1=0.4765 | qwk=0.6462 | weighted_f1=0.7643 | precision_macro=0.5277 | recall_macro=0.4560
         ovr_roc_auc_macro=0.8336 | ovr_pr_auc_macro=0.5107
 Validation improved. Saved best model to best_resnet50_dr_loss4_patient_split.pt (score=0.6462)

Epoch 17/50 | Time 1m 31s
  Train | loss=0.5270 | top1=86.84% | top2=95.78% | top3=99.53%
  Valid | loss=0.6412 | top1=80.20% | top2=90.24% | top3=98.24% | acc=80.22% | bal_acc=42.40% | macro_f1=0.4719 | qwk=0.6193 | weighted_f1=0.7616 | precision_macro=0.5985 | recall_macro=0.4240
         ovr_roc_auc_macro=0.8241 | ovr_pr_auc_macro=0.5072
 No improvement. Bad epochs: 1/10

Epoch 18/50 | Time 1m 31s
  Train | loss=0.5190 | top1=87.38% | top2=96.25% | top3=99.54%
  Valid | loss=0.6388 | top1=79.44% | top2=90.53% | top3=97.95% | acc=79.45% | bal_acc=42.44% | macro_f1=0.4637 | qwk=0.6249 | weighted_f1=0.7628 | precision_macro=0.5798 | recall_macro=0.4244
         ovr_roc_auc_macro=0.8248 | ovr_pr_auc_macro=0.5065
 No improvement. Bad epochs: 2/10

Epoch 19/50 | Time 1m 31s
  Train | loss=0.5087 | top1=88.42% | top2=96.73% | top3=99.64%
  Valid | loss=0.6510 | top1=80.12% | top2=89.67% | top3=98.04% | acc=80.14% | bal_acc=44.76% | macro_f1=0.4907 | qwk=0.6305 | weighted_f1=0.7662 | precision_macro=0.6003 | recall_macro=0.4476
         ovr_roc_auc_macro=0.8203 | ovr_pr_auc_macro=0.5184
 No improvement. Bad epochs: 3/10

Epoch 20/50 | Time 1m 30s
  Train | loss=0.5047 | top1=88.90% | top2=96.84% | top3=99.71%
  Valid | loss=0.6452 | top1=79.06% | top2=89.41% | top3=97.50% | acc=79.08% | bal_acc=47.97% | macro_f1=0.5061 | qwk=0.6561 | weighted_f1=0.7676 | precision_macro=0.5529 | recall_macro=0.4797
         ovr_roc_auc_macro=0.8284 | ovr_pr_auc_macro=0.5129
 Validation improved. Saved best model to best_resnet50_dr_loss4_patient_split.pt (score=0.6561)

Epoch 21/50 | Time 1m 30s
  Train | loss=0.4977 | top1=89.67% | top2=97.11% | top3=99.77%
  Valid | loss=0.6544 | top1=78.76% | top2=89.53% | top3=97.98% | acc=78.77% | bal_acc=45.86% | macro_f1=0.4894 | qwk=0.6379 | weighted_f1=0.7593 | precision_macro=0.5460 | recall_macro=0.4586
         ovr_roc_auc_macro=0.8232 | ovr_pr_auc_macro=0.5271
 No improvement. Bad epochs: 1/10

Epoch 22/50 | Time 1m 30s
  Train | loss=0.4891 | top1=90.59% | top2=97.58% | top3=99.76%
  Valid | loss=0.6607 | top1=79.49% | top2=89.90% | top3=97.93% | acc=79.51% | bal_acc=43.06% | macro_f1=0.4770 | qwk=0.6082 | weighted_f1=0.7569 | precision_macro=0.5990 | recall_macro=0.4306
         ovr_roc_auc_macro=0.8142 | ovr_pr_auc_macro=0.5144
 No improvement. Bad epochs: 2/10

Epoch 23/50 | Time 1m 29s
  Train | loss=0.4840 | top1=91.06% | top2=97.76% | top3=99.82%
  Valid | loss=0.6542 | top1=78.75% | top2=90.04% | top3=97.27% | acc=78.77% | bal_acc=48.22% | macro_f1=0.5061 | qwk=0.6408 | weighted_f1=0.7628 | precision_macro=0.5638 | recall_macro=0.4822
         ovr_roc_auc_macro=0.8203 | ovr_pr_auc_macro=0.5115
 No improvement. Bad epochs: 3/10

Epoch 24/50 | Time 1m 29s
  Train | loss=0.4782 | top1=91.67% | top2=97.94% | top3=99.84%
  Valid | loss=0.6668 | top1=79.26% | top2=89.07% | top3=97.81% | acc=79.28% | bal_acc=45.37% | macro_f1=0.4953 | qwk=0.6146 | weighted_f1=0.7613 | precision_macro=0.5758 | recall_macro=0.4537
         ovr_roc_auc_macro=0.8085 | ovr_pr_auc_macro=0.5155
 No improvement. Bad epochs: 4/10

Epoch 25/50 | Time 1m 29s
  Train | loss=0.4716 | top1=92.43% | top2=98.40% | top3=99.84%
  Valid | loss=0.6597 | top1=79.02% | top2=89.08% | top3=97.67% | acc=79.03% | bal_acc=46.73% | macro_f1=0.5104 | qwk=0.6369 | weighted_f1=0.7661 | precision_macro=0.5858 | recall_macro=0.4673
         ovr_roc_auc_macro=0.8141 | ovr_pr_auc_macro=0.5230
 No improvement. Bad epochs: 5/10

Epoch 26/50 | Time 1m 31s
  Train | loss=0.4664 | top1=93.19% | top2=98.60% | top3=99.90%
  Valid | loss=0.6664 | top1=79.54% | top2=89.84% | top3=98.21% | acc=79.57% | bal_acc=47.86% | macro_f1=0.5186 | qwk=0.6431 | weighted_f1=0.7647 | precision_macro=0.6003 | recall_macro=0.4786
         ovr_roc_auc_macro=0.8043 | ovr_pr_auc_macro=0.5181
 No improvement. Bad epochs: 6/10

Epoch 27/50 | Time 1m 30s
  Train | loss=0.4628 | top1=93.58% | top2=98.68% | top3=99.90%
  Valid | loss=0.6629 | top1=78.81% | top2=89.65% | top3=97.76% | acc=78.83% | bal_acc=44.82% | macro_f1=0.4894 | qwk=0.6538 | weighted_f1=0.7650 | precision_macro=0.5656 | recall_macro=0.4482
         ovr_roc_auc_macro=0.8145 | ovr_pr_auc_macro=0.4994
 No improvement. Bad epochs: 7/10

Epoch 28/50 | Time 1m 30s
  Train | loss=0.4550 | top1=94.52% | top2=98.94% | top3=99.90%
  Valid | loss=0.6670 | top1=77.18% | top2=88.48% | top3=97.33% | acc=77.18% | bal_acc=45.74% | macro_f1=0.4964 | qwk=0.6369 | weighted_f1=0.7585 | precision_macro=0.5635 | recall_macro=0.4574
         ovr_roc_auc_macro=0.8116 | ovr_pr_auc_macro=0.5020
 No improvement. Bad epochs: 8/10

Epoch 29/50 | Time 1m 30s
  Train | loss=0.4534 | top1=94.72% | top2=99.07% | top3=99.89%
  Valid | loss=0.6737 | top1=77.87% | top2=88.85% | top3=97.61% | acc=77.89% | bal_acc=45.42% | macro_f1=0.4983 | qwk=0.6264 | weighted_f1=0.7586 | precision_macro=0.5751 | recall_macro=0.4542
         ovr_roc_auc_macro=0.8114 | ovr_pr_auc_macro=0.4964
 No improvement. Bad epochs: 9/10

Epoch 30/50 | Time 1m 31s
  Train | loss=0.4485 | top1=95.34% | top2=99.21% | top3=99.93%
  Valid | loss=0.6688 | top1=77.45% | top2=89.16% | top3=97.73% | acc=77.46% | bal_acc=45.67% | macro_f1=0.4885 | qwk=0.6303 | weighted_f1=0.7549 | precision_macro=0.5373 | recall_macro=0.4567
         ovr_roc_auc_macro=0.8155 | ovr_pr_auc_macro=0.4962
 No improvement. Bad epochs: 10/10
⏹ Early stopping triggered.
 Training stopped early at epoch 30.

Loading best model and evaluating on test set...

Test | loss=0.6494 | top1=77.73% | top2=88.84% | top3=97.95% | acc=77.75% | bal_acc=49.78% | macro_f1=0.5163 | qwk=0.6782 | weighted_f1=0.7514 | precision_macro=0.5494 | recall_macro=0.4978
     ovr_roc_auc_macro=0.8286 | ovr_pr_auc_macro=0.5352

Confusion Matrix:
[[2401   58   97    2    1]
 [ 219   14   30    0    0]
 [ 220   24  232   42    8]
 [  12    1   36   43    6]
 [   6    2   11    7   42]]

Classification Report:
                precision    recall  f1-score   support

         No_DR     0.8401    0.9383    0.8865      2559
          Mild     0.1414    0.0532    0.0773       263
      Moderate     0.5714    0.4411    0.4979       526
        Severe     0.4574    0.4388    0.4479        98
Proliferate_DR     0.7368    0.6176    0.6720        68

      accuracy                         0.7775      3514
     macro avg     0.5494    0.4978    0.5163      3514
  weighted avg     0.7349    0.7775    0.7514      3514


Diabetic Retinopathy ResNet50 + Loss4 baseline completed!

✅ 运行完毕: [ResNet_baseline+Loss4.py] | 退出码: 0
🕒 结束于: 2026-03-19 13:13:09.257996
