
------------------------------------------------------------
▶️ 正在运行: 目录 [HAM10000_GCSA] -> 脚本 [ResNet50layer2+GCSA.py]
📝 日志保存至: logs\HAM10000_GCSA_ResNet50layer2+GCSA.log
🕒 开始于: 2026-03-11 10:49:47.761099
------------------------------------------------------------
Starting ISIC ResNet50 + GCSA (layer2).
Using device: cuda
CUDA device: NVIDIA GeForce RTX 4080 SUPER
Loaded metadata samples: 10015
Unique diagnoses in metadata: ['akiec', 'bcc', 'bkl', 'df', 'mel', 'nv', 'vasc']
Available image directories: ['../ISIC\\HAM10000_images_part_1', '../ISIC\\HAM10000_images_part_2']
Valid samples: 10015 | num_classes=7 | classes=['akiec', 'bcc', 'bkl', 'df', 'mel', 'nv', 'vasc']
Split sizes | train=7210, valid=802, test=2003
Loading pre-trained ResNet50 (torchvision) weights.
Loaded pretrained params: 320/336
Trainable parameters: 30,077,895
Starting training.
D:\ProgramData\miniconda3\envs\Paper\Lib\site-packages\sklearn\metrics\_classification.py:1833: UndefinedMetricWarning: Precision is ill-defined and being set to 0.0 in labels with no predicted samples. Use `zero_division` parameter to control this behavior.
  _warn_prf(average, modifier, f"{metric.capitalize()} is", result.shape[0])
D:\ProgramData\miniconda3\envs\Paper\Lib\site-packages\sklearn\metrics\_classification.py:1833: UndefinedMetricWarning: Precision is ill-defined and being set to 0.0 in labels with no predicted samples. Use `zero_division` parameter to control this behavior.
  _warn_prf(average, modifier, f"{metric.capitalize()} is", result.shape[0])
D:\ProgramData\miniconda3\envs\Paper\Lib\site-packages\sklearn\metrics\_classification.py:1833: UndefinedMetricWarning: Precision is ill-defined and being set to 0.0 in labels with no predicted samples. Use `zero_division` parameter to control this behavior.
  _warn_prf(average, modifier, f"{metric.capitalize()} is", result.shape[0])

Epoch 01/40 | Time 0m36s
  Train | loss=1.8346 | top1=46.06% | top3=73.02%
  Valid | loss=1.6672 | top1=66.23% | top3=86.78% | bal_acc=14.26% | macro_f1=0.1146
✅ Initial model saved to isic_resnet50_gcsa_layer2_best.pt (macro_f1=0.1146)
D:\ProgramData\miniconda3\envs\Paper\Lib\site-packages\sklearn\metrics\_classification.py:1833: UndefinedMetricWarning: Precision is ill-defined and being set to 0.0 in labels with no predicted samples. Use `zero_division` parameter to control this behavior.
  _warn_prf(average, modifier, f"{metric.capitalize()} is", result.shape[0])
D:\ProgramData\miniconda3\envs\Paper\Lib\site-packages\sklearn\metrics\_classification.py:1833: UndefinedMetricWarning: Precision is ill-defined and being set to 0.0 in labels with no predicted samples. Use `zero_division` parameter to control this behavior.
  _warn_prf(average, modifier, f"{metric.capitalize()} is", result.shape[0])
D:\ProgramData\miniconda3\envs\Paper\Lib\site-packages\sklearn\metrics\_classification.py:1833: UndefinedMetricWarning: Precision is ill-defined and being set to 0.0 in labels with no predicted samples. Use `zero_division` parameter to control this behavior.
  _warn_prf(average, modifier, f"{metric.capitalize()} is", result.shape[0])

Epoch 02/40 | Time 0m36s
  Train | loss=1.3537 | top1=66.96% | top3=88.58%
  Valid | loss=1.0311 | top1=66.35% | top3=87.74% | bal_acc=14.29% | macro_f1=0.1146
⚠️ No improvement in macro_f1. Bad epochs: 1/10
D:\ProgramData\miniconda3\envs\Paper\Lib\site-packages\sklearn\metrics\_classification.py:1833: UndefinedMetricWarning: Precision is ill-defined and being set to 0.0 in labels with no predicted samples. Use `zero_division` parameter to control this behavior.
  _warn_prf(average, modifier, f"{metric.capitalize()} is", result.shape[0])
D:\ProgramData\miniconda3\envs\Paper\Lib\site-packages\sklearn\metrics\_classification.py:1833: UndefinedMetricWarning: Precision is ill-defined and being set to 0.0 in labels with no predicted samples. Use `zero_division` parameter to control this behavior.
  _warn_prf(average, modifier, f"{metric.capitalize()} is", result.shape[0])
D:\ProgramData\miniconda3\envs\Paper\Lib\site-packages\sklearn\metrics\_classification.py:1833: UndefinedMetricWarning: Precision is ill-defined and being set to 0.0 in labels with no predicted samples. Use `zero_division` parameter to control this behavior.
  _warn_prf(average, modifier, f"{metric.capitalize()} is", result.shape[0])

Epoch 03/40 | Time 0m36s
  Train | loss=0.9622 | top1=67.06% | top3=89.15%
  Valid | loss=0.8702 | top1=66.83% | top3=87.86% | bal_acc=15.07% | macro_f1=0.1306
✅ Validation improved. Saved best model to isic_resnet50_gcsa_layer2_best.pt (macro_f1=0.1306)
D:\ProgramData\miniconda3\envs\Paper\Lib\site-packages\sklearn\metrics\_classification.py:1833: UndefinedMetricWarning: Precision is ill-defined and being set to 0.0 in labels with no predicted samples. Use `zero_division` parameter to control this behavior.
  _warn_prf(average, modifier, f"{metric.capitalize()} is", result.shape[0])
D:\ProgramData\miniconda3\envs\Paper\Lib\site-packages\sklearn\metrics\_classification.py:1833: UndefinedMetricWarning: Precision is ill-defined and being set to 0.0 in labels with no predicted samples. Use `zero_division` parameter to control this behavior.
  _warn_prf(average, modifier, f"{metric.capitalize()} is", result.shape[0])
D:\ProgramData\miniconda3\envs\Paper\Lib\site-packages\sklearn\metrics\_classification.py:1833: UndefinedMetricWarning: Precision is ill-defined and being set to 0.0 in labels with no predicted samples. Use `zero_division` parameter to control this behavior.
  _warn_prf(average, modifier, f"{metric.capitalize()} is", result.shape[0])

Epoch 04/40 | Time 0m36s
  Train | loss=0.8353 | top1=69.42% | top3=89.52%
  Valid | loss=0.7911 | top1=70.19% | top3=89.18% | bal_acc=20.71% | macro_f1=0.2078
✅ Validation improved. Saved best model to isic_resnet50_gcsa_layer2_best.pt (macro_f1=0.2078)
D:\ProgramData\miniconda3\envs\Paper\Lib\site-packages\sklearn\metrics\_classification.py:1833: UndefinedMetricWarning: Precision is ill-defined and being set to 0.0 in labels with no predicted samples. Use `zero_division` parameter to control this behavior.
  _warn_prf(average, modifier, f"{metric.capitalize()} is", result.shape[0])
D:\ProgramData\miniconda3\envs\Paper\Lib\site-packages\sklearn\metrics\_classification.py:1833: UndefinedMetricWarning: Precision is ill-defined and being set to 0.0 in labels with no predicted samples. Use `zero_division` parameter to control this behavior.
  _warn_prf(average, modifier, f"{metric.capitalize()} is", result.shape[0])
D:\ProgramData\miniconda3\envs\Paper\Lib\site-packages\sklearn\metrics\_classification.py:1833: UndefinedMetricWarning: Precision is ill-defined and being set to 0.0 in labels with no predicted samples. Use `zero_division` parameter to control this behavior.
  _warn_prf(average, modifier, f"{metric.capitalize()} is", result.shape[0])

Epoch 05/40 | Time 0m35s
  Train | loss=0.7313 | top1=73.29% | top3=92.53%
  Valid | loss=0.7390 | top1=72.96% | top3=93.15% | bal_acc=27.32% | macro_f1=0.2908
✅ Validation improved. Saved best model to isic_resnet50_gcsa_layer2_best.pt (macro_f1=0.2908)
D:\ProgramData\miniconda3\envs\Paper\Lib\site-packages\sklearn\metrics\_classification.py:1833: UndefinedMetricWarning: Precision is ill-defined and being set to 0.0 in labels with no predicted samples. Use `zero_division` parameter to control this behavior.
  _warn_prf(average, modifier, f"{metric.capitalize()} is", result.shape[0])
D:\ProgramData\miniconda3\envs\Paper\Lib\site-packages\sklearn\metrics\_classification.py:1833: UndefinedMetricWarning: Precision is ill-defined and being set to 0.0 in labels with no predicted samples. Use `zero_division` parameter to control this behavior.
  _warn_prf(average, modifier, f"{metric.capitalize()} is", result.shape[0])
D:\ProgramData\miniconda3\envs\Paper\Lib\site-packages\sklearn\metrics\_classification.py:1833: UndefinedMetricWarning: Precision is ill-defined and being set to 0.0 in labels with no predicted samples. Use `zero_division` parameter to control this behavior.
  _warn_prf(average, modifier, f"{metric.capitalize()} is", result.shape[0])

Epoch 06/40 | Time 0m37s
  Train | loss=0.6410 | top1=76.60% | top3=95.31%
  Valid | loss=0.6479 | top1=76.92% | top3=96.27% | bal_acc=44.96% | macro_f1=0.4841
✅ Validation improved. Saved best model to isic_resnet50_gcsa_layer2_best.pt (macro_f1=0.4841)
D:\ProgramData\miniconda3\envs\Paper\Lib\site-packages\sklearn\metrics\_classification.py:1833: UndefinedMetricWarning: Precision is ill-defined and being set to 0.0 in labels with no predicted samples. Use `zero_division` parameter to control this behavior.
  _warn_prf(average, modifier, f"{metric.capitalize()} is", result.shape[0])
D:\ProgramData\miniconda3\envs\Paper\Lib\site-packages\sklearn\metrics\_classification.py:1833: UndefinedMetricWarning: Precision is ill-defined and being set to 0.0 in labels with no predicted samples. Use `zero_division` parameter to control this behavior.
  _warn_prf(average, modifier, f"{metric.capitalize()} is", result.shape[0])
D:\ProgramData\miniconda3\envs\Paper\Lib\site-packages\sklearn\metrics\_classification.py:1833: UndefinedMetricWarning: Precision is ill-defined and being set to 0.0 in labels with no predicted samples. Use `zero_division` parameter to control this behavior.
  _warn_prf(average, modifier, f"{metric.capitalize()} is", result.shape[0])

Epoch 07/40 | Time 0m38s
  Train | loss=0.5651 | top1=79.70% | top3=96.65%
  Valid | loss=0.5718 | top1=78.85% | top3=96.63% | bal_acc=52.51% | macro_f1=0.5386
✅ Validation improved. Saved best model to isic_resnet50_gcsa_layer2_best.pt (macro_f1=0.5386)
D:\ProgramData\miniconda3\envs\Paper\Lib\site-packages\sklearn\metrics\_classification.py:1833: UndefinedMetricWarning: Precision is ill-defined and being set to 0.0 in labels with no predicted samples. Use `zero_division` parameter to control this behavior.
  _warn_prf(average, modifier, f"{metric.capitalize()} is", result.shape[0])
D:\ProgramData\miniconda3\envs\Paper\Lib\site-packages\sklearn\metrics\_classification.py:1833: UndefinedMetricWarning: Precision is ill-defined and being set to 0.0 in labels with no predicted samples. Use `zero_division` parameter to control this behavior.
  _warn_prf(average, modifier, f"{metric.capitalize()} is", result.shape[0])
D:\ProgramData\miniconda3\envs\Paper\Lib\site-packages\sklearn\metrics\_classification.py:1833: UndefinedMetricWarning: Precision is ill-defined and being set to 0.0 in labels with no predicted samples. Use `zero_division` parameter to control this behavior.
  _warn_prf(average, modifier, f"{metric.capitalize()} is", result.shape[0])

Epoch 08/40 | Time 0m38s
  Train | loss=0.5074 | top1=81.58% | top3=97.05%
  Valid | loss=0.6693 | top1=76.44% | top3=96.03% | bal_acc=39.83% | macro_f1=0.4675
⚠️ No improvement in macro_f1. Bad epochs: 1/10
D:\ProgramData\miniconda3\envs\Paper\Lib\site-packages\sklearn\metrics\_classification.py:1833: UndefinedMetricWarning: Precision is ill-defined and being set to 0.0 in labels with no predicted samples. Use `zero_division` parameter to control this behavior.
  _warn_prf(average, modifier, f"{metric.capitalize()} is", result.shape[0])
D:\ProgramData\miniconda3\envs\Paper\Lib\site-packages\sklearn\metrics\_classification.py:1833: UndefinedMetricWarning: Precision is ill-defined and being set to 0.0 in labels with no predicted samples. Use `zero_division` parameter to control this behavior.
  _warn_prf(average, modifier, f"{metric.capitalize()} is", result.shape[0])
D:\ProgramData\miniconda3\envs\Paper\Lib\site-packages\sklearn\metrics\_classification.py:1833: UndefinedMetricWarning: Precision is ill-defined and being set to 0.0 in labels with no predicted samples. Use `zero_division` parameter to control this behavior.
  _warn_prf(average, modifier, f"{metric.capitalize()} is", result.shape[0])

Epoch 09/40 | Time 0m36s
  Train | loss=0.4700 | top1=83.36% | top3=97.44%
  Valid | loss=0.5128 | top1=81.37% | top3=97.36% | bal_acc=62.17% | macro_f1=0.6051
✅ Validation improved. Saved best model to isic_resnet50_gcsa_layer2_best.pt (macro_f1=0.6051)

Epoch 10/40 | Time 0m36s
  Train | loss=0.4230 | top1=84.52% | top3=98.30%
  Valid | loss=0.5877 | top1=78.97% | top3=97.48% | bal_acc=48.16% | macro_f1=0.5358
⚠️ No improvement in macro_f1. Bad epochs: 1/10

Epoch 11/40 | Time 0m36s
  Train | loss=0.3883 | top1=85.88% | top3=98.66%
  Valid | loss=0.4997 | top1=82.09% | top3=98.32% | bal_acc=61.19% | macro_f1=0.6220
✅ Validation improved. Saved best model to isic_resnet50_gcsa_layer2_best.pt (macro_f1=0.6220)

Epoch 12/40 | Time 0m36s
  Train | loss=0.3501 | top1=86.76% | top3=98.94%
  Valid | loss=0.5152 | top1=82.21% | top3=97.96% | bal_acc=63.32% | macro_f1=0.6612
✅ Validation improved. Saved best model to isic_resnet50_gcsa_layer2_best.pt (macro_f1=0.6612)

Epoch 13/40 | Time 0m36s
  Train | loss=0.2983 | top1=89.05% | top3=99.09%
  Valid | loss=0.5391 | top1=83.41% | top3=97.96% | bal_acc=62.48% | macro_f1=0.6686
✅ Validation improved. Saved best model to isic_resnet50_gcsa_layer2_best.pt (macro_f1=0.6686)

Epoch 14/40 | Time 0m37s
  Train | loss=0.2690 | top1=90.34% | top3=99.29%
  Valid | loss=0.5023 | top1=82.93% | top3=98.32% | bal_acc=64.65% | macro_f1=0.6504
⚠️ No improvement in macro_f1. Bad epochs: 1/10

Epoch 15/40 | Time 0m40s
  Train | loss=0.2347 | top1=91.45% | top3=99.53%
  Valid | loss=0.5508 | top1=82.09% | top3=98.20% | bal_acc=61.35% | macro_f1=0.6407
⚠️ No improvement in macro_f1. Bad epochs: 2/10

Epoch 16/40 | Time 0m37s
  Train | loss=0.2276 | top1=91.71% | top3=99.53%
  Valid | loss=0.4859 | top1=83.65% | top3=98.44% | bal_acc=67.50% | macro_f1=0.6927
✅ Validation improved. Saved best model to isic_resnet50_gcsa_layer2_best.pt (macro_f1=0.6927)

Epoch 17/40 | Time 0m36s
  Train | loss=0.1961 | top1=92.98% | top3=99.59%
  Valid | loss=0.5336 | top1=84.01% | top3=98.08% | bal_acc=69.65% | macro_f1=0.6907
⚠️ No improvement in macro_f1. Bad epochs: 1/10

Epoch 18/40 | Time 0m38s
  Train | loss=0.1588 | top1=94.27% | top3=99.75%
  Valid | loss=0.6095 | top1=81.49% | top3=97.72% | bal_acc=64.67% | macro_f1=0.6919
⚠️ No improvement in macro_f1. Bad epochs: 2/10

Epoch 19/40 | Time 0m37s
  Train | loss=0.1528 | top1=94.57% | top3=99.81%
  Valid | loss=0.5337 | top1=86.18% | top3=98.08% | bal_acc=72.40% | macro_f1=0.7253
✅ Validation improved. Saved best model to isic_resnet50_gcsa_layer2_best.pt (macro_f1=0.7253)

Epoch 20/40 | Time 0m37s
  Train | loss=0.1242 | top1=95.71% | top3=99.82%
  Valid | loss=0.5550 | top1=83.53% | top3=98.68% | bal_acc=70.97% | macro_f1=0.7032
⚠️ No improvement in macro_f1. Bad epochs: 1/10

Epoch 21/40 | Time 0m36s
  Train | loss=0.1186 | top1=95.70% | top3=99.92%
  Valid | loss=0.5515 | top1=84.50% | top3=98.44% | bal_acc=73.25% | macro_f1=0.7435
✅ Validation improved. Saved best model to isic_resnet50_gcsa_layer2_best.pt (macro_f1=0.7435)

Epoch 22/40 | Time 0m36s
  Train | loss=0.1004 | top1=96.46% | top3=99.90%
  Valid | loss=0.6528 | top1=83.41% | top3=98.44% | bal_acc=62.15% | macro_f1=0.6499
⚠️ No improvement in macro_f1. Bad epochs: 1/10

Epoch 23/40 | Time 0m36s
  Train | loss=0.0806 | top1=97.11% | top3=99.94%
  Valid | loss=0.7056 | top1=80.77% | top3=98.32% | bal_acc=63.55% | macro_f1=0.6776
⚠️ No improvement in macro_f1. Bad epochs: 2/10

Epoch 24/40 | Time 0m36s
  Train | loss=0.0759 | top1=97.35% | top3=99.93%
  Valid | loss=0.5510 | top1=83.89% | top3=98.92% | bal_acc=72.20% | macro_f1=0.7376
⚠️ No improvement in macro_f1. Bad epochs: 3/10

Epoch 25/40 | Time 0m36s
  Train | loss=0.0752 | top1=97.40% | top3=99.97%
  Valid | loss=0.5744 | top1=86.18% | top3=98.80% | bal_acc=73.29% | macro_f1=0.7637
✅ Validation improved. Saved best model to isic_resnet50_gcsa_layer2_best.pt (macro_f1=0.7637)

Epoch 26/40 | Time 0m36s
  Train | loss=0.0479 | top1=98.43% | top3=99.97%
  Valid | loss=0.5387 | top1=87.38% | top3=98.68% | bal_acc=68.43% | macro_f1=0.7172
⚠️ No improvement in macro_f1. Bad epochs: 1/10

Epoch 27/40 | Time 0m37s
  Train | loss=0.0504 | top1=98.24% | top3=99.97%
  Valid | loss=0.5525 | top1=86.66% | top3=98.80% | bal_acc=69.62% | macro_f1=0.7132
⚠️ No improvement in macro_f1. Bad epochs: 2/10

Epoch 28/40 | Time 0m36s
  Train | loss=0.0432 | top1=98.67% | top3=100.00%
  Valid | loss=0.5729 | top1=84.62% | top3=98.68% | bal_acc=68.51% | macro_f1=0.7033
⚠️ No improvement in macro_f1. Bad epochs: 3/10

Epoch 29/40 | Time 0m37s
  Train | loss=0.0317 | top1=98.95% | top3=99.99%
  Valid | loss=0.5784 | top1=86.54% | top3=98.44% | bal_acc=73.91% | macro_f1=0.7780
✅ Validation improved. Saved best model to isic_resnet50_gcsa_layer2_best.pt (macro_f1=0.7780)

Epoch 30/40 | Time 0m38s
  Train | loss=0.0317 | top1=99.03% | top3=99.99%
  Valid | loss=0.5747 | top1=84.01% | top3=99.04% | bal_acc=69.37% | macro_f1=0.7417
⚠️ No improvement in macro_f1. Bad epochs: 1/10

Epoch 31/40 | Time 0m37s
  Train | loss=0.0285 | top1=99.14% | top3=100.00%
  Valid | loss=0.5940 | top1=88.46% | top3=98.68% | bal_acc=69.97% | macro_f1=0.7297
⚠️ No improvement in macro_f1. Bad epochs: 2/10

Epoch 32/40 | Time 0m37s
  Train | loss=0.0235 | top1=99.28% | top3=100.00%
  Valid | loss=0.5529 | top1=88.58% | top3=98.80% | bal_acc=72.29% | macro_f1=0.7457
⚠️ No improvement in macro_f1. Bad epochs: 3/10

Epoch 33/40 | Time 0m38s
  Train | loss=0.0212 | top1=99.43% | top3=100.00%
  Valid | loss=0.5495 | top1=88.10% | top3=98.56% | bal_acc=72.58% | macro_f1=0.7493
⚠️ No improvement in macro_f1. Bad epochs: 4/10

Epoch 34/40 | Time 0m37s
  Train | loss=0.0199 | top1=99.45% | top3=100.00%
  Valid | loss=0.5490 | top1=88.10% | top3=99.04% | bal_acc=70.46% | macro_f1=0.7376
⚠️ No improvement in macro_f1. Bad epochs: 5/10

Epoch 35/40 | Time 0m38s
  Train | loss=0.0161 | top1=99.52% | top3=100.00%
  Valid | loss=0.5651 | top1=88.82% | top3=98.80% | bal_acc=69.02% | macro_f1=0.7366
⚠️ No improvement in macro_f1. Bad epochs: 6/10

Epoch 36/40 | Time 0m36s
  Train | loss=0.0149 | top1=99.50% | top3=100.00%
  Valid | loss=0.5581 | top1=88.94% | top3=98.92% | bal_acc=70.60% | macro_f1=0.7429
⚠️ No improvement in macro_f1. Bad epochs: 7/10

Epoch 37/40 | Time 0m36s
  Train | loss=0.0189 | top1=99.38% | top3=100.00%
  Valid | loss=0.5597 | top1=89.06% | top3=98.68% | bal_acc=70.69% | macro_f1=0.7460
⚠️ No improvement in macro_f1. Bad epochs: 8/10

Epoch 38/40 | Time 0m36s
  Train | loss=0.0151 | top1=99.60% | top3=100.00%
  Valid | loss=0.5515 | top1=89.42% | top3=98.80% | bal_acc=73.32% | macro_f1=0.7537
⚠️ No improvement in macro_f1. Bad epochs: 9/10

Epoch 39/40 | Time 0m36s
  Train | loss=0.0124 | top1=99.70% | top3=100.00%
  Valid | loss=0.5437 | top1=88.34% | top3=98.92% | bal_acc=71.31% | macro_f1=0.7434
⚠️ No improvement in macro_f1. Bad epochs: 10/10
⏹️ Early stopping triggered.
🛑 Training stopped early at epoch 39 to prevent overfitting.

Loading best model and evaluating on test set.

Test | loss=0.5950 | top1=86.19% | top3=98.21% | acc=86.17% | bal_acc=72.84% | macro_f1=0.7388 | weighted_f1=0.8576
     ovr_roc_auc_macro=0.9697 | ovr_pr_auc_macro=0.8172

Confusion Matrix:
 [[  49    3    7    1    3    2    0]
 [   4   80    5    3    1    9    1]
 [   5    3  163    3   14   32    0]
 [   2    1    1   15    1    3    0]
 [   7    2   20    2  121   71    0]
 [   6    3   21    5   26 1279    1]
 [   0    3    0    0    0    6   19]]

Classification Report:
               precision    recall  f1-score   support

       akiec     0.6712    0.7538    0.7101        65
         bcc     0.8421    0.7767    0.8081       103
         bkl     0.7512    0.7409    0.7460       220
          df     0.5172    0.6522    0.5769        23
         mel     0.7289    0.5426    0.6221       223
          nv     0.9123    0.9538    0.9326      1341
        vasc     0.9048    0.6786    0.7755        28

    accuracy                         0.8617      2003
   macro avg     0.7611    0.7284    0.7388      2003
weighted avg     0.8581    0.8617    0.8576      2003


ISIC ResNet50 + GCSA (layer2) completed!

✅ 运行完毕: [ResNet50layer2+GCSA.py] | 退出码: 0
🕒 结束于: 2026-03-11 11:14:14.839829
