
------------------------------------------------------------
▶️ 正在运行: 目录 [MRI_GCSA] -> 脚本 [ResNet50layer2+GCSA.py]
📝 日志保存至: logs\MRI_GCSA_ResNet50layer2+GCSA.log
🕒 开始于: 2026-03-11 10:04:25.744276
------------------------------------------------------------
Starting Brain Tumor MRI ResNet50 + GCSA (after layer2)...
Using device: cuda
CUDA device: NVIDIA GeForce RTX 4080 SUPER
Classes: ['glioma_tumor', 'meningioma_tumor', 'no_tumor', 'pituitary_tumor']
Class-to-index: {'glioma_tumor': 0, 'meningioma_tumor': 1, 'no_tumor': 2, 'pituitary_tumor': 3}
Split sizes | train=2439, valid=431, test=394
Training class counts: [702, 698, 336, 703]
Class weights: [0.8685897435897436, 0.873567335243553, 1.8147321428571428, 0.8673541963015647]
Loading pretrained ResNet50 + GCSA...
Trainable parameters: 30,071,748
Starting training...

Epoch 01/30 | Time 0m 33s
  Train | loss=1.2160 | top1=57.38% | top2=79.75%
  Valid | loss=0.8877 | top1=71.79% | top2=87.50% | acc=71.46% | bal_acc=75.20% | macro_f1=0.7086 | weighted_f1=0.7166 | precision_macro=0.7378 | recall_macro=0.7520
         roc_auc=0.9386 | pr_auc=0.8504
✅ Initial best model saved to best_resnet50_gcsa_layer2_brain_mri.pt (macro_f1=0.7086, val_loss=0.8877)

Epoch 02/30 | Time 0m 34s
  Train | loss=0.4726 | top1=81.95% | top2=96.49%
  Valid | loss=0.6112 | top1=73.48% | top2=90.98% | acc=74.01% | bal_acc=77.20% | macro_f1=0.7071 | weighted_f1=0.6878 | precision_macro=0.7956 | recall_macro=0.7720
         roc_auc=0.9585 | pr_auc=0.9085
⚠️ No improvement in metrics. Bad epochs: 1/8

Epoch 03/30 | Time 0m 33s
  Train | loss=0.3527 | top1=86.75% | top2=97.89%
  Valid | loss=0.3432 | top1=89.48% | top2=98.88% | acc=89.33% | bal_acc=87.39% | macro_f1=0.8877 | weighted_f1=0.8940 | precision_macro=0.9120 | recall_macro=0.8739
         roc_auc=0.9792 | pr_auc=0.9480
✅ Validation macro_f1 improved. Saved model to best_resnet50_gcsa_layer2_brain_mri.pt (macro_f1=0.8877, val_loss=0.3432)

Epoch 04/30 | Time 0m 34s
  Train | loss=0.2354 | top1=91.13% | top2=98.99%
  Valid | loss=0.2558 | top1=90.54% | top2=99.08% | acc=90.95% | bal_acc=91.25% | macro_f1=0.9099 | weighted_f1=0.9100 | precision_macro=0.9107 | recall_macro=0.9125
         roc_auc=0.9890 | pr_auc=0.9730
✅ Validation macro_f1 improved. Saved model to best_resnet50_gcsa_layer2_brain_mri.pt (macro_f1=0.9099, val_loss=0.2558)

Epoch 05/30 | Time 0m 33s
  Train | loss=0.1882 | top1=92.86% | top2=99.03%
  Valid | loss=0.3101 | top1=93.27% | top2=99.11% | acc=93.27% | bal_acc=93.71% | macro_f1=0.9267 | weighted_f1=0.9332 | precision_macro=0.9201 | recall_macro=0.9371
         roc_auc=0.9821 | pr_auc=0.9600
✅ Validation macro_f1 improved. Saved model to best_resnet50_gcsa_layer2_brain_mri.pt (macro_f1=0.9267, val_loss=0.3101)

Epoch 06/30 | Time 0m 34s
  Train | loss=0.1374 | top1=94.56% | top2=99.27%
  Valid | loss=0.1318 | top1=94.84% | top2=99.55% | acc=94.90% | bal_acc=95.12% | macro_f1=0.9513 | weighted_f1=0.9490 | precision_macro=0.9520 | recall_macro=0.9512
         roc_auc=0.9967 | pr_auc=0.9926
✅ Validation macro_f1 improved. Saved model to best_resnet50_gcsa_layer2_brain_mri.pt (macro_f1=0.9513, val_loss=0.1318)

Epoch 07/30 | Time 0m 35s
  Train | loss=0.1371 | top1=95.16% | top2=99.18%
  Valid | loss=0.1023 | top1=95.73% | top2=99.78% | acc=95.82% | bal_acc=96.37% | macro_f1=0.9563 | weighted_f1=0.9581 | precision_macro=0.9511 | recall_macro=0.9637
         roc_auc=0.9976 | pr_auc=0.9934
✅ Validation macro_f1 improved. Saved model to best_resnet50_gcsa_layer2_brain_mri.pt (macro_f1=0.9563, val_loss=0.1023)

Epoch 08/30 | Time 0m 34s
  Train | loss=0.0994 | top1=96.08% | top2=99.51%
  Valid | loss=0.2231 | top1=90.60% | top2=98.66% | acc=90.49% | bal_acc=91.29% | macro_f1=0.9091 | weighted_f1=0.9042 | precision_macro=0.9191 | recall_macro=0.9129
         roc_auc=0.9960 | pr_auc=0.9901
⚠️ No improvement in metrics. Bad epochs: 1/8

Epoch 09/30 | Time 0m 33s
  Train | loss=0.0849 | top1=96.51% | top2=99.63%
  Valid | loss=0.1122 | top1=95.54% | top2=99.55% | acc=95.36% | bal_acc=95.75% | macro_f1=0.9573 | weighted_f1=0.9535 | precision_macro=0.9607 | recall_macro=0.9575
         roc_auc=0.9984 | pr_auc=0.9967
✅ Validation macro_f1 improved. Saved model to best_resnet50_gcsa_layer2_brain_mri.pt (macro_f1=0.9573, val_loss=0.1122)

Epoch 10/30 | Time 0m 34s
  Train | loss=0.0515 | top1=98.13% | top2=99.84%
  Valid | loss=0.1449 | top1=95.76% | top2=99.78% | acc=95.59% | bal_acc=96.17% | macro_f1=0.9606 | weighted_f1=0.9559 | precision_macro=0.9621 | recall_macro=0.9617
         roc_auc=0.9957 | pr_auc=0.9919
✅ Validation macro_f1 improved. Saved model to best_resnet50_gcsa_layer2_brain_mri.pt (macro_f1=0.9606, val_loss=0.1449)

Epoch 11/30 | Time 0m 36s
  Train | loss=0.0382 | top1=98.52% | top2=99.92%
  Valid | loss=0.0769 | top1=96.62% | top2=100.00% | acc=96.75% | bal_acc=97.18% | macro_f1=0.9706 | weighted_f1=0.9675 | precision_macro=0.9699 | recall_macro=0.9718
         roc_auc=0.9987 | pr_auc=0.9971
✅ Validation macro_f1 improved. Saved model to best_resnet50_gcsa_layer2_brain_mri.pt (macro_f1=0.9706, val_loss=0.0769)

Epoch 12/30 | Time 0m 36s
  Train | loss=0.0432 | top1=98.46% | top2=99.96%
  Valid | loss=0.2129 | top1=93.69% | top2=99.55% | acc=93.97% | bal_acc=94.54% | macro_f1=0.9454 | weighted_f1=0.9397 | precision_macro=0.9490 | recall_macro=0.9454
         roc_auc=0.9945 | pr_auc=0.9871
⚠️ No improvement in metrics. Bad epochs: 1/8

Epoch 13/30 | Time 0m 34s
  Train | loss=0.0299 | top1=98.88% | top2=100.00%
  Valid | loss=0.0903 | top1=96.82% | top2=99.55% | acc=97.22% | bal_acc=97.58% | macro_f1=0.9758 | weighted_f1=0.9721 | precision_macro=0.9766 | recall_macro=0.9758
         roc_auc=0.9979 | pr_auc=0.9964
✅ Validation macro_f1 improved. Saved model to best_resnet50_gcsa_layer2_brain_mri.pt (macro_f1=0.9758, val_loss=0.0903)

Epoch 14/30 | Time 0m 34s
  Train | loss=0.0429 | top1=98.50% | top2=99.92%
  Valid | loss=0.1149 | top1=96.40% | top2=99.78% | acc=96.52% | bal_acc=96.75% | macro_f1=0.9663 | weighted_f1=0.9651 | precision_macro=0.9669 | recall_macro=0.9675
         roc_auc=0.9979 | pr_auc=0.9956
⚠️ No improvement in metrics. Bad epochs: 1/8

Epoch 15/30 | Time 0m 34s
  Train | loss=0.0141 | top1=99.43% | top2=99.96%
  Valid | loss=0.0790 | top1=97.74% | top2=99.78% | acc=97.91% | bal_acc=98.19% | macro_f1=0.9796 | weighted_f1=0.9791 | precision_macro=0.9780 | recall_macro=0.9819
         roc_auc=0.9988 | pr_auc=0.9973
✅ Validation macro_f1 improved. Saved model to best_resnet50_gcsa_layer2_brain_mri.pt (macro_f1=0.9796, val_loss=0.0790)

Epoch 16/30 | Time 0m 34s
  Train | loss=0.0098 | top1=99.63% | top2=100.00%
  Valid | loss=0.0403 | top1=98.44% | top2=99.78% | acc=98.38% | bal_acc=98.59% | macro_f1=0.9847 | weighted_f1=0.9837 | precision_macro=0.9841 | recall_macro=0.9859
         roc_auc=0.9997 | pr_auc=0.9992
✅ Validation macro_f1 improved. Saved model to best_resnet50_gcsa_layer2_brain_mri.pt (macro_f1=0.9847, val_loss=0.0403)

Epoch 17/30 | Time 0m 35s
  Train | loss=0.0134 | top1=99.63% | top2=99.96%
  Valid | loss=0.0557 | top1=98.21% | top2=99.78% | acc=98.14% | bal_acc=98.39% | macro_f1=0.9817 | weighted_f1=0.9814 | precision_macro=0.9799 | recall_macro=0.9839
         roc_auc=0.9994 | pr_auc=0.9982
⚠️ No improvement in metrics. Bad epochs: 1/8

Epoch 18/30 | Time 0m 35s
  Train | loss=0.0062 | top1=99.80% | top2=100.00%
  Valid | loss=0.1058 | top1=97.54% | top2=99.78% | acc=97.45% | bal_acc=97.78% | macro_f1=0.9735 | weighted_f1=0.9744 | precision_macro=0.9705 | recall_macro=0.9778
         roc_auc=0.9967 | pr_auc=0.9940
⚠️ No improvement in metrics. Bad epochs: 2/8

Epoch 19/30 | Time 0m 34s
  Train | loss=0.0083 | top1=99.72% | top2=100.00%
  Valid | loss=0.0734 | top1=97.99% | top2=99.78% | acc=97.91% | bal_acc=98.19% | macro_f1=0.9808 | weighted_f1=0.9791 | precision_macro=0.9799 | recall_macro=0.9819
         roc_auc=0.9990 | pr_auc=0.9975
⚠️ No improvement in metrics. Bad epochs: 3/8

Epoch 20/30 | Time 0m 35s
  Train | loss=0.0056 | top1=99.84% | top2=100.00%
  Valid | loss=0.0659 | top1=97.54% | top2=99.78% | acc=97.45% | bal_acc=97.78% | macro_f1=0.9757 | weighted_f1=0.9745 | precision_macro=0.9738 | recall_macro=0.9778
         roc_auc=0.9992 | pr_auc=0.9977
⚠️ No improvement in metrics. Bad epochs: 4/8

Epoch 21/30 | Time 0m 35s
  Train | loss=0.0138 | top1=99.57% | top2=99.81%
  Valid | loss=0.0638 | top1=97.99% | top2=99.78% | acc=97.91% | bal_acc=98.19% | macro_f1=0.9775 | weighted_f1=0.9791 | precision_macro=0.9740 | recall_macro=0.9819
         roc_auc=0.9991 | pr_auc=0.9970
⚠️ No improvement in metrics. Bad epochs: 5/8

Epoch 22/30 | Time 0m 32s
  Train | loss=0.0057 | top1=99.84% | top2=100.00%
  Valid | loss=0.0535 | top1=97.77% | top2=99.78% | acc=97.68% | bal_acc=97.98% | macro_f1=0.9765 | weighted_f1=0.9767 | precision_macro=0.9737 | recall_macro=0.9798
         roc_auc=0.9993 | pr_auc=0.9983
⚠️ No improvement in metrics. Bad epochs: 6/8

Epoch 23/30 | Time 0m 33s
  Train | loss=0.0037 | top1=99.88% | top2=100.00%
  Valid | loss=0.0512 | top1=98.21% | top2=99.78% | acc=98.14% | bal_acc=98.39% | macro_f1=0.9816 | weighted_f1=0.9814 | precision_macro=0.9798 | recall_macro=0.9839
         roc_auc=0.9994 | pr_auc=0.9985
⚠️ No improvement in metrics. Bad epochs: 7/8

Epoch 24/30 | Time 0m 34s
  Train | loss=0.0024 | top1=99.96% | top2=100.00%
  Valid | loss=0.0594 | top1=98.44% | top2=99.78% | acc=98.38% | bal_acc=98.59% | macro_f1=0.9837 | weighted_f1=0.9837 | precision_macro=0.9818 | recall_macro=0.9859
         roc_auc=0.9993 | pr_auc=0.9984
⚠️ No improvement in metrics. Bad epochs: 8/8
⏹️ Early stopping triggered.
🛑 Training stopped early at epoch 24.

Loading best model and evaluating on test set...

Test | loss=1.3091 | top1=79.81% | top2=87.02% | acc=78.68% | bal_acc=77.80% | macro_f1=0.7576 | weighted_f1=0.7547 | precision_macro=0.8505 | recall_macro=0.7780
     roc_auc=0.9610 | pr_auc=0.9221

Confusion Matrix:
[[ 31  34  32   3]
 [  0 114   0   1]
 [  0   0 105   0]
 [  0   6   8  60]]

Classification Report:
                  precision    recall  f1-score   support

    glioma_tumor     1.0000    0.3100    0.4733       100
meningioma_tumor     0.7403    0.9913    0.8476       115
        no_tumor     0.7241    1.0000    0.8400       105
 pituitary_tumor     0.9375    0.8108    0.8696        74

        accuracy                         0.7868       394
       macro avg     0.8505    0.7780    0.7576       394
    weighted avg     0.8389    0.7868    0.7547       394


Brain Tumor MRI ResNet50 + GCSA completed!

✅ 运行完毕: [ResNet50layer2+GCSA.py] | 退出码: 0
🕒 结束于: 2026-03-11 10:18:36.330730
