
------------------------------------------------------------
▶️ 正在运行: 目录 [MRI_MECS] -> 脚本 [ResNet_layer2+MECS.py]
📝 日志保存至: logs\MRI_MECS_ResNet_layer2+MECS.log
🕒 开始于: 2026-03-16 19:38:03.262979
------------------------------------------------------------
Starting Brain Tumor MRI ResNet50 + MECS (after layer2)...
Using device: cuda
CUDA device: NVIDIA GeForce RTX 4080 SUPER
Classes: ['glioma_tumor', 'meningioma_tumor', 'no_tumor', 'pituitary_tumor']
Class-to-index: {'glioma_tumor': 0, 'meningioma_tumor': 1, 'no_tumor': 2, 'pituitary_tumor': 3}
Split sizes | train=2439, valid=431, test=394
Training class counts: [702, 698, 336, 703]
Class weights: [0.8685897435897436, 0.873567335243553, 1.8147321428571428, 0.8673541963015647]
Loading pretrained ResNet50 + MECS...
Trainable parameters: 24,492,228
Starting training...

Epoch 01/30 | Time 0m 36s
  Train | loss=1.2897 | top1=46.12% | top2=72.23%
  Valid | loss=1.0664 | top1=74.46% | top2=91.68% | acc=74.25% | bal_acc=76.07% | macro_f1=0.7418 | weighted_f1=0.7408 | precision_macro=0.7433 | recall_macro=0.7607
         roc_auc=0.9058 | pr_auc=0.7660
✅ Initial best model saved to best_resnet50_mecs_layer2_brain_mri.pt (macro_f1=0.7418, val_loss=1.0664)

Epoch 02/30 | Time 0m 34s
  Train | loss=0.5712 | top1=79.66% | top2=96.36%
  Valid | loss=1.0561 | top1=57.41% | top2=72.96% | acc=57.31% | bal_acc=61.35% | macro_f1=0.5260 | weighted_f1=0.4847 | precision_macro=0.7142 | recall_macro=0.6135
         roc_auc=0.9315 | pr_auc=0.8423
⚠️ No improvement in metrics. Bad epochs: 1/8

Epoch 03/30 | Time 0m 34s
  Train | loss=0.3355 | top1=86.89% | top2=98.01%
  Valid | loss=0.3822 | top1=84.76% | top2=98.21% | acc=84.69% | bal_acc=84.03% | macro_f1=0.8487 | weighted_f1=0.8478 | precision_macro=0.8721 | recall_macro=0.8403
         roc_auc=0.9813 | pr_auc=0.9516
✅ Validation macro_f1 improved. Saved model to best_resnet50_mecs_layer2_brain_mri.pt (macro_f1=0.8487, val_loss=0.3822)

Epoch 04/30 | Time 0m 35s
  Train | loss=0.2383 | top1=90.99% | top2=98.90%
  Valid | loss=0.1559 | top1=95.51% | top2=99.11% | acc=95.59% | bal_acc=96.17% | macro_f1=0.9584 | weighted_f1=0.9559 | precision_macro=0.9556 | recall_macro=0.9617
         roc_auc=0.9967 | pr_auc=0.9926
✅ Validation macro_f1 improved. Saved model to best_resnet50_mecs_layer2_brain_mri.pt (macro_f1=0.9584, val_loss=0.1559)

Epoch 05/30 | Time 0m 34s
  Train | loss=0.1649 | top1=93.77% | top2=99.04%
  Valid | loss=0.1905 | top1=92.60% | top2=98.88% | acc=92.58% | bal_acc=93.55% | macro_f1=0.9181 | weighted_f1=0.9267 | precision_macro=0.9124 | recall_macro=0.9355
         roc_auc=0.9960 | pr_auc=0.9840
⚠️ No improvement in metrics. Bad epochs: 1/8

Epoch 06/30 | Time 0m 35s
  Train | loss=0.1476 | top1=94.32% | top2=99.39%
  Valid | loss=0.1238 | top1=93.91% | top2=99.55% | acc=94.20% | bal_acc=94.96% | macro_f1=0.9414 | weighted_f1=0.9422 | precision_macro=0.9369 | recall_macro=0.9496
         roc_auc=0.9976 | pr_auc=0.9949
⚠️ No improvement in metrics. Bad epochs: 2/8

Epoch 07/30 | Time 0m 34s
  Train | loss=0.0917 | top1=96.67% | top2=99.88%
  Valid | loss=0.1270 | top1=95.25% | top2=99.55% | acc=95.59% | bal_acc=96.17% | macro_f1=0.9542 | weighted_f1=0.9557 | precision_macro=0.9498 | recall_macro=0.9617
         roc_auc=0.9976 | pr_auc=0.9944
⚠️ No improvement in metrics. Bad epochs: 3/8

Epoch 08/30 | Time 0m 34s
  Train | loss=0.0761 | top1=97.56% | top2=99.88%
  Valid | loss=0.2785 | top1=90.09% | top2=96.59% | acc=90.49% | bal_acc=90.62% | macro_f1=0.8929 | weighted_f1=0.9079 | precision_macro=0.8889 | recall_macro=0.9062
         roc_auc=0.9895 | pr_auc=0.9596
⚠️ No improvement in metrics. Bad epochs: 4/8

Epoch 09/30 | Time 0m 35s
  Train | loss=0.1048 | top1=96.79% | top2=99.55%
  Valid | loss=0.0809 | top1=96.59% | top2=99.78% | acc=96.98% | bal_acc=97.38% | macro_f1=0.9705 | weighted_f1=0.9698 | precision_macro=0.9681 | recall_macro=0.9738
         roc_auc=0.9990 | pr_auc=0.9976
✅ Validation macro_f1 improved. Saved model to best_resnet50_mecs_layer2_brain_mri.pt (macro_f1=0.9705, val_loss=0.0809)

Epoch 10/30 | Time 0m 35s
  Train | loss=0.0660 | top1=97.73% | top2=99.88%
  Valid | loss=0.3598 | top1=85.46% | top2=96.65% | acc=85.15% | bal_acc=86.87% | macro_f1=0.8308 | weighted_f1=0.8488 | precision_macro=0.8566 | recall_macro=0.8687
         roc_auc=0.9944 | pr_auc=0.9734
⚠️ No improvement in metrics. Bad epochs: 1/8

Epoch 11/30 | Time 0m 34s
  Train | loss=0.0520 | top1=98.17% | top2=99.84%
  Valid | loss=0.0683 | top1=97.29% | top2=99.78% | acc=97.45% | bal_acc=97.34% | macro_f1=0.9724 | weighted_f1=0.9745 | precision_macro=0.9715 | recall_macro=0.9734
         roc_auc=0.9992 | pr_auc=0.9968
✅ Validation macro_f1 improved. Saved model to best_resnet50_mecs_layer2_brain_mri.pt (macro_f1=0.9724, val_loss=0.0683)

Epoch 12/30 | Time 0m 34s
  Train | loss=0.0360 | top1=98.78% | top2=99.92%
  Valid | loss=0.1303 | top1=95.92% | top2=99.33% | acc=96.29% | bal_acc=96.77% | macro_f1=0.9635 | weighted_f1=0.9629 | precision_macro=0.9606 | recall_macro=0.9677
         roc_auc=0.9981 | pr_auc=0.9961
⚠️ No improvement in metrics. Bad epochs: 1/8

Epoch 13/30 | Time 0m 33s
  Train | loss=0.0458 | top1=98.43% | top2=99.76%
  Valid | loss=0.0506 | top1=98.88% | top2=100.00% | acc=98.84% | bal_acc=98.77% | macro_f1=0.9867 | weighted_f1=0.9884 | precision_macro=0.9857 | recall_macro=0.9877
         roc_auc=0.9996 | pr_auc=0.9987
✅ Validation macro_f1 improved. Saved model to best_resnet50_mecs_layer2_brain_mri.pt (macro_f1=0.9867, val_loss=0.0506)

Epoch 14/30 | Time 0m 34s
  Train | loss=0.0597 | top1=97.81% | top2=99.80%
  Valid | loss=0.0893 | top1=97.07% | top2=99.55% | acc=97.22% | bal_acc=97.58% | macro_f1=0.9724 | weighted_f1=0.9720 | precision_macro=0.9698 | recall_macro=0.9758
         roc_auc=0.9984 | pr_auc=0.9962
⚠️ No improvement in metrics. Bad epochs: 1/8

Epoch 15/30 | Time 0m 32s
  Train | loss=0.0318 | top1=99.19% | top2=99.96%
  Valid | loss=0.1170 | top1=97.07% | top2=99.78% | acc=97.22% | bal_acc=97.58% | macro_f1=0.9736 | weighted_f1=0.9721 | precision_macro=0.9723 | recall_macro=0.9758
         roc_auc=0.9981 | pr_auc=0.9954
⚠️ No improvement in metrics. Bad epochs: 2/8

Epoch 16/30 | Time 0m 33s
  Train | loss=0.0227 | top1=99.35% | top2=99.92%
  Valid | loss=0.0682 | top1=97.29% | top2=99.55% | acc=97.45% | bal_acc=97.34% | macro_f1=0.9745 | weighted_f1=0.9745 | precision_macro=0.9756 | recall_macro=0.9734
         roc_auc=0.9990 | pr_auc=0.9967
⚠️ No improvement in metrics. Bad epochs: 3/8

Epoch 17/30 | Time 0m 33s
  Train | loss=0.0157 | top1=99.43% | top2=99.96%
  Valid | loss=0.0851 | top1=97.07% | top2=99.78% | acc=97.22% | bal_acc=97.36% | macro_f1=0.9736 | weighted_f1=0.9722 | precision_macro=0.9738 | recall_macro=0.9736
         roc_auc=0.9984 | pr_auc=0.9963
⚠️ No improvement in metrics. Bad epochs: 4/8

Epoch 18/30 | Time 0m 33s
  Train | loss=0.0114 | top1=99.63% | top2=100.00%
  Valid | loss=0.0599 | top1=98.21% | top2=99.78% | acc=98.14% | bal_acc=98.16% | macro_f1=0.9806 | weighted_f1=0.9815 | precision_macro=0.9796 | recall_macro=0.9816
         roc_auc=0.9994 | pr_auc=0.9980
⚠️ No improvement in metrics. Bad epochs: 5/8

Epoch 19/30 | Time 0m 33s
  Train | loss=0.0070 | top1=99.76% | top2=100.00%
  Valid | loss=0.0650 | top1=97.74% | top2=99.78% | acc=97.91% | bal_acc=97.96% | macro_f1=0.9786 | weighted_f1=0.9791 | precision_macro=0.9776 | recall_macro=0.9796
         roc_auc=0.9994 | pr_auc=0.9980
⚠️ No improvement in metrics. Bad epochs: 6/8

Epoch 20/30 | Time 0m 34s
  Train | loss=0.0133 | top1=99.65% | top2=100.00%
  Valid | loss=0.0748 | top1=97.96% | top2=99.78% | acc=98.14% | bal_acc=98.16% | macro_f1=0.9816 | weighted_f1=0.9814 | precision_macro=0.9817 | recall_macro=0.9816
         roc_auc=0.9995 | pr_auc=0.9985
⚠️ No improvement in metrics. Bad epochs: 7/8

Epoch 21/30 | Time 0m 32s
  Train | loss=0.0123 | top1=99.63% | top2=100.00%
  Valid | loss=0.0445 | top1=98.44% | top2=100.00% | acc=98.38% | bal_acc=98.14% | macro_f1=0.9805 | weighted_f1=0.9838 | precision_macro=0.9796 | recall_macro=0.9814
         roc_auc=0.9997 | pr_auc=0.9989
⚠️ No improvement in metrics. Bad epochs: 8/8
⏹️ Early stopping triggered.
🛑 Training stopped early at epoch 21.

Loading best model and evaluating on test set...

Test | loss=1.3415 | top1=77.64% | top2=81.25% | acc=76.40% | bal_acc=75.94% | macro_f1=0.7225 | weighted_f1=0.7137 | precision_macro=0.8507 | recall_macro=0.7594
     roc_auc=0.9491 | pr_auc=0.8883

Confusion Matrix:
[[ 19  47  34   0]
 [  0 113   2   0]
 [  0   0 105   0]
 [  0   3   7  64]]

Classification Report:
                  precision    recall  f1-score   support

    glioma_tumor     1.0000    0.1900    0.3193       100
meningioma_tumor     0.6933    0.9826    0.8129       115
        no_tumor     0.7095    1.0000    0.8300       105
 pituitary_tumor     1.0000    0.8649    0.9275        74

        accuracy                         0.7640       394
       macro avg     0.8507    0.7594    0.7225       394
    weighted avg     0.8330    0.7640    0.7137       394


Brain Tumor MRI ResNet50 + MECS completed!

✅ 运行完毕: [ResNet_layer2+MECS.py] | 退出码: 0
🕒 结束于: 2026-03-16 19:50:22.294535
