
====================================================================================================
RUN SCRIPT: ResNet_baseline.py
LOSSES: default
START TIME: 2026-03-25T20:54:25
LOG FILE: E:\Paper\Computer-Vision-for-Medicine\HAM10000_Loss\batch_logs\ResNet_baseline_20260325_205425.log
====================================================================================================
==========================================================================================
Script: ResNet_baseline
Module: Baseline | Insert after: none
Device: cuda
CUDA: NVIDIA GeForce RTX 4080 SUPER
Data dir: E:\Paper\Computer-Vision-for-Medicine\ISIC
Config | batch_size=16, epochs=60, num_workers=2, image_size=224, base_lr=0.0001, patience=15
Losses to run: ['ce', 'cb_focal_ce', 'ordinal_focal_mse', 'sce', 'gce', 'dast', 'pcol', 'aom']
==========================================================================================
Split sizes | train=7210, valid=802, test=2003
Classes (7): ['akiec', 'bcc', 'bkl', 'df', 'mel', 'nv', 'vasc']
Train class counts: [262, 411, 879, 92, 890, 5364, 114]
Loading torchvision ResNet50 pretrained weights once...
Pretrained state keys: 320

##########################################################################################
Starting loss: ce
##########################################################################################
Model params: 23,522,375 | pretrained loaded: 320/320 | feat_dim=2048
Criterion: CrossEntropyLoss
Criterion trainable params: 0
