
====================================================================================================
RUN SCRIPT: ResNet_layer3+MDFA.py
LOSSES: ce
START TIME: 2026-03-25T18:44:28
LOG FILE: E:\Paper\Computer-Vision-for-Medicine\HAM10000_Loss\batch_logs\ResNet_layer3+MDFA_20260325_184428.log
====================================================================================================
==========================================================================================
Script: ResNet_layer3+MDFA
Module: MDFA | Insert after: layer3
Device: cuda
CUDA: NVIDIA GeForce RTX 4080 SUPER
Data dir: E:\Paper\Computer-Vision-for-Medicine\ISIC
Config | batch_size=16, epochs=60, num_workers=2, image_size=224, base_lr=0.0001, patience=10
Losses to run: ['ce']
==========================================================================================
Split sizes | train=7210, valid=802, test=2003
Classes (7): ['akiec', 'bcc', 'bkl', 'df', 'mel', 'nv', 'vasc']
Train class counts: [262, 411, 879, 92, 890, 5364, 114]
Loading torchvision ResNet50 pretrained weights once...
Pretrained state keys: 320

##########################################################################################
Starting loss: ce
##########################################################################################
Model params: 85,408,328 | pretrained loaded: 320/361 | feat_dim=2048
Criterion: CrossEntropyLoss
Criterion trainable params: 0
Epoch 01/60 | Time 0m43s
  Train | loss=1.6579 | top1=57.97% | top3=79.85%
  Valid | loss=1.3724 | top1=67.52% | top3=87.01% | acc=67.83% | bal_acc=17.98% | macro_f1=0.1723 | weighted_f1=0.5873 | precision_macro=0.2478 | recall_macro=0.1798 | qwk=0.2362 | mae=0.7768
        ovr_roc_auc_macro=0.7402 | ovr_pr_auc_macro=0.2429
  -> best macro_f1 updated to 0.1723 (epoch 1)
Epoch 02/60 | Time 0m41s
  Train | loss=1.0444 | top1=67.69% | top3=89.14%
  Valid | loss=0.9373 | top1=67.40% | top3=88.24% | acc=67.71% | bal_acc=15.40% | macro_f1=0.1349 | weighted_f1=0.5583 | precision_macro=0.1533 | recall_macro=0.1540 | qwk=0.0938 | mae=0.8080
        ovr_roc_auc_macro=0.8053 | ovr_pr_auc_macro=0.2868
