
====================================================================================================
RUN SCRIPT: ResNet_layer3+MDFA.py
LOSSES: ce
START TIME: 2026-03-25T18:13:49
LOG FILE: E:\Paper\Computer-Vision-for-Medicine\HAM10000_Loss\batch_logs\ResNet_layer3+MDFA_20260325_181349.log
====================================================================================================
==========================================================================================
Script: ResNet_layer3+MDFA
Module: MDFA | Insert after: layer3
Device: cuda
CUDA: NVIDIA GeForce RTX 4080 SUPER
Data dir: E:\Paper\Computer-Vision-for-Medicine\ISIC
Config | batch_size=64, epochs=60, num_workers=2, image_size=224, base_lr=0.0001, patience=15
Losses to run: ['ce']
==========================================================================================
Split sizes | train=7210, valid=802, test=2003
Classes (7): ['akiec', 'bcc', 'bkl', 'df', 'mel', 'nv', 'vasc']
Train class counts: [262, 411, 879, 92, 890, 5364, 114]
Loading torchvision ResNet50 pretrained weights once...
Pretrained state keys: 320

##########################################################################################
Starting loss: ce
##########################################################################################
Model params: 85,408,328 | pretrained loaded: 320/361 | feat_dim=2048
Criterion: CrossEntropyLoss
Criterion trainable params: 0
Epoch 01/60 | Time 0m40s
  Train | loss=1.8726 | top1=40.89% | top3=69.60%
  Valid | loss=1.7986 | top1=62.67% | top3=83.23% | acc=62.59% | bal_acc=22.97% | macro_f1=0.2209 | weighted_f1=0.5926 | precision_macro=0.2388 | recall_macro=0.2297 | qwk=0.2621 | mae=0.9601
        ovr_roc_auc_macro=0.6385 | ovr_pr_auc_macro=0.2087
  -> best macro_f1 updated to 0.2209 (epoch 1)
Epoch 02/60 | Time 0m41s
  Train | loss=1.5511 | top1=66.25% | top3=84.28%
  Valid | loss=1.3337 | top1=68.41% | top3=85.65% | acc=68.33% | bal_acc=19.01% | macro_f1=0.1861 | weighted_f1=0.5997 | precision_macro=0.2363 | recall_macro=0.1901 | qwk=0.3240 | mae=0.7369
        ovr_roc_auc_macro=0.7426 | ovr_pr_auc_macro=0.2499
Epoch 03/60 | Time 0m41s
  Train | loss=1.1056 | top1=67.68% | top3=88.09%
  Valid | loss=0.9858 | top1=67.92% | top3=88.55% | acc=67.71% | bal_acc=15.67% | macro_f1=0.1399 | weighted_f1=0.5639 | precision_macro=0.1749 | recall_macro=0.1567 | qwk=0.1230 | mae=0.8005
        ovr_roc_auc_macro=0.7837 | ovr_pr_auc_macro=0.2713
Epoch 04/60 | Time 0m40s
  Train | loss=0.9046 | top1=67.65% | top3=89.38%
  Valid | loss=0.8538 | top1=68.40% | top3=88.91% | acc=68.20% | bal_acc=16.04% | macro_f1=0.1462 | weighted_f1=0.5736 | precision_macro=0.1815 | recall_macro=0.1604 | qwk=0.1771 | mae=0.7718
        ovr_roc_auc_macro=0.8299 | ovr_pr_auc_macro=0.3004
