==========================================================================================
Script: ResNet_layer2+MDFA
Module: MDFA | Insert after: layer2
Device: cuda
CUDA: NVIDIA GeForce RTX 4080 SUPER
Train dir: E:\Paper\Computer-Vision-for-Medicine\Brain_Tumor_MRI\Training
Test dir : E:\Paper\Computer-Vision-for-Medicine\Brain_Tumor_MRI\Testing
Config | batch_size=64, epochs=50, num_workers=0, image_size=224, base_lr=0.001, val_ratio=0.1, patience=10
Losses to run: ['ce', 'cb_focal_ce', 'ordinal_focal_mse', 'sce', 'gce', 'dast', 'pcol', 'aom']
==========================================================================================
Split sizes | train=5040, valid=560, test=1600
Classes (4): ['glioma', 'meningioma', 'notumor', 'pituitary']
Train class counts: [1260, 1260, 1260, 1260]
Loading torchvision ResNet50 pretrained weights once...
Pretrained state keys: 320

##########################################################################################
Starting loss: ce
##########################################################################################
Model params: 38,992,709 | pretrained loaded: 320/361 | feat_dim=2048
Criterion: CrossEntropyLoss
Criterion trainable params: 0
Epoch 01/50 | Time 0m38s
  Train | loss=1.0987 | top1=64.08% | top2=83.64%
  Valid | loss=0.6697 | top1=86.05% | top2=95.54% | acc=86.07% | bal_acc=86.07% | macro_f1=0.8607 | weighted_f1=0.8607 | precision_macro=0.8623 | recall_macro=0.8607
        ovr_roc_auc_macro=0.9578 | ovr_pr_auc_macro=0.8931
  -> best macro_f1 updated to 0.8607 (epoch 1, val_loss=0.6697)
Epoch 02/50 | Time 0m37s
  Train | loss=0.3696 | top1=87.97% | top2=98.02%
  Valid | loss=0.3581 | top1=88.89% | top2=98.73% | acc=89.11% | bal_acc=89.11% | macro_f1=0.8923 | weighted_f1=0.8923 | precision_macro=0.9042 | recall_macro=0.8911
        ovr_roc_auc_macro=0.9819 | ovr_pr_auc_macro=0.9553
  -> best macro_f1 updated to 0.8923 (epoch 2, val_loss=0.3581)
Epoch 03/50 | Time 0m37s
  Train | loss=0.2708 | top1=89.62% | top2=99.13%
  Valid | loss=0.6221 | top1=77.31% | top2=94.10% | acc=77.32% | bal_acc=77.32% | macro_f1=0.7678 | weighted_f1=0.7678 | precision_macro=0.8018 | recall_macro=0.7732
        ovr_roc_auc_macro=0.9521 | ovr_pr_auc_macro=0.8874
Epoch 04/50 | Time 0m37s
  Train | loss=0.2460 | top1=91.34% | top2=99.04%
  Valid | loss=0.3118 | top1=88.37% | top2=98.38% | acc=88.39% | bal_acc=88.39% | macro_f1=0.8852 | weighted_f1=0.8852 | precision_macro=0.8994 | recall_macro=0.8839
        ovr_roc_auc_macro=0.9851 | ovr_pr_auc_macro=0.9561
Epoch 05/50 | Time 0m36s
  Train | loss=0.1935 | top1=92.95% | top2=99.47%
  Valid | loss=0.5638 | top1=82.29% | top2=94.16% | acc=82.32% | bal_acc=82.32% | macro_f1=0.8124 | weighted_f1=0.8124 | precision_macro=0.8551 | recall_macro=0.8232
        ovr_roc_auc_macro=0.9812 | ovr_pr_auc_macro=0.9577
Epoch 06/50 | Time 0m36s
  Train | loss=0.1262 | top1=95.21% | top2=99.60%
  Valid | loss=0.2443 | top1=92.94% | top2=99.07% | acc=92.86% | bal_acc=92.86% | macro_f1=0.9287 | weighted_f1=0.9287 | precision_macro=0.9342 | recall_macro=0.9286
        ovr_roc_auc_macro=0.9897 | ovr_pr_auc_macro=0.9816
  -> best macro_f1 updated to 0.9287 (epoch 6, val_loss=0.2443)
Epoch 07/50 | Time 0m37s
  Train | loss=0.0818 | top1=97.15% | top2=99.70%
  Valid | loss=0.1945 | top1=93.40% | top2=99.25% | acc=93.39% | bal_acc=93.39% | macro_f1=0.9343 | weighted_f1=0.9343 | precision_macro=0.9391 | recall_macro=0.9339
        ovr_roc_auc_macro=0.9957 | ovr_pr_auc_macro=0.9895
  -> best macro_f1 updated to 0.9343 (epoch 7, val_loss=0.1945)
Epoch 08/50 | Time 0m37s
  Train | loss=0.0830 | top1=97.05% | top2=99.60%
  Valid | loss=0.0603 | top1=98.21% | top2=99.59% | acc=98.21% | bal_acc=98.21% | macro_f1=0.9822 | weighted_f1=0.9822 | precision_macro=0.9827 | recall_macro=0.9821
        ovr_roc_auc_macro=0.9994 | ovr_pr_auc_macro=0.9984
  -> best macro_f1 updated to 0.9822 (epoch 8, val_loss=0.0603)
Epoch 09/50 | Time 0m37s
  Train | loss=0.0489 | top1=98.24% | top2=99.90%
  Valid | loss=0.0868 | top1=97.45% | top2=99.83% | acc=97.50% | bal_acc=97.50% | macro_f1=0.9750 | weighted_f1=0.9750 | precision_macro=0.9755 | recall_macro=0.9750
        ovr_roc_auc_macro=0.9985 | ovr_pr_auc_macro=0.9960
Epoch 10/50 | Time 0m37s
  Train | loss=0.0540 | top1=98.11% | top2=99.94%
  Valid | loss=0.0695 | top1=97.80% | top2=99.42% | acc=97.86% | bal_acc=97.86% | macro_f1=0.9785 | weighted_f1=0.9785 | precision_macro=0.9788 | recall_macro=0.9786
        ovr_roc_auc_macro=0.9988 | ovr_pr_auc_macro=0.9971
Epoch 11/50 | Time 0m37s
  Train | loss=0.0416 | top1=98.56% | top2=99.92%
  Valid | loss=0.1927 | top1=94.21% | top2=99.25% | acc=94.29% | bal_acc=94.29% | macro_f1=0.9425 | weighted_f1=0.9425 | precision_macro=0.9479 | recall_macro=0.9429
        ovr_roc_auc_macro=0.9975 | ovr_pr_auc_macro=0.9934
Epoch 12/50 | Time 0m37s
  Train | loss=0.0330 | top1=98.81% | top2=99.96%
  Valid | loss=0.0708 | top1=97.40% | top2=99.42% | acc=97.50% | bal_acc=97.50% | macro_f1=0.9750 | weighted_f1=0.9750 | precision_macro=0.9751 | recall_macro=0.9750
        ovr_roc_auc_macro=0.9992 | ovr_pr_auc_macro=0.9977
Epoch 13/50 | Time 0m37s
  Train | loss=0.0242 | top1=99.12% | top2=99.96%
  Valid | loss=0.0879 | top1=97.40% | top2=99.83% | acc=97.50% | bal_acc=97.50% | macro_f1=0.9749 | weighted_f1=0.9749 | precision_macro=0.9757 | recall_macro=0.9750
        ovr_roc_auc_macro=0.9992 | ovr_pr_auc_macro=0.9979
Epoch 14/50 | Time 0m37s
  Train | loss=0.0229 | top1=99.13% | top2=99.96%
  Valid | loss=0.0824 | top1=97.63% | top2=99.65% | acc=97.68% | bal_acc=97.68% | macro_f1=0.9765 | weighted_f1=0.9765 | precision_macro=0.9774 | recall_macro=0.9768
        ovr_roc_auc_macro=0.9991 | ovr_pr_auc_macro=0.9978
Epoch 15/50 | Time 0m37s
  Train | loss=0.0207 | top1=99.22% | top2=100.00%
  Valid | loss=0.0541 | top1=98.73% | top2=99.65% | acc=98.75% | bal_acc=98.75% | macro_f1=0.9875 | weighted_f1=0.9875 | precision_macro=0.9878 | recall_macro=0.9875
        ovr_roc_auc_macro=0.9995 | ovr_pr_auc_macro=0.9987
  -> best macro_f1 updated to 0.9875 (epoch 15, val_loss=0.0541)
Epoch 16/50 | Time 0m37s
  Train | loss=0.0230 | top1=99.16% | top2=100.00%
  Valid | loss=0.0752 | top1=97.51% | top2=99.65% | acc=97.50% | bal_acc=97.50% | macro_f1=0.9749 | weighted_f1=0.9749 | precision_macro=0.9757 | recall_macro=0.9750
        ovr_roc_auc_macro=0.9993 | ovr_pr_auc_macro=0.9981
Epoch 17/50 | Time 0m37s
  Train | loss=0.0227 | top1=99.19% | top2=99.92%
  Valid | loss=0.0656 | top1=98.32% | top2=100.00% | acc=98.39% | bal_acc=98.39% | macro_f1=0.9840 | weighted_f1=0.9840 | precision_macro=0.9842 | recall_macro=0.9839
        ovr_roc_auc_macro=0.9993 | ovr_pr_auc_macro=0.9982
Epoch 18/50 | Time 0m37s
  Train | loss=0.0221 | top1=99.45% | top2=100.00%
  Valid | loss=0.0661 | top1=97.69% | top2=100.00% | acc=97.68% | bal_acc=97.68% | macro_f1=0.9768 | weighted_f1=0.9768 | precision_macro=0.9784 | recall_macro=0.9768
        ovr_roc_auc_macro=0.9995 | ovr_pr_auc_macro=0.9985
Epoch 19/50 | Time 0m37s
  Train | loss=0.0150 | top1=99.55% | top2=99.98%
  Valid | loss=0.0641 | top1=98.55% | top2=99.83% | acc=98.57% | bal_acc=98.57% | macro_f1=0.9856 | weighted_f1=0.9856 | precision_macro=0.9861 | recall_macro=0.9857
        ovr_roc_auc_macro=0.9997 | ovr_pr_auc_macro=0.9993
Epoch 20/50 | Time 0m37s
  Train | loss=0.0160 | top1=99.47% | top2=100.00%
  Valid | loss=0.0447 | top1=97.97% | top2=100.00% | acc=98.04% | bal_acc=98.04% | macro_f1=0.9803 | weighted_f1=0.9803 | precision_macro=0.9809 | recall_macro=0.9804
        ovr_roc_auc_macro=0.9997 | ovr_pr_auc_macro=0.9992
Epoch 21/50 | Time 0m37s
  Train | loss=0.0068 | top1=99.78% | top2=100.00%
  Valid | loss=0.0371 | top1=99.07% | top2=99.83% | acc=99.11% | bal_acc=99.11% | macro_f1=0.9911 | weighted_f1=0.9911 | precision_macro=0.9911 | recall_macro=0.9911
        ovr_roc_auc_macro=0.9998 | ovr_pr_auc_macro=0.9995
  -> best macro_f1 updated to 0.9911 (epoch 21, val_loss=0.0371)
Epoch 22/50 | Time 0m37s
  Train | loss=0.0084 | top1=99.72% | top2=100.00%
  Valid | loss=0.0431 | top1=98.90% | top2=100.00% | acc=98.93% | bal_acc=98.93% | macro_f1=0.9893 | weighted_f1=0.9893 | precision_macro=0.9894 | recall_macro=0.9893
        ovr_roc_auc_macro=0.9998 | ovr_pr_auc_macro=0.9994
Epoch 23/50 | Time 0m36s
  Train | loss=0.0087 | top1=99.74% | top2=99.98%
  Valid | loss=0.0161 | top1=99.42% | top2=100.00% | acc=99.46% | bal_acc=99.46% | macro_f1=0.9946 | weighted_f1=0.9946 | precision_macro=0.9947 | recall_macro=0.9946
        ovr_roc_auc_macro=0.9999 | ovr_pr_auc_macro=0.9998
  -> best macro_f1 updated to 0.9946 (epoch 23, val_loss=0.0161)
Epoch 24/50 | Time 0m37s
  Train | loss=0.0034 | top1=99.88% | top2=100.00%
  Valid | loss=0.0328 | top1=98.90% | top2=99.83% | acc=98.93% | bal_acc=98.93% | macro_f1=0.9893 | weighted_f1=0.9893 | precision_macro=0.9895 | recall_macro=0.9893
        ovr_roc_auc_macro=0.9999 | ovr_pr_auc_macro=0.9996
Epoch 25/50 | Time 0m37s
  Train | loss=0.0035 | top1=99.84% | top2=100.00%
  Valid | loss=0.0261 | top1=99.42% | top2=99.83% | acc=99.46% | bal_acc=99.46% | macro_f1=0.9946 | weighted_f1=0.9946 | precision_macro=0.9947 | recall_macro=0.9946
        ovr_roc_auc_macro=0.9999 | ovr_pr_auc_macro=0.9998
Epoch 26/50 | Time 0m37s
  Train | loss=0.0098 | top1=99.62% | top2=100.00%
  Valid | loss=0.0312 | top1=99.07% | top2=100.00% | acc=99.11% | bal_acc=99.11% | macro_f1=0.9911 | weighted_f1=0.9911 | precision_macro=0.9912 | recall_macro=0.9911
        ovr_roc_auc_macro=0.9998 | ovr_pr_auc_macro=0.9995
Epoch 27/50 | Time 0m37s
  Train | loss=0.0069 | top1=99.72% | top2=99.98%
  Valid | loss=0.0225 | top1=99.59% | top2=100.00% | acc=99.64% | bal_acc=99.64% | macro_f1=0.9964 | weighted_f1=0.9964 | precision_macro=0.9965 | recall_macro=0.9964
        ovr_roc_auc_macro=0.9999 | ovr_pr_auc_macro=0.9997
  -> best macro_f1 updated to 0.9964 (epoch 27, val_loss=0.0225)
Epoch 28/50 | Time 0m38s
  Train | loss=0.0097 | top1=99.64% | top2=100.00%
  Valid | loss=0.0551 | top1=98.32% | top2=99.83% | acc=98.39% | bal_acc=98.39% | macro_f1=0.9839 | weighted_f1=0.9839 | precision_macro=0.9841 | recall_macro=0.9839
        ovr_roc_auc_macro=0.9997 | ovr_pr_auc_macro=0.9990
Epoch 29/50 | Time 0m38s
  Train | loss=0.0120 | top1=99.58% | top2=100.00%
  Valid | loss=0.0417 | top1=99.19% | top2=99.59% | acc=99.29% | bal_acc=99.29% | macro_f1=0.9929 | weighted_f1=0.9929 | precision_macro=0.9931 | recall_macro=0.9929
        ovr_roc_auc_macro=0.9998 | ovr_pr_auc_macro=0.9994
Epoch 30/50 | Time 0m37s
  Train | loss=0.0064 | top1=99.80% | top2=100.00%
  Valid | loss=0.0468 | top1=98.32% | top2=99.83% | acc=98.39% | bal_acc=98.39% | macro_f1=0.9840 | weighted_f1=0.9840 | precision_macro=0.9847 | recall_macro=0.9839
        ovr_roc_auc_macro=0.9998 | ovr_pr_auc_macro=0.9994
Epoch 31/50 | Time 0m37s
  Train | loss=0.0069 | top1=99.66% | top2=99.98%
  Valid | loss=0.0339 | top1=98.84% | top2=100.00% | acc=98.93% | bal_acc=98.93% | macro_f1=0.9893 | weighted_f1=0.9893 | precision_macro=0.9895 | recall_macro=0.9893
        ovr_roc_auc_macro=0.9999 | ovr_pr_auc_macro=0.9996
Epoch 32/50 | Time 0m37s
  Train | loss=0.0062 | top1=99.80% | top2=100.00%
  Valid | loss=0.0588 | top1=98.32% | top2=99.83% | acc=98.39% | bal_acc=98.39% | macro_f1=0.9839 | weighted_f1=0.9839 | precision_macro=0.9842 | recall_macro=0.9839
        ovr_roc_auc_macro=0.9998 | ovr_pr_auc_macro=0.9994
Epoch 33/50 | Time 0m37s
  Train | loss=0.0048 | top1=99.80% | top2=100.00%
  Valid | loss=0.0302 | top1=99.02% | top2=99.83% | acc=99.11% | bal_acc=99.11% | macro_f1=0.9911 | weighted_f1=0.9911 | precision_macro=0.9911 | recall_macro=0.9911
        ovr_roc_auc_macro=0.9999 | ovr_pr_auc_macro=0.9996
Epoch 34/50 | Time 0m37s
  Train | loss=0.0030 | top1=99.88% | top2=100.00%
  Valid | loss=0.0198 | top1=99.07% | top2=100.00% | acc=99.11% | bal_acc=99.11% | macro_f1=0.9911 | weighted_f1=0.9911 | precision_macro=0.9911 | recall_macro=0.9911
        ovr_roc_auc_macro=0.9999 | ovr_pr_auc_macro=0.9998
Epoch 35/50 | Time 0m38s
  Train | loss=0.0037 | top1=99.84% | top2=100.00%
  Valid | loss=0.0354 | top1=98.50% | top2=99.83% | acc=98.57% | bal_acc=98.57% | macro_f1=0.9857 | weighted_f1=0.9857 | precision_macro=0.9862 | recall_macro=0.9857
        ovr_roc_auc_macro=0.9999 | ovr_pr_auc_macro=0.9996
Epoch 36/50 | Time 0m37s
  Train | loss=0.0036 | top1=99.86% | top2=100.00%
  Valid | loss=0.0176 | top1=99.59% | top2=100.00% | acc=99.64% | bal_acc=99.64% | macro_f1=0.9964 | weighted_f1=0.9964 | precision_macro=0.9964 | recall_macro=0.9964
        ovr_roc_auc_macro=1.0000 | ovr_pr_auc_macro=0.9999
  -> best macro_f1 updated to 0.9964 (epoch 36, val_loss=0.0176)
Epoch 37/50 | Time 0m37s
  Train | loss=0.0027 | top1=99.92% | top2=100.00%
  Valid | loss=0.0180 | top1=99.42% | top2=100.00% | acc=99.46% | bal_acc=99.46% | macro_f1=0.9946 | weighted_f1=0.9946 | precision_macro=0.9946 | recall_macro=0.9946
        ovr_roc_auc_macro=1.0000 | ovr_pr_auc_macro=0.9999
Epoch 38/50 | Time 0m38s
  Train | loss=0.0026 | top1=99.90% | top2=100.00%
  Valid | loss=0.0208 | top1=99.42% | top2=100.00% | acc=99.46% | bal_acc=99.46% | macro_f1=0.9946 | weighted_f1=0.9946 | precision_macro=0.9948 | recall_macro=0.9946
        ovr_roc_auc_macro=0.9999 | ovr_pr_auc_macro=0.9998
Epoch 39/50 | Time 0m38s
  Train | loss=0.0022 | top1=99.90% | top2=100.00%
  Valid | loss=0.0220 | top1=99.42% | top2=100.00% | acc=99.46% | bal_acc=99.46% | macro_f1=0.9946 | weighted_f1=0.9946 | precision_macro=0.9947 | recall_macro=0.9946
        ovr_roc_auc_macro=1.0000 | ovr_pr_auc_macro=0.9999
Epoch 40/50 | Time 0m38s
  Train | loss=0.0016 | top1=99.93% | top2=100.00%
  Valid | loss=0.0217 | top1=99.42% | top2=100.00% | acc=99.46% | bal_acc=99.46% | macro_f1=0.9946 | weighted_f1=0.9946 | precision_macro=0.9947 | recall_macro=0.9946
        ovr_roc_auc_macro=1.0000 | ovr_pr_auc_macro=0.9999
Epoch 41/50 | Time 0m37s
  Train | loss=0.0019 | top1=99.92% | top2=100.00%
  Valid | loss=0.0233 | top1=99.42% | top2=100.00% | acc=99.46% | bal_acc=99.46% | macro_f1=0.9946 | weighted_f1=0.9946 | precision_macro=0.9947 | recall_macro=0.9946
        ovr_roc_auc_macro=0.9999 | ovr_pr_auc_macro=0.9998
Epoch 42/50 | Time 0m37s
  Train | loss=0.0022 | top1=99.90% | top2=100.00%
  Valid | loss=0.0241 | top1=99.02% | top2=99.77% | acc=99.11% | bal_acc=99.11% | macro_f1=0.9911 | weighted_f1=0.9911 | precision_macro=0.9912 | recall_macro=0.9911
        ovr_roc_auc_macro=0.9999 | ovr_pr_auc_macro=0.9998
Epoch 43/50 | Time 0m38s
  Train | loss=0.0017 | top1=99.94% | top2=100.00%
  Valid | loss=0.0242 | top1=99.25% | top2=100.00% | acc=99.29% | bal_acc=99.29% | macro_f1=0.9929 | weighted_f1=0.9929 | precision_macro=0.9929 | recall_macro=0.9929
        ovr_roc_auc_macro=0.9999 | ovr_pr_auc_macro=0.9998
Epoch 44/50 | Time 0m38s
  Train | loss=0.0020 | top1=99.90% | top2=100.00%
  Valid | loss=0.0215 | top1=99.42% | top2=100.00% | acc=99.46% | bal_acc=99.46% | macro_f1=0.9946 | weighted_f1=0.9946 | precision_macro=0.9947 | recall_macro=0.9946
        ovr_roc_auc_macro=1.0000 | ovr_pr_auc_macro=0.9999
Epoch 45/50 | Time 0m38s
  Train | loss=0.0017 | top1=99.94% | top2=100.00%
  Valid | loss=0.0210 | top1=99.42% | top2=100.00% | acc=99.46% | bal_acc=99.46% | macro_f1=0.9946 | weighted_f1=0.9946 | precision_macro=0.9948 | recall_macro=0.9946
        ovr_roc_auc_macro=1.0000 | ovr_pr_auc_macro=0.9999
Epoch 46/50 | Time 0m38s
  Train | loss=0.0022 | top1=99.94% | top2=100.00%
  Valid | loss=0.0187 | top1=99.59% | top2=100.00% | acc=99.64% | bal_acc=99.64% | macro_f1=0.9964 | weighted_f1=0.9964 | precision_macro=0.9965 | recall_macro=0.9964
        ovr_roc_auc_macro=1.0000 | ovr_pr_auc_macro=0.9999
  -> early stopping triggered at epoch 46

[TEST] loss=ce
  Test | loss=0.4225 | top1=94.94% | top2=95.94% | acc=94.94% | bal_acc=94.94% | macro_f1=0.9482 | weighted_f1=0.9482 | precision_macro=0.9533 | recall_macro=0.9494
        ovr_roc_auc_macro=0.9942 | ovr_pr_auc_macro=0.9861
  Confusion Matrix:
[[326  49  25   0]
 [  0 394   2   4]
 [  0   0 400   0]
 [  1   0   0 399]]
  Classification Report:
              precision    recall  f1-score   support

      glioma     0.9969    0.8150    0.8968       400
  meningioma     0.8894    0.9850    0.9348       400
     notumor     0.9368    1.0000    0.9674       400
   pituitary     0.9901    0.9975    0.9938       400

    accuracy                         0.9494      1600
   macro avg     0.9533    0.9494    0.9482      1600
weighted avg     0.9533    0.9494    0.9482      1600


##########################################################################################
Starting loss: cb_focal_ce
##########################################################################################
Model params: 38,992,709 | pretrained loaded: 320/361 | feat_dim=2048
Criterion: ClassBalancedFocalCELoss
Criterion trainable params: 0
Epoch 01/50 | Time 0m38s
  Train | loss=0.5422 | top1=64.86% | top2=84.55%
  Valid | loss=0.2586 | top1=83.97% | top2=96.70% | acc=84.11% | bal_acc=84.11% | macro_f1=0.8350 | weighted_f1=0.8350 | precision_macro=0.8377 | recall_macro=0.8411
        ovr_roc_auc_macro=0.9659 | ovr_pr_auc_macro=0.9139
  -> best macro_f1 updated to 0.8350 (epoch 1, val_loss=0.2586)
Epoch 02/50 | Time 0m37s
  Train | loss=0.1528 | top1=88.28% | top2=98.27%
  Valid | loss=0.1216 | top1=90.22% | top2=99.07% | acc=90.36% | bal_acc=90.36% | macro_f1=0.9052 | weighted_f1=0.9052 | precision_macro=0.9149 | recall_macro=0.9036
        ovr_roc_auc_macro=0.9812 | ovr_pr_auc_macro=0.9522
  -> best macro_f1 updated to 0.9052 (epoch 2, val_loss=0.1216)
Epoch 03/50 | Time 0m37s
  Train | loss=0.1182 | top1=88.86% | top2=98.77%
  Valid | loss=0.1329 | top1=85.71% | top2=98.73% | acc=85.71% | bal_acc=85.71% | macro_f1=0.8511 | weighted_f1=0.8511 | precision_macro=0.8611 | recall_macro=0.8571
        ovr_roc_auc_macro=0.9806 | ovr_pr_auc_macro=0.9509
Epoch 04/50 | Time 0m37s
  Train | loss=0.0990 | top1=90.68% | top2=99.00%
  Valid | loss=0.1396 | top1=85.13% | top2=99.07% | acc=85.18% | bal_acc=85.18% | macro_f1=0.8537 | weighted_f1=0.8537 | precision_macro=0.8709 | recall_macro=0.8518
        ovr_roc_auc_macro=0.9772 | ovr_pr_auc_macro=0.9413
Epoch 05/50 | Time 0m38s
  Train | loss=0.0874 | top1=91.68% | top2=99.49%
  Valid | loss=0.3157 | top1=81.08% | top2=96.47% | acc=81.07% | bal_acc=81.07% | macro_f1=0.7871 | weighted_f1=0.7871 | precision_macro=0.8540 | recall_macro=0.8107
        ovr_roc_auc_macro=0.9646 | ovr_pr_auc_macro=0.9272
Epoch 06/50 | Time 0m38s
  Train | loss=0.0635 | top1=94.01% | top2=99.64%
  Valid | loss=0.2379 | top1=82.52% | top2=95.95% | acc=82.50% | bal_acc=82.50% | macro_f1=0.8189 | weighted_f1=0.8189 | precision_macro=0.8512 | recall_macro=0.8250
        ovr_roc_auc_macro=0.9701 | ovr_pr_auc_macro=0.9309
Epoch 07/50 | Time 0m37s
  Train | loss=0.0460 | top1=95.76% | top2=99.56%
  Valid | loss=0.3236 | top1=73.50% | top2=95.31% | acc=73.57% | bal_acc=73.57% | macro_f1=0.7434 | weighted_f1=0.7434 | precision_macro=0.8372 | recall_macro=0.7357
        ovr_roc_auc_macro=0.9841 | ovr_pr_auc_macro=0.9605
Epoch 08/50 | Time 0m37s
  Train | loss=0.0337 | top1=96.73% | top2=99.80%
  Valid | loss=0.2642 | top1=81.83% | top2=94.79% | acc=81.79% | bal_acc=81.79% | macro_f1=0.8207 | weighted_f1=0.8207 | precision_macro=0.8636 | recall_macro=0.8179
        ovr_roc_auc_macro=0.9847 | ovr_pr_auc_macro=0.9695
Epoch 09/50 | Time 0m37s
  Train | loss=0.0253 | top1=97.69% | top2=99.80%
  Valid | loss=0.0504 | top1=96.18% | top2=99.83% | acc=96.25% | bal_acc=96.25% | macro_f1=0.9621 | weighted_f1=0.9621 | precision_macro=0.9642 | recall_macro=0.9625
        ovr_roc_auc_macro=0.9986 | ovr_pr_auc_macro=0.9962
  -> best macro_f1 updated to 0.9621 (epoch 9, val_loss=0.0504)
Epoch 10/50 | Time 0m37s
  Train | loss=0.0222 | top1=98.25% | top2=99.92%
  Valid | loss=0.1393 | top1=89.35% | top2=97.86% | acc=89.29% | bal_acc=89.29% | macro_f1=0.8913 | weighted_f1=0.8913 | precision_macro=0.9079 | recall_macro=0.8929
        ovr_roc_auc_macro=0.9938 | ovr_pr_auc_macro=0.9872
Epoch 11/50 | Time 0m37s
  Train | loss=0.0229 | top1=97.66% | top2=99.92%
  Valid | loss=0.0988 | top1=90.68% | top2=98.55% | acc=90.71% | bal_acc=90.71% | macro_f1=0.9044 | weighted_f1=0.9044 | precision_macro=0.9181 | recall_macro=0.9071
        ovr_roc_auc_macro=0.9966 | ovr_pr_auc_macro=0.9903
Epoch 12/50 | Time 0m37s
  Train | loss=0.0123 | top1=98.81% | top2=100.00%
  Valid | loss=0.0375 | top1=96.70% | top2=99.65% | acc=96.79% | bal_acc=96.79% | macro_f1=0.9676 | weighted_f1=0.9676 | precision_macro=0.9682 | recall_macro=0.9679
        ovr_roc_auc_macro=0.9984 | ovr_pr_auc_macro=0.9956
  -> best macro_f1 updated to 0.9676 (epoch 12, val_loss=0.0375)
Epoch 13/50 | Time 0m37s
  Train | loss=0.0086 | top1=99.11% | top2=99.96%
  Valid | loss=0.0232 | top1=97.69% | top2=99.83% | acc=97.68% | bal_acc=97.68% | macro_f1=0.9768 | weighted_f1=0.9768 | precision_macro=0.9780 | recall_macro=0.9768
        ovr_roc_auc_macro=0.9991 | ovr_pr_auc_macro=0.9978
  -> best macro_f1 updated to 0.9768 (epoch 13, val_loss=0.0232)
Epoch 14/50 | Time 0m37s
  Train | loss=0.0120 | top1=99.04% | top2=99.94%
  Valid | loss=0.1339 | top1=91.03% | top2=98.61% | acc=91.07% | bal_acc=91.07% | macro_f1=0.9049 | weighted_f1=0.9049 | precision_macro=0.9218 | recall_macro=0.9107
        ovr_roc_auc_macro=0.9980 | ovr_pr_auc_macro=0.9947
Epoch 15/50 | Time 0m37s
  Train | loss=0.0075 | top1=99.14% | top2=99.98%
  Valid | loss=0.0638 | top1=95.54% | top2=99.13% | acc=95.54% | bal_acc=95.54% | macro_f1=0.9550 | weighted_f1=0.9550 | precision_macro=0.9571 | recall_macro=0.9554
        ovr_roc_auc_macro=0.9990 | ovr_pr_auc_macro=0.9973
Epoch 16/50 | Time 0m37s
  Train | loss=0.0073 | top1=99.30% | top2=99.98%
  Valid | loss=0.0471 | top1=97.16% | top2=99.65% | acc=97.14% | bal_acc=97.14% | macro_f1=0.9715 | weighted_f1=0.9715 | precision_macro=0.9727 | recall_macro=0.9714
        ovr_roc_auc_macro=0.9975 | ovr_pr_auc_macro=0.9896
Epoch 17/50 | Time 0m37s
  Train | loss=0.0144 | top1=98.77% | top2=99.96%
  Valid | loss=0.0482 | top1=95.66% | top2=99.83% | acc=95.71% | bal_acc=95.71% | macro_f1=0.9573 | weighted_f1=0.9573 | precision_macro=0.9589 | recall_macro=0.9571
        ovr_roc_auc_macro=0.9977 | ovr_pr_auc_macro=0.9948
Epoch 18/50 | Time 0m37s
  Train | loss=0.0109 | top1=99.05% | top2=99.88%
  Valid | loss=0.0157 | top1=98.32% | top2=100.00% | acc=98.39% | bal_acc=98.39% | macro_f1=0.9840 | weighted_f1=0.9840 | precision_macro=0.9842 | recall_macro=0.9839
        ovr_roc_auc_macro=0.9997 | ovr_pr_auc_macro=0.9992
  -> best macro_f1 updated to 0.9840 (epoch 18, val_loss=0.0157)
Epoch 19/50 | Time 0m37s
  Train | loss=0.0085 | top1=99.31% | top2=99.98%
  Valid | loss=0.0241 | top1=98.21% | top2=100.00% | acc=98.21% | bal_acc=98.21% | macro_f1=0.9820 | weighted_f1=0.9820 | precision_macro=0.9828 | recall_macro=0.9821
        ovr_roc_auc_macro=0.9994 | ovr_pr_auc_macro=0.9987
Epoch 20/50 | Time 0m37s
  Train | loss=0.0065 | top1=99.47% | top2=99.98%
  Valid | loss=0.0120 | top1=98.15% | top2=100.00% | acc=98.21% | bal_acc=98.21% | macro_f1=0.9820 | weighted_f1=0.9820 | precision_macro=0.9823 | recall_macro=0.9821
        ovr_roc_auc_macro=0.9999 | ovr_pr_auc_macro=0.9997
Epoch 21/50 | Time 0m38s
  Train | loss=0.0024 | top1=99.74% | top2=100.00%
  Valid | loss=0.0190 | top1=99.42% | top2=100.00% | acc=99.46% | bal_acc=99.46% | macro_f1=0.9946 | weighted_f1=0.9946 | precision_macro=0.9947 | recall_macro=0.9946
        ovr_roc_auc_macro=0.9998 | ovr_pr_auc_macro=0.9993
  -> best macro_f1 updated to 0.9946 (epoch 21, val_loss=0.0190)
Epoch 22/50 | Time 0m40s
  Train | loss=0.0050 | top1=99.60% | top2=100.00%
  Valid | loss=0.0191 | top1=98.73% | top2=99.83% | acc=98.75% | bal_acc=98.75% | macro_f1=0.9875 | weighted_f1=0.9875 | precision_macro=0.9876 | recall_macro=0.9875
        ovr_roc_auc_macro=0.9997 | ovr_pr_auc_macro=0.9992
Epoch 23/50 | Time 0m40s
  Train | loss=0.0068 | top1=99.44% | top2=100.00%
  Valid | loss=0.0192 | top1=98.61% | top2=99.77% | acc=98.75% | bal_acc=98.75% | macro_f1=0.9875 | weighted_f1=0.9875 | precision_macro=0.9875 | recall_macro=0.9875
        ovr_roc_auc_macro=0.9995 | ovr_pr_auc_macro=0.9989
Epoch 24/50 | Time 0m40s
  Train | loss=0.0077 | top1=99.41% | top2=100.00%
  Valid | loss=0.0157 | top1=98.67% | top2=100.00% | acc=98.75% | bal_acc=98.75% | macro_f1=0.9875 | weighted_f1=0.9875 | precision_macro=0.9880 | recall_macro=0.9875
        ovr_roc_auc_macro=0.9998 | ovr_pr_auc_macro=0.9994
Epoch 25/50 | Time 0m40s
  Train | loss=0.0028 | top1=99.70% | top2=100.00%
  Valid | loss=0.0161 | top1=98.50% | top2=100.00% | acc=98.57% | bal_acc=98.57% | macro_f1=0.9857 | weighted_f1=0.9857 | precision_macro=0.9860 | recall_macro=0.9857
        ovr_roc_auc_macro=0.9999 | ovr_pr_auc_macro=0.9996
Epoch 26/50 | Time 0m40s
  Train | loss=0.0042 | top1=99.49% | top2=99.98%
  Valid | loss=0.0140 | top1=98.50% | top2=100.00% | acc=98.57% | bal_acc=98.57% | macro_f1=0.9857 | weighted_f1=0.9857 | precision_macro=0.9859 | recall_macro=0.9857
        ovr_roc_auc_macro=0.9999 | ovr_pr_auc_macro=0.9996
Epoch 27/50 | Time 0m40s
  Train | loss=0.0031 | top1=99.62% | top2=100.00%
  Valid | loss=0.0219 | top1=98.90% | top2=100.00% | acc=98.93% | bal_acc=98.93% | macro_f1=0.9893 | weighted_f1=0.9893 | precision_macro=0.9894 | recall_macro=0.9893
        ovr_roc_auc_macro=0.9994 | ovr_pr_auc_macro=0.9975
Epoch 28/50 | Time 0m40s
  Train | loss=0.0015 | top1=99.88% | top2=100.00%
  Valid | loss=0.0109 | top1=98.84% | top2=100.00% | acc=98.93% | bal_acc=98.93% | macro_f1=0.9893 | weighted_f1=0.9893 | precision_macro=0.9895 | recall_macro=0.9893
        ovr_roc_auc_macro=0.9999 | ovr_pr_auc_macro=0.9996
Epoch 29/50 | Time 0m40s
  Train | loss=0.0022 | top1=99.76% | top2=100.00%
  Valid | loss=0.0104 | top1=99.02% | top2=100.00% | acc=99.11% | bal_acc=99.11% | macro_f1=0.9911 | weighted_f1=0.9911 | precision_macro=0.9911 | recall_macro=0.9911
        ovr_roc_auc_macro=0.9999 | ovr_pr_auc_macro=0.9997
Epoch 30/50 | Time 0m40s
  Train | loss=0.0024 | top1=99.74% | top2=100.00%
  Valid | loss=0.0092 | top1=99.25% | top2=100.00% | acc=99.29% | bal_acc=99.29% | macro_f1=0.9929 | weighted_f1=0.9929 | precision_macro=0.9929 | recall_macro=0.9929
        ovr_roc_auc_macro=0.9999 | ovr_pr_auc_macro=0.9996
Epoch 31/50 | Time 0m40s
  Train | loss=0.0013 | top1=99.80% | top2=100.00%
  Valid | loss=0.0179 | top1=98.55% | top2=100.00% | acc=98.57% | bal_acc=98.57% | macro_f1=0.9857 | weighted_f1=0.9857 | precision_macro=0.9860 | recall_macro=0.9857
        ovr_roc_auc_macro=0.9997 | ovr_pr_auc_macro=0.9992
  -> early stopping triggered at epoch 31

[TEST] loss=cb_focal_ce
  Test | loss=0.2686 | top1=94.56% | top2=95.62% | acc=94.56% | bal_acc=94.56% | macro_f1=0.9443 | weighted_f1=0.9443 | precision_macro=0.9508 | recall_macro=0.9456
        ovr_roc_auc_macro=0.9876 | ovr_pr_auc_macro=0.9766
  Confusion Matrix:
[[321  28  51   0]
 [  0 392   5   3]
 [  0   0 400   0]
 [  0   0   0 400]]
  Classification Report:
              precision    recall  f1-score   support

      glioma     1.0000    0.8025    0.8904       400
  meningioma     0.9333    0.9800    0.9561       400
     notumor     0.8772    1.0000    0.9346       400
   pituitary     0.9926    1.0000    0.9963       400

    accuracy                         0.9456      1600
   macro avg     0.9508    0.9456    0.9443      1600
weighted avg     0.9508    0.9456    0.9443      1600


##########################################################################################
Starting loss: ordinal_focal_mse
##########################################################################################
Model params: 38,992,709 | pretrained loaded: 320/361 | feat_dim=2048
Criterion: OrdinalFocalMSELoss
Criterion trainable params: 0
Epoch 01/50 | Time 0m40s
  Train | loss=0.7532 | top1=64.67% | top2=84.32%
  Valid | loss=0.3804 | top1=81.08% | top2=96.47% | acc=81.25% | bal_acc=81.25% | macro_f1=0.7962 | weighted_f1=0.7962 | precision_macro=0.8322 | recall_macro=0.8125
        ovr_roc_auc_macro=0.9643 | ovr_pr_auc_macro=0.9165
  -> best macro_f1 updated to 0.7962 (epoch 1, val_loss=0.3804)
Epoch 02/50 | Time 0m39s
  Train | loss=0.2114 | top1=87.59% | top2=98.08%
  Valid | loss=0.1772 | top1=90.57% | top2=98.38% | acc=90.54% | bal_acc=90.54% | macro_f1=0.9052 | weighted_f1=0.9052 | precision_macro=0.9098 | recall_macro=0.9054
        ovr_roc_auc_macro=0.9801 | ovr_pr_auc_macro=0.9517
  -> best macro_f1 updated to 0.9052 (epoch 2, val_loss=0.1772)
Epoch 03/50 | Time 0m39s
  Train | loss=0.1643 | top1=88.84% | top2=98.97%
  Valid | loss=0.2919 | top1=79.98% | top2=97.86% | acc=80.18% | bal_acc=80.18% | macro_f1=0.7880 | weighted_f1=0.7880 | precision_macro=0.8113 | recall_macro=0.8018
        ovr_roc_auc_macro=0.9644 | ovr_pr_auc_macro=0.9070
Epoch 04/50 | Time 0m39s
  Train | loss=0.1353 | top1=91.12% | top2=98.91%
  Valid | loss=0.1698 | top1=90.22% | top2=99.07% | acc=90.18% | bal_acc=90.18% | macro_f1=0.9029 | weighted_f1=0.9029 | precision_macro=0.9076 | recall_macro=0.9018
        ovr_roc_auc_macro=0.9826 | ovr_pr_auc_macro=0.9569
Epoch 05/50 | Time 0m39s
  Train | loss=0.1308 | top1=91.29% | top2=99.37%
  Valid | loss=0.3417 | top1=83.16% | top2=99.07% | acc=83.21% | bal_acc=83.21% | macro_f1=0.8042 | weighted_f1=0.8042 | precision_macro=0.8594 | recall_macro=0.8321
        ovr_roc_auc_macro=0.9824 | ovr_pr_auc_macro=0.9606
Epoch 06/50 | Time 0m39s
  Train | loss=0.0809 | top1=94.82% | top2=99.72%
  Valid | loss=0.2234 | top1=87.50% | top2=98.21% | acc=87.50% | bal_acc=87.50% | macro_f1=0.8727 | weighted_f1=0.8727 | precision_macro=0.8826 | recall_macro=0.8750
        ovr_roc_auc_macro=0.9822 | ovr_pr_auc_macro=0.9578
Epoch 07/50 | Time 0m39s
  Train | loss=0.0648 | top1=95.69% | top2=99.60%
  Valid | loss=1.3406 | top1=58.56% | top2=86.05% | acc=58.39% | bal_acc=58.39% | macro_f1=0.5637 | weighted_f1=0.5637 | precision_macro=0.8300 | recall_macro=0.5839
        ovr_roc_auc_macro=0.9531 | ovr_pr_auc_macro=0.8873
Epoch 08/50 | Time 0m41s
  Train | loss=0.0451 | top1=97.19% | top2=99.78%
  Valid | loss=0.0552 | top1=97.34% | top2=99.25% | acc=97.32% | bal_acc=97.32% | macro_f1=0.9731 | weighted_f1=0.9731 | precision_macro=0.9738 | recall_macro=0.9732
        ovr_roc_auc_macro=0.9985 | ovr_pr_auc_macro=0.9965
  -> best macro_f1 updated to 0.9731 (epoch 8, val_loss=0.0552)
Epoch 09/50 | Time 0m39s
  Train | loss=0.0324 | top1=97.80% | top2=99.88%
  Valid | loss=0.0688 | top1=97.22% | top2=99.25% | acc=97.32% | bal_acc=97.32% | macro_f1=0.9729 | weighted_f1=0.9729 | precision_macro=0.9742 | recall_macro=0.9732
        ovr_roc_auc_macro=0.9981 | ovr_pr_auc_macro=0.9954
Epoch 10/50 | Time 0m39s
  Train | loss=0.0279 | top1=98.14% | top2=99.88%
  Valid | loss=0.0452 | top1=97.63% | top2=99.59% | acc=97.68% | bal_acc=97.68% | macro_f1=0.9767 | weighted_f1=0.9767 | precision_macro=0.9771 | recall_macro=0.9768
        ovr_roc_auc_macro=0.9989 | ovr_pr_auc_macro=0.9977
  -> best macro_f1 updated to 0.9767 (epoch 10, val_loss=0.0452)
Epoch 11/50 | Time 0m40s
  Train | loss=0.0229 | top1=98.15% | top2=99.96%
  Valid | loss=0.0655 | top1=95.02% | top2=99.65% | acc=95.00% | bal_acc=95.00% | macro_f1=0.9487 | weighted_f1=0.9487 | precision_macro=0.9531 | recall_macro=0.9500
        ovr_roc_auc_macro=0.9987 | ovr_pr_auc_macro=0.9963
Epoch 12/50 | Time 0m41s
  Train | loss=0.0276 | top1=98.15% | top2=99.90%
  Valid | loss=0.0573 | top1=96.99% | top2=99.59% | acc=97.14% | bal_acc=97.14% | macro_f1=0.9714 | weighted_f1=0.9714 | precision_macro=0.9719 | recall_macro=0.9714
        ovr_roc_auc_macro=0.9988 | ovr_pr_auc_macro=0.9967
Epoch 13/50 | Time 0m39s
  Train | loss=0.0132 | top1=99.07% | top2=99.98%
  Valid | loss=0.0945 | top1=96.35% | top2=99.59% | acc=96.43% | bal_acc=96.43% | macro_f1=0.9642 | weighted_f1=0.9642 | precision_macro=0.9673 | recall_macro=0.9643
        ovr_roc_auc_macro=0.9980 | ovr_pr_auc_macro=0.9960
Epoch 14/50 | Time 0m40s
  Train | loss=0.0179 | top1=98.69% | top2=99.92%
  Valid | loss=0.0784 | top1=94.10% | top2=99.65% | acc=94.11% | bal_acc=94.11% | macro_f1=0.9401 | weighted_f1=0.9401 | precision_macro=0.9468 | recall_macro=0.9411
        ovr_roc_auc_macro=0.9991 | ovr_pr_auc_macro=0.9975
Epoch 15/50 | Time 0m40s
  Train | loss=0.0095 | top1=99.33% | top2=99.98%
  Valid | loss=0.0351 | top1=98.90% | top2=99.83% | acc=98.93% | bal_acc=98.93% | macro_f1=0.9893 | weighted_f1=0.9893 | precision_macro=0.9894 | recall_macro=0.9893
        ovr_roc_auc_macro=0.9995 | ovr_pr_auc_macro=0.9985
  -> best macro_f1 updated to 0.9893 (epoch 15, val_loss=0.0351)
Epoch 16/50 | Time 0m40s
  Train | loss=0.0116 | top1=99.30% | top2=100.00%
  Valid | loss=0.0574 | top1=96.01% | top2=99.13% | acc=96.07% | bal_acc=96.07% | macro_f1=0.9599 | weighted_f1=0.9599 | precision_macro=0.9628 | recall_macro=0.9607
        ovr_roc_auc_macro=0.9995 | ovr_pr_auc_macro=0.9985
Epoch 17/50 | Time 0m40s
  Train | loss=0.0236 | top1=98.71% | top2=99.90%
  Valid | loss=0.1015 | top1=95.37% | top2=99.65% | acc=95.36% | bal_acc=95.36% | macro_f1=0.9539 | weighted_f1=0.9539 | precision_macro=0.9559 | recall_macro=0.9536
        ovr_roc_auc_macro=0.9967 | ovr_pr_auc_macro=0.9933
Epoch 18/50 | Time 0m40s
  Train | loss=0.0189 | top1=98.92% | top2=99.98%
  Valid | loss=0.0446 | top1=97.92% | top2=99.42% | acc=98.04% | bal_acc=98.04% | macro_f1=0.9803 | weighted_f1=0.9803 | precision_macro=0.9805 | recall_macro=0.9804
        ovr_roc_auc_macro=0.9992 | ovr_pr_auc_macro=0.9982
Epoch 19/50 | Time 0m40s
  Train | loss=0.0131 | top1=99.13% | top2=99.94%
  Valid | loss=0.0229 | top1=98.67% | top2=99.83% | acc=98.75% | bal_acc=98.75% | macro_f1=0.9875 | weighted_f1=0.9875 | precision_macro=0.9876 | recall_macro=0.9875
        ovr_roc_auc_macro=0.9997 | ovr_pr_auc_macro=0.9992
Epoch 20/50 | Time 0m41s
  Train | loss=0.0069 | top1=99.60% | top2=100.00%
  Valid | loss=0.0173 | top1=98.67% | top2=100.00% | acc=98.75% | bal_acc=98.75% | macro_f1=0.9875 | weighted_f1=0.9875 | precision_macro=0.9876 | recall_macro=0.9875
        ovr_roc_auc_macro=0.9998 | ovr_pr_auc_macro=0.9995
Epoch 21/50 | Time 0m40s
  Train | loss=0.0032 | top1=99.86% | top2=100.00%
  Valid | loss=0.0227 | top1=98.90% | top2=100.00% | acc=98.93% | bal_acc=98.93% | macro_f1=0.9893 | weighted_f1=0.9893 | precision_macro=0.9894 | recall_macro=0.9893
        ovr_roc_auc_macro=0.9997 | ovr_pr_auc_macro=0.9992
  -> best macro_f1 updated to 0.9893 (epoch 21, val_loss=0.0227)
Epoch 22/50 | Time 0m40s
  Train | loss=0.0045 | top1=99.76% | top2=100.00%
  Valid | loss=0.0242 | top1=98.73% | top2=99.83% | acc=98.75% | bal_acc=98.75% | macro_f1=0.9875 | weighted_f1=0.9875 | precision_macro=0.9876 | recall_macro=0.9875
        ovr_roc_auc_macro=0.9998 | ovr_pr_auc_macro=0.9993
Epoch 23/50 | Time 0m40s
  Train | loss=0.0080 | top1=99.55% | top2=99.98%
  Valid | loss=0.0149 | top1=99.42% | top2=100.00% | acc=99.46% | bal_acc=99.46% | macro_f1=0.9946 | weighted_f1=0.9946 | precision_macro=0.9947 | recall_macro=0.9946
        ovr_roc_auc_macro=0.9998 | ovr_pr_auc_macro=0.9994
  -> best macro_f1 updated to 0.9946 (epoch 23, val_loss=0.0149)
Epoch 24/50 | Time 0m40s
  Train | loss=0.0051 | top1=99.62% | top2=100.00%
  Valid | loss=0.0582 | top1=98.03% | top2=99.65% | acc=98.04% | bal_acc=98.04% | macro_f1=0.9802 | weighted_f1=0.9802 | precision_macro=0.9809 | recall_macro=0.9804
        ovr_roc_auc_macro=0.9993 | ovr_pr_auc_macro=0.9980
Epoch 25/50 | Time 0m40s
  Train | loss=0.0069 | top1=99.64% | top2=99.98%
  Valid | loss=0.1326 | top1=95.25% | top2=99.42% | acc=95.36% | bal_acc=95.36% | macro_f1=0.9540 | weighted_f1=0.9540 | precision_macro=0.9593 | recall_macro=0.9536
        ovr_roc_auc_macro=0.9990 | ovr_pr_auc_macro=0.9974
Epoch 26/50 | Time 0m40s
  Train | loss=0.0077 | top1=99.45% | top2=99.96%
  Valid | loss=0.0236 | top1=99.07% | top2=99.83% | acc=99.11% | bal_acc=99.11% | macro_f1=0.9910 | weighted_f1=0.9910 | precision_macro=0.9913 | recall_macro=0.9911
        ovr_roc_auc_macro=0.9998 | ovr_pr_auc_macro=0.9994
Epoch 27/50 | Time 0m40s
  Train | loss=0.0052 | top1=99.76% | top2=99.98%
  Valid | loss=0.0245 | top1=98.73% | top2=99.83% | acc=98.75% | bal_acc=98.75% | macro_f1=0.9874 | weighted_f1=0.9874 | precision_macro=0.9878 | recall_macro=0.9875
        ovr_roc_auc_macro=0.9997 | ovr_pr_auc_macro=0.9993
Epoch 28/50 | Time 0m40s
  Train | loss=0.0031 | top1=99.80% | top2=100.00%
  Valid | loss=0.0198 | top1=98.90% | top2=100.00% | acc=98.93% | bal_acc=98.93% | macro_f1=0.9892 | weighted_f1=0.9892 | precision_macro=0.9894 | recall_macro=0.9893
        ovr_roc_auc_macro=0.9998 | ovr_pr_auc_macro=0.9994
Epoch 29/50 | Time 0m40s
  Train | loss=0.0035 | top1=99.80% | top2=100.00%
  Valid | loss=0.0629 | top1=96.12% | top2=99.65% | acc=96.25% | bal_acc=96.25% | macro_f1=0.9625 | weighted_f1=0.9625 | precision_macro=0.9649 | recall_macro=0.9625
        ovr_roc_auc_macro=0.9994 | ovr_pr_auc_macro=0.9984
Epoch 30/50 | Time 0m39s
  Train | loss=0.0091 | top1=99.51% | top2=99.98%
  Valid | loss=0.0286 | top1=98.55% | top2=99.83% | acc=98.57% | bal_acc=98.57% | macro_f1=0.9857 | weighted_f1=0.9857 | precision_macro=0.9861 | recall_macro=0.9857
        ovr_roc_auc_macro=0.9998 | ovr_pr_auc_macro=0.9994
Epoch 31/50 | Time 0m39s
  Train | loss=0.0052 | top1=99.68% | top2=100.00%
  Valid | loss=0.0300 | top1=98.67% | top2=100.00% | acc=98.75% | bal_acc=98.75% | macro_f1=0.9875 | weighted_f1=0.9875 | precision_macro=0.9876 | recall_macro=0.9875
        ovr_roc_auc_macro=0.9991 | ovr_pr_auc_macro=0.9975
Epoch 32/50 | Time 0m40s
  Train | loss=0.0056 | top1=99.70% | top2=100.00%
  Valid | loss=0.0196 | top1=99.25% | top2=99.83% | acc=99.29% | bal_acc=99.29% | macro_f1=0.9929 | weighted_f1=0.9929 | precision_macro=0.9929 | recall_macro=0.9929
        ovr_roc_auc_macro=0.9997 | ovr_pr_auc_macro=0.9991
Epoch 33/50 | Time 0m40s
  Train | loss=0.0023 | top1=99.86% | top2=100.00%
  Valid | loss=0.0234 | top1=99.07% | top2=99.83% | acc=99.11% | bal_acc=99.11% | macro_f1=0.9911 | weighted_f1=0.9911 | precision_macro=0.9911 | recall_macro=0.9911
        ovr_roc_auc_macro=0.9996 | ovr_pr_auc_macro=0.9990
  -> early stopping triggered at epoch 33

[TEST] loss=ordinal_focal_mse
  Test | loss=0.3434 | top1=94.88% | top2=95.50% | acc=94.88% | bal_acc=94.88% | macro_f1=0.9474 | weighted_f1=0.9474 | precision_macro=0.9525 | recall_macro=0.9487
        ovr_roc_auc_macro=0.9855 | ovr_pr_auc_macro=0.9737
  Confusion Matrix:
[[325  41  34   0]
 [  1 393   2   4]
 [  0   0 400   0]
 [  0   0   0 400]]
  Classification Report:
              precision    recall  f1-score   support

      glioma     0.9969    0.8125    0.8953       400
  meningioma     0.9055    0.9825    0.9424       400
     notumor     0.9174    1.0000    0.9569       400
   pituitary     0.9901    1.0000    0.9950       400

    accuracy                         0.9487      1600
   macro avg     0.9525    0.9487    0.9474      1600
weighted avg     0.9525    0.9487    0.9474      1600


##########################################################################################
Starting loss: sce
##########################################################################################
Model params: 38,992,709 | pretrained loaded: 320/361 | feat_dim=2048
Criterion: SymmetricCrossEntropyLoss
Criterion trainable params: 0
Epoch 01/50 | Time 0m40s
  Train | loss=3.9628 | top1=62.15% | top2=83.22%
  Valid | loss=2.3584 | top1=85.59% | top2=96.06% | acc=85.71% | bal_acc=85.71% | macro_f1=0.8551 | weighted_f1=0.8551 | precision_macro=0.8579 | recall_macro=0.8571
        ovr_roc_auc_macro=0.9605 | ovr_pr_auc_macro=0.9014
  -> best macro_f1 updated to 0.8551 (epoch 1, val_loss=2.3584)
Epoch 02/50 | Time 0m41s
  Train | loss=1.1956 | top1=87.74% | top2=97.46%
  Valid | loss=1.4340 | top1=83.33% | top2=94.91% | acc=83.57% | bal_acc=83.57% | macro_f1=0.8351 | weighted_f1=0.8351 | precision_macro=0.8648 | recall_macro=0.8357
        ovr_roc_auc_macro=0.9755 | ovr_pr_auc_macro=0.9406
Epoch 03/50 | Time 0m40s
  Train | loss=0.8746 | top1=89.99% | top2=98.69%
  Valid | loss=1.3468 | top1=83.56% | top2=97.63% | acc=83.57% | bal_acc=83.57% | macro_f1=0.8240 | weighted_f1=0.8240 | precision_macro=0.8503 | recall_macro=0.8357
        ovr_roc_auc_macro=0.9771 | ovr_pr_auc_macro=0.9356
Epoch 04/50 | Time 0m40s
  Train | loss=0.6914 | top1=92.02% | top2=99.09%
  Valid | loss=2.1516 | top1=75.29% | top2=95.72% | acc=75.54% | bal_acc=75.54% | macro_f1=0.7597 | weighted_f1=0.7597 | precision_macro=0.8276 | recall_macro=0.7554
        ovr_roc_auc_macro=0.9458 | ovr_pr_auc_macro=0.8758
Epoch 05/50 | Time 0m40s
  Train | loss=0.5911 | top1=93.23% | top2=99.26%
  Valid | loss=0.8033 | top1=90.74% | top2=97.97% | acc=90.89% | bal_acc=90.89% | macro_f1=0.9093 | weighted_f1=0.9093 | precision_macro=0.9218 | recall_macro=0.9089
        ovr_roc_auc_macro=0.9919 | ovr_pr_auc_macro=0.9821
  -> best macro_f1 updated to 0.9093 (epoch 5, val_loss=0.8033)
Epoch 06/50 | Time 0m40s
  Train | loss=0.3805 | top1=95.50% | top2=99.52%
  Valid | loss=0.4798 | top1=94.16% | top2=98.90% | acc=94.11% | bal_acc=94.11% | macro_f1=0.9406 | weighted_f1=0.9406 | precision_macro=0.9429 | recall_macro=0.9411
        ovr_roc_auc_macro=0.9955 | ovr_pr_auc_macro=0.9888
  -> best macro_f1 updated to 0.9406 (epoch 6, val_loss=0.4798)
Epoch 07/50 | Time 0m40s
  Train | loss=0.2639 | top1=96.99% | top2=99.70%
  Valid | loss=0.4994 | top1=94.68% | top2=98.21% | acc=94.64% | bal_acc=94.64% | macro_f1=0.9469 | weighted_f1=0.9469 | precision_macro=0.9515 | recall_macro=0.9464
        ovr_roc_auc_macro=0.9980 | ovr_pr_auc_macro=0.9945
  -> best macro_f1 updated to 0.9469 (epoch 7, val_loss=0.4994)
Epoch 08/50 | Time 0m41s
  Train | loss=0.2216 | top1=97.42% | top2=99.70%
  Valid | loss=0.3545 | top1=96.06% | top2=99.42% | acc=96.07% | bal_acc=96.07% | macro_f1=0.9606 | weighted_f1=0.9606 | precision_macro=0.9623 | recall_macro=0.9607
        ovr_roc_auc_macro=0.9971 | ovr_pr_auc_macro=0.9944
  -> best macro_f1 updated to 0.9606 (epoch 8, val_loss=0.3545)
Epoch 09/50 | Time 0m41s
  Train | loss=0.1670 | top1=98.04% | top2=99.90%
  Valid | loss=0.5135 | top1=93.23% | top2=99.83% | acc=93.21% | bal_acc=93.21% | macro_f1=0.9319 | weighted_f1=0.9319 | precision_macro=0.9368 | recall_macro=0.9321
        ovr_roc_auc_macro=0.9972 | ovr_pr_auc_macro=0.9929
Epoch 10/50 | Time 0m41s
  Train | loss=0.1487 | top1=98.31% | top2=99.90%
  Valid | loss=0.3793 | top1=96.01% | top2=99.13% | acc=96.07% | bal_acc=96.07% | macro_f1=0.9602 | weighted_f1=0.9602 | precision_macro=0.9620 | recall_macro=0.9607
        ovr_roc_auc_macro=0.9980 | ovr_pr_auc_macro=0.9949
Epoch 11/50 | Time 0m41s
  Train | loss=0.1444 | top1=98.41% | top2=99.92%
  Valid | loss=1.0924 | top1=88.54% | top2=97.97% | acc=88.57% | bal_acc=88.57% | macro_f1=0.8847 | weighted_f1=0.8847 | precision_macro=0.9069 | recall_macro=0.8857
        ovr_roc_auc_macro=0.9910 | ovr_pr_auc_macro=0.9811
Epoch 12/50 | Time 0m41s
  Train | loss=0.1059 | top1=98.69% | top2=99.96%
  Valid | loss=1.9157 | top1=77.31% | top2=96.35% | acc=77.32% | bal_acc=77.32% | macro_f1=0.7849 | weighted_f1=0.7849 | precision_macro=0.8741 | recall_macro=0.7732
        ovr_roc_auc_macro=0.9895 | ovr_pr_auc_macro=0.9743
Epoch 13/50 | Time 0m41s
  Train | loss=0.0916 | top1=98.93% | top2=99.92%
  Valid | loss=0.6853 | top1=93.29% | top2=97.57% | acc=93.39% | bal_acc=93.39% | macro_f1=0.9338 | weighted_f1=0.9338 | precision_macro=0.9415 | recall_macro=0.9339
        ovr_roc_auc_macro=0.9954 | ovr_pr_auc_macro=0.9889
Epoch 14/50 | Time 0m41s
  Train | loss=0.0840 | top1=99.07% | top2=99.90%
  Valid | loss=0.2404 | top1=97.40% | top2=100.00% | acc=97.50% | bal_acc=97.50% | macro_f1=0.9750 | weighted_f1=0.9750 | precision_macro=0.9766 | recall_macro=0.9750
        ovr_roc_auc_macro=0.9989 | ovr_pr_auc_macro=0.9974
  -> best macro_f1 updated to 0.9750 (epoch 14, val_loss=0.2404)
Epoch 15/50 | Time 0m41s
  Train | loss=0.0614 | top1=99.34% | top2=99.96%
  Valid | loss=0.5254 | top1=93.34% | top2=97.51% | acc=93.39% | bal_acc=93.39% | macro_f1=0.9315 | weighted_f1=0.9315 | precision_macro=0.9403 | recall_macro=0.9339
        ovr_roc_auc_macro=0.9995 | ovr_pr_auc_macro=0.9987
Epoch 16/50 | Time 0m41s
  Train | loss=0.0646 | top1=99.28% | top2=100.00%
  Valid | loss=0.0595 | top1=99.36% | top2=100.00% | acc=99.46% | bal_acc=99.46% | macro_f1=0.9946 | weighted_f1=0.9946 | precision_macro=0.9947 | recall_macro=0.9946
        ovr_roc_auc_macro=1.0000 | ovr_pr_auc_macro=0.9999
  -> best macro_f1 updated to 0.9946 (epoch 16, val_loss=0.0595)
Epoch 17/50 | Time 0m40s
  Train | loss=0.0310 | top1=99.68% | top2=100.00%
  Valid | loss=0.2450 | top1=97.45% | top2=100.00% | acc=97.50% | bal_acc=97.50% | macro_f1=0.9751 | weighted_f1=0.9751 | precision_macro=0.9766 | recall_macro=0.9750
        ovr_roc_auc_macro=0.9992 | ovr_pr_auc_macro=0.9978
Epoch 18/50 | Time 0m39s
  Train | loss=0.0342 | top1=99.68% | top2=100.00%
  Valid | loss=0.6603 | top1=93.52% | top2=99.13% | acc=93.57% | bal_acc=93.57% | macro_f1=0.9341 | weighted_f1=0.9341 | precision_macro=0.9440 | recall_macro=0.9357
        ovr_roc_auc_macro=0.9985 | ovr_pr_auc_macro=0.9959
Epoch 19/50 | Time 0m39s
  Train | loss=0.0420 | top1=99.60% | top2=99.98%
  Valid | loss=0.2255 | top1=97.28% | top2=99.83% | acc=97.32% | bal_acc=97.32% | macro_f1=0.9732 | weighted_f1=0.9732 | precision_macro=0.9742 | recall_macro=0.9732
        ovr_roc_auc_macro=0.9995 | ovr_pr_auc_macro=0.9987
Epoch 20/50 | Time 0m39s
  Train | loss=0.0345 | top1=99.70% | top2=99.98%
  Valid | loss=0.0845 | top1=98.90% | top2=100.00% | acc=98.93% | bal_acc=98.93% | macro_f1=0.9893 | weighted_f1=0.9893 | precision_macro=0.9897 | recall_macro=0.9893
        ovr_roc_auc_macro=0.9999 | ovr_pr_auc_macro=0.9996
Epoch 21/50 | Time 0m40s
  Train | loss=0.0281 | top1=99.66% | top2=99.96%
  Valid | loss=0.1105 | top1=98.55% | top2=100.00% | acc=98.57% | bal_acc=98.57% | macro_f1=0.9857 | weighted_f1=0.9857 | precision_macro=0.9858 | recall_macro=0.9857
        ovr_roc_auc_macro=0.9999 | ovr_pr_auc_macro=0.9996
Epoch 22/50 | Time 0m41s
  Train | loss=0.0347 | top1=99.59% | top2=100.00%
  Valid | loss=0.1686 | top1=97.86% | top2=99.83% | acc=97.86% | bal_acc=97.86% | macro_f1=0.9786 | weighted_f1=0.9786 | precision_macro=0.9793 | recall_macro=0.9786
        ovr_roc_auc_macro=0.9998 | ovr_pr_auc_macro=0.9994
Epoch 23/50 | Time 0m41s
  Train | loss=0.0351 | top1=99.64% | top2=99.96%
  Valid | loss=0.0923 | top1=98.73% | top2=100.00% | acc=98.75% | bal_acc=98.75% | macro_f1=0.9875 | weighted_f1=0.9875 | precision_macro=0.9875 | recall_macro=0.9875
        ovr_roc_auc_macro=0.9999 | ovr_pr_auc_macro=0.9996
Epoch 24/50 | Time 0m40s
  Train | loss=0.0297 | top1=99.70% | top2=100.00%
  Valid | loss=0.0962 | top1=98.90% | top2=100.00% | acc=98.93% | bal_acc=98.93% | macro_f1=0.9893 | weighted_f1=0.9893 | precision_macro=0.9893 | recall_macro=0.9893
        ovr_roc_auc_macro=0.9998 | ovr_pr_auc_macro=0.9995
Epoch 25/50 | Time 0m41s
  Train | loss=0.0146 | top1=99.84% | top2=100.00%
  Valid | loss=0.1041 | top1=98.90% | top2=100.00% | acc=98.93% | bal_acc=98.93% | macro_f1=0.9893 | weighted_f1=0.9893 | precision_macro=0.9895 | recall_macro=0.9893
        ovr_roc_auc_macro=0.9997 | ovr_pr_auc_macro=0.9993
Epoch 26/50 | Time 0m41s
  Train | loss=0.0245 | top1=99.70% | top2=100.00%
  Valid | loss=0.1335 | top1=98.55% | top2=100.00% | acc=98.57% | bal_acc=98.57% | macro_f1=0.9857 | weighted_f1=0.9857 | precision_macro=0.9859 | recall_macro=0.9857
        ovr_roc_auc_macro=0.9997 | ovr_pr_auc_macro=0.9993
  -> early stopping triggered at epoch 26

[TEST] loss=sce
  Test | loss=0.6972 | top1=94.19% | top2=95.94% | acc=94.19% | bal_acc=94.19% | macro_f1=0.9402 | weighted_f1=0.9402 | precision_macro=0.9457 | recall_macro=0.9419
        ovr_roc_auc_macro=0.9939 | ovr_pr_auc_macro=0.9881
  Confusion Matrix:
[[320  32  40   8]
 [  1 387   4   8]
 [  0   0 400   0]
 [  0   0   0 400]]
  Classification Report:
              precision    recall  f1-score   support

      glioma     0.9969    0.8000    0.8877       400
  meningioma     0.9236    0.9675    0.9451       400
     notumor     0.9009    1.0000    0.9479       400
   pituitary     0.9615    1.0000    0.9804       400

    accuracy                         0.9419      1600
   macro avg     0.9457    0.9419    0.9402      1600
weighted avg     0.9457    0.9419    0.9402      1600


##########################################################################################
Starting loss: gce
##########################################################################################
Model params: 38,992,709 | pretrained loaded: 320/361 | feat_dim=2048
Criterion: GeneralizedCrossEntropyLoss
Criterion trainable params: 0
Epoch 01/50 | Time 0m41s
  Train | loss=0.7321 | top1=60.98% | top2=82.49%
  Valid | loss=0.4330 | top1=84.03% | top2=94.79% | acc=84.11% | bal_acc=84.11% | macro_f1=0.8349 | weighted_f1=0.8349 | precision_macro=0.8465 | recall_macro=0.8411
        ovr_roc_auc_macro=0.9562 | ovr_pr_auc_macro=0.8935
  -> best macro_f1 updated to 0.8349 (epoch 1, val_loss=0.4330)
Epoch 02/50 | Time 0m40s
  Train | loss=0.2145 | top1=86.87% | top2=97.36%
  Valid | loss=0.2512 | top1=83.68% | top2=94.68% | acc=83.93% | bal_acc=83.93% | macro_f1=0.8397 | weighted_f1=0.8397 | precision_macro=0.8661 | recall_macro=0.8393
        ovr_roc_auc_macro=0.9593 | ovr_pr_auc_macro=0.9098
  -> best macro_f1 updated to 0.8397 (epoch 2, val_loss=0.2512)
Epoch 03/50 | Time 0m39s
  Train | loss=0.1515 | top1=89.15% | top2=98.21%
  Valid | loss=0.2073 | top1=86.75% | top2=96.64% | acc=86.79% | bal_acc=86.79% | macro_f1=0.8672 | weighted_f1=0.8672 | precision_macro=0.8681 | recall_macro=0.8679
        ovr_roc_auc_macro=0.9703 | ovr_pr_auc_macro=0.9280
  -> best macro_f1 updated to 0.8672 (epoch 3, val_loss=0.2073)
Epoch 04/50 | Time 0m39s
  Train | loss=0.1339 | top1=90.12% | top2=98.46%
  Valid | loss=0.3201 | top1=77.20% | top2=93.40% | acc=77.32% | bal_acc=77.32% | macro_f1=0.7762 | weighted_f1=0.7762 | precision_macro=0.8215 | recall_macro=0.7732
        ovr_roc_auc_macro=0.9363 | ovr_pr_auc_macro=0.8607
Epoch 05/50 | Time 0m40s
  Train | loss=0.1189 | top1=91.30% | top2=98.57%
  Valid | loss=0.2967 | top1=77.89% | top2=92.36% | acc=78.04% | bal_acc=78.04% | macro_f1=0.7546 | weighted_f1=0.7546 | precision_macro=0.8427 | recall_macro=0.7804
        ovr_roc_auc_macro=0.9766 | ovr_pr_auc_macro=0.9456
Epoch 06/50 | Time 0m40s
  Train | loss=0.0902 | top1=93.47% | top2=99.02%
  Valid | loss=0.0487 | top1=96.59% | top2=99.07% | acc=96.61% | bal_acc=96.61% | macro_f1=0.9660 | weighted_f1=0.9660 | precision_macro=0.9660 | recall_macro=0.9661
        ovr_roc_auc_macro=0.9942 | ovr_pr_auc_macro=0.9862
  -> best macro_f1 updated to 0.9660 (epoch 6, val_loss=0.0487)
Epoch 07/50 | Time 0m40s
  Train | loss=0.0791 | top1=94.17% | top2=98.97%
  Valid | loss=0.1870 | top1=86.05% | top2=98.03% | acc=86.07% | bal_acc=86.07% | macro_f1=0.8595 | weighted_f1=0.8595 | precision_macro=0.8949 | recall_macro=0.8607
        ovr_roc_auc_macro=0.9636 | ovr_pr_auc_macro=0.9290
Epoch 08/50 | Time 0m40s
  Train | loss=0.0653 | top1=95.23% | top2=99.23%
  Valid | loss=0.0998 | top1=92.48% | top2=97.34% | acc=92.50% | bal_acc=92.50% | macro_f1=0.9252 | weighted_f1=0.9252 | precision_macro=0.9294 | recall_macro=0.9250
        ovr_roc_auc_macro=0.9911 | ovr_pr_auc_macro=0.9822
Epoch 09/50 | Time 0m40s
  Train | loss=0.0500 | top1=96.45% | top2=99.58%
  Valid | loss=0.0508 | top1=96.30% | top2=99.25% | acc=96.25% | bal_acc=96.25% | macro_f1=0.9625 | weighted_f1=0.9625 | precision_macro=0.9627 | recall_macro=0.9625
        ovr_roc_auc_macro=0.9962 | ovr_pr_auc_macro=0.9917
Epoch 10/50 | Time 0m40s
  Train | loss=0.0431 | top1=96.93% | top2=99.70%
  Valid | loss=0.1043 | top1=92.42% | top2=98.73% | acc=92.32% | bal_acc=92.32% | macro_f1=0.9250 | weighted_f1=0.9250 | precision_macro=0.9359 | recall_macro=0.9232
        ovr_roc_auc_macro=0.9793 | ovr_pr_auc_macro=0.9596
Epoch 11/50 | Time 0m40s
  Train | loss=0.0444 | top1=96.81% | top2=99.56%
  Valid | loss=0.0550 | top1=95.49% | top2=99.25% | acc=95.54% | bal_acc=95.54% | macro_f1=0.9556 | weighted_f1=0.9556 | precision_macro=0.9572 | recall_macro=0.9554
        ovr_roc_auc_macro=0.9964 | ovr_pr_auc_macro=0.9915
Epoch 12/50 | Time 0m40s
  Train | loss=0.0337 | top1=97.48% | top2=99.70%
  Valid | loss=0.0352 | top1=97.51% | top2=99.59% | acc=97.50% | bal_acc=97.50% | macro_f1=0.9750 | weighted_f1=0.9750 | precision_macro=0.9754 | recall_macro=0.9750
        ovr_roc_auc_macro=0.9980 | ovr_pr_auc_macro=0.9951
  -> best macro_f1 updated to 0.9750 (epoch 12, val_loss=0.0352)
Epoch 13/50 | Time 0m40s
  Train | loss=0.0304 | top1=97.80% | top2=99.70%
  Valid | loss=0.0271 | top1=98.03% | top2=99.07% | acc=98.04% | bal_acc=98.04% | macro_f1=0.9803 | weighted_f1=0.9803 | precision_macro=0.9807 | recall_macro=0.9804
        ovr_roc_auc_macro=0.9978 | ovr_pr_auc_macro=0.9946
  -> best macro_f1 updated to 0.9803 (epoch 13, val_loss=0.0271)
Epoch 14/50 | Time 0m40s
  Train | loss=0.0291 | top1=98.00% | top2=99.60%
  Valid | loss=0.0276 | top1=97.97% | top2=99.77% | acc=98.04% | bal_acc=98.04% | macro_f1=0.9802 | weighted_f1=0.9802 | precision_macro=0.9803 | recall_macro=0.9804
        ovr_roc_auc_macro=0.9989 | ovr_pr_auc_macro=0.9973
Epoch 15/50 | Time 0m40s
  Train | loss=0.0254 | top1=98.17% | top2=99.70%
  Valid | loss=0.0329 | top1=97.69% | top2=99.59% | acc=97.68% | bal_acc=97.68% | macro_f1=0.9769 | weighted_f1=0.9769 | precision_macro=0.9773 | recall_macro=0.9768
        ovr_roc_auc_macro=0.9977 | ovr_pr_auc_macro=0.9940
Epoch 16/50 | Time 0m41s
  Train | loss=0.0318 | top1=97.70% | top2=99.64%
  Valid | loss=0.1918 | top1=85.82% | top2=98.55% | acc=85.71% | bal_acc=85.71% | macro_f1=0.8629 | weighted_f1=0.8629 | precision_macro=0.9034 | recall_macro=0.8571
        ovr_roc_auc_macro=0.9894 | ovr_pr_auc_macro=0.9786
Epoch 17/50 | Time 0m41s
  Train | loss=0.0205 | top1=98.55% | top2=99.66%
  Valid | loss=0.0513 | top1=96.30% | top2=99.59% | acc=96.25% | bal_acc=96.25% | macro_f1=0.9626 | weighted_f1=0.9626 | precision_macro=0.9643 | recall_macro=0.9625
        ovr_roc_auc_macro=0.9904 | ovr_pr_auc_macro=0.9800
Epoch 18/50 | Time 0m39s
  Train | loss=0.0196 | top1=98.55% | top2=99.78%
  Valid | loss=0.0401 | top1=97.16% | top2=99.25% | acc=97.14% | bal_acc=97.14% | macro_f1=0.9715 | weighted_f1=0.9715 | precision_macro=0.9722 | recall_macro=0.9714
        ovr_roc_auc_macro=0.9946 | ovr_pr_auc_macro=0.9889
Epoch 19/50 | Time 0m39s
  Train | loss=0.0189 | top1=98.66% | top2=99.70%
  Valid | loss=0.0214 | top1=98.55% | top2=99.83% | acc=98.57% | bal_acc=98.57% | macro_f1=0.9858 | weighted_f1=0.9858 | precision_macro=0.9859 | recall_macro=0.9857
        ovr_roc_auc_macro=0.9960 | ovr_pr_auc_macro=0.9914
  -> best macro_f1 updated to 0.9858 (epoch 19, val_loss=0.0214)
Epoch 20/50 | Time 0m40s
  Train | loss=0.0144 | top1=98.99% | top2=99.78%
  Valid | loss=0.0289 | top1=97.51% | top2=99.83% | acc=97.50% | bal_acc=97.50% | macro_f1=0.9749 | weighted_f1=0.9749 | precision_macro=0.9759 | recall_macro=0.9750
        ovr_roc_auc_macro=0.9968 | ovr_pr_auc_macro=0.9946
Epoch 21/50 | Time 0m40s
  Train | loss=0.0120 | top1=99.15% | top2=99.84%
  Valid | loss=0.0147 | top1=99.07% | top2=99.42% | acc=99.11% | bal_acc=99.11% | macro_f1=0.9911 | weighted_f1=0.9911 | precision_macro=0.9912 | recall_macro=0.9911
        ovr_roc_auc_macro=0.9991 | ovr_pr_auc_macro=0.9984
  -> best macro_f1 updated to 0.9911 (epoch 21, val_loss=0.0147)
Epoch 22/50 | Time 0m41s
  Train | loss=0.0162 | top1=98.89% | top2=99.76%
  Valid | loss=0.0243 | top1=98.21% | top2=99.42% | acc=98.21% | bal_acc=98.21% | macro_f1=0.9822 | weighted_f1=0.9822 | precision_macro=0.9827 | recall_macro=0.9821
        ovr_roc_auc_macro=0.9967 | ovr_pr_auc_macro=0.9939
Epoch 23/50 | Time 0m40s
  Train | loss=0.0151 | top1=98.91% | top2=99.74%
  Valid | loss=0.0367 | top1=97.45% | top2=99.59% | acc=97.50% | bal_acc=97.50% | macro_f1=0.9751 | weighted_f1=0.9751 | precision_macro=0.9753 | recall_macro=0.9750
        ovr_roc_auc_macro=0.9970 | ovr_pr_auc_macro=0.9941
Epoch 24/50 | Time 0m41s
  Train | loss=0.0114 | top1=99.24% | top2=99.88%
  Valid | loss=0.0337 | top1=97.69% | top2=99.83% | acc=97.68% | bal_acc=97.68% | macro_f1=0.9766 | weighted_f1=0.9766 | precision_macro=0.9772 | recall_macro=0.9768
        ovr_roc_auc_macro=0.9979 | ovr_pr_auc_macro=0.9958
Epoch 25/50 | Time 0m41s
  Train | loss=0.0104 | top1=99.27% | top2=99.82%
  Valid | loss=0.0373 | top1=97.16% | top2=99.07% | acc=97.14% | bal_acc=97.14% | macro_f1=0.9715 | weighted_f1=0.9715 | precision_macro=0.9724 | recall_macro=0.9714
        ovr_roc_auc_macro=0.9959 | ovr_pr_auc_macro=0.9906
Epoch 26/50 | Time 0m40s
  Train | loss=0.0132 | top1=99.09% | top2=99.86%
  Valid | loss=0.0274 | top1=98.03% | top2=99.42% | acc=98.04% | bal_acc=98.04% | macro_f1=0.9804 | weighted_f1=0.9804 | precision_macro=0.9808 | recall_macro=0.9804
        ovr_roc_auc_macro=0.9965 | ovr_pr_auc_macro=0.9937
Epoch 27/50 | Time 0m39s
  Train | loss=0.0078 | top1=99.47% | top2=99.90%
  Valid | loss=0.0232 | top1=98.55% | top2=99.42% | acc=98.57% | bal_acc=98.57% | macro_f1=0.9858 | weighted_f1=0.9858 | precision_macro=0.9861 | recall_macro=0.9857
        ovr_roc_auc_macro=0.9963 | ovr_pr_auc_macro=0.9938
Epoch 28/50 | Time 0m42s
  Train | loss=0.0102 | top1=99.26% | top2=99.86%
  Valid | loss=0.0258 | top1=98.03% | top2=99.59% | acc=98.04% | bal_acc=98.04% | macro_f1=0.9804 | weighted_f1=0.9804 | precision_macro=0.9809 | recall_macro=0.9804
        ovr_roc_auc_macro=0.9980 | ovr_pr_auc_macro=0.9955
Epoch 29/50 | Time 0m40s
  Train | loss=0.0133 | top1=99.02% | top2=99.80%
  Valid | loss=0.0281 | top1=98.03% | top2=99.59% | acc=98.04% | bal_acc=98.04% | macro_f1=0.9804 | weighted_f1=0.9804 | precision_macro=0.9809 | recall_macro=0.9804
        ovr_roc_auc_macro=0.9969 | ovr_pr_auc_macro=0.9947
Epoch 30/50 | Time 0m39s
  Train | loss=0.0113 | top1=99.16% | top2=99.85%
  Valid | loss=0.0289 | top1=98.03% | top2=99.25% | acc=98.04% | bal_acc=98.04% | macro_f1=0.9803 | weighted_f1=0.9803 | precision_macro=0.9810 | recall_macro=0.9804
        ovr_roc_auc_macro=0.9986 | ovr_pr_auc_macro=0.9959
Epoch 31/50 | Time 0m39s
  Train | loss=0.0085 | top1=99.39% | top2=99.90%
  Valid | loss=0.0237 | top1=98.21% | top2=99.42% | acc=98.21% | bal_acc=98.21% | macro_f1=0.9822 | weighted_f1=0.9822 | precision_macro=0.9828 | recall_macro=0.9821
        ovr_roc_auc_macro=0.9980 | ovr_pr_auc_macro=0.9957
  -> early stopping triggered at epoch 31

[TEST] loss=gce
  Test | loss=0.0889 | top1=93.75% | top2=96.25% | acc=93.75% | bal_acc=93.75% | macro_f1=0.9364 | weighted_f1=0.9364 | precision_macro=0.9433 | recall_macro=0.9375
        ovr_roc_auc_macro=0.9814 | ovr_pr_auc_macro=0.9612
  Confusion Matrix:
[[319  32  49   0]
 [  0 391   7   2]
 [  0   8 392   0]
 [  0   2   0 398]]
  Classification Report:
              precision    recall  f1-score   support

      glioma     1.0000    0.7975    0.8873       400
  meningioma     0.9030    0.9775    0.9388       400
     notumor     0.8750    0.9800    0.9245       400
   pituitary     0.9950    0.9950    0.9950       400

    accuracy                         0.9375      1600
   macro avg     0.9433    0.9375    0.9364      1600
weighted avg     0.9433    0.9375    0.9364      1600


##########################################################################################
Starting loss: dast
##########################################################################################
Model params: 38,992,709 | pretrained loaded: 320/361 | feat_dim=2048
Criterion: DistanceAwareSoftTargetLoss
Criterion trainable params: 0
Epoch 01/50 | Time 0m39s
  Train | loss=0.7503 | top1=65.59% | top2=85.42%
  Valid | loss=0.5909 | top1=82.35% | top2=93.69% | acc=82.68% | bal_acc=82.68% | macro_f1=0.8218 | weighted_f1=0.8218 | precision_macro=0.8254 | recall_macro=0.8268
        ovr_roc_auc_macro=0.9525 | ovr_pr_auc_macro=0.8993
  -> best macro_f1 updated to 0.8218 (epoch 1, val_loss=0.5909)
Epoch 02/50 | Time 0m38s
  Train | loss=0.5227 | top1=87.92% | top2=97.03%
  Valid | loss=0.5238 | top1=87.44% | top2=95.83% | acc=87.50% | bal_acc=87.50% | macro_f1=0.8740 | weighted_f1=0.8740 | precision_macro=0.8807 | recall_macro=0.8750
        ovr_roc_auc_macro=0.9823 | ovr_pr_auc_macro=0.9570
  -> best macro_f1 updated to 0.8740 (epoch 2, val_loss=0.5238)
Epoch 03/50 | Time 0m38s
  Train | loss=0.5031 | top1=89.90% | top2=97.90%
  Valid | loss=0.5636 | top1=84.61% | top2=93.46% | acc=84.64% | bal_acc=84.64% | macro_f1=0.8503 | weighted_f1=0.8503 | precision_macro=0.8816 | recall_macro=0.8464
        ovr_roc_auc_macro=0.9759 | ovr_pr_auc_macro=0.9416
Epoch 04/50 | Time 0m38s
  Train | loss=0.4899 | top1=91.28% | top2=98.11%
  Valid | loss=0.5116 | top1=88.77% | top2=97.69% | acc=88.93% | bal_acc=88.93% | macro_f1=0.8913 | weighted_f1=0.8913 | precision_macro=0.9059 | recall_macro=0.8893
        ovr_roc_auc_macro=0.9793 | ovr_pr_auc_macro=0.9509
  -> best macro_f1 updated to 0.8913 (epoch 4, val_loss=0.5116)
Epoch 05/50 | Time 0m38s
  Train | loss=0.4771 | top1=92.99% | top2=98.35%
  Valid | loss=0.5228 | top1=85.71% | top2=95.20% | acc=85.71% | bal_acc=85.71% | macro_f1=0.8401 | weighted_f1=0.8401 | precision_macro=0.8754 | recall_macro=0.8571
        ovr_roc_auc_macro=0.9846 | ovr_pr_auc_macro=0.9659
Epoch 06/50 | Time 0m38s
  Train | loss=0.4536 | top1=95.33% | top2=99.24%
  Valid | loss=0.4601 | top1=95.72% | top2=98.73% | acc=95.71% | bal_acc=95.71% | macro_f1=0.9575 | weighted_f1=0.9575 | precision_macro=0.9588 | recall_macro=0.9571
        ovr_roc_auc_macro=0.9938 | ovr_pr_auc_macro=0.9875
  -> best macro_f1 updated to 0.9575 (epoch 6, val_loss=0.4601)
Epoch 07/50 | Time 0m39s
  Train | loss=0.4447 | top1=96.59% | top2=99.33%
  Valid | loss=0.5290 | top1=88.72% | top2=96.59% | acc=88.75% | bal_acc=88.75% | macro_f1=0.8901 | weighted_f1=0.8901 | precision_macro=0.9108 | recall_macro=0.8875
        ovr_roc_auc_macro=0.9841 | ovr_pr_auc_macro=0.9633
Epoch 08/50 | Time 0m39s
  Train | loss=0.4367 | top1=97.53% | top2=99.50%
  Valid | loss=0.4393 | top1=97.22% | top2=99.02% | acc=97.32% | bal_acc=97.32% | macro_f1=0.9733 | weighted_f1=0.9733 | precision_macro=0.9739 | recall_macro=0.9732
        ovr_roc_auc_macro=0.9984 | ovr_pr_auc_macro=0.9966
  -> best macro_f1 updated to 0.9733 (epoch 8, val_loss=0.4393)
Epoch 09/50 | Time 0m38s
  Train | loss=0.4288 | top1=98.15% | top2=99.74%
  Valid | loss=0.4483 | top1=96.53% | top2=99.02% | acc=96.61% | bal_acc=96.61% | macro_f1=0.9661 | weighted_f1=0.9661 | precision_macro=0.9669 | recall_macro=0.9661
        ovr_roc_auc_macro=0.9939 | ovr_pr_auc_macro=0.9866
Epoch 10/50 | Time 0m37s
  Train | loss=0.4259 | top1=98.58% | top2=99.76%
  Valid | loss=0.4341 | top1=97.80% | top2=99.19% | acc=97.86% | bal_acc=97.86% | macro_f1=0.9785 | weighted_f1=0.9785 | precision_macro=0.9786 | recall_macro=0.9786
        ovr_roc_auc_macro=0.9971 | ovr_pr_auc_macro=0.9963
  -> best macro_f1 updated to 0.9785 (epoch 10, val_loss=0.4341)
Epoch 11/50 | Time 0m37s
  Train | loss=0.4250 | top1=98.46% | top2=99.74%
  Valid | loss=0.4495 | top1=97.45% | top2=98.50% | acc=97.50% | bal_acc=97.50% | macro_f1=0.9750 | weighted_f1=0.9750 | precision_macro=0.9766 | recall_macro=0.9750
        ovr_roc_auc_macro=0.9928 | ovr_pr_auc_macro=0.9904
Epoch 12/50 | Time 0m37s
  Train | loss=0.4349 | top1=97.94% | top2=99.45%
  Valid | loss=0.4954 | top1=92.53% | top2=97.63% | acc=92.68% | bal_acc=92.68% | macro_f1=0.9268 | weighted_f1=0.9268 | precision_macro=0.9305 | recall_macro=0.9268
        ovr_roc_auc_macro=0.9807 | ovr_pr_auc_macro=0.9678
Epoch 13/50 | Time 0m37s
  Train | loss=0.4220 | top1=99.01% | top2=99.90%
  Valid | loss=0.4331 | top1=97.80% | top2=99.36% | acc=97.86% | bal_acc=97.86% | macro_f1=0.9786 | weighted_f1=0.9786 | precision_macro=0.9789 | recall_macro=0.9786
        ovr_roc_auc_macro=0.9984 | ovr_pr_auc_macro=0.9969
  -> best macro_f1 updated to 0.9786 (epoch 13, val_loss=0.4331)
Epoch 14/50 | Time 0m37s
  Train | loss=0.4207 | top1=99.15% | top2=99.88%
  Valid | loss=0.4397 | top1=97.57% | top2=99.07% | acc=97.68% | bal_acc=97.68% | macro_f1=0.9766 | weighted_f1=0.9766 | precision_macro=0.9771 | recall_macro=0.9768
        ovr_roc_auc_macro=0.9947 | ovr_pr_auc_macro=0.9926
Epoch 15/50 | Time 0m37s
  Train | loss=0.4158 | top1=99.70% | top2=99.98%
  Valid | loss=0.4297 | top1=98.15% | top2=99.36% | acc=98.21% | bal_acc=98.21% | macro_f1=0.9821 | weighted_f1=0.9821 | precision_macro=0.9825 | recall_macro=0.9821
        ovr_roc_auc_macro=0.9970 | ovr_pr_auc_macro=0.9951
  -> best macro_f1 updated to 0.9821 (epoch 15, val_loss=0.4297)
Epoch 16/50 | Time 0m37s
  Train | loss=0.4172 | top1=99.56% | top2=99.91%
  Valid | loss=0.4346 | top1=97.45% | top2=99.25% | acc=97.50% | bal_acc=97.50% | macro_f1=0.9750 | weighted_f1=0.9750 | precision_macro=0.9753 | recall_macro=0.9750
        ovr_roc_auc_macro=0.9962 | ovr_pr_auc_macro=0.9946
Epoch 17/50 | Time 0m41s
  Train | loss=0.4159 | top1=99.64% | top2=99.94%
  Valid | loss=0.4473 | top1=97.11% | top2=98.84% | acc=97.14% | bal_acc=97.14% | macro_f1=0.9715 | weighted_f1=0.9715 | precision_macro=0.9736 | recall_macro=0.9714
        ovr_roc_auc_macro=0.9943 | ovr_pr_auc_macro=0.9920
Epoch 18/50 | Time 0m41s
  Train | loss=0.4201 | top1=99.35% | top2=99.84%
  Valid | loss=0.4341 | top1=97.80% | top2=99.42% | acc=97.86% | bal_acc=97.86% | macro_f1=0.9786 | weighted_f1=0.9786 | precision_macro=0.9786 | recall_macro=0.9786
        ovr_roc_auc_macro=0.9971 | ovr_pr_auc_macro=0.9960
Epoch 19/50 | Time 0m40s
  Train | loss=0.4195 | top1=99.33% | top2=99.88%
  Valid | loss=0.4261 | top1=99.07% | top2=99.59% | acc=99.11% | bal_acc=99.11% | macro_f1=0.9911 | weighted_f1=0.9911 | precision_macro=0.9911 | recall_macro=0.9911
        ovr_roc_auc_macro=0.9974 | ovr_pr_auc_macro=0.9971
  -> best macro_f1 updated to 0.9911 (epoch 19, val_loss=0.4261)
Epoch 20/50 | Time 0m37s
  Train | loss=0.4176 | top1=99.51% | top2=99.84%
  Valid | loss=0.4262 | top1=98.73% | top2=99.42% | acc=98.75% | bal_acc=98.75% | macro_f1=0.9875 | weighted_f1=0.9875 | precision_macro=0.9876 | recall_macro=0.9875
        ovr_roc_auc_macro=0.9986 | ovr_pr_auc_macro=0.9983
Epoch 21/50 | Time 0m37s
  Train | loss=0.4142 | top1=99.84% | top2=99.98%
  Valid | loss=0.4236 | top1=99.07% | top2=99.59% | acc=99.11% | bal_acc=99.11% | macro_f1=0.9911 | weighted_f1=0.9911 | precision_macro=0.9912 | recall_macro=0.9911
        ovr_roc_auc_macro=0.9975 | ovr_pr_auc_macro=0.9973
  -> best macro_f1 updated to 0.9911 (epoch 21, val_loss=0.4236)
Epoch 22/50 | Time 0m37s
  Train | loss=0.4137 | top1=99.85% | top2=99.96%
  Valid | loss=0.4236 | top1=99.07% | top2=99.59% | acc=99.11% | bal_acc=99.11% | macro_f1=0.9911 | weighted_f1=0.9911 | precision_macro=0.9912 | recall_macro=0.9911
        ovr_roc_auc_macro=0.9975 | ovr_pr_auc_macro=0.9974
Epoch 23/50 | Time 0m37s
  Train | loss=0.4147 | top1=99.76% | top2=99.94%
  Valid | loss=0.4312 | top1=98.73% | top2=99.25% | acc=98.75% | bal_acc=98.75% | macro_f1=0.9875 | weighted_f1=0.9875 | precision_macro=0.9880 | recall_macro=0.9875
        ovr_roc_auc_macro=0.9965 | ovr_pr_auc_macro=0.9959
Epoch 24/50 | Time 0m40s
  Train | loss=0.4154 | top1=99.72% | top2=99.94%
  Valid | loss=0.4317 | top1=97.97% | top2=99.25% | acc=98.04% | bal_acc=98.04% | macro_f1=0.9803 | weighted_f1=0.9803 | precision_macro=0.9808 | recall_macro=0.9804
        ovr_roc_auc_macro=0.9982 | ovr_pr_auc_macro=0.9974
Epoch 25/50 | Time 0m41s
  Train | loss=0.4145 | top1=99.76% | top2=100.00%
  Valid | loss=0.4242 | top1=98.90% | top2=99.59% | acc=98.93% | bal_acc=98.93% | macro_f1=0.9893 | weighted_f1=0.9893 | precision_macro=0.9893 | recall_macro=0.9893
        ovr_roc_auc_macro=0.9975 | ovr_pr_auc_macro=0.9973
Epoch 26/50 | Time 0m38s
  Train | loss=0.4149 | top1=99.72% | top2=99.96%
  Valid | loss=0.4336 | top1=98.73% | top2=99.42% | acc=98.75% | bal_acc=98.75% | macro_f1=0.9875 | weighted_f1=0.9875 | precision_macro=0.9875 | recall_macro=0.9875
        ovr_roc_auc_macro=0.9939 | ovr_pr_auc_macro=0.9857
Epoch 27/50 | Time 0m37s
  Train | loss=0.4141 | top1=99.80% | top2=99.96%
  Valid | loss=0.4247 | top1=99.07% | top2=99.42% | acc=99.11% | bal_acc=99.11% | macro_f1=0.9910 | weighted_f1=0.9910 | precision_macro=0.9911 | recall_macro=0.9911
        ovr_roc_auc_macro=0.9978 | ovr_pr_auc_macro=0.9947
Epoch 28/50 | Time 0m36s
  Train | loss=0.4135 | top1=99.84% | top2=99.98%
  Valid | loss=0.4227 | top1=99.42% | top2=99.59% | acc=99.46% | bal_acc=99.46% | macro_f1=0.9946 | weighted_f1=0.9946 | precision_macro=0.9947 | recall_macro=0.9946
        ovr_roc_auc_macro=0.9987 | ovr_pr_auc_macro=0.9984
  -> best macro_f1 updated to 0.9946 (epoch 28, val_loss=0.4227)
Epoch 29/50 | Time 0m37s
  Train | loss=0.4133 | top1=99.86% | top2=100.00%
  Valid | loss=0.4240 | top1=99.25% | top2=99.59% | acc=99.29% | bal_acc=99.29% | macro_f1=0.9928 | weighted_f1=0.9928 | precision_macro=0.9929 | recall_macro=0.9929
        ovr_roc_auc_macro=0.9983 | ovr_pr_auc_macro=0.9978
Epoch 30/50 | Time 0m37s
  Train | loss=0.4135 | top1=99.80% | top2=99.98%
  Valid | loss=0.4258 | top1=99.07% | top2=99.59% | acc=99.11% | bal_acc=99.11% | macro_f1=0.9911 | weighted_f1=0.9911 | precision_macro=0.9911 | recall_macro=0.9911
        ovr_roc_auc_macro=0.9975 | ovr_pr_auc_macro=0.9972
Epoch 31/50 | Time 0m37s
  Train | loss=0.4141 | top1=99.78% | top2=99.96%
  Valid | loss=0.4254 | top1=99.07% | top2=99.59% | acc=99.11% | bal_acc=99.11% | macro_f1=0.9911 | weighted_f1=0.9911 | precision_macro=0.9912 | recall_macro=0.9911
        ovr_roc_auc_macro=0.9973 | ovr_pr_auc_macro=0.9967
Epoch 32/50 | Time 0m37s
  Train | loss=0.4131 | top1=99.90% | top2=99.98%
  Valid | loss=0.4228 | top1=99.25% | top2=99.59% | acc=99.29% | bal_acc=99.29% | macro_f1=0.9928 | weighted_f1=0.9928 | precision_macro=0.9929 | recall_macro=0.9929
        ovr_roc_auc_macro=0.9975 | ovr_pr_auc_macro=0.9974
Epoch 33/50 | Time 0m37s
  Train | loss=0.4129 | top1=99.88% | top2=100.00%
  Valid | loss=0.4250 | top1=99.07% | top2=99.59% | acc=99.11% | bal_acc=99.11% | macro_f1=0.9911 | weighted_f1=0.9911 | precision_macro=0.9911 | recall_macro=0.9911
        ovr_roc_auc_macro=0.9975 | ovr_pr_auc_macro=0.9974
Epoch 34/50 | Time 0m37s
  Train | loss=0.4126 | top1=99.92% | top2=100.00%
  Valid | loss=0.4236 | top1=99.42% | top2=99.59% | acc=99.46% | bal_acc=99.46% | macro_f1=0.9946 | weighted_f1=0.9946 | precision_macro=0.9947 | recall_macro=0.9946
        ovr_roc_auc_macro=0.9975 | ovr_pr_auc_macro=0.9974
Epoch 35/50 | Time 0m37s
  Train | loss=0.4128 | top1=99.88% | top2=100.00%
  Valid | loss=0.4239 | top1=99.25% | top2=99.59% | acc=99.29% | bal_acc=99.29% | macro_f1=0.9928 | weighted_f1=0.9928 | precision_macro=0.9929 | recall_macro=0.9929
        ovr_roc_auc_macro=0.9980 | ovr_pr_auc_macro=0.9976
Epoch 36/50 | Time 0m37s
  Train | loss=0.4130 | top1=99.88% | top2=100.00%
  Valid | loss=0.4233 | top1=99.25% | top2=99.59% | acc=99.29% | bal_acc=99.29% | macro_f1=0.9928 | weighted_f1=0.9928 | precision_macro=0.9929 | recall_macro=0.9929
        ovr_roc_auc_macro=0.9987 | ovr_pr_auc_macro=0.9985
Epoch 37/50 | Time 0m37s
  Train | loss=0.4127 | top1=99.88% | top2=100.00%
  Valid | loss=0.4229 | top1=99.25% | top2=99.77% | acc=99.29% | bal_acc=99.29% | macro_f1=0.9928 | weighted_f1=0.9928 | precision_macro=0.9929 | recall_macro=0.9929
        ovr_roc_auc_macro=0.9987 | ovr_pr_auc_macro=0.9985
Epoch 38/50 | Time 0m37s
  Train | loss=0.4128 | top1=99.90% | top2=100.00%
  Valid | loss=0.4228 | top1=99.25% | top2=99.59% | acc=99.29% | bal_acc=99.29% | macro_f1=0.9928 | weighted_f1=0.9928 | precision_macro=0.9929 | recall_macro=0.9929
        ovr_roc_auc_macro=0.9987 | ovr_pr_auc_macro=0.9985
  -> early stopping triggered at epoch 38

[TEST] loss=dast
  Test | loss=0.4953 | top1=94.31% | top2=95.88% | acc=94.31% | bal_acc=94.31% | macro_f1=0.9417 | weighted_f1=0.9417 | precision_macro=0.9480 | recall_macro=0.9431
        ovr_roc_auc_macro=0.9833 | ovr_pr_auc_macro=0.9614
  Confusion Matrix:
[[319  43  38   0]
 [  0 391   6   3]
 [  0   1 399   0]
 [  0   0   0 400]]
  Classification Report:
              precision    recall  f1-score   support

      glioma     1.0000    0.7975    0.8873       400
  meningioma     0.8989    0.9775    0.9365       400
     notumor     0.9007    0.9975    0.9466       400
   pituitary     0.9926    1.0000    0.9963       400

    accuracy                         0.9431      1600
   macro avg     0.9480    0.9431    0.9417      1600
weighted avg     0.9480    0.9431    0.9417      1600


##########################################################################################
Starting loss: pcol
##########################################################################################
Model params: 38,992,709 | pretrained loaded: 320/361 | feat_dim=2048
Criterion: PrototypeConsistencyOrdinalLoss
Criterion trainable params: 8,192
Epoch 01/50 | Time 0m37s
  Train | loss=1.1077 | top1=64.46% | top2=83.72%
  Valid | loss=0.6684 | top1=84.09% | top2=97.11% | acc=84.29% | bal_acc=84.29% | macro_f1=0.8376 | weighted_f1=0.8376 | precision_macro=0.8416 | recall_macro=0.8429
        ovr_roc_auc_macro=0.9643 | ovr_pr_auc_macro=0.9117
  -> best macro_f1 updated to 0.8376 (epoch 1, val_loss=0.6684)
Epoch 02/50 | Time 0m37s
  Train | loss=0.3863 | top1=88.05% | top2=98.47%
  Valid | loss=0.2918 | top1=92.30% | top2=98.90% | acc=92.32% | bal_acc=92.32% | macro_f1=0.9231 | weighted_f1=0.9231 | precision_macro=0.9256 | recall_macro=0.9232
        ovr_roc_auc_macro=0.9849 | ovr_pr_auc_macro=0.9625
  -> best macro_f1 updated to 0.9231 (epoch 2, val_loss=0.2918)
Epoch 03/50 | Time 0m37s
  Train | loss=0.2797 | top1=90.59% | top2=99.12%
  Valid | loss=0.4480 | top1=88.25% | top2=96.47% | acc=88.21% | bal_acc=88.21% | macro_f1=0.8799 | weighted_f1=0.8799 | precision_macro=0.8872 | recall_macro=0.8821
        ovr_roc_auc_macro=0.9845 | ovr_pr_auc_macro=0.9543
Epoch 04/50 | Time 0m37s
  Train | loss=0.2435 | top1=91.77% | top2=99.22%
  Valid | loss=0.6583 | top1=74.19% | top2=89.93% | acc=74.29% | bal_acc=74.29% | macro_f1=0.7313 | weighted_f1=0.7313 | precision_macro=0.8048 | recall_macro=0.7429
        ovr_roc_auc_macro=0.9654 | ovr_pr_auc_macro=0.9139
Epoch 05/50 | Time 0m37s
  Train | loss=0.2108 | top1=92.98% | top2=99.33%
  Valid | loss=2.9714 | top1=25.00% | top2=51.33% | acc=25.18% | bal_acc=25.18% | macro_f1=0.1037 | weighted_f1=0.1037 | precision_macro=0.3126 | recall_macro=0.2518
        ovr_roc_auc_macro=0.8071 | ovr_pr_auc_macro=0.5881
Epoch 06/50 | Time 0m37s
  Train | loss=0.1484 | top1=95.33% | top2=99.55%
  Valid | loss=0.3215 | top1=90.97% | top2=99.25% | acc=91.25% | bal_acc=91.25% | macro_f1=0.9159 | weighted_f1=0.9159 | precision_macro=0.9342 | recall_macro=0.9125
        ovr_roc_auc_macro=0.9893 | ovr_pr_auc_macro=0.9708
Epoch 07/50 | Time 0m38s
  Train | loss=0.0846 | top1=97.36% | top2=99.92%
  Valid | loss=0.1442 | top1=95.54% | top2=99.59% | acc=95.54% | bal_acc=95.54% | macro_f1=0.9552 | weighted_f1=0.9552 | precision_macro=0.9604 | recall_macro=0.9554
        ovr_roc_auc_macro=0.9984 | ovr_pr_auc_macro=0.9959
  -> best macro_f1 updated to 0.9552 (epoch 7, val_loss=0.1442)
Epoch 08/50 | Time 0m39s
  Train | loss=0.0742 | top1=97.80% | top2=99.84%
  Valid | loss=0.1534 | top1=94.85% | top2=99.25% | acc=95.00% | bal_acc=95.00% | macro_f1=0.9499 | weighted_f1=0.9499 | precision_macro=0.9549 | recall_macro=0.9500
        ovr_roc_auc_macro=0.9987 | ovr_pr_auc_macro=0.9967
Epoch 09/50 | Time 0m37s
  Train | loss=0.0437 | top1=98.81% | top2=99.96%
  Valid | loss=0.0703 | top1=97.57% | top2=100.00% | acc=97.68% | bal_acc=97.68% | macro_f1=0.9767 | weighted_f1=0.9767 | precision_macro=0.9772 | recall_macro=0.9768
        ovr_roc_auc_macro=0.9996 | ovr_pr_auc_macro=0.9987
  -> best macro_f1 updated to 0.9767 (epoch 9, val_loss=0.0703)
Epoch 10/50 | Time 0m38s
  Train | loss=0.0529 | top1=98.21% | top2=99.85%
  Valid | loss=0.0458 | top1=98.67% | top2=100.00% | acc=98.75% | bal_acc=98.75% | macro_f1=0.9874 | weighted_f1=0.9874 | precision_macro=0.9877 | recall_macro=0.9875
        ovr_roc_auc_macro=0.9997 | ovr_pr_auc_macro=0.9992
  -> best macro_f1 updated to 0.9874 (epoch 10, val_loss=0.0458)
Epoch 11/50 | Time 0m39s
  Train | loss=0.0412 | top1=98.83% | top2=99.90%
  Valid | loss=0.0793 | top1=98.03% | top2=100.00% | acc=98.04% | bal_acc=98.04% | macro_f1=0.9803 | weighted_f1=0.9803 | precision_macro=0.9809 | recall_macro=0.9804
        ovr_roc_auc_macro=0.9988 | ovr_pr_auc_macro=0.9974
Epoch 12/50 | Time 0m38s
  Train | loss=0.0249 | top1=99.47% | top2=99.90%
  Valid | loss=0.0929 | top1=97.11% | top2=99.42% | acc=97.14% | bal_acc=97.14% | macro_f1=0.9717 | weighted_f1=0.9717 | precision_macro=0.9731 | recall_macro=0.9714
        ovr_roc_auc_macro=0.9996 | ovr_pr_auc_macro=0.9990
Epoch 13/50 | Time 0m37s
  Train | loss=0.0328 | top1=99.01% | top2=99.92%
  Valid | loss=0.0429 | top1=98.90% | top2=100.00% | acc=98.93% | bal_acc=98.93% | macro_f1=0.9893 | weighted_f1=0.9893 | precision_macro=0.9894 | recall_macro=0.9893
        ovr_roc_auc_macro=0.9996 | ovr_pr_auc_macro=0.9989
  -> best macro_f1 updated to 0.9893 (epoch 13, val_loss=0.0429)
Epoch 14/50 | Time 0m38s
  Train | loss=0.0286 | top1=99.18% | top2=99.96%
  Valid | loss=0.0607 | top1=98.15% | top2=99.83% | acc=98.21% | bal_acc=98.21% | macro_f1=0.9821 | weighted_f1=0.9821 | precision_macro=0.9823 | recall_macro=0.9821
        ovr_roc_auc_macro=0.9995 | ovr_pr_auc_macro=0.9985
Epoch 15/50 | Time 0m38s
  Train | loss=0.0158 | top1=99.56% | top2=100.00%
  Valid | loss=0.1223 | top1=96.76% | top2=99.59% | acc=96.79% | bal_acc=96.79% | macro_f1=0.9680 | weighted_f1=0.9680 | precision_macro=0.9693 | recall_macro=0.9679
        ovr_roc_auc_macro=0.9986 | ovr_pr_auc_macro=0.9970
Epoch 16/50 | Time 0m37s
  Train | loss=0.0200 | top1=99.48% | top2=100.00%
  Valid | loss=0.0334 | top1=99.07% | top2=100.00% | acc=99.11% | bal_acc=99.11% | macro_f1=0.9911 | weighted_f1=0.9911 | precision_macro=0.9912 | recall_macro=0.9911
        ovr_roc_auc_macro=0.9996 | ovr_pr_auc_macro=0.9990
  -> best macro_f1 updated to 0.9911 (epoch 16, val_loss=0.0334)
Epoch 17/50 | Time 0m38s
  Train | loss=0.0259 | top1=99.05% | top2=99.96%
  Valid | loss=0.0504 | top1=98.38% | top2=100.00% | acc=98.39% | bal_acc=98.39% | macro_f1=0.9839 | weighted_f1=0.9839 | precision_macro=0.9842 | recall_macro=0.9839
        ovr_roc_auc_macro=0.9998 | ovr_pr_auc_macro=0.9993
Epoch 18/50 | Time 0m38s
  Train | loss=0.0267 | top1=99.17% | top2=100.00%
  Valid | loss=0.0468 | top1=98.50% | top2=100.00% | acc=98.57% | bal_acc=98.57% | macro_f1=0.9857 | weighted_f1=0.9857 | precision_macro=0.9863 | recall_macro=0.9857
        ovr_roc_auc_macro=0.9999 | ovr_pr_auc_macro=0.9997
Epoch 19/50 | Time 0m38s
  Train | loss=0.0115 | top1=99.70% | top2=99.98%
  Valid | loss=0.0316 | top1=99.25% | top2=100.00% | acc=99.29% | bal_acc=99.29% | macro_f1=0.9929 | weighted_f1=0.9929 | precision_macro=0.9929 | recall_macro=0.9929
        ovr_roc_auc_macro=0.9998 | ovr_pr_auc_macro=0.9996
  -> best macro_f1 updated to 0.9929 (epoch 19, val_loss=0.0316)
Epoch 20/50 | Time 0m38s
  Train | loss=0.0105 | top1=99.80% | top2=100.00%
  Valid | loss=0.0254 | top1=99.25% | top2=100.00% | acc=99.29% | bal_acc=99.29% | macro_f1=0.9929 | weighted_f1=0.9929 | precision_macro=0.9931 | recall_macro=0.9929
        ovr_roc_auc_macro=0.9999 | ovr_pr_auc_macro=0.9997
  -> best macro_f1 updated to 0.9929 (epoch 20, val_loss=0.0254)
Epoch 21/50 | Time 0m37s
  Train | loss=0.0071 | top1=99.82% | top2=100.00%
  Valid | loss=0.0301 | top1=99.07% | top2=100.00% | acc=99.11% | bal_acc=99.11% | macro_f1=0.9911 | weighted_f1=0.9911 | precision_macro=0.9914 | recall_macro=0.9911
        ovr_roc_auc_macro=0.9999 | ovr_pr_auc_macro=0.9998
Epoch 22/50 | Time 0m38s
  Train | loss=0.0157 | top1=99.55% | top2=100.00%
  Valid | loss=0.0452 | top1=98.67% | top2=100.00% | acc=98.75% | bal_acc=98.75% | macro_f1=0.9875 | weighted_f1=0.9875 | precision_macro=0.9878 | recall_macro=0.9875
        ovr_roc_auc_macro=0.9998 | ovr_pr_auc_macro=0.9994
Epoch 23/50 | Time 0m37s
  Train | loss=0.0106 | top1=99.76% | top2=99.98%
  Valid | loss=0.0326 | top1=98.73% | top2=100.00% | acc=98.75% | bal_acc=98.75% | macro_f1=0.9875 | weighted_f1=0.9875 | precision_macro=0.9875 | recall_macro=0.9875
        ovr_roc_auc_macro=0.9999 | ovr_pr_auc_macro=0.9996
Epoch 24/50 | Time 0m38s
  Train | loss=0.0095 | top1=99.72% | top2=100.00%
  Valid | loss=0.0196 | top1=99.59% | top2=100.00% | acc=99.64% | bal_acc=99.64% | macro_f1=0.9964 | weighted_f1=0.9964 | precision_macro=0.9965 | recall_macro=0.9964
        ovr_roc_auc_macro=0.9999 | ovr_pr_auc_macro=0.9998
  -> best macro_f1 updated to 0.9964 (epoch 24, val_loss=0.0196)
Epoch 25/50 | Time 0m39s
  Train | loss=0.0069 | top1=99.84% | top2=100.00%
  Valid | loss=0.0152 | top1=99.77% | top2=100.00% | acc=99.82% | bal_acc=99.82% | macro_f1=0.9982 | weighted_f1=0.9982 | precision_macro=0.9982 | recall_macro=0.9982
        ovr_roc_auc_macro=1.0000 | ovr_pr_auc_macro=0.9999
  -> best macro_f1 updated to 0.9982 (epoch 25, val_loss=0.0152)
Epoch 26/50 | Time 0m37s
  Train | loss=0.0053 | top1=99.88% | top2=100.00%
  Valid | loss=0.0246 | top1=99.25% | top2=100.00% | acc=99.29% | bal_acc=99.29% | macro_f1=0.9929 | weighted_f1=0.9929 | precision_macro=0.9931 | recall_macro=0.9929
        ovr_roc_auc_macro=0.9999 | ovr_pr_auc_macro=0.9998
Epoch 27/50 | Time 0m38s
  Train | loss=0.0070 | top1=99.80% | top2=99.98%
  Valid | loss=0.0253 | top1=99.25% | top2=99.83% | acc=99.29% | bal_acc=99.29% | macro_f1=0.9929 | weighted_f1=0.9929 | precision_macro=0.9929 | recall_macro=0.9929
        ovr_roc_auc_macro=0.9999 | ovr_pr_auc_macro=0.9997
Epoch 28/50 | Time 0m38s
  Train | loss=0.0104 | top1=99.66% | top2=100.00%
  Valid | loss=0.0701 | top1=98.15% | top2=100.00% | acc=98.21% | bal_acc=98.21% | macro_f1=0.9822 | weighted_f1=0.9822 | precision_macro=0.9828 | recall_macro=0.9821
        ovr_roc_auc_macro=0.9994 | ovr_pr_auc_macro=0.9987
Epoch 29/50 | Time 0m37s
  Train | loss=0.0081 | top1=99.80% | top2=100.00%
  Valid | loss=0.0367 | top1=98.90% | top2=100.00% | acc=98.93% | bal_acc=98.93% | macro_f1=0.9892 | weighted_f1=0.9892 | precision_macro=0.9896 | recall_macro=0.9893
        ovr_roc_auc_macro=0.9999 | ovr_pr_auc_macro=0.9996
Epoch 30/50 | Time 0m38s
  Train | loss=0.0058 | top1=99.84% | top2=100.00%
  Valid | loss=0.0176 | top1=99.25% | top2=100.00% | acc=99.29% | bal_acc=99.29% | macro_f1=0.9929 | weighted_f1=0.9929 | precision_macro=0.9929 | recall_macro=0.9929
        ovr_roc_auc_macro=1.0000 | ovr_pr_auc_macro=0.9999
Epoch 31/50 | Time 0m38s
  Train | loss=0.0057 | top1=99.87% | top2=100.00%
  Valid | loss=0.0190 | top1=99.42% | top2=100.00% | acc=99.46% | bal_acc=99.46% | macro_f1=0.9946 | weighted_f1=0.9946 | precision_macro=0.9948 | recall_macro=0.9946
        ovr_roc_auc_macro=1.0000 | ovr_pr_auc_macro=0.9999
Epoch 32/50 | Time 0m38s
  Train | loss=0.0070 | top1=99.78% | top2=100.00%
  Valid | loss=0.0271 | top1=98.84% | top2=100.00% | acc=98.93% | bal_acc=98.93% | macro_f1=0.9893 | weighted_f1=0.9893 | precision_macro=0.9896 | recall_macro=0.9893
        ovr_roc_auc_macro=0.9999 | ovr_pr_auc_macro=0.9998
Epoch 33/50 | Time 0m38s
  Train | loss=0.0047 | top1=99.86% | top2=100.00%
  Valid | loss=0.0171 | top1=99.25% | top2=100.00% | acc=99.29% | bal_acc=99.29% | macro_f1=0.9929 | weighted_f1=0.9929 | precision_macro=0.9929 | recall_macro=0.9929
        ovr_roc_auc_macro=0.9999 | ovr_pr_auc_macro=0.9998
Epoch 34/50 | Time 0m37s
  Train | loss=0.0040 | top1=99.88% | top2=100.00%
  Valid | loss=0.0213 | top1=99.25% | top2=100.00% | acc=99.29% | bal_acc=99.29% | macro_f1=0.9929 | weighted_f1=0.9929 | precision_macro=0.9929 | recall_macro=0.9929
        ovr_roc_auc_macro=0.9999 | ovr_pr_auc_macro=0.9998
Epoch 35/50 | Time 0m37s
  Train | loss=0.0037 | top1=99.90% | top2=100.00%
  Valid | loss=0.0186 | top1=99.42% | top2=100.00% | acc=99.46% | bal_acc=99.46% | macro_f1=0.9946 | weighted_f1=0.9946 | precision_macro=0.9947 | recall_macro=0.9946
        ovr_roc_auc_macro=1.0000 | ovr_pr_auc_macro=0.9999
  -> early stopping triggered at epoch 35

[TEST] loss=pcol
  Test | loss=0.3661 | top1=94.94% | top2=96.25% | acc=94.94% | bal_acc=94.94% | macro_f1=0.9481 | weighted_f1=0.9481 | precision_macro=0.9531 | recall_macro=0.9494
        ovr_roc_auc_macro=0.9936 | ovr_pr_auc_macro=0.9886
  Confusion Matrix:
[[325  39  36   0]
 [  2 395   1   2]
 [  0   0 400   0]
 [  0   1   0 399]]
  Classification Report:
              precision    recall  f1-score   support

      glioma     0.9939    0.8125    0.8941       400
  meningioma     0.9080    0.9875    0.9461       400
     notumor     0.9153    1.0000    0.9558       400
   pituitary     0.9950    0.9975    0.9963       400

    accuracy                         0.9494      1600
   macro avg     0.9531    0.9494    0.9481      1600
weighted avg     0.9531    0.9494    0.9481      1600


##########################################################################################
Starting loss: aom
##########################################################################################
Model params: 38,992,709 | pretrained loaded: 320/361 | feat_dim=2048
Criterion: AdaptiveOrdinalMarginLoss
Criterion trainable params: 0
Epoch 01/50 | Time 0m38s
  Train | loss=1.0533 | top1=63.47% | top2=83.83%
  Valid | loss=0.6457 | top1=85.01% | top2=95.14% | acc=85.18% | bal_acc=85.18% | macro_f1=0.8504 | weighted_f1=0.8504 | precision_macro=0.8502 | recall_macro=0.8518
        ovr_roc_auc_macro=0.9605 | ovr_pr_auc_macro=0.8998
  -> best macro_f1 updated to 0.8504 (epoch 1, val_loss=0.6457)
Epoch 02/50 | Time 0m38s
  Train | loss=0.3630 | top1=87.35% | top2=97.96%
  Valid | loss=0.3578 | top1=87.04% | top2=98.21% | acc=87.32% | bal_acc=87.32% | macro_f1=0.8751 | weighted_f1=0.8751 | precision_macro=0.8958 | recall_macro=0.8732
        ovr_roc_auc_macro=0.9825 | ovr_pr_auc_macro=0.9548
  -> best macro_f1 updated to 0.8751 (epoch 2, val_loss=0.3578)
Epoch 03/50 | Time 0m38s
  Train | loss=0.2686 | top1=89.54% | top2=98.99%
  Valid | loss=0.6586 | top1=72.40% | top2=89.53% | acc=72.50% | bal_acc=72.50% | macro_f1=0.7064 | weighted_f1=0.7064 | precision_macro=0.7893 | recall_macro=0.7250
        ovr_roc_auc_macro=0.9542 | ovr_pr_auc_macro=0.8874
Epoch 04/50 | Time 0m38s
  Train | loss=0.2305 | top1=91.50% | top2=98.94%
  Valid | loss=1.3381 | top1=57.18% | top2=76.39% | acc=57.32% | bal_acc=57.32% | macro_f1=0.5225 | weighted_f1=0.5225 | precision_macro=0.5562 | recall_macro=0.5732
        ovr_roc_auc_macro=0.8710 | ovr_pr_auc_macro=0.7009
Epoch 05/50 | Time 0m39s
  Train | loss=0.1760 | top1=93.48% | top2=99.44%
  Valid | loss=2.3670 | top1=42.25% | top2=75.06% | acc=42.68% | bal_acc=42.68% | macro_f1=0.3355 | weighted_f1=0.3355 | precision_macro=0.6986 | recall_macro=0.4268
        ovr_roc_auc_macro=0.8485 | ovr_pr_auc_macro=0.7224
Epoch 06/50 | Time 0m38s
  Train | loss=0.1086 | top1=95.64% | top2=99.62%
  Valid | loss=0.1401 | top1=95.20% | top2=98.61% | acc=95.18% | bal_acc=95.18% | macro_f1=0.9519 | weighted_f1=0.9519 | precision_macro=0.9529 | recall_macro=0.9518
        ovr_roc_auc_macro=0.9959 | ovr_pr_auc_macro=0.9894
  -> best macro_f1 updated to 0.9519 (epoch 6, val_loss=0.1401)
Epoch 07/50 | Time 0m38s
  Train | loss=0.0877 | top1=96.74% | top2=99.64%
  Valid | loss=0.1779 | top1=92.53% | top2=99.48% | acc=92.50% | bal_acc=92.50% | macro_f1=0.9245 | weighted_f1=0.9245 | precision_macro=0.9325 | recall_macro=0.9250
        ovr_roc_auc_macro=0.9948 | ovr_pr_auc_macro=0.9867
Epoch 08/50 | Time 0m38s
  Train | loss=0.0696 | top1=97.22% | top2=99.82%
  Valid | loss=0.1747 | top1=94.44% | top2=98.90% | acc=94.46% | bal_acc=94.46% | macro_f1=0.9446 | weighted_f1=0.9446 | precision_macro=0.9470 | recall_macro=0.9446
        ovr_roc_auc_macro=0.9953 | ovr_pr_auc_macro=0.9898
Epoch 09/50 | Time 0m37s
  Train | loss=0.0451 | top1=98.36% | top2=99.84%
  Valid | loss=0.1042 | top1=97.05% | top2=99.59% | acc=97.14% | bal_acc=97.14% | macro_f1=0.9714 | weighted_f1=0.9714 | precision_macro=0.9721 | recall_macro=0.9714
        ovr_roc_auc_macro=0.9977 | ovr_pr_auc_macro=0.9943
  -> best macro_f1 updated to 0.9714 (epoch 9, val_loss=0.1042)
Epoch 10/50 | Time 0m37s
  Train | loss=0.0320 | top1=98.77% | top2=99.92%
  Valid | loss=0.0995 | top1=96.70% | top2=99.59% | acc=96.79% | bal_acc=96.79% | macro_f1=0.9679 | weighted_f1=0.9679 | precision_macro=0.9688 | recall_macro=0.9679
        ovr_roc_auc_macro=0.9987 | ovr_pr_auc_macro=0.9966
Epoch 11/50 | Time 0m37s
  Train | loss=0.0440 | top1=98.43% | top2=99.87%
  Valid | loss=0.0858 | top1=97.40% | top2=99.77% | acc=97.50% | bal_acc=97.50% | macro_f1=0.9749 | weighted_f1=0.9749 | precision_macro=0.9755 | recall_macro=0.9750
        ovr_roc_auc_macro=0.9991 | ovr_pr_auc_macro=0.9973
  -> best macro_f1 updated to 0.9749 (epoch 11, val_loss=0.0858)
Epoch 12/50 | Time 0m37s
  Train | loss=0.0377 | top1=98.66% | top2=99.90%
  Valid | loss=0.2929 | top1=93.06% | top2=99.42% | acc=93.21% | bal_acc=93.21% | macro_f1=0.9323 | weighted_f1=0.9323 | precision_macro=0.9361 | recall_macro=0.9321
        ovr_roc_auc_macro=0.9909 | ovr_pr_auc_macro=0.9733
Epoch 13/50 | Time 0m37s
  Train | loss=0.0268 | top1=99.03% | top2=99.90%
  Valid | loss=0.0547 | top1=97.97% | top2=99.83% | acc=98.04% | bal_acc=98.04% | macro_f1=0.9803 | weighted_f1=0.9803 | precision_macro=0.9807 | recall_macro=0.9804
        ovr_roc_auc_macro=0.9995 | ovr_pr_auc_macro=0.9985
  -> best macro_f1 updated to 0.9803 (epoch 13, val_loss=0.0547)
Epoch 14/50 | Time 0m37s
  Train | loss=0.0217 | top1=99.23% | top2=99.98%
  Valid | loss=0.0876 | top1=97.34% | top2=99.65% | acc=97.32% | bal_acc=97.32% | macro_f1=0.9730 | weighted_f1=0.9730 | precision_macro=0.9741 | recall_macro=0.9732
        ovr_roc_auc_macro=0.9992 | ovr_pr_auc_macro=0.9978
Epoch 15/50 | Time 0m37s
  Train | loss=0.0142 | top1=99.60% | top2=100.00%
  Valid | loss=0.0649 | top1=98.38% | top2=99.83% | acc=98.39% | bal_acc=98.39% | macro_f1=0.9838 | weighted_f1=0.9838 | precision_macro=0.9843 | recall_macro=0.9839
        ovr_roc_auc_macro=0.9998 | ovr_pr_auc_macro=0.9994
  -> best macro_f1 updated to 0.9838 (epoch 15, val_loss=0.0649)
Epoch 16/50 | Time 0m37s
  Train | loss=0.0126 | top1=99.52% | top2=100.00%
  Valid | loss=0.0263 | top1=99.07% | top2=99.83% | acc=99.11% | bal_acc=99.11% | macro_f1=0.9911 | weighted_f1=0.9911 | precision_macro=0.9911 | recall_macro=0.9911
        ovr_roc_auc_macro=0.9999 | ovr_pr_auc_macro=0.9997
  -> best macro_f1 updated to 0.9911 (epoch 16, val_loss=0.0263)
Epoch 17/50 | Time 0m37s
  Train | loss=0.0165 | top1=99.45% | top2=99.98%
  Valid | loss=0.0811 | top1=98.32% | top2=99.83% | acc=98.39% | bal_acc=98.39% | macro_f1=0.9840 | weighted_f1=0.9840 | precision_macro=0.9844 | recall_macro=0.9839
        ovr_roc_auc_macro=0.9972 | ovr_pr_auc_macro=0.9951
Epoch 18/50 | Time 0m37s
  Train | loss=0.0223 | top1=99.23% | top2=100.00%
  Valid | loss=0.1154 | top1=96.70% | top2=99.25% | acc=96.79% | bal_acc=96.79% | macro_f1=0.9678 | weighted_f1=0.9678 | precision_macro=0.9685 | recall_macro=0.9679
        ovr_roc_auc_macro=0.9981 | ovr_pr_auc_macro=0.9953
Epoch 19/50 | Time 0m37s
  Train | loss=0.0196 | top1=99.33% | top2=99.98%
  Valid | loss=0.0323 | top1=98.90% | top2=100.00% | acc=98.93% | bal_acc=98.93% | macro_f1=0.9893 | weighted_f1=0.9893 | precision_macro=0.9895 | recall_macro=0.9893
        ovr_roc_auc_macro=0.9999 | ovr_pr_auc_macro=0.9996
Epoch 20/50 | Time 0m37s
  Train | loss=0.0123 | top1=99.62% | top2=100.00%
  Valid | loss=0.0426 | top1=98.38% | top2=99.48% | acc=98.39% | bal_acc=98.39% | macro_f1=0.9839 | weighted_f1=0.9839 | precision_macro=0.9843 | recall_macro=0.9839
        ovr_roc_auc_macro=0.9998 | ovr_pr_auc_macro=0.9995
Epoch 21/50 | Time 0m37s
  Train | loss=0.0066 | top1=99.80% | top2=100.00%
  Valid | loss=0.0372 | top1=98.55% | top2=99.65% | acc=98.57% | bal_acc=98.57% | macro_f1=0.9857 | weighted_f1=0.9857 | precision_macro=0.9857 | recall_macro=0.9857
        ovr_roc_auc_macro=0.9998 | ovr_pr_auc_macro=0.9994
Epoch 22/50 | Time 0m37s
  Train | loss=0.0071 | top1=99.78% | top2=99.98%
  Valid | loss=0.0290 | top1=98.73% | top2=100.00% | acc=98.75% | bal_acc=98.75% | macro_f1=0.9875 | weighted_f1=0.9875 | precision_macro=0.9877 | recall_macro=0.9875
        ovr_roc_auc_macro=0.9998 | ovr_pr_auc_macro=0.9994
Epoch 23/50 | Time 0m37s
  Train | loss=0.0075 | top1=99.76% | top2=100.00%
  Valid | loss=0.0321 | top1=98.73% | top2=99.83% | acc=98.75% | bal_acc=98.75% | macro_f1=0.9875 | weighted_f1=0.9875 | precision_macro=0.9876 | recall_macro=0.9875
        ovr_roc_auc_macro=0.9999 | ovr_pr_auc_macro=0.9996
Epoch 24/50 | Time 0m36s
  Train | loss=0.0242 | top1=99.25% | top2=99.96%
  Valid | loss=0.0587 | top1=98.15% | top2=99.59% | acc=98.21% | bal_acc=98.21% | macro_f1=0.9821 | weighted_f1=0.9821 | precision_macro=0.9825 | recall_macro=0.9821
        ovr_roc_auc_macro=0.9997 | ovr_pr_auc_macro=0.9991
Epoch 25/50 | Time 0m37s
  Train | loss=0.0115 | top1=99.64% | top2=100.00%
  Valid | loss=0.0482 | top1=98.67% | top2=99.77% | acc=98.75% | bal_acc=98.75% | macro_f1=0.9875 | weighted_f1=0.9875 | precision_macro=0.9878 | recall_macro=0.9875
        ovr_roc_auc_macro=0.9997 | ovr_pr_auc_macro=0.9992
Epoch 26/50 | Time 0m37s
  Train | loss=0.0040 | top1=99.82% | top2=100.00%
  Valid | loss=0.0552 | top1=98.50% | top2=100.00% | acc=98.57% | bal_acc=98.57% | macro_f1=0.9857 | weighted_f1=0.9857 | precision_macro=0.9859 | recall_macro=0.9857
        ovr_roc_auc_macro=0.9998 | ovr_pr_auc_macro=0.9994
  -> early stopping triggered at epoch 26

[TEST] loss=aom
  Test | loss=0.5261 | top1=94.56% | top2=95.56% | acc=94.56% | bal_acc=94.56% | macro_f1=0.9442 | weighted_f1=0.9442 | precision_macro=0.9505 | recall_macro=0.9456
        ovr_roc_auc_macro=0.9860 | ovr_pr_auc_macro=0.9761
  Confusion Matrix:
[[320  33  47   0]
 [  0 393   4   3]
 [  0   0 400   0]
 [  0   0   0 400]]
  Classification Report:
              precision    recall  f1-score   support

      glioma     1.0000    0.8000    0.8889       400
  meningioma     0.9225    0.9825    0.9516       400
     notumor     0.8869    1.0000    0.9401       400
   pituitary     0.9926    1.0000    0.9963       400

    accuracy                         0.9456      1600
   macro avg     0.9505    0.9456    0.9442      1600
weighted avg     0.9505    0.9456    0.9442      1600


==========================================================================================
Summary CSV saved: E:\Paper\Computer-Vision-for-Medicine\Brain_Tumor_MRI_Loss\logs\ResNet_layer2+MDFA_20260324_181334_summary.csv
Top results by test_macro_f1:
  ce: macro_f1=0.9482, acc=0.9494, top1=0.9494
  pcol: macro_f1=0.9481, acc=0.9494, top1=0.9494
  ordinal_focal_mse: macro_f1=0.9474, acc=0.9487, top1=0.9487
  cb_focal_ce: macro_f1=0.9443, acc=0.9456, top1=0.9456
  aom: macro_f1=0.9442, acc=0.9456, top1=0.9456
  dast: macro_f1=0.9417, acc=0.9431, top1=0.9431
  sce: macro_f1=0.9402, acc=0.9419, top1=0.9419
  gce: macro_f1=0.9364, acc=0.9375, top1=0.9375
==========================================================================================
