==========================================================================================
Script: ResNet_layer3+MDFA
Module: MDFA | Insert after: layer3
Device: cuda
CUDA: NVIDIA GeForce RTX 4080 SUPER
Train dir: E:\Paper\Computer-Vision-for-Medicine\Brain_Tumor_MRI\Training
Test dir : E:\Paper\Computer-Vision-for-Medicine\Brain_Tumor_MRI\Testing
Config | batch_size=16, epochs=50, num_workers=0, image_size=224, base_lr=0.001, val_ratio=0.1, patience=10
Losses to run: ['ce', 'cb_focal_ce', 'ordinal_focal_mse', 'sce', 'gce', 'dast', 'pcol', 'aom']
==========================================================================================
Split sizes | train=5040, valid=560, test=1600
Classes (4): ['glioma', 'meningioma', 'notumor', 'pituitary']
Train class counts: [1260, 1260, 1260, 1260]
Loading torchvision ResNet50 pretrained weights once...
Pretrained state keys: 320

##########################################################################################
Starting loss: ce
##########################################################################################
Model params: 85,402,181 | pretrained loaded: 320/361 | feat_dim=2048
Criterion: CrossEntropyLoss
Criterion trainable params: 0
Epoch 01/50 | Time 0m37s
  Train | loss=0.5762 | top1=82.00% | top2=94.46%
  Valid | loss=0.1871 | top1=93.04% | top2=98.93% | acc=93.04% | bal_acc=93.04% | macro_f1=0.9303 | weighted_f1=0.9303 | precision_macro=0.9306 | recall_macro=0.9304
        ovr_roc_auc_macro=0.9928 | ovr_pr_auc_macro=0.9816
  -> best macro_f1 updated to 0.9303 (epoch 1, val_loss=0.1871)
Epoch 02/50 | Time 0m37s
  Train | loss=0.1939 | top1=93.15% | top2=98.95%
  Valid | loss=0.1676 | top1=94.11% | top2=99.29% | acc=94.11% | bal_acc=94.11% | macro_f1=0.9410 | weighted_f1=0.9410 | precision_macro=0.9436 | recall_macro=0.9411
        ovr_roc_auc_macro=0.9954 | ovr_pr_auc_macro=0.9881
  -> best macro_f1 updated to 0.9410 (epoch 2, val_loss=0.1676)
Epoch 03/50 | Time 0m37s
  Train | loss=0.1499 | top1=94.90% | top2=99.25%
  Valid | loss=0.2408 | top1=91.79% | top2=99.82% | acc=91.79% | bal_acc=91.79% | macro_f1=0.9197 | weighted_f1=0.9197 | precision_macro=0.9339 | recall_macro=0.9179
        ovr_roc_auc_macro=0.9946 | ovr_pr_auc_macro=0.9875
Epoch 04/50 | Time 0m36s
  Train | loss=0.1046 | top1=96.35% | top2=99.54%
  Valid | loss=0.2268 | top1=96.07% | top2=99.64% | acc=96.07% | bal_acc=96.07% | macro_f1=0.9608 | weighted_f1=0.9608 | precision_macro=0.9618 | recall_macro=0.9607
        ovr_roc_auc_macro=0.9960 | ovr_pr_auc_macro=0.9861
  -> best macro_f1 updated to 0.9608 (epoch 4, val_loss=0.2268)
Epoch 05/50 | Time 0m36s
  Train | loss=0.0837 | top1=97.22% | top2=99.68%
  Valid | loss=0.1116 | top1=96.79% | top2=99.82% | acc=96.79% | bal_acc=96.79% | macro_f1=0.9677 | weighted_f1=0.9677 | precision_macro=0.9688 | recall_macro=0.9679
        ovr_roc_auc_macro=0.9963 | ovr_pr_auc_macro=0.9875
  -> best macro_f1 updated to 0.9677 (epoch 5, val_loss=0.1116)
Epoch 06/50 | Time 0m36s
  Train | loss=0.0562 | top1=98.25% | top2=99.86%
  Valid | loss=0.1376 | top1=97.32% | top2=99.82% | acc=97.32% | bal_acc=97.32% | macro_f1=0.9731 | weighted_f1=0.9731 | precision_macro=0.9736 | recall_macro=0.9732
        ovr_roc_auc_macro=0.9947 | ovr_pr_auc_macro=0.9832
  -> best macro_f1 updated to 0.9731 (epoch 6, val_loss=0.1376)
Epoch 07/50 | Time 0m36s
  Train | loss=0.0519 | top1=98.19% | top2=99.74%
  Valid | loss=0.3703 | top1=98.04% | top2=99.64% | acc=98.04% | bal_acc=98.04% | macro_f1=0.9803 | weighted_f1=0.9803 | precision_macro=0.9804 | recall_macro=0.9804
        ovr_roc_auc_macro=0.9957 | ovr_pr_auc_macro=0.9900
  -> best macro_f1 updated to 0.9803 (epoch 7, val_loss=0.3703)
Epoch 08/50 | Time 0m36s
  Train | loss=0.0327 | top1=98.95% | top2=99.96%
  Valid | loss=0.0581 | top1=98.93% | top2=100.00% | acc=98.93% | bal_acc=98.93% | macro_f1=0.9893 | weighted_f1=0.9893 | precision_macro=0.9895 | recall_macro=0.9893
        ovr_roc_auc_macro=0.9986 | ovr_pr_auc_macro=0.9969
  -> best macro_f1 updated to 0.9893 (epoch 8, val_loss=0.0581)
Epoch 09/50 | Time 0m36s
  Train | loss=0.0362 | top1=98.83% | top2=99.90%
  Valid | loss=0.0647 | top1=98.75% | top2=100.00% | acc=98.75% | bal_acc=98.75% | macro_f1=0.9875 | weighted_f1=0.9875 | precision_macro=0.9880 | recall_macro=0.9875
        ovr_roc_auc_macro=0.9991 | ovr_pr_auc_macro=0.9980
Epoch 10/50 | Time 0m36s
  Train | loss=0.0301 | top1=99.11% | top2=99.90%
  Valid | loss=0.0559 | top1=97.86% | top2=100.00% | acc=97.86% | bal_acc=97.86% | macro_f1=0.9785 | weighted_f1=0.9785 | precision_macro=0.9788 | recall_macro=0.9786
        ovr_roc_auc_macro=0.9994 | ovr_pr_auc_macro=0.9982
Epoch 11/50 | Time 0m36s
  Train | loss=0.0259 | top1=99.13% | top2=100.00%
  Valid | loss=0.1533 | top1=99.11% | top2=100.00% | acc=99.11% | bal_acc=99.11% | macro_f1=0.9911 | weighted_f1=0.9911 | precision_macro=0.9911 | recall_macro=0.9911
        ovr_roc_auc_macro=0.9970 | ovr_pr_auc_macro=0.9916
  -> best macro_f1 updated to 0.9911 (epoch 11, val_loss=0.1533)
Epoch 12/50 | Time 0m36s
  Train | loss=0.0370 | top1=98.89% | top2=99.92%
  Valid | loss=0.1043 | top1=98.57% | top2=100.00% | acc=98.57% | bal_acc=98.57% | macro_f1=0.9857 | weighted_f1=0.9857 | precision_macro=0.9857 | recall_macro=0.9857
        ovr_roc_auc_macro=0.9974 | ovr_pr_auc_macro=0.9912
Epoch 13/50 | Time 0m36s
  Train | loss=0.0265 | top1=99.19% | top2=99.92%
  Valid | loss=0.0320 | top1=99.11% | top2=100.00% | acc=99.11% | bal_acc=99.11% | macro_f1=0.9911 | weighted_f1=0.9911 | precision_macro=0.9914 | recall_macro=0.9911
        ovr_roc_auc_macro=0.9998 | ovr_pr_auc_macro=0.9995
  -> best macro_f1 updated to 0.9911 (epoch 13, val_loss=0.0320)
Epoch 14/50 | Time 0m36s
  Train | loss=0.0233 | top1=99.29% | top2=99.86%
  Valid | loss=0.0603 | top1=98.21% | top2=99.82% | acc=98.21% | bal_acc=98.21% | macro_f1=0.9821 | weighted_f1=0.9821 | precision_macro=0.9826 | recall_macro=0.9821
        ovr_roc_auc_macro=0.9995 | ovr_pr_auc_macro=0.9986
Epoch 15/50 | Time 0m36s
  Train | loss=0.0333 | top1=99.15% | top2=99.96%
  Valid | loss=0.0856 | top1=98.57% | top2=100.00% | acc=98.57% | bal_acc=98.57% | macro_f1=0.9857 | weighted_f1=0.9857 | precision_macro=0.9859 | recall_macro=0.9857
        ovr_roc_auc_macro=0.9982 | ovr_pr_auc_macro=0.9938
Epoch 16/50 | Time 0m36s
  Train | loss=0.0228 | top1=99.35% | top2=99.92%
  Valid | loss=0.0888 | top1=98.21% | top2=99.82% | acc=98.21% | bal_acc=98.21% | macro_f1=0.9821 | weighted_f1=0.9821 | precision_macro=0.9829 | recall_macro=0.9821
        ovr_roc_auc_macro=0.9986 | ovr_pr_auc_macro=0.9961
Epoch 17/50 | Time 0m36s
  Train | loss=0.0260 | top1=99.17% | top2=99.94%
  Valid | loss=0.0541 | top1=98.93% | top2=100.00% | acc=98.93% | bal_acc=98.93% | macro_f1=0.9893 | weighted_f1=0.9893 | precision_macro=0.9896 | recall_macro=0.9893
        ovr_roc_auc_macro=0.9987 | ovr_pr_auc_macro=0.9965
Epoch 18/50 | Time 0m36s
  Train | loss=0.0088 | top1=99.62% | top2=99.94%
  Valid | loss=0.0445 | top1=99.29% | top2=100.00% | acc=99.29% | bal_acc=99.29% | macro_f1=0.9928 | weighted_f1=0.9928 | precision_macro=0.9930 | recall_macro=0.9929
        ovr_roc_auc_macro=0.9994 | ovr_pr_auc_macro=0.9982
  -> best macro_f1 updated to 0.9928 (epoch 18, val_loss=0.0445)
Epoch 19/50 | Time 0m36s
  Train | loss=0.0120 | top1=99.70% | top2=100.00%
  Valid | loss=0.0519 | top1=98.93% | top2=100.00% | acc=98.93% | bal_acc=98.93% | macro_f1=0.9893 | weighted_f1=0.9893 | precision_macro=0.9895 | recall_macro=0.9893
        ovr_roc_auc_macro=0.9992 | ovr_pr_auc_macro=0.9979
Epoch 20/50 | Time 0m36s
  Train | loss=0.0114 | top1=99.62% | top2=99.96%
  Valid | loss=0.0633 | top1=98.57% | top2=100.00% | acc=98.57% | bal_acc=98.57% | macro_f1=0.9857 | weighted_f1=0.9857 | precision_macro=0.9858 | recall_macro=0.9857
        ovr_roc_auc_macro=0.9988 | ovr_pr_auc_macro=0.9974
Epoch 21/50 | Time 0m36s
  Train | loss=0.0145 | top1=99.44% | top2=99.96%
  Valid | loss=0.1075 | top1=98.39% | top2=99.64% | acc=98.39% | bal_acc=98.39% | macro_f1=0.9839 | weighted_f1=0.9839 | precision_macro=0.9839 | recall_macro=0.9839
        ovr_roc_auc_macro=0.9972 | ovr_pr_auc_macro=0.9913
Epoch 22/50 | Time 0m36s
  Train | loss=0.0154 | top1=99.42% | top2=100.00%
  Valid | loss=0.0601 | top1=98.93% | top2=100.00% | acc=98.93% | bal_acc=98.93% | macro_f1=0.9893 | weighted_f1=0.9893 | precision_macro=0.9894 | recall_macro=0.9893
        ovr_roc_auc_macro=0.9984 | ovr_pr_auc_macro=0.9958
Epoch 23/50 | Time 0m36s
  Train | loss=0.0133 | top1=99.58% | top2=99.96%
  Valid | loss=0.0438 | top1=98.93% | top2=100.00% | acc=98.93% | bal_acc=98.93% | macro_f1=0.9892 | weighted_f1=0.9892 | precision_macro=0.9896 | recall_macro=0.9893
        ovr_roc_auc_macro=0.9994 | ovr_pr_auc_macro=0.9987
Epoch 24/50 | Time 0m36s
  Train | loss=0.0139 | top1=99.66% | top2=99.98%
  Valid | loss=0.0699 | top1=98.75% | top2=99.82% | acc=98.75% | bal_acc=98.75% | macro_f1=0.9875 | weighted_f1=0.9875 | precision_macro=0.9876 | recall_macro=0.9875
        ovr_roc_auc_macro=0.9983 | ovr_pr_auc_macro=0.9972
Epoch 25/50 | Time 0m36s
  Train | loss=0.0084 | top1=99.74% | top2=99.98%
  Valid | loss=0.0415 | top1=99.11% | top2=100.00% | acc=99.11% | bal_acc=99.11% | macro_f1=0.9911 | weighted_f1=0.9911 | precision_macro=0.9911 | recall_macro=0.9911
        ovr_roc_auc_macro=0.9996 | ovr_pr_auc_macro=0.9989
Epoch 26/50 | Time 0m36s
  Train | loss=0.0095 | top1=99.74% | top2=100.00%
  Valid | loss=0.0547 | top1=98.93% | top2=99.82% | acc=98.93% | bal_acc=98.93% | macro_f1=0.9892 | weighted_f1=0.9892 | precision_macro=0.9894 | recall_macro=0.9893
        ovr_roc_auc_macro=0.9982 | ovr_pr_auc_macro=0.9961
Epoch 27/50 | Time 0m36s
  Train | loss=0.0094 | top1=99.74% | top2=100.00%
  Valid | loss=0.0839 | top1=98.57% | top2=99.82% | acc=98.57% | bal_acc=98.57% | macro_f1=0.9856 | weighted_f1=0.9856 | precision_macro=0.9859 | recall_macro=0.9857
        ovr_roc_auc_macro=0.9989 | ovr_pr_auc_macro=0.9969
Epoch 28/50 | Time 0m36s
  Train | loss=0.0055 | top1=99.74% | top2=100.00%
  Valid | loss=0.0295 | top1=99.11% | top2=100.00% | acc=99.11% | bal_acc=99.11% | macro_f1=0.9910 | weighted_f1=0.9910 | precision_macro=0.9912 | recall_macro=0.9911
        ovr_roc_auc_macro=0.9999 | ovr_pr_auc_macro=0.9997
  -> early stopping triggered at epoch 28

[TEST] loss=ce
  Test | loss=0.4527 | top1=95.31% | top2=96.44% | acc=95.31% | bal_acc=95.31% | macro_f1=0.9521 | weighted_f1=0.9521 | precision_macro=0.9564 | recall_macro=0.9531
        ovr_roc_auc_macro=0.9908 | ovr_pr_auc_macro=0.9749
  Confusion Matrix:
[[332  39  26   3]
 [  0 396   0   4]
 [  0   3 397   0]
 [  0   0   0 400]]
  Classification Report:
              precision    recall  f1-score   support

      glioma     1.0000    0.8300    0.9071       400
  meningioma     0.9041    0.9900    0.9451       400
     notumor     0.9385    0.9925    0.9648       400
   pituitary     0.9828    1.0000    0.9913       400

    accuracy                         0.9531      1600
   macro avg     0.9564    0.9531    0.9521      1600
weighted avg     0.9564    0.9531    0.9521      1600


##########################################################################################
Starting loss: cb_focal_ce
##########################################################################################
Model params: 85,402,181 | pretrained loaded: 320/361 | feat_dim=2048
Criterion: ClassBalancedFocalCELoss
Criterion trainable params: 0
Epoch 01/50 | Time 0m36s
  Train | loss=0.2609 | top1=82.32% | top2=94.74%
  Valid | loss=0.1223 | top1=91.79% | top2=99.46% | acc=91.79% | bal_acc=91.79% | macro_f1=0.9188 | weighted_f1=0.9188 | precision_macro=0.9215 | recall_macro=0.9179
        ovr_roc_auc_macro=0.9838 | ovr_pr_auc_macro=0.9530
  -> best macro_f1 updated to 0.9188 (epoch 1, val_loss=0.1223)
Epoch 02/50 | Time 0m36s
  Train | loss=0.0841 | top1=93.13% | top2=98.95%
  Valid | loss=0.0606 | top1=94.64% | top2=99.64% | acc=94.64% | bal_acc=94.64% | macro_f1=0.9451 | weighted_f1=0.9451 | precision_macro=0.9478 | recall_macro=0.9464
        ovr_roc_auc_macro=0.9958 | ovr_pr_auc_macro=0.9887
  -> best macro_f1 updated to 0.9451 (epoch 2, val_loss=0.0606)
Epoch 03/50 | Time 0m36s
  Train | loss=0.0682 | top1=94.78% | top2=99.19%
  Valid | loss=0.1892 | top1=88.93% | top2=99.11% | acc=88.93% | bal_acc=88.93% | macro_f1=0.8914 | weighted_f1=0.8914 | precision_macro=0.9181 | recall_macro=0.8893
        ovr_roc_auc_macro=0.9899 | ovr_pr_auc_macro=0.9715
Epoch 04/50 | Time 0m36s
  Train | loss=0.0509 | top1=95.56% | top2=99.62%
  Valid | loss=0.0390 | top1=96.79% | top2=99.46% | acc=96.79% | bal_acc=96.79% | macro_f1=0.9681 | weighted_f1=0.9681 | precision_macro=0.9699 | recall_macro=0.9679
        ovr_roc_auc_macro=0.9990 | ovr_pr_auc_macro=0.9973
  -> best macro_f1 updated to 0.9681 (epoch 4, val_loss=0.0390)
Epoch 05/50 | Time 0m36s
  Train | loss=0.0363 | top1=97.00% | top2=99.72%
  Valid | loss=0.0620 | top1=97.50% | top2=99.82% | acc=97.50% | bal_acc=97.50% | macro_f1=0.9749 | weighted_f1=0.9749 | precision_macro=0.9752 | recall_macro=0.9750
        ovr_roc_auc_macro=0.9964 | ovr_pr_auc_macro=0.9874
  -> best macro_f1 updated to 0.9749 (epoch 5, val_loss=0.0620)
Epoch 06/50 | Time 0m36s
  Train | loss=0.0227 | top1=98.27% | top2=99.86%
  Valid | loss=0.0554 | top1=97.14% | top2=99.29% | acc=97.14% | bal_acc=97.14% | macro_f1=0.9715 | weighted_f1=0.9715 | precision_macro=0.9722 | recall_macro=0.9714
        ovr_roc_auc_macro=0.9963 | ovr_pr_auc_macro=0.9900
Epoch 07/50 | Time 0m36s
  Train | loss=0.0239 | top1=98.12% | top2=99.88%
  Valid | loss=0.0598 | top1=98.21% | top2=100.00% | acc=98.21% | bal_acc=98.21% | macro_f1=0.9821 | weighted_f1=0.9821 | precision_macro=0.9824 | recall_macro=0.9821
        ovr_roc_auc_macro=0.9969 | ovr_pr_auc_macro=0.9888
  -> best macro_f1 updated to 0.9821 (epoch 7, val_loss=0.0598)
Epoch 08/50 | Time 0m36s
  Train | loss=0.0162 | top1=98.63% | top2=99.92%
  Valid | loss=0.0378 | top1=99.11% | top2=100.00% | acc=99.11% | bal_acc=99.11% | macro_f1=0.9910 | weighted_f1=0.9910 | precision_macro=0.9911 | recall_macro=0.9911
        ovr_roc_auc_macro=0.9970 | ovr_pr_auc_macro=0.9890
  -> best macro_f1 updated to 0.9910 (epoch 8, val_loss=0.0378)
Epoch 09/50 | Time 0m36s
  Train | loss=0.0189 | top1=98.63% | top2=99.92%
  Valid | loss=0.0616 | top1=98.39% | top2=100.00% | acc=98.39% | bal_acc=98.39% | macro_f1=0.9840 | weighted_f1=0.9840 | precision_macro=0.9842 | recall_macro=0.9839
        ovr_roc_auc_macro=0.9971 | ovr_pr_auc_macro=0.9907
Epoch 10/50 | Time 0m36s
  Train | loss=0.0201 | top1=98.63% | top2=99.86%
  Valid | loss=0.0334 | top1=98.21% | top2=99.82% | acc=98.21% | bal_acc=98.21% | macro_f1=0.9821 | weighted_f1=0.9821 | precision_macro=0.9822 | recall_macro=0.9821
        ovr_roc_auc_macro=0.9977 | ovr_pr_auc_macro=0.9926
Epoch 11/50 | Time 0m36s
  Train | loss=0.0113 | top1=99.11% | top2=100.00%
  Valid | loss=0.0431 | top1=96.43% | top2=99.64% | acc=96.43% | bal_acc=96.43% | macro_f1=0.9640 | weighted_f1=0.9640 | precision_macro=0.9656 | recall_macro=0.9643
        ovr_roc_auc_macro=0.9983 | ovr_pr_auc_macro=0.9954
Epoch 12/50 | Time 0m36s
  Train | loss=0.0174 | top1=98.49% | top2=99.94%
  Valid | loss=0.0437 | top1=97.68% | top2=100.00% | acc=97.68% | bal_acc=97.68% | macro_f1=0.9766 | weighted_f1=0.9766 | precision_macro=0.9772 | recall_macro=0.9768
        ovr_roc_auc_macro=0.9970 | ovr_pr_auc_macro=0.9895
Epoch 13/50 | Time 0m36s
  Train | loss=0.0101 | top1=99.07% | top2=99.90%
  Valid | loss=0.0331 | top1=98.75% | top2=99.82% | acc=98.75% | bal_acc=98.75% | macro_f1=0.9875 | weighted_f1=0.9875 | precision_macro=0.9875 | recall_macro=0.9875
        ovr_roc_auc_macro=0.9976 | ovr_pr_auc_macro=0.9936
Epoch 14/50 | Time 0m36s
  Train | loss=0.0077 | top1=99.46% | top2=99.98%
  Valid | loss=0.0280 | top1=98.21% | top2=100.00% | acc=98.21% | bal_acc=98.21% | macro_f1=0.9820 | weighted_f1=0.9820 | precision_macro=0.9824 | recall_macro=0.9821
        ovr_roc_auc_macro=0.9988 | ovr_pr_auc_macro=0.9975
Epoch 15/50 | Time 0m36s
  Train | loss=0.0146 | top1=98.79% | top2=99.92%
  Valid | loss=0.0269 | top1=98.04% | top2=99.46% | acc=98.04% | bal_acc=98.04% | macro_f1=0.9803 | weighted_f1=0.9803 | precision_macro=0.9805 | recall_macro=0.9804
        ovr_roc_auc_macro=0.9994 | ovr_pr_auc_macro=0.9983
Epoch 16/50 | Time 0m36s
  Train | loss=0.0090 | top1=99.33% | top2=99.96%
  Valid | loss=0.0264 | top1=98.93% | top2=100.00% | acc=98.93% | bal_acc=98.93% | macro_f1=0.9893 | weighted_f1=0.9893 | precision_macro=0.9894 | recall_macro=0.9893
        ovr_roc_auc_macro=0.9981 | ovr_pr_auc_macro=0.9969
Epoch 17/50 | Time 0m36s
  Train | loss=0.0161 | top1=98.69% | top2=99.94%
  Valid | loss=0.0208 | top1=98.93% | top2=100.00% | acc=98.93% | bal_acc=98.93% | macro_f1=0.9893 | weighted_f1=0.9893 | precision_macro=0.9894 | recall_macro=0.9893
        ovr_roc_auc_macro=0.9997 | ovr_pr_auc_macro=0.9991
Epoch 18/50 | Time 0m36s
  Train | loss=0.0103 | top1=99.11% | top2=99.90%
  Valid | loss=0.0211 | top1=98.57% | top2=99.82% | acc=98.57% | bal_acc=98.57% | macro_f1=0.9858 | weighted_f1=0.9858 | precision_macro=0.9859 | recall_macro=0.9857
        ovr_roc_auc_macro=0.9995 | ovr_pr_auc_macro=0.9987
  -> early stopping triggered at epoch 18

[TEST] loss=cb_focal_ce
  Test | loss=1.4902 | top1=93.50% | top2=95.81% | acc=93.50% | bal_acc=93.50% | macro_f1=0.9343 | weighted_f1=0.9343 | precision_macro=0.9401 | recall_macro=0.9350
        ovr_roc_auc_macro=0.9796 | ovr_pr_auc_macro=0.9555
  Confusion Matrix:
[[325  28  47   0]
 [  1 380  14   5]
 [  0   8 392   0]
 [  1   0   0 399]]
  Classification Report:
              precision    recall  f1-score   support

      glioma     0.9939    0.8125    0.8941       400
  meningioma     0.9135    0.9500    0.9314       400
     notumor     0.8653    0.9800    0.9191       400
   pituitary     0.9876    0.9975    0.9925       400

    accuracy                         0.9350      1600
   macro avg     0.9401    0.9350    0.9343      1600
weighted avg     0.9401    0.9350    0.9343      1600


##########################################################################################
Starting loss: ordinal_focal_mse
##########################################################################################
Model params: 85,402,181 | pretrained loaded: 320/361 | feat_dim=2048
Criterion: OrdinalFocalMSELoss
Criterion trainable params: 0
Epoch 01/50 | Time 0m36s
  Train | loss=0.3853 | top1=80.67% | top2=94.64%
  Valid | loss=0.1341 | top1=91.79% | top2=98.93% | acc=91.79% | bal_acc=91.79% | macro_f1=0.9185 | weighted_f1=0.9185 | precision_macro=0.9207 | recall_macro=0.9179
        ovr_roc_auc_macro=0.9890 | ovr_pr_auc_macro=0.9733
  -> best macro_f1 updated to 0.9185 (epoch 1, val_loss=0.1341)
Epoch 02/50 | Time 0m36s
  Train | loss=0.1211 | top1=92.56% | top2=99.07%
  Valid | loss=0.1063 | top1=93.04% | top2=99.82% | acc=93.04% | bal_acc=93.04% | macro_f1=0.9290 | weighted_f1=0.9290 | precision_macro=0.9333 | recall_macro=0.9304
        ovr_roc_auc_macro=0.9944 | ovr_pr_auc_macro=0.9857
  -> best macro_f1 updated to 0.9290 (epoch 2, val_loss=0.1063)
Epoch 03/50 | Time 0m36s
  Train | loss=0.0976 | top1=94.46% | top2=99.31%
  Valid | loss=0.1033 | top1=93.93% | top2=99.82% | acc=93.93% | bal_acc=93.93% | macro_f1=0.9407 | weighted_f1=0.9407 | precision_macro=0.9476 | recall_macro=0.9393
        ovr_roc_auc_macro=0.9945 | ovr_pr_auc_macro=0.9830
  -> best macro_f1 updated to 0.9407 (epoch 3, val_loss=0.1033)
Epoch 04/50 | Time 0m36s
  Train | loss=0.0723 | top1=95.81% | top2=99.35%
  Valid | loss=0.2030 | top1=95.18% | top2=99.29% | acc=95.18% | bal_acc=95.18% | macro_f1=0.9521 | weighted_f1=0.9521 | precision_macro=0.9543 | recall_macro=0.9518
        ovr_roc_auc_macro=0.9932 | ovr_pr_auc_macro=0.9811
  -> best macro_f1 updated to 0.9521 (epoch 4, val_loss=0.2030)
Epoch 05/50 | Time 0m36s
  Train | loss=0.0618 | top1=96.49% | top2=99.62%
  Valid | loss=0.2649 | top1=96.79% | top2=99.46% | acc=96.79% | bal_acc=96.79% | macro_f1=0.9679 | weighted_f1=0.9679 | precision_macro=0.9688 | recall_macro=0.9679
        ovr_roc_auc_macro=0.9959 | ovr_pr_auc_macro=0.9862
  -> best macro_f1 updated to 0.9679 (epoch 5, val_loss=0.2649)
Epoch 06/50 | Time 0m36s
  Train | loss=0.0345 | top1=97.92% | top2=99.78%
  Valid | loss=0.0793 | top1=98.21% | top2=99.82% | acc=98.21% | bal_acc=98.21% | macro_f1=0.9820 | weighted_f1=0.9820 | precision_macro=0.9823 | recall_macro=0.9821
        ovr_roc_auc_macro=0.9961 | ovr_pr_auc_macro=0.9869
  -> best macro_f1 updated to 0.9820 (epoch 6, val_loss=0.0793)
Epoch 07/50 | Time 0m36s
  Train | loss=0.0318 | top1=98.13% | top2=99.92%
  Valid | loss=0.0889 | top1=97.14% | top2=99.64% | acc=97.14% | bal_acc=97.14% | macro_f1=0.9715 | weighted_f1=0.9715 | precision_macro=0.9722 | recall_macro=0.9714
        ovr_roc_auc_macro=0.9963 | ovr_pr_auc_macro=0.9872
Epoch 08/50 | Time 0m36s
  Train | loss=0.0215 | top1=98.65% | top2=99.96%
  Valid | loss=0.0497 | top1=98.39% | top2=100.00% | acc=98.39% | bal_acc=98.39% | macro_f1=0.9839 | weighted_f1=0.9839 | precision_macro=0.9841 | recall_macro=0.9839
        ovr_roc_auc_macro=0.9966 | ovr_pr_auc_macro=0.9861
  -> best macro_f1 updated to 0.9839 (epoch 8, val_loss=0.0497)
Epoch 09/50 | Time 0m36s
  Train | loss=0.0223 | top1=98.79% | top2=99.90%
  Valid | loss=0.0411 | top1=97.86% | top2=99.82% | acc=97.86% | bal_acc=97.86% | macro_f1=0.9786 | weighted_f1=0.9786 | precision_macro=0.9786 | recall_macro=0.9786
        ovr_roc_auc_macro=0.9985 | ovr_pr_auc_macro=0.9965
Epoch 10/50 | Time 0m36s
  Train | loss=0.0282 | top1=98.33% | top2=99.84%
  Valid | loss=0.0314 | top1=98.39% | top2=99.82% | acc=98.39% | bal_acc=98.39% | macro_f1=0.9839 | weighted_f1=0.9839 | precision_macro=0.9840 | recall_macro=0.9839
        ovr_roc_auc_macro=0.9996 | ovr_pr_auc_macro=0.9988
  -> best macro_f1 updated to 0.9839 (epoch 10, val_loss=0.0314)
Epoch 11/50 | Time 0m36s
  Train | loss=0.0250 | top1=98.57% | top2=99.90%
  Valid | loss=0.0512 | top1=97.32% | top2=100.00% | acc=97.32% | bal_acc=97.32% | macro_f1=0.9734 | weighted_f1=0.9734 | precision_macro=0.9739 | recall_macro=0.9732
        ovr_roc_auc_macro=0.9973 | ovr_pr_auc_macro=0.9920
Epoch 12/50 | Time 0m36s
  Train | loss=0.0282 | top1=98.39% | top2=99.90%
  Valid | loss=0.0248 | top1=98.93% | top2=99.82% | acc=98.93% | bal_acc=98.93% | macro_f1=0.9893 | weighted_f1=0.9893 | precision_macro=0.9893 | recall_macro=0.9893
        ovr_roc_auc_macro=0.9993 | ovr_pr_auc_macro=0.9984
  -> best macro_f1 updated to 0.9893 (epoch 12, val_loss=0.0248)
Epoch 13/50 | Time 0m36s
  Train | loss=0.0162 | top1=99.05% | top2=99.92%
  Valid | loss=0.0128 | top1=99.29% | top2=100.00% | acc=99.29% | bal_acc=99.29% | macro_f1=0.9929 | weighted_f1=0.9929 | precision_macro=0.9929 | recall_macro=0.9929
        ovr_roc_auc_macro=0.9998 | ovr_pr_auc_macro=0.9995
  -> best macro_f1 updated to 0.9929 (epoch 13, val_loss=0.0128)
Epoch 14/50 | Time 0m36s
  Train | loss=0.0079 | top1=99.52% | top2=100.00%
  Valid | loss=0.0252 | top1=98.75% | top2=99.82% | acc=98.75% | bal_acc=98.75% | macro_f1=0.9875 | weighted_f1=0.9875 | precision_macro=0.9875 | recall_macro=0.9875
        ovr_roc_auc_macro=0.9998 | ovr_pr_auc_macro=0.9993
Epoch 15/50 | Time 0m36s
  Train | loss=0.0106 | top1=99.31% | top2=99.96%
  Valid | loss=0.0263 | top1=99.11% | top2=100.00% | acc=99.11% | bal_acc=99.11% | macro_f1=0.9911 | weighted_f1=0.9911 | precision_macro=0.9911 | recall_macro=0.9911
        ovr_roc_auc_macro=0.9996 | ovr_pr_auc_macro=0.9989
Epoch 16/50 | Time 0m36s
  Train | loss=0.0059 | top1=99.52% | top2=100.00%
  Valid | loss=0.0338 | top1=98.93% | top2=100.00% | acc=98.93% | bal_acc=98.93% | macro_f1=0.9892 | weighted_f1=0.9892 | precision_macro=0.9895 | recall_macro=0.9893
        ovr_roc_auc_macro=0.9997 | ovr_pr_auc_macro=0.9990
Epoch 17/50 | Time 0m36s
  Train | loss=0.0079 | top1=99.35% | top2=100.00%
  Valid | loss=0.0482 | top1=98.39% | top2=100.00% | acc=98.39% | bal_acc=98.39% | macro_f1=0.9839 | weighted_f1=0.9839 | precision_macro=0.9842 | recall_macro=0.9839
        ovr_roc_auc_macro=0.9986 | ovr_pr_auc_macro=0.9973
Epoch 18/50 | Time 0m36s
  Train | loss=0.0205 | top1=98.99% | top2=99.92%
  Valid | loss=0.0410 | top1=98.93% | top2=99.82% | acc=98.93% | bal_acc=98.93% | macro_f1=0.9893 | weighted_f1=0.9893 | precision_macro=0.9893 | recall_macro=0.9893
        ovr_roc_auc_macro=0.9984 | ovr_pr_auc_macro=0.9962
Epoch 19/50 | Time 0m36s
  Train | loss=0.0179 | top1=98.97% | top2=99.94%
  Valid | loss=0.0300 | top1=98.57% | top2=99.82% | acc=98.57% | bal_acc=98.57% | macro_f1=0.9857 | weighted_f1=0.9857 | precision_macro=0.9857 | recall_macro=0.9857
        ovr_roc_auc_macro=0.9990 | ovr_pr_auc_macro=0.9975
Epoch 20/50 | Time 0m36s
  Train | loss=0.0076 | top1=99.56% | top2=100.00%
  Valid | loss=0.0471 | top1=98.75% | top2=100.00% | acc=98.75% | bal_acc=98.75% | macro_f1=0.9875 | weighted_f1=0.9875 | precision_macro=0.9880 | recall_macro=0.9875
        ovr_roc_auc_macro=0.9991 | ovr_pr_auc_macro=0.9979
Epoch 21/50 | Time 0m36s
  Train | loss=0.0078 | top1=99.52% | top2=99.98%
  Valid | loss=0.0897 | top1=96.61% | top2=99.46% | acc=96.61% | bal_acc=96.61% | macro_f1=0.9660 | weighted_f1=0.9660 | precision_macro=0.9671 | recall_macro=0.9661
        ovr_roc_auc_macro=0.9972 | ovr_pr_auc_macro=0.9937
Epoch 22/50 | Time 0m36s
  Train | loss=0.0164 | top1=99.07% | top2=99.94%
  Valid | loss=0.0467 | top1=98.57% | top2=99.82% | acc=98.57% | bal_acc=98.57% | macro_f1=0.9857 | weighted_f1=0.9857 | precision_macro=0.9859 | recall_macro=0.9857
        ovr_roc_auc_macro=0.9980 | ovr_pr_auc_macro=0.9953
Epoch 23/50 | Time 0m36s
  Train | loss=0.0114 | top1=99.33% | top2=99.94%
  Valid | loss=0.0284 | top1=98.75% | top2=100.00% | acc=98.75% | bal_acc=98.75% | macro_f1=0.9874 | weighted_f1=0.9874 | precision_macro=0.9876 | recall_macro=0.9875
        ovr_roc_auc_macro=0.9997 | ovr_pr_auc_macro=0.9991
  -> early stopping triggered at epoch 23

[TEST] loss=ordinal_focal_mse
  Test | loss=0.4353 | top1=94.81% | top2=96.50% | acc=94.81% | bal_acc=94.81% | macro_f1=0.9475 | weighted_f1=0.9475 | precision_macro=0.9535 | recall_macro=0.9481
        ovr_roc_auc_macro=0.9840 | ovr_pr_auc_macro=0.9582
  Confusion Matrix:
[[329  53  18   0]
 [  0 398   0   2]
 [  0   7 393   0]
 [  0   2   1 397]]
  Classification Report:
              precision    recall  f1-score   support

      glioma     1.0000    0.8225    0.9026       400
  meningioma     0.8652    0.9950    0.9256       400
     notumor     0.9539    0.9825    0.9680       400
   pituitary     0.9950    0.9925    0.9937       400

    accuracy                         0.9481      1600
   macro avg     0.9535    0.9481    0.9475      1600
weighted avg     0.9535    0.9481    0.9475      1600


##########################################################################################
Starting loss: sce
##########################################################################################
Model params: 85,402,181 | pretrained loaded: 320/361 | feat_dim=2048
Criterion: SymmetricCrossEntropyLoss
Criterion trainable params: 0
Epoch 01/50 | Time 0m36s
  Train | loss=2.0256 | top1=81.43% | top2=93.97%
  Valid | loss=0.5869 | top1=93.57% | top2=99.29% | acc=93.57% | bal_acc=93.57% | macro_f1=0.9351 | weighted_f1=0.9351 | precision_macro=0.9356 | recall_macro=0.9357
        ovr_roc_auc_macro=0.9931 | ovr_pr_auc_macro=0.9816
  -> best macro_f1 updated to 0.9351 (epoch 1, val_loss=0.5869)
Epoch 02/50 | Time 0m36s
  Train | loss=0.6359 | top1=93.15% | top2=98.65%
  Valid | loss=0.7281 | top1=92.68% | top2=98.75% | acc=92.68% | bal_acc=92.68% | macro_f1=0.9260 | weighted_f1=0.9260 | precision_macro=0.9303 | recall_macro=0.9268
        ovr_roc_auc_macro=0.9873 | ovr_pr_auc_macro=0.9656
Epoch 03/50 | Time 0m36s
  Train | loss=0.5068 | top1=94.25% | top2=98.99%
  Valid | loss=0.7835 | top1=95.89% | top2=99.64% | acc=95.89% | bal_acc=95.89% | macro_f1=0.9591 | weighted_f1=0.9591 | precision_macro=0.9614 | recall_macro=0.9589
        ovr_roc_auc_macro=0.9957 | ovr_pr_auc_macro=0.9862
  -> best macro_f1 updated to 0.9591 (epoch 3, val_loss=0.7835)
Epoch 04/50 | Time 0m36s
  Train | loss=0.3289 | top1=96.37% | top2=99.46%
  Valid | loss=1.7479 | top1=85.71% | top2=92.50% | acc=85.71% | bal_acc=85.71% | macro_f1=0.8509 | weighted_f1=0.8509 | precision_macro=0.8890 | recall_macro=0.8571
        ovr_roc_auc_macro=0.9914 | ovr_pr_auc_macro=0.9760
Epoch 05/50 | Time 0m36s
  Train | loss=0.2725 | top1=96.94% | top2=99.56%
  Valid | loss=0.8185 | top1=97.86% | top2=99.64% | acc=97.86% | bal_acc=97.86% | macro_f1=0.9786 | weighted_f1=0.9786 | precision_macro=0.9788 | recall_macro=0.9786
        ovr_roc_auc_macro=0.9962 | ovr_pr_auc_macro=0.9896
  -> best macro_f1 updated to 0.9786 (epoch 5, val_loss=0.8185)
Epoch 06/50 | Time 0m36s
  Train | loss=0.1768 | top1=98.17% | top2=99.80%
  Valid | loss=0.9067 | top1=97.32% | top2=99.82% | acc=97.32% | bal_acc=97.32% | macro_f1=0.9732 | weighted_f1=0.9732 | precision_macro=0.9737 | recall_macro=0.9732
        ovr_roc_auc_macro=0.9951 | ovr_pr_auc_macro=0.9873
Epoch 07/50 | Time 0m36s
  Train | loss=0.1236 | top1=98.67% | top2=99.80%
  Valid | loss=0.3655 | top1=97.68% | top2=99.46% | acc=97.68% | bal_acc=97.68% | macro_f1=0.9768 | weighted_f1=0.9768 | precision_macro=0.9770 | recall_macro=0.9768
        ovr_roc_auc_macro=0.9960 | ovr_pr_auc_macro=0.9874
Epoch 08/50 | Time 0m36s
  Train | loss=0.0875 | top1=99.05% | top2=99.88%
  Valid | loss=0.5436 | top1=98.57% | top2=100.00% | acc=98.57% | bal_acc=98.57% | macro_f1=0.9857 | weighted_f1=0.9857 | precision_macro=0.9860 | recall_macro=0.9857
        ovr_roc_auc_macro=0.9967 | ovr_pr_auc_macro=0.9918
  -> best macro_f1 updated to 0.9857 (epoch 8, val_loss=0.5436)
Epoch 09/50 | Time 0m36s
  Train | loss=0.1102 | top1=98.89% | top2=99.94%
  Valid | loss=0.5615 | top1=97.32% | top2=99.82% | acc=97.32% | bal_acc=97.32% | macro_f1=0.9729 | weighted_f1=0.9729 | precision_macro=0.9743 | recall_macro=0.9732
        ovr_roc_auc_macro=0.9967 | ovr_pr_auc_macro=0.9889
Epoch 10/50 | Time 0m36s
  Train | loss=0.1092 | top1=98.69% | top2=99.86%
  Valid | loss=0.2638 | top1=97.68% | top2=100.00% | acc=97.68% | bal_acc=97.68% | macro_f1=0.9767 | weighted_f1=0.9767 | precision_macro=0.9771 | recall_macro=0.9768
        ovr_roc_auc_macro=0.9983 | ovr_pr_auc_macro=0.9956
Epoch 11/50 | Time 0m36s
  Train | loss=0.1029 | top1=98.83% | top2=99.94%
  Valid | loss=0.1592 | top1=98.39% | top2=99.82% | acc=98.39% | bal_acc=98.39% | macro_f1=0.9839 | weighted_f1=0.9839 | precision_macro=0.9840 | recall_macro=0.9839
        ovr_roc_auc_macro=0.9990 | ovr_pr_auc_macro=0.9975
Epoch 12/50 | Time 0m36s
  Train | loss=0.0737 | top1=99.19% | top2=99.90%
  Valid | loss=0.1046 | top1=98.93% | top2=100.00% | acc=98.93% | bal_acc=98.93% | macro_f1=0.9893 | weighted_f1=0.9893 | precision_macro=0.9895 | recall_macro=0.9893
        ovr_roc_auc_macro=0.9989 | ovr_pr_auc_macro=0.9975
  -> best macro_f1 updated to 0.9893 (epoch 12, val_loss=0.1046)
Epoch 13/50 | Time 0m36s
  Train | loss=0.0746 | top1=99.25% | top2=99.94%
  Valid | loss=0.1491 | top1=98.39% | top2=100.00% | acc=98.39% | bal_acc=98.39% | macro_f1=0.9839 | weighted_f1=0.9839 | precision_macro=0.9841 | recall_macro=0.9839
        ovr_roc_auc_macro=0.9985 | ovr_pr_auc_macro=0.9964
Epoch 14/50 | Time 0m36s
  Train | loss=0.0634 | top1=99.38% | top2=100.00%
  Valid | loss=0.1077 | top1=98.93% | top2=99.82% | acc=98.93% | bal_acc=98.93% | macro_f1=0.9892 | weighted_f1=0.9892 | precision_macro=0.9895 | recall_macro=0.9893
        ovr_roc_auc_macro=0.9994 | ovr_pr_auc_macro=0.9982
Epoch 15/50 | Time 0m36s
  Train | loss=0.0578 | top1=99.35% | top2=99.92%
  Valid | loss=0.3493 | top1=97.32% | top2=99.64% | acc=97.32% | bal_acc=97.32% | macro_f1=0.9729 | weighted_f1=0.9729 | precision_macro=0.9738 | recall_macro=0.9732
        ovr_roc_auc_macro=0.9958 | ovr_pr_auc_macro=0.9885
Epoch 16/50 | Time 0m36s
  Train | loss=0.0583 | top1=99.42% | top2=99.92%
  Valid | loss=0.4780 | top1=98.75% | top2=100.00% | acc=98.75% | bal_acc=98.75% | macro_f1=0.9875 | weighted_f1=0.9875 | precision_macro=0.9875 | recall_macro=0.9875
        ovr_roc_auc_macro=0.9966 | ovr_pr_auc_macro=0.9927
Epoch 17/50 | Time 0m36s
  Train | loss=0.0773 | top1=99.19% | top2=100.00%
  Valid | loss=0.2389 | top1=98.04% | top2=100.00% | acc=98.04% | bal_acc=98.04% | macro_f1=0.9802 | weighted_f1=0.9802 | precision_macro=0.9806 | recall_macro=0.9804
        ovr_roc_auc_macro=0.9972 | ovr_pr_auc_macro=0.9941
Epoch 18/50 | Time 0m36s
  Train | loss=0.0582 | top1=99.31% | top2=99.98%
  Valid | loss=0.1129 | top1=98.93% | top2=100.00% | acc=98.93% | bal_acc=98.93% | macro_f1=0.9893 | weighted_f1=0.9893 | precision_macro=0.9893 | recall_macro=0.9893
        ovr_roc_auc_macro=0.9990 | ovr_pr_auc_macro=0.9980
Epoch 19/50 | Time 0m36s
  Train | loss=0.0768 | top1=99.11% | top2=99.92%
  Valid | loss=0.2042 | top1=98.04% | top2=100.00% | acc=98.04% | bal_acc=98.04% | macro_f1=0.9803 | weighted_f1=0.9803 | precision_macro=0.9804 | recall_macro=0.9804
        ovr_roc_auc_macro=0.9976 | ovr_pr_auc_macro=0.9937
Epoch 20/50 | Time 0m36s
  Train | loss=0.0435 | top1=99.56% | top2=100.00%
  Valid | loss=0.1562 | top1=98.39% | top2=99.82% | acc=98.39% | bal_acc=98.39% | macro_f1=0.9839 | weighted_f1=0.9839 | precision_macro=0.9841 | recall_macro=0.9839
        ovr_roc_auc_macro=0.9993 | ovr_pr_auc_macro=0.9982
Epoch 21/50 | Time 0m36s
  Train | loss=0.0533 | top1=99.46% | top2=99.98%
  Valid | loss=0.2463 | top1=98.75% | top2=100.00% | acc=98.75% | bal_acc=98.75% | macro_f1=0.9874 | weighted_f1=0.9874 | precision_macro=0.9877 | recall_macro=0.9875
        ovr_roc_auc_macro=0.9966 | ovr_pr_auc_macro=0.9935
Epoch 22/50 | Time 0m36s
  Train | loss=0.0366 | top1=99.68% | top2=99.98%
  Valid | loss=0.1502 | top1=98.75% | top2=100.00% | acc=98.75% | bal_acc=98.75% | macro_f1=0.9875 | weighted_f1=0.9875 | precision_macro=0.9877 | recall_macro=0.9875
        ovr_roc_auc_macro=0.9986 | ovr_pr_auc_macro=0.9937
  -> early stopping triggered at epoch 22

[TEST] loss=sce
  Test | loss=0.7215 | top1=95.75% | top2=98.12% | acc=95.75% | bal_acc=95.75% | macro_f1=0.9570 | weighted_f1=0.9570 | precision_macro=0.9604 | recall_macro=0.9575
        ovr_roc_auc_macro=0.9872 | ovr_pr_auc_macro=0.9700
  Confusion Matrix:
[[343  44  13   0]
 [  0 395   0   5]
 [  1   4 395   0]
 [  1   0   0 399]]
  Classification Report:
              precision    recall  f1-score   support

      glioma     0.9942    0.8575    0.9208       400
  meningioma     0.8916    0.9875    0.9371       400
     notumor     0.9681    0.9875    0.9777       400
   pituitary     0.9876    0.9975    0.9925       400

    accuracy                         0.9575      1600
   macro avg     0.9604    0.9575    0.9570      1600
weighted avg     0.9604    0.9575    0.9570      1600


##########################################################################################
Starting loss: gce
##########################################################################################
Model params: 85,402,181 | pretrained loaded: 320/361 | feat_dim=2048
Criterion: GeneralizedCrossEntropyLoss
Criterion trainable params: 0
Epoch 01/50 | Time 0m36s
  Train | loss=0.3630 | top1=81.09% | top2=93.39%
  Valid | loss=0.1069 | top1=93.04% | top2=99.46% | acc=93.04% | bal_acc=93.04% | macro_f1=0.9304 | weighted_f1=0.9304 | precision_macro=0.9308 | recall_macro=0.9304
        ovr_roc_auc_macro=0.9839 | ovr_pr_auc_macro=0.9596
  -> best macro_f1 updated to 0.9304 (epoch 1, val_loss=0.1069)
Epoch 02/50 | Time 0m36s
  Train | loss=0.1231 | top1=91.63% | top2=98.31%
  Valid | loss=0.1149 | top1=91.96% | top2=98.57% | acc=91.96% | bal_acc=91.96% | macro_f1=0.9181 | weighted_f1=0.9181 | precision_macro=0.9234 | recall_macro=0.9196
        ovr_roc_auc_macro=0.9884 | ovr_pr_auc_macro=0.9717
Epoch 03/50 | Time 0m36s
  Train | loss=0.0945 | top1=93.33% | top2=98.51%
  Valid | loss=0.0661 | top1=95.54% | top2=99.64% | acc=95.54% | bal_acc=95.54% | macro_f1=0.9558 | weighted_f1=0.9558 | precision_macro=0.9570 | recall_macro=0.9554
        ovr_roc_auc_macro=0.9928 | ovr_pr_auc_macro=0.9850
  -> best macro_f1 updated to 0.9558 (epoch 3, val_loss=0.0661)
Epoch 04/50 | Time 0m36s
  Train | loss=0.0767 | top1=94.68% | top2=99.07%
  Valid | loss=0.0538 | top1=96.07% | top2=99.46% | acc=96.07% | bal_acc=96.07% | macro_f1=0.9611 | weighted_f1=0.9611 | precision_macro=0.9635 | recall_macro=0.9607
        ovr_roc_auc_macro=0.9967 | ovr_pr_auc_macro=0.9928
  -> best macro_f1 updated to 0.9611 (epoch 4, val_loss=0.0538)
Epoch 05/50 | Time 0m36s
  Train | loss=0.0776 | top1=94.44% | top2=98.83%
  Valid | loss=0.0594 | top1=95.71% | top2=99.46% | acc=95.71% | bal_acc=95.71% | macro_f1=0.9565 | weighted_f1=0.9565 | precision_macro=0.9593 | recall_macro=0.9571
        ovr_roc_auc_macro=0.9947 | ovr_pr_auc_macro=0.9874
Epoch 06/50 | Time 0m36s
  Train | loss=0.0559 | top1=96.07% | top2=99.37%
  Valid | loss=0.0384 | top1=97.50% | top2=99.46% | acc=97.50% | bal_acc=97.50% | macro_f1=0.9750 | weighted_f1=0.9750 | precision_macro=0.9751 | recall_macro=0.9750
        ovr_roc_auc_macro=0.9941 | ovr_pr_auc_macro=0.9859
  -> best macro_f1 updated to 0.9750 (epoch 6, val_loss=0.0384)
Epoch 07/50 | Time 0m36s
  Train | loss=0.0501 | top1=96.45% | top2=99.58%
  Valid | loss=0.0240 | top1=98.21% | top2=99.64% | acc=98.21% | bal_acc=98.21% | macro_f1=0.9821 | weighted_f1=0.9821 | precision_macro=0.9824 | recall_macro=0.9821
        ovr_roc_auc_macro=0.9978 | ovr_pr_auc_macro=0.9954
  -> best macro_f1 updated to 0.9821 (epoch 7, val_loss=0.0240)
Epoch 08/50 | Time 0m36s
  Train | loss=0.0487 | top1=96.53% | top2=99.38%
  Valid | loss=0.0422 | top1=96.96% | top2=99.29% | acc=96.96% | bal_acc=96.96% | macro_f1=0.9694 | weighted_f1=0.9694 | precision_macro=0.9705 | recall_macro=0.9696
        ovr_roc_auc_macro=0.9949 | ovr_pr_auc_macro=0.9857
Epoch 09/50 | Time 0m36s
  Train | loss=0.0350 | top1=97.44% | top2=99.70%
  Valid | loss=0.0343 | top1=97.68% | top2=99.64% | acc=97.68% | bal_acc=97.68% | macro_f1=0.9766 | weighted_f1=0.9766 | precision_macro=0.9773 | recall_macro=0.9768
        ovr_roc_auc_macro=0.9962 | ovr_pr_auc_macro=0.9900
Epoch 10/50 | Time 0m36s
  Train | loss=0.0390 | top1=97.30% | top2=99.48%
  Valid | loss=0.0322 | top1=97.68% | top2=99.64% | acc=97.68% | bal_acc=97.68% | macro_f1=0.9767 | weighted_f1=0.9767 | precision_macro=0.9768 | recall_macro=0.9768
        ovr_roc_auc_macro=0.9943 | ovr_pr_auc_macro=0.9842
Epoch 11/50 | Time 0m36s
  Train | loss=0.0359 | top1=97.40% | top2=99.66%
  Valid | loss=0.0286 | top1=98.04% | top2=99.46% | acc=98.04% | bal_acc=98.04% | macro_f1=0.9805 | weighted_f1=0.9805 | precision_macro=0.9809 | recall_macro=0.9804
        ovr_roc_auc_macro=0.9955 | ovr_pr_auc_macro=0.9895
Epoch 12/50 | Time 0m36s
  Train | loss=0.0418 | top1=97.04% | top2=99.40%
  Valid | loss=0.0428 | top1=97.14% | top2=99.46% | acc=97.14% | bal_acc=97.14% | macro_f1=0.9710 | weighted_f1=0.9710 | precision_macro=0.9723 | recall_macro=0.9714
        ovr_roc_auc_macro=0.9962 | ovr_pr_auc_macro=0.9876
Epoch 13/50 | Time 0m36s
  Train | loss=0.0281 | top1=97.96% | top2=99.62%
  Valid | loss=0.0270 | top1=98.21% | top2=99.82% | acc=98.21% | bal_acc=98.21% | macro_f1=0.9823 | weighted_f1=0.9823 | precision_macro=0.9827 | recall_macro=0.9821
        ovr_roc_auc_macro=0.9975 | ovr_pr_auc_macro=0.9934
  -> best macro_f1 updated to 0.9823 (epoch 13, val_loss=0.0270)
Epoch 14/50 | Time 0m36s
  Train | loss=0.0300 | top1=97.84% | top2=99.54%
  Valid | loss=0.0122 | top1=99.11% | top2=99.46% | acc=99.11% | bal_acc=99.11% | macro_f1=0.9911 | weighted_f1=0.9911 | precision_macro=0.9911 | recall_macro=0.9911
        ovr_roc_auc_macro=0.9983 | ovr_pr_auc_macro=0.9944
  -> best macro_f1 updated to 0.9911 (epoch 14, val_loss=0.0122)
Epoch 15/50 | Time 0m36s
  Train | loss=0.0292 | top1=97.94% | top2=99.72%
  Valid | loss=0.0457 | top1=96.79% | top2=99.82% | acc=96.79% | bal_acc=96.79% | macro_f1=0.9680 | weighted_f1=0.9680 | precision_macro=0.9708 | recall_macro=0.9679
        ovr_roc_auc_macro=0.9926 | ovr_pr_auc_macro=0.9787
Epoch 16/50 | Time 0m36s
  Train | loss=0.0152 | top1=98.87% | top2=99.86%
  Valid | loss=0.0248 | top1=98.21% | top2=99.46% | acc=98.21% | bal_acc=98.21% | macro_f1=0.9821 | weighted_f1=0.9821 | precision_macro=0.9825 | recall_macro=0.9821
        ovr_roc_auc_macro=0.9972 | ovr_pr_auc_macro=0.9914
Epoch 17/50 | Time 0m36s
  Train | loss=0.0235 | top1=98.33% | top2=99.78%
  Valid | loss=0.0164 | top1=98.75% | top2=99.64% | acc=98.75% | bal_acc=98.75% | macro_f1=0.9875 | weighted_f1=0.9875 | precision_macro=0.9876 | recall_macro=0.9875
        ovr_roc_auc_macro=0.9985 | ovr_pr_auc_macro=0.9957
Epoch 18/50 | Time 0m36s
  Train | loss=0.0151 | top1=98.85% | top2=99.74%
  Valid | loss=0.0154 | top1=98.93% | top2=99.82% | acc=98.93% | bal_acc=98.93% | macro_f1=0.9893 | weighted_f1=0.9893 | precision_macro=0.9893 | recall_macro=0.9893
        ovr_roc_auc_macro=0.9984 | ovr_pr_auc_macro=0.9964
Epoch 19/50 | Time 0m36s
  Train | loss=0.0097 | top1=99.35% | top2=99.84%
  Valid | loss=0.0182 | top1=98.75% | top2=99.82% | acc=98.75% | bal_acc=98.75% | macro_f1=0.9875 | weighted_f1=0.9875 | precision_macro=0.9875 | recall_macro=0.9875
        ovr_roc_auc_macro=0.9972 | ovr_pr_auc_macro=0.9908
Epoch 20/50 | Time 0m36s
  Train | loss=0.0224 | top1=98.41% | top2=99.74%
  Valid | loss=0.0237 | top1=98.57% | top2=99.82% | acc=98.57% | bal_acc=98.57% | macro_f1=0.9857 | weighted_f1=0.9857 | precision_macro=0.9858 | recall_macro=0.9857
        ovr_roc_auc_macro=0.9978 | ovr_pr_auc_macro=0.9943
Epoch 21/50 | Time 0m36s
  Train | loss=0.0187 | top1=98.61% | top2=99.76%
  Valid | loss=0.0365 | top1=97.32% | top2=99.82% | acc=97.32% | bal_acc=97.32% | macro_f1=0.9732 | weighted_f1=0.9732 | precision_macro=0.9737 | recall_macro=0.9732
        ovr_roc_auc_macro=0.9978 | ovr_pr_auc_macro=0.9931
Epoch 22/50 | Time 0m36s
  Train | loss=0.0170 | top1=98.85% | top2=99.82%
  Valid | loss=0.0174 | top1=98.75% | top2=99.64% | acc=98.75% | bal_acc=98.75% | macro_f1=0.9874 | weighted_f1=0.9874 | precision_macro=0.9875 | recall_macro=0.9875
        ovr_roc_auc_macro=0.9995 | ovr_pr_auc_macro=0.9988
Epoch 23/50 | Time 0m36s
  Train | loss=0.0102 | top1=99.29% | top2=99.88%
  Valid | loss=0.0162 | top1=98.93% | top2=99.64% | acc=98.93% | bal_acc=98.93% | macro_f1=0.9893 | weighted_f1=0.9893 | precision_macro=0.9893 | recall_macro=0.9893
        ovr_roc_auc_macro=0.9984 | ovr_pr_auc_macro=0.9962
Epoch 24/50 | Time 0m36s
  Train | loss=0.0092 | top1=99.38% | top2=99.86%
  Valid | loss=0.0299 | top1=97.86% | top2=99.64% | acc=97.86% | bal_acc=97.86% | macro_f1=0.9786 | weighted_f1=0.9786 | precision_macro=0.9792 | recall_macro=0.9786
        ovr_roc_auc_macro=0.9991 | ovr_pr_auc_macro=0.9978
  -> early stopping triggered at epoch 24

[TEST] loss=gce
  Test | loss=0.0715 | top1=94.94% | top2=96.56% | acc=94.94% | bal_acc=94.94% | macro_f1=0.9482 | weighted_f1=0.9482 | precision_macro=0.9517 | recall_macro=0.9494
        ovr_roc_auc_macro=0.9890 | ovr_pr_auc_macro=0.9689
  Confusion Matrix:
[[331  37  28   4]
 [  4 390   2   4]
 [  0   0 400   0]
 [  1   1   0 398]]
  Classification Report:
              precision    recall  f1-score   support

      glioma     0.9851    0.8275    0.8995       400
  meningioma     0.9112    0.9750    0.9420       400
     notumor     0.9302    1.0000    0.9639       400
   pituitary     0.9803    0.9950    0.9876       400

    accuracy                         0.9494      1600
   macro avg     0.9517    0.9494    0.9482      1600
weighted avg     0.9517    0.9494    0.9482      1600


##########################################################################################
Starting loss: dast
##########################################################################################
Model params: 85,402,181 | pretrained loaded: 320/361 | feat_dim=2048
Criterion: DistanceAwareSoftTargetLoss
Criterion trainable params: 0
Epoch 01/50 | Time 0m37s
  Train | loss=0.5917 | top1=81.81% | top2=93.71%
  Valid | loss=0.4946 | top1=91.96% | top2=99.29% | acc=91.96% | bal_acc=91.96% | macro_f1=0.9205 | weighted_f1=0.9205 | precision_macro=0.9241 | recall_macro=0.9196
        ovr_roc_auc_macro=0.9878 | ovr_pr_auc_macro=0.9660
  -> best macro_f1 updated to 0.9205 (epoch 1, val_loss=0.4946)
Epoch 02/50 | Time 0m36s
  Train | loss=0.4821 | top1=93.23% | top2=98.47%
  Valid | loss=0.4798 | top1=93.75% | top2=98.21% | acc=93.75% | bal_acc=93.75% | macro_f1=0.9367 | weighted_f1=0.9367 | precision_macro=0.9400 | recall_macro=0.9375
        ovr_roc_auc_macro=0.9919 | ovr_pr_auc_macro=0.9850
  -> best macro_f1 updated to 0.9367 (epoch 2, val_loss=0.4798)
Epoch 03/50 | Time 0m36s
  Train | loss=0.4617 | top1=95.42% | top2=98.69%
  Valid | loss=0.4681 | top1=96.07% | top2=98.93% | acc=96.07% | bal_acc=96.07% | macro_f1=0.9610 | weighted_f1=0.9610 | precision_macro=0.9625 | recall_macro=0.9607
        ovr_roc_auc_macro=0.9963 | ovr_pr_auc_macro=0.9937
  -> best macro_f1 updated to 0.9610 (epoch 3, val_loss=0.4681)
Epoch 04/50 | Time 0m36s
  Train | loss=0.4506 | top1=96.23% | top2=99.27%
  Valid | loss=0.5318 | top1=93.75% | top2=96.96% | acc=93.75% | bal_acc=93.75% | macro_f1=0.9375 | weighted_f1=0.9375 | precision_macro=0.9409 | recall_macro=0.9375
        ovr_roc_auc_macro=0.9878 | ovr_pr_auc_macro=0.9711
Epoch 05/50 | Time 0m36s
  Train | loss=0.4389 | top1=97.62% | top2=99.56%
  Valid | loss=0.4314 | top1=98.39% | top2=99.82% | acc=98.39% | bal_acc=98.39% | macro_f1=0.9839 | weighted_f1=0.9839 | precision_macro=0.9840 | recall_macro=0.9839
        ovr_roc_auc_macro=0.9998 | ovr_pr_auc_macro=0.9994
  -> best macro_f1 updated to 0.9839 (epoch 5, val_loss=0.4314)
Epoch 06/50 | Time 0m36s
  Train | loss=0.4299 | top1=98.21% | top2=99.70%
  Valid | loss=0.4304 | top1=98.57% | top2=99.46% | acc=98.57% | bal_acc=98.57% | macro_f1=0.9857 | weighted_f1=0.9857 | precision_macro=0.9858 | recall_macro=0.9857
        ovr_roc_auc_macro=0.9960 | ovr_pr_auc_macro=0.9953
  -> best macro_f1 updated to 0.9857 (epoch 6, val_loss=0.4304)
Epoch 07/50 | Time 0m36s
  Train | loss=0.4272 | top1=98.55% | top2=99.68%
  Valid | loss=0.4267 | top1=98.93% | top2=99.64% | acc=98.93% | bal_acc=98.93% | macro_f1=0.9893 | weighted_f1=0.9893 | precision_macro=0.9893 | recall_macro=0.9893
        ovr_roc_auc_macro=0.9985 | ovr_pr_auc_macro=0.9980
  -> best macro_f1 updated to 0.9893 (epoch 7, val_loss=0.4267)
Epoch 08/50 | Time 0m36s
  Train | loss=0.4272 | top1=98.65% | top2=99.66%
  Valid | loss=0.4347 | top1=98.75% | top2=98.93% | acc=98.75% | bal_acc=98.75% | macro_f1=0.9875 | weighted_f1=0.9875 | precision_macro=0.9878 | recall_macro=0.9875
        ovr_roc_auc_macro=0.9941 | ovr_pr_auc_macro=0.9924
Epoch 09/50 | Time 0m36s
  Train | loss=0.4235 | top1=99.13% | top2=99.80%
  Valid | loss=0.4251 | top1=98.93% | top2=99.64% | acc=98.93% | bal_acc=98.93% | macro_f1=0.9893 | weighted_f1=0.9893 | precision_macro=0.9894 | recall_macro=0.9893
        ovr_roc_auc_macro=0.9979 | ovr_pr_auc_macro=0.9962
  -> best macro_f1 updated to 0.9893 (epoch 9, val_loss=0.4251)
Epoch 10/50 | Time 0m36s
  Train | loss=0.4224 | top1=99.03% | top2=99.72%
  Valid | loss=0.4236 | top1=99.11% | top2=99.82% | acc=99.11% | bal_acc=99.11% | macro_f1=0.9911 | weighted_f1=0.9911 | precision_macro=0.9911 | recall_macro=0.9911
        ovr_roc_auc_macro=0.9984 | ovr_pr_auc_macro=0.9978
  -> best macro_f1 updated to 0.9911 (epoch 10, val_loss=0.4236)
Epoch 11/50 | Time 0m36s
  Train | loss=0.4209 | top1=99.31% | top2=99.80%
  Valid | loss=0.4251 | top1=98.57% | top2=99.82% | acc=98.57% | bal_acc=98.57% | macro_f1=0.9857 | weighted_f1=0.9857 | precision_macro=0.9859 | recall_macro=0.9857
        ovr_roc_auc_macro=0.9982 | ovr_pr_auc_macro=0.9974
Epoch 12/50 | Time 0m36s
  Train | loss=0.4225 | top1=99.23% | top2=99.72%
  Valid | loss=0.4278 | top1=98.39% | top2=99.82% | acc=98.39% | bal_acc=98.39% | macro_f1=0.9840 | weighted_f1=0.9840 | precision_macro=0.9841 | recall_macro=0.9839
        ovr_roc_auc_macro=0.9985 | ovr_pr_auc_macro=0.9980
Epoch 13/50 | Time 0m36s
  Train | loss=0.4179 | top1=99.44% | top2=99.86%
  Valid | loss=0.4195 | top1=99.46% | top2=99.82% | acc=99.46% | bal_acc=99.46% | macro_f1=0.9946 | weighted_f1=0.9946 | precision_macro=0.9947 | recall_macro=0.9946
        ovr_roc_auc_macro=0.9988 | ovr_pr_auc_macro=0.9987
  -> best macro_f1 updated to 0.9946 (epoch 13, val_loss=0.4195)
Epoch 14/50 | Time 0m36s
  Train | loss=0.4168 | top1=99.60% | top2=99.90%
  Valid | loss=0.4269 | top1=98.57% | top2=99.46% | acc=98.57% | bal_acc=98.57% | macro_f1=0.9857 | weighted_f1=0.9857 | precision_macro=0.9858 | recall_macro=0.9857
        ovr_roc_auc_macro=0.9980 | ovr_pr_auc_macro=0.9975
Epoch 15/50 | Time 0m36s
  Train | loss=0.4260 | top1=98.77% | top2=99.66%
  Valid | loss=0.4341 | top1=98.39% | top2=99.11% | acc=98.39% | bal_acc=98.39% | macro_f1=0.9839 | weighted_f1=0.9839 | precision_macro=0.9842 | recall_macro=0.9839
        ovr_roc_auc_macro=0.9937 | ovr_pr_auc_macro=0.9921
Epoch 16/50 | Time 0m36s
  Train | loss=0.4176 | top1=99.50% | top2=99.84%
  Valid | loss=0.4473 | top1=97.50% | top2=98.57% | acc=97.50% | bal_acc=97.50% | macro_f1=0.9750 | weighted_f1=0.9750 | precision_macro=0.9761 | recall_macro=0.9750
        ovr_roc_auc_macro=0.9934 | ovr_pr_auc_macro=0.9910
Epoch 17/50 | Time 0m36s
  Train | loss=0.4243 | top1=99.13% | top2=99.74%
  Valid | loss=0.4306 | top1=98.93% | top2=99.11% | acc=98.93% | bal_acc=98.93% | macro_f1=0.9892 | weighted_f1=0.9892 | precision_macro=0.9896 | recall_macro=0.9893
        ovr_roc_auc_macro=0.9941 | ovr_pr_auc_macro=0.9887
Epoch 18/50 | Time 0m36s
  Train | loss=0.4175 | top1=99.64% | top2=99.88%
  Valid | loss=0.4251 | top1=98.93% | top2=99.64% | acc=98.93% | bal_acc=98.93% | macro_f1=0.9893 | weighted_f1=0.9893 | precision_macro=0.9894 | recall_macro=0.9893
        ovr_roc_auc_macro=0.9974 | ovr_pr_auc_macro=0.9972
Epoch 19/50 | Time 0m36s
  Train | loss=0.4161 | top1=99.66% | top2=99.92%
  Valid | loss=0.4215 | top1=99.11% | top2=99.64% | acc=99.11% | bal_acc=99.11% | macro_f1=0.9911 | weighted_f1=0.9911 | precision_macro=0.9911 | recall_macro=0.9911
        ovr_roc_auc_macro=0.9986 | ovr_pr_auc_macro=0.9983
Epoch 20/50 | Time 0m36s
  Train | loss=0.4178 | top1=99.37% | top2=99.86%
  Valid | loss=0.4232 | top1=99.11% | top2=99.82% | acc=99.11% | bal_acc=99.11% | macro_f1=0.9911 | weighted_f1=0.9911 | precision_macro=0.9911 | recall_macro=0.9911
        ovr_roc_auc_macro=0.9986 | ovr_pr_auc_macro=0.9984
Epoch 21/50 | Time 0m36s
  Train | loss=0.4168 | top1=99.60% | top2=99.90%
  Valid | loss=0.4265 | top1=98.75% | top2=99.29% | acc=98.75% | bal_acc=98.75% | macro_f1=0.9875 | weighted_f1=0.9875 | precision_macro=0.9875 | recall_macro=0.9875
        ovr_roc_auc_macro=0.9969 | ovr_pr_auc_macro=0.9952
Epoch 22/50 | Time 0m36s
  Train | loss=0.4163 | top1=99.70% | top2=99.90%
  Valid | loss=0.4277 | top1=98.93% | top2=99.46% | acc=98.93% | bal_acc=98.93% | macro_f1=0.9893 | weighted_f1=0.9893 | precision_macro=0.9893 | recall_macro=0.9893
        ovr_roc_auc_macro=0.9951 | ovr_pr_auc_macro=0.9880
Epoch 23/50 | Time 0m36s
  Train | loss=0.4163 | top1=99.68% | top2=99.88%
  Valid | loss=0.4336 | top1=98.21% | top2=98.93% | acc=98.21% | bal_acc=98.21% | macro_f1=0.9821 | weighted_f1=0.9821 | precision_macro=0.9822 | recall_macro=0.9821
        ovr_roc_auc_macro=0.9961 | ovr_pr_auc_macro=0.9951
  -> early stopping triggered at epoch 23

[TEST] loss=dast
  Test | loss=0.4737 | top1=95.00% | top2=96.44% | acc=95.00% | bal_acc=95.00% | macro_f1=0.9489 | weighted_f1=0.9489 | precision_macro=0.9539 | recall_macro=0.9500
        ovr_roc_auc_macro=0.9866 | ovr_pr_auc_macro=0.9683
  Confusion Matrix:
[[329  36  35   0]
 [  0 393   4   3]
 [  0   0 400   0]
 [  0   1   1 398]]
  Classification Report:
              precision    recall  f1-score   support

      glioma     1.0000    0.8225    0.9026       400
  meningioma     0.9140    0.9825    0.9470       400
     notumor     0.9091    1.0000    0.9524       400
   pituitary     0.9925    0.9950    0.9938       400

    accuracy                         0.9500      1600
   macro avg     0.9539    0.9500    0.9489      1600
weighted avg     0.9539    0.9500    0.9489      1600


##########################################################################################
Starting loss: pcol
##########################################################################################
Model params: 85,402,181 | pretrained loaded: 320/361 | feat_dim=2048
Criterion: PrototypeConsistencyOrdinalLoss
Criterion trainable params: 8,192
Epoch 01/50 | Time 0m36s
  Train | loss=0.5961 | top1=82.64% | top2=94.33%
  Valid | loss=0.5149 | top1=93.57% | top2=99.64% | acc=93.57% | bal_acc=93.57% | macro_f1=0.9340 | weighted_f1=0.9340 | precision_macro=0.9393 | recall_macro=0.9357
        ovr_roc_auc_macro=0.9907 | ovr_pr_auc_macro=0.9742
  -> best macro_f1 updated to 0.9340 (epoch 1, val_loss=0.5149)
Epoch 02/50 | Time 0m37s
  Train | loss=0.2188 | top1=93.23% | top2=99.17%
  Valid | loss=1.5112 | top1=96.79% | top2=99.82% | acc=96.79% | bal_acc=96.79% | macro_f1=0.9681 | weighted_f1=0.9681 | precision_macro=0.9693 | recall_macro=0.9679
        ovr_roc_auc_macro=0.9935 | ovr_pr_auc_macro=0.9777
  -> best macro_f1 updated to 0.9681 (epoch 2, val_loss=1.5112)
Epoch 03/50 | Time 0m36s
  Train | loss=0.1583 | top1=95.22% | top2=99.35%
  Valid | loss=0.7001 | top1=96.79% | top2=99.82% | acc=96.79% | bal_acc=96.79% | macro_f1=0.9674 | weighted_f1=0.9674 | precision_macro=0.9685 | recall_macro=0.9679
        ovr_roc_auc_macro=0.9939 | ovr_pr_auc_macro=0.9793
Epoch 04/50 | Time 0m37s
  Train | loss=0.1073 | top1=96.85% | top2=99.50%
  Valid | loss=0.2949 | top1=96.96% | top2=99.82% | acc=96.96% | bal_acc=96.96% | macro_f1=0.9697 | weighted_f1=0.9697 | precision_macro=0.9710 | recall_macro=0.9696
        ovr_roc_auc_macro=0.9960 | ovr_pr_auc_macro=0.9865
  -> best macro_f1 updated to 0.9697 (epoch 4, val_loss=0.2949)
Epoch 05/50 | Time 0m36s
  Train | loss=0.0743 | top1=97.94% | top2=99.78%
  Valid | loss=0.2578 | top1=93.21% | top2=98.75% | acc=93.21% | bal_acc=93.21% | macro_f1=0.9312 | weighted_f1=0.9312 | precision_macro=0.9387 | recall_macro=0.9321
        ovr_roc_auc_macro=0.9935 | ovr_pr_auc_macro=0.9800
Epoch 06/50 | Time 0m37s
  Train | loss=0.0539 | top1=98.33% | top2=99.84%
  Valid | loss=0.0927 | top1=98.39% | top2=100.00% | acc=98.39% | bal_acc=98.39% | macro_f1=0.9840 | weighted_f1=0.9840 | precision_macro=0.9842 | recall_macro=0.9839
        ovr_roc_auc_macro=0.9971 | ovr_pr_auc_macro=0.9894
  -> best macro_f1 updated to 0.9840 (epoch 6, val_loss=0.0927)
Epoch 07/50 | Time 0m36s
  Train | loss=0.0489 | top1=98.59% | top2=99.92%
  Valid | loss=0.1000 | top1=97.50% | top2=99.64% | acc=97.50% | bal_acc=97.50% | macro_f1=0.9752 | weighted_f1=0.9752 | precision_macro=0.9765 | recall_macro=0.9750
        ovr_roc_auc_macro=0.9993 | ovr_pr_auc_macro=0.9979
Epoch 08/50 | Time 0m36s
  Train | loss=0.0381 | top1=99.05% | top2=99.92%
  Valid | loss=0.0570 | top1=99.46% | top2=100.00% | acc=99.46% | bal_acc=99.46% | macro_f1=0.9946 | weighted_f1=0.9946 | precision_macro=0.9946 | recall_macro=0.9946
        ovr_roc_auc_macro=0.9975 | ovr_pr_auc_macro=0.9903
  -> best macro_f1 updated to 0.9946 (epoch 8, val_loss=0.0570)
Epoch 09/50 | Time 0m36s
  Train | loss=0.0338 | top1=98.97% | top2=99.96%
  Valid | loss=0.0887 | top1=98.21% | top2=99.82% | acc=98.21% | bal_acc=98.21% | macro_f1=0.9820 | weighted_f1=0.9820 | precision_macro=0.9825 | recall_macro=0.9821
        ovr_roc_auc_macro=0.9982 | ovr_pr_auc_macro=0.9958
Epoch 10/50 | Time 0m37s
  Train | loss=0.0495 | top1=98.49% | top2=99.82%
  Valid | loss=0.0793 | top1=97.32% | top2=99.82% | acc=97.32% | bal_acc=97.32% | macro_f1=0.9732 | weighted_f1=0.9732 | precision_macro=0.9740 | recall_macro=0.9732
        ovr_roc_auc_macro=0.9986 | ovr_pr_auc_macro=0.9968
Epoch 11/50 | Time 0m36s
  Train | loss=0.0353 | top1=99.19% | top2=99.92%
  Valid | loss=0.0863 | top1=97.50% | top2=99.82% | acc=97.50% | bal_acc=97.50% | macro_f1=0.9750 | weighted_f1=0.9750 | precision_macro=0.9756 | recall_macro=0.9750
        ovr_roc_auc_macro=0.9979 | ovr_pr_auc_macro=0.9959
Epoch 12/50 | Time 0m36s
  Train | loss=0.0204 | top1=99.42% | top2=99.96%
  Valid | loss=0.0543 | top1=98.39% | top2=99.82% | acc=98.39% | bal_acc=98.39% | macro_f1=0.9839 | weighted_f1=0.9839 | precision_macro=0.9840 | recall_macro=0.9839
        ovr_roc_auc_macro=0.9995 | ovr_pr_auc_macro=0.9986
Epoch 13/50 | Time 0m36s
  Train | loss=0.0213 | top1=99.46% | top2=99.96%
  Valid | loss=0.0489 | top1=98.39% | top2=99.82% | acc=98.39% | bal_acc=98.39% | macro_f1=0.9839 | weighted_f1=0.9839 | precision_macro=0.9840 | recall_macro=0.9839
        ovr_roc_auc_macro=0.9992 | ovr_pr_auc_macro=0.9980
Epoch 14/50 | Time 0m36s
  Train | loss=0.0154 | top1=99.54% | top2=99.98%
  Valid | loss=0.0471 | top1=98.04% | top2=99.82% | acc=98.04% | bal_acc=98.04% | macro_f1=0.9802 | weighted_f1=0.9802 | precision_macro=0.9810 | recall_macro=0.9804
        ovr_roc_auc_macro=0.9997 | ovr_pr_auc_macro=0.9992
Epoch 15/50 | Time 0m36s
  Train | loss=0.0127 | top1=99.62% | top2=100.00%
  Valid | loss=0.0315 | top1=99.11% | top2=100.00% | acc=99.11% | bal_acc=99.11% | macro_f1=0.9910 | weighted_f1=0.9910 | precision_macro=0.9913 | recall_macro=0.9911
        ovr_roc_auc_macro=0.9998 | ovr_pr_auc_macro=0.9995
Epoch 16/50 | Time 0m36s
  Train | loss=0.0258 | top1=99.25% | top2=99.96%
  Valid | loss=0.0806 | top1=97.68% | top2=99.29% | acc=97.68% | bal_acc=97.68% | macro_f1=0.9768 | weighted_f1=0.9768 | precision_macro=0.9773 | recall_macro=0.9768
        ovr_roc_auc_macro=0.9995 | ovr_pr_auc_macro=0.9987
Epoch 17/50 | Time 0m36s
  Train | loss=0.0317 | top1=99.17% | top2=99.94%
  Valid | loss=0.0203 | top1=99.11% | top2=99.64% | acc=99.11% | bal_acc=99.11% | macro_f1=0.9911 | weighted_f1=0.9911 | precision_macro=0.9911 | recall_macro=0.9911
        ovr_roc_auc_macro=0.9999 | ovr_pr_auc_macro=0.9998
Epoch 18/50 | Time 0m36s
  Train | loss=0.0351 | top1=99.13% | top2=99.90%
  Valid | loss=0.0459 | top1=98.39% | top2=100.00% | acc=98.39% | bal_acc=98.39% | macro_f1=0.9839 | weighted_f1=0.9839 | precision_macro=0.9839 | recall_macro=0.9839
        ovr_roc_auc_macro=0.9997 | ovr_pr_auc_macro=0.9991
  -> early stopping triggered at epoch 18

[TEST] loss=pcol
  Test | loss=2.5727 | top1=94.75% | top2=96.19% | acc=94.75% | bal_acc=94.75% | macro_f1=0.9466 | weighted_f1=0.9466 | precision_macro=0.9509 | recall_macro=0.9475
        ovr_roc_auc_macro=0.9823 | ovr_pr_auc_macro=0.9587
  Confusion Matrix:
[[332  26  38   4]
 [  0 391   4   5]
 [  0   7 393   0]
 [  0   0   0 400]]
  Classification Report:
              precision    recall  f1-score   support

      glioma     1.0000    0.8300    0.9071       400
  meningioma     0.9222    0.9775    0.9490       400
     notumor     0.9034    0.9825    0.9413       400
   pituitary     0.9780    1.0000    0.9889       400

    accuracy                         0.9475      1600
   macro avg     0.9509    0.9475    0.9466      1600
weighted avg     0.9509    0.9475    0.9466      1600


##########################################################################################
Starting loss: aom
##########################################################################################
Model params: 85,402,181 | pretrained loaded: 320/361 | feat_dim=2048
Criterion: AdaptiveOrdinalMarginLoss
Criterion trainable params: 0
Epoch 01/50 | Time 0m36s
  Train | loss=0.5518 | top1=81.88% | top2=94.13%
  Valid | loss=0.1822 | top1=93.57% | top2=99.29% | acc=93.57% | bal_acc=93.57% | macro_f1=0.9361 | weighted_f1=0.9361 | precision_macro=0.9375 | recall_macro=0.9357
        ovr_roc_auc_macro=0.9926 | ovr_pr_auc_macro=0.9811
  -> best macro_f1 updated to 0.9361 (epoch 1, val_loss=0.1822)
Epoch 02/50 | Time 0m36s
  Train | loss=0.1861 | top1=93.21% | top2=98.87%
  Valid | loss=0.1724 | top1=94.29% | top2=99.29% | acc=94.29% | bal_acc=94.29% | macro_f1=0.9427 | weighted_f1=0.9427 | precision_macro=0.9458 | recall_macro=0.9429
        ovr_roc_auc_macro=0.9931 | ovr_pr_auc_macro=0.9829
  -> best macro_f1 updated to 0.9427 (epoch 2, val_loss=0.1724)
Epoch 03/50 | Time 0m36s
  Train | loss=0.1491 | top1=94.94% | top2=98.95%
  Valid | loss=0.2719 | top1=93.21% | top2=99.46% | acc=93.21% | bal_acc=93.21% | macro_f1=0.9335 | weighted_f1=0.9335 | precision_macro=0.9429 | recall_macro=0.9321
        ovr_roc_auc_macro=0.9948 | ovr_pr_auc_macro=0.9833
Epoch 04/50 | Time 0m36s
  Train | loss=0.1123 | top1=96.07% | top2=99.64%
  Valid | loss=0.2213 | top1=91.96% | top2=97.32% | acc=91.96% | bal_acc=91.96% | macro_f1=0.9208 | weighted_f1=0.9208 | precision_macro=0.9301 | recall_macro=0.9196
        ovr_roc_auc_macro=0.9949 | ovr_pr_auc_macro=0.9878
Epoch 05/50 | Time 0m36s
  Train | loss=0.0766 | top1=96.87% | top2=99.74%
  Valid | loss=0.0886 | top1=96.61% | top2=99.64% | acc=96.61% | bal_acc=96.61% | macro_f1=0.9661 | weighted_f1=0.9661 | precision_macro=0.9665 | recall_macro=0.9661
        ovr_roc_auc_macro=0.9986 | ovr_pr_auc_macro=0.9963
  -> best macro_f1 updated to 0.9661 (epoch 5, val_loss=0.0886)
Epoch 06/50 | Time 0m36s
  Train | loss=0.0555 | top1=98.33% | top2=99.80%
  Valid | loss=0.0967 | top1=98.04% | top2=99.82% | acc=98.04% | bal_acc=98.04% | macro_f1=0.9803 | weighted_f1=0.9803 | precision_macro=0.9810 | recall_macro=0.9804
        ovr_roc_auc_macro=0.9964 | ovr_pr_auc_macro=0.9885
  -> best macro_f1 updated to 0.9803 (epoch 6, val_loss=0.0967)
Epoch 07/50 | Time 0m36s
  Train | loss=0.0494 | top1=98.37% | top2=99.96%
  Valid | loss=0.0693 | top1=97.86% | top2=99.46% | acc=97.86% | bal_acc=97.86% | macro_f1=0.9786 | weighted_f1=0.9786 | precision_macro=0.9789 | recall_macro=0.9786
        ovr_roc_auc_macro=0.9993 | ovr_pr_auc_macro=0.9979
Epoch 08/50 | Time 0m36s
  Train | loss=0.0329 | top1=99.13% | top2=99.86%
  Valid | loss=0.0681 | top1=97.68% | top2=99.82% | acc=97.68% | bal_acc=97.68% | macro_f1=0.9766 | weighted_f1=0.9766 | precision_macro=0.9769 | recall_macro=0.9768
        ovr_roc_auc_macro=0.9991 | ovr_pr_auc_macro=0.9977
Epoch 09/50 | Time 0m36s
  Train | loss=0.0267 | top1=99.09% | top2=99.92%
  Valid | loss=0.0632 | top1=97.50% | top2=100.00% | acc=97.50% | bal_acc=97.50% | macro_f1=0.9748 | weighted_f1=0.9748 | precision_macro=0.9757 | recall_macro=0.9750
        ovr_roc_auc_macro=0.9994 | ovr_pr_auc_macro=0.9984
Epoch 10/50 | Time 0m36s
  Train | loss=0.0311 | top1=98.99% | top2=99.86%
  Valid | loss=0.0499 | top1=98.21% | top2=100.00% | acc=98.21% | bal_acc=98.21% | macro_f1=0.9822 | weighted_f1=0.9822 | precision_macro=0.9825 | recall_macro=0.9821
        ovr_roc_auc_macro=0.9993 | ovr_pr_auc_macro=0.9982
  -> best macro_f1 updated to 0.9822 (epoch 10, val_loss=0.0499)
Epoch 11/50 | Time 0m36s
  Train | loss=0.0345 | top1=98.79% | top2=99.94%
  Valid | loss=0.0548 | top1=98.39% | top2=100.00% | acc=98.39% | bal_acc=98.39% | macro_f1=0.9839 | weighted_f1=0.9839 | precision_macro=0.9841 | recall_macro=0.9839
        ovr_roc_auc_macro=0.9992 | ovr_pr_auc_macro=0.9978
  -> best macro_f1 updated to 0.9839 (epoch 11, val_loss=0.0548)
Epoch 12/50 | Time 0m36s
  Train | loss=0.0359 | top1=98.89% | top2=99.90%
  Valid | loss=0.0398 | top1=99.29% | top2=100.00% | acc=99.29% | bal_acc=99.29% | macro_f1=0.9929 | weighted_f1=0.9929 | precision_macro=0.9929 | recall_macro=0.9929
        ovr_roc_auc_macro=0.9995 | ovr_pr_auc_macro=0.9987
  -> best macro_f1 updated to 0.9929 (epoch 12, val_loss=0.0398)
Epoch 13/50 | Time 0m36s
  Train | loss=0.0109 | top1=99.66% | top2=100.00%
  Valid | loss=0.0285 | top1=99.11% | top2=99.82% | acc=99.11% | bal_acc=99.11% | macro_f1=0.9910 | weighted_f1=0.9910 | precision_macro=0.9911 | recall_macro=0.9911
        ovr_roc_auc_macro=0.9999 | ovr_pr_auc_macro=0.9996
Epoch 14/50 | Time 0m36s
  Train | loss=0.0220 | top1=99.19% | top2=100.00%
  Valid | loss=0.1454 | top1=94.82% | top2=98.57% | acc=94.82% | bal_acc=94.82% | macro_f1=0.9478 | weighted_f1=0.9478 | precision_macro=0.9512 | recall_macro=0.9482
        ovr_roc_auc_macro=0.9983 | ovr_pr_auc_macro=0.9953
Epoch 15/50 | Time 0m36s
  Train | loss=0.0314 | top1=99.11% | top2=99.90%
  Valid | loss=0.0857 | top1=97.50% | top2=99.64% | acc=97.50% | bal_acc=97.50% | macro_f1=0.9748 | weighted_f1=0.9748 | precision_macro=0.9756 | recall_macro=0.9750
        ovr_roc_auc_macro=0.9989 | ovr_pr_auc_macro=0.9971
Epoch 16/50 | Time 0m36s
  Train | loss=0.0198 | top1=99.25% | top2=99.92%
  Valid | loss=0.0416 | top1=98.93% | top2=100.00% | acc=98.93% | bal_acc=98.93% | macro_f1=0.9892 | weighted_f1=0.9892 | precision_macro=0.9895 | recall_macro=0.9893
        ovr_roc_auc_macro=0.9996 | ovr_pr_auc_macro=0.9990
Epoch 17/50 | Time 0m36s
  Train | loss=0.0192 | top1=99.31% | top2=99.98%
  Valid | loss=0.0749 | top1=98.21% | top2=100.00% | acc=98.21% | bal_acc=98.21% | macro_f1=0.9821 | weighted_f1=0.9821 | precision_macro=0.9826 | recall_macro=0.9821
        ovr_roc_auc_macro=0.9992 | ovr_pr_auc_macro=0.9980
Epoch 18/50 | Time 0m36s
  Train | loss=0.0230 | top1=99.35% | top2=99.98%
  Valid | loss=0.0414 | top1=98.57% | top2=100.00% | acc=98.57% | bal_acc=98.57% | macro_f1=0.9857 | weighted_f1=0.9857 | precision_macro=0.9859 | recall_macro=0.9857
        ovr_roc_auc_macro=0.9996 | ovr_pr_auc_macro=0.9989
Epoch 19/50 | Time 0m36s
  Train | loss=0.0193 | top1=99.52% | top2=99.96%
  Valid | loss=0.0324 | top1=99.29% | top2=100.00% | acc=99.29% | bal_acc=99.29% | macro_f1=0.9929 | weighted_f1=0.9929 | precision_macro=0.9930 | recall_macro=0.9929
        ovr_roc_auc_macro=0.9998 | ovr_pr_auc_macro=0.9993
  -> best macro_f1 updated to 0.9929 (epoch 19, val_loss=0.0324)
Epoch 20/50 | Time 0m36s
  Train | loss=0.0146 | top1=99.70% | top2=99.98%
  Valid | loss=0.0540 | top1=98.57% | top2=99.82% | acc=98.57% | bal_acc=98.57% | macro_f1=0.9857 | weighted_f1=0.9857 | precision_macro=0.9858 | recall_macro=0.9857
        ovr_roc_auc_macro=0.9996 | ovr_pr_auc_macro=0.9990
Epoch 21/50 | Time 0m36s
  Train | loss=0.0108 | top1=99.56% | top2=99.96%
  Valid | loss=0.0378 | top1=99.11% | top2=99.82% | acc=99.11% | bal_acc=99.11% | macro_f1=0.9910 | weighted_f1=0.9910 | precision_macro=0.9912 | recall_macro=0.9911
        ovr_roc_auc_macro=0.9997 | ovr_pr_auc_macro=0.9992
Epoch 22/50 | Time 0m36s
  Train | loss=0.0076 | top1=99.76% | top2=100.00%
  Valid | loss=0.0320 | top1=98.57% | top2=100.00% | acc=98.57% | bal_acc=98.57% | macro_f1=0.9857 | weighted_f1=0.9857 | precision_macro=0.9859 | recall_macro=0.9857
        ovr_roc_auc_macro=0.9998 | ovr_pr_auc_macro=0.9994
Epoch 23/50 | Time 0m36s
  Train | loss=0.0102 | top1=99.60% | top2=100.00%
  Valid | loss=0.0383 | top1=99.29% | top2=100.00% | acc=99.29% | bal_acc=99.29% | macro_f1=0.9928 | weighted_f1=0.9928 | precision_macro=0.9930 | recall_macro=0.9929
        ovr_roc_auc_macro=0.9991 | ovr_pr_auc_macro=0.9985
Epoch 24/50 | Time 0m36s
  Train | loss=0.0071 | top1=99.76% | top2=100.00%
  Valid | loss=0.0378 | top1=99.11% | top2=100.00% | acc=99.11% | bal_acc=99.11% | macro_f1=0.9910 | weighted_f1=0.9910 | precision_macro=0.9912 | recall_macro=0.9911
        ovr_roc_auc_macro=0.9997 | ovr_pr_auc_macro=0.9993
Epoch 25/50 | Time 0m36s
  Train | loss=0.0064 | top1=99.80% | top2=100.00%
  Valid | loss=0.0411 | top1=98.75% | top2=100.00% | acc=98.75% | bal_acc=98.75% | macro_f1=0.9875 | weighted_f1=0.9875 | precision_macro=0.9880 | recall_macro=0.9875
        ovr_roc_auc_macro=0.9998 | ovr_pr_auc_macro=0.9993
Epoch 26/50 | Time 0m36s
  Train | loss=0.0053 | top1=99.74% | top2=100.00%
  Valid | loss=0.0584 | top1=98.93% | top2=100.00% | acc=98.93% | bal_acc=98.93% | macro_f1=0.9892 | weighted_f1=0.9892 | precision_macro=0.9896 | recall_macro=0.9893
        ovr_roc_auc_macro=0.9995 | ovr_pr_auc_macro=0.9986
Epoch 27/50 | Time 0m36s
  Train | loss=0.0110 | top1=99.70% | top2=100.00%
  Valid | loss=0.0382 | top1=98.39% | top2=100.00% | acc=98.39% | bal_acc=98.39% | macro_f1=0.9839 | weighted_f1=0.9839 | precision_macro=0.9840 | recall_macro=0.9839
        ovr_roc_auc_macro=0.9995 | ovr_pr_auc_macro=0.9987
Epoch 28/50 | Time 0m36s
  Train | loss=0.0086 | top1=99.72% | top2=99.98%
  Valid | loss=0.0317 | top1=99.11% | top2=100.00% | acc=99.11% | bal_acc=99.11% | macro_f1=0.9911 | weighted_f1=0.9911 | precision_macro=0.9912 | recall_macro=0.9911
        ovr_roc_auc_macro=0.9997 | ovr_pr_auc_macro=0.9993
Epoch 29/50 | Time 0m36s
  Train | loss=0.0051 | top1=99.80% | top2=100.00%
  Valid | loss=0.0267 | top1=99.46% | top2=100.00% | acc=99.46% | bal_acc=99.46% | macro_f1=0.9946 | weighted_f1=0.9946 | precision_macro=0.9947 | recall_macro=0.9946
        ovr_roc_auc_macro=0.9997 | ovr_pr_auc_macro=0.9992
  -> best macro_f1 updated to 0.9946 (epoch 29, val_loss=0.0267)
Epoch 30/50 | Time 0m36s
  Train | loss=0.0033 | top1=99.84% | top2=100.00%
  Valid | loss=0.0258 | top1=99.11% | top2=100.00% | acc=99.11% | bal_acc=99.11% | macro_f1=0.9910 | weighted_f1=0.9910 | precision_macro=0.9912 | recall_macro=0.9911
        ovr_roc_auc_macro=0.9999 | ovr_pr_auc_macro=0.9997
Epoch 31/50 | Time 0m36s
  Train | loss=0.0039 | top1=99.88% | top2=100.00%
  Valid | loss=0.0249 | top1=98.93% | top2=100.00% | acc=98.93% | bal_acc=98.93% | macro_f1=0.9892 | weighted_f1=0.9892 | precision_macro=0.9894 | recall_macro=0.9893
        ovr_roc_auc_macro=0.9999 | ovr_pr_auc_macro=0.9997
Epoch 32/50 | Time 0m36s
  Train | loss=0.0143 | top1=99.56% | top2=99.98%
  Valid | loss=0.0420 | top1=98.39% | top2=100.00% | acc=98.39% | bal_acc=98.39% | macro_f1=0.9839 | weighted_f1=0.9839 | precision_macro=0.9841 | recall_macro=0.9839
        ovr_roc_auc_macro=0.9998 | ovr_pr_auc_macro=0.9994
Epoch 33/50 | Time 0m36s
  Train | loss=0.0081 | top1=99.68% | top2=100.00%
  Valid | loss=0.0401 | top1=98.93% | top2=100.00% | acc=98.93% | bal_acc=98.93% | macro_f1=0.9892 | weighted_f1=0.9892 | precision_macro=0.9895 | recall_macro=0.9893
        ovr_roc_auc_macro=0.9998 | ovr_pr_auc_macro=0.9994
Epoch 34/50 | Time 0m36s
  Train | loss=0.0033 | top1=99.86% | top2=100.00%
  Valid | loss=0.0171 | top1=98.93% | top2=100.00% | acc=98.93% | bal_acc=98.93% | macro_f1=0.9892 | weighted_f1=0.9892 | precision_macro=0.9893 | recall_macro=0.9893
        ovr_roc_auc_macro=0.9999 | ovr_pr_auc_macro=0.9998
Epoch 35/50 | Time 0m36s
  Train | loss=0.0021 | top1=99.88% | top2=100.00%
  Valid | loss=0.0208 | top1=99.46% | top2=100.00% | acc=99.46% | bal_acc=99.46% | macro_f1=0.9946 | weighted_f1=0.9946 | precision_macro=0.9947 | recall_macro=0.9946
        ovr_roc_auc_macro=0.9999 | ovr_pr_auc_macro=0.9998
  -> best macro_f1 updated to 0.9946 (epoch 35, val_loss=0.0208)
Epoch 36/50 | Time 0m36s
  Train | loss=0.0017 | top1=99.92% | top2=100.00%
  Valid | loss=0.0252 | top1=99.11% | top2=100.00% | acc=99.11% | bal_acc=99.11% | macro_f1=0.9910 | weighted_f1=0.9910 | precision_macro=0.9912 | recall_macro=0.9911
        ovr_roc_auc_macro=0.9999 | ovr_pr_auc_macro=0.9998
Epoch 37/50 | Time 0m36s
  Train | loss=0.0017 | top1=99.90% | top2=100.00%
  Valid | loss=0.0204 | top1=99.29% | top2=100.00% | acc=99.29% | bal_acc=99.29% | macro_f1=0.9928 | weighted_f1=0.9928 | precision_macro=0.9930 | recall_macro=0.9929
        ovr_roc_auc_macro=1.0000 | ovr_pr_auc_macro=0.9999
Epoch 38/50 | Time 0m36s
  Train | loss=0.0018 | top1=99.92% | top2=100.00%
  Valid | loss=0.0300 | top1=99.29% | top2=100.00% | acc=99.29% | bal_acc=99.29% | macro_f1=0.9928 | weighted_f1=0.9928 | precision_macro=0.9930 | recall_macro=0.9929
        ovr_roc_auc_macro=0.9999 | ovr_pr_auc_macro=0.9998
Epoch 39/50 | Time 0m36s
  Train | loss=0.0024 | top1=99.92% | top2=100.00%
  Valid | loss=0.0214 | top1=99.46% | top2=100.00% | acc=99.46% | bal_acc=99.46% | macro_f1=0.9946 | weighted_f1=0.9946 | precision_macro=0.9947 | recall_macro=0.9946
        ovr_roc_auc_macro=0.9999 | ovr_pr_auc_macro=0.9998
Epoch 40/50 | Time 0m36s
  Train | loss=0.0018 | top1=99.90% | top2=100.00%
  Valid | loss=0.0199 | top1=99.29% | top2=100.00% | acc=99.29% | bal_acc=99.29% | macro_f1=0.9928 | weighted_f1=0.9928 | precision_macro=0.9930 | recall_macro=0.9929
        ovr_roc_auc_macro=0.9999 | ovr_pr_auc_macro=0.9998
Epoch 41/50 | Time 0m36s
  Train | loss=0.0015 | top1=99.92% | top2=100.00%
  Valid | loss=0.0209 | top1=99.29% | top2=100.00% | acc=99.29% | bal_acc=99.29% | macro_f1=0.9928 | weighted_f1=0.9928 | precision_macro=0.9930 | recall_macro=0.9929
        ovr_roc_auc_macro=0.9999 | ovr_pr_auc_macro=0.9998
Epoch 42/50 | Time 0m36s
  Train | loss=0.0016 | top1=99.92% | top2=100.00%
  Valid | loss=0.0221 | top1=99.29% | top2=100.00% | acc=99.29% | bal_acc=99.29% | macro_f1=0.9928 | weighted_f1=0.9928 | precision_macro=0.9930 | recall_macro=0.9929
        ovr_roc_auc_macro=0.9999 | ovr_pr_auc_macro=0.9998
Epoch 43/50 | Time 0m36s
  Train | loss=0.0015 | top1=99.92% | top2=100.00%
  Valid | loss=0.0228 | top1=99.29% | top2=100.00% | acc=99.29% | bal_acc=99.29% | macro_f1=0.9928 | weighted_f1=0.9928 | precision_macro=0.9930 | recall_macro=0.9929
        ovr_roc_auc_macro=0.9999 | ovr_pr_auc_macro=0.9998
Epoch 44/50 | Time 0m36s
  Train | loss=0.0015 | top1=99.92% | top2=100.00%
  Valid | loss=0.0257 | top1=98.93% | top2=100.00% | acc=98.93% | bal_acc=98.93% | macro_f1=0.9892 | weighted_f1=0.9892 | precision_macro=0.9893 | recall_macro=0.9893
        ovr_roc_auc_macro=0.9999 | ovr_pr_auc_macro=0.9998
Epoch 45/50 | Time 0m36s
  Train | loss=0.0017 | top1=99.92% | top2=100.00%
  Valid | loss=0.0204 | top1=99.11% | top2=100.00% | acc=99.11% | bal_acc=99.11% | macro_f1=0.9911 | weighted_f1=0.9911 | precision_macro=0.9911 | recall_macro=0.9911
        ovr_roc_auc_macro=0.9999 | ovr_pr_auc_macro=0.9998
  -> early stopping triggered at epoch 45

[TEST] loss=aom
  Test | loss=0.6050 | top1=95.06% | top2=95.75% | acc=95.06% | bal_acc=95.06% | macro_f1=0.9494 | weighted_f1=0.9494 | precision_macro=0.9551 | recall_macro=0.9506
        ovr_roc_auc_macro=0.9914 | ovr_pr_auc_macro=0.9792
  Confusion Matrix:
[[325  54  21   0]
 [  0 396   0   4]
 [  0   0 400   0]
 [  0   0   0 400]]
  Classification Report:
              precision    recall  f1-score   support

      glioma     1.0000    0.8125    0.8966       400
  meningioma     0.8800    0.9900    0.9318       400
     notumor     0.9501    1.0000    0.9744       400
   pituitary     0.9901    1.0000    0.9950       400

    accuracy                         0.9506      1600
   macro avg     0.9551    0.9506    0.9494      1600
weighted avg     0.9551    0.9506    0.9494      1600


==========================================================================================
Summary CSV saved: E:\Paper\Computer-Vision-for-Medicine\Brain_Tumor_MRI_Loss\logs\ResNet_layer3+MDFA_20260326_013531_summary.csv
Top results by test_macro_f1:
  sce: macro_f1=0.9570, acc=0.9575, top1=0.9575
  ce: macro_f1=0.9521, acc=0.9531, top1=0.9531
  aom: macro_f1=0.9494, acc=0.9506, top1=0.9506
  dast: macro_f1=0.9489, acc=0.9500, top1=0.9500
  gce: macro_f1=0.9482, acc=0.9494, top1=0.9494
  ordinal_focal_mse: macro_f1=0.9475, acc=0.9481, top1=0.9481
  pcol: macro_f1=0.9466, acc=0.9475, top1=0.9475
  cb_focal_ce: macro_f1=0.9343, acc=0.9350, top1=0.9350
==========================================================================================
