==========================================================================================
Script: ResNet_layer3+MECS
Run tag: dast_tune_tau0p5_gamma0
Module: MECS | Insert after: layer3
Device: cuda
CUDA: NVIDIA GeForce RTX 4080 SUPER
Train dir: E:\Paper\Computer-Vision-for-Medicine\Brain_Tumor_MRI\Training
Test dir : E:\Paper\Computer-Vision-for-Medicine\Brain_Tumor_MRI\Testing
Config | batch_size=32, epochs=60, num_workers=0, image_size=224, base_lr=0.001, val_ratio=0.1, patience=15
Losses to run: ['dast']
==========================================================================================
Split sizes | train=5040, valid=560, test=1600
Classes (4): ['glioma', 'meningioma', 'notumor', 'pituitary']
Train class counts: [1260, 1260, 1260, 1260]
Loading torchvision ResNet50 pretrained weights once...
Pretrained state keys: 320

##########################################################################################
Starting loss: dast
##########################################################################################
DAST config | tau=0.5000, gamma=0.0000
Model params: 27,303,236 | pretrained loaded: 320/344 | feat_dim=2048
Criterion: DistanceAwareSoftTargetLoss
Criterion trainable params: 0
Epoch 01/60 | Time 0m29s
  Train | loss=0.9926 | top1=79.00% | top2=92.72%
  Valid | loss=0.7512 | top1=92.88% | top2=97.40% | acc=92.68% | bal_acc=92.68% | macro_f1=0.9268 | weighted_f1=0.9268 | precision_macro=0.9293 | recall_macro=0.9268 | mae=0.1000 | qwk=0.9379
        ovr_roc_auc_macro=0.9820 | ovr_pr_auc_macro=0.9587
  -> best macro_f1 updated to 0.9268 (epoch 1, val_loss=0.7512)
Epoch 02/60 | Time 0m29s
  Train | loss=0.7082 | top1=93.26% | top2=98.34%
  Valid | loss=0.7284 | top1=93.58% | top2=97.22% | acc=93.39% | bal_acc=93.39% | macro_f1=0.9331 | weighted_f1=0.9331 | precision_macro=0.9392 | recall_macro=0.9339 | mae=0.1125 | qwk=0.9180
        ovr_roc_auc_macro=0.9796 | ovr_pr_auc_macro=0.9588
  -> best macro_f1 updated to 0.9331 (epoch 2, val_loss=0.7284)
Epoch 03/60 | Time 0m29s
  Train | loss=0.6669 | top1=95.83% | top2=99.05%
  Valid | loss=0.6624 | top1=96.01% | top2=98.44% | acc=95.89% | bal_acc=95.89% | macro_f1=0.9581 | weighted_f1=0.9581 | precision_macro=0.9600 | recall_macro=0.9589 | mae=0.0661 | qwk=0.9545
        ovr_roc_auc_macro=0.9923 | ovr_pr_auc_macro=0.9879
  -> best macro_f1 updated to 0.9581 (epoch 3, val_loss=0.6624)
Epoch 04/60 | Time 0m29s
  Train | loss=0.6510 | top1=97.05% | top2=99.41%
  Valid | loss=0.7031 | top1=94.79% | top2=99.13% | acc=94.64% | bal_acc=94.64% | macro_f1=0.9457 | weighted_f1=0.9457 | precision_macro=0.9507 | recall_macro=0.9464 | mae=0.0750 | qwk=0.9501
        ovr_roc_auc_macro=0.9915 | ovr_pr_auc_macro=0.9787
Epoch 05/60 | Time 0m29s
  Train | loss=0.6271 | top1=98.08% | top2=99.72%
  Valid | loss=0.6891 | top1=94.10% | top2=97.92% | acc=94.11% | bal_acc=94.11% | macro_f1=0.9412 | weighted_f1=0.9412 | precision_macro=0.9426 | recall_macro=0.9411 | mae=0.0821 | qwk=0.9478
        ovr_roc_auc_macro=0.9876 | ovr_pr_auc_macro=0.9753
Epoch 06/60 | Time 0m29s
  Train | loss=0.6248 | top1=98.58% | top2=99.60%
  Valid | loss=0.6321 | top1=97.92% | top2=99.13% | acc=97.86% | bal_acc=97.86% | macro_f1=0.9786 | weighted_f1=0.9786 | precision_macro=0.9789 | recall_macro=0.9786 | mae=0.0321 | qwk=0.9786
        ovr_roc_auc_macro=0.9951 | ovr_pr_auc_macro=0.9925
  -> best macro_f1 updated to 0.9786 (epoch 6, val_loss=0.6321)
Epoch 07/60 | Time 0m29s
  Train | loss=0.6228 | top1=98.56% | top2=99.58%
  Valid | loss=0.6451 | top1=98.09% | top2=99.31% | acc=98.04% | bal_acc=98.04% | macro_f1=0.9803 | weighted_f1=0.9803 | precision_macro=0.9803 | recall_macro=0.9804 | mae=0.0304 | qwk=0.9794
        ovr_roc_auc_macro=0.9944 | ovr_pr_auc_macro=0.9850
  -> best macro_f1 updated to 0.9803 (epoch 7, val_loss=0.6451)
Epoch 08/60 | Time 0m29s
  Train | loss=0.6127 | top1=98.93% | top2=99.82%
  Valid | loss=0.6222 | top1=97.92% | top2=99.13% | acc=97.86% | bal_acc=97.86% | macro_f1=0.9784 | weighted_f1=0.9784 | precision_macro=0.9786 | recall_macro=0.9786 | mae=0.0339 | qwk=0.9766
        ovr_roc_auc_macro=0.9988 | ovr_pr_auc_macro=0.9975
Epoch 09/60 | Time 0m29s
  Train | loss=0.6092 | top1=99.19% | top2=99.82%
  Valid | loss=0.6155 | top1=98.61% | top2=99.65% | acc=98.57% | bal_acc=98.57% | macro_f1=0.9857 | weighted_f1=0.9857 | precision_macro=0.9857 | recall_macro=0.9857 | mae=0.0196 | qwk=0.9879
        ovr_roc_auc_macro=0.9974 | ovr_pr_auc_macro=0.9970
  -> best macro_f1 updated to 0.9857 (epoch 9, val_loss=0.6155)
Epoch 10/60 | Time 0m30s
  Train | loss=0.6112 | top1=99.17% | top2=99.80%
  Valid | loss=0.6111 | top1=99.48% | top2=99.65% | acc=99.46% | bal_acc=99.46% | macro_f1=0.9946 | weighted_f1=0.9946 | precision_macro=0.9947 | recall_macro=0.9946 | mae=0.0107 | qwk=0.9914
        ovr_roc_auc_macro=0.9981 | ovr_pr_auc_macro=0.9976
  -> best macro_f1 updated to 0.9946 (epoch 10, val_loss=0.6111)
Epoch 11/60 | Time 0m31s
  Train | loss=0.6037 | top1=99.47% | top2=99.94%
  Valid | loss=0.6273 | top1=98.26% | top2=99.13% | acc=98.21% | bal_acc=98.21% | macro_f1=0.9821 | weighted_f1=0.9821 | precision_macro=0.9824 | recall_macro=0.9821 | mae=0.0304 | qwk=0.9780
        ovr_roc_auc_macro=0.9937 | ovr_pr_auc_macro=0.9931
Epoch 12/60 | Time 0m30s
  Train | loss=0.6081 | top1=99.29% | top2=99.74%
  Valid | loss=0.6531 | top1=95.83% | top2=99.31% | acc=95.89% | bal_acc=95.89% | macro_f1=0.9593 | weighted_f1=0.9593 | precision_macro=0.9622 | recall_macro=0.9589 | mae=0.0571 | qwk=0.9636
        ovr_roc_auc_macro=0.9967 | ovr_pr_auc_macro=0.9952
Epoch 13/60 | Time 0m29s
  Train | loss=0.6035 | top1=99.58% | top2=99.94%
  Valid | loss=0.6148 | top1=99.13% | top2=99.65% | acc=99.11% | bal_acc=99.11% | macro_f1=0.9911 | weighted_f1=0.9911 | precision_macro=0.9912 | recall_macro=0.9911 | mae=0.0179 | qwk=0.9858
        ovr_roc_auc_macro=0.9986 | ovr_pr_auc_macro=0.9983
Epoch 14/60 | Time 0m30s
  Train | loss=0.6037 | top1=99.45% | top2=99.86%
  Valid | loss=0.6129 | top1=98.78% | top2=99.31% | acc=98.75% | bal_acc=98.75% | macro_f1=0.9875 | weighted_f1=0.9875 | precision_macro=0.9875 | recall_macro=0.9875 | mae=0.0196 | qwk=0.9864
        ovr_roc_auc_macro=0.9986 | ovr_pr_auc_macro=0.9982
Epoch 15/60 | Time 0m31s
  Train | loss=0.6044 | top1=99.45% | top2=99.84%
  Valid | loss=0.6109 | top1=99.31% | top2=99.65% | acc=99.29% | bal_acc=99.29% | macro_f1=0.9929 | weighted_f1=0.9929 | precision_macro=0.9929 | recall_macro=0.9929 | mae=0.0107 | qwk=0.9928
        ovr_roc_auc_macro=0.9986 | ovr_pr_auc_macro=0.9981
Epoch 16/60 | Time 0m29s
  Train | loss=0.6048 | top1=99.49% | top2=99.84%
  Valid | loss=0.6084 | top1=99.13% | top2=99.48% | acc=99.11% | bal_acc=99.11% | macro_f1=0.9910 | weighted_f1=0.9910 | precision_macro=0.9913 | recall_macro=0.9911 | mae=0.0161 | qwk=0.9879
        ovr_roc_auc_macro=0.9987 | ovr_pr_auc_macro=0.9984
Epoch 17/60 | Time 0m29s
  Train | loss=0.6004 | top1=99.66% | top2=99.90%
  Valid | loss=0.6121 | top1=99.13% | top2=99.48% | acc=99.11% | bal_acc=99.11% | macro_f1=0.9910 | weighted_f1=0.9910 | precision_macro=0.9911 | recall_macro=0.9911 | mae=0.0143 | qwk=0.9900
        ovr_roc_auc_macro=0.9980 | ovr_pr_auc_macro=0.9975
Epoch 18/60 | Time 0m29s
  Train | loss=0.6014 | top1=99.68% | top2=99.88%
  Valid | loss=0.6044 | top1=99.65% | top2=99.65% | acc=99.64% | bal_acc=99.64% | macro_f1=0.9964 | weighted_f1=0.9964 | precision_macro=0.9964 | recall_macro=0.9964 | mae=0.0071 | qwk=0.9943
        ovr_roc_auc_macro=0.9983 | ovr_pr_auc_macro=0.9979
  -> best macro_f1 updated to 0.9964 (epoch 18, val_loss=0.6044)
Epoch 19/60 | Time 0m29s
  Train | loss=0.5990 | top1=99.74% | top2=99.94%
  Valid | loss=0.6048 | top1=99.31% | top2=99.83% | acc=99.29% | bal_acc=99.29% | macro_f1=0.9928 | weighted_f1=0.9928 | precision_macro=0.9930 | recall_macro=0.9929 | mae=0.0125 | qwk=0.9908
        ovr_roc_auc_macro=0.9987 | ovr_pr_auc_macro=0.9987
Epoch 20/60 | Time 0m29s
  Train | loss=0.5955 | top1=99.92% | top2=100.00%
  Valid | loss=0.6056 | top1=99.13% | top2=99.83% | acc=99.11% | bal_acc=99.11% | macro_f1=0.9911 | weighted_f1=0.9911 | precision_macro=0.9911 | recall_macro=0.9911 | mae=0.0161 | qwk=0.9879
        ovr_roc_auc_macro=0.9986 | ovr_pr_auc_macro=0.9983
Epoch 21/60 | Time 0m29s
  Train | loss=0.6009 | top1=99.64% | top2=99.88%
  Valid | loss=0.6121 | top1=98.26% | top2=99.65% | acc=98.39% | bal_acc=98.39% | macro_f1=0.9839 | weighted_f1=0.9839 | precision_macro=0.9841 | recall_macro=0.9839 | mae=0.0232 | qwk=0.9850
        ovr_roc_auc_macro=0.9986 | ovr_pr_auc_macro=0.9983
Epoch 22/60 | Time 0m30s
  Train | loss=0.6034 | top1=99.47% | top2=99.92%
  Valid | loss=0.6159 | top1=98.61% | top2=99.48% | acc=98.57% | bal_acc=98.57% | macro_f1=0.9857 | weighted_f1=0.9857 | precision_macro=0.9858 | recall_macro=0.9857 | mae=0.0232 | qwk=0.9837
        ovr_roc_auc_macro=0.9961 | ovr_pr_auc_macro=0.9956
Epoch 23/60 | Time 0m30s
  Train | loss=0.6012 | top1=99.62% | top2=99.88%
  Valid | loss=0.6188 | top1=98.44% | top2=99.31% | acc=98.39% | bal_acc=98.39% | macro_f1=0.9840 | weighted_f1=0.9840 | precision_macro=0.9841 | recall_macro=0.9839 | mae=0.0286 | qwk=0.9786
        ovr_roc_auc_macro=0.9973 | ovr_pr_auc_macro=0.9963
Epoch 24/60 | Time 0m30s
  Train | loss=0.5976 | top1=99.80% | top2=99.96%
  Valid | loss=0.6131 | top1=98.61% | top2=99.31% | acc=98.57% | bal_acc=98.57% | macro_f1=0.9857 | weighted_f1=0.9857 | precision_macro=0.9858 | recall_macro=0.9857 | mae=0.0232 | qwk=0.9836
        ovr_roc_auc_macro=0.9972 | ovr_pr_auc_macro=0.9962
Epoch 25/60 | Time 0m30s
  Train | loss=0.6003 | top1=99.72% | top2=99.84%
  Valid | loss=0.6178 | top1=98.78% | top2=99.13% | acc=98.75% | bal_acc=98.75% | macro_f1=0.9874 | weighted_f1=0.9874 | precision_macro=0.9876 | recall_macro=0.9875 | mae=0.0214 | qwk=0.9844
        ovr_roc_auc_macro=0.9960 | ovr_pr_auc_macro=0.9955
Epoch 26/60 | Time 0m30s
  Train | loss=0.6030 | top1=99.53% | top2=99.84%
  Valid | loss=0.6226 | top1=98.09% | top2=99.31% | acc=98.04% | bal_acc=98.04% | macro_f1=0.9802 | weighted_f1=0.9802 | precision_macro=0.9808 | recall_macro=0.9804 | mae=0.0268 | qwk=0.9838
        ovr_roc_auc_macro=0.9967 | ovr_pr_auc_macro=0.9960
Epoch 27/60 | Time 0m30s
  Train | loss=0.5969 | top1=99.84% | top2=99.98%
  Valid | loss=0.6166 | top1=98.44% | top2=99.48% | acc=98.39% | bal_acc=98.39% | macro_f1=0.9838 | weighted_f1=0.9838 | precision_macro=0.9842 | recall_macro=0.9839 | mae=0.0268 | qwk=0.9809
        ovr_roc_auc_macro=0.9968 | ovr_pr_auc_macro=0.9962
Epoch 28/60 | Time 0m30s
  Train | loss=0.6019 | top1=99.64% | top2=99.92%
  Valid | loss=0.6167 | top1=98.61% | top2=99.48% | acc=98.57% | bal_acc=98.57% | macro_f1=0.9857 | weighted_f1=0.9857 | precision_macro=0.9857 | recall_macro=0.9857 | mae=0.0214 | qwk=0.9857
        ovr_roc_auc_macro=0.9966 | ovr_pr_auc_macro=0.9945
Epoch 29/60 | Time 0m30s
  Train | loss=0.5995 | top1=99.68% | top2=99.92%
  Valid | loss=0.6133 | top1=99.13% | top2=99.31% | acc=99.11% | bal_acc=99.11% | macro_f1=0.9911 | weighted_f1=0.9911 | precision_macro=0.9911 | recall_macro=0.9911 | mae=0.0179 | qwk=0.9843
        ovr_roc_auc_macro=0.9972 | ovr_pr_auc_macro=0.9966
Epoch 30/60 | Time 0m30s
  Train | loss=0.5962 | top1=99.88% | top2=99.96%
  Valid | loss=0.6137 | top1=98.96% | top2=99.31% | acc=98.93% | bal_acc=98.93% | macro_f1=0.9893 | weighted_f1=0.9893 | precision_macro=0.9893 | recall_macro=0.9893 | mae=0.0179 | qwk=0.9872
        ovr_roc_auc_macro=0.9974 | ovr_pr_auc_macro=0.9972
Epoch 31/60 | Time 0m30s
  Train | loss=0.5956 | top1=99.90% | top2=99.96%
  Valid | loss=0.6135 | top1=99.31% | top2=99.48% | acc=99.29% | bal_acc=99.29% | macro_f1=0.9929 | weighted_f1=0.9929 | precision_macro=0.9929 | recall_macro=0.9929 | mae=0.0125 | qwk=0.9907
        ovr_roc_auc_macro=0.9974 | ovr_pr_auc_macro=0.9971
Epoch 32/60 | Time 0m30s
  Train | loss=0.5951 | top1=99.90% | top2=100.00%
  Valid | loss=0.6177 | top1=98.96% | top2=99.31% | acc=98.93% | bal_acc=98.93% | macro_f1=0.9893 | weighted_f1=0.9893 | precision_macro=0.9893 | recall_macro=0.9893 | mae=0.0179 | qwk=0.9872
        ovr_roc_auc_macro=0.9964 | ovr_pr_auc_macro=0.9948
Epoch 33/60 | Time 0m31s
  Train | loss=0.5980 | top1=99.70% | top2=99.96%
  Valid | loss=0.6226 | top1=98.44% | top2=99.31% | acc=98.39% | bal_acc=98.39% | macro_f1=0.9839 | weighted_f1=0.9839 | precision_macro=0.9840 | recall_macro=0.9839 | mae=0.0250 | qwk=0.9815
        ovr_roc_auc_macro=0.9967 | ovr_pr_auc_macro=0.9960
  -> early stopping triggered at epoch 33

[TEST] loss=dast
  Test | loss=0.6994 | top1=95.50% | top2=97.38% | acc=95.50% | bal_acc=95.50% | macro_f1=0.9540 | weighted_f1=0.9540 | precision_macro=0.9582 | recall_macro=0.9550 | mae=0.0644 | qwk=0.9574
        ovr_roc_auc_macro=0.9860 | ovr_pr_auc_macro=0.9581
  Confusion Matrix:
[[334  39  27   0]
 [  0 396   0   4]
 [  0   2 398   0]
 [  0   0   0 400]]
  Classification Report:
              precision    recall  f1-score   support

      glioma     1.0000    0.8350    0.9101       400
  meningioma     0.9062    0.9900    0.9462       400
     notumor     0.9365    0.9950    0.9648       400
   pituitary     0.9901    1.0000    0.9950       400

    accuracy                         0.9550      1600
   macro avg     0.9582    0.9550    0.9540      1600
weighted avg     0.9582    0.9550    0.9540      1600


==========================================================================================
Summary CSV saved: E:\Paper\Computer-Vision-for-Medicine\Brain_Tumor_MRI_Loss\logs\ResNet_layer3+MECS_dast_tune_tau0p5_gamma0_20260410_113210_summary.csv
Top results by test_macro_f1:
  dast: macro_f1=0.9540, qwk=0.9574, mae=0.0644, acc=0.9550, top1=0.9550
==========================================================================================
