==========================================================================================
Script: ResNet_layer3+MECS
Run tag: dast_tune_tau1_gamma1
Module: MECS | Insert after: layer3
Device: cuda
CUDA: NVIDIA GeForce RTX 4080 SUPER
Train dir: E:\Paper\Computer-Vision-for-Medicine\Brain_Tumor_MRI\Training
Test dir : E:\Paper\Computer-Vision-for-Medicine\Brain_Tumor_MRI\Testing
Config | batch_size=32, epochs=60, num_workers=0, image_size=224, base_lr=0.001, val_ratio=0.1, patience=15
Losses to run: ['dast']
==========================================================================================
Split sizes | train=5040, valid=560, test=1600
Classes (4): ['glioma', 'meningioma', 'notumor', 'pituitary']
Train class counts: [1260, 1260, 1260, 1260]
Loading torchvision ResNet50 pretrained weights once...
Pretrained state keys: 320

##########################################################################################
Starting loss: dast
##########################################################################################
DAST config | tau=1.0000, gamma=1.0000
Model params: 27,303,236 | pretrained loaded: 320/344 | feat_dim=2048
Criterion: DistanceAwareSoftTargetLoss
Criterion trainable params: 0
Epoch 01/60 | Time 0m31s
  Train | loss=0.7998 | top1=79.27% | top2=92.70%
  Valid | loss=0.6849 | top1=88.72% | top2=96.01% | acc=88.57% | bal_acc=88.57% | macro_f1=0.8855 | weighted_f1=0.8855 | precision_macro=0.8953 | recall_macro=0.8857 | mae=0.1411 | qwk=0.9188
        ovr_roc_auc_macro=0.9752 | ovr_pr_auc_macro=0.9413
  -> best macro_f1 updated to 0.8855 (epoch 1, val_loss=0.6849)
Epoch 02/60 | Time 0m31s
  Train | loss=0.6471 | top1=92.54% | top2=98.10%
  Valid | loss=0.6693 | top1=92.01% | top2=96.35% | acc=91.79% | bal_acc=91.79% | macro_f1=0.9159 | weighted_f1=0.9159 | precision_macro=0.9276 | recall_macro=0.9179 | mae=0.1411 | qwk=0.8988
        ovr_roc_auc_macro=0.9812 | ovr_pr_auc_macro=0.9689
  -> best macro_f1 updated to 0.9159 (epoch 2, val_loss=0.6693)
Epoch 03/60 | Time 0m31s
  Train | loss=0.6240 | top1=95.31% | top2=98.95%
  Valid | loss=0.6169 | top1=96.53% | top2=98.61% | acc=96.43% | bal_acc=96.43% | macro_f1=0.9643 | weighted_f1=0.9643 | precision_macro=0.9645 | recall_macro=0.9643 | mae=0.0518 | qwk=0.9663
        ovr_roc_auc_macro=0.9932 | ovr_pr_auc_macro=0.9880
  -> best macro_f1 updated to 0.9643 (epoch 3, val_loss=0.6169)
Epoch 04/60 | Time 0m31s
  Train | loss=0.6119 | top1=96.44% | top2=99.23%
  Valid | loss=0.6621 | top1=96.35% | top2=99.48% | acc=96.25% | bal_acc=96.25% | macro_f1=0.9623 | weighted_f1=0.9623 | precision_macro=0.9629 | recall_macro=0.9625 | mae=0.0464 | qwk=0.9732
        ovr_roc_auc_macro=0.9926 | ovr_pr_auc_macro=0.9784
Epoch 05/60 | Time 0m31s
  Train | loss=0.5997 | top1=98.06% | top2=99.58%
  Valid | loss=0.6032 | top1=98.26% | top2=99.13% | acc=98.21% | bal_acc=98.21% | macro_f1=0.9822 | weighted_f1=0.9822 | precision_macro=0.9823 | recall_macro=0.9821 | mae=0.0321 | qwk=0.9758
        ovr_roc_auc_macro=0.9947 | ovr_pr_auc_macro=0.9919
  -> best macro_f1 updated to 0.9822 (epoch 5, val_loss=0.6032)
Epoch 06/60 | Time 0m31s
  Train | loss=0.5973 | top1=97.98% | top2=99.56%
  Valid | loss=0.6391 | top1=97.74% | top2=99.48% | acc=97.68% | bal_acc=97.68% | macro_f1=0.9768 | weighted_f1=0.9768 | precision_macro=0.9769 | recall_macro=0.9768 | mae=0.0339 | qwk=0.9778
        ovr_roc_auc_macro=0.9966 | ovr_pr_auc_macro=0.9883
Epoch 07/60 | Time 0m31s
  Train | loss=0.5898 | top1=98.75% | top2=99.72%
  Valid | loss=0.6209 | top1=97.74% | top2=98.96% | acc=97.68% | bal_acc=97.68% | macro_f1=0.9769 | weighted_f1=0.9769 | precision_macro=0.9773 | recall_macro=0.9768 | mae=0.0357 | qwk=0.9741
        ovr_roc_auc_macro=0.9962 | ovr_pr_auc_macro=0.9876
Epoch 08/60 | Time 0m31s
  Train | loss=0.5883 | top1=99.05% | top2=99.72%
  Valid | loss=0.5936 | top1=98.61% | top2=99.31% | acc=98.57% | bal_acc=98.57% | macro_f1=0.9857 | weighted_f1=0.9857 | precision_macro=0.9858 | recall_macro=0.9857 | mae=0.0214 | qwk=0.9857
        ovr_roc_auc_macro=0.9953 | ovr_pr_auc_macro=0.9943
  -> best macro_f1 updated to 0.9857 (epoch 8, val_loss=0.5936)
Epoch 09/60 | Time 0m31s
  Train | loss=0.5904 | top1=98.87% | top2=99.72%
  Valid | loss=0.6060 | top1=96.53% | top2=99.13% | acc=96.43% | bal_acc=96.43% | macro_f1=0.9638 | weighted_f1=0.9638 | precision_macro=0.9662 | recall_macro=0.9643 | mae=0.0464 | qwk=0.9734
        ovr_roc_auc_macro=0.9947 | ovr_pr_auc_macro=0.9938
Epoch 10/60 | Time 0m31s
  Train | loss=0.5874 | top1=99.09% | top2=99.76%
  Valid | loss=0.5953 | top1=98.61% | top2=99.13% | acc=98.57% | bal_acc=98.57% | macro_f1=0.9857 | weighted_f1=0.9857 | precision_macro=0.9862 | recall_macro=0.9857 | mae=0.0268 | qwk=0.9795
        ovr_roc_auc_macro=0.9949 | ovr_pr_auc_macro=0.9945
Epoch 11/60 | Time 0m31s
  Train | loss=0.5823 | top1=99.72% | top2=99.94%
  Valid | loss=0.5920 | top1=98.78% | top2=99.31% | acc=98.75% | bal_acc=98.75% | macro_f1=0.9875 | weighted_f1=0.9875 | precision_macro=0.9876 | recall_macro=0.9875 | mae=0.0196 | qwk=0.9864
        ovr_roc_auc_macro=0.9955 | ovr_pr_auc_macro=0.9950
  -> best macro_f1 updated to 0.9875 (epoch 11, val_loss=0.5920)
Epoch 12/60 | Time 0m31s
  Train | loss=0.5848 | top1=99.39% | top2=99.82%
  Valid | loss=0.6020 | top1=97.92% | top2=98.96% | acc=97.86% | bal_acc=97.86% | macro_f1=0.9786 | weighted_f1=0.9786 | precision_macro=0.9794 | recall_macro=0.9786 | mae=0.0321 | qwk=0.9783
        ovr_roc_auc_macro=0.9947 | ovr_pr_auc_macro=0.9899
Epoch 13/60 | Time 0m31s
  Train | loss=0.5824 | top1=99.66% | top2=99.82%
  Valid | loss=0.5876 | top1=98.96% | top2=99.65% | acc=98.93% | bal_acc=98.93% | macro_f1=0.9893 | weighted_f1=0.9893 | precision_macro=0.9893 | recall_macro=0.9893 | mae=0.0161 | qwk=0.9893
        ovr_roc_auc_macro=0.9981 | ovr_pr_auc_macro=0.9976
  -> best macro_f1 updated to 0.9893 (epoch 13, val_loss=0.5876)
Epoch 14/60 | Time 0m31s
  Train | loss=0.5869 | top1=99.19% | top2=99.80%
  Valid | loss=0.5999 | top1=97.57% | top2=99.31% | acc=97.50% | bal_acc=97.50% | macro_f1=0.9752 | weighted_f1=0.9752 | precision_macro=0.9760 | recall_macro=0.9750 | mae=0.0357 | qwk=0.9757
        ovr_roc_auc_macro=0.9958 | ovr_pr_auc_macro=0.9938
Epoch 15/60 | Time 0m31s
  Train | loss=0.5843 | top1=99.41% | top2=99.86%
  Valid | loss=0.5981 | top1=98.96% | top2=99.48% | acc=98.93% | bal_acc=98.93% | macro_f1=0.9893 | weighted_f1=0.9893 | precision_macro=0.9894 | recall_macro=0.9893 | mae=0.0196 | qwk=0.9851
        ovr_roc_auc_macro=0.9942 | ovr_pr_auc_macro=0.9859
Epoch 16/60 | Time 0m31s
  Train | loss=0.5853 | top1=99.35% | top2=99.76%
  Valid | loss=0.5905 | top1=98.96% | top2=99.48% | acc=98.93% | bal_acc=98.93% | macro_f1=0.9893 | weighted_f1=0.9893 | precision_macro=0.9893 | recall_macro=0.9893 | mae=0.0179 | qwk=0.9872
        ovr_roc_auc_macro=0.9959 | ovr_pr_auc_macro=0.9877
Epoch 17/60 | Time 0m30s
  Train | loss=0.5852 | top1=99.43% | top2=99.74%
  Valid | loss=0.6013 | top1=97.74% | top2=98.96% | acc=97.86% | bal_acc=97.86% | macro_f1=0.9786 | weighted_f1=0.9786 | precision_macro=0.9789 | recall_macro=0.9786 | mae=0.0357 | qwk=0.9728
        ovr_roc_auc_macro=0.9959 | ovr_pr_auc_macro=0.9946
Epoch 18/60 | Time 0m31s
  Train | loss=0.5831 | top1=99.53% | top2=99.82%
  Valid | loss=0.5888 | top1=98.78% | top2=99.48% | acc=98.75% | bal_acc=98.75% | macro_f1=0.9875 | weighted_f1=0.9875 | precision_macro=0.9876 | recall_macro=0.9875 | mae=0.0196 | qwk=0.9850
        ovr_roc_auc_macro=0.9974 | ovr_pr_auc_macro=0.9971
Epoch 19/60 | Time 0m31s
  Train | loss=0.5809 | top1=99.72% | top2=99.92%
  Valid | loss=0.5902 | top1=98.78% | top2=99.48% | acc=98.75% | bal_acc=98.75% | macro_f1=0.9875 | weighted_f1=0.9875 | precision_macro=0.9875 | recall_macro=0.9875 | mae=0.0196 | qwk=0.9865
        ovr_roc_auc_macro=0.9962 | ovr_pr_auc_macro=0.9960
Epoch 20/60 | Time 0m31s
  Train | loss=0.5813 | top1=99.58% | top2=99.92%
  Valid | loss=0.5927 | top1=98.44% | top2=99.31% | acc=98.39% | bal_acc=98.39% | macro_f1=0.9839 | weighted_f1=0.9839 | precision_macro=0.9840 | recall_macro=0.9839 | mae=0.0268 | qwk=0.9808
        ovr_roc_auc_macro=0.9968 | ovr_pr_auc_macro=0.9962
Epoch 21/60 | Time 0m31s
  Train | loss=0.5812 | top1=99.62% | top2=99.94%
  Valid | loss=0.5895 | top1=99.13% | top2=99.48% | acc=99.11% | bal_acc=99.11% | macro_f1=0.9911 | weighted_f1=0.9911 | precision_macro=0.9912 | recall_macro=0.9911 | mae=0.0161 | qwk=0.9879
        ovr_roc_auc_macro=0.9963 | ovr_pr_auc_macro=0.9962
  -> best macro_f1 updated to 0.9911 (epoch 21, val_loss=0.5895)
Epoch 22/60 | Time 0m31s
  Train | loss=0.5818 | top1=99.62% | top2=99.80%
  Valid | loss=0.5959 | top1=98.09% | top2=99.13% | acc=98.21% | bal_acc=98.21% | macro_f1=0.9821 | weighted_f1=0.9821 | precision_macro=0.9823 | recall_macro=0.9821 | mae=0.0304 | qwk=0.9779
        ovr_roc_auc_macro=0.9955 | ovr_pr_auc_macro=0.9947
Epoch 23/60 | Time 0m31s
  Train | loss=0.5840 | top1=99.43% | top2=99.82%
  Valid | loss=0.5895 | top1=99.48% | top2=99.48% | acc=99.46% | bal_acc=99.46% | macro_f1=0.9946 | weighted_f1=0.9946 | precision_macro=0.9948 | recall_macro=0.9946 | mae=0.0107 | qwk=0.9915
        ovr_roc_auc_macro=0.9962 | ovr_pr_auc_macro=0.9960
  -> best macro_f1 updated to 0.9946 (epoch 23, val_loss=0.5895)
Epoch 24/60 | Time 0m31s
  Train | loss=0.5800 | top1=99.86% | top2=99.94%
  Valid | loss=0.5896 | top1=99.13% | top2=99.31% | acc=99.11% | bal_acc=99.11% | macro_f1=0.9911 | weighted_f1=0.9911 | precision_macro=0.9911 | recall_macro=0.9911 | mae=0.0161 | qwk=0.9879
        ovr_roc_auc_macro=0.9959 | ovr_pr_auc_macro=0.9912
Epoch 25/60 | Time 0m31s
  Train | loss=0.5799 | top1=99.84% | top2=99.92%
  Valid | loss=0.5937 | top1=98.44% | top2=99.31% | acc=98.39% | bal_acc=98.39% | macro_f1=0.9839 | weighted_f1=0.9839 | precision_macro=0.9841 | recall_macro=0.9839 | mae=0.0268 | qwk=0.9808
        ovr_roc_auc_macro=0.9963 | ovr_pr_auc_macro=0.9949
Epoch 26/60 | Time 0m31s
  Train | loss=0.5794 | top1=99.82% | top2=99.94%
  Valid | loss=0.5908 | top1=99.13% | top2=99.48% | acc=99.11% | bal_acc=99.11% | macro_f1=0.9911 | weighted_f1=0.9911 | precision_macro=0.9911 | recall_macro=0.9911 | mae=0.0161 | qwk=0.9879
        ovr_roc_auc_macro=0.9960 | ovr_pr_auc_macro=0.9955
Epoch 27/60 | Time 0m31s
  Train | loss=0.5798 | top1=99.80% | top2=99.90%
  Valid | loss=0.5886 | top1=99.31% | top2=99.65% | acc=99.29% | bal_acc=99.29% | macro_f1=0.9929 | weighted_f1=0.9929 | precision_macro=0.9931 | recall_macro=0.9929 | mae=0.0143 | qwk=0.9886
        ovr_roc_auc_macro=0.9972 | ovr_pr_auc_macro=0.9967
Epoch 28/60 | Time 0m31s
  Train | loss=0.5790 | top1=99.86% | top2=99.98%
  Valid | loss=0.5971 | top1=98.61% | top2=99.13% | acc=98.57% | bal_acc=98.57% | macro_f1=0.9857 | weighted_f1=0.9857 | precision_macro=0.9861 | recall_macro=0.9857 | mae=0.0232 | qwk=0.9837
        ovr_roc_auc_macro=0.9927 | ovr_pr_auc_macro=0.9868
Epoch 29/60 | Time 0m31s
  Train | loss=0.5792 | top1=99.80% | top2=99.94%
  Valid | loss=0.5954 | top1=98.78% | top2=99.13% | acc=98.75% | bal_acc=98.75% | macro_f1=0.9875 | weighted_f1=0.9875 | precision_macro=0.9880 | recall_macro=0.9875 | mae=0.0232 | qwk=0.9823
        ovr_roc_auc_macro=0.9937 | ovr_pr_auc_macro=0.9933
Epoch 30/60 | Time 0m31s
  Train | loss=0.5793 | top1=99.78% | top2=99.98%
  Valid | loss=0.5928 | top1=98.78% | top2=99.48% | acc=98.75% | bal_acc=98.75% | macro_f1=0.9874 | weighted_f1=0.9874 | precision_macro=0.9877 | recall_macro=0.9875 | mae=0.0179 | qwk=0.9887
        ovr_roc_auc_macro=0.9962 | ovr_pr_auc_macro=0.9960
Epoch 31/60 | Time 0m31s
  Train | loss=0.5805 | top1=99.62% | top2=99.92%
  Valid | loss=0.5919 | top1=99.13% | top2=99.31% | acc=99.11% | bal_acc=99.11% | macro_f1=0.9911 | weighted_f1=0.9911 | precision_macro=0.9911 | recall_macro=0.9911 | mae=0.0161 | qwk=0.9879
        ovr_roc_auc_macro=0.9953 | ovr_pr_auc_macro=0.9944
Epoch 32/60 | Time 0m30s
  Train | loss=0.5810 | top1=99.68% | top2=99.90%
  Valid | loss=0.5984 | top1=98.26% | top2=98.78% | acc=98.21% | bal_acc=98.21% | macro_f1=0.9821 | weighted_f1=0.9821 | precision_macro=0.9823 | recall_macro=0.9821 | mae=0.0304 | qwk=0.9779
        ovr_roc_auc_macro=0.9945 | ovr_pr_auc_macro=0.9907
Epoch 33/60 | Time 0m29s
  Train | loss=0.5792 | top1=99.82% | top2=99.96%
  Valid | loss=0.5961 | top1=98.78% | top2=98.96% | acc=98.75% | bal_acc=98.75% | macro_f1=0.9875 | weighted_f1=0.9875 | precision_macro=0.9876 | recall_macro=0.9875 | mae=0.0232 | qwk=0.9822
        ovr_roc_auc_macro=0.9930 | ovr_pr_auc_macro=0.9922
Epoch 34/60 | Time 0m29s
  Train | loss=0.5786 | top1=99.88% | top2=99.94%
  Valid | loss=0.5945 | top1=98.61% | top2=99.13% | acc=98.57% | bal_acc=98.57% | macro_f1=0.9857 | weighted_f1=0.9857 | precision_macro=0.9858 | recall_macro=0.9857 | mae=0.0250 | qwk=0.9815
        ovr_roc_auc_macro=0.9944 | ovr_pr_auc_macro=0.9938
Epoch 35/60 | Time 0m31s
  Train | loss=0.5813 | top1=99.76% | top2=99.90%
  Valid | loss=0.6076 | top1=97.92% | top2=99.13% | acc=97.86% | bal_acc=97.86% | macro_f1=0.9785 | weighted_f1=0.9785 | precision_macro=0.9790 | recall_macro=0.9786 | mae=0.0393 | qwk=0.9703
        ovr_roc_auc_macro=0.9891 | ovr_pr_auc_macro=0.9743
Epoch 36/60 | Time 0m31s
  Train | loss=0.5808 | top1=99.80% | top2=99.94%
  Valid | loss=0.5977 | top1=98.61% | top2=98.96% | acc=98.57% | bal_acc=98.57% | macro_f1=0.9857 | weighted_f1=0.9857 | precision_macro=0.9859 | recall_macro=0.9857 | mae=0.0268 | qwk=0.9795
        ovr_roc_auc_macro=0.9929 | ovr_pr_auc_macro=0.9914
Epoch 37/60 | Time 0m31s
  Train | loss=0.5797 | top1=99.78% | top2=99.94%
  Valid | loss=0.5974 | top1=98.78% | top2=98.96% | acc=98.75% | bal_acc=98.75% | macro_f1=0.9875 | weighted_f1=0.9875 | precision_macro=0.9875 | recall_macro=0.9875 | mae=0.0232 | qwk=0.9822
        ovr_roc_auc_macro=0.9934 | ovr_pr_auc_macro=0.9923
Epoch 38/60 | Time 0m31s
  Train | loss=0.5795 | top1=99.80% | top2=99.96%
  Valid | loss=0.5967 | top1=98.78% | top2=98.96% | acc=98.75% | bal_acc=98.75% | macro_f1=0.9875 | weighted_f1=0.9875 | precision_macro=0.9877 | recall_macro=0.9875 | mae=0.0250 | qwk=0.9801
        ovr_roc_auc_macro=0.9934 | ovr_pr_auc_macro=0.9905
  -> early stopping triggered at epoch 38

[TEST] loss=dast
  Test | loss=0.6337 | top1=95.44% | top2=96.50% | acc=95.44% | bal_acc=95.44% | macro_f1=0.9534 | weighted_f1=0.9534 | precision_macro=0.9576 | recall_macro=0.9544 | mae=0.0656 | qwk=0.9564
        ovr_roc_auc_macro=0.9856 | ovr_pr_auc_macro=0.9671
  Confusion Matrix:
[[334  39  27   0]
 [  0 395   1   4]
 [  0   1 399   0]
 [  0   1   0 399]]
  Classification Report:
              precision    recall  f1-score   support

      glioma     1.0000    0.8350    0.9101       400
  meningioma     0.9060    0.9875    0.9450       400
     notumor     0.9344    0.9975    0.9649       400
   pituitary     0.9901    0.9975    0.9938       400

    accuracy                         0.9544      1600
   macro avg     0.9576    0.9544    0.9534      1600
weighted avg     0.9576    0.9544    0.9534      1600


==========================================================================================
Summary CSV saved: E:\Paper\Computer-Vision-for-Medicine\Brain_Tumor_MRI_Loss\logs\ResNet_layer3+MECS_dast_tune_tau1_gamma1_20260410_130032_summary.csv
Top results by test_macro_f1:
  dast: macro_f1=0.9534, qwk=0.9564, mae=0.0656, acc=0.9544, top1=0.9544
==========================================================================================
