==========================================================================================
Script: ResNet_layer3+MECS
Run tag: dast_tune_tau0p5_gamma2
Module: MECS | Insert after: layer3
Device: cuda
CUDA: NVIDIA GeForce RTX 4080 SUPER
Train dir: E:\Paper\Computer-Vision-for-Medicine\Brain_Tumor_MRI\Training
Test dir : E:\Paper\Computer-Vision-for-Medicine\Brain_Tumor_MRI\Testing
Config | batch_size=32, epochs=60, num_workers=0, image_size=224, base_lr=0.001, val_ratio=0.1, patience=15
Losses to run: ['dast']
==========================================================================================
Split sizes | train=5040, valid=560, test=1600
Classes (4): ['glioma', 'meningioma', 'notumor', 'pituitary']
Train class counts: [1260, 1260, 1260, 1260]
Loading torchvision ResNet50 pretrained weights once...
Pretrained state keys: 320

##########################################################################################
Starting loss: dast
##########################################################################################
DAST config | tau=0.5000, gamma=2.0000
Model params: 27,303,236 | pretrained loaded: 320/344 | feat_dim=2048
Criterion: DistanceAwareSoftTargetLoss
Criterion trainable params: 0
Epoch 01/60 | Time 0m32s
  Train | loss=0.3999 | top1=79.31% | top2=92.80%
  Valid | loss=0.1545 | top1=92.36% | top2=98.96% | acc=92.14% | bal_acc=92.14% | macro_f1=0.9222 | weighted_f1=0.9222 | precision_macro=0.9267 | recall_macro=0.9214 | mae=0.1089 | qwk=0.9305
        ovr_roc_auc_macro=0.9877 | ovr_pr_auc_macro=0.9686
  -> best macro_f1 updated to 0.9222 (epoch 1, val_loss=0.1545)
Epoch 02/60 | Time 0m31s
  Train | loss=0.1350 | top1=92.88% | top2=99.01%
  Valid | loss=0.1371 | top1=94.79% | top2=98.61% | acc=94.64% | bal_acc=94.64% | macro_f1=0.9463 | weighted_f1=0.9463 | precision_macro=0.9484 | recall_macro=0.9464 | mae=0.0929 | qwk=0.9311
        ovr_roc_auc_macro=0.9921 | ovr_pr_auc_macro=0.9765
  -> best macro_f1 updated to 0.9463 (epoch 2, val_loss=0.1371)
Epoch 03/60 | Time 0m31s
  Train | loss=0.1024 | top1=95.43% | top2=99.43%
  Valid | loss=0.1049 | top1=96.35% | top2=98.96% | acc=96.25% | bal_acc=96.25% | macro_f1=0.9621 | weighted_f1=0.9621 | precision_macro=0.9629 | recall_macro=0.9625 | mae=0.0589 | qwk=0.9597
        ovr_roc_auc_macro=0.9964 | ovr_pr_auc_macro=0.9890
  -> best macro_f1 updated to 0.9621 (epoch 3, val_loss=0.1049)
Epoch 04/60 | Time 0m31s
  Train | loss=0.0917 | top1=96.18% | top2=99.60%
  Valid | loss=0.2048 | top1=95.83% | top2=99.65% | acc=95.71% | bal_acc=95.71% | macro_f1=0.9567 | weighted_f1=0.9567 | precision_macro=0.9581 | recall_macro=0.9571 | mae=0.0500 | qwk=0.9746
        ovr_roc_auc_macro=0.9930 | ovr_pr_auc_macro=0.9777
Epoch 05/60 | Time 0m31s
  Train | loss=0.0775 | top1=97.33% | top2=99.74%
  Valid | loss=0.0873 | top1=96.35% | top2=99.48% | acc=96.43% | bal_acc=96.43% | macro_f1=0.9643 | weighted_f1=0.9643 | precision_macro=0.9652 | recall_macro=0.9643 | mae=0.0536 | qwk=0.9642
        ovr_roc_auc_macro=0.9972 | ovr_pr_auc_macro=0.9947
  -> best macro_f1 updated to 0.9643 (epoch 5, val_loss=0.0873)
Epoch 06/60 | Time 0m32s
  Train | loss=0.0717 | top1=98.02% | top2=99.70%
  Valid | loss=0.0701 | top1=96.88% | top2=99.83% | acc=97.14% | bal_acc=97.14% | macro_f1=0.9714 | weighted_f1=0.9714 | precision_macro=0.9719 | recall_macro=0.9714 | mae=0.0393 | qwk=0.9754
        ovr_roc_auc_macro=0.9994 | ovr_pr_auc_macro=0.9983
  -> best macro_f1 updated to 0.9714 (epoch 6, val_loss=0.0701)
Epoch 07/60 | Time 0m32s
  Train | loss=0.0634 | top1=98.38% | top2=99.76%
  Valid | loss=0.0750 | top1=98.96% | top2=100.00% | acc=98.93% | bal_acc=98.93% | macro_f1=0.9893 | weighted_f1=0.9893 | precision_macro=0.9893 | recall_macro=0.9893 | mae=0.0161 | qwk=0.9893
        ovr_roc_auc_macro=0.9973 | ovr_pr_auc_macro=0.9916
  -> best macro_f1 updated to 0.9893 (epoch 7, val_loss=0.0750)
Epoch 08/60 | Time 0m30s
  Train | loss=0.0521 | top1=99.17% | top2=99.94%
  Valid | loss=0.0662 | top1=98.09% | top2=99.48% | acc=98.04% | bal_acc=98.04% | macro_f1=0.9803 | weighted_f1=0.9803 | precision_macro=0.9804 | recall_macro=0.9804 | mae=0.0321 | qwk=0.9772
        ovr_roc_auc_macro=0.9991 | ovr_pr_auc_macro=0.9981
Epoch 09/60 | Time 0m30s
  Train | loss=0.0468 | top1=99.51% | top2=99.96%
  Valid | loss=0.0665 | top1=98.61% | top2=99.65% | acc=98.57% | bal_acc=98.57% | macro_f1=0.9857 | weighted_f1=0.9857 | precision_macro=0.9860 | recall_macro=0.9857 | mae=0.0268 | qwk=0.9794
        ovr_roc_auc_macro=0.9988 | ovr_pr_auc_macro=0.9979
Epoch 10/60 | Time 0m28s
  Train | loss=0.0545 | top1=98.95% | top2=99.94%
  Valid | loss=0.0600 | top1=98.61% | top2=99.65% | acc=98.57% | bal_acc=98.57% | macro_f1=0.9857 | weighted_f1=0.9857 | precision_macro=0.9860 | recall_macro=0.9857 | mae=0.0214 | qwk=0.9842
        ovr_roc_auc_macro=0.9993 | ovr_pr_auc_macro=0.9986
Epoch 11/60 | Time 0m28s
  Train | loss=0.0461 | top1=99.58% | top2=99.88%
  Valid | loss=0.0666 | top1=98.61% | top2=99.83% | acc=98.57% | bal_acc=98.57% | macro_f1=0.9856 | weighted_f1=0.9856 | precision_macro=0.9858 | recall_macro=0.9857 | mae=0.0214 | qwk=0.9858
        ovr_roc_auc_macro=0.9991 | ovr_pr_auc_macro=0.9980
Epoch 12/60 | Time 0m30s
  Train | loss=0.0447 | top1=99.60% | top2=99.96%
  Valid | loss=0.0636 | top1=98.61% | top2=99.65% | acc=98.57% | bal_acc=98.57% | macro_f1=0.9857 | weighted_f1=0.9857 | precision_macro=0.9859 | recall_macro=0.9857 | mae=0.0250 | qwk=0.9815
        ovr_roc_auc_macro=0.9991 | ovr_pr_auc_macro=0.9983
Epoch 13/60 | Time 0m31s
  Train | loss=0.0458 | top1=99.53% | top2=99.90%
  Valid | loss=0.0741 | top1=97.92% | top2=99.83% | acc=97.86% | bal_acc=97.86% | macro_f1=0.9786 | weighted_f1=0.9786 | precision_macro=0.9789 | recall_macro=0.9786 | mae=0.0429 | qwk=0.9632
        ovr_roc_auc_macro=0.9981 | ovr_pr_auc_macro=0.9943
Epoch 14/60 | Time 0m31s
  Train | loss=0.0493 | top1=99.39% | top2=99.96%
  Valid | loss=0.0511 | top1=99.31% | top2=100.00% | acc=99.29% | bal_acc=99.29% | macro_f1=0.9928 | weighted_f1=0.9928 | precision_macro=0.9929 | recall_macro=0.9929 | mae=0.0125 | qwk=0.9907
        ovr_roc_auc_macro=0.9999 | ovr_pr_auc_macro=0.9996
  -> best macro_f1 updated to 0.9928 (epoch 14, val_loss=0.0511)
Epoch 15/60 | Time 0m31s
  Train | loss=0.0461 | top1=99.55% | top2=100.00%
  Valid | loss=0.0606 | top1=98.61% | top2=99.65% | acc=98.57% | bal_acc=98.57% | macro_f1=0.9857 | weighted_f1=0.9857 | precision_macro=0.9861 | recall_macro=0.9857 | mae=0.0286 | qwk=0.9744
        ovr_roc_auc_macro=0.9997 | ovr_pr_auc_macro=0.9992
Epoch 16/60 | Time 0m31s
  Train | loss=0.0463 | top1=99.55% | top2=99.96%
  Valid | loss=0.0563 | top1=98.96% | top2=99.83% | acc=98.93% | bal_acc=98.93% | macro_f1=0.9892 | weighted_f1=0.9892 | precision_macro=0.9896 | recall_macro=0.9893 | mae=0.0196 | qwk=0.9851
        ovr_roc_auc_macro=0.9998 | ovr_pr_auc_macro=0.9995
Epoch 17/60 | Time 0m31s
  Train | loss=0.0440 | top1=99.60% | top2=99.98%
  Valid | loss=0.0537 | top1=98.78% | top2=100.00% | acc=98.75% | bal_acc=98.75% | macro_f1=0.9874 | weighted_f1=0.9874 | precision_macro=0.9876 | recall_macro=0.9875 | mae=0.0214 | qwk=0.9844
        ovr_roc_auc_macro=0.9998 | ovr_pr_auc_macro=0.9995
Epoch 18/60 | Time 0m30s
  Train | loss=0.0427 | top1=99.62% | top2=100.00%
  Valid | loss=0.0506 | top1=99.13% | top2=99.83% | acc=99.11% | bal_acc=99.11% | macro_f1=0.9911 | weighted_f1=0.9911 | precision_macro=0.9912 | recall_macro=0.9911 | mae=0.0143 | qwk=0.9900
        ovr_roc_auc_macro=0.9999 | ovr_pr_auc_macro=0.9996
Epoch 19/60 | Time 0m30s
  Train | loss=0.0414 | top1=99.72% | top2=100.00%
  Valid | loss=0.0658 | top1=98.44% | top2=99.65% | acc=98.39% | bal_acc=98.39% | macro_f1=0.9839 | weighted_f1=0.9839 | precision_macro=0.9841 | recall_macro=0.9839 | mae=0.0232 | qwk=0.9850
        ovr_roc_auc_macro=0.9991 | ovr_pr_auc_macro=0.9981
Epoch 20/60 | Time 0m30s
  Train | loss=0.0424 | top1=99.64% | top2=99.98%
  Valid | loss=0.0556 | top1=99.31% | top2=99.83% | acc=99.29% | bal_acc=99.29% | macro_f1=0.9928 | weighted_f1=0.9928 | precision_macro=0.9929 | recall_macro=0.9929 | mae=0.0107 | qwk=0.9929
        ovr_roc_auc_macro=0.9993 | ovr_pr_auc_macro=0.9987
Epoch 21/60 | Time 0m31s
  Train | loss=0.0394 | top1=99.84% | top2=100.00%
  Valid | loss=0.0571 | top1=99.31% | top2=99.83% | acc=99.29% | bal_acc=99.29% | macro_f1=0.9928 | weighted_f1=0.9928 | precision_macro=0.9930 | recall_macro=0.9929 | mae=0.0125 | qwk=0.9908
        ovr_roc_auc_macro=0.9987 | ovr_pr_auc_macro=0.9984
Epoch 22/60 | Time 0m31s
  Train | loss=0.0414 | top1=99.68% | top2=99.98%
  Valid | loss=0.0646 | top1=99.13% | top2=99.65% | acc=99.11% | bal_acc=99.11% | macro_f1=0.9911 | weighted_f1=0.9911 | precision_macro=0.9912 | recall_macro=0.9911 | mae=0.0143 | qwk=0.9900
        ovr_roc_auc_macro=0.9975 | ovr_pr_auc_macro=0.9967
Epoch 23/60 | Time 0m31s
  Train | loss=0.0412 | top1=99.72% | top2=100.00%
  Valid | loss=0.0616 | top1=99.13% | top2=99.83% | acc=99.11% | bal_acc=99.11% | macro_f1=0.9911 | weighted_f1=0.9911 | precision_macro=0.9911 | recall_macro=0.9911 | mae=0.0179 | qwk=0.9843
        ovr_roc_auc_macro=0.9983 | ovr_pr_auc_macro=0.9977
Epoch 24/60 | Time 0m31s
  Train | loss=0.0417 | top1=99.72% | top2=99.96%
  Valid | loss=0.0592 | top1=98.44% | top2=99.83% | acc=98.57% | bal_acc=98.57% | macro_f1=0.9857 | weighted_f1=0.9857 | precision_macro=0.9858 | recall_macro=0.9857 | mae=0.0232 | qwk=0.9835
        ovr_roc_auc_macro=0.9987 | ovr_pr_auc_macro=0.9980
Epoch 25/60 | Time 0m31s
  Train | loss=0.0465 | top1=99.53% | top2=99.94%
  Valid | loss=0.0719 | top1=98.61% | top2=99.31% | acc=98.57% | bal_acc=98.57% | macro_f1=0.9857 | weighted_f1=0.9857 | precision_macro=0.9861 | recall_macro=0.9857 | mae=0.0321 | qwk=0.9687
        ovr_roc_auc_macro=0.9986 | ovr_pr_auc_macro=0.9978
Epoch 26/60 | Time 0m31s
  Train | loss=0.0440 | top1=99.68% | top2=99.96%
  Valid | loss=0.0576 | top1=99.13% | top2=99.83% | acc=99.11% | bal_acc=99.11% | macro_f1=0.9911 | weighted_f1=0.9911 | precision_macro=0.9911 | recall_macro=0.9911 | mae=0.0179 | qwk=0.9857
        ovr_roc_auc_macro=0.9988 | ovr_pr_auc_macro=0.9984
Epoch 27/60 | Time 0m31s
  Train | loss=0.0432 | top1=99.62% | top2=99.98%
  Valid | loss=0.0630 | top1=99.31% | top2=99.65% | acc=99.29% | bal_acc=99.29% | macro_f1=0.9928 | weighted_f1=0.9928 | precision_macro=0.9930 | recall_macro=0.9929 | mae=0.0125 | qwk=0.9908
        ovr_roc_auc_macro=0.9980 | ovr_pr_auc_macro=0.9968
Epoch 28/60 | Time 0m31s
  Train | loss=0.0396 | top1=99.88% | top2=100.00%
  Valid | loss=0.0638 | top1=98.61% | top2=99.65% | acc=98.57% | bal_acc=98.57% | macro_f1=0.9857 | weighted_f1=0.9857 | precision_macro=0.9858 | recall_macro=0.9857 | mae=0.0214 | qwk=0.9856
        ovr_roc_auc_macro=0.9981 | ovr_pr_auc_macro=0.9972
Epoch 29/60 | Time 0m30s
  Train | loss=0.0395 | top1=99.86% | top2=100.00%
  Valid | loss=0.0642 | top1=98.96% | top2=99.65% | acc=98.93% | bal_acc=98.93% | macro_f1=0.9892 | weighted_f1=0.9892 | precision_macro=0.9895 | recall_macro=0.9893 | mae=0.0179 | qwk=0.9872
        ovr_roc_auc_macro=0.9982 | ovr_pr_auc_macro=0.9975
  -> early stopping triggered at epoch 29

[TEST] loss=dast
  Test | loss=0.1897 | top1=94.75% | top2=96.19% | acc=94.75% | bal_acc=94.75% | macro_f1=0.9460 | weighted_f1=0.9460 | precision_macro=0.9529 | recall_macro=0.9475 | mae=0.0681 | qwk=0.9586
        ovr_roc_auc_macro=0.9914 | ovr_pr_auc_macro=0.9803
  Confusion Matrix:
[[318  59  23   0]
 [  0 398   0   2]
 [  0   0 400   0]
 [  0   0   0 400]]
  Classification Report:
              precision    recall  f1-score   support

      glioma     1.0000    0.7950    0.8858       400
  meningioma     0.8709    0.9950    0.9288       400
     notumor     0.9456    1.0000    0.9721       400
   pituitary     0.9950    1.0000    0.9975       400

    accuracy                         0.9475      1600
   macro avg     0.9529    0.9475    0.9460      1600
weighted avg     0.9529    0.9475    0.9460      1600


==========================================================================================
Summary CSV saved: E:\Paper\Computer-Vision-for-Medicine\Brain_Tumor_MRI_Loss\logs\ResNet_layer3+MECS_dast_tune_tau0p5_gamma2_20260410_122508_summary.csv
Top results by test_macro_f1:
  dast: macro_f1=0.9460, qwk=0.9586, mae=0.0681, acc=0.9475, top1=0.9475
==========================================================================================
