
====================================================================================================
RUN SCRIPT: ResNet_layer3+GCSA.py
LOSSES: default
START TIME: 2026-03-26T06:15:34
LOG FILE: E:\Paper\Computer-Vision-for-Medicine\Brain_Tumor_MRI_Loss\batch_logs\ResNet_layer3+GCSA_20260326_061534.log
====================================================================================================
==========================================================================================
Script: ResNet_layer3+GCSA
Module: GCSA | Insert after: layer3
Device: cuda
CUDA: NVIDIA GeForce RTX 4080 SUPER
Train dir: E:\Paper\Computer-Vision-for-Medicine\Brain_Tumor_MRI\Training
Test dir : E:\Paper\Computer-Vision-for-Medicine\Brain_Tumor_MRI\Testing
Config | batch_size=16, epochs=50, num_workers=0, image_size=224, base_lr=0.001, val_ratio=0.1, patience=10
Losses to run: ['ce', 'cb_focal_ce', 'ordinal_focal_mse', 'sce', 'gce', 'dast', 'pcol', 'aom']
==========================================================================================
Split sizes | train=5040, valid=560, test=1600
Classes (4): ['glioma', 'meningioma', 'notumor', 'pituitary']
Train class counts: [1260, 1260, 1260, 1260]
Loading torchvision ResNet50 pretrained weights once...
Pretrained state keys: 320

##########################################################################################
Starting loss: ce
##########################################################################################
Model params: 49,735,748 | pretrained loaded: 320/338 | feat_dim=2048
Criterion: CrossEntropyLoss
Criterion trainable params: 0
Epoch 01/50 | Time 0m31s
  Train | loss=0.6320 | top1=81.31% | top2=94.17%
  Valid | loss=0.4285 | top1=89.82% | top2=97.32% | acc=89.82% | bal_acc=89.82% | macro_f1=0.8974 | weighted_f1=0.8974 | precision_macro=0.9036 | recall_macro=0.8982
        ovr_roc_auc_macro=0.9822 | ovr_pr_auc_macro=0.9482
  -> best macro_f1 updated to 0.8974 (epoch 1, val_loss=0.4285)
Epoch 02/50 | Time 0m31s
  Train | loss=0.2599 | top1=90.65% | top2=98.75%
  Valid | loss=0.2587 | top1=93.75% | top2=99.29% | acc=93.75% | bal_acc=93.75% | macro_f1=0.9358 | weighted_f1=0.9358 | precision_macro=0.9402 | recall_macro=0.9375
        ovr_roc_auc_macro=0.9941 | ovr_pr_auc_macro=0.9814
  -> best macro_f1 updated to 0.9358 (epoch 2, val_loss=0.2587)
Epoch 03/50 | Time 0m31s
  Train | loss=0.1553 | top1=94.64% | top2=99.27%
  Valid | loss=0.3454 | top1=96.25% | top2=99.46% | acc=96.25% | bal_acc=96.25% | macro_f1=0.9625 | weighted_f1=0.9625 | precision_macro=0.9641 | recall_macro=0.9625
        ovr_roc_auc_macro=0.9951 | ovr_pr_auc_macro=0.9840
  -> best macro_f1 updated to 0.9625 (epoch 3, val_loss=0.3454)
Epoch 04/50 | Time 0m31s
  Train | loss=0.1141 | top1=96.19% | top2=99.48%
  Valid | loss=0.0748 | top1=97.68% | top2=99.82% | acc=97.68% | bal_acc=97.68% | macro_f1=0.9768 | weighted_f1=0.9768 | precision_macro=0.9774 | recall_macro=0.9768
        ovr_roc_auc_macro=0.9988 | ovr_pr_auc_macro=0.9970
  -> best macro_f1 updated to 0.9768 (epoch 4, val_loss=0.0748)
Epoch 05/50 | Time 0m31s
  Train | loss=0.0868 | top1=97.16% | top2=99.70%
  Valid | loss=0.1216 | top1=96.25% | top2=99.11% | acc=96.25% | bal_acc=96.25% | macro_f1=0.9626 | weighted_f1=0.9626 | precision_macro=0.9630 | recall_macro=0.9625
        ovr_roc_auc_macro=0.9972 | ovr_pr_auc_macro=0.9929
Epoch 06/50 | Time 0m31s
  Train | loss=0.0527 | top1=98.27% | top2=99.88%
  Valid | loss=0.1036 | top1=98.21% | top2=99.64% | acc=98.21% | bal_acc=98.21% | macro_f1=0.9821 | weighted_f1=0.9821 | precision_macro=0.9821 | recall_macro=0.9821
        ovr_roc_auc_macro=0.9968 | ovr_pr_auc_macro=0.9898
  -> best macro_f1 updated to 0.9821 (epoch 6, val_loss=0.1036)
Epoch 07/50 | Time 0m31s
  Train | loss=0.0515 | top1=98.29% | top2=99.86%
  Valid | loss=0.1554 | top1=96.96% | top2=99.82% | acc=96.96% | bal_acc=96.96% | macro_f1=0.9697 | weighted_f1=0.9697 | precision_macro=0.9713 | recall_macro=0.9696
        ovr_roc_auc_macro=0.9953 | ovr_pr_auc_macro=0.9850
Epoch 08/50 | Time 0m31s
  Train | loss=0.0381 | top1=98.81% | top2=99.84%
  Valid | loss=0.0787 | top1=97.50% | top2=100.00% | acc=97.50% | bal_acc=97.50% | macro_f1=0.9749 | weighted_f1=0.9749 | precision_macro=0.9752 | recall_macro=0.9750
        ovr_roc_auc_macro=0.9986 | ovr_pr_auc_macro=0.9962
Epoch 09/50 | Time 0m31s
  Train | loss=0.0285 | top1=98.97% | top2=99.98%
  Valid | loss=0.1662 | top1=95.00% | top2=99.64% | acc=95.00% | bal_acc=95.00% | macro_f1=0.9493 | weighted_f1=0.9493 | precision_macro=0.9537 | recall_macro=0.9500
        ovr_roc_auc_macro=0.9989 | ovr_pr_auc_macro=0.9970
Epoch 10/50 | Time 0m31s
  Train | loss=0.0223 | top1=99.25% | top2=99.98%
  Valid | loss=0.0462 | top1=98.57% | top2=99.82% | acc=98.57% | bal_acc=98.57% | macro_f1=0.9857 | weighted_f1=0.9857 | precision_macro=0.9857 | recall_macro=0.9857
        ovr_roc_auc_macro=0.9996 | ovr_pr_auc_macro=0.9990
  -> best macro_f1 updated to 0.9857 (epoch 10, val_loss=0.0462)
Epoch 11/50 | Time 0m31s
  Train | loss=0.0307 | top1=99.01% | top2=99.94%
  Valid | loss=0.0414 | top1=98.39% | top2=100.00% | acc=98.39% | bal_acc=98.39% | macro_f1=0.9839 | weighted_f1=0.9839 | precision_macro=0.9839 | recall_macro=0.9839
        ovr_roc_auc_macro=0.9998 | ovr_pr_auc_macro=0.9994
Epoch 12/50 | Time 0m31s
  Train | loss=0.0280 | top1=99.09% | top2=99.94%
  Valid | loss=0.0529 | top1=98.39% | top2=100.00% | acc=98.39% | bal_acc=98.39% | macro_f1=0.9839 | weighted_f1=0.9839 | precision_macro=0.9841 | recall_macro=0.9839
        ovr_roc_auc_macro=0.9991 | ovr_pr_auc_macro=0.9977
Epoch 13/50 | Time 0m31s
  Train | loss=0.0171 | top1=99.50% | top2=100.00%
  Valid | loss=0.0249 | top1=99.46% | top2=99.82% | acc=99.46% | bal_acc=99.46% | macro_f1=0.9946 | weighted_f1=0.9946 | precision_macro=0.9947 | recall_macro=0.9946
        ovr_roc_auc_macro=0.9999 | ovr_pr_auc_macro=0.9996
  -> best macro_f1 updated to 0.9946 (epoch 13, val_loss=0.0249)
Epoch 14/50 | Time 0m31s
  Train | loss=0.0143 | top1=99.42% | top2=99.98%
  Valid | loss=0.0715 | top1=97.32% | top2=99.82% | acc=97.32% | bal_acc=97.32% | macro_f1=0.9732 | weighted_f1=0.9732 | precision_macro=0.9738 | recall_macro=0.9732
        ovr_roc_auc_macro=0.9992 | ovr_pr_auc_macro=0.9981
Epoch 15/50 | Time 0m31s
  Train | loss=0.0257 | top1=99.01% | top2=99.96%
  Valid | loss=0.0762 | top1=98.21% | top2=99.64% | acc=98.21% | bal_acc=98.21% | macro_f1=0.9822 | weighted_f1=0.9822 | precision_macro=0.9823 | recall_macro=0.9821
        ovr_roc_auc_macro=0.9987 | ovr_pr_auc_macro=0.9976
Epoch 16/50 | Time 0m31s
  Train | loss=0.0209 | top1=99.40% | top2=99.96%
  Valid | loss=0.0472 | top1=98.75% | top2=100.00% | acc=98.75% | bal_acc=98.75% | macro_f1=0.9875 | weighted_f1=0.9875 | precision_macro=0.9875 | recall_macro=0.9875
        ovr_roc_auc_macro=0.9995 | ovr_pr_auc_macro=0.9986
Epoch 17/50 | Time 0m31s
  Train | loss=0.0198 | top1=99.44% | top2=99.98%
  Valid | loss=0.0385 | top1=98.93% | top2=100.00% | acc=98.93% | bal_acc=98.93% | macro_f1=0.9893 | weighted_f1=0.9893 | precision_macro=0.9893 | recall_macro=0.9893
        ovr_roc_auc_macro=0.9996 | ovr_pr_auc_macro=0.9989
Epoch 18/50 | Time 0m31s
  Train | loss=0.0185 | top1=99.38% | top2=99.96%
  Valid | loss=0.0579 | top1=98.75% | top2=99.64% | acc=98.75% | bal_acc=98.75% | macro_f1=0.9875 | weighted_f1=0.9875 | precision_macro=0.9876 | recall_macro=0.9875
        ovr_roc_auc_macro=0.9987 | ovr_pr_auc_macro=0.9968
Epoch 19/50 | Time 0m31s
  Train | loss=0.0117 | top1=99.62% | top2=100.00%
  Valid | loss=0.0314 | top1=99.29% | top2=100.00% | acc=99.29% | bal_acc=99.29% | macro_f1=0.9928 | weighted_f1=0.9928 | precision_macro=0.9929 | recall_macro=0.9929
        ovr_roc_auc_macro=0.9998 | ovr_pr_auc_macro=0.9995
Epoch 20/50 | Time 0m31s
  Train | loss=0.0127 | top1=99.56% | top2=100.00%
  Valid | loss=0.0567 | top1=98.93% | top2=100.00% | acc=98.93% | bal_acc=98.93% | macro_f1=0.9893 | weighted_f1=0.9893 | precision_macro=0.9893 | recall_macro=0.9893
        ovr_roc_auc_macro=0.9991 | ovr_pr_auc_macro=0.9973
Epoch 21/50 | Time 0m31s
  Train | loss=0.0081 | top1=99.72% | top2=100.00%
  Valid | loss=0.0500 | top1=98.75% | top2=100.00% | acc=98.75% | bal_acc=98.75% | macro_f1=0.9875 | weighted_f1=0.9875 | precision_macro=0.9875 | recall_macro=0.9875
        ovr_roc_auc_macro=0.9997 | ovr_pr_auc_macro=0.9992
Epoch 22/50 | Time 0m31s
  Train | loss=0.0146 | top1=99.48% | top2=99.96%
  Valid | loss=0.0506 | top1=98.39% | top2=100.00% | acc=98.39% | bal_acc=98.39% | macro_f1=0.9839 | weighted_f1=0.9839 | precision_macro=0.9841 | recall_macro=0.9839
        ovr_roc_auc_macro=0.9996 | ovr_pr_auc_macro=0.9990
Epoch 23/50 | Time 0m31s
  Train | loss=0.0082 | top1=99.70% | top2=100.00%
  Valid | loss=0.0516 | top1=98.04% | top2=100.00% | acc=98.04% | bal_acc=98.04% | macro_f1=0.9803 | weighted_f1=0.9803 | precision_macro=0.9804 | recall_macro=0.9804
        ovr_roc_auc_macro=0.9997 | ovr_pr_auc_macro=0.9990
  -> early stopping triggered at epoch 23

[TEST] loss=ce
  Test | loss=0.6494 | top1=94.44% | top2=96.50% | acc=94.44% | bal_acc=94.44% | macro_f1=0.9433 | weighted_f1=0.9433 | precision_macro=0.9486 | recall_macro=0.9444
        ovr_roc_auc_macro=0.9879 | ovr_pr_auc_macro=0.9697
  Confusion Matrix:
[[325  42  32   1]
 [  0 395   0   5]
 [  0   6 394   0]
 [  1   2   0 397]]
  Classification Report:
              precision    recall  f1-score   support

      glioma     0.9969    0.8125    0.8953       400
  meningioma     0.8876    0.9875    0.9349       400
     notumor     0.9249    0.9850    0.9540       400
   pituitary     0.9851    0.9925    0.9888       400

    accuracy                         0.9444      1600
   macro avg     0.9486    0.9444    0.9433      1600
weighted avg     0.9486    0.9444    0.9433      1600


##########################################################################################
Starting loss: cb_focal_ce
##########################################################################################
Model params: 49,735,748 | pretrained loaded: 320/338 | feat_dim=2048
Criterion: ClassBalancedFocalCELoss
Criterion trainable params: 0
Epoch 01/50 | Time 0m32s
  Train | loss=0.2817 | top1=82.10% | top2=94.64%
  Valid | loss=0.4703 | top1=83.39% | top2=94.64% | acc=83.39% | bal_acc=83.39% | macro_f1=0.8366 | weighted_f1=0.8366 | precision_macro=0.8645 | recall_macro=0.8339
        ovr_roc_auc_macro=0.9753 | ovr_pr_auc_macro=0.9338
  -> best macro_f1 updated to 0.8366 (epoch 1, val_loss=0.4703)
Epoch 02/50 | Time 0m32s
  Train | loss=0.1092 | top1=90.89% | top2=98.99%
  Valid | loss=0.2257 | top1=94.11% | top2=99.46% | acc=94.11% | bal_acc=94.11% | macro_f1=0.9422 | weighted_f1=0.9422 | precision_macro=0.9481 | recall_macro=0.9411
        ovr_roc_auc_macro=0.9894 | ovr_pr_auc_macro=0.9675
  -> best macro_f1 updated to 0.9422 (epoch 2, val_loss=0.2257)
Epoch 03/50 | Time 0m31s
  Train | loss=0.0725 | top1=93.65% | top2=99.35%
  Valid | loss=0.1090 | top1=96.07% | top2=99.11% | acc=96.07% | bal_acc=96.07% | macro_f1=0.9604 | weighted_f1=0.9604 | precision_macro=0.9609 | recall_macro=0.9607
        ovr_roc_auc_macro=0.9937 | ovr_pr_auc_macro=0.9787
  -> best macro_f1 updated to 0.9604 (epoch 3, val_loss=0.1090)
Epoch 04/50 | Time 0m31s
  Train | loss=0.0493 | top1=95.79% | top2=99.40%
  Valid | loss=0.0500 | top1=96.79% | top2=99.82% | acc=96.79% | bal_acc=96.79% | macro_f1=0.9679 | weighted_f1=0.9679 | precision_macro=0.9687 | recall_macro=0.9679
        ovr_roc_auc_macro=0.9965 | ovr_pr_auc_macro=0.9895
  -> best macro_f1 updated to 0.9679 (epoch 4, val_loss=0.0500)
Epoch 05/50 | Time 0m31s
  Train | loss=0.0404 | top1=96.39% | top2=99.60%
  Valid | loss=0.0555 | top1=96.96% | top2=100.00% | acc=96.96% | bal_acc=96.96% | macro_f1=0.9695 | weighted_f1=0.9695 | precision_macro=0.9697 | recall_macro=0.9696
        ovr_roc_auc_macro=0.9962 | ovr_pr_auc_macro=0.9864
  -> best macro_f1 updated to 0.9695 (epoch 5, val_loss=0.0555)
Epoch 06/50 | Time 0m31s
  Train | loss=0.0214 | top1=97.90% | top2=99.88%
  Valid | loss=0.1169 | top1=96.61% | top2=99.64% | acc=96.61% | bal_acc=96.61% | macro_f1=0.9658 | weighted_f1=0.9658 | precision_macro=0.9670 | recall_macro=0.9661
        ovr_roc_auc_macro=0.9959 | ovr_pr_auc_macro=0.9867
Epoch 07/50 | Time 0m31s
  Train | loss=0.0237 | top1=98.21% | top2=99.92%
  Valid | loss=0.1406 | top1=93.21% | top2=99.29% | acc=93.21% | bal_acc=93.21% | macro_f1=0.9304 | weighted_f1=0.9304 | precision_macro=0.9435 | recall_macro=0.9321
        ovr_roc_auc_macro=0.9955 | ovr_pr_auc_macro=0.9854
Epoch 08/50 | Time 0m32s
  Train | loss=0.0202 | top1=98.39% | top2=99.84%
  Valid | loss=0.2416 | top1=98.39% | top2=100.00% | acc=98.39% | bal_acc=98.39% | macro_f1=0.9839 | weighted_f1=0.9839 | precision_macro=0.9840 | recall_macro=0.9839
        ovr_roc_auc_macro=0.9947 | ovr_pr_auc_macro=0.9813
  -> best macro_f1 updated to 0.9839 (epoch 8, val_loss=0.2416)
Epoch 09/50 | Time 0m31s
  Train | loss=0.0130 | top1=98.97% | top2=99.98%
  Valid | loss=0.1164 | top1=97.50% | top2=99.82% | acc=97.50% | bal_acc=97.50% | macro_f1=0.9750 | weighted_f1=0.9750 | precision_macro=0.9752 | recall_macro=0.9750
        ovr_roc_auc_macro=0.9961 | ovr_pr_auc_macro=0.9866
Epoch 10/50 | Time 0m31s
  Train | loss=0.0093 | top1=99.21% | top2=99.96%
  Valid | loss=0.0440 | top1=98.93% | top2=100.00% | acc=98.93% | bal_acc=98.93% | macro_f1=0.9893 | weighted_f1=0.9893 | precision_macro=0.9894 | recall_macro=0.9893
        ovr_roc_auc_macro=0.9962 | ovr_pr_auc_macro=0.9870
  -> best macro_f1 updated to 0.9893 (epoch 10, val_loss=0.0440)
Epoch 11/50 | Time 0m31s
  Train | loss=0.0098 | top1=99.19% | top2=99.96%
  Valid | loss=0.1163 | top1=98.21% | top2=100.00% | acc=98.21% | bal_acc=98.21% | macro_f1=0.9822 | weighted_f1=0.9822 | precision_macro=0.9823 | recall_macro=0.9821
        ovr_roc_auc_macro=0.9963 | ovr_pr_auc_macro=0.9875
Epoch 12/50 | Time 0m31s
  Train | loss=0.0130 | top1=98.83% | top2=99.96%
  Valid | loss=0.0301 | top1=98.21% | top2=100.00% | acc=98.21% | bal_acc=98.21% | macro_f1=0.9821 | weighted_f1=0.9821 | precision_macro=0.9821 | recall_macro=0.9821
        ovr_roc_auc_macro=0.9985 | ovr_pr_auc_macro=0.9962
Epoch 13/50 | Time 0m32s
  Train | loss=0.0104 | top1=99.40% | top2=99.96%
  Valid | loss=0.0466 | top1=98.57% | top2=100.00% | acc=98.57% | bal_acc=98.57% | macro_f1=0.9857 | weighted_f1=0.9857 | precision_macro=0.9858 | recall_macro=0.9857
        ovr_roc_auc_macro=0.9970 | ovr_pr_auc_macro=0.9890
Epoch 14/50 | Time 0m31s
  Train | loss=0.0140 | top1=98.93% | top2=99.94%
  Valid | loss=0.0297 | top1=97.68% | top2=100.00% | acc=97.68% | bal_acc=97.68% | macro_f1=0.9766 | weighted_f1=0.9766 | precision_macro=0.9771 | recall_macro=0.9768
        ovr_roc_auc_macro=0.9981 | ovr_pr_auc_macro=0.9959
Epoch 15/50 | Time 0m31s
  Train | loss=0.0085 | top1=99.29% | top2=99.96%
  Valid | loss=0.0165 | top1=98.21% | top2=100.00% | acc=98.21% | bal_acc=98.21% | macro_f1=0.9822 | weighted_f1=0.9822 | precision_macro=0.9826 | recall_macro=0.9821
        ovr_roc_auc_macro=0.9997 | ovr_pr_auc_macro=0.9992
Epoch 16/50 | Time 0m31s
  Train | loss=0.0087 | top1=99.27% | top2=99.94%
  Valid | loss=0.0162 | top1=99.29% | top2=99.82% | acc=99.29% | bal_acc=99.29% | macro_f1=0.9929 | weighted_f1=0.9929 | precision_macro=0.9929 | recall_macro=0.9929
        ovr_roc_auc_macro=0.9997 | ovr_pr_auc_macro=0.9991
  -> best macro_f1 updated to 0.9929 (epoch 16, val_loss=0.0162)
Epoch 17/50 | Time 0m31s
  Train | loss=0.0072 | top1=99.33% | top2=99.98%
  Valid | loss=0.0278 | top1=98.75% | top2=99.82% | acc=98.75% | bal_acc=98.75% | macro_f1=0.9875 | weighted_f1=0.9875 | precision_macro=0.9875 | recall_macro=0.9875
        ovr_roc_auc_macro=0.9996 | ovr_pr_auc_macro=0.9988
Epoch 18/50 | Time 0m31s
  Train | loss=0.0074 | top1=99.40% | top2=100.00%
  Valid | loss=0.0277 | top1=98.21% | top2=100.00% | acc=98.21% | bal_acc=98.21% | macro_f1=0.9821 | weighted_f1=0.9821 | precision_macro=0.9822 | recall_macro=0.9821
        ovr_roc_auc_macro=0.9993 | ovr_pr_auc_macro=0.9982
Epoch 19/50 | Time 0m31s
  Train | loss=0.0077 | top1=99.38% | top2=100.00%
  Valid | loss=0.0217 | top1=98.75% | top2=99.82% | acc=98.75% | bal_acc=98.75% | macro_f1=0.9875 | weighted_f1=0.9875 | precision_macro=0.9876 | recall_macro=0.9875
        ovr_roc_auc_macro=0.9997 | ovr_pr_auc_macro=0.9991
Epoch 20/50 | Time 0m31s
  Train | loss=0.0074 | top1=99.38% | top2=100.00%
  Valid | loss=0.0142 | top1=98.57% | top2=99.64% | acc=98.57% | bal_acc=98.57% | macro_f1=0.9857 | weighted_f1=0.9857 | precision_macro=0.9857 | recall_macro=0.9857
        ovr_roc_auc_macro=0.9998 | ovr_pr_auc_macro=0.9994
Epoch 21/50 | Time 0m31s
  Train | loss=0.0039 | top1=99.66% | top2=100.00%
  Valid | loss=0.0099 | top1=98.93% | top2=100.00% | acc=98.93% | bal_acc=98.93% | macro_f1=0.9893 | weighted_f1=0.9893 | precision_macro=0.9893 | recall_macro=0.9893
        ovr_roc_auc_macro=0.9999 | ovr_pr_auc_macro=0.9997
Epoch 22/50 | Time 0m31s
  Train | loss=0.0022 | top1=99.70% | top2=100.00%
  Valid | loss=0.0109 | top1=99.11% | top2=100.00% | acc=99.11% | bal_acc=99.11% | macro_f1=0.9911 | weighted_f1=0.9911 | precision_macro=0.9911 | recall_macro=0.9911
        ovr_roc_auc_macro=0.9999 | ovr_pr_auc_macro=0.9996
Epoch 23/50 | Time 0m31s
  Train | loss=0.0033 | top1=99.68% | top2=99.96%
  Valid | loss=0.0266 | top1=98.57% | top2=99.64% | acc=98.57% | bal_acc=98.57% | macro_f1=0.9857 | weighted_f1=0.9857 | precision_macro=0.9861 | recall_macro=0.9857
        ovr_roc_auc_macro=0.9994 | ovr_pr_auc_macro=0.9985
Epoch 24/50 | Time 0m31s
  Train | loss=0.0092 | top1=99.27% | top2=99.96%
  Valid | loss=0.0217 | top1=98.75% | top2=100.00% | acc=98.75% | bal_acc=98.75% | macro_f1=0.9875 | weighted_f1=0.9875 | precision_macro=0.9875 | recall_macro=0.9875
        ovr_roc_auc_macro=0.9996 | ovr_pr_auc_macro=0.9988
Epoch 25/50 | Time 0m32s
  Train | loss=0.0033 | top1=99.66% | top2=99.98%
  Valid | loss=0.0178 | top1=98.75% | top2=100.00% | acc=98.75% | bal_acc=98.75% | macro_f1=0.9875 | weighted_f1=0.9875 | precision_macro=0.9877 | recall_macro=0.9875
        ovr_roc_auc_macro=0.9998 | ovr_pr_auc_macro=0.9993
Epoch 26/50 | Time 0m32s
  Train | loss=0.0049 | top1=99.46% | top2=99.98%
  Valid | loss=0.0230 | top1=98.39% | top2=100.00% | acc=98.39% | bal_acc=98.39% | macro_f1=0.9839 | weighted_f1=0.9839 | precision_macro=0.9843 | recall_macro=0.9839
        ovr_roc_auc_macro=0.9993 | ovr_pr_auc_macro=0.9982
  -> early stopping triggered at epoch 26

[TEST] loss=cb_focal_ce
  Test | loss=0.2652 | top1=94.50% | top2=96.38% | acc=94.50% | bal_acc=94.50% | macro_f1=0.9440 | weighted_f1=0.9440 | precision_macro=0.9497 | recall_macro=0.9450
        ovr_roc_auc_macro=0.9874 | ovr_pr_auc_macro=0.9761
  Confusion Matrix:
[[326  47  27   0]
 [  0 392   5   3]
 [  0   2 398   0]
 [  0   2   2 396]]
  Classification Report:
              precision    recall  f1-score   support

      glioma     1.0000    0.8150    0.8981       400
  meningioma     0.8849    0.9800    0.9300       400
     notumor     0.9213    0.9950    0.9567       400
   pituitary     0.9925    0.9900    0.9912       400

    accuracy                         0.9450      1600
   macro avg     0.9497    0.9450    0.9440      1600
weighted avg     0.9497    0.9450    0.9440      1600


##########################################################################################
Starting loss: ordinal_focal_mse
##########################################################################################
Model params: 49,735,748 | pretrained loaded: 320/338 | feat_dim=2048
Criterion: OrdinalFocalMSELoss
Criterion trainable params: 0
Epoch 01/50 | Time 0m31s
  Train | loss=0.4154 | top1=80.12% | top2=94.68%
  Valid | loss=0.3196 | top1=87.68% | top2=97.50% | acc=87.68% | bal_acc=87.68% | macro_f1=0.8770 | weighted_f1=0.8770 | precision_macro=0.8875 | recall_macro=0.8768
        ovr_roc_auc_macro=0.9763 | ovr_pr_auc_macro=0.9395
  -> best macro_f1 updated to 0.8770 (epoch 1, val_loss=0.3196)
Epoch 02/50 | Time 0m31s
  Train | loss=0.1560 | top1=90.77% | top2=98.89%
  Valid | loss=0.3063 | top1=92.86% | top2=98.75% | acc=92.86% | bal_acc=92.86% | macro_f1=0.9276 | weighted_f1=0.9276 | precision_macro=0.9290 | recall_macro=0.9286
        ovr_roc_auc_macro=0.9902 | ovr_pr_auc_macro=0.9683
  -> best macro_f1 updated to 0.9276 (epoch 2, val_loss=0.3063)
Epoch 03/50 | Time 0m31s
  Train | loss=0.1109 | top1=93.55% | top2=99.09%
  Valid | loss=0.2516 | top1=94.82% | top2=99.11% | acc=94.82% | bal_acc=94.82% | macro_f1=0.9483 | weighted_f1=0.9483 | precision_macro=0.9503 | recall_macro=0.9482
        ovr_roc_auc_macro=0.9917 | ovr_pr_auc_macro=0.9747
  -> best macro_f1 updated to 0.9483 (epoch 3, val_loss=0.2516)
Epoch 04/50 | Time 0m31s
  Train | loss=0.0732 | top1=95.28% | top2=99.46%
  Valid | loss=0.0715 | top1=97.14% | top2=99.64% | acc=97.14% | bal_acc=97.14% | macro_f1=0.9714 | weighted_f1=0.9714 | precision_macro=0.9718 | recall_macro=0.9714
        ovr_roc_auc_macro=0.9960 | ovr_pr_auc_macro=0.9856
  -> best macro_f1 updated to 0.9714 (epoch 4, val_loss=0.0715)
Epoch 05/50 | Time 0m31s
  Train | loss=0.0547 | top1=96.75% | top2=99.64%
  Valid | loss=0.1744 | top1=97.14% | top2=99.82% | acc=97.14% | bal_acc=97.14% | macro_f1=0.9715 | weighted_f1=0.9715 | precision_macro=0.9716 | recall_macro=0.9714
        ovr_roc_auc_macro=0.9962 | ovr_pr_auc_macro=0.9865
Epoch 06/50 | Time 0m31s
  Train | loss=0.0364 | top1=98.25% | top2=99.82%
  Valid | loss=0.1183 | top1=98.57% | top2=99.29% | acc=98.57% | bal_acc=98.57% | macro_f1=0.9857 | weighted_f1=0.9857 | precision_macro=0.9857 | recall_macro=0.9857
        ovr_roc_auc_macro=0.9967 | ovr_pr_auc_macro=0.9889
  -> best macro_f1 updated to 0.9857 (epoch 6, val_loss=0.1183)
Epoch 07/50 | Time 0m31s
  Train | loss=0.0294 | top1=98.33% | top2=99.90%
  Valid | loss=0.0720 | top1=96.79% | top2=99.82% | acc=96.79% | bal_acc=96.79% | macro_f1=0.9678 | weighted_f1=0.9678 | precision_macro=0.9690 | recall_macro=0.9679
        ovr_roc_auc_macro=0.9965 | ovr_pr_auc_macro=0.9871
Epoch 08/50 | Time 0m31s
  Train | loss=0.0218 | top1=98.73% | top2=99.84%
  Valid | loss=0.0369 | top1=99.11% | top2=100.00% | acc=99.11% | bal_acc=99.11% | macro_f1=0.9911 | weighted_f1=0.9911 | precision_macro=0.9911 | recall_macro=0.9911
        ovr_roc_auc_macro=0.9986 | ovr_pr_auc_macro=0.9958
  -> best macro_f1 updated to 0.9911 (epoch 8, val_loss=0.0369)
Epoch 09/50 | Time 0m31s
  Train | loss=0.0198 | top1=98.99% | top2=99.98%
  Valid | loss=0.3827 | top1=98.39% | top2=99.82% | acc=98.39% | bal_acc=98.39% | macro_f1=0.9839 | weighted_f1=0.9839 | precision_macro=0.9840 | recall_macro=0.9839
        ovr_roc_auc_macro=0.9969 | ovr_pr_auc_macro=0.9886
Epoch 10/50 | Time 0m31s
  Train | loss=0.0238 | top1=98.65% | top2=99.94%
  Valid | loss=0.0843 | top1=97.86% | top2=99.82% | acc=97.86% | bal_acc=97.86% | macro_f1=0.9784 | weighted_f1=0.9784 | precision_macro=0.9792 | recall_macro=0.9786
        ovr_roc_auc_macro=0.9955 | ovr_pr_auc_macro=0.9843
Epoch 11/50 | Time 0m31s
  Train | loss=0.0167 | top1=99.05% | top2=99.98%
  Valid | loss=0.0285 | top1=98.57% | top2=100.00% | acc=98.57% | bal_acc=98.57% | macro_f1=0.9857 | weighted_f1=0.9857 | precision_macro=0.9857 | recall_macro=0.9857
        ovr_roc_auc_macro=0.9994 | ovr_pr_auc_macro=0.9984
Epoch 12/50 | Time 0m31s
  Train | loss=0.0116 | top1=99.31% | top2=100.00%
  Valid | loss=0.0420 | top1=98.21% | top2=100.00% | acc=98.21% | bal_acc=98.21% | macro_f1=0.9822 | weighted_f1=0.9822 | precision_macro=0.9823 | recall_macro=0.9821
        ovr_roc_auc_macro=0.9984 | ovr_pr_auc_macro=0.9944
Epoch 13/50 | Time 0m31s
  Train | loss=0.0098 | top1=99.44% | top2=100.00%
  Valid | loss=0.0231 | top1=98.39% | top2=100.00% | acc=98.39% | bal_acc=98.39% | macro_f1=0.9839 | weighted_f1=0.9839 | precision_macro=0.9839 | recall_macro=0.9839
        ovr_roc_auc_macro=0.9997 | ovr_pr_auc_macro=0.9990
Epoch 14/50 | Time 0m32s
  Train | loss=0.0136 | top1=99.35% | top2=100.00%
  Valid | loss=0.0478 | top1=98.39% | top2=100.00% | acc=98.39% | bal_acc=98.39% | macro_f1=0.9839 | weighted_f1=0.9839 | precision_macro=0.9842 | recall_macro=0.9839
        ovr_roc_auc_macro=0.9984 | ovr_pr_auc_macro=0.9964
Epoch 15/50 | Time 0m31s
  Train | loss=0.0301 | top1=98.45% | top2=99.92%
  Valid | loss=0.0523 | top1=97.50% | top2=99.82% | acc=97.50% | bal_acc=97.50% | macro_f1=0.9750 | weighted_f1=0.9750 | precision_macro=0.9752 | recall_macro=0.9750
        ovr_roc_auc_macro=0.9982 | ovr_pr_auc_macro=0.9933
Epoch 16/50 | Time 0m31s
  Train | loss=0.0149 | top1=99.15% | top2=100.00%
  Valid | loss=0.1727 | top1=97.68% | top2=99.64% | acc=97.68% | bal_acc=97.68% | macro_f1=0.9766 | weighted_f1=0.9766 | precision_macro=0.9767 | recall_macro=0.9768
        ovr_roc_auc_macro=0.9970 | ovr_pr_auc_macro=0.9888
Epoch 17/50 | Time 0m32s
  Train | loss=0.0097 | top1=99.48% | top2=99.98%
  Valid | loss=0.2101 | top1=98.93% | top2=99.82% | acc=98.93% | bal_acc=98.93% | macro_f1=0.9892 | weighted_f1=0.9892 | precision_macro=0.9894 | recall_macro=0.9893
        ovr_roc_auc_macro=0.9974 | ovr_pr_auc_macro=0.9898
Epoch 18/50 | Time 0m32s
  Train | loss=0.0053 | top1=99.70% | top2=99.98%
  Valid | loss=0.2189 | top1=98.93% | top2=100.00% | acc=98.93% | bal_acc=98.93% | macro_f1=0.9893 | weighted_f1=0.9893 | precision_macro=0.9893 | recall_macro=0.9893
        ovr_roc_auc_macro=0.9973 | ovr_pr_auc_macro=0.9901
  -> early stopping triggered at epoch 18

[TEST] loss=ordinal_focal_mse
  Test | loss=0.5728 | top1=94.06% | top2=95.44% | acc=94.06% | bal_acc=94.06% | macro_f1=0.9393 | weighted_f1=0.9393 | precision_macro=0.9450 | recall_macro=0.9406
        ovr_roc_auc_macro=0.9856 | ovr_pr_auc_macro=0.9598
  Confusion Matrix:
[[320  39  39   2]
 [  2 394   1   3]
 [  0   9 391   0]
 [  0   0   0 400]]
  Classification Report:
              precision    recall  f1-score   support

      glioma     0.9938    0.8000    0.8864       400
  meningioma     0.8914    0.9850    0.9359       400
     notumor     0.9072    0.9775    0.9410       400
   pituitary     0.9877    1.0000    0.9938       400

    accuracy                         0.9406      1600
   macro avg     0.9450    0.9406    0.9393      1600
weighted avg     0.9450    0.9406    0.9393      1600


##########################################################################################
Starting loss: sce
##########################################################################################
Model params: 49,735,748 | pretrained loaded: 320/338 | feat_dim=2048
Criterion: SymmetricCrossEntropyLoss
Criterion trainable params: 0
Epoch 01/50 | Time 0m31s
  Train | loss=2.2600 | top1=80.95% | top2=93.33%
  Valid | loss=1.1815 | top1=88.75% | top2=96.96% | acc=88.75% | bal_acc=88.75% | macro_f1=0.8866 | weighted_f1=0.8866 | precision_macro=0.8956 | recall_macro=0.8875
        ovr_roc_auc_macro=0.9787 | ovr_pr_auc_macro=0.9431
  -> best macro_f1 updated to 0.8866 (epoch 1, val_loss=1.1815)
Epoch 02/50 | Time 0m32s
  Train | loss=0.8341 | top1=90.56% | top2=98.57%
  Valid | loss=0.9357 | top1=94.82% | top2=99.11% | acc=94.82% | bal_acc=94.82% | macro_f1=0.9480 | weighted_f1=0.9480 | precision_macro=0.9486 | recall_macro=0.9482
        ovr_roc_auc_macro=0.9908 | ovr_pr_auc_macro=0.9722
  -> best macro_f1 updated to 0.9480 (epoch 2, val_loss=0.9357)
Epoch 03/50 | Time 0m32s
  Train | loss=0.5228 | top1=94.09% | top2=99.21%
  Valid | loss=0.5622 | top1=94.11% | top2=98.04% | acc=94.11% | bal_acc=94.11% | macro_f1=0.9411 | weighted_f1=0.9411 | precision_macro=0.9457 | recall_macro=0.9411
        ovr_roc_auc_macro=0.9946 | ovr_pr_auc_macro=0.9830
Epoch 04/50 | Time 0m32s
  Train | loss=0.3614 | top1=96.03% | top2=99.37%
  Valid | loss=0.2698 | top1=96.61% | top2=100.00% | acc=96.61% | bal_acc=96.61% | macro_f1=0.9661 | weighted_f1=0.9661 | precision_macro=0.9667 | recall_macro=0.9661
        ovr_roc_auc_macro=0.9976 | ovr_pr_auc_macro=0.9951
  -> best macro_f1 updated to 0.9661 (epoch 4, val_loss=0.2698)
Epoch 05/50 | Time 0m31s
  Train | loss=0.2556 | top1=97.30% | top2=99.50%
  Valid | loss=0.4393 | top1=97.50% | top2=99.82% | acc=97.50% | bal_acc=97.50% | macro_f1=0.9750 | weighted_f1=0.9750 | precision_macro=0.9753 | recall_macro=0.9750
        ovr_roc_auc_macro=0.9956 | ovr_pr_auc_macro=0.9858
  -> best macro_f1 updated to 0.9750 (epoch 5, val_loss=0.4393)
Epoch 06/50 | Time 0m31s
  Train | loss=0.1792 | top1=98.02% | top2=99.78%
  Valid | loss=0.6054 | top1=96.96% | top2=99.64% | acc=96.96% | bal_acc=96.96% | macro_f1=0.9692 | weighted_f1=0.9692 | precision_macro=0.9701 | recall_macro=0.9696
        ovr_roc_auc_macro=0.9919 | ovr_pr_auc_macro=0.9798
Epoch 07/50 | Time 0m31s
  Train | loss=0.1446 | top1=98.51% | top2=99.92%
  Valid | loss=0.2060 | top1=98.57% | top2=99.64% | acc=98.57% | bal_acc=98.57% | macro_f1=0.9857 | weighted_f1=0.9857 | precision_macro=0.9859 | recall_macro=0.9857
        ovr_roc_auc_macro=0.9960 | ovr_pr_auc_macro=0.9905
  -> best macro_f1 updated to 0.9857 (epoch 7, val_loss=0.2060)
Epoch 08/50 | Time 0m31s
  Train | loss=0.1187 | top1=98.77% | top2=99.90%
  Valid | loss=0.1117 | top1=98.75% | top2=100.00% | acc=98.75% | bal_acc=98.75% | macro_f1=0.9875 | weighted_f1=0.9875 | precision_macro=0.9878 | recall_macro=0.9875
        ovr_roc_auc_macro=0.9998 | ovr_pr_auc_macro=0.9993
  -> best macro_f1 updated to 0.9875 (epoch 8, val_loss=0.1117)
Epoch 09/50 | Time 0m31s
  Train | loss=0.1042 | top1=98.93% | top2=99.96%
  Valid | loss=0.1186 | top1=98.39% | top2=99.64% | acc=98.39% | bal_acc=98.39% | macro_f1=0.9838 | weighted_f1=0.9838 | precision_macro=0.9842 | recall_macro=0.9839
        ovr_roc_auc_macro=0.9997 | ovr_pr_auc_macro=0.9992
Epoch 10/50 | Time 0m31s
  Train | loss=0.0905 | top1=99.07% | top2=99.92%
  Valid | loss=0.6938 | top1=94.46% | top2=98.39% | acc=94.46% | bal_acc=94.46% | macro_f1=0.9457 | weighted_f1=0.9457 | precision_macro=0.9521 | recall_macro=0.9446
        ovr_roc_auc_macro=0.9926 | ovr_pr_auc_macro=0.9811
Epoch 11/50 | Time 0m31s
  Train | loss=0.0700 | top1=99.31% | top2=99.98%
  Valid | loss=0.1328 | top1=98.93% | top2=100.00% | acc=98.93% | bal_acc=98.93% | macro_f1=0.9893 | weighted_f1=0.9893 | precision_macro=0.9894 | recall_macro=0.9893
        ovr_roc_auc_macro=0.9995 | ovr_pr_auc_macro=0.9987
  -> best macro_f1 updated to 0.9893 (epoch 11, val_loss=0.1328)
Epoch 12/50 | Time 0m32s
  Train | loss=0.1039 | top1=98.85% | top2=99.96%
  Valid | loss=0.0913 | top1=98.93% | top2=100.00% | acc=98.93% | bal_acc=98.93% | macro_f1=0.9893 | weighted_f1=0.9893 | precision_macro=0.9893 | recall_macro=0.9893
        ovr_roc_auc_macro=0.9997 | ovr_pr_auc_macro=0.9992
  -> best macro_f1 updated to 0.9893 (epoch 12, val_loss=0.0913)
Epoch 13/50 | Time 0m31s
  Train | loss=0.0516 | top1=99.46% | top2=99.98%
  Valid | loss=0.0988 | top1=99.11% | top2=100.00% | acc=99.11% | bal_acc=99.11% | macro_f1=0.9911 | weighted_f1=0.9911 | precision_macro=0.9911 | recall_macro=0.9911
        ovr_roc_auc_macro=0.9999 | ovr_pr_auc_macro=0.9996
  -> best macro_f1 updated to 0.9911 (epoch 13, val_loss=0.0988)
Epoch 14/50 | Time 0m31s
  Train | loss=0.0844 | top1=99.07% | top2=100.00%
  Valid | loss=0.1504 | top1=98.39% | top2=100.00% | acc=98.39% | bal_acc=98.39% | macro_f1=0.9839 | weighted_f1=0.9839 | precision_macro=0.9846 | recall_macro=0.9839
        ovr_roc_auc_macro=0.9994 | ovr_pr_auc_macro=0.9982
Epoch 15/50 | Time 0m31s
  Train | loss=0.0777 | top1=99.15% | top2=99.96%
  Valid | loss=0.1842 | top1=98.04% | top2=99.64% | acc=98.04% | bal_acc=98.04% | macro_f1=0.9803 | weighted_f1=0.9803 | precision_macro=0.9805 | recall_macro=0.9804
        ovr_roc_auc_macro=0.9989 | ovr_pr_auc_macro=0.9970
Epoch 16/50 | Time 0m32s
  Train | loss=0.0641 | top1=99.38% | top2=100.00%
  Valid | loss=0.0909 | top1=99.11% | top2=99.82% | acc=99.11% | bal_acc=99.11% | macro_f1=0.9910 | weighted_f1=0.9910 | precision_macro=0.9911 | recall_macro=0.9911
        ovr_roc_auc_macro=0.9993 | ovr_pr_auc_macro=0.9986
  -> best macro_f1 updated to 0.9910 (epoch 16, val_loss=0.0909)
Epoch 17/50 | Time 0m31s
  Train | loss=0.0603 | top1=99.37% | top2=99.94%
  Valid | loss=0.1174 | top1=98.93% | top2=99.64% | acc=98.93% | bal_acc=98.93% | macro_f1=0.9893 | weighted_f1=0.9893 | precision_macro=0.9893 | recall_macro=0.9893
        ovr_roc_auc_macro=0.9995 | ovr_pr_auc_macro=0.9987
Epoch 18/50 | Time 0m31s
  Train | loss=0.0430 | top1=99.52% | top2=99.98%
  Valid | loss=0.0879 | top1=99.29% | top2=100.00% | acc=99.29% | bal_acc=99.29% | macro_f1=0.9929 | weighted_f1=0.9929 | precision_macro=0.9929 | recall_macro=0.9929
        ovr_roc_auc_macro=0.9998 | ovr_pr_auc_macro=0.9995
  -> best macro_f1 updated to 0.9929 (epoch 18, val_loss=0.0879)
Epoch 19/50 | Time 0m31s
  Train | loss=0.0511 | top1=99.44% | top2=99.98%
  Valid | loss=0.1184 | top1=98.93% | top2=100.00% | acc=98.93% | bal_acc=98.93% | macro_f1=0.9893 | weighted_f1=0.9893 | precision_macro=0.9893 | recall_macro=0.9893
        ovr_roc_auc_macro=0.9993 | ovr_pr_auc_macro=0.9984
Epoch 20/50 | Time 0m32s
  Train | loss=0.0459 | top1=99.56% | top2=100.00%
  Valid | loss=0.1050 | top1=98.75% | top2=100.00% | acc=98.75% | bal_acc=98.75% | macro_f1=0.9875 | weighted_f1=0.9875 | precision_macro=0.9877 | recall_macro=0.9875
        ovr_roc_auc_macro=0.9998 | ovr_pr_auc_macro=0.9995
Epoch 21/50 | Time 0m32s
  Train | loss=0.0202 | top1=99.78% | top2=100.00%
  Valid | loss=0.0499 | top1=99.46% | top2=100.00% | acc=99.46% | bal_acc=99.46% | macro_f1=0.9946 | weighted_f1=0.9946 | precision_macro=0.9948 | recall_macro=0.9946
        ovr_roc_auc_macro=0.9999 | ovr_pr_auc_macro=0.9997
  -> best macro_f1 updated to 0.9946 (epoch 21, val_loss=0.0499)
Epoch 22/50 | Time 0m31s
  Train | loss=0.0327 | top1=99.66% | top2=100.00%
  Valid | loss=0.0723 | top1=99.29% | top2=100.00% | acc=99.29% | bal_acc=99.29% | macro_f1=0.9929 | weighted_f1=0.9929 | precision_macro=0.9929 | recall_macro=0.9929
        ovr_roc_auc_macro=0.9999 | ovr_pr_auc_macro=0.9997
Epoch 23/50 | Time 0m31s
  Train | loss=0.0249 | top1=99.68% | top2=100.00%
  Valid | loss=0.0759 | top1=98.93% | top2=100.00% | acc=98.93% | bal_acc=98.93% | macro_f1=0.9893 | weighted_f1=0.9893 | precision_macro=0.9893 | recall_macro=0.9893
        ovr_roc_auc_macro=0.9999 | ovr_pr_auc_macro=0.9997
Epoch 24/50 | Time 0m31s
  Train | loss=0.0420 | top1=99.58% | top2=99.98%
  Valid | loss=0.0300 | top1=99.82% | top2=100.00% | acc=99.82% | bal_acc=99.82% | macro_f1=0.9982 | weighted_f1=0.9982 | precision_macro=0.9982 | recall_macro=0.9982
        ovr_roc_auc_macro=0.9999 | ovr_pr_auc_macro=0.9998
  -> best macro_f1 updated to 0.9982 (epoch 24, val_loss=0.0300)
Epoch 25/50 | Time 0m31s
  Train | loss=0.0203 | top1=99.76% | top2=100.00%
  Valid | loss=0.1572 | top1=98.39% | top2=100.00% | acc=98.39% | bal_acc=98.39% | macro_f1=0.9839 | weighted_f1=0.9839 | precision_macro=0.9847 | recall_macro=0.9839
        ovr_roc_auc_macro=0.9996 | ovr_pr_auc_macro=0.9990
Epoch 26/50 | Time 0m31s
  Train | loss=0.0272 | top1=99.70% | top2=100.00%
  Valid | loss=0.1106 | top1=98.75% | top2=100.00% | acc=98.75% | bal_acc=98.75% | macro_f1=0.9875 | weighted_f1=0.9875 | precision_macro=0.9876 | recall_macro=0.9875
        ovr_roc_auc_macro=0.9998 | ovr_pr_auc_macro=0.9995
Epoch 27/50 | Time 0m31s
  Train | loss=0.0209 | top1=99.74% | top2=99.98%
  Valid | loss=0.0710 | top1=99.11% | top2=99.82% | acc=99.11% | bal_acc=99.11% | macro_f1=0.9911 | weighted_f1=0.9911 | precision_macro=0.9911 | recall_macro=0.9911
        ovr_roc_auc_macro=0.9999 | ovr_pr_auc_macro=0.9997
Epoch 28/50 | Time 0m31s
  Train | loss=0.0226 | top1=99.74% | top2=99.98%
  Valid | loss=0.1192 | top1=98.75% | top2=100.00% | acc=98.75% | bal_acc=98.75% | macro_f1=0.9875 | weighted_f1=0.9875 | precision_macro=0.9876 | recall_macro=0.9875
        ovr_roc_auc_macro=0.9997 | ovr_pr_auc_macro=0.9991
Epoch 29/50 | Time 0m31s
  Train | loss=0.0104 | top1=99.86% | top2=100.00%
  Valid | loss=0.0921 | top1=99.11% | top2=100.00% | acc=99.11% | bal_acc=99.11% | macro_f1=0.9911 | weighted_f1=0.9911 | precision_macro=0.9912 | recall_macro=0.9911
        ovr_roc_auc_macro=0.9998 | ovr_pr_auc_macro=0.9994
Epoch 30/50 | Time 0m31s
  Train | loss=0.0080 | top1=99.92% | top2=100.00%
  Valid | loss=0.0711 | top1=99.29% | top2=99.82% | acc=99.29% | bal_acc=99.29% | macro_f1=0.9929 | weighted_f1=0.9929 | precision_macro=0.9929 | recall_macro=0.9929
        ovr_roc_auc_macro=0.9998 | ovr_pr_auc_macro=0.9996
Epoch 31/50 | Time 0m31s
  Train | loss=0.0074 | top1=99.94% | top2=100.00%
  Valid | loss=0.0817 | top1=99.11% | top2=100.00% | acc=99.11% | bal_acc=99.11% | macro_f1=0.9911 | weighted_f1=0.9911 | precision_macro=0.9912 | recall_macro=0.9911
        ovr_roc_auc_macro=0.9999 | ovr_pr_auc_macro=0.9997
Epoch 32/50 | Time 0m31s
  Train | loss=0.0164 | top1=99.82% | top2=100.00%
  Valid | loss=0.0922 | top1=98.93% | top2=99.82% | acc=98.93% | bal_acc=98.93% | macro_f1=0.9893 | weighted_f1=0.9893 | precision_macro=0.9893 | recall_macro=0.9893
        ovr_roc_auc_macro=0.9998 | ovr_pr_auc_macro=0.9995
Epoch 33/50 | Time 0m31s
  Train | loss=0.0106 | top1=99.88% | top2=100.00%
  Valid | loss=0.0676 | top1=99.29% | top2=100.00% | acc=99.29% | bal_acc=99.29% | macro_f1=0.9929 | weighted_f1=0.9929 | precision_macro=0.9930 | recall_macro=0.9929
        ovr_roc_auc_macro=0.9999 | ovr_pr_auc_macro=0.9997
Epoch 34/50 | Time 0m31s
  Train | loss=0.0074 | top1=99.94% | top2=100.00%
  Valid | loss=0.0890 | top1=99.11% | top2=100.00% | acc=99.11% | bal_acc=99.11% | macro_f1=0.9911 | weighted_f1=0.9911 | precision_macro=0.9911 | recall_macro=0.9911
        ovr_roc_auc_macro=0.9999 | ovr_pr_auc_macro=0.9996
  -> early stopping triggered at epoch 34

[TEST] loss=sce
  Test | loss=0.7278 | top1=95.38% | top2=97.62% | acc=95.38% | bal_acc=95.38% | macro_f1=0.9527 | weighted_f1=0.9527 | precision_macro=0.9569 | recall_macro=0.9537
        ovr_roc_auc_macro=0.9914 | ovr_pr_auc_macro=0.9805
  Confusion Matrix:
[[332  39  29   0]
 [  2 396   0   2]
 [  0   0 400   0]
 [  0   2   0 398]]
  Classification Report:
              precision    recall  f1-score   support

      glioma     0.9940    0.8300    0.9046       400
  meningioma     0.9062    0.9900    0.9462       400
     notumor     0.9324    1.0000    0.9650       400
   pituitary     0.9950    0.9950    0.9950       400

    accuracy                         0.9537      1600
   macro avg     0.9569    0.9537    0.9527      1600
weighted avg     0.9569    0.9537    0.9527      1600


##########################################################################################
Starting loss: gce
##########################################################################################
Model params: 49,735,748 | pretrained loaded: 320/338 | feat_dim=2048
Criterion: GeneralizedCrossEntropyLoss
Criterion trainable params: 0
Epoch 01/50 | Time 0m32s
  Train | loss=0.4028 | top1=80.56% | top2=93.12%
  Valid | loss=0.1351 | top1=92.32% | top2=97.86% | acc=92.32% | bal_acc=92.32% | macro_f1=0.9235 | weighted_f1=0.9235 | precision_macro=0.9275 | recall_macro=0.9232
        ovr_roc_auc_macro=0.9794 | ovr_pr_auc_macro=0.9431
  -> best macro_f1 updated to 0.9235 (epoch 1, val_loss=0.1351)
Epoch 02/50 | Time 0m31s
  Train | loss=0.1491 | top1=89.68% | top2=98.17%
  Valid | loss=0.1513 | top1=89.29% | top2=97.86% | acc=89.29% | bal_acc=89.29% | macro_f1=0.8924 | weighted_f1=0.8924 | precision_macro=0.9051 | recall_macro=0.8929
        ovr_roc_auc_macro=0.9858 | ovr_pr_auc_macro=0.9581
Epoch 03/50 | Time 0m31s
  Train | loss=0.1135 | top1=91.79% | top2=98.31%
  Valid | loss=0.0676 | top1=95.36% | top2=98.93% | acc=95.36% | bal_acc=95.36% | macro_f1=0.9540 | weighted_f1=0.9540 | precision_macro=0.9556 | recall_macro=0.9536
        ovr_roc_auc_macro=0.9906 | ovr_pr_auc_macro=0.9796
  -> best macro_f1 updated to 0.9540 (epoch 3, val_loss=0.0676)
Epoch 04/50 | Time 0m31s
  Train | loss=0.0802 | top1=94.21% | top2=98.79%
  Valid | loss=0.0518 | top1=96.25% | top2=99.11% | acc=96.25% | bal_acc=96.25% | macro_f1=0.9628 | weighted_f1=0.9628 | precision_macro=0.9639 | recall_macro=0.9625
        ovr_roc_auc_macro=0.9938 | ovr_pr_auc_macro=0.9882
  -> best macro_f1 updated to 0.9628 (epoch 4, val_loss=0.0518)
Epoch 05/50 | Time 0m31s
  Train | loss=0.0753 | top1=94.70% | top2=98.81%
  Valid | loss=0.0974 | top1=93.04% | top2=98.93% | acc=93.04% | bal_acc=93.04% | macro_f1=0.9303 | weighted_f1=0.9303 | precision_macro=0.9350 | recall_macro=0.9304
        ovr_roc_auc_macro=0.9920 | ovr_pr_auc_macro=0.9815
Epoch 06/50 | Time 0m31s
  Train | loss=0.0544 | top1=95.97% | top2=99.21%
  Valid | loss=0.0585 | top1=96.07% | top2=98.93% | acc=96.07% | bal_acc=96.07% | macro_f1=0.9605 | weighted_f1=0.9605 | precision_macro=0.9614 | recall_macro=0.9607
        ovr_roc_auc_macro=0.9959 | ovr_pr_auc_macro=0.9882
Epoch 07/50 | Time 0m31s
  Train | loss=0.0468 | top1=96.81% | top2=99.48%
  Valid | loss=0.0641 | top1=95.36% | top2=99.29% | acc=95.36% | bal_acc=95.36% | macro_f1=0.9536 | weighted_f1=0.9536 | precision_macro=0.9548 | recall_macro=0.9536
        ovr_roc_auc_macro=0.9939 | ovr_pr_auc_macro=0.9814
Epoch 08/50 | Time 0m32s
  Train | loss=0.0341 | top1=97.58% | top2=99.68%
  Valid | loss=0.0393 | top1=97.14% | top2=99.82% | acc=97.14% | bal_acc=97.14% | macro_f1=0.9717 | weighted_f1=0.9717 | precision_macro=0.9731 | recall_macro=0.9714
        ovr_roc_auc_macro=0.9942 | ovr_pr_auc_macro=0.9899
  -> best macro_f1 updated to 0.9717 (epoch 8, val_loss=0.0393)
Epoch 09/50 | Time 0m31s
  Train | loss=0.0336 | top1=97.58% | top2=99.74%
  Valid | loss=0.0454 | top1=96.61% | top2=99.46% | acc=96.61% | bal_acc=96.61% | macro_f1=0.9661 | weighted_f1=0.9661 | precision_macro=0.9676 | recall_macro=0.9661
        ovr_roc_auc_macro=0.9972 | ovr_pr_auc_macro=0.9930
Epoch 10/50 | Time 0m31s
  Train | loss=0.0242 | top1=98.29% | top2=99.66%
  Valid | loss=0.0374 | top1=97.14% | top2=99.46% | acc=97.14% | bal_acc=97.14% | macro_f1=0.9715 | weighted_f1=0.9715 | precision_macro=0.9730 | recall_macro=0.9714
        ovr_roc_auc_macro=0.9965 | ovr_pr_auc_macro=0.9908
Epoch 11/50 | Time 0m32s
  Train | loss=0.0237 | top1=98.27% | top2=99.76%
  Valid | loss=0.0295 | top1=98.04% | top2=99.11% | acc=98.04% | bal_acc=98.04% | macro_f1=0.9804 | weighted_f1=0.9804 | precision_macro=0.9807 | recall_macro=0.9804
        ovr_roc_auc_macro=0.9918 | ovr_pr_auc_macro=0.9857
  -> best macro_f1 updated to 0.9804 (epoch 11, val_loss=0.0295)
Epoch 12/50 | Time 0m31s
  Train | loss=0.0227 | top1=98.45% | top2=99.72%
  Valid | loss=0.0251 | top1=98.21% | top2=99.64% | acc=98.21% | bal_acc=98.21% | macro_f1=0.9821 | weighted_f1=0.9821 | precision_macro=0.9825 | recall_macro=0.9821
        ovr_roc_auc_macro=0.9984 | ovr_pr_auc_macro=0.9966
  -> best macro_f1 updated to 0.9821 (epoch 12, val_loss=0.0251)
Epoch 13/50 | Time 0m31s
  Train | loss=0.0197 | top1=98.67% | top2=99.78%
  Valid | loss=0.0346 | top1=97.32% | top2=99.64% | acc=97.32% | bal_acc=97.32% | macro_f1=0.9733 | weighted_f1=0.9733 | precision_macro=0.9741 | recall_macro=0.9732
        ovr_roc_auc_macro=0.9970 | ovr_pr_auc_macro=0.9924
Epoch 14/50 | Time 0m31s
  Train | loss=0.0237 | top1=98.29% | top2=99.64%
  Valid | loss=0.0418 | top1=96.79% | top2=99.11% | acc=96.79% | bal_acc=96.79% | macro_f1=0.9680 | weighted_f1=0.9680 | precision_macro=0.9694 | recall_macro=0.9679
        ovr_roc_auc_macro=0.9982 | ovr_pr_auc_macro=0.9945
Epoch 15/50 | Time 0m31s
  Train | loss=0.0207 | top1=98.49% | top2=99.74%
  Valid | loss=0.0241 | top1=98.39% | top2=99.64% | acc=98.39% | bal_acc=98.39% | macro_f1=0.9839 | weighted_f1=0.9839 | precision_macro=0.9841 | recall_macro=0.9839
        ovr_roc_auc_macro=0.9990 | ovr_pr_auc_macro=0.9977
  -> best macro_f1 updated to 0.9839 (epoch 15, val_loss=0.0241)
Epoch 16/50 | Time 0m31s
  Train | loss=0.0164 | top1=98.77% | top2=99.86%
  Valid | loss=0.0201 | top1=98.57% | top2=99.82% | acc=98.57% | bal_acc=98.57% | macro_f1=0.9857 | weighted_f1=0.9857 | precision_macro=0.9857 | recall_macro=0.9857
        ovr_roc_auc_macro=0.9958 | ovr_pr_auc_macro=0.9915
  -> best macro_f1 updated to 0.9857 (epoch 16, val_loss=0.0201)
Epoch 17/50 | Time 0m31s
  Train | loss=0.0175 | top1=98.75% | top2=99.84%
  Valid | loss=0.0239 | top1=98.39% | top2=99.64% | acc=98.39% | bal_acc=98.39% | macro_f1=0.9840 | weighted_f1=0.9840 | precision_macro=0.9841 | recall_macro=0.9839
        ovr_roc_auc_macro=0.9963 | ovr_pr_auc_macro=0.9935
Epoch 18/50 | Time 0m31s
  Train | loss=0.0100 | top1=99.35% | top2=99.90%
  Valid | loss=0.0161 | top1=98.93% | top2=99.64% | acc=98.93% | bal_acc=98.93% | macro_f1=0.9893 | weighted_f1=0.9893 | precision_macro=0.9894 | recall_macro=0.9893
        ovr_roc_auc_macro=0.9992 | ovr_pr_auc_macro=0.9980
  -> best macro_f1 updated to 0.9893 (epoch 18, val_loss=0.0161)
Epoch 19/50 | Time 0m31s
  Train | loss=0.0118 | top1=99.17% | top2=99.94%
  Valid | loss=0.0257 | top1=98.04% | top2=99.64% | acc=98.04% | bal_acc=98.04% | macro_f1=0.9803 | weighted_f1=0.9803 | precision_macro=0.9803 | recall_macro=0.9804
        ovr_roc_auc_macro=0.9955 | ovr_pr_auc_macro=0.9910
Epoch 20/50 | Time 0m31s
  Train | loss=0.0067 | top1=99.52% | top2=99.94%
  Valid | loss=0.0149 | top1=98.93% | top2=99.82% | acc=98.93% | bal_acc=98.93% | macro_f1=0.9893 | weighted_f1=0.9893 | precision_macro=0.9893 | recall_macro=0.9893
        ovr_roc_auc_macro=0.9988 | ovr_pr_auc_macro=0.9957
  -> best macro_f1 updated to 0.9893 (epoch 20, val_loss=0.0149)
Epoch 21/50 | Time 0m31s
  Train | loss=0.0052 | top1=99.68% | top2=99.94%
  Valid | loss=0.0247 | top1=98.21% | top2=99.64% | acc=98.21% | bal_acc=98.21% | macro_f1=0.9822 | weighted_f1=0.9822 | precision_macro=0.9824 | recall_macro=0.9821
        ovr_roc_auc_macro=0.9971 | ovr_pr_auc_macro=0.9940
Epoch 22/50 | Time 0m31s
  Train | loss=0.0098 | top1=99.31% | top2=99.92%
  Valid | loss=0.0156 | top1=98.75% | top2=99.82% | acc=98.75% | bal_acc=98.75% | macro_f1=0.9875 | weighted_f1=0.9875 | precision_macro=0.9876 | recall_macro=0.9875
        ovr_roc_auc_macro=0.9992 | ovr_pr_auc_macro=0.9978
Epoch 23/50 | Time 0m31s
  Train | loss=0.0078 | top1=99.40% | top2=99.92%
  Valid | loss=0.0273 | top1=98.04% | top2=99.82% | acc=98.04% | bal_acc=98.04% | macro_f1=0.9804 | weighted_f1=0.9804 | precision_macro=0.9808 | recall_macro=0.9804
        ovr_roc_auc_macro=0.9980 | ovr_pr_auc_macro=0.9934
Epoch 24/50 | Time 0m31s
  Train | loss=0.0113 | top1=99.23% | top2=99.88%
  Valid | loss=0.0497 | top1=96.61% | top2=99.82% | acc=96.61% | bal_acc=96.61% | macro_f1=0.9662 | weighted_f1=0.9662 | precision_macro=0.9676 | recall_macro=0.9661
        ovr_roc_auc_macro=0.9971 | ovr_pr_auc_macro=0.9922
Epoch 25/50 | Time 0m31s
  Train | loss=0.0074 | top1=99.50% | top2=99.90%
  Valid | loss=0.0179 | top1=98.57% | top2=99.46% | acc=98.57% | bal_acc=98.57% | macro_f1=0.9857 | weighted_f1=0.9857 | precision_macro=0.9857 | recall_macro=0.9857
        ovr_roc_auc_macro=0.9975 | ovr_pr_auc_macro=0.9935
Epoch 26/50 | Time 0m31s
  Train | loss=0.0084 | top1=99.42% | top2=99.84%
  Valid | loss=0.0198 | top1=98.57% | top2=99.82% | acc=98.57% | bal_acc=98.57% | macro_f1=0.9857 | weighted_f1=0.9857 | precision_macro=0.9859 | recall_macro=0.9857
        ovr_roc_auc_macro=0.9982 | ovr_pr_auc_macro=0.9953
Epoch 27/50 | Time 0m31s
  Train | loss=0.0067 | top1=99.50% | top2=99.90%
  Valid | loss=0.0181 | top1=98.75% | top2=99.82% | acc=98.75% | bal_acc=98.75% | macro_f1=0.9875 | weighted_f1=0.9875 | precision_macro=0.9875 | recall_macro=0.9875
        ovr_roc_auc_macro=0.9989 | ovr_pr_auc_macro=0.9962
Epoch 28/50 | Time 0m31s
  Train | loss=0.0055 | top1=99.60% | top2=99.90%
  Valid | loss=0.0219 | top1=98.39% | top2=99.82% | acc=98.39% | bal_acc=98.39% | macro_f1=0.9839 | weighted_f1=0.9839 | precision_macro=0.9840 | recall_macro=0.9839
        ovr_roc_auc_macro=0.9988 | ovr_pr_auc_macro=0.9961
Epoch 29/50 | Time 0m31s
  Train | loss=0.0042 | top1=99.70% | top2=99.94%
  Valid | loss=0.0179 | top1=98.75% | top2=99.82% | acc=98.75% | bal_acc=98.75% | macro_f1=0.9875 | weighted_f1=0.9875 | precision_macro=0.9875 | recall_macro=0.9875
        ovr_roc_auc_macro=0.9962 | ovr_pr_auc_macro=0.9900
Epoch 30/50 | Time 0m31s
  Train | loss=0.0049 | top1=99.62% | top2=99.92%
  Valid | loss=0.0223 | top1=98.39% | top2=99.82% | acc=98.39% | bal_acc=98.39% | macro_f1=0.9839 | weighted_f1=0.9839 | precision_macro=0.9839 | recall_macro=0.9839
        ovr_roc_auc_macro=0.9978 | ovr_pr_auc_macro=0.9954
  -> early stopping triggered at epoch 30

[TEST] loss=gce
  Test | loss=0.0746 | top1=94.50% | top2=96.75% | acc=94.50% | bal_acc=94.50% | macro_f1=0.9439 | weighted_f1=0.9439 | precision_macro=0.9488 | recall_macro=0.9450
        ovr_roc_auc_macro=0.9859 | ovr_pr_auc_macro=0.9674
  Confusion Matrix:
[[327  43  30   0]
 [  0 393   3   4]
 [  0   0 393   7]
 [  0   1   0 399]]
  Classification Report:
              precision    recall  f1-score   support

      glioma     1.0000    0.8175    0.8996       400
  meningioma     0.8993    0.9825    0.9391       400
     notumor     0.9225    0.9825    0.9516       400
   pituitary     0.9732    0.9975    0.9852       400

    accuracy                         0.9450      1600
   macro avg     0.9488    0.9450    0.9439      1600
weighted avg     0.9488    0.9450    0.9439      1600


##########################################################################################
Starting loss: dast
##########################################################################################
Model params: 49,735,748 | pretrained loaded: 320/338 | feat_dim=2048
Criterion: DistanceAwareSoftTargetLoss
Criterion trainable params: 0
Epoch 01/50 | Time 0m31s
  Train | loss=0.6086 | top1=80.97% | top2=93.69%
  Valid | loss=0.5401 | top1=88.21% | top2=96.07% | acc=88.21% | bal_acc=88.21% | macro_f1=0.8810 | weighted_f1=0.8810 | precision_macro=0.8918 | recall_macro=0.8821
        ovr_roc_auc_macro=0.9715 | ovr_pr_auc_macro=0.9284
  -> best macro_f1 updated to 0.8810 (epoch 1, val_loss=0.5401)
Epoch 02/50 | Time 0m32s
  Train | loss=0.5030 | top1=90.24% | top2=97.90%
  Valid | loss=0.6104 | top1=94.11% | top2=97.86% | acc=94.11% | bal_acc=94.11% | macro_f1=0.9405 | weighted_f1=0.9405 | precision_macro=0.9409 | recall_macro=0.9411
        ovr_roc_auc_macro=0.9870 | ovr_pr_auc_macro=0.9673
  -> best macro_f1 updated to 0.9405 (epoch 2, val_loss=0.6104)
Epoch 03/50 | Time 0m31s
  Train | loss=0.4691 | top1=93.99% | top2=98.77%
  Valid | loss=0.5343 | top1=96.43% | top2=98.57% | acc=96.43% | bal_acc=96.43% | macro_f1=0.9644 | weighted_f1=0.9644 | precision_macro=0.9648 | recall_macro=0.9643
        ovr_roc_auc_macro=0.9906 | ovr_pr_auc_macro=0.9758
  -> best macro_f1 updated to 0.9644 (epoch 3, val_loss=0.5343)
Epoch 04/50 | Time 0m31s
  Train | loss=0.4517 | top1=96.17% | top2=99.09%
  Valid | loss=0.4476 | top1=97.50% | top2=99.29% | acc=97.50% | bal_acc=97.50% | macro_f1=0.9750 | weighted_f1=0.9750 | precision_macro=0.9753 | recall_macro=0.9750
        ovr_roc_auc_macro=0.9959 | ovr_pr_auc_macro=0.9928
  -> best macro_f1 updated to 0.9750 (epoch 4, val_loss=0.4476)
Epoch 05/50 | Time 0m31s
  Train | loss=0.4425 | top1=97.24% | top2=99.27%
  Valid | loss=0.4758 | top1=97.14% | top2=99.46% | acc=97.14% | bal_acc=97.14% | macro_f1=0.9715 | weighted_f1=0.9715 | precision_macro=0.9723 | recall_macro=0.9714
        ovr_roc_auc_macro=0.9962 | ovr_pr_auc_macro=0.9873
Epoch 06/50 | Time 0m31s
  Train | loss=0.4315 | top1=98.37% | top2=99.56%
  Valid | loss=0.4516 | top1=96.96% | top2=99.11% | acc=96.96% | bal_acc=96.96% | macro_f1=0.9696 | weighted_f1=0.9696 | precision_macro=0.9707 | recall_macro=0.9696
        ovr_roc_auc_macro=0.9965 | ovr_pr_auc_macro=0.9884
Epoch 07/50 | Time 0m31s
  Train | loss=0.4313 | top1=98.10% | top2=99.56%
  Valid | loss=0.4678 | top1=97.32% | top2=99.46% | acc=97.32% | bal_acc=97.32% | macro_f1=0.9732 | weighted_f1=0.9732 | precision_macro=0.9738 | recall_macro=0.9732
        ovr_roc_auc_macro=0.9950 | ovr_pr_auc_macro=0.9854
Epoch 08/50 | Time 0m32s
  Train | loss=0.4246 | top1=99.03% | top2=99.74%
  Valid | loss=0.4335 | top1=98.75% | top2=99.46% | acc=98.75% | bal_acc=98.75% | macro_f1=0.9875 | weighted_f1=0.9875 | precision_macro=0.9877 | recall_macro=0.9875
        ovr_roc_auc_macro=0.9957 | ovr_pr_auc_macro=0.9959
  -> best macro_f1 updated to 0.9875 (epoch 8, val_loss=0.4335)
Epoch 09/50 | Time 0m31s
  Train | loss=0.4221 | top1=99.05% | top2=99.78%
  Valid | loss=0.4619 | top1=98.75% | top2=99.46% | acc=98.75% | bal_acc=98.75% | macro_f1=0.9875 | weighted_f1=0.9875 | precision_macro=0.9875 | recall_macro=0.9875
        ovr_roc_auc_macro=0.9971 | ovr_pr_auc_macro=0.9895
Epoch 10/50 | Time 0m31s
  Train | loss=0.4215 | top1=99.25% | top2=99.82%
  Valid | loss=0.4339 | top1=98.39% | top2=99.29% | acc=98.39% | bal_acc=98.39% | macro_f1=0.9839 | weighted_f1=0.9839 | precision_macro=0.9842 | recall_macro=0.9839
        ovr_roc_auc_macro=0.9949 | ovr_pr_auc_macro=0.9944
Epoch 11/50 | Time 0m31s
  Train | loss=0.4233 | top1=99.11% | top2=99.74%
  Valid | loss=0.4422 | top1=96.79% | top2=98.93% | acc=96.79% | bal_acc=96.79% | macro_f1=0.9680 | weighted_f1=0.9680 | precision_macro=0.9690 | recall_macro=0.9679
        ovr_roc_auc_macro=0.9962 | ovr_pr_auc_macro=0.9940
Epoch 12/50 | Time 0m31s
  Train | loss=0.4260 | top1=98.93% | top2=99.80%
  Valid | loss=0.4347 | top1=98.04% | top2=99.29% | acc=98.04% | bal_acc=98.04% | macro_f1=0.9803 | weighted_f1=0.9803 | precision_macro=0.9807 | recall_macro=0.9804
        ovr_roc_auc_macro=0.9951 | ovr_pr_auc_macro=0.9934
Epoch 13/50 | Time 0m31s
  Train | loss=0.4165 | top1=99.64% | top2=99.92%
  Valid | loss=0.4239 | top1=99.29% | top2=99.64% | acc=99.29% | bal_acc=99.29% | macro_f1=0.9929 | weighted_f1=0.9929 | precision_macro=0.9929 | recall_macro=0.9929
        ovr_roc_auc_macro=0.9970 | ovr_pr_auc_macro=0.9964
  -> best macro_f1 updated to 0.9929 (epoch 13, val_loss=0.4239)
Epoch 14/50 | Time 0m32s
  Train | loss=0.4167 | top1=99.68% | top2=99.86%
  Valid | loss=0.4320 | top1=98.21% | top2=99.46% | acc=98.21% | bal_acc=98.21% | macro_f1=0.9821 | weighted_f1=0.9821 | precision_macro=0.9822 | recall_macro=0.9821
        ovr_roc_auc_macro=0.9966 | ovr_pr_auc_macro=0.9955
Epoch 15/50 | Time 0m31s
  Train | loss=0.4191 | top1=99.52% | top2=99.80%
  Valid | loss=0.4339 | top1=98.04% | top2=99.29% | acc=98.04% | bal_acc=98.04% | macro_f1=0.9804 | weighted_f1=0.9804 | precision_macro=0.9805 | recall_macro=0.9804
        ovr_roc_auc_macro=0.9964 | ovr_pr_auc_macro=0.9952
Epoch 16/50 | Time 0m31s
  Train | loss=0.4198 | top1=99.44% | top2=99.86%
  Valid | loss=0.4308 | top1=98.39% | top2=99.11% | acc=98.39% | bal_acc=98.39% | macro_f1=0.9839 | weighted_f1=0.9839 | precision_macro=0.9839 | recall_macro=0.9839
        ovr_roc_auc_macro=0.9956 | ovr_pr_auc_macro=0.9917
Epoch 17/50 | Time 0m31s
  Train | loss=0.4199 | top1=99.23% | top2=99.88%
  Valid | loss=0.4335 | top1=97.50% | top2=98.93% | acc=97.50% | bal_acc=97.50% | macro_f1=0.9749 | weighted_f1=0.9749 | precision_macro=0.9755 | recall_macro=0.9750
        ovr_roc_auc_macro=0.9972 | ovr_pr_auc_macro=0.9960
Epoch 18/50 | Time 0m31s
  Train | loss=0.4158 | top1=99.78% | top2=99.92%
  Valid | loss=0.4213 | top1=99.29% | top2=99.64% | acc=99.29% | bal_acc=99.29% | macro_f1=0.9928 | weighted_f1=0.9928 | precision_macro=0.9930 | recall_macro=0.9929
        ovr_roc_auc_macro=0.9984 | ovr_pr_auc_macro=0.9980
  -> best macro_f1 updated to 0.9928 (epoch 18, val_loss=0.4213)
Epoch 19/50 | Time 0m31s
  Train | loss=0.4159 | top1=99.58% | top2=99.90%
  Valid | loss=0.4275 | top1=98.93% | top2=99.29% | acc=98.93% | bal_acc=98.93% | macro_f1=0.9893 | weighted_f1=0.9893 | precision_macro=0.9894 | recall_macro=0.9893
        ovr_roc_auc_macro=0.9969 | ovr_pr_auc_macro=0.9960
Epoch 20/50 | Time 0m31s
  Train | loss=0.4168 | top1=99.66% | top2=99.82%
  Valid | loss=0.4252 | top1=98.75% | top2=99.64% | acc=98.75% | bal_acc=98.75% | macro_f1=0.9874 | weighted_f1=0.9874 | precision_macro=0.9876 | recall_macro=0.9875
        ovr_roc_auc_macro=0.9986 | ovr_pr_auc_macro=0.9983
Epoch 21/50 | Time 0m31s
  Train | loss=0.4167 | top1=99.50% | top2=99.88%
  Valid | loss=0.4248 | top1=98.93% | top2=99.46% | acc=98.93% | bal_acc=98.93% | macro_f1=0.9892 | weighted_f1=0.9892 | precision_macro=0.9894 | recall_macro=0.9893
        ovr_roc_auc_macro=0.9975 | ovr_pr_auc_macro=0.9972
Epoch 22/50 | Time 0m32s
  Train | loss=0.4151 | top1=99.72% | top2=99.94%
  Valid | loss=0.4216 | top1=99.11% | top2=99.64% | acc=99.11% | bal_acc=99.11% | macro_f1=0.9911 | weighted_f1=0.9911 | precision_macro=0.9911 | recall_macro=0.9911
        ovr_roc_auc_macro=0.9986 | ovr_pr_auc_macro=0.9982
Epoch 23/50 | Time 0m31s
  Train | loss=0.4135 | top1=99.90% | top2=99.96%
  Valid | loss=0.4235 | top1=98.93% | top2=99.46% | acc=98.93% | bal_acc=98.93% | macro_f1=0.9892 | weighted_f1=0.9892 | precision_macro=0.9894 | recall_macro=0.9893
        ovr_roc_auc_macro=0.9971 | ovr_pr_auc_macro=0.9963
Epoch 24/50 | Time 0m31s
  Train | loss=0.4138 | top1=99.82% | top2=99.96%
  Valid | loss=0.4206 | top1=99.46% | top2=99.64% | acc=99.46% | bal_acc=99.46% | macro_f1=0.9946 | weighted_f1=0.9946 | precision_macro=0.9947 | recall_macro=0.9946
        ovr_roc_auc_macro=0.9987 | ovr_pr_auc_macro=0.9986
  -> best macro_f1 updated to 0.9946 (epoch 24, val_loss=0.4206)
Epoch 25/50 | Time 0m31s
  Train | loss=0.4177 | top1=99.62% | top2=99.84%
  Valid | loss=0.4247 | top1=98.57% | top2=99.64% | acc=98.57% | bal_acc=98.57% | macro_f1=0.9857 | weighted_f1=0.9857 | precision_macro=0.9858 | recall_macro=0.9857
        ovr_roc_auc_macro=0.9967 | ovr_pr_auc_macro=0.9951
Epoch 26/50 | Time 0m31s
  Train | loss=0.4174 | top1=99.56% | top2=99.90%
  Valid | loss=0.4250 | top1=99.29% | top2=99.64% | acc=99.29% | bal_acc=99.29% | macro_f1=0.9929 | weighted_f1=0.9929 | precision_macro=0.9931 | recall_macro=0.9929
        ovr_roc_auc_macro=0.9965 | ovr_pr_auc_macro=0.9944
Epoch 27/50 | Time 0m31s
  Train | loss=0.4137 | top1=99.86% | top2=99.98%
  Valid | loss=0.4229 | top1=99.29% | top2=99.46% | acc=99.29% | bal_acc=99.29% | macro_f1=0.9929 | weighted_f1=0.9929 | precision_macro=0.9929 | recall_macro=0.9929
        ovr_roc_auc_macro=0.9980 | ovr_pr_auc_macro=0.9975
Epoch 28/50 | Time 0m31s
  Train | loss=0.4139 | top1=99.78% | top2=99.96%
  Valid | loss=0.4270 | top1=98.57% | top2=99.46% | acc=98.57% | bal_acc=98.57% | macro_f1=0.9857 | weighted_f1=0.9857 | precision_macro=0.9858 | recall_macro=0.9857
        ovr_roc_auc_macro=0.9968 | ovr_pr_auc_macro=0.9962
Epoch 29/50 | Time 0m31s
  Train | loss=0.4131 | top1=99.90% | top2=100.00%
  Valid | loss=0.4277 | top1=98.75% | top2=99.29% | acc=98.75% | bal_acc=98.75% | macro_f1=0.9875 | weighted_f1=0.9875 | precision_macro=0.9876 | recall_macro=0.9875
        ovr_roc_auc_macro=0.9969 | ovr_pr_auc_macro=0.9958
Epoch 30/50 | Time 0m31s
  Train | loss=0.4144 | top1=99.76% | top2=99.90%
  Valid | loss=0.4245 | top1=99.11% | top2=99.64% | acc=99.11% | bal_acc=99.11% | macro_f1=0.9910 | weighted_f1=0.9910 | precision_macro=0.9913 | recall_macro=0.9911
        ovr_roc_auc_macro=0.9965 | ovr_pr_auc_macro=0.9942
Epoch 31/50 | Time 0m32s
  Train | loss=0.4134 | top1=99.86% | top2=99.98%
  Valid | loss=0.4300 | top1=98.57% | top2=99.29% | acc=98.57% | bal_acc=98.57% | macro_f1=0.9857 | weighted_f1=0.9857 | precision_macro=0.9858 | recall_macro=0.9857
        ovr_roc_auc_macro=0.9947 | ovr_pr_auc_macro=0.9906
Epoch 32/50 | Time 0m32s
  Train | loss=0.4135 | top1=99.86% | top2=99.94%
  Valid | loss=0.4265 | top1=98.93% | top2=99.46% | acc=98.93% | bal_acc=98.93% | macro_f1=0.9893 | weighted_f1=0.9893 | precision_macro=0.9894 | recall_macro=0.9893
        ovr_roc_auc_macro=0.9968 | ovr_pr_auc_macro=0.9963
Epoch 33/50 | Time 0m32s
  Train | loss=0.4134 | top1=99.80% | top2=99.98%
  Valid | loss=0.4252 | top1=98.93% | top2=99.64% | acc=98.93% | bal_acc=98.93% | macro_f1=0.9892 | weighted_f1=0.9892 | precision_macro=0.9893 | recall_macro=0.9893
        ovr_roc_auc_macro=0.9975 | ovr_pr_auc_macro=0.9973
Epoch 34/50 | Time 0m31s
  Train | loss=0.4144 | top1=99.80% | top2=99.92%
  Valid | loss=0.4244 | top1=99.29% | top2=99.46% | acc=99.29% | bal_acc=99.29% | macro_f1=0.9929 | weighted_f1=0.9929 | precision_macro=0.9929 | recall_macro=0.9929
        ovr_roc_auc_macro=0.9966 | ovr_pr_auc_macro=0.9960
  -> early stopping triggered at epoch 34

[TEST] loss=dast
  Test | loss=0.4755 | top1=95.06% | top2=97.25% | acc=95.06% | bal_acc=95.06% | macro_f1=0.9497 | weighted_f1=0.9497 | precision_macro=0.9551 | recall_macro=0.9506
        ovr_roc_auc_macro=0.9856 | ovr_pr_auc_macro=0.9601
  Confusion Matrix:
[[328  51  21   0]
 [  0 397   0   3]
 [  0   4 396   0]
 [  0   0   0 400]]
  Classification Report:
              precision    recall  f1-score   support

      glioma     1.0000    0.8200    0.9011       400
  meningioma     0.8783    0.9925    0.9319       400
     notumor     0.9496    0.9900    0.9694       400
   pituitary     0.9926    1.0000    0.9963       400

    accuracy                         0.9506      1600
   macro avg     0.9551    0.9506    0.9497      1600
weighted avg     0.9551    0.9506    0.9497      1600


##########################################################################################
Starting loss: pcol
##########################################################################################
Model params: 49,735,748 | pretrained loaded: 320/338 | feat_dim=2048
Criterion: PrototypeConsistencyOrdinalLoss
Criterion trainable params: 8,192
Epoch 01/50 | Time 0m32s
  Train | loss=0.6590 | top1=80.58% | top2=93.33%
  Valid | loss=0.6860 | top1=81.61% | top2=96.61% | acc=81.61% | bal_acc=81.61% | macro_f1=0.8169 | weighted_f1=0.8169 | precision_macro=0.8470 | recall_macro=0.8161
        ovr_roc_auc_macro=0.9621 | ovr_pr_auc_macro=0.9050
  -> best macro_f1 updated to 0.8169 (epoch 1, val_loss=0.6860)
Epoch 02/50 | Time 0m32s
  Train | loss=0.2674 | top1=91.65% | top2=98.35%
  Valid | loss=0.6048 | top1=93.04% | top2=99.11% | acc=93.04% | bal_acc=93.04% | macro_f1=0.9311 | weighted_f1=0.9311 | precision_macro=0.9342 | recall_macro=0.9304
        ovr_roc_auc_macro=0.9896 | ovr_pr_auc_macro=0.9683
  -> best macro_f1 updated to 0.9311 (epoch 2, val_loss=0.6048)
Epoch 03/50 | Time 0m31s
  Train | loss=0.1814 | top1=94.15% | top2=99.29%
  Valid | loss=0.2560 | top1=95.18% | top2=99.46% | acc=95.18% | bal_acc=95.18% | macro_f1=0.9518 | weighted_f1=0.9518 | precision_macro=0.9545 | recall_macro=0.9518
        ovr_roc_auc_macro=0.9951 | ovr_pr_auc_macro=0.9846
  -> best macro_f1 updated to 0.9518 (epoch 3, val_loss=0.2560)
Epoch 04/50 | Time 0m31s
  Train | loss=0.1244 | top1=96.25% | top2=99.52%
  Valid | loss=0.2129 | top1=95.54% | top2=99.29% | acc=95.54% | bal_acc=95.54% | macro_f1=0.9557 | weighted_f1=0.9557 | precision_macro=0.9585 | recall_macro=0.9554
        ovr_roc_auc_macro=0.9957 | ovr_pr_auc_macro=0.9864
  -> best macro_f1 updated to 0.9557 (epoch 4, val_loss=0.2129)
Epoch 05/50 | Time 0m31s
  Train | loss=0.0796 | top1=97.84% | top2=99.78%
  Valid | loss=0.1002 | top1=98.39% | top2=99.82% | acc=98.39% | bal_acc=98.39% | macro_f1=0.9840 | weighted_f1=0.9840 | precision_macro=0.9840 | recall_macro=0.9839
        ovr_roc_auc_macro=0.9972 | ovr_pr_auc_macro=0.9896
  -> best macro_f1 updated to 0.9840 (epoch 5, val_loss=0.1002)
Epoch 06/50 | Time 0m31s
  Train | loss=0.0640 | top1=97.92% | top2=99.80%
  Valid | loss=0.1830 | top1=98.39% | top2=99.82% | acc=98.39% | bal_acc=98.39% | macro_f1=0.9839 | weighted_f1=0.9839 | precision_macro=0.9840 | recall_macro=0.9839
        ovr_roc_auc_macro=0.9965 | ovr_pr_auc_macro=0.9879
Epoch 07/50 | Time 0m32s
  Train | loss=0.0484 | top1=98.39% | top2=99.84%
  Valid | loss=0.1635 | top1=96.43% | top2=99.64% | acc=96.43% | bal_acc=96.43% | macro_f1=0.9648 | weighted_f1=0.9648 | precision_macro=0.9670 | recall_macro=0.9643
        ovr_roc_auc_macro=0.9962 | ovr_pr_auc_macro=0.9876
Epoch 08/50 | Time 0m32s
  Train | loss=0.0483 | top1=98.33% | top2=99.78%
  Valid | loss=0.0483 | top1=98.75% | top2=99.82% | acc=98.75% | bal_acc=98.75% | macro_f1=0.9875 | weighted_f1=0.9875 | precision_macro=0.9875 | recall_macro=0.9875
        ovr_roc_auc_macro=0.9995 | ovr_pr_auc_macro=0.9985
  -> best macro_f1 updated to 0.9875 (epoch 8, val_loss=0.0483)
Epoch 09/50 | Time 0m31s
  Train | loss=0.0306 | top1=99.27% | top2=99.98%
  Valid | loss=0.1288 | top1=98.93% | top2=100.00% | acc=98.93% | bal_acc=98.93% | macro_f1=0.9893 | weighted_f1=0.9893 | precision_macro=0.9894 | recall_macro=0.9893
        ovr_roc_auc_macro=0.9972 | ovr_pr_auc_macro=0.9894
  -> best macro_f1 updated to 0.9893 (epoch 9, val_loss=0.1288)
Epoch 10/50 | Time 0m32s
  Train | loss=0.0310 | top1=99.31% | top2=100.00%
  Valid | loss=0.0675 | top1=98.39% | top2=100.00% | acc=98.39% | bal_acc=98.39% | macro_f1=0.9839 | weighted_f1=0.9839 | precision_macro=0.9844 | recall_macro=0.9839
        ovr_roc_auc_macro=0.9984 | ovr_pr_auc_macro=0.9968
Epoch 11/50 | Time 0m32s
  Train | loss=0.0276 | top1=99.13% | top2=99.96%
  Valid | loss=0.0595 | top1=98.57% | top2=100.00% | acc=98.57% | bal_acc=98.57% | macro_f1=0.9857 | weighted_f1=0.9857 | precision_macro=0.9857 | recall_macro=0.9857
        ovr_roc_auc_macro=0.9993 | ovr_pr_auc_macro=0.9981
Epoch 12/50 | Time 0m32s
  Train | loss=0.0158 | top1=99.46% | top2=99.98%
  Valid | loss=0.0538 | top1=98.39% | top2=100.00% | acc=98.39% | bal_acc=98.39% | macro_f1=0.9838 | weighted_f1=0.9838 | precision_macro=0.9842 | recall_macro=0.9839
        ovr_roc_auc_macro=0.9996 | ovr_pr_auc_macro=0.9988
Epoch 13/50 | Time 0m32s
  Train | loss=0.0191 | top1=99.46% | top2=100.00%
  Valid | loss=0.0300 | top1=98.93% | top2=100.00% | acc=98.93% | bal_acc=98.93% | macro_f1=0.9893 | weighted_f1=0.9893 | precision_macro=0.9894 | recall_macro=0.9893
        ovr_roc_auc_macro=0.9998 | ovr_pr_auc_macro=0.9995
  -> best macro_f1 updated to 0.9893 (epoch 13, val_loss=0.0300)
Epoch 14/50 | Time 0m32s
  Train | loss=0.0216 | top1=99.46% | top2=100.00%
  Valid | loss=0.0447 | top1=98.93% | top2=100.00% | acc=98.93% | bal_acc=98.93% | macro_f1=0.9893 | weighted_f1=0.9893 | precision_macro=0.9894 | recall_macro=0.9893
        ovr_roc_auc_macro=0.9996 | ovr_pr_auc_macro=0.9988
Epoch 15/50 | Time 0m32s
  Train | loss=0.0277 | top1=99.35% | top2=99.94%
  Valid | loss=0.0760 | top1=98.04% | top2=100.00% | acc=98.04% | bal_acc=98.04% | macro_f1=0.9803 | weighted_f1=0.9803 | precision_macro=0.9807 | recall_macro=0.9804
        ovr_roc_auc_macro=0.9994 | ovr_pr_auc_macro=0.9985
Epoch 16/50 | Time 0m32s
  Train | loss=0.0257 | top1=99.29% | top2=99.92%
  Valid | loss=0.0467 | top1=98.93% | top2=100.00% | acc=98.93% | bal_acc=98.93% | macro_f1=0.9893 | weighted_f1=0.9893 | precision_macro=0.9893 | recall_macro=0.9893
        ovr_roc_auc_macro=0.9994 | ovr_pr_auc_macro=0.9983
Epoch 17/50 | Time 0m32s
  Train | loss=0.0163 | top1=99.46% | top2=99.98%
  Valid | loss=0.0453 | top1=98.93% | top2=100.00% | acc=98.93% | bal_acc=98.93% | macro_f1=0.9893 | weighted_f1=0.9893 | precision_macro=0.9894 | recall_macro=0.9893
        ovr_roc_auc_macro=0.9995 | ovr_pr_auc_macro=0.9987
Epoch 18/50 | Time 0m32s
  Train | loss=0.0153 | top1=99.62% | top2=99.98%
  Valid | loss=0.0380 | top1=98.93% | top2=100.00% | acc=98.93% | bal_acc=98.93% | macro_f1=0.9893 | weighted_f1=0.9893 | precision_macro=0.9893 | recall_macro=0.9893
        ovr_roc_auc_macro=0.9998 | ovr_pr_auc_macro=0.9993
Epoch 19/50 | Time 0m32s
  Train | loss=0.0233 | top1=99.42% | top2=99.96%
  Valid | loss=0.0417 | top1=99.11% | top2=99.64% | acc=99.11% | bal_acc=99.11% | macro_f1=0.9911 | weighted_f1=0.9911 | precision_macro=0.9911 | recall_macro=0.9911
        ovr_roc_auc_macro=0.9995 | ovr_pr_auc_macro=0.9988
  -> best macro_f1 updated to 0.9911 (epoch 19, val_loss=0.0417)
Epoch 20/50 | Time 0m32s
  Train | loss=0.0095 | top1=99.68% | top2=99.98%
  Valid | loss=0.0349 | top1=98.93% | top2=100.00% | acc=98.93% | bal_acc=98.93% | macro_f1=0.9893 | weighted_f1=0.9893 | precision_macro=0.9894 | recall_macro=0.9893
        ovr_roc_auc_macro=0.9998 | ovr_pr_auc_macro=0.9994
Epoch 21/50 | Time 0m32s
  Train | loss=0.0057 | top1=99.88% | top2=100.00%
  Valid | loss=0.0212 | top1=99.11% | top2=100.00% | acc=99.11% | bal_acc=99.11% | macro_f1=0.9911 | weighted_f1=0.9911 | precision_macro=0.9912 | recall_macro=0.9911
        ovr_roc_auc_macro=0.9999 | ovr_pr_auc_macro=0.9997
  -> best macro_f1 updated to 0.9911 (epoch 21, val_loss=0.0212)
Epoch 22/50 | Time 0m31s
  Train | loss=0.0066 | top1=99.82% | top2=100.00%
  Valid | loss=0.0401 | top1=99.11% | top2=99.82% | acc=99.11% | bal_acc=99.11% | macro_f1=0.9911 | weighted_f1=0.9911 | precision_macro=0.9912 | recall_macro=0.9911
        ovr_roc_auc_macro=0.9998 | ovr_pr_auc_macro=0.9993
Epoch 23/50 | Time 0m32s
  Train | loss=0.0172 | top1=99.50% | top2=99.96%
  Valid | loss=0.0520 | top1=98.39% | top2=99.82% | acc=98.39% | bal_acc=98.39% | macro_f1=0.9839 | weighted_f1=0.9839 | precision_macro=0.9843 | recall_macro=0.9839
        ovr_roc_auc_macro=0.9998 | ovr_pr_auc_macro=0.9993
Epoch 24/50 | Time 0m32s
  Train | loss=0.0078 | top1=99.82% | top2=100.00%
  Valid | loss=0.0392 | top1=99.11% | top2=99.82% | acc=99.11% | bal_acc=99.11% | macro_f1=0.9910 | weighted_f1=0.9910 | precision_macro=0.9911 | recall_macro=0.9911
        ovr_roc_auc_macro=0.9998 | ovr_pr_auc_macro=0.9995
Epoch 25/50 | Time 0m32s
  Train | loss=0.0105 | top1=99.74% | top2=100.00%
  Valid | loss=0.0375 | top1=99.11% | top2=100.00% | acc=99.11% | bal_acc=99.11% | macro_f1=0.9911 | weighted_f1=0.9911 | precision_macro=0.9912 | recall_macro=0.9911
        ovr_roc_auc_macro=0.9998 | ovr_pr_auc_macro=0.9996
Epoch 26/50 | Time 0m32s
  Train | loss=0.0075 | top1=99.78% | top2=100.00%
  Valid | loss=0.0292 | top1=98.93% | top2=100.00% | acc=98.93% | bal_acc=98.93% | macro_f1=0.9893 | weighted_f1=0.9893 | precision_macro=0.9893 | recall_macro=0.9893
        ovr_roc_auc_macro=0.9998 | ovr_pr_auc_macro=0.9993
Epoch 27/50 | Time 0m32s
  Train | loss=0.0048 | top1=99.86% | top2=100.00%
  Valid | loss=0.0230 | top1=99.46% | top2=99.82% | acc=99.46% | bal_acc=99.46% | macro_f1=0.9946 | weighted_f1=0.9946 | precision_macro=0.9947 | recall_macro=0.9946
        ovr_roc_auc_macro=0.9999 | ovr_pr_auc_macro=0.9997
  -> best macro_f1 updated to 0.9946 (epoch 27, val_loss=0.0230)
Epoch 28/50 | Time 0m31s
  Train | loss=0.0073 | top1=99.82% | top2=100.00%
  Valid | loss=0.0491 | top1=98.75% | top2=100.00% | acc=98.75% | bal_acc=98.75% | macro_f1=0.9875 | weighted_f1=0.9875 | precision_macro=0.9876 | recall_macro=0.9875
        ovr_roc_auc_macro=0.9996 | ovr_pr_auc_macro=0.9990
Epoch 29/50 | Time 0m31s
  Train | loss=0.0074 | top1=99.82% | top2=100.00%
  Valid | loss=0.0500 | top1=99.11% | top2=100.00% | acc=99.11% | bal_acc=99.11% | macro_f1=0.9910 | weighted_f1=0.9910 | precision_macro=0.9913 | recall_macro=0.9911
        ovr_roc_auc_macro=0.9997 | ovr_pr_auc_macro=0.9992
Epoch 30/50 | Time 0m32s
  Train | loss=0.0148 | top1=99.50% | top2=99.98%
  Valid | loss=0.0439 | top1=99.11% | top2=100.00% | acc=99.11% | bal_acc=99.11% | macro_f1=0.9911 | weighted_f1=0.9911 | precision_macro=0.9911 | recall_macro=0.9911
        ovr_roc_auc_macro=0.9992 | ovr_pr_auc_macro=0.9983
Epoch 31/50 | Time 0m32s
  Train | loss=0.0046 | top1=99.86% | top2=100.00%
  Valid | loss=0.0223 | top1=99.46% | top2=100.00% | acc=99.46% | bal_acc=99.46% | macro_f1=0.9946 | weighted_f1=0.9946 | precision_macro=0.9947 | recall_macro=0.9946
        ovr_roc_auc_macro=0.9999 | ovr_pr_auc_macro=0.9998
  -> best macro_f1 updated to 0.9946 (epoch 31, val_loss=0.0223)
Epoch 32/50 | Time 0m31s
  Train | loss=0.0033 | top1=99.88% | top2=100.00%
  Valid | loss=0.0253 | top1=99.29% | top2=100.00% | acc=99.29% | bal_acc=99.29% | macro_f1=0.9928 | weighted_f1=0.9928 | precision_macro=0.9930 | recall_macro=0.9929
        ovr_roc_auc_macro=0.9999 | ovr_pr_auc_macro=0.9997
Epoch 33/50 | Time 0m32s
  Train | loss=0.0038 | top1=99.88% | top2=100.00%
  Valid | loss=0.0278 | top1=99.46% | top2=100.00% | acc=99.46% | bal_acc=99.46% | macro_f1=0.9946 | weighted_f1=0.9946 | precision_macro=0.9947 | recall_macro=0.9946
        ovr_roc_auc_macro=0.9999 | ovr_pr_auc_macro=0.9996
Epoch 34/50 | Time 0m32s
  Train | loss=0.0032 | top1=99.90% | top2=100.00%
  Valid | loss=0.0282 | top1=99.29% | top2=100.00% | acc=99.29% | bal_acc=99.29% | macro_f1=0.9928 | weighted_f1=0.9928 | precision_macro=0.9930 | recall_macro=0.9929
        ovr_roc_auc_macro=0.9999 | ovr_pr_auc_macro=0.9996
Epoch 35/50 | Time 0m32s
  Train | loss=0.0030 | top1=99.88% | top2=100.00%
  Valid | loss=0.0259 | top1=99.11% | top2=100.00% | acc=99.11% | bal_acc=99.11% | macro_f1=0.9911 | weighted_f1=0.9911 | precision_macro=0.9912 | recall_macro=0.9911
        ovr_roc_auc_macro=0.9999 | ovr_pr_auc_macro=0.9996
Epoch 36/50 | Time 0m32s
  Train | loss=0.0038 | top1=99.86% | top2=99.98%
  Valid | loss=0.0243 | top1=99.46% | top2=100.00% | acc=99.46% | bal_acc=99.46% | macro_f1=0.9946 | weighted_f1=0.9946 | precision_macro=0.9948 | recall_macro=0.9946
        ovr_roc_auc_macro=0.9999 | ovr_pr_auc_macro=0.9996
Epoch 37/50 | Time 0m32s
  Train | loss=0.0037 | top1=99.90% | top2=100.00%
  Valid | loss=0.0301 | top1=99.29% | top2=100.00% | acc=99.29% | bal_acc=99.29% | macro_f1=0.9929 | weighted_f1=0.9929 | precision_macro=0.9929 | recall_macro=0.9929
        ovr_roc_auc_macro=0.9999 | ovr_pr_auc_macro=0.9996
Epoch 38/50 | Time 0m32s
  Train | loss=0.0031 | top1=99.90% | top2=100.00%
  Valid | loss=0.0292 | top1=99.29% | top2=100.00% | acc=99.29% | bal_acc=99.29% | macro_f1=0.9929 | weighted_f1=0.9929 | precision_macro=0.9929 | recall_macro=0.9929
        ovr_roc_auc_macro=0.9999 | ovr_pr_auc_macro=0.9996
Epoch 39/50 | Time 0m32s
  Train | loss=0.0024 | top1=99.92% | top2=100.00%
  Valid | loss=0.0297 | top1=99.29% | top2=100.00% | acc=99.29% | bal_acc=99.29% | macro_f1=0.9929 | weighted_f1=0.9929 | precision_macro=0.9929 | recall_macro=0.9929
        ovr_roc_auc_macro=0.9999 | ovr_pr_auc_macro=0.9996
Epoch 40/50 | Time 0m32s
  Train | loss=0.0038 | top1=99.92% | top2=100.00%
  Valid | loss=0.0284 | top1=99.29% | top2=100.00% | acc=99.29% | bal_acc=99.29% | macro_f1=0.9929 | weighted_f1=0.9929 | precision_macro=0.9929 | recall_macro=0.9929
        ovr_roc_auc_macro=0.9999 | ovr_pr_auc_macro=0.9996
Epoch 41/50 | Time 0m32s
  Train | loss=0.0028 | top1=99.92% | top2=100.00%
  Valid | loss=0.0298 | top1=99.29% | top2=100.00% | acc=99.29% | bal_acc=99.29% | macro_f1=0.9929 | weighted_f1=0.9929 | precision_macro=0.9929 | recall_macro=0.9929
        ovr_roc_auc_macro=0.9999 | ovr_pr_auc_macro=0.9996
  -> early stopping triggered at epoch 41

[TEST] loss=pcol
  Test | loss=0.3728 | top1=95.12% | top2=96.69% | acc=95.12% | bal_acc=95.12% | macro_f1=0.9502 | weighted_f1=0.9502 | precision_macro=0.9553 | recall_macro=0.9513
        ovr_roc_auc_macro=0.9944 | ovr_pr_auc_macro=0.9897
  Confusion Matrix:
[[328  46  26   0]
 [  0 398   0   2]
 [  0   2 398   0]
 [  1   1   0 398]]
  Classification Report:
              precision    recall  f1-score   support

      glioma     0.9970    0.8200    0.8999       400
  meningioma     0.8904    0.9950    0.9398       400
     notumor     0.9387    0.9950    0.9660       400
   pituitary     0.9950    0.9950    0.9950       400

    accuracy                         0.9513      1600
   macro avg     0.9553    0.9513    0.9502      1600
weighted avg     0.9553    0.9513    0.9502      1600


##########################################################################################
Starting loss: aom
##########################################################################################
Model params: 49,735,748 | pretrained loaded: 320/338 | feat_dim=2048
Criterion: AdaptiveOrdinalMarginLoss
Criterion trainable params: 0
Epoch 01/50 | Time 0m32s
  Train | loss=0.5981 | top1=81.57% | top2=94.15%
  Valid | loss=0.4898 | top1=90.00% | top2=98.04% | acc=90.00% | bal_acc=90.00% | macro_f1=0.9006 | weighted_f1=0.9006 | precision_macro=0.9061 | recall_macro=0.9000
        ovr_roc_auc_macro=0.9824 | ovr_pr_auc_macro=0.9493
  -> best macro_f1 updated to 0.9006 (epoch 1, val_loss=0.4898)
Epoch 02/50 | Time 0m31s
  Train | loss=0.2414 | top1=90.89% | top2=98.79%
  Valid | loss=0.3756 | top1=94.29% | top2=98.93% | acc=94.29% | bal_acc=94.29% | macro_f1=0.9429 | weighted_f1=0.9429 | precision_macro=0.9449 | recall_macro=0.9429
        ovr_roc_auc_macro=0.9917 | ovr_pr_auc_macro=0.9746
  -> best macro_f1 updated to 0.9429 (epoch 2, val_loss=0.3756)
Epoch 03/50 | Time 0m31s
  Train | loss=0.1497 | top1=94.54% | top2=99.35%
  Valid | loss=0.7050 | top1=95.54% | top2=99.29% | acc=95.54% | bal_acc=95.54% | macro_f1=0.9556 | weighted_f1=0.9556 | precision_macro=0.9567 | recall_macro=0.9554
        ovr_roc_auc_macro=0.9931 | ovr_pr_auc_macro=0.9770
  -> best macro_f1 updated to 0.9556 (epoch 3, val_loss=0.7050)
Epoch 04/50 | Time 0m31s
  Train | loss=0.1170 | top1=96.05% | top2=99.33%
  Valid | loss=0.2326 | top1=96.25% | top2=99.64% | acc=96.25% | bal_acc=96.25% | macro_f1=0.9624 | weighted_f1=0.9624 | precision_macro=0.9630 | recall_macro=0.9625
        ovr_roc_auc_macro=0.9959 | ovr_pr_auc_macro=0.9861
  -> best macro_f1 updated to 0.9624 (epoch 4, val_loss=0.2326)
Epoch 05/50 | Time 0m32s
  Train | loss=0.0871 | top1=96.98% | top2=99.68%
  Valid | loss=0.3711 | top1=95.54% | top2=99.11% | acc=95.54% | bal_acc=95.54% | macro_f1=0.9555 | weighted_f1=0.9555 | precision_macro=0.9587 | recall_macro=0.9554
        ovr_roc_auc_macro=0.9944 | ovr_pr_auc_macro=0.9812
Epoch 06/50 | Time 0m32s
  Train | loss=0.0584 | top1=97.94% | top2=99.70%
  Valid | loss=0.3877 | top1=96.79% | top2=99.82% | acc=96.79% | bal_acc=96.79% | macro_f1=0.9678 | weighted_f1=0.9678 | precision_macro=0.9684 | recall_macro=0.9679
        ovr_roc_auc_macro=0.9955 | ovr_pr_auc_macro=0.9850
  -> best macro_f1 updated to 0.9678 (epoch 6, val_loss=0.3877)
Epoch 07/50 | Time 0m32s
  Train | loss=0.0450 | top1=98.47% | top2=99.94%
  Valid | loss=0.0891 | top1=97.32% | top2=100.00% | acc=97.32% | bal_acc=97.32% | macro_f1=0.9732 | weighted_f1=0.9732 | precision_macro=0.9737 | recall_macro=0.9732
        ovr_roc_auc_macro=0.9974 | ovr_pr_auc_macro=0.9951
  -> best macro_f1 updated to 0.9732 (epoch 7, val_loss=0.0891)
Epoch 08/50 | Time 0m32s
  Train | loss=0.0378 | top1=98.77% | top2=99.90%
  Valid | loss=0.0422 | top1=98.75% | top2=99.82% | acc=98.75% | bal_acc=98.75% | macro_f1=0.9874 | weighted_f1=0.9874 | precision_macro=0.9878 | recall_macro=0.9875
        ovr_roc_auc_macro=0.9994 | ovr_pr_auc_macro=0.9985
  -> best macro_f1 updated to 0.9874 (epoch 8, val_loss=0.0422)
Epoch 09/50 | Time 0m32s
  Train | loss=0.0331 | top1=99.05% | top2=99.94%
  Valid | loss=0.0589 | top1=98.57% | top2=100.00% | acc=98.57% | bal_acc=98.57% | macro_f1=0.9857 | weighted_f1=0.9857 | precision_macro=0.9858 | recall_macro=0.9857
        ovr_roc_auc_macro=0.9985 | ovr_pr_auc_macro=0.9971
Epoch 10/50 | Time 0m32s
  Train | loss=0.0311 | top1=98.87% | top2=99.90%
  Valid | loss=0.0337 | top1=98.93% | top2=100.00% | acc=98.93% | bal_acc=98.93% | macro_f1=0.9893 | weighted_f1=0.9893 | precision_macro=0.9893 | recall_macro=0.9893
        ovr_roc_auc_macro=0.9991 | ovr_pr_auc_macro=0.9979
  -> best macro_f1 updated to 0.9893 (epoch 10, val_loss=0.0337)
Epoch 11/50 | Time 0m32s
  Train | loss=0.0202 | top1=99.23% | top2=99.98%
  Valid | loss=0.0395 | top1=98.93% | top2=99.82% | acc=98.93% | bal_acc=98.93% | macro_f1=0.9893 | weighted_f1=0.9893 | precision_macro=0.9893 | recall_macro=0.9893
        ovr_roc_auc_macro=0.9991 | ovr_pr_auc_macro=0.9977
Epoch 12/50 | Time 0m32s
  Train | loss=0.0214 | top1=99.29% | top2=99.96%
  Valid | loss=0.0803 | top1=97.86% | top2=99.82% | acc=97.86% | bal_acc=97.86% | macro_f1=0.9786 | weighted_f1=0.9786 | precision_macro=0.9791 | recall_macro=0.9786
        ovr_roc_auc_macro=0.9977 | ovr_pr_auc_macro=0.9946
Epoch 13/50 | Time 0m32s
  Train | loss=0.0136 | top1=99.56% | top2=100.00%
  Valid | loss=0.0595 | top1=98.57% | top2=100.00% | acc=98.57% | bal_acc=98.57% | macro_f1=0.9857 | weighted_f1=0.9857 | precision_macro=0.9858 | recall_macro=0.9857
        ovr_roc_auc_macro=0.9986 | ovr_pr_auc_macro=0.9953
Epoch 14/50 | Time 0m32s
  Train | loss=0.0262 | top1=99.13% | top2=99.94%
  Valid | loss=0.0772 | top1=97.32% | top2=99.82% | acc=97.32% | bal_acc=97.32% | macro_f1=0.9732 | weighted_f1=0.9732 | precision_macro=0.9737 | recall_macro=0.9732
        ovr_roc_auc_macro=0.9986 | ovr_pr_auc_macro=0.9964
Epoch 15/50 | Time 0m31s
  Train | loss=0.0240 | top1=99.31% | top2=99.94%
  Valid | loss=0.0397 | top1=98.21% | top2=100.00% | acc=98.21% | bal_acc=98.21% | macro_f1=0.9822 | weighted_f1=0.9822 | precision_macro=0.9823 | recall_macro=0.9821
        ovr_roc_auc_macro=0.9995 | ovr_pr_auc_macro=0.9988
Epoch 16/50 | Time 0m32s
  Train | loss=0.0234 | top1=99.29% | top2=99.96%
  Valid | loss=0.0603 | top1=98.57% | top2=100.00% | acc=98.57% | bal_acc=98.57% | macro_f1=0.9856 | weighted_f1=0.9856 | precision_macro=0.9861 | recall_macro=0.9857
        ovr_roc_auc_macro=0.9991 | ovr_pr_auc_macro=0.9979
Epoch 17/50 | Time 0m32s
  Train | loss=0.0152 | top1=99.60% | top2=99.98%
  Valid | loss=0.0871 | top1=98.39% | top2=100.00% | acc=98.39% | bal_acc=98.39% | macro_f1=0.9839 | weighted_f1=0.9839 | precision_macro=0.9840 | recall_macro=0.9839
        ovr_roc_auc_macro=0.9965 | ovr_pr_auc_macro=0.9907
Epoch 18/50 | Time 0m31s
  Train | loss=0.0124 | top1=99.58% | top2=100.00%
  Valid | loss=0.0808 | top1=98.39% | top2=99.64% | acc=98.39% | bal_acc=98.39% | macro_f1=0.9839 | weighted_f1=0.9839 | precision_macro=0.9839 | recall_macro=0.9839
        ovr_roc_auc_macro=0.9972 | ovr_pr_auc_macro=0.9940
Epoch 19/50 | Time 0m31s
  Train | loss=0.0042 | top1=99.80% | top2=100.00%
  Valid | loss=0.2436 | top1=99.11% | top2=100.00% | acc=99.11% | bal_acc=99.11% | macro_f1=0.9911 | weighted_f1=0.9911 | precision_macro=0.9911 | recall_macro=0.9911
        ovr_roc_auc_macro=0.9970 | ovr_pr_auc_macro=0.9934
  -> best macro_f1 updated to 0.9911 (epoch 19, val_loss=0.2436)
Epoch 20/50 | Time 0m31s
  Train | loss=0.0135 | top1=99.50% | top2=99.98%
  Valid | loss=0.0750 | top1=97.86% | top2=99.64% | acc=97.86% | bal_acc=97.86% | macro_f1=0.9785 | weighted_f1=0.9785 | precision_macro=0.9787 | recall_macro=0.9786
        ovr_roc_auc_macro=0.9976 | ovr_pr_auc_macro=0.9940
Epoch 21/50 | Time 0m31s
  Train | loss=0.0154 | top1=99.37% | top2=100.00%
  Valid | loss=0.0506 | top1=98.75% | top2=99.82% | acc=98.75% | bal_acc=98.75% | macro_f1=0.9875 | weighted_f1=0.9875 | precision_macro=0.9876 | recall_macro=0.9875
        ovr_roc_auc_macro=0.9993 | ovr_pr_auc_macro=0.9982
Epoch 22/50 | Time 0m32s
  Train | loss=0.0156 | top1=99.52% | top2=99.96%
  Valid | loss=0.0612 | top1=98.75% | top2=99.82% | acc=98.75% | bal_acc=98.75% | macro_f1=0.9875 | weighted_f1=0.9875 | precision_macro=0.9879 | recall_macro=0.9875
        ovr_roc_auc_macro=0.9995 | ovr_pr_auc_macro=0.9986
Epoch 23/50 | Time 0m32s
  Train | loss=0.0087 | top1=99.70% | top2=100.00%
  Valid | loss=0.0474 | top1=98.39% | top2=99.82% | acc=98.39% | bal_acc=98.39% | macro_f1=0.9839 | weighted_f1=0.9839 | precision_macro=0.9841 | recall_macro=0.9839
        ovr_roc_auc_macro=0.9994 | ovr_pr_auc_macro=0.9985
Epoch 24/50 | Time 0m32s
  Train | loss=0.0092 | top1=99.62% | top2=99.98%
  Valid | loss=0.0543 | top1=98.75% | top2=99.82% | acc=98.75% | bal_acc=98.75% | macro_f1=0.9875 | weighted_f1=0.9875 | precision_macro=0.9877 | recall_macro=0.9875
        ovr_roc_auc_macro=0.9992 | ovr_pr_auc_macro=0.9982
Epoch 25/50 | Time 0m32s
  Train | loss=0.0050 | top1=99.80% | top2=99.98%
  Valid | loss=0.0962 | top1=98.21% | top2=99.64% | acc=98.21% | bal_acc=98.21% | macro_f1=0.9821 | weighted_f1=0.9821 | precision_macro=0.9825 | recall_macro=0.9821
        ovr_roc_auc_macro=0.9992 | ovr_pr_auc_macro=0.9978
Epoch 26/50 | Time 0m32s
  Train | loss=0.0095 | top1=99.68% | top2=99.96%
  Valid | loss=0.0479 | top1=98.75% | top2=100.00% | acc=98.75% | bal_acc=98.75% | macro_f1=0.9875 | weighted_f1=0.9875 | precision_macro=0.9878 | recall_macro=0.9875
        ovr_roc_auc_macro=0.9991 | ovr_pr_auc_macro=0.9981
Epoch 27/50 | Time 0m31s
  Train | loss=0.0056 | top1=99.72% | top2=100.00%
  Valid | loss=0.0421 | top1=98.93% | top2=100.00% | acc=98.93% | bal_acc=98.93% | macro_f1=0.9893 | weighted_f1=0.9893 | precision_macro=0.9893 | recall_macro=0.9893
        ovr_roc_auc_macro=0.9987 | ovr_pr_auc_macro=0.9976
Epoch 28/50 | Time 0m31s
  Train | loss=0.0072 | top1=99.72% | top2=99.98%
  Valid | loss=0.0619 | top1=98.21% | top2=100.00% | acc=98.21% | bal_acc=98.21% | macro_f1=0.9821 | weighted_f1=0.9821 | precision_macro=0.9822 | recall_macro=0.9821
        ovr_roc_auc_macro=0.9993 | ovr_pr_auc_macro=0.9982
Epoch 29/50 | Time 0m31s
  Train | loss=0.0031 | top1=99.84% | top2=100.00%
  Valid | loss=0.0550 | top1=98.57% | top2=100.00% | acc=98.57% | bal_acc=98.57% | macro_f1=0.9857 | weighted_f1=0.9857 | precision_macro=0.9861 | recall_macro=0.9857
        ovr_roc_auc_macro=0.9996 | ovr_pr_auc_macro=0.9990
  -> early stopping triggered at epoch 29

[TEST] loss=aom
  Test | loss=0.7831 | top1=94.38% | top2=96.38% | acc=94.38% | bal_acc=94.38% | macro_f1=0.9427 | weighted_f1=0.9427 | precision_macro=0.9483 | recall_macro=0.9437
        ovr_roc_auc_macro=0.9879 | ovr_pr_auc_macro=0.9748
  Confusion Matrix:
[[325  41  34   0]
 [  0 395   0   5]
 [  0  10 390   0]
 [  0   0   0 400]]
  Classification Report:
              precision    recall  f1-score   support

      glioma     1.0000    0.8125    0.8966       400
  meningioma     0.8857    0.9875    0.9338       400
     notumor     0.9198    0.9750    0.9466       400
   pituitary     0.9877    1.0000    0.9938       400

    accuracy                         0.9437      1600
   macro avg     0.9483    0.9437    0.9427      1600
weighted avg     0.9483    0.9437    0.9427      1600


==========================================================================================
Summary CSV saved: E:\Paper\Computer-Vision-for-Medicine\Brain_Tumor_MRI_Loss\logs\ResNet_layer3+GCSA_20260326_061537_summary.csv
Top results by test_macro_f1:
  sce: macro_f1=0.9527, acc=0.9537, top1=0.9537
  pcol: macro_f1=0.9502, acc=0.9513, top1=0.9513
  dast: macro_f1=0.9497, acc=0.9506, top1=0.9506
  cb_focal_ce: macro_f1=0.9440, acc=0.9450, top1=0.9450
  gce: macro_f1=0.9439, acc=0.9450, top1=0.9450
  ce: macro_f1=0.9433, acc=0.9444, top1=0.9444
  aom: macro_f1=0.9427, acc=0.9437, top1=0.9437
  ordinal_focal_mse: macro_f1=0.9393, acc=0.9406, top1=0.9406
==========================================================================================

EXIT CODE: 0
END TIME: 2026-03-26T08:21:19
====================================================================================================
