
====================================================================================================
RUN SCRIPT: ResNet_layer3+MECS.py
LOSSES: default
START TIME: 2026-03-25T06:07:57
LOG FILE: E:\Paper\Computer-Vision-for-Medicine\Brain_Tumor_MRI_Loss\batch_logs\ResNet_layer3+MECS_20260325_060757.log
====================================================================================================
==========================================================================================
Script: ResNet_layer3+MECS
Module: MECS | Insert after: layer3
Device: cuda
CUDA: NVIDIA GeForce RTX 4080 SUPER
Train dir: E:\Paper\Computer-Vision-for-Medicine\Brain_Tumor_MRI\Training
Test dir : E:\Paper\Computer-Vision-for-Medicine\Brain_Tumor_MRI\Testing
Config | batch_size=64, epochs=50, num_workers=0, image_size=224, base_lr=0.001, val_ratio=0.1, patience=10
Losses to run: ['ce', 'cb_focal_ce', 'ordinal_focal_mse', 'sce', 'gce', 'dast', 'pcol', 'aom']
==========================================================================================
Split sizes | train=5040, valid=560, test=1600
Classes (4): ['glioma', 'meningioma', 'notumor', 'pituitary']
Train class counts: [1260, 1260, 1260, 1260]
Loading torchvision ResNet50 pretrained weights once...
Pretrained state keys: 320

##########################################################################################
Starting loss: ce
##########################################################################################
Model params: 27,303,236 | pretrained loaded: 320/344 | feat_dim=2048
Criterion: CrossEntropyLoss
Criterion trainable params: 0
Epoch 01/50 | Time 0m28s
  Train | loss=0.9093 | top1=75.09% | top2=89.39%
  Valid | loss=0.3679 | top1=87.79% | top2=97.74% | acc=87.86% | bal_acc=87.86% | macro_f1=0.8797 | weighted_f1=0.8797 | precision_macro=0.8841 | recall_macro=0.8786
        ovr_roc_auc_macro=0.9805 | ovr_pr_auc_macro=0.9485
  -> best macro_f1 updated to 0.8797 (epoch 1, val_loss=0.3679)
Epoch 02/50 | Time 0m28s
  Train | loss=0.2115 | top1=92.58% | top2=99.07%
  Valid | loss=0.1623 | top1=95.43% | top2=99.59% | acc=95.36% | bal_acc=95.36% | macro_f1=0.9537 | weighted_f1=0.9537 | precision_macro=0.9542 | recall_macro=0.9536
        ovr_roc_auc_macro=0.9928 | ovr_pr_auc_macro=0.9780
  -> best macro_f1 updated to 0.9537 (epoch 2, val_loss=0.1623)
Epoch 03/50 | Time 0m28s
  Train | loss=0.1148 | top1=96.10% | top2=99.62%
  Valid | loss=0.1672 | top1=93.92% | top2=99.59% | acc=93.93% | bal_acc=93.93% | macro_f1=0.9393 | weighted_f1=0.9393 | precision_macro=0.9426 | recall_macro=0.9393
        ovr_roc_auc_macro=0.9961 | ovr_pr_auc_macro=0.9907
Epoch 04/50 | Time 0m28s
  Train | loss=0.0886 | top1=96.97% | top2=99.78%
  Valid | loss=0.1190 | top1=97.45% | top2=99.65% | acc=97.50% | bal_acc=97.50% | macro_f1=0.9749 | weighted_f1=0.9749 | precision_macro=0.9749 | recall_macro=0.9750
        ovr_roc_auc_macro=0.9961 | ovr_pr_auc_macro=0.9865
  -> best macro_f1 updated to 0.9749 (epoch 4, val_loss=0.1190)
Epoch 05/50 | Time 0m28s
  Train | loss=0.0651 | top1=97.95% | top2=99.76%
  Valid | loss=0.4901 | top1=82.00% | top2=95.25% | acc=82.14% | bal_acc=82.14% | macro_f1=0.8182 | weighted_f1=0.8182 | precision_macro=0.8644 | recall_macro=0.8214
        ovr_roc_auc_macro=0.9938 | ovr_pr_auc_macro=0.9876
Epoch 06/50 | Time 0m28s
  Train | loss=0.0537 | top1=98.11% | top2=99.88%
  Valid | loss=0.1085 | top1=97.22% | top2=99.77% | acc=97.32% | bal_acc=97.32% | macro_f1=0.9735 | weighted_f1=0.9735 | precision_macro=0.9748 | recall_macro=0.9732
        ovr_roc_auc_macro=0.9971 | ovr_pr_auc_macro=0.9913
Epoch 07/50 | Time 0m28s
  Train | loss=0.0326 | top1=98.81% | top2=99.92%
  Valid | loss=0.2593 | top1=98.55% | top2=100.00% | acc=98.57% | bal_acc=98.57% | macro_f1=0.9858 | weighted_f1=0.9858 | precision_macro=0.9859 | recall_macro=0.9857
        ovr_roc_auc_macro=0.9971 | ovr_pr_auc_macro=0.9911
  -> best macro_f1 updated to 0.9858 (epoch 7, val_loss=0.2593)
Epoch 08/50 | Time 0m28s
  Train | loss=0.0260 | top1=99.14% | top2=99.92%
  Valid | loss=0.0692 | top1=98.50% | top2=99.77% | acc=98.57% | bal_acc=98.57% | macro_f1=0.9858 | weighted_f1=0.9858 | precision_macro=0.9859 | recall_macro=0.9857
        ovr_roc_auc_macro=0.9987 | ovr_pr_auc_macro=0.9967
  -> best macro_f1 updated to 0.9858 (epoch 8, val_loss=0.0692)
Epoch 09/50 | Time 0m28s
  Train | loss=0.0229 | top1=99.35% | top2=100.00%
  Valid | loss=0.0455 | top1=98.73% | top2=100.00% | acc=98.75% | bal_acc=98.75% | macro_f1=0.9875 | weighted_f1=0.9875 | precision_macro=0.9877 | recall_macro=0.9875
        ovr_roc_auc_macro=0.9988 | ovr_pr_auc_macro=0.9967
  -> best macro_f1 updated to 0.9875 (epoch 9, val_loss=0.0455)
Epoch 10/50 | Time 0m28s
  Train | loss=0.0152 | top1=99.42% | top2=99.96%
  Valid | loss=0.0818 | top1=97.80% | top2=99.65% | acc=97.86% | bal_acc=97.86% | macro_f1=0.9786 | weighted_f1=0.9786 | precision_macro=0.9792 | recall_macro=0.9786
        ovr_roc_auc_macro=0.9991 | ovr_pr_auc_macro=0.9975
Epoch 11/50 | Time 0m28s
  Train | loss=0.0188 | top1=99.34% | top2=99.92%
  Valid | loss=0.0683 | top1=98.21% | top2=100.00% | acc=98.21% | bal_acc=98.21% | macro_f1=0.9821 | weighted_f1=0.9821 | precision_macro=0.9821 | recall_macro=0.9821
        ovr_roc_auc_macro=0.9987 | ovr_pr_auc_macro=0.9968
Epoch 12/50 | Time 0m28s
  Train | loss=0.0124 | top1=99.64% | top2=99.94%
  Valid | loss=0.0452 | top1=99.07% | top2=100.00% | acc=99.11% | bal_acc=99.11% | macro_f1=0.9911 | weighted_f1=0.9911 | precision_macro=0.9911 | recall_macro=0.9911
        ovr_roc_auc_macro=0.9992 | ovr_pr_auc_macro=0.9982
  -> best macro_f1 updated to 0.9911 (epoch 12, val_loss=0.0452)
Epoch 13/50 | Time 0m28s
  Train | loss=0.0120 | top1=99.56% | top2=100.00%
  Valid | loss=0.0627 | top1=98.15% | top2=100.00% | acc=98.21% | bal_acc=98.21% | macro_f1=0.9822 | weighted_f1=0.9822 | precision_macro=0.9825 | recall_macro=0.9821
        ovr_roc_auc_macro=0.9992 | ovr_pr_auc_macro=0.9980
Epoch 14/50 | Time 0m28s
  Train | loss=0.0167 | top1=99.47% | top2=99.96%
  Valid | loss=0.0592 | top1=98.73% | top2=100.00% | acc=98.75% | bal_acc=98.75% | macro_f1=0.9875 | weighted_f1=0.9875 | precision_macro=0.9877 | recall_macro=0.9875
        ovr_roc_auc_macro=0.9992 | ovr_pr_auc_macro=0.9979
Epoch 15/50 | Time 0m28s
  Train | loss=0.0124 | top1=99.55% | top2=99.98%
  Valid | loss=0.0295 | top1=98.90% | top2=100.00% | acc=98.93% | bal_acc=98.93% | macro_f1=0.9893 | weighted_f1=0.9893 | precision_macro=0.9893 | recall_macro=0.9893
        ovr_roc_auc_macro=0.9997 | ovr_pr_auc_macro=0.9990
Epoch 16/50 | Time 0m28s
  Train | loss=0.0078 | top1=99.76% | top2=99.98%
  Valid | loss=0.0297 | top1=98.67% | top2=100.00% | acc=98.75% | bal_acc=98.75% | macro_f1=0.9875 | weighted_f1=0.9875 | precision_macro=0.9875 | recall_macro=0.9875
        ovr_roc_auc_macro=0.9998 | ovr_pr_auc_macro=0.9995
Epoch 17/50 | Time 0m28s
  Train | loss=0.0062 | top1=99.74% | top2=100.00%
  Valid | loss=0.0322 | top1=99.07% | top2=100.00% | acc=99.11% | bal_acc=99.11% | macro_f1=0.9911 | weighted_f1=0.9911 | precision_macro=0.9911 | recall_macro=0.9911
        ovr_roc_auc_macro=0.9998 | ovr_pr_auc_macro=0.9994
  -> best macro_f1 updated to 0.9911 (epoch 17, val_loss=0.0322)
Epoch 18/50 | Time 0m28s
  Train | loss=0.0069 | top1=99.80% | top2=100.00%
  Valid | loss=0.0355 | top1=99.07% | top2=100.00% | acc=99.11% | bal_acc=99.11% | macro_f1=0.9911 | weighted_f1=0.9911 | precision_macro=0.9912 | recall_macro=0.9911
        ovr_roc_auc_macro=0.9996 | ovr_pr_auc_macro=0.9989
Epoch 19/50 | Time 0m28s
  Train | loss=0.0083 | top1=99.76% | top2=100.00%
  Valid | loss=0.0279 | top1=99.07% | top2=100.00% | acc=99.11% | bal_acc=99.11% | macro_f1=0.9911 | weighted_f1=0.9911 | precision_macro=0.9911 | recall_macro=0.9911
        ovr_roc_auc_macro=0.9998 | ovr_pr_auc_macro=0.9995
  -> best macro_f1 updated to 0.9911 (epoch 19, val_loss=0.0279)
Epoch 20/50 | Time 0m28s
  Train | loss=0.0086 | top1=99.76% | top2=100.00%
  Valid | loss=0.0360 | top1=99.07% | top2=100.00% | acc=99.11% | bal_acc=99.11% | macro_f1=0.9911 | weighted_f1=0.9911 | precision_macro=0.9911 | recall_macro=0.9911
        ovr_roc_auc_macro=0.9998 | ovr_pr_auc_macro=0.9995
Epoch 21/50 | Time 0m28s
  Train | loss=0.0082 | top1=99.72% | top2=100.00%
  Valid | loss=0.0486 | top1=98.73% | top2=100.00% | acc=98.75% | bal_acc=98.75% | macro_f1=0.9875 | weighted_f1=0.9875 | precision_macro=0.9879 | recall_macro=0.9875
        ovr_roc_auc_macro=0.9998 | ovr_pr_auc_macro=0.9994
Epoch 22/50 | Time 0m28s
  Train | loss=0.0085 | top1=99.72% | top2=100.00%
  Valid | loss=0.0702 | top1=98.21% | top2=100.00% | acc=98.21% | bal_acc=98.21% | macro_f1=0.9821 | weighted_f1=0.9821 | precision_macro=0.9824 | recall_macro=0.9821
        ovr_roc_auc_macro=0.9990 | ovr_pr_auc_macro=0.9978
Epoch 23/50 | Time 0m28s
  Train | loss=0.0055 | top1=99.80% | top2=100.00%
  Valid | loss=0.0377 | top1=98.73% | top2=100.00% | acc=98.75% | bal_acc=98.75% | macro_f1=0.9875 | weighted_f1=0.9875 | precision_macro=0.9875 | recall_macro=0.9875
        ovr_roc_auc_macro=0.9998 | ovr_pr_auc_macro=0.9994
Epoch 24/50 | Time 0m28s
  Train | loss=0.0047 | top1=99.85% | top2=100.00%
  Valid | loss=0.0431 | top1=98.73% | top2=100.00% | acc=98.75% | bal_acc=98.75% | macro_f1=0.9875 | weighted_f1=0.9875 | precision_macro=0.9876 | recall_macro=0.9875
        ovr_roc_auc_macro=0.9997 | ovr_pr_auc_macro=0.9992
Epoch 25/50 | Time 0m28s
  Train | loss=0.0043 | top1=99.80% | top2=100.00%
  Valid | loss=0.0541 | top1=98.15% | top2=100.00% | acc=98.21% | bal_acc=98.21% | macro_f1=0.9821 | weighted_f1=0.9821 | precision_macro=0.9822 | recall_macro=0.9821
        ovr_roc_auc_macro=0.9996 | ovr_pr_auc_macro=0.9989
Epoch 26/50 | Time 0m28s
  Train | loss=0.0023 | top1=99.86% | top2=100.00%
  Valid | loss=0.0542 | top1=98.55% | top2=100.00% | acc=98.57% | bal_acc=98.57% | macro_f1=0.9857 | weighted_f1=0.9857 | precision_macro=0.9858 | recall_macro=0.9857
        ovr_roc_auc_macro=0.9997 | ovr_pr_auc_macro=0.9992
Epoch 27/50 | Time 0m28s
  Train | loss=0.0028 | top1=99.88% | top2=100.00%
  Valid | loss=0.0463 | top1=98.55% | top2=100.00% | acc=98.57% | bal_acc=98.57% | macro_f1=0.9857 | weighted_f1=0.9857 | precision_macro=0.9858 | recall_macro=0.9857
        ovr_roc_auc_macro=0.9998 | ovr_pr_auc_macro=0.9994
Epoch 28/50 | Time 0m28s
  Train | loss=0.0043 | top1=99.82% | top2=100.00%
  Valid | loss=0.0485 | top1=98.55% | top2=100.00% | acc=98.57% | bal_acc=98.57% | macro_f1=0.9857 | weighted_f1=0.9857 | precision_macro=0.9859 | recall_macro=0.9857
        ovr_roc_auc_macro=0.9997 | ovr_pr_auc_macro=0.9992
Epoch 29/50 | Time 0m28s
  Train | loss=0.0037 | top1=99.88% | top2=100.00%
  Valid | loss=0.0611 | top1=98.55% | top2=99.83% | acc=98.57% | bal_acc=98.57% | macro_f1=0.9857 | weighted_f1=0.9857 | precision_macro=0.9862 | recall_macro=0.9857
        ovr_roc_auc_macro=0.9997 | ovr_pr_auc_macro=0.9991
  -> early stopping triggered at epoch 29

[TEST] loss=ce
  Test | loss=1.3492 | top1=95.19% | top2=96.31% | acc=95.19% | bal_acc=95.19% | macro_f1=0.9511 | weighted_f1=0.9511 | precision_macro=0.9554 | recall_macro=0.9519
        ovr_roc_auc_macro=0.9850 | ovr_pr_auc_macro=0.9700
  Confusion Matrix:
[[334  37  29   0]
 [  0 396   1   3]
 [  0   7 393   0]
 [  0   0   0 400]]
  Classification Report:
              precision    recall  f1-score   support

      glioma     1.0000    0.8350    0.9101       400
  meningioma     0.9000    0.9900    0.9429       400
     notumor     0.9291    0.9825    0.9550       400
   pituitary     0.9926    1.0000    0.9963       400

    accuracy                         0.9519      1600
   macro avg     0.9554    0.9519    0.9511      1600
weighted avg     0.9554    0.9519    0.9511      1600


##########################################################################################
Starting loss: cb_focal_ce
##########################################################################################
Model params: 27,303,236 | pretrained loaded: 320/344 | feat_dim=2048
Criterion: ClassBalancedFocalCELoss
Criterion trainable params: 0
Epoch 01/50 | Time 0m28s
  Train | loss=0.4272 | top1=76.09% | top2=90.03%
  Valid | loss=0.1476 | top1=88.14% | top2=98.03% | acc=88.21% | bal_acc=88.21% | macro_f1=0.8809 | weighted_f1=0.8809 | precision_macro=0.8820 | recall_macro=0.8821
        ovr_roc_auc_macro=0.9824 | ovr_pr_auc_macro=0.9496
  -> best macro_f1 updated to 0.8809 (epoch 1, val_loss=0.1476)
Epoch 02/50 | Time 0m28s
  Train | loss=0.0845 | top1=92.94% | top2=99.15%
  Valid | loss=0.0697 | top1=94.73% | top2=99.42% | acc=94.64% | bal_acc=94.64% | macro_f1=0.9467 | weighted_f1=0.9467 | precision_macro=0.9476 | recall_macro=0.9464
        ovr_roc_auc_macro=0.9936 | ovr_pr_auc_macro=0.9822
  -> best macro_f1 updated to 0.9467 (epoch 2, val_loss=0.0697)
Epoch 03/50 | Time 0m28s
  Train | loss=0.0476 | top1=95.60% | top2=99.60%
  Valid | loss=0.0701 | top1=94.10% | top2=99.48% | acc=94.11% | bal_acc=94.11% | macro_f1=0.9405 | weighted_f1=0.9405 | precision_macro=0.9425 | recall_macro=0.9411
        ovr_roc_auc_macro=0.9936 | ovr_pr_auc_macro=0.9836
Epoch 04/50 | Time 0m28s
  Train | loss=0.0458 | top1=95.89% | top2=99.74%
  Valid | loss=0.1058 | top1=91.38% | top2=97.40% | acc=91.43% | bal_acc=91.43% | macro_f1=0.9149 | weighted_f1=0.9149 | precision_macro=0.9255 | recall_macro=0.9143
        ovr_roc_auc_macro=0.9937 | ovr_pr_auc_macro=0.9852
Epoch 05/50 | Time 0m28s
  Train | loss=0.0291 | top1=97.58% | top2=99.92%
  Valid | loss=0.2135 | top1=84.90% | top2=95.25% | acc=85.00% | bal_acc=85.00% | macro_f1=0.8406 | weighted_f1=0.8406 | precision_macro=0.8754 | recall_macro=0.8500
        ovr_roc_auc_macro=0.9906 | ovr_pr_auc_macro=0.9786
Epoch 06/50 | Time 0m28s
  Train | loss=0.0229 | top1=98.03% | top2=99.98%
  Valid | loss=0.0322 | top1=96.88% | top2=99.77% | acc=96.96% | bal_acc=96.96% | macro_f1=0.9698 | weighted_f1=0.9698 | precision_macro=0.9701 | recall_macro=0.9696
        ovr_roc_auc_macro=0.9986 | ovr_pr_auc_macro=0.9962
  -> best macro_f1 updated to 0.9698 (epoch 6, val_loss=0.0322)
Epoch 07/50 | Time 0m28s
  Train | loss=0.0126 | top1=98.77% | top2=99.96%
  Valid | loss=0.0670 | top1=95.66% | top2=99.77% | acc=95.71% | bal_acc=95.71% | macro_f1=0.9572 | weighted_f1=0.9572 | precision_macro=0.9594 | recall_macro=0.9571
        ovr_roc_auc_macro=0.9955 | ovr_pr_auc_macro=0.9861
Epoch 08/50 | Time 0m28s
  Train | loss=0.0150 | top1=98.75% | top2=99.94%
  Valid | loss=0.0296 | top1=98.21% | top2=100.00% | acc=98.21% | bal_acc=98.21% | macro_f1=0.9820 | weighted_f1=0.9820 | precision_macro=0.9830 | recall_macro=0.9821
        ovr_roc_auc_macro=0.9993 | ovr_pr_auc_macro=0.9982
  -> best macro_f1 updated to 0.9820 (epoch 8, val_loss=0.0296)
Epoch 09/50 | Time 0m28s
  Train | loss=0.0095 | top1=99.11% | top2=99.98%
  Valid | loss=0.0404 | top1=97.22% | top2=99.77% | acc=97.32% | bal_acc=97.32% | macro_f1=0.9733 | weighted_f1=0.9733 | precision_macro=0.9740 | recall_macro=0.9732
        ovr_roc_auc_macro=0.9989 | ovr_pr_auc_macro=0.9969
Epoch 10/50 | Time 0m28s
  Train | loss=0.0098 | top1=99.10% | top2=99.98%
  Valid | loss=0.0330 | top1=97.40% | top2=99.65% | acc=97.50% | bal_acc=97.50% | macro_f1=0.9752 | weighted_f1=0.9752 | precision_macro=0.9765 | recall_macro=0.9750
        ovr_roc_auc_macro=0.9993 | ovr_pr_auc_macro=0.9979
Epoch 11/50 | Time 0m28s
  Train | loss=0.0099 | top1=99.29% | top2=99.96%
  Valid | loss=0.0299 | top1=98.50% | top2=100.00% | acc=98.57% | bal_acc=98.57% | macro_f1=0.9857 | weighted_f1=0.9857 | precision_macro=0.9859 | recall_macro=0.9857
        ovr_roc_auc_macro=0.9988 | ovr_pr_auc_macro=0.9978
  -> best macro_f1 updated to 0.9857 (epoch 11, val_loss=0.0299)
Epoch 12/50 | Time 0m28s
  Train | loss=0.0051 | top1=99.46% | top2=100.00%
  Valid | loss=0.0322 | top1=98.50% | top2=99.83% | acc=98.57% | bal_acc=98.57% | macro_f1=0.9856 | weighted_f1=0.9856 | precision_macro=0.9858 | recall_macro=0.9857
        ovr_roc_auc_macro=0.9980 | ovr_pr_auc_macro=0.9952
Epoch 13/50 | Time 0m28s
  Train | loss=0.0052 | top1=99.55% | top2=99.98%
  Valid | loss=0.0751 | top1=98.67% | top2=99.77% | acc=98.75% | bal_acc=98.75% | macro_f1=0.9876 | weighted_f1=0.9876 | precision_macro=0.9879 | recall_macro=0.9875
        ovr_roc_auc_macro=0.9973 | ovr_pr_auc_macro=0.9909
  -> best macro_f1 updated to 0.9876 (epoch 13, val_loss=0.0751)
Epoch 14/50 | Time 0m28s
  Train | loss=0.0055 | top1=99.68% | top2=99.98%
  Valid | loss=0.0507 | top1=97.74% | top2=100.00% | acc=97.86% | bal_acc=97.86% | macro_f1=0.9786 | weighted_f1=0.9786 | precision_macro=0.9789 | recall_macro=0.9786
        ovr_roc_auc_macro=0.9971 | ovr_pr_auc_macro=0.9891
Epoch 15/50 | Time 0m28s
  Train | loss=0.0033 | top1=99.82% | top2=100.00%
  Valid | loss=0.0658 | top1=99.02% | top2=100.00% | acc=99.11% | bal_acc=99.11% | macro_f1=0.9911 | weighted_f1=0.9911 | precision_macro=0.9911 | recall_macro=0.9911
        ovr_roc_auc_macro=0.9973 | ovr_pr_auc_macro=0.9897
  -> best macro_f1 updated to 0.9911 (epoch 15, val_loss=0.0658)
Epoch 16/50 | Time 0m28s
  Train | loss=0.0022 | top1=99.78% | top2=100.00%
  Valid | loss=0.0454 | top1=99.02% | top2=100.00% | acc=99.11% | bal_acc=99.11% | macro_f1=0.9911 | weighted_f1=0.9911 | precision_macro=0.9911 | recall_macro=0.9911
        ovr_roc_auc_macro=0.9975 | ovr_pr_auc_macro=0.9902
  -> best macro_f1 updated to 0.9911 (epoch 16, val_loss=0.0454)
Epoch 17/50 | Time 0m28s
  Train | loss=0.0016 | top1=99.82% | top2=100.00%
  Valid | loss=0.0310 | top1=98.90% | top2=100.00% | acc=98.93% | bal_acc=98.93% | macro_f1=0.9893 | weighted_f1=0.9893 | precision_macro=0.9894 | recall_macro=0.9893
        ovr_roc_auc_macro=0.9989 | ovr_pr_auc_macro=0.9969
Epoch 18/50 | Time 0m28s
  Train | loss=0.0026 | top1=99.66% | top2=100.00%
  Valid | loss=0.0261 | top1=98.09% | top2=99.77% | acc=98.21% | bal_acc=98.21% | macro_f1=0.9821 | weighted_f1=0.9821 | precision_macro=0.9823 | recall_macro=0.9821
        ovr_roc_auc_macro=0.9995 | ovr_pr_auc_macro=0.9988
Epoch 19/50 | Time 0m28s
  Train | loss=0.0059 | top1=99.46% | top2=100.00%
  Valid | loss=0.0345 | top1=98.15% | top2=99.77% | acc=98.21% | bal_acc=98.21% | macro_f1=0.9822 | weighted_f1=0.9822 | precision_macro=0.9824 | recall_macro=0.9821
        ovr_roc_auc_macro=0.9989 | ovr_pr_auc_macro=0.9974
Epoch 20/50 | Time 0m28s
  Train | loss=0.0032 | top1=99.70% | top2=100.00%
  Valid | loss=0.0232 | top1=98.38% | top2=100.00% | acc=98.39% | bal_acc=98.39% | macro_f1=0.9838 | weighted_f1=0.9838 | precision_macro=0.9841 | recall_macro=0.9839
        ovr_roc_auc_macro=0.9996 | ovr_pr_auc_macro=0.9988
Epoch 21/50 | Time 0m28s
  Train | loss=0.0036 | top1=99.62% | top2=99.98%
  Valid | loss=0.0196 | top1=98.84% | top2=99.59% | acc=98.93% | bal_acc=98.93% | macro_f1=0.9893 | weighted_f1=0.9893 | precision_macro=0.9893 | recall_macro=0.9893
        ovr_roc_auc_macro=0.9996 | ovr_pr_auc_macro=0.9988
Epoch 22/50 | Time 0m28s
  Train | loss=0.0026 | top1=99.74% | top2=100.00%
  Valid | loss=0.0220 | top1=98.84% | top2=99.59% | acc=98.93% | bal_acc=98.93% | macro_f1=0.9893 | weighted_f1=0.9893 | precision_macro=0.9893 | recall_macro=0.9893
        ovr_roc_auc_macro=0.9997 | ovr_pr_auc_macro=0.9993
Epoch 23/50 | Time 0m28s
  Train | loss=0.0024 | top1=99.72% | top2=100.00%
  Valid | loss=0.0136 | top1=99.02% | top2=99.83% | acc=99.11% | bal_acc=99.11% | macro_f1=0.9911 | weighted_f1=0.9911 | precision_macro=0.9912 | recall_macro=0.9911
        ovr_roc_auc_macro=0.9998 | ovr_pr_auc_macro=0.9995
  -> best macro_f1 updated to 0.9911 (epoch 23, val_loss=0.0136)
Epoch 24/50 | Time 0m28s
  Train | loss=0.0029 | top1=99.64% | top2=99.96%
  Valid | loss=0.0113 | top1=99.02% | top2=100.00% | acc=99.11% | bal_acc=99.11% | macro_f1=0.9911 | weighted_f1=0.9911 | precision_macro=0.9911 | recall_macro=0.9911
        ovr_roc_auc_macro=0.9998 | ovr_pr_auc_macro=0.9995
  -> best macro_f1 updated to 0.9911 (epoch 24, val_loss=0.0113)
Epoch 25/50 | Time 0m28s
  Train | loss=0.0025 | top1=99.72% | top2=100.00%
  Valid | loss=0.0207 | top1=98.90% | top2=99.83% | acc=98.93% | bal_acc=98.93% | macro_f1=0.9893 | weighted_f1=0.9893 | precision_macro=0.9893 | recall_macro=0.9893
        ovr_roc_auc_macro=0.9997 | ovr_pr_auc_macro=0.9992
Epoch 26/50 | Time 0m28s
  Train | loss=0.0035 | top1=99.78% | top2=100.00%
  Valid | loss=0.0212 | top1=99.07% | top2=99.83% | acc=99.11% | bal_acc=99.11% | macro_f1=0.9911 | weighted_f1=0.9911 | precision_macro=0.9911 | recall_macro=0.9911
        ovr_roc_auc_macro=0.9996 | ovr_pr_auc_macro=0.9989
Epoch 27/50 | Time 0m28s
  Train | loss=0.0016 | top1=99.88% | top2=100.00%
  Valid | loss=0.0191 | top1=98.84% | top2=99.83% | acc=98.93% | bal_acc=98.93% | macro_f1=0.9893 | weighted_f1=0.9893 | precision_macro=0.9893 | recall_macro=0.9893
        ovr_roc_auc_macro=0.9996 | ovr_pr_auc_macro=0.9989
Epoch 28/50 | Time 0m28s
  Train | loss=0.0026 | top1=99.72% | top2=100.00%
  Valid | loss=0.0293 | top1=98.32% | top2=100.00% | acc=98.39% | bal_acc=98.39% | macro_f1=0.9840 | weighted_f1=0.9840 | precision_macro=0.9843 | recall_macro=0.9839
        ovr_roc_auc_macro=0.9995 | ovr_pr_auc_macro=0.9987
Epoch 29/50 | Time 0m28s
  Train | loss=0.0013 | top1=99.84% | top2=100.00%
  Valid | loss=0.0161 | top1=99.59% | top2=100.00% | acc=99.64% | bal_acc=99.64% | macro_f1=0.9964 | weighted_f1=0.9964 | precision_macro=0.9964 | recall_macro=0.9964
        ovr_roc_auc_macro=0.9995 | ovr_pr_auc_macro=0.9985
  -> best macro_f1 updated to 0.9964 (epoch 29, val_loss=0.0161)
Epoch 30/50 | Time 0m28s
  Train | loss=0.0008 | top1=99.92% | top2=100.00%
  Valid | loss=0.0580 | top1=99.07% | top2=100.00% | acc=99.11% | bal_acc=99.11% | macro_f1=0.9911 | weighted_f1=0.9911 | precision_macro=0.9911 | recall_macro=0.9911
        ovr_roc_auc_macro=0.9974 | ovr_pr_auc_macro=0.9903
Epoch 31/50 | Time 0m28s
  Train | loss=0.0008 | top1=99.90% | top2=100.00%
  Valid | loss=0.0160 | top1=99.42% | top2=99.83% | acc=99.46% | bal_acc=99.46% | macro_f1=0.9946 | weighted_f1=0.9946 | precision_macro=0.9947 | recall_macro=0.9946
        ovr_roc_auc_macro=0.9998 | ovr_pr_auc_macro=0.9994
Epoch 32/50 | Time 0m28s
  Train | loss=0.0007 | top1=99.92% | top2=100.00%
  Valid | loss=0.0169 | top1=99.25% | top2=100.00% | acc=99.29% | bal_acc=99.29% | macro_f1=0.9929 | weighted_f1=0.9929 | precision_macro=0.9929 | recall_macro=0.9929
        ovr_roc_auc_macro=0.9997 | ovr_pr_auc_macro=0.9992
Epoch 33/50 | Time 0m28s
  Train | loss=0.0008 | top1=99.92% | top2=100.00%
  Valid | loss=0.0209 | top1=99.25% | top2=100.00% | acc=99.29% | bal_acc=99.29% | macro_f1=0.9929 | weighted_f1=0.9929 | precision_macro=0.9929 | recall_macro=0.9929
        ovr_roc_auc_macro=0.9998 | ovr_pr_auc_macro=0.9993
Epoch 34/50 | Time 0m28s
  Train | loss=0.0007 | top1=99.90% | top2=100.00%
  Valid | loss=0.0141 | top1=99.42% | top2=100.00% | acc=99.46% | bal_acc=99.46% | macro_f1=0.9946 | weighted_f1=0.9946 | precision_macro=0.9947 | recall_macro=0.9946
        ovr_roc_auc_macro=0.9998 | ovr_pr_auc_macro=0.9994
Epoch 35/50 | Time 0m28s
  Train | loss=0.0005 | top1=99.92% | top2=100.00%
  Valid | loss=0.0369 | top1=99.25% | top2=99.83% | acc=99.29% | bal_acc=99.29% | macro_f1=0.9929 | weighted_f1=0.9929 | precision_macro=0.9929 | recall_macro=0.9929
        ovr_roc_auc_macro=0.9979 | ovr_pr_auc_macro=0.9932
Epoch 36/50 | Time 0m28s
  Train | loss=0.0005 | top1=99.94% | top2=100.00%
  Valid | loss=0.0146 | top1=99.42% | top2=99.83% | acc=99.46% | bal_acc=99.46% | macro_f1=0.9946 | weighted_f1=0.9946 | precision_macro=0.9947 | recall_macro=0.9946
        ovr_roc_auc_macro=0.9998 | ovr_pr_auc_macro=0.9995
Epoch 37/50 | Time 0m28s
  Train | loss=0.0006 | top1=99.90% | top2=100.00%
  Valid | loss=0.0153 | top1=99.42% | top2=99.83% | acc=99.46% | bal_acc=99.46% | macro_f1=0.9946 | weighted_f1=0.9946 | precision_macro=0.9947 | recall_macro=0.9946
        ovr_roc_auc_macro=0.9998 | ovr_pr_auc_macro=0.9995
Epoch 38/50 | Time 0m28s
  Train | loss=0.0007 | top1=99.92% | top2=100.00%
  Valid | loss=0.0150 | top1=99.42% | top2=99.83% | acc=99.46% | bal_acc=99.46% | macro_f1=0.9946 | weighted_f1=0.9946 | precision_macro=0.9947 | recall_macro=0.9946
        ovr_roc_auc_macro=0.9998 | ovr_pr_auc_macro=0.9995
Epoch 39/50 | Time 0m28s
  Train | loss=0.0006 | top1=99.94% | top2=100.00%
  Valid | loss=0.0302 | top1=99.25% | top2=99.83% | acc=99.29% | bal_acc=99.29% | macro_f1=0.9929 | weighted_f1=0.9929 | precision_macro=0.9929 | recall_macro=0.9929
        ovr_roc_auc_macro=0.9992 | ovr_pr_auc_macro=0.9977
  -> early stopping triggered at epoch 39

[TEST] loss=cb_focal_ce
  Test | loss=0.5222 | top1=94.94% | top2=97.06% | acc=94.94% | bal_acc=94.94% | macro_f1=0.9484 | weighted_f1=0.9484 | precision_macro=0.9536 | recall_macro=0.9494
        ovr_roc_auc_macro=0.9861 | ovr_pr_auc_macro=0.9634
  Confusion Matrix:
[[329  41  30   0]
 [  0 398   0   2]
 [  0   7 393   0]
 [  0   1   0 399]]
  Classification Report:
              precision    recall  f1-score   support

      glioma     1.0000    0.8225    0.9026       400
  meningioma     0.8904    0.9950    0.9398       400
     notumor     0.9291    0.9825    0.9550       400
   pituitary     0.9950    0.9975    0.9963       400

    accuracy                         0.9494      1600
   macro avg     0.9536    0.9494    0.9484      1600
weighted avg     0.9536    0.9494    0.9484      1600


##########################################################################################
Starting loss: ordinal_focal_mse
##########################################################################################
Model params: 27,303,236 | pretrained loaded: 320/344 | feat_dim=2048
Criterion: OrdinalFocalMSELoss
Criterion trainable params: 0
Epoch 01/50 | Time 0m28s
  Train | loss=0.6398 | top1=74.85% | top2=90.11%
  Valid | loss=0.2193 | top1=87.15% | top2=97.80% | acc=87.32% | bal_acc=87.32% | macro_f1=0.8763 | weighted_f1=0.8763 | precision_macro=0.8862 | recall_macro=0.8732
        ovr_roc_auc_macro=0.9808 | ovr_pr_auc_macro=0.9501
  -> best macro_f1 updated to 0.8763 (epoch 1, val_loss=0.2193)
Epoch 02/50 | Time 0m28s
  Train | loss=0.1253 | top1=92.46% | top2=99.21%
  Valid | loss=0.1509 | top1=91.72% | top2=99.48% | acc=91.61% | bal_acc=91.61% | macro_f1=0.9187 | weighted_f1=0.9187 | precision_macro=0.9326 | recall_macro=0.9161
        ovr_roc_auc_macro=0.9930 | ovr_pr_auc_macro=0.9775
  -> best macro_f1 updated to 0.9187 (epoch 2, val_loss=0.1509)
Epoch 03/50 | Time 0m28s
  Train | loss=0.0762 | top1=95.29% | top2=99.66%
  Valid | loss=0.0823 | top1=94.79% | top2=99.65% | acc=94.82% | bal_acc=94.82% | macro_f1=0.9479 | weighted_f1=0.9479 | precision_macro=0.9481 | recall_macro=0.9482
        ovr_roc_auc_macro=0.9956 | ovr_pr_auc_macro=0.9855
  -> best macro_f1 updated to 0.9479 (epoch 3, val_loss=0.0823)
Epoch 04/50 | Time 0m28s
  Train | loss=0.0533 | top1=97.00% | top2=99.78%
  Valid | loss=0.0752 | top1=95.89% | top2=99.65% | acc=95.89% | bal_acc=95.89% | macro_f1=0.9582 | weighted_f1=0.9582 | precision_macro=0.9606 | recall_macro=0.9589
        ovr_roc_auc_macro=0.9986 | ovr_pr_auc_macro=0.9959
  -> best macro_f1 updated to 0.9582 (epoch 4, val_loss=0.0752)
Epoch 05/50 | Time 0m28s
  Train | loss=0.0408 | top1=97.43% | top2=99.80%
  Valid | loss=0.0759 | top1=95.54% | top2=99.48% | acc=95.54% | bal_acc=95.54% | macro_f1=0.9554 | weighted_f1=0.9554 | precision_macro=0.9571 | recall_macro=0.9554
        ovr_roc_auc_macro=0.9964 | ovr_pr_auc_macro=0.9923
Epoch 06/50 | Time 0m28s
  Train | loss=0.0287 | top1=98.32% | top2=99.94%
  Valid | loss=0.0331 | top1=98.03% | top2=100.00% | acc=98.04% | bal_acc=98.04% | macro_f1=0.9802 | weighted_f1=0.9802 | precision_macro=0.9806 | recall_macro=0.9804
        ovr_roc_auc_macro=0.9992 | ovr_pr_auc_macro=0.9975
  -> best macro_f1 updated to 0.9802 (epoch 6, val_loss=0.0331)
Epoch 07/50 | Time 0m28s
  Train | loss=0.0206 | top1=98.62% | top2=99.94%
  Valid | loss=0.1725 | top1=93.11% | top2=98.90% | acc=93.21% | bal_acc=93.21% | macro_f1=0.9321 | weighted_f1=0.9321 | precision_macro=0.9421 | recall_macro=0.9321
        ovr_roc_auc_macro=0.9947 | ovr_pr_auc_macro=0.9834
Epoch 08/50 | Time 0m28s
  Train | loss=0.0180 | top1=98.85% | top2=99.94%
  Valid | loss=0.0559 | top1=98.50% | top2=100.00% | acc=98.57% | bal_acc=98.57% | macro_f1=0.9857 | weighted_f1=0.9857 | precision_macro=0.9861 | recall_macro=0.9857
        ovr_roc_auc_macro=0.9979 | ovr_pr_auc_macro=0.9952
  -> best macro_f1 updated to 0.9857 (epoch 8, val_loss=0.0559)
Epoch 09/50 | Time 0m28s
  Train | loss=0.0144 | top1=99.14% | top2=99.94%
  Valid | loss=0.0427 | top1=98.67% | top2=100.00% | acc=98.75% | bal_acc=98.75% | macro_f1=0.9875 | weighted_f1=0.9875 | precision_macro=0.9876 | recall_macro=0.9875
        ovr_roc_auc_macro=0.9987 | ovr_pr_auc_macro=0.9968
  -> best macro_f1 updated to 0.9875 (epoch 9, val_loss=0.0427)
Epoch 10/50 | Time 0m28s
  Train | loss=0.0118 | top1=99.38% | top2=99.96%
  Valid | loss=0.0352 | top1=97.97% | top2=100.00% | acc=98.04% | bal_acc=98.04% | macro_f1=0.9804 | weighted_f1=0.9804 | precision_macro=0.9808 | recall_macro=0.9804
        ovr_roc_auc_macro=0.9992 | ovr_pr_auc_macro=0.9974
Epoch 11/50 | Time 0m28s
  Train | loss=0.0133 | top1=99.27% | top2=99.98%
  Valid | loss=0.0448 | top1=98.73% | top2=100.00% | acc=98.75% | bal_acc=98.75% | macro_f1=0.9874 | weighted_f1=0.9874 | precision_macro=0.9878 | recall_macro=0.9875
        ovr_roc_auc_macro=0.9981 | ovr_pr_auc_macro=0.9968
Epoch 12/50 | Time 0m28s
  Train | loss=0.0121 | top1=99.12% | top2=100.00%
  Valid | loss=0.0499 | top1=97.28% | top2=100.00% | acc=97.32% | bal_acc=97.32% | macro_f1=0.9728 | weighted_f1=0.9728 | precision_macro=0.9741 | recall_macro=0.9732
        ovr_roc_auc_macro=0.9989 | ovr_pr_auc_macro=0.9972
Epoch 13/50 | Time 0m28s
  Train | loss=0.0116 | top1=99.18% | top2=99.92%
  Valid | loss=0.0259 | top1=98.73% | top2=100.00% | acc=98.75% | bal_acc=98.75% | macro_f1=0.9875 | weighted_f1=0.9875 | precision_macro=0.9877 | recall_macro=0.9875
        ovr_roc_auc_macro=0.9992 | ovr_pr_auc_macro=0.9983
  -> best macro_f1 updated to 0.9875 (epoch 13, val_loss=0.0259)
Epoch 14/50 | Time 0m28s
  Train | loss=0.0062 | top1=99.60% | top2=100.00%
  Valid | loss=0.0317 | top1=98.32% | top2=100.00% | acc=98.39% | bal_acc=98.39% | macro_f1=0.9838 | weighted_f1=0.9838 | precision_macro=0.9841 | recall_macro=0.9839
        ovr_roc_auc_macro=0.9988 | ovr_pr_auc_macro=0.9978
Epoch 15/50 | Time 0m28s
  Train | loss=0.0059 | top1=99.68% | top2=100.00%
  Valid | loss=0.0339 | top1=98.90% | top2=100.00% | acc=98.93% | bal_acc=98.93% | macro_f1=0.9892 | weighted_f1=0.9892 | precision_macro=0.9894 | recall_macro=0.9893
        ovr_roc_auc_macro=0.9994 | ovr_pr_auc_macro=0.9984
  -> best macro_f1 updated to 0.9892 (epoch 15, val_loss=0.0339)
Epoch 16/50 | Time 0m28s
  Train | loss=0.0038 | top1=99.76% | top2=100.00%
  Valid | loss=0.0200 | top1=98.90% | top2=100.00% | acc=98.93% | bal_acc=98.93% | macro_f1=0.9893 | weighted_f1=0.9893 | precision_macro=0.9893 | recall_macro=0.9893
        ovr_roc_auc_macro=0.9996 | ovr_pr_auc_macro=0.9990
  -> best macro_f1 updated to 0.9893 (epoch 16, val_loss=0.0200)
Epoch 17/50 | Time 0m28s
  Train | loss=0.0052 | top1=99.66% | top2=100.00%
  Valid | loss=0.0502 | top1=98.15% | top2=100.00% | acc=98.21% | bal_acc=98.21% | macro_f1=0.9821 | weighted_f1=0.9821 | precision_macro=0.9821 | recall_macro=0.9821
        ovr_roc_auc_macro=0.9988 | ovr_pr_auc_macro=0.9969
Epoch 18/50 | Time 0m28s
  Train | loss=0.0065 | top1=99.49% | top2=100.00%
  Valid | loss=0.0315 | top1=98.32% | top2=99.83% | acc=98.39% | bal_acc=98.39% | macro_f1=0.9839 | weighted_f1=0.9839 | precision_macro=0.9841 | recall_macro=0.9839
        ovr_roc_auc_macro=0.9994 | ovr_pr_auc_macro=0.9987
Epoch 19/50 | Time 0m28s
  Train | loss=0.0061 | top1=99.58% | top2=100.00%
  Valid | loss=0.0306 | top1=98.50% | top2=100.00% | acc=98.57% | bal_acc=98.57% | macro_f1=0.9857 | weighted_f1=0.9857 | precision_macro=0.9859 | recall_macro=0.9857
        ovr_roc_auc_macro=0.9995 | ovr_pr_auc_macro=0.9987
Epoch 20/50 | Time 0m28s
  Train | loss=0.0095 | top1=99.56% | top2=99.98%
  Valid | loss=0.0478 | top1=98.32% | top2=100.00% | acc=98.39% | bal_acc=98.39% | macro_f1=0.9839 | weighted_f1=0.9839 | precision_macro=0.9840 | recall_macro=0.9839
        ovr_roc_auc_macro=0.9982 | ovr_pr_auc_macro=0.9952
Epoch 21/50 | Time 0m28s
  Train | loss=0.0043 | top1=99.74% | top2=100.00%
  Valid | loss=0.0320 | top1=98.73% | top2=100.00% | acc=98.75% | bal_acc=98.75% | macro_f1=0.9875 | weighted_f1=0.9875 | precision_macro=0.9876 | recall_macro=0.9875
        ovr_roc_auc_macro=0.9995 | ovr_pr_auc_macro=0.9988
Epoch 22/50 | Time 0m28s
  Train | loss=0.0029 | top1=99.72% | top2=100.00%
  Valid | loss=0.0330 | top1=99.07% | top2=100.00% | acc=99.11% | bal_acc=99.11% | macro_f1=0.9910 | weighted_f1=0.9910 | precision_macro=0.9913 | recall_macro=0.9911
        ovr_roc_auc_macro=0.9997 | ovr_pr_auc_macro=0.9991
  -> best macro_f1 updated to 0.9910 (epoch 22, val_loss=0.0330)
Epoch 23/50 | Time 0m28s
  Train | loss=0.0024 | top1=99.86% | top2=100.00%
  Valid | loss=0.0265 | top1=98.90% | top2=100.00% | acc=98.93% | bal_acc=98.93% | macro_f1=0.9893 | weighted_f1=0.9893 | precision_macro=0.9893 | recall_macro=0.9893
        ovr_roc_auc_macro=0.9997 | ovr_pr_auc_macro=0.9993
Epoch 24/50 | Time 0m28s
  Train | loss=0.0019 | top1=99.84% | top2=100.00%
  Valid | loss=0.0324 | top1=98.55% | top2=100.00% | acc=98.57% | bal_acc=98.57% | macro_f1=0.9857 | weighted_f1=0.9857 | precision_macro=0.9861 | recall_macro=0.9857
        ovr_roc_auc_macro=0.9997 | ovr_pr_auc_macro=0.9993
Epoch 25/50 | Time 0m28s
  Train | loss=0.0015 | top1=99.90% | top2=100.00%
  Valid | loss=0.0280 | top1=98.67% | top2=100.00% | acc=98.75% | bal_acc=98.75% | macro_f1=0.9875 | weighted_f1=0.9875 | precision_macro=0.9875 | recall_macro=0.9875
        ovr_roc_auc_macro=0.9998 | ovr_pr_auc_macro=0.9994
Epoch 26/50 | Time 0m28s
  Train | loss=0.0032 | top1=99.78% | top2=100.00%
  Valid | loss=0.0269 | top1=98.90% | top2=100.00% | acc=98.93% | bal_acc=98.93% | macro_f1=0.9893 | weighted_f1=0.9893 | precision_macro=0.9893 | recall_macro=0.9893
        ovr_roc_auc_macro=0.9997 | ovr_pr_auc_macro=0.9992
Epoch 27/50 | Time 0m28s
  Train | loss=0.0030 | top1=99.84% | top2=100.00%
  Valid | loss=0.0266 | top1=99.25% | top2=100.00% | acc=99.29% | bal_acc=99.29% | macro_f1=0.9928 | weighted_f1=0.9928 | precision_macro=0.9929 | recall_macro=0.9929
        ovr_roc_auc_macro=0.9997 | ovr_pr_auc_macro=0.9991
  -> best macro_f1 updated to 0.9928 (epoch 27, val_loss=0.0266)
Epoch 28/50 | Time 0m28s
  Train | loss=0.0027 | top1=99.86% | top2=100.00%
  Valid | loss=0.0296 | top1=98.90% | top2=100.00% | acc=98.93% | bal_acc=98.93% | macro_f1=0.9893 | weighted_f1=0.9893 | precision_macro=0.9894 | recall_macro=0.9893
        ovr_roc_auc_macro=0.9994 | ovr_pr_auc_macro=0.9987
Epoch 29/50 | Time 0m28s
  Train | loss=0.0055 | top1=99.72% | top2=100.00%
  Valid | loss=0.0354 | top1=98.73% | top2=99.65% | acc=98.75% | bal_acc=98.75% | macro_f1=0.9874 | weighted_f1=0.9874 | precision_macro=0.9876 | recall_macro=0.9875
        ovr_roc_auc_macro=0.9993 | ovr_pr_auc_macro=0.9980
Epoch 30/50 | Time 0m28s
  Train | loss=0.0022 | top1=99.86% | top2=100.00%
  Valid | loss=0.0333 | top1=98.73% | top2=100.00% | acc=98.75% | bal_acc=98.75% | macro_f1=0.9874 | weighted_f1=0.9874 | precision_macro=0.9876 | recall_macro=0.9875
        ovr_roc_auc_macro=0.9998 | ovr_pr_auc_macro=0.9994
Epoch 31/50 | Time 0m28s
  Train | loss=0.0022 | top1=99.82% | top2=100.00%
  Valid | loss=0.0285 | top1=99.07% | top2=100.00% | acc=99.11% | bal_acc=99.11% | macro_f1=0.9911 | weighted_f1=0.9911 | precision_macro=0.9911 | recall_macro=0.9911
        ovr_roc_auc_macro=0.9998 | ovr_pr_auc_macro=0.9994
Epoch 32/50 | Time 0m28s
  Train | loss=0.0019 | top1=99.84% | top2=100.00%
  Valid | loss=0.0293 | top1=99.25% | top2=100.00% | acc=99.29% | bal_acc=99.29% | macro_f1=0.9928 | weighted_f1=0.9928 | precision_macro=0.9929 | recall_macro=0.9929
        ovr_roc_auc_macro=0.9998 | ovr_pr_auc_macro=0.9993
Epoch 33/50 | Time 0m28s
  Train | loss=0.0013 | top1=99.90% | top2=100.00%
  Valid | loss=0.0317 | top1=99.02% | top2=100.00% | acc=99.11% | bal_acc=99.11% | macro_f1=0.9911 | weighted_f1=0.9911 | precision_macro=0.9911 | recall_macro=0.9911
        ovr_roc_auc_macro=0.9998 | ovr_pr_auc_macro=0.9993
Epoch 34/50 | Time 0m28s
  Train | loss=0.0016 | top1=99.86% | top2=100.00%
  Valid | loss=0.0323 | top1=99.07% | top2=100.00% | acc=99.11% | bal_acc=99.11% | macro_f1=0.9911 | weighted_f1=0.9911 | precision_macro=0.9911 | recall_macro=0.9911
        ovr_roc_auc_macro=0.9997 | ovr_pr_auc_macro=0.9992
Epoch 35/50 | Time 0m28s
  Train | loss=0.0012 | top1=99.92% | top2=100.00%
  Valid | loss=0.0394 | top1=99.25% | top2=100.00% | acc=99.29% | bal_acc=99.29% | macro_f1=0.9929 | weighted_f1=0.9929 | precision_macro=0.9929 | recall_macro=0.9929
        ovr_roc_auc_macro=0.9996 | ovr_pr_auc_macro=0.9990
Epoch 36/50 | Time 0m28s
  Train | loss=0.0014 | top1=99.90% | top2=100.00%
  Valid | loss=0.0369 | top1=98.55% | top2=100.00% | acc=98.57% | bal_acc=98.57% | macro_f1=0.9857 | weighted_f1=0.9857 | precision_macro=0.9858 | recall_macro=0.9857
        ovr_roc_auc_macro=0.9996 | ovr_pr_auc_macro=0.9989
Epoch 37/50 | Time 0m28s
  Train | loss=0.0011 | top1=99.90% | top2=100.00%
  Valid | loss=0.0352 | top1=99.07% | top2=100.00% | acc=99.11% | bal_acc=99.11% | macro_f1=0.9911 | weighted_f1=0.9911 | precision_macro=0.9911 | recall_macro=0.9911
        ovr_roc_auc_macro=0.9996 | ovr_pr_auc_macro=0.9989
  -> early stopping triggered at epoch 37

[TEST] loss=ordinal_focal_mse
  Test | loss=0.3242 | top1=95.25% | top2=97.19% | acc=95.25% | bal_acc=95.25% | macro_f1=0.9514 | weighted_f1=0.9514 | precision_macro=0.9560 | recall_macro=0.9525
        ovr_roc_auc_macro=0.9908 | ovr_pr_auc_macro=0.9769
  Confusion Matrix:
[[330  33  37   0]
 [  0 397   0   3]
 [  0   3 397   0]
 [  0   0   0 400]]
  Classification Report:
              precision    recall  f1-score   support

      glioma     1.0000    0.8250    0.9041       400
  meningioma     0.9169    0.9925    0.9532       400
     notumor     0.9147    0.9925    0.9520       400
   pituitary     0.9926    1.0000    0.9963       400

    accuracy                         0.9525      1600
   macro avg     0.9560    0.9525    0.9514      1600
weighted avg     0.9560    0.9525    0.9514      1600


##########################################################################################
Starting loss: sce
##########################################################################################
Model params: 27,303,236 | pretrained loaded: 320/344 | feat_dim=2048
Criterion: SymmetricCrossEntropyLoss
Criterion trainable params: 0
Epoch 01/50 | Time 0m28s
  Train | loss=3.3688 | top1=73.11% | top2=87.59%
  Valid | loss=1.2602 | top1=88.25% | top2=97.57% | acc=88.39% | bal_acc=88.39% | macro_f1=0.8851 | weighted_f1=0.8851 | precision_macro=0.8886 | recall_macro=0.8839
        ovr_roc_auc_macro=0.9784 | ovr_pr_auc_macro=0.9441
  -> best macro_f1 updated to 0.8851 (epoch 1, val_loss=1.2602)
Epoch 02/50 | Time 0m28s
  Train | loss=0.7180 | top1=92.24% | top2=98.81%
  Valid | loss=0.4536 | top1=94.97% | top2=99.42% | acc=95.00% | bal_acc=95.00% | macro_f1=0.9500 | weighted_f1=0.9500 | precision_macro=0.9507 | recall_macro=0.9500
        ovr_roc_auc_macro=0.9939 | ovr_pr_auc_macro=0.9838
  -> best macro_f1 updated to 0.9500 (epoch 2, val_loss=0.4536)
Epoch 03/50 | Time 0m28s
  Train | loss=0.4076 | top1=95.75% | top2=99.51%
  Valid | loss=0.4479 | top1=94.79% | top2=99.42% | acc=94.82% | bal_acc=94.82% | macro_f1=0.9477 | weighted_f1=0.9477 | precision_macro=0.9497 | recall_macro=0.9482
        ovr_roc_auc_macro=0.9945 | ovr_pr_auc_macro=0.9875
Epoch 04/50 | Time 0m28s
  Train | loss=0.2848 | top1=96.70% | top2=99.56%
  Valid | loss=0.7080 | top1=92.88% | top2=98.90% | acc=92.86% | bal_acc=92.86% | macro_f1=0.9286 | weighted_f1=0.9286 | precision_macro=0.9366 | recall_macro=0.9286
        ovr_roc_auc_macro=0.9947 | ovr_pr_auc_macro=0.9847
Epoch 05/50 | Time 0m28s
  Train | loss=0.1927 | top1=98.04% | top2=99.82%
  Valid | loss=0.7263 | top1=92.19% | top2=99.25% | acc=92.14% | bal_acc=92.14% | macro_f1=0.9226 | weighted_f1=0.9226 | precision_macro=0.9339 | recall_macro=0.9214
        ovr_roc_auc_macro=0.9934 | ovr_pr_auc_macro=0.9834
Epoch 06/50 | Time 0m28s
  Train | loss=0.1523 | top1=98.47% | top2=99.82%
  Valid | loss=0.1954 | top1=97.40% | top2=99.83% | acc=97.50% | bal_acc=97.50% | macro_f1=0.9750 | weighted_f1=0.9750 | precision_macro=0.9750 | recall_macro=0.9750
        ovr_roc_auc_macro=0.9992 | ovr_pr_auc_macro=0.9976
  -> best macro_f1 updated to 0.9750 (epoch 6, val_loss=0.1954)
Epoch 07/50 | Time 0m28s
  Train | loss=0.1004 | top1=98.89% | top2=99.88%
  Valid | loss=0.1839 | top1=98.38% | top2=100.00% | acc=98.39% | bal_acc=98.39% | macro_f1=0.9840 | weighted_f1=0.9840 | precision_macro=0.9841 | recall_macro=0.9839
        ovr_roc_auc_macro=0.9971 | ovr_pr_auc_macro=0.9923
  -> best macro_f1 updated to 0.9840 (epoch 7, val_loss=0.1839)
Epoch 08/50 | Time 0m28s
  Train | loss=0.0851 | top1=99.11% | top2=99.94%
  Valid | loss=0.1537 | top1=98.32% | top2=99.59% | acc=98.39% | bal_acc=98.39% | macro_f1=0.9839 | weighted_f1=0.9839 | precision_macro=0.9840 | recall_macro=0.9839
        ovr_roc_auc_macro=0.9997 | ovr_pr_auc_macro=0.9990
  -> best macro_f1 updated to 0.9839 (epoch 8, val_loss=0.1537)
Epoch 09/50 | Time 0m28s
  Train | loss=0.0621 | top1=99.33% | top2=99.94%
  Valid | loss=0.1136 | top1=99.02% | top2=99.77% | acc=99.11% | bal_acc=99.11% | macro_f1=0.9911 | weighted_f1=0.9911 | precision_macro=0.9912 | recall_macro=0.9911
        ovr_roc_auc_macro=0.9995 | ovr_pr_auc_macro=0.9985
  -> best macro_f1 updated to 0.9911 (epoch 9, val_loss=0.1136)
Epoch 10/50 | Time 0m28s
  Train | loss=0.0795 | top1=99.10% | top2=100.00%
  Valid | loss=0.3136 | top1=96.53% | top2=100.00% | acc=96.61% | bal_acc=96.61% | macro_f1=0.9664 | weighted_f1=0.9664 | precision_macro=0.9685 | recall_macro=0.9661
        ovr_roc_auc_macro=0.9987 | ovr_pr_auc_macro=0.9968
Epoch 11/50 | Time 0m28s
  Train | loss=0.0631 | top1=99.35% | top2=99.90%
  Valid | loss=0.1682 | top1=98.21% | top2=99.83% | acc=98.21% | bal_acc=98.21% | macro_f1=0.9822 | weighted_f1=0.9822 | precision_macro=0.9823 | recall_macro=0.9821
        ovr_roc_auc_macro=0.9989 | ovr_pr_auc_macro=0.9974
Epoch 12/50 | Time 0m28s
  Train | loss=0.0352 | top1=99.62% | top2=100.00%
  Valid | loss=0.1177 | top1=98.90% | top2=100.00% | acc=98.93% | bal_acc=98.93% | macro_f1=0.9892 | weighted_f1=0.9892 | precision_macro=0.9896 | recall_macro=0.9893
        ovr_roc_auc_macro=0.9996 | ovr_pr_auc_macro=0.9989
Epoch 13/50 | Time 0m28s
  Train | loss=0.0273 | top1=99.74% | top2=100.00%
  Valid | loss=0.0931 | top1=99.07% | top2=100.00% | acc=99.11% | bal_acc=99.11% | macro_f1=0.9911 | weighted_f1=0.9911 | precision_macro=0.9911 | recall_macro=0.9911
        ovr_roc_auc_macro=0.9996 | ovr_pr_auc_macro=0.9988
  -> best macro_f1 updated to 0.9911 (epoch 13, val_loss=0.0931)
Epoch 14/50 | Time 0m28s
  Train | loss=0.0470 | top1=99.45% | top2=99.98%
  Valid | loss=0.1722 | top1=97.80% | top2=99.83% | acc=97.86% | bal_acc=97.86% | macro_f1=0.9786 | weighted_f1=0.9786 | precision_macro=0.9786 | recall_macro=0.9786
        ovr_roc_auc_macro=0.9992 | ovr_pr_auc_macro=0.9977
Epoch 15/50 | Time 0m28s
  Train | loss=0.0312 | top1=99.68% | top2=100.00%
  Valid | loss=0.1176 | top1=99.07% | top2=99.65% | acc=99.11% | bal_acc=99.11% | macro_f1=0.9910 | weighted_f1=0.9910 | precision_macro=0.9911 | recall_macro=0.9911
        ovr_roc_auc_macro=0.9983 | ovr_pr_auc_macro=0.9953
Epoch 16/50 | Time 0m28s
  Train | loss=0.0302 | top1=99.70% | top2=100.00%
  Valid | loss=0.1546 | top1=98.55% | top2=99.65% | acc=98.57% | bal_acc=98.57% | macro_f1=0.9857 | weighted_f1=0.9857 | precision_macro=0.9858 | recall_macro=0.9857
        ovr_roc_auc_macro=0.9981 | ovr_pr_auc_macro=0.9954
Epoch 17/50 | Time 0m28s
  Train | loss=0.0241 | top1=99.68% | top2=100.00%
  Valid | loss=0.1047 | top1=99.07% | top2=99.83% | acc=99.11% | bal_acc=99.11% | macro_f1=0.9911 | weighted_f1=0.9911 | precision_macro=0.9911 | recall_macro=0.9911
        ovr_roc_auc_macro=0.9994 | ovr_pr_auc_macro=0.9985
Epoch 18/50 | Time 0m28s
  Train | loss=0.0202 | top1=99.76% | top2=100.00%
  Valid | loss=0.0840 | top1=99.42% | top2=100.00% | acc=99.46% | bal_acc=99.46% | macro_f1=0.9946 | weighted_f1=0.9946 | precision_macro=0.9946 | recall_macro=0.9946
        ovr_roc_auc_macro=0.9998 | ovr_pr_auc_macro=0.9993
  -> best macro_f1 updated to 0.9946 (epoch 18, val_loss=0.0840)
Epoch 19/50 | Time 0m28s
  Train | loss=0.0221 | top1=99.76% | top2=99.98%
  Valid | loss=0.0905 | top1=98.90% | top2=100.00% | acc=98.93% | bal_acc=98.93% | macro_f1=0.9893 | weighted_f1=0.9893 | precision_macro=0.9894 | recall_macro=0.9893
        ovr_roc_auc_macro=0.9998 | ovr_pr_auc_macro=0.9995
Epoch 20/50 | Time 0m28s
  Train | loss=0.0233 | top1=99.76% | top2=100.00%
  Valid | loss=0.0787 | top1=99.07% | top2=100.00% | acc=99.11% | bal_acc=99.11% | macro_f1=0.9911 | weighted_f1=0.9911 | precision_macro=0.9912 | recall_macro=0.9911
        ovr_roc_auc_macro=0.9997 | ovr_pr_auc_macro=0.9993
Epoch 21/50 | Time 0m28s
  Train | loss=0.0159 | top1=99.80% | top2=100.00%
  Valid | loss=0.1151 | top1=98.90% | top2=100.00% | acc=98.93% | bal_acc=98.93% | macro_f1=0.9893 | weighted_f1=0.9893 | precision_macro=0.9894 | recall_macro=0.9893
        ovr_roc_auc_macro=0.9995 | ovr_pr_auc_macro=0.9988
Epoch 22/50 | Time 0m28s
  Train | loss=0.0157 | top1=99.84% | top2=99.98%
  Valid | loss=0.1004 | top1=98.90% | top2=100.00% | acc=98.93% | bal_acc=98.93% | macro_f1=0.9893 | weighted_f1=0.9893 | precision_macro=0.9894 | recall_macro=0.9893
        ovr_roc_auc_macro=0.9997 | ovr_pr_auc_macro=0.9993
Epoch 23/50 | Time 0m28s
  Train | loss=0.0231 | top1=99.80% | top2=100.00%
  Valid | loss=0.0751 | top1=99.25% | top2=100.00% | acc=99.29% | bal_acc=99.29% | macro_f1=0.9928 | weighted_f1=0.9928 | precision_macro=0.9930 | recall_macro=0.9929
        ovr_roc_auc_macro=0.9999 | ovr_pr_auc_macro=0.9997
Epoch 24/50 | Time 0m28s
  Train | loss=0.0201 | top1=99.76% | top2=100.00%
  Valid | loss=0.1091 | top1=99.07% | top2=100.00% | acc=99.11% | bal_acc=99.11% | macro_f1=0.9911 | weighted_f1=0.9911 | precision_macro=0.9911 | recall_macro=0.9911
        ovr_roc_auc_macro=0.9986 | ovr_pr_auc_macro=0.9963
Epoch 25/50 | Time 0m28s
  Train | loss=0.0238 | top1=99.74% | top2=100.00%
  Valid | loss=0.0963 | top1=99.25% | top2=100.00% | acc=99.29% | bal_acc=99.29% | macro_f1=0.9929 | weighted_f1=0.9929 | precision_macro=0.9929 | recall_macro=0.9929
        ovr_roc_auc_macro=0.9996 | ovr_pr_auc_macro=0.9990
Epoch 26/50 | Time 0m28s
  Train | loss=0.0132 | top1=99.86% | top2=100.00%
  Valid | loss=0.0907 | top1=98.90% | top2=100.00% | acc=98.93% | bal_acc=98.93% | macro_f1=0.9893 | weighted_f1=0.9893 | precision_macro=0.9894 | recall_macro=0.9893
        ovr_roc_auc_macro=0.9998 | ovr_pr_auc_macro=0.9996
Epoch 27/50 | Time 0m28s
  Train | loss=0.0159 | top1=99.78% | top2=100.00%
  Valid | loss=0.0860 | top1=99.07% | top2=100.00% | acc=99.11% | bal_acc=99.11% | macro_f1=0.9911 | weighted_f1=0.9911 | precision_macro=0.9911 | recall_macro=0.9911
        ovr_roc_auc_macro=0.9999 | ovr_pr_auc_macro=0.9996
Epoch 28/50 | Time 0m28s
  Train | loss=0.0092 | top1=99.90% | top2=100.00%
  Valid | loss=0.0906 | top1=99.07% | top2=100.00% | acc=99.11% | bal_acc=99.11% | macro_f1=0.9911 | weighted_f1=0.9911 | precision_macro=0.9911 | recall_macro=0.9911
        ovr_roc_auc_macro=0.9998 | ovr_pr_auc_macro=0.9995
  -> early stopping triggered at epoch 28

[TEST] loss=sce
  Test | loss=0.9223 | top1=94.94% | top2=96.50% | acc=94.94% | bal_acc=94.94% | macro_f1=0.9482 | weighted_f1=0.9482 | precision_macro=0.9532 | recall_macro=0.9494
        ovr_roc_auc_macro=0.9858 | ovr_pr_auc_macro=0.9730
  Confusion Matrix:
[[327  40  29   4]
 [  0 397   0   3]
 [  0   3 397   0]
 [  0   2   0 398]]
  Classification Report:
              precision    recall  f1-score   support

      glioma     1.0000    0.8175    0.8996       400
  meningioma     0.8982    0.9925    0.9430       400
     notumor     0.9319    0.9925    0.9613       400
   pituitary     0.9827    0.9950    0.9888       400

    accuracy                         0.9494      1600
   macro avg     0.9532    0.9494    0.9482      1600
weighted avg     0.9532    0.9494    0.9482      1600


##########################################################################################
Starting loss: gce
##########################################################################################
Model params: 27,303,236 | pretrained loaded: 320/344 | feat_dim=2048
Criterion: GeneralizedCrossEntropyLoss
Criterion trainable params: 0
Epoch 01/50 | Time 0m28s
  Train | loss=0.6177 | top1=72.24% | top2=86.87%
  Valid | loss=0.2358 | top1=87.50% | top2=97.40% | acc=87.68% | bal_acc=87.68% | macro_f1=0.8784 | weighted_f1=0.8784 | precision_macro=0.8842 | recall_macro=0.8768
        ovr_roc_auc_macro=0.9768 | ovr_pr_auc_macro=0.9390
  -> best macro_f1 updated to 0.8784 (epoch 1, val_loss=0.2358)
Epoch 02/50 | Time 0m28s
  Train | loss=0.1263 | top1=91.88% | top2=98.73%
  Valid | loss=0.0937 | top1=93.46% | top2=99.07% | acc=93.39% | bal_acc=93.39% | macro_f1=0.9343 | weighted_f1=0.9343 | precision_macro=0.9362 | recall_macro=0.9339
        ovr_roc_auc_macro=0.9896 | ovr_pr_auc_macro=0.9747
  -> best macro_f1 updated to 0.9343 (epoch 2, val_loss=0.0937)
Epoch 03/50 | Time 0m28s
  Train | loss=0.0812 | top1=94.20% | top2=99.05%
  Valid | loss=0.0847 | top1=94.21% | top2=99.07% | acc=94.11% | bal_acc=94.11% | macro_f1=0.9412 | weighted_f1=0.9412 | precision_macro=0.9447 | recall_macro=0.9411
        ovr_roc_auc_macro=0.9891 | ovr_pr_auc_macro=0.9808
  -> best macro_f1 updated to 0.9412 (epoch 3, val_loss=0.0847)
Epoch 04/50 | Time 0m28s
  Train | loss=0.0550 | top1=96.02% | top2=99.47%
  Valid | loss=0.1989 | top1=85.36% | top2=96.35% | acc=85.36% | bal_acc=85.36% | macro_f1=0.8552 | weighted_f1=0.8552 | precision_macro=0.8866 | recall_macro=0.8536
        ovr_roc_auc_macro=0.9861 | ovr_pr_auc_macro=0.9675
Epoch 05/50 | Time 0m28s
  Train | loss=0.0489 | top1=96.60% | top2=99.60%
  Valid | loss=0.0719 | top1=95.20% | top2=99.31% | acc=95.18% | bal_acc=95.18% | macro_f1=0.9517 | weighted_f1=0.9517 | precision_macro=0.9542 | recall_macro=0.9518
        ovr_roc_auc_macro=0.9961 | ovr_pr_auc_macro=0.9901
  -> best macro_f1 updated to 0.9517 (epoch 5, val_loss=0.0719)
Epoch 06/50 | Time 0m28s
  Train | loss=0.0354 | top1=97.53% | top2=99.68%
  Valid | loss=0.0420 | top1=96.76% | top2=99.25% | acc=96.79% | bal_acc=96.79% | macro_f1=0.9679 | weighted_f1=0.9679 | precision_macro=0.9691 | recall_macro=0.9679
        ovr_roc_auc_macro=0.9965 | ovr_pr_auc_macro=0.9930
  -> best macro_f1 updated to 0.9679 (epoch 6, val_loss=0.0420)
Epoch 07/50 | Time 0m28s
  Train | loss=0.0288 | top1=97.90% | top2=99.70%
  Valid | loss=0.0462 | top1=96.64% | top2=99.42% | acc=96.61% | bal_acc=96.61% | macro_f1=0.9658 | weighted_f1=0.9658 | precision_macro=0.9674 | recall_macro=0.9661
        ovr_roc_auc_macro=0.9961 | ovr_pr_auc_macro=0.9908
Epoch 08/50 | Time 0m28s
  Train | loss=0.0243 | top1=98.33% | top2=99.74%
  Valid | loss=0.0396 | top1=97.28% | top2=99.83% | acc=97.32% | bal_acc=97.32% | macro_f1=0.9732 | weighted_f1=0.9732 | precision_macro=0.9732 | recall_macro=0.9732
        ovr_roc_auc_macro=0.9980 | ovr_pr_auc_macro=0.9950
  -> best macro_f1 updated to 0.9732 (epoch 8, val_loss=0.0396)
Epoch 09/50 | Time 0m28s
  Train | loss=0.0233 | top1=98.38% | top2=99.72%
  Valid | loss=0.0836 | top1=93.58% | top2=99.07% | acc=93.57% | bal_acc=93.57% | macro_f1=0.9355 | weighted_f1=0.9355 | precision_macro=0.9393 | recall_macro=0.9357
        ovr_roc_auc_macro=0.9962 | ovr_pr_auc_macro=0.9909
Epoch 10/50 | Time 0m28s
  Train | loss=0.0236 | top1=98.31% | top2=99.86%
  Valid | loss=0.0210 | top1=98.55% | top2=99.42% | acc=98.57% | bal_acc=98.57% | macro_f1=0.9857 | weighted_f1=0.9857 | precision_macro=0.9859 | recall_macro=0.9857
        ovr_roc_auc_macro=0.9988 | ovr_pr_auc_macro=0.9969
  -> best macro_f1 updated to 0.9857 (epoch 10, val_loss=0.0210)
Epoch 11/50 | Time 0m28s
  Train | loss=0.0199 | top1=98.61% | top2=99.82%
  Valid | loss=0.0343 | top1=97.34% | top2=99.42% | acc=97.32% | bal_acc=97.32% | macro_f1=0.9732 | weighted_f1=0.9732 | precision_macro=0.9732 | recall_macro=0.9732
        ovr_roc_auc_macro=0.9981 | ovr_pr_auc_macro=0.9952
Epoch 12/50 | Time 0m28s
  Train | loss=0.0166 | top1=98.80% | top2=99.88%
  Valid | loss=0.0128 | top1=99.13% | top2=99.83% | acc=99.11% | bal_acc=99.11% | macro_f1=0.9911 | weighted_f1=0.9911 | precision_macro=0.9911 | recall_macro=0.9911
        ovr_roc_auc_macro=0.9978 | ovr_pr_auc_macro=0.9950
  -> best macro_f1 updated to 0.9911 (epoch 12, val_loss=0.0128)
Epoch 13/50 | Time 0m28s
  Train | loss=0.0193 | top1=98.65% | top2=99.72%
  Valid | loss=0.0218 | top1=98.21% | top2=99.65% | acc=98.21% | bal_acc=98.21% | macro_f1=0.9822 | weighted_f1=0.9822 | precision_macro=0.9827 | recall_macro=0.9821
        ovr_roc_auc_macro=0.9987 | ovr_pr_auc_macro=0.9977
Epoch 14/50 | Time 0m28s
  Train | loss=0.0105 | top1=99.27% | top2=99.80%
  Valid | loss=0.0240 | top1=98.03% | top2=99.83% | acc=98.04% | bal_acc=98.04% | macro_f1=0.9803 | weighted_f1=0.9803 | precision_macro=0.9808 | recall_macro=0.9804
        ovr_roc_auc_macro=0.9985 | ovr_pr_auc_macro=0.9949
Epoch 15/50 | Time 0m28s
  Train | loss=0.0107 | top1=99.21% | top2=99.88%
  Valid | loss=0.0136 | top1=98.90% | top2=99.65% | acc=98.93% | bal_acc=98.93% | macro_f1=0.9893 | weighted_f1=0.9893 | precision_macro=0.9893 | recall_macro=0.9893
        ovr_roc_auc_macro=0.9990 | ovr_pr_auc_macro=0.9976
Epoch 16/50 | Time 0m28s
  Train | loss=0.0093 | top1=99.31% | top2=99.86%
  Valid | loss=0.0214 | top1=98.44% | top2=99.83% | acc=98.39% | bal_acc=98.39% | macro_f1=0.9840 | weighted_f1=0.9840 | precision_macro=0.9841 | recall_macro=0.9839
        ovr_roc_auc_macro=0.9995 | ovr_pr_auc_macro=0.9985
Epoch 17/50 | Time 0m28s
  Train | loss=0.0136 | top1=98.99% | top2=99.86%
  Valid | loss=0.0112 | top1=99.13% | top2=100.00% | acc=99.11% | bal_acc=99.11% | macro_f1=0.9911 | weighted_f1=0.9911 | precision_macro=0.9911 | recall_macro=0.9911
        ovr_roc_auc_macro=0.9995 | ovr_pr_auc_macro=0.9986
  -> best macro_f1 updated to 0.9911 (epoch 17, val_loss=0.0112)
Epoch 18/50 | Time 0m28s
  Train | loss=0.0112 | top1=99.18% | top2=99.86%
  Valid | loss=0.0154 | top1=98.78% | top2=99.48% | acc=98.75% | bal_acc=98.75% | macro_f1=0.9875 | weighted_f1=0.9875 | precision_macro=0.9875 | recall_macro=0.9875
        ovr_roc_auc_macro=0.9997 | ovr_pr_auc_macro=0.9991
Epoch 19/50 | Time 0m28s
  Train | loss=0.0070 | top1=99.55% | top2=99.86%
  Valid | loss=0.0195 | top1=98.78% | top2=99.83% | acc=98.75% | bal_acc=98.75% | macro_f1=0.9875 | weighted_f1=0.9875 | precision_macro=0.9875 | recall_macro=0.9875
        ovr_roc_auc_macro=0.9981 | ovr_pr_auc_macro=0.9952
Epoch 20/50 | Time 0m28s
  Train | loss=0.0088 | top1=99.37% | top2=99.84%
  Valid | loss=0.0262 | top1=98.26% | top2=99.48% | acc=98.21% | bal_acc=98.21% | macro_f1=0.9820 | weighted_f1=0.9820 | precision_macro=0.9824 | recall_macro=0.9821
        ovr_roc_auc_macro=0.9983 | ovr_pr_auc_macro=0.9953
Epoch 21/50 | Time 0m28s
  Train | loss=0.0093 | top1=99.34% | top2=99.86%
  Valid | loss=0.0147 | top1=98.78% | top2=99.65% | acc=98.75% | bal_acc=98.75% | macro_f1=0.9875 | weighted_f1=0.9875 | precision_macro=0.9876 | recall_macro=0.9875
        ovr_roc_auc_macro=0.9988 | ovr_pr_auc_macro=0.9967
Epoch 22/50 | Time 0m28s
  Train | loss=0.0063 | top1=99.52% | top2=99.94%
  Valid | loss=0.0076 | top1=99.48% | top2=99.65% | acc=99.46% | bal_acc=99.46% | macro_f1=0.9946 | weighted_f1=0.9946 | precision_macro=0.9946 | recall_macro=0.9946
        ovr_roc_auc_macro=0.9994 | ovr_pr_auc_macro=0.9986
  -> best macro_f1 updated to 0.9946 (epoch 22, val_loss=0.0076)
Epoch 23/50 | Time 0m28s
  Train | loss=0.0077 | top1=99.44% | top2=99.90%
  Valid | loss=0.0147 | top1=98.96% | top2=99.65% | acc=98.93% | bal_acc=98.93% | macro_f1=0.9893 | weighted_f1=0.9893 | precision_macro=0.9894 | recall_macro=0.9893
        ovr_roc_auc_macro=0.9985 | ovr_pr_auc_macro=0.9964
Epoch 24/50 | Time 0m28s
  Train | loss=0.0075 | top1=99.47% | top2=99.94%
  Valid | loss=0.0265 | top1=98.26% | top2=99.83% | acc=98.21% | bal_acc=98.21% | macro_f1=0.9822 | weighted_f1=0.9822 | precision_macro=0.9823 | recall_macro=0.9821
        ovr_roc_auc_macro=0.9994 | ovr_pr_auc_macro=0.9985
Epoch 25/50 | Time 0m28s
  Train | loss=0.0049 | top1=99.68% | top2=99.86%
  Valid | loss=0.0146 | top1=98.96% | top2=99.83% | acc=98.93% | bal_acc=98.93% | macro_f1=0.9893 | weighted_f1=0.9893 | precision_macro=0.9893 | recall_macro=0.9893
        ovr_roc_auc_macro=0.9998 | ovr_pr_auc_macro=0.9993
Epoch 26/50 | Time 0m28s
  Train | loss=0.0061 | top1=99.56% | top2=99.92%
  Valid | loss=0.0149 | top1=99.07% | top2=99.65% | acc=99.11% | bal_acc=99.11% | macro_f1=0.9911 | weighted_f1=0.9911 | precision_macro=0.9911 | recall_macro=0.9911
        ovr_roc_auc_macro=0.9989 | ovr_pr_auc_macro=0.9966
Epoch 27/50 | Time 0m28s
  Train | loss=0.0035 | top1=99.78% | top2=99.92%
  Valid | loss=0.0136 | top1=99.07% | top2=99.65% | acc=99.11% | bal_acc=99.11% | macro_f1=0.9911 | weighted_f1=0.9911 | precision_macro=0.9911 | recall_macro=0.9911
        ovr_roc_auc_macro=0.9988 | ovr_pr_auc_macro=0.9965
Epoch 28/50 | Time 0m28s
  Train | loss=0.0033 | top1=99.78% | top2=99.94%
  Valid | loss=0.0143 | top1=98.90% | top2=99.83% | acc=98.93% | bal_acc=98.93% | macro_f1=0.9893 | weighted_f1=0.9893 | precision_macro=0.9893 | recall_macro=0.9893
        ovr_roc_auc_macro=0.9977 | ovr_pr_auc_macro=0.9935
Epoch 29/50 | Time 0m28s
  Train | loss=0.0029 | top1=99.80% | top2=99.92%
  Valid | loss=0.0223 | top1=98.21% | top2=99.83% | acc=98.21% | bal_acc=98.21% | macro_f1=0.9820 | weighted_f1=0.9820 | precision_macro=0.9822 | recall_macro=0.9821
        ovr_roc_auc_macro=0.9988 | ovr_pr_auc_macro=0.9959
Epoch 30/50 | Time 0m28s
  Train | loss=0.0033 | top1=99.78% | top2=99.94%
  Valid | loss=0.0124 | top1=99.07% | top2=99.83% | acc=99.11% | bal_acc=99.11% | macro_f1=0.9911 | weighted_f1=0.9911 | precision_macro=0.9911 | recall_macro=0.9911
        ovr_roc_auc_macro=0.9994 | ovr_pr_auc_macro=0.9984
Epoch 31/50 | Time 0m28s
  Train | loss=0.0024 | top1=99.82% | top2=99.94%
  Valid | loss=0.0123 | top1=99.25% | top2=99.83% | acc=99.29% | bal_acc=99.29% | macro_f1=0.9929 | weighted_f1=0.9929 | precision_macro=0.9929 | recall_macro=0.9929
        ovr_roc_auc_macro=0.9989 | ovr_pr_auc_macro=0.9976
Epoch 32/50 | Time 0m28s
  Train | loss=0.0021 | top1=99.86% | top2=99.92%
  Valid | loss=0.0167 | top1=98.73% | top2=99.83% | acc=98.75% | bal_acc=98.75% | macro_f1=0.9875 | weighted_f1=0.9875 | precision_macro=0.9875 | recall_macro=0.9875
        ovr_roc_auc_macro=0.9988 | ovr_pr_auc_macro=0.9965
  -> early stopping triggered at epoch 32

[TEST] loss=gce
  Test | loss=0.0690 | top1=95.19% | top2=96.94% | acc=95.19% | bal_acc=95.19% | macro_f1=0.9508 | weighted_f1=0.9508 | precision_macro=0.9552 | recall_macro=0.9519
        ovr_roc_auc_macro=0.9868 | ovr_pr_auc_macro=0.9750
  Confusion Matrix:
[[331  31  34   4]
 [  0 397   1   2]
 [  0   5 395   0]
 [  0   0   0 400]]
  Classification Report:
              precision    recall  f1-score   support

      glioma     1.0000    0.8275    0.9056       400
  meningioma     0.9169    0.9925    0.9532       400
     notumor     0.9186    0.9875    0.9518       400
   pituitary     0.9852    1.0000    0.9926       400

    accuracy                         0.9519      1600
   macro avg     0.9552    0.9519    0.9508      1600
weighted avg     0.9552    0.9519    0.9508      1600


##########################################################################################
Starting loss: dast
##########################################################################################
Model params: 27,303,236 | pretrained loaded: 320/344 | feat_dim=2048
Criterion: DistanceAwareSoftTargetLoss
Criterion trainable params: 0
Epoch 01/50 | Time 0m28s
  Train | loss=0.6964 | top1=76.36% | top2=90.66%
  Valid | loss=0.5162 | top1=88.43% | top2=96.99% | acc=88.57% | bal_acc=88.57% | macro_f1=0.8879 | weighted_f1=0.8879 | precision_macro=0.8956 | recall_macro=0.8857
        ovr_roc_auc_macro=0.9784 | ovr_pr_auc_macro=0.9462
  -> best macro_f1 updated to 0.8879 (epoch 1, val_loss=0.5162)
Epoch 02/50 | Time 0m28s
  Train | loss=0.4838 | top1=92.50% | top2=98.30%
  Valid | loss=0.4803 | top1=93.46% | top2=98.03% | acc=93.39% | bal_acc=93.39% | macro_f1=0.9337 | weighted_f1=0.9337 | precision_macro=0.9365 | recall_macro=0.9339
        ovr_roc_auc_macro=0.9880 | ovr_pr_auc_macro=0.9754
  -> best macro_f1 updated to 0.9337 (epoch 2, val_loss=0.4803)
Epoch 03/50 | Time 0m28s
  Train | loss=0.4566 | top1=95.90% | top2=99.21%
  Valid | loss=0.4566 | top1=96.41% | top2=98.90% | acc=96.43% | bal_acc=96.43% | macro_f1=0.9641 | weighted_f1=0.9641 | precision_macro=0.9642 | recall_macro=0.9643
        ovr_roc_auc_macro=0.9958 | ovr_pr_auc_macro=0.9905
  -> best macro_f1 updated to 0.9641 (epoch 3, val_loss=0.4566)
Epoch 04/50 | Time 0m28s
  Train | loss=0.4456 | top1=96.89% | top2=99.43%
  Valid | loss=0.4544 | top1=97.11% | top2=99.42% | acc=97.14% | bal_acc=97.14% | macro_f1=0.9714 | weighted_f1=0.9714 | precision_macro=0.9717 | recall_macro=0.9714
        ovr_roc_auc_macro=0.9949 | ovr_pr_auc_macro=0.9852
  -> best macro_f1 updated to 0.9714 (epoch 4, val_loss=0.4544)
Epoch 05/50 | Time 0m28s
  Train | loss=0.4347 | top1=97.82% | top2=99.70%
  Valid | loss=0.4442 | top1=96.59% | top2=99.59% | acc=96.61% | bal_acc=96.61% | macro_f1=0.9660 | weighted_f1=0.9660 | precision_macro=0.9673 | recall_macro=0.9661
        ovr_roc_auc_macro=0.9966 | ovr_pr_auc_macro=0.9947
Epoch 06/50 | Time 0m28s
  Train | loss=0.4297 | top1=98.47% | top2=99.62%
  Valid | loss=0.4974 | top1=88.66% | top2=96.70% | acc=88.75% | bal_acc=88.75% | macro_f1=0.8854 | weighted_f1=0.8854 | precision_macro=0.9065 | recall_macro=0.8875
        ovr_roc_auc_macro=0.9937 | ovr_pr_auc_macro=0.9839
Epoch 07/50 | Time 0m28s
  Train | loss=0.4228 | top1=99.17% | top2=99.90%
  Valid | loss=0.4422 | top1=97.69% | top2=98.90% | acc=97.68% | bal_acc=97.68% | macro_f1=0.9768 | weighted_f1=0.9768 | precision_macro=0.9775 | recall_macro=0.9768
        ovr_roc_auc_macro=0.9963 | ovr_pr_auc_macro=0.9952
  -> best macro_f1 updated to 0.9768 (epoch 7, val_loss=0.4422)
Epoch 08/50 | Time 0m28s
  Train | loss=0.4239 | top1=99.05% | top2=99.78%
  Valid | loss=0.4279 | top1=98.90% | top2=99.59% | acc=98.93% | bal_acc=98.93% | macro_f1=0.9892 | weighted_f1=0.9892 | precision_macro=0.9894 | recall_macro=0.9893
        ovr_roc_auc_macro=0.9975 | ovr_pr_auc_macro=0.9972
  -> best macro_f1 updated to 0.9892 (epoch 8, val_loss=0.4279)
Epoch 09/50 | Time 0m28s
  Train | loss=0.4175 | top1=99.51% | top2=99.90%
  Valid | loss=0.4340 | top1=98.50% | top2=99.25% | acc=98.57% | bal_acc=98.57% | macro_f1=0.9857 | weighted_f1=0.9857 | precision_macro=0.9861 | recall_macro=0.9857
        ovr_roc_auc_macro=0.9953 | ovr_pr_auc_macro=0.9918
Epoch 10/50 | Time 0m28s
  Train | loss=0.4161 | top1=99.68% | top2=99.91%
  Valid | loss=0.4264 | top1=98.90% | top2=99.59% | acc=98.93% | bal_acc=98.93% | macro_f1=0.9893 | weighted_f1=0.9893 | precision_macro=0.9893 | recall_macro=0.9893
        ovr_roc_auc_macro=0.9977 | ovr_pr_auc_macro=0.9964
  -> best macro_f1 updated to 0.9893 (epoch 10, val_loss=0.4264)
Epoch 11/50 | Time 0m28s
  Train | loss=0.4171 | top1=99.62% | top2=99.88%
  Valid | loss=0.4285 | top1=98.67% | top2=99.42% | acc=98.75% | bal_acc=98.75% | macro_f1=0.9875 | weighted_f1=0.9875 | precision_macro=0.9877 | recall_macro=0.9875
        ovr_roc_auc_macro=0.9967 | ovr_pr_auc_macro=0.9961
Epoch 12/50 | Time 0m28s
  Train | loss=0.4204 | top1=99.26% | top2=99.76%
  Valid | loss=0.4322 | top1=98.50% | top2=99.42% | acc=98.57% | bal_acc=98.57% | macro_f1=0.9857 | weighted_f1=0.9857 | precision_macro=0.9858 | recall_macro=0.9857
        ovr_roc_auc_macro=0.9959 | ovr_pr_auc_macro=0.9934
Epoch 13/50 | Time 0m28s
  Train | loss=0.4172 | top1=99.66% | top2=99.86%
  Valid | loss=0.4293 | top1=98.15% | top2=99.02% | acc=98.21% | bal_acc=98.21% | macro_f1=0.9822 | weighted_f1=0.9822 | precision_macro=0.9828 | recall_macro=0.9821
        ovr_roc_auc_macro=0.9965 | ovr_pr_auc_macro=0.9890
Epoch 14/50 | Time 0m28s
  Train | loss=0.4171 | top1=99.64% | top2=99.88%
  Valid | loss=0.4383 | top1=97.74% | top2=99.19% | acc=97.86% | bal_acc=97.86% | macro_f1=0.9785 | weighted_f1=0.9785 | precision_macro=0.9791 | recall_macro=0.9786
        ovr_roc_auc_macro=0.9941 | ovr_pr_auc_macro=0.9863
Epoch 15/50 | Time 0m28s
  Train | loss=0.4153 | top1=99.82% | top2=99.94%
  Valid | loss=0.4234 | top1=99.42% | top2=99.42% | acc=99.46% | bal_acc=99.46% | macro_f1=0.9946 | weighted_f1=0.9946 | precision_macro=0.9947 | recall_macro=0.9946
        ovr_roc_auc_macro=0.9968 | ovr_pr_auc_macro=0.9962
  -> best macro_f1 updated to 0.9946 (epoch 15, val_loss=0.4234)
Epoch 16/50 | Time 0m28s
  Train | loss=0.4144 | top1=99.86% | top2=99.90%
  Valid | loss=0.4233 | top1=99.42% | top2=99.42% | acc=99.46% | bal_acc=99.46% | macro_f1=0.9946 | weighted_f1=0.9946 | precision_macro=0.9947 | recall_macro=0.9946
        ovr_roc_auc_macro=0.9977 | ovr_pr_auc_macro=0.9963
  -> best macro_f1 updated to 0.9946 (epoch 16, val_loss=0.4233)
Epoch 17/50 | Time 0m28s
  Train | loss=0.4143 | top1=99.78% | top2=99.96%
  Valid | loss=0.4285 | top1=98.67% | top2=99.25% | acc=98.75% | bal_acc=98.75% | macro_f1=0.9875 | weighted_f1=0.9875 | precision_macro=0.9875 | recall_macro=0.9875
        ovr_roc_auc_macro=0.9965 | ovr_pr_auc_macro=0.9954
Epoch 18/50 | Time 0m28s
  Train | loss=0.4143 | top1=99.84% | top2=99.90%
  Valid | loss=0.4322 | top1=98.32% | top2=99.02% | acc=98.39% | bal_acc=98.39% | macro_f1=0.9839 | weighted_f1=0.9839 | precision_macro=0.9842 | recall_macro=0.9839
        ovr_roc_auc_macro=0.9939 | ovr_pr_auc_macro=0.9803
Epoch 19/50 | Time 0m28s
  Train | loss=0.4147 | top1=99.72% | top2=99.94%
  Valid | loss=0.4258 | top1=98.67% | top2=99.42% | acc=98.75% | bal_acc=98.75% | macro_f1=0.9875 | weighted_f1=0.9875 | precision_macro=0.9875 | recall_macro=0.9875
        ovr_roc_auc_macro=0.9967 | ovr_pr_auc_macro=0.9962
Epoch 20/50 | Time 0m28s
  Train | loss=0.4148 | top1=99.70% | top2=99.94%
  Valid | loss=0.4242 | top1=99.07% | top2=99.42% | acc=99.11% | bal_acc=99.11% | macro_f1=0.9910 | weighted_f1=0.9910 | precision_macro=0.9911 | recall_macro=0.9911
        ovr_roc_auc_macro=0.9980 | ovr_pr_auc_macro=0.9975
Epoch 21/50 | Time 0m28s
  Train | loss=0.4158 | top1=99.66% | top2=99.86%
  Valid | loss=0.4283 | top1=98.73% | top2=99.42% | acc=98.75% | bal_acc=98.75% | macro_f1=0.9874 | weighted_f1=0.9874 | precision_macro=0.9877 | recall_macro=0.9875
        ovr_roc_auc_macro=0.9961 | ovr_pr_auc_macro=0.9958
Epoch 22/50 | Time 0m28s
  Train | loss=0.4145 | top1=99.80% | top2=99.90%
  Valid | loss=0.4275 | top1=98.90% | top2=99.42% | acc=98.93% | bal_acc=98.93% | macro_f1=0.9893 | weighted_f1=0.9893 | precision_macro=0.9893 | recall_macro=0.9893
        ovr_roc_auc_macro=0.9968 | ovr_pr_auc_macro=0.9962
Epoch 23/50 | Time 0m28s
  Train | loss=0.4149 | top1=99.72% | top2=99.94%
  Valid | loss=0.4265 | top1=99.25% | top2=99.42% | acc=99.29% | bal_acc=99.29% | macro_f1=0.9928 | weighted_f1=0.9928 | precision_macro=0.9929 | recall_macro=0.9929
        ovr_roc_auc_macro=0.9965 | ovr_pr_auc_macro=0.9958
Epoch 24/50 | Time 0m28s
  Train | loss=0.4141 | top1=99.76% | top2=99.94%
  Valid | loss=0.4264 | top1=99.07% | top2=99.42% | acc=99.11% | bal_acc=99.11% | macro_f1=0.9911 | weighted_f1=0.9911 | precision_macro=0.9911 | recall_macro=0.9911
        ovr_roc_auc_macro=0.9967 | ovr_pr_auc_macro=0.9959
Epoch 25/50 | Time 0m29s
  Train | loss=0.4139 | top1=99.84% | top2=99.92%
  Valid | loss=0.4279 | top1=98.67% | top2=99.42% | acc=98.75% | bal_acc=98.75% | macro_f1=0.9875 | weighted_f1=0.9875 | precision_macro=0.9878 | recall_macro=0.9875
        ovr_roc_auc_macro=0.9968 | ovr_pr_auc_macro=0.9962
Epoch 26/50 | Time 0m28s
  Train | loss=0.4137 | top1=99.88% | top2=99.98%
  Valid | loss=0.4249 | top1=99.25% | top2=99.42% | acc=99.29% | bal_acc=99.29% | macro_f1=0.9928 | weighted_f1=0.9928 | precision_macro=0.9930 | recall_macro=0.9929
        ovr_roc_auc_macro=0.9962 | ovr_pr_auc_macro=0.9959
  -> early stopping triggered at epoch 26

[TEST] loss=dast
  Test | loss=0.4691 | top1=95.44% | top2=96.75% | acc=95.44% | bal_acc=95.44% | macro_f1=0.9532 | weighted_f1=0.9532 | precision_macro=0.9579 | recall_macro=0.9544
        ovr_roc_auc_macro=0.9876 | ovr_pr_auc_macro=0.9636
  Confusion Matrix:
[[329  39  32   0]
 [  0 398   0   2]
 [  0   0 400   0]
 [  0   0   0 400]]
  Classification Report:
              precision    recall  f1-score   support

      glioma     1.0000    0.8225    0.9026       400
  meningioma     0.9108    0.9950    0.9510       400
     notumor     0.9259    1.0000    0.9615       400
   pituitary     0.9950    1.0000    0.9975       400

    accuracy                         0.9544      1600
   macro avg     0.9579    0.9544    0.9532      1600
weighted avg     0.9579    0.9544    0.9532      1600


##########################################################################################
Starting loss: pcol
##########################################################################################
Model params: 27,303,236 | pretrained loaded: 320/344 | feat_dim=2048
Criterion: PrototypeConsistencyOrdinalLoss
Criterion trainable params: 8,192
Epoch 01/50 | Time 0m28s
  Train | loss=0.9348 | top1=77.18% | top2=91.42%
  Valid | loss=0.3948 | top1=88.25% | top2=97.86% | acc=88.21% | bal_acc=88.21% | macro_f1=0.8850 | weighted_f1=0.8850 | precision_macro=0.8929 | recall_macro=0.8821
        ovr_roc_auc_macro=0.9814 | ovr_pr_auc_macro=0.9539
  -> best macro_f1 updated to 0.8850 (epoch 1, val_loss=0.3948)
Epoch 02/50 | Time 0m28s
  Train | loss=0.2450 | top1=92.76% | top2=98.91%
  Valid | loss=0.2303 | top1=92.71% | top2=98.55% | acc=92.68% | bal_acc=92.68% | macro_f1=0.9274 | weighted_f1=0.9274 | precision_macro=0.9321 | recall_macro=0.9268
        ovr_roc_auc_macro=0.9944 | ovr_pr_auc_macro=0.9851
  -> best macro_f1 updated to 0.9274 (epoch 2, val_loss=0.2303)
Epoch 03/50 | Time 0m28s
  Train | loss=0.1479 | top1=95.89% | top2=99.64%
  Valid | loss=0.1777 | top1=94.27% | top2=99.83% | acc=94.29% | bal_acc=94.29% | macro_f1=0.9429 | weighted_f1=0.9429 | precision_macro=0.9454 | recall_macro=0.9429
        ovr_roc_auc_macro=0.9975 | ovr_pr_auc_macro=0.9932
  -> best macro_f1 updated to 0.9429 (epoch 3, val_loss=0.1777)
Epoch 04/50 | Time 0m28s
  Train | loss=0.1069 | top1=97.09% | top2=99.70%
  Valid | loss=0.1874 | top1=95.89% | top2=99.07% | acc=95.89% | bal_acc=95.89% | macro_f1=0.9587 | weighted_f1=0.9587 | precision_macro=0.9626 | recall_macro=0.9589
        ovr_roc_auc_macro=0.9964 | ovr_pr_auc_macro=0.9931
  -> best macro_f1 updated to 0.9587 (epoch 4, val_loss=0.1874)
Epoch 05/50 | Time 0m28s
  Train | loss=0.0751 | top1=98.01% | top2=99.88%
  Valid | loss=0.0893 | top1=97.80% | top2=100.00% | acc=97.86% | bal_acc=97.86% | macro_f1=0.9786 | weighted_f1=0.9786 | precision_macro=0.9790 | recall_macro=0.9786
        ovr_roc_auc_macro=0.9989 | ovr_pr_auc_macro=0.9968
  -> best macro_f1 updated to 0.9786 (epoch 5, val_loss=0.0893)
Epoch 06/50 | Time 0m28s
  Train | loss=0.0427 | top1=99.17% | top2=99.96%
  Valid | loss=0.0759 | top1=97.97% | top2=99.77% | acc=98.04% | bal_acc=98.04% | macro_f1=0.9804 | weighted_f1=0.9804 | precision_macro=0.9805 | recall_macro=0.9804
        ovr_roc_auc_macro=0.9990 | ovr_pr_auc_macro=0.9973
  -> best macro_f1 updated to 0.9804 (epoch 6, val_loss=0.0759)
Epoch 07/50 | Time 0m28s
  Train | loss=0.0383 | top1=99.12% | top2=99.92%
  Valid | loss=0.0803 | top1=97.80% | top2=100.00% | acc=97.86% | bal_acc=97.86% | macro_f1=0.9785 | weighted_f1=0.9785 | precision_macro=0.9786 | recall_macro=0.9786
        ovr_roc_auc_macro=0.9986 | ovr_pr_auc_macro=0.9959
Epoch 08/50 | Time 0m28s
  Train | loss=0.0324 | top1=99.21% | top2=99.88%
  Valid | loss=0.0658 | top1=98.26% | top2=100.00% | acc=98.39% | bal_acc=98.39% | macro_f1=0.9839 | weighted_f1=0.9839 | precision_macro=0.9841 | recall_macro=0.9839
        ovr_roc_auc_macro=0.9992 | ovr_pr_auc_macro=0.9977
  -> best macro_f1 updated to 0.9839 (epoch 8, val_loss=0.0658)
Epoch 09/50 | Time 0m28s
  Train | loss=0.0297 | top1=99.25% | top2=99.94%
  Valid | loss=0.1076 | top1=97.16% | top2=99.77% | acc=97.32% | bal_acc=97.32% | macro_f1=0.9733 | weighted_f1=0.9733 | precision_macro=0.9743 | recall_macro=0.9732
        ovr_roc_auc_macro=0.9987 | ovr_pr_auc_macro=0.9969
Epoch 10/50 | Time 0m28s
  Train | loss=0.0302 | top1=99.22% | top2=100.00%
  Valid | loss=0.0430 | top1=98.90% | top2=100.00% | acc=98.93% | bal_acc=98.93% | macro_f1=0.9893 | weighted_f1=0.9893 | precision_macro=0.9894 | recall_macro=0.9893
        ovr_roc_auc_macro=0.9996 | ovr_pr_auc_macro=0.9988
  -> best macro_f1 updated to 0.9893 (epoch 10, val_loss=0.0430)
Epoch 11/50 | Time 0m28s
  Train | loss=0.0186 | top1=99.55% | top2=100.00%
  Valid | loss=0.0522 | top1=98.55% | top2=100.00% | acc=98.57% | bal_acc=98.57% | macro_f1=0.9856 | weighted_f1=0.9856 | precision_macro=0.9862 | recall_macro=0.9857
        ovr_roc_auc_macro=0.9996 | ovr_pr_auc_macro=0.9989
Epoch 12/50 | Time 0m28s
  Train | loss=0.0152 | top1=99.62% | top2=100.00%
  Valid | loss=0.0479 | top1=98.90% | top2=99.83% | acc=98.93% | bal_acc=98.93% | macro_f1=0.9893 | weighted_f1=0.9893 | precision_macro=0.9893 | recall_macro=0.9893
        ovr_roc_auc_macro=0.9995 | ovr_pr_auc_macro=0.9987
Epoch 13/50 | Time 0m28s
  Train | loss=0.0105 | top1=99.72% | top2=99.98%
  Valid | loss=0.0467 | top1=99.07% | top2=99.83% | acc=99.11% | bal_acc=99.11% | macro_f1=0.9911 | weighted_f1=0.9911 | precision_macro=0.9911 | recall_macro=0.9911
        ovr_roc_auc_macro=0.9996 | ovr_pr_auc_macro=0.9989
  -> best macro_f1 updated to 0.9911 (epoch 13, val_loss=0.0467)
Epoch 14/50 | Time 0m28s
  Train | loss=0.0126 | top1=99.58% | top2=100.00%
  Valid | loss=0.0521 | top1=98.50% | top2=100.00% | acc=98.57% | bal_acc=98.57% | macro_f1=0.9857 | weighted_f1=0.9857 | precision_macro=0.9858 | recall_macro=0.9857
        ovr_roc_auc_macro=0.9997 | ovr_pr_auc_macro=0.9990
Epoch 15/50 | Time 0m28s
  Train | loss=0.0155 | top1=99.53% | top2=100.00%
  Valid | loss=0.0569 | top1=98.15% | top2=100.00% | acc=98.21% | bal_acc=98.21% | macro_f1=0.9822 | weighted_f1=0.9822 | precision_macro=0.9825 | recall_macro=0.9821
        ovr_roc_auc_macro=0.9995 | ovr_pr_auc_macro=0.9986
Epoch 16/50 | Time 0m28s
  Train | loss=0.0174 | top1=99.56% | top2=99.98%
  Valid | loss=0.0327 | top1=99.02% | top2=100.00% | acc=99.11% | bal_acc=99.11% | macro_f1=0.9911 | weighted_f1=0.9911 | precision_macro=0.9911 | recall_macro=0.9911
        ovr_roc_auc_macro=0.9997 | ovr_pr_auc_macro=0.9990
  -> best macro_f1 updated to 0.9911 (epoch 16, val_loss=0.0327)
Epoch 17/50 | Time 0m28s
  Train | loss=0.0102 | top1=99.70% | top2=100.00%
  Valid | loss=0.0392 | top1=99.25% | top2=100.00% | acc=99.29% | bal_acc=99.29% | macro_f1=0.9929 | weighted_f1=0.9929 | precision_macro=0.9929 | recall_macro=0.9929
        ovr_roc_auc_macro=0.9996 | ovr_pr_auc_macro=0.9989
  -> best macro_f1 updated to 0.9929 (epoch 17, val_loss=0.0392)
Epoch 18/50 | Time 0m28s
  Train | loss=0.0127 | top1=99.56% | top2=99.98%
  Valid | loss=0.0402 | top1=98.84% | top2=99.83% | acc=98.93% | bal_acc=98.93% | macro_f1=0.9893 | weighted_f1=0.9893 | precision_macro=0.9893 | recall_macro=0.9893
        ovr_roc_auc_macro=0.9998 | ovr_pr_auc_macro=0.9994
Epoch 19/50 | Time 0m28s
  Train | loss=0.0136 | top1=99.56% | top2=100.00%
  Valid | loss=0.0423 | top1=98.90% | top2=100.00% | acc=98.93% | bal_acc=98.93% | macro_f1=0.9893 | weighted_f1=0.9893 | precision_macro=0.9893 | recall_macro=0.9893
        ovr_roc_auc_macro=0.9998 | ovr_pr_auc_macro=0.9994
Epoch 20/50 | Time 0m28s
  Train | loss=0.0123 | top1=99.70% | top2=100.00%
  Valid | loss=0.0383 | top1=99.02% | top2=99.83% | acc=99.11% | bal_acc=99.11% | macro_f1=0.9911 | weighted_f1=0.9911 | precision_macro=0.9911 | recall_macro=0.9911
        ovr_roc_auc_macro=0.9997 | ovr_pr_auc_macro=0.9991
Epoch 21/50 | Time 0m28s
  Train | loss=0.0105 | top1=99.70% | top2=100.00%
  Valid | loss=0.0432 | top1=98.73% | top2=99.83% | acc=98.75% | bal_acc=98.75% | macro_f1=0.9875 | weighted_f1=0.9875 | precision_macro=0.9876 | recall_macro=0.9875
        ovr_roc_auc_macro=0.9998 | ovr_pr_auc_macro=0.9995
Epoch 22/50 | Time 0m28s
  Train | loss=0.0046 | top1=99.90% | top2=100.00%
  Valid | loss=0.0394 | top1=99.25% | top2=99.83% | acc=99.29% | bal_acc=99.29% | macro_f1=0.9928 | weighted_f1=0.9928 | precision_macro=0.9929 | recall_macro=0.9929
        ovr_roc_auc_macro=0.9998 | ovr_pr_auc_macro=0.9995
Epoch 23/50 | Time 0m28s
  Train | loss=0.0068 | top1=99.82% | top2=100.00%
  Valid | loss=0.0299 | top1=99.25% | top2=100.00% | acc=99.29% | bal_acc=99.29% | macro_f1=0.9929 | weighted_f1=0.9929 | precision_macro=0.9929 | recall_macro=0.9929
        ovr_roc_auc_macro=0.9998 | ovr_pr_auc_macro=0.9996
  -> best macro_f1 updated to 0.9929 (epoch 23, val_loss=0.0299)
Epoch 24/50 | Time 0m28s
  Train | loss=0.0043 | top1=99.88% | top2=100.00%
  Valid | loss=0.0388 | top1=99.25% | top2=100.00% | acc=99.29% | bal_acc=99.29% | macro_f1=0.9928 | weighted_f1=0.9928 | precision_macro=0.9929 | recall_macro=0.9929
        ovr_roc_auc_macro=0.9998 | ovr_pr_auc_macro=0.9995
Epoch 25/50 | Time 0m28s
  Train | loss=0.0062 | top1=99.80% | top2=99.98%
  Valid | loss=0.0342 | top1=98.84% | top2=100.00% | acc=98.93% | bal_acc=98.93% | macro_f1=0.9893 | weighted_f1=0.9893 | precision_macro=0.9893 | recall_macro=0.9893
        ovr_roc_auc_macro=0.9999 | ovr_pr_auc_macro=0.9996
Epoch 26/50 | Time 0m28s
  Train | loss=0.0071 | top1=99.80% | top2=100.00%
  Valid | loss=0.0378 | top1=99.07% | top2=100.00% | acc=99.11% | bal_acc=99.11% | macro_f1=0.9911 | weighted_f1=0.9911 | precision_macro=0.9911 | recall_macro=0.9911
        ovr_roc_auc_macro=0.9998 | ovr_pr_auc_macro=0.9995
Epoch 27/50 | Time 0m28s
  Train | loss=0.0087 | top1=99.84% | top2=99.98%
  Valid | loss=0.0520 | top1=98.73% | top2=100.00% | acc=98.75% | bal_acc=98.75% | macro_f1=0.9875 | weighted_f1=0.9875 | precision_macro=0.9875 | recall_macro=0.9875
        ovr_roc_auc_macro=0.9997 | ovr_pr_auc_macro=0.9991
Epoch 28/50 | Time 0m28s
  Train | loss=0.0042 | top1=99.86% | top2=100.00%
  Valid | loss=0.0486 | top1=99.07% | top2=100.00% | acc=99.11% | bal_acc=99.11% | macro_f1=0.9911 | weighted_f1=0.9911 | precision_macro=0.9911 | recall_macro=0.9911
        ovr_roc_auc_macro=0.9998 | ovr_pr_auc_macro=0.9994
Epoch 29/50 | Time 0m28s
  Train | loss=0.0030 | top1=99.96% | top2=100.00%
  Valid | loss=0.0463 | top1=99.25% | top2=100.00% | acc=99.29% | bal_acc=99.29% | macro_f1=0.9929 | weighted_f1=0.9929 | precision_macro=0.9929 | recall_macro=0.9929
        ovr_roc_auc_macro=0.9998 | ovr_pr_auc_macro=0.9994
Epoch 30/50 | Time 0m28s
  Train | loss=0.0046 | top1=99.82% | top2=100.00%
  Valid | loss=0.0428 | top1=99.07% | top2=100.00% | acc=99.11% | bal_acc=99.11% | macro_f1=0.9911 | weighted_f1=0.9911 | precision_macro=0.9911 | recall_macro=0.9911
        ovr_roc_auc_macro=0.9998 | ovr_pr_auc_macro=0.9993
Epoch 31/50 | Time 0m28s
  Train | loss=0.0040 | top1=99.86% | top2=99.98%
  Valid | loss=0.0485 | top1=98.90% | top2=100.00% | acc=98.93% | bal_acc=98.93% | macro_f1=0.9893 | weighted_f1=0.9893 | precision_macro=0.9893 | recall_macro=0.9893
        ovr_roc_auc_macro=0.9997 | ovr_pr_auc_macro=0.9991
Epoch 32/50 | Time 0m28s
  Train | loss=0.0030 | top1=99.92% | top2=100.00%
  Valid | loss=0.0541 | top1=99.07% | top2=100.00% | acc=99.11% | bal_acc=99.11% | macro_f1=0.9911 | weighted_f1=0.9911 | precision_macro=0.9911 | recall_macro=0.9911
        ovr_roc_auc_macro=0.9996 | ovr_pr_auc_macro=0.9989
Epoch 33/50 | Time 0m28s
  Train | loss=0.0028 | top1=99.91% | top2=100.00%
  Valid | loss=0.0537 | top1=99.07% | top2=100.00% | acc=99.11% | bal_acc=99.11% | macro_f1=0.9911 | weighted_f1=0.9911 | precision_macro=0.9911 | recall_macro=0.9911
        ovr_roc_auc_macro=0.9997 | ovr_pr_auc_macro=0.9991
  -> early stopping triggered at epoch 33

[TEST] loss=pcol
  Test | loss=0.4169 | top1=95.25% | top2=96.94% | acc=95.25% | bal_acc=95.25% | macro_f1=0.9517 | weighted_f1=0.9517 | precision_macro=0.9557 | recall_macro=0.9525
        ovr_roc_auc_macro=0.9883 | ovr_pr_auc_macro=0.9705
  Confusion Matrix:
[[336  37  27   0]
 [  0 396   0   4]
 [  0   7 393   0]
 [  1   0   0 399]]
  Classification Report:
              precision    recall  f1-score   support

      glioma     0.9970    0.8400    0.9118       400
  meningioma     0.9000    0.9900    0.9429       400
     notumor     0.9357    0.9825    0.9585       400
   pituitary     0.9901    0.9975    0.9938       400

    accuracy                         0.9525      1600
   macro avg     0.9557    0.9525    0.9517      1600
weighted avg     0.9557    0.9525    0.9517      1600


##########################################################################################
Starting loss: aom
##########################################################################################
Model params: 27,303,236 | pretrained loaded: 320/344 | feat_dim=2048
Criterion: AdaptiveOrdinalMarginLoss
Criterion trainable params: 0
Epoch 01/50 | Time 0m28s
  Train | loss=0.8694 | top1=75.05% | top2=89.09%
  Valid | loss=0.3462 | top1=88.37% | top2=98.26% | acc=88.39% | bal_acc=88.39% | macro_f1=0.8842 | weighted_f1=0.8842 | precision_macro=0.8854 | recall_macro=0.8839
        ovr_roc_auc_macro=0.9813 | ovr_pr_auc_macro=0.9513
  -> best macro_f1 updated to 0.8842 (epoch 1, val_loss=0.3462)
Epoch 02/50 | Time 0m28s
  Train | loss=0.2054 | top1=92.54% | top2=98.99%
  Valid | loss=0.1423 | top1=95.78% | top2=99.59% | acc=95.71% | bal_acc=95.71% | macro_f1=0.9569 | weighted_f1=0.9569 | precision_macro=0.9574 | recall_macro=0.9571
        ovr_roc_auc_macro=0.9940 | ovr_pr_auc_macro=0.9845
  -> best macro_f1 updated to 0.9569 (epoch 2, val_loss=0.1423)
Epoch 03/50 | Time 0m28s
  Train | loss=0.1146 | top1=95.90% | top2=99.58%
  Valid | loss=0.1413 | top1=94.85% | top2=99.48% | acc=94.82% | bal_acc=94.82% | macro_f1=0.9477 | weighted_f1=0.9477 | precision_macro=0.9488 | recall_macro=0.9482
        ovr_roc_auc_macro=0.9952 | ovr_pr_auc_macro=0.9878
Epoch 04/50 | Time 0m28s
  Train | loss=0.0847 | top1=97.17% | top2=99.78%
  Valid | loss=0.2429 | top1=92.48% | top2=99.25% | acc=92.50% | bal_acc=92.50% | macro_f1=0.9247 | weighted_f1=0.9247 | precision_macro=0.9346 | recall_macro=0.9250
        ovr_roc_auc_macro=0.9931 | ovr_pr_auc_macro=0.9825
Epoch 05/50 | Time 0m28s
  Train | loss=0.0563 | top1=98.12% | top2=99.86%
  Valid | loss=0.0689 | top1=97.63% | top2=99.83% | acc=97.68% | bal_acc=97.68% | macro_f1=0.9769 | weighted_f1=0.9769 | precision_macro=0.9770 | recall_macro=0.9768
        ovr_roc_auc_macro=0.9985 | ovr_pr_auc_macro=0.9967
  -> best macro_f1 updated to 0.9769 (epoch 5, val_loss=0.0689)
Epoch 06/50 | Time 0m28s
  Train | loss=0.0367 | top1=98.86% | top2=99.96%
  Valid | loss=0.0483 | top1=98.78% | top2=99.77% | acc=98.93% | bal_acc=98.93% | macro_f1=0.9893 | weighted_f1=0.9893 | precision_macro=0.9893 | recall_macro=0.9893
        ovr_roc_auc_macro=0.9991 | ovr_pr_auc_macro=0.9972
  -> best macro_f1 updated to 0.9893 (epoch 6, val_loss=0.0483)
Epoch 07/50 | Time 0m28s
  Train | loss=0.0340 | top1=98.77% | top2=99.84%
  Valid | loss=0.0336 | top1=98.55% | top2=100.00% | acc=98.57% | bal_acc=98.57% | macro_f1=0.9857 | weighted_f1=0.9857 | precision_macro=0.9859 | recall_macro=0.9857
        ovr_roc_auc_macro=0.9998 | ovr_pr_auc_macro=0.9994
Epoch 08/50 | Time 0m28s
  Train | loss=0.0262 | top1=99.14% | top2=99.96%
  Valid | loss=0.0430 | top1=98.67% | top2=99.77% | acc=98.75% | bal_acc=98.75% | macro_f1=0.9875 | weighted_f1=0.9875 | precision_macro=0.9876 | recall_macro=0.9875
        ovr_roc_auc_macro=0.9997 | ovr_pr_auc_macro=0.9991
Epoch 09/50 | Time 0m28s
  Train | loss=0.0174 | top1=99.43% | top2=99.98%
  Valid | loss=0.0523 | top1=98.84% | top2=99.77% | acc=98.93% | bal_acc=98.93% | macro_f1=0.9893 | weighted_f1=0.9893 | precision_macro=0.9894 | recall_macro=0.9893
        ovr_roc_auc_macro=0.9993 | ovr_pr_auc_macro=0.9984
Epoch 10/50 | Time 0m28s
  Train | loss=0.0235 | top1=99.12% | top2=99.94%
  Valid | loss=0.1085 | top1=96.24% | top2=99.77% | acc=96.25% | bal_acc=96.25% | macro_f1=0.9625 | weighted_f1=0.9625 | precision_macro=0.9644 | recall_macro=0.9625
        ovr_roc_auc_macro=0.9985 | ovr_pr_auc_macro=0.9965
Epoch 11/50 | Time 0m28s
  Train | loss=0.0159 | top1=99.53% | top2=99.92%
  Valid | loss=0.0509 | top1=98.73% | top2=100.00% | acc=98.75% | bal_acc=98.75% | macro_f1=0.9875 | weighted_f1=0.9875 | precision_macro=0.9876 | recall_macro=0.9875
        ovr_roc_auc_macro=0.9995 | ovr_pr_auc_macro=0.9986
Epoch 12/50 | Time 0m28s
  Train | loss=0.0136 | top1=99.53% | top2=100.00%
  Valid | loss=0.0581 | top1=98.32% | top2=100.00% | acc=98.39% | bal_acc=98.39% | macro_f1=0.9839 | weighted_f1=0.9839 | precision_macro=0.9840 | recall_macro=0.9839
        ovr_roc_auc_macro=0.9991 | ovr_pr_auc_macro=0.9977
Epoch 13/50 | Time 0m28s
  Train | loss=0.0095 | top1=99.60% | top2=100.00%
  Valid | loss=0.0221 | top1=98.90% | top2=100.00% | acc=98.93% | bal_acc=98.93% | macro_f1=0.9893 | weighted_f1=0.9893 | precision_macro=0.9894 | recall_macro=0.9893
        ovr_roc_auc_macro=0.9999 | ovr_pr_auc_macro=0.9997
  -> best macro_f1 updated to 0.9893 (epoch 13, val_loss=0.0221)
Epoch 14/50 | Time 0m28s
  Train | loss=0.0130 | top1=99.60% | top2=100.00%
  Valid | loss=0.0470 | top1=98.73% | top2=100.00% | acc=98.75% | bal_acc=98.75% | macro_f1=0.9874 | weighted_f1=0.9874 | precision_macro=0.9878 | recall_macro=0.9875
        ovr_roc_auc_macro=0.9995 | ovr_pr_auc_macro=0.9987
Epoch 15/50 | Time 0m28s
  Train | loss=0.0139 | top1=99.55% | top2=100.00%
  Valid | loss=0.0593 | top1=97.80% | top2=99.83% | acc=97.86% | bal_acc=97.86% | macro_f1=0.9786 | weighted_f1=0.9786 | precision_macro=0.9791 | recall_macro=0.9786
        ovr_roc_auc_macro=0.9988 | ovr_pr_auc_macro=0.9972
Epoch 16/50 | Time 0m28s
  Train | loss=0.0090 | top1=99.66% | top2=100.00%
  Valid | loss=0.0261 | top1=99.25% | top2=100.00% | acc=99.29% | bal_acc=99.29% | macro_f1=0.9928 | weighted_f1=0.9928 | precision_macro=0.9929 | recall_macro=0.9929
        ovr_roc_auc_macro=0.9998 | ovr_pr_auc_macro=0.9995
  -> best macro_f1 updated to 0.9928 (epoch 16, val_loss=0.0261)
Epoch 17/50 | Time 0m28s
  Train | loss=0.0079 | top1=99.78% | top2=100.00%
  Valid | loss=0.0515 | top1=98.67% | top2=99.77% | acc=98.75% | bal_acc=98.75% | macro_f1=0.9875 | weighted_f1=0.9875 | precision_macro=0.9876 | recall_macro=0.9875
        ovr_roc_auc_macro=0.9995 | ovr_pr_auc_macro=0.9986
Epoch 18/50 | Time 0m28s
  Train | loss=0.0076 | top1=99.66% | top2=100.00%
  Valid | loss=0.0226 | top1=99.59% | top2=100.00% | acc=99.64% | bal_acc=99.64% | macro_f1=0.9964 | weighted_f1=0.9964 | precision_macro=0.9964 | recall_macro=0.9964
        ovr_roc_auc_macro=0.9999 | ovr_pr_auc_macro=0.9996
  -> best macro_f1 updated to 0.9964 (epoch 18, val_loss=0.0226)
Epoch 19/50 | Time 0m28s
  Train | loss=0.0046 | top1=99.82% | top2=100.00%
  Valid | loss=0.0485 | top1=98.73% | top2=100.00% | acc=98.75% | bal_acc=98.75% | macro_f1=0.9874 | weighted_f1=0.9874 | precision_macro=0.9876 | recall_macro=0.9875
        ovr_roc_auc_macro=0.9992 | ovr_pr_auc_macro=0.9984
Epoch 20/50 | Time 0m28s
  Train | loss=0.0044 | top1=99.82% | top2=100.00%
  Valid | loss=0.0264 | top1=99.07% | top2=100.00% | acc=99.11% | bal_acc=99.11% | macro_f1=0.9911 | weighted_f1=0.9911 | precision_macro=0.9911 | recall_macro=0.9911
        ovr_roc_auc_macro=0.9999 | ovr_pr_auc_macro=0.9996
Epoch 21/50 | Time 0m28s
  Train | loss=0.0068 | top1=99.74% | top2=99.98%
  Valid | loss=0.0484 | top1=98.90% | top2=99.83% | acc=98.93% | bal_acc=98.93% | macro_f1=0.9893 | weighted_f1=0.9893 | precision_macro=0.9893 | recall_macro=0.9893
        ovr_roc_auc_macro=0.9995 | ovr_pr_auc_macro=0.9988
Epoch 22/50 | Time 0m28s
  Train | loss=0.0126 | top1=99.56% | top2=99.96%
  Valid | loss=0.0576 | top1=99.02% | top2=100.00% | acc=99.11% | bal_acc=99.11% | macro_f1=0.9910 | weighted_f1=0.9910 | precision_macro=0.9911 | recall_macro=0.9911
        ovr_roc_auc_macro=0.9985 | ovr_pr_auc_macro=0.9969
Epoch 23/50 | Time 0m28s
  Train | loss=0.0124 | top1=99.56% | top2=100.00%
  Valid | loss=0.0379 | top1=99.25% | top2=100.00% | acc=99.29% | bal_acc=99.29% | macro_f1=0.9928 | weighted_f1=0.9928 | precision_macro=0.9930 | recall_macro=0.9929
        ovr_roc_auc_macro=0.9996 | ovr_pr_auc_macro=0.9989
Epoch 24/50 | Time 0m28s
  Train | loss=0.0046 | top1=99.88% | top2=100.00%
  Valid | loss=0.0416 | top1=99.25% | top2=100.00% | acc=99.29% | bal_acc=99.29% | macro_f1=0.9928 | weighted_f1=0.9928 | precision_macro=0.9930 | recall_macro=0.9929
        ovr_roc_auc_macro=0.9997 | ovr_pr_auc_macro=0.9991
Epoch 25/50 | Time 0m28s
  Train | loss=0.0031 | top1=99.82% | top2=100.00%
  Valid | loss=0.0357 | top1=99.02% | top2=100.00% | acc=99.11% | bal_acc=99.11% | macro_f1=0.9911 | weighted_f1=0.9911 | precision_macro=0.9911 | recall_macro=0.9911
        ovr_roc_auc_macro=0.9998 | ovr_pr_auc_macro=0.9993
Epoch 26/50 | Time 0m28s
  Train | loss=0.0035 | top1=99.85% | top2=100.00%
  Valid | loss=0.0360 | top1=99.25% | top2=100.00% | acc=99.29% | bal_acc=99.29% | macro_f1=0.9928 | weighted_f1=0.9928 | precision_macro=0.9930 | recall_macro=0.9929
        ovr_roc_auc_macro=0.9997 | ovr_pr_auc_macro=0.9993
Epoch 27/50 | Time 0m28s
  Train | loss=0.0040 | top1=99.84% | top2=99.98%
  Valid | loss=0.0362 | top1=99.25% | top2=100.00% | acc=99.29% | bal_acc=99.29% | macro_f1=0.9928 | weighted_f1=0.9928 | precision_macro=0.9930 | recall_macro=0.9929
        ovr_roc_auc_macro=0.9997 | ovr_pr_auc_macro=0.9991
Epoch 28/50 | Time 0m28s
  Train | loss=0.0019 | top1=99.92% | top2=100.00%
  Valid | loss=0.0408 | top1=99.25% | top2=100.00% | acc=99.29% | bal_acc=99.29% | macro_f1=0.9928 | weighted_f1=0.9928 | precision_macro=0.9930 | recall_macro=0.9929
        ovr_roc_auc_macro=0.9998 | ovr_pr_auc_macro=0.9993
  -> early stopping triggered at epoch 28

[TEST] loss=aom
  Test | loss=0.6049 | top1=94.44% | top2=97.19% | acc=94.44% | bal_acc=94.44% | macro_f1=0.9434 | weighted_f1=0.9434 | precision_macro=0.9516 | recall_macro=0.9444
        ovr_roc_auc_macro=0.9838 | ovr_pr_auc_macro=0.9676
  Confusion Matrix:
[[317  70  13   0]
 [  0 398   0   2]
 [  0   3 397   0]
 [  0   1   0 399]]
  Classification Report:
              precision    recall  f1-score   support

      glioma     1.0000    0.7925    0.8842       400
  meningioma     0.8432    0.9950    0.9128       400
     notumor     0.9683    0.9925    0.9802       400
   pituitary     0.9950    0.9975    0.9963       400

    accuracy                         0.9444      1600
   macro avg     0.9516    0.9444    0.9434      1600
weighted avg     0.9516    0.9444    0.9434      1600


==========================================================================================
Summary CSV saved: E:\Paper\Computer-Vision-for-Medicine\Brain_Tumor_MRI_Loss\logs\ResNet_layer3+MECS_20260325_060800_summary.csv
Top results by test_macro_f1:
  dast: macro_f1=0.9532, acc=0.9544, top1=0.9544
  pcol: macro_f1=0.9517, acc=0.9525, top1=0.9525
  ordinal_focal_mse: macro_f1=0.9514, acc=0.9525, top1=0.9525
  ce: macro_f1=0.9511, acc=0.9519, top1=0.9519
  gce: macro_f1=0.9508, acc=0.9519, top1=0.9519
  cb_focal_ce: macro_f1=0.9484, acc=0.9494, top1=0.9494
  sce: macro_f1=0.9482, acc=0.9494, top1=0.9494
  aom: macro_f1=0.9434, acc=0.9444, top1=0.9444
==========================================================================================

EXIT CODE: 0
END TIME: 2026-03-25T08:08:00
====================================================================================================
