
====================================================================================================
RUN SCRIPT: ResNet_layer3+MECS.py
LOSSES: default
START TIME: 2026-03-26T10:29:13
LOG FILE: E:\Paper\Computer-Vision-for-Medicine\Brain_Tumor_MRI_Loss\batch_logs\ResNet_layer3+MECS_20260326_102913.log
====================================================================================================
==========================================================================================
Script: ResNet_layer3+MECS
Module: MECS | Insert after: layer3
Device: cuda
CUDA: NVIDIA GeForce RTX 4080 SUPER
Train dir: E:\Paper\Computer-Vision-for-Medicine\Brain_Tumor_MRI\Training
Test dir : E:\Paper\Computer-Vision-for-Medicine\Brain_Tumor_MRI\Testing
Config | batch_size=16, epochs=50, num_workers=0, image_size=224, base_lr=0.001, val_ratio=0.1, patience=10
Losses to run: ['ce', 'cb_focal_ce', 'ordinal_focal_mse', 'sce', 'gce', 'dast', 'pcol', 'aom']
==========================================================================================
Split sizes | train=5040, valid=560, test=1600
Classes (4): ['glioma', 'meningioma', 'notumor', 'pituitary']
Train class counts: [1260, 1260, 1260, 1260]
Loading torchvision ResNet50 pretrained weights once...
Pretrained state keys: 320

##########################################################################################
Starting loss: ce
##########################################################################################
Model params: 27,303,236 | pretrained loaded: 320/344 | feat_dim=2048
Criterion: CrossEntropyLoss
Criterion trainable params: 0
Epoch 01/50 | Time 0m29s
  Train | loss=0.6398 | top1=80.60% | top2=93.41%
  Valid | loss=0.2396 | top1=93.04% | top2=98.93% | acc=93.04% | bal_acc=93.04% | macro_f1=0.9300 | weighted_f1=0.9300 | precision_macro=0.9316 | recall_macro=0.9304
        ovr_roc_auc_macro=0.9880 | ovr_pr_auc_macro=0.9663
  -> best macro_f1 updated to 0.9300 (epoch 1, val_loss=0.2396)
Epoch 02/50 | Time 0m28s
  Train | loss=0.2126 | top1=92.42% | top2=98.67%
  Valid | loss=0.3383 | top1=95.18% | top2=99.82% | acc=95.18% | bal_acc=95.18% | macro_f1=0.9516 | weighted_f1=0.9516 | precision_macro=0.9519 | recall_macro=0.9518
        ovr_roc_auc_macro=0.9933 | ovr_pr_auc_macro=0.9774
  -> best macro_f1 updated to 0.9516 (epoch 2, val_loss=0.3383)
Epoch 03/50 | Time 0m28s
  Train | loss=0.1456 | top1=94.98% | top2=99.40%
  Valid | loss=0.2063 | top1=94.46% | top2=99.11% | acc=94.46% | bal_acc=94.46% | macro_f1=0.9441 | weighted_f1=0.9441 | precision_macro=0.9479 | recall_macro=0.9446
        ovr_roc_auc_macro=0.9918 | ovr_pr_auc_macro=0.9745
Epoch 04/50 | Time 0m28s
  Train | loss=0.1098 | top1=96.17% | top2=99.60%
  Valid | loss=0.1745 | top1=95.36% | top2=99.46% | acc=95.36% | bal_acc=95.36% | macro_f1=0.9532 | weighted_f1=0.9532 | precision_macro=0.9555 | recall_macro=0.9536
        ovr_roc_auc_macro=0.9954 | ovr_pr_auc_macro=0.9852
  -> best macro_f1 updated to 0.9532 (epoch 4, val_loss=0.1745)
Epoch 05/50 | Time 0m28s
  Train | loss=0.0829 | top1=97.16% | top2=99.66%
  Valid | loss=0.3728 | top1=96.61% | top2=99.64% | acc=96.61% | bal_acc=96.61% | macro_f1=0.9664 | weighted_f1=0.9664 | precision_macro=0.9674 | recall_macro=0.9661
        ovr_roc_auc_macro=0.9957 | ovr_pr_auc_macro=0.9893
  -> best macro_f1 updated to 0.9664 (epoch 5, val_loss=0.3728)
Epoch 06/50 | Time 0m28s
  Train | loss=0.0684 | top1=97.82% | top2=99.80%
  Valid | loss=0.0554 | top1=98.04% | top2=100.00% | acc=98.04% | bal_acc=98.04% | macro_f1=0.9803 | weighted_f1=0.9803 | precision_macro=0.9811 | recall_macro=0.9804
        ovr_roc_auc_macro=0.9992 | ovr_pr_auc_macro=0.9979
  -> best macro_f1 updated to 0.9803 (epoch 6, val_loss=0.0554)
Epoch 07/50 | Time 0m28s
  Train | loss=0.0481 | top1=98.41% | top2=99.86%
  Valid | loss=0.1325 | top1=98.39% | top2=100.00% | acc=98.39% | bal_acc=98.39% | macro_f1=0.9839 | weighted_f1=0.9839 | precision_macro=0.9841 | recall_macro=0.9839
        ovr_roc_auc_macro=0.9971 | ovr_pr_auc_macro=0.9897
  -> best macro_f1 updated to 0.9839 (epoch 7, val_loss=0.1325)
Epoch 08/50 | Time 0m28s
  Train | loss=0.0477 | top1=98.37% | top2=99.82%
  Valid | loss=0.0631 | top1=97.86% | top2=100.00% | acc=97.86% | bal_acc=97.86% | macro_f1=0.9787 | weighted_f1=0.9787 | precision_macro=0.9792 | recall_macro=0.9786
        ovr_roc_auc_macro=0.9993 | ovr_pr_auc_macro=0.9979
Epoch 09/50 | Time 0m28s
  Train | loss=0.0421 | top1=98.83% | top2=99.86%
  Valid | loss=0.0660 | top1=97.86% | top2=99.64% | acc=97.86% | bal_acc=97.86% | macro_f1=0.9786 | weighted_f1=0.9786 | precision_macro=0.9791 | recall_macro=0.9786
        ovr_roc_auc_macro=0.9993 | ovr_pr_auc_macro=0.9981
Epoch 10/50 | Time 0m28s
  Train | loss=0.0312 | top1=98.91% | top2=99.90%
  Valid | loss=0.0355 | top1=98.21% | top2=100.00% | acc=98.21% | bal_acc=98.21% | macro_f1=0.9822 | weighted_f1=0.9822 | precision_macro=0.9827 | recall_macro=0.9821
        ovr_roc_auc_macro=0.9998 | ovr_pr_auc_macro=0.9995
Epoch 11/50 | Time 0m28s
  Train | loss=0.0254 | top1=99.15% | top2=99.98%
  Valid | loss=0.0376 | top1=98.93% | top2=100.00% | acc=98.93% | bal_acc=98.93% | macro_f1=0.9893 | weighted_f1=0.9893 | precision_macro=0.9894 | recall_macro=0.9893
        ovr_roc_auc_macro=0.9998 | ovr_pr_auc_macro=0.9995
  -> best macro_f1 updated to 0.9893 (epoch 11, val_loss=0.0376)
Epoch 12/50 | Time 0m28s
  Train | loss=0.0278 | top1=99.21% | top2=99.90%
  Valid | loss=0.0469 | top1=98.57% | top2=100.00% | acc=98.57% | bal_acc=98.57% | macro_f1=0.9857 | weighted_f1=0.9857 | precision_macro=0.9859 | recall_macro=0.9857
        ovr_roc_auc_macro=0.9992 | ovr_pr_auc_macro=0.9982
Epoch 13/50 | Time 0m28s
  Train | loss=0.0215 | top1=99.35% | top2=99.94%
  Valid | loss=0.0509 | top1=98.57% | top2=100.00% | acc=98.57% | bal_acc=98.57% | macro_f1=0.9857 | weighted_f1=0.9857 | precision_macro=0.9862 | recall_macro=0.9857
        ovr_roc_auc_macro=0.9991 | ovr_pr_auc_macro=0.9977
Epoch 14/50 | Time 0m28s
  Train | loss=0.0224 | top1=99.27% | top2=99.94%
  Valid | loss=0.0432 | top1=98.93% | top2=100.00% | acc=98.93% | bal_acc=98.93% | macro_f1=0.9893 | weighted_f1=0.9893 | precision_macro=0.9895 | recall_macro=0.9893
        ovr_roc_auc_macro=0.9994 | ovr_pr_auc_macro=0.9986
Epoch 15/50 | Time 0m28s
  Train | loss=0.0348 | top1=98.91% | top2=99.90%
  Valid | loss=0.0594 | top1=98.57% | top2=99.64% | acc=98.57% | bal_acc=98.57% | macro_f1=0.9857 | weighted_f1=0.9857 | precision_macro=0.9860 | recall_macro=0.9857
        ovr_roc_auc_macro=0.9984 | ovr_pr_auc_macro=0.9975
Epoch 16/50 | Time 0m28s
  Train | loss=0.0212 | top1=99.31% | top2=99.98%
  Valid | loss=0.0817 | top1=98.57% | top2=100.00% | acc=98.57% | bal_acc=98.57% | macro_f1=0.9857 | weighted_f1=0.9857 | precision_macro=0.9863 | recall_macro=0.9857
        ovr_roc_auc_macro=0.9991 | ovr_pr_auc_macro=0.9977
Epoch 17/50 | Time 0m28s
  Train | loss=0.0233 | top1=99.37% | top2=100.00%
  Valid | loss=0.0697 | top1=98.04% | top2=99.82% | acc=98.04% | bal_acc=98.04% | macro_f1=0.9803 | weighted_f1=0.9803 | precision_macro=0.9807 | recall_macro=0.9804
        ovr_roc_auc_macro=0.9995 | ovr_pr_auc_macro=0.9985
Epoch 18/50 | Time 0m28s
  Train | loss=0.0281 | top1=99.15% | top2=99.94%
  Valid | loss=0.0429 | top1=98.21% | top2=99.82% | acc=98.21% | bal_acc=98.21% | macro_f1=0.9821 | weighted_f1=0.9821 | precision_macro=0.9823 | recall_macro=0.9821
        ovr_roc_auc_macro=0.9997 | ovr_pr_auc_macro=0.9993
Epoch 19/50 | Time 0m28s
  Train | loss=0.0192 | top1=99.27% | top2=99.94%
  Valid | loss=0.0359 | top1=98.57% | top2=100.00% | acc=98.57% | bal_acc=98.57% | macro_f1=0.9857 | weighted_f1=0.9857 | precision_macro=0.9860 | recall_macro=0.9857
        ovr_roc_auc_macro=0.9998 | ovr_pr_auc_macro=0.9993
Epoch 20/50 | Time 0m28s
  Train | loss=0.0156 | top1=99.46% | top2=99.98%
  Valid | loss=0.0323 | top1=99.29% | top2=100.00% | acc=99.29% | bal_acc=99.29% | macro_f1=0.9929 | weighted_f1=0.9929 | precision_macro=0.9930 | recall_macro=0.9929
        ovr_roc_auc_macro=0.9998 | ovr_pr_auc_macro=0.9994
  -> best macro_f1 updated to 0.9929 (epoch 20, val_loss=0.0323)
Epoch 21/50 | Time 0m28s
  Train | loss=0.0175 | top1=99.48% | top2=99.96%
  Valid | loss=0.0287 | top1=99.11% | top2=100.00% | acc=99.11% | bal_acc=99.11% | macro_f1=0.9911 | weighted_f1=0.9911 | precision_macro=0.9912 | recall_macro=0.9911
        ovr_roc_auc_macro=0.9998 | ovr_pr_auc_macro=0.9996
Epoch 22/50 | Time 0m28s
  Train | loss=0.0125 | top1=99.62% | top2=99.98%
  Valid | loss=0.0343 | top1=99.29% | top2=100.00% | acc=99.29% | bal_acc=99.29% | macro_f1=0.9928 | weighted_f1=0.9928 | precision_macro=0.9930 | recall_macro=0.9929
        ovr_roc_auc_macro=0.9998 | ovr_pr_auc_macro=0.9993
Epoch 23/50 | Time 0m28s
  Train | loss=0.0113 | top1=99.60% | top2=99.98%
  Valid | loss=0.0580 | top1=98.39% | top2=100.00% | acc=98.39% | bal_acc=98.39% | macro_f1=0.9839 | weighted_f1=0.9839 | precision_macro=0.9843 | recall_macro=0.9839
        ovr_roc_auc_macro=0.9997 | ovr_pr_auc_macro=0.9992
Epoch 24/50 | Time 0m28s
  Train | loss=0.0088 | top1=99.72% | top2=100.00%
  Valid | loss=0.0265 | top1=99.11% | top2=100.00% | acc=99.11% | bal_acc=99.11% | macro_f1=0.9911 | weighted_f1=0.9911 | precision_macro=0.9911 | recall_macro=0.9911
        ovr_roc_auc_macro=0.9999 | ovr_pr_auc_macro=0.9996
Epoch 25/50 | Time 0m28s
  Train | loss=0.0083 | top1=99.78% | top2=100.00%
  Valid | loss=0.0523 | top1=98.57% | top2=100.00% | acc=98.57% | bal_acc=98.57% | macro_f1=0.9857 | weighted_f1=0.9857 | precision_macro=0.9859 | recall_macro=0.9857
        ovr_roc_auc_macro=0.9994 | ovr_pr_auc_macro=0.9986
Epoch 26/50 | Time 0m28s
  Train | loss=0.0069 | top1=99.70% | top2=99.98%
  Valid | loss=0.0393 | top1=98.75% | top2=100.00% | acc=98.75% | bal_acc=98.75% | macro_f1=0.9875 | weighted_f1=0.9875 | precision_macro=0.9876 | recall_macro=0.9875
        ovr_roc_auc_macro=0.9997 | ovr_pr_auc_macro=0.9992
Epoch 27/50 | Time 0m28s
  Train | loss=0.0089 | top1=99.62% | top2=100.00%
  Valid | loss=0.0201 | top1=99.29% | top2=100.00% | acc=99.29% | bal_acc=99.29% | macro_f1=0.9929 | weighted_f1=0.9929 | precision_macro=0.9929 | recall_macro=0.9929
        ovr_roc_auc_macro=0.9999 | ovr_pr_auc_macro=0.9997
  -> best macro_f1 updated to 0.9929 (epoch 27, val_loss=0.0201)
Epoch 28/50 | Time 0m28s
  Train | loss=0.0107 | top1=99.70% | top2=99.94%
  Valid | loss=0.0252 | top1=99.46% | top2=100.00% | acc=99.46% | bal_acc=99.46% | macro_f1=0.9946 | weighted_f1=0.9946 | precision_macro=0.9947 | recall_macro=0.9946
        ovr_roc_auc_macro=0.9998 | ovr_pr_auc_macro=0.9995
  -> best macro_f1 updated to 0.9946 (epoch 28, val_loss=0.0252)
Epoch 29/50 | Time 0m28s
  Train | loss=0.0050 | top1=99.80% | top2=100.00%
  Valid | loss=0.0535 | top1=98.93% | top2=100.00% | acc=98.93% | bal_acc=98.93% | macro_f1=0.9893 | weighted_f1=0.9893 | precision_macro=0.9894 | recall_macro=0.9893
        ovr_roc_auc_macro=0.9995 | ovr_pr_auc_macro=0.9988
Epoch 30/50 | Time 0m28s
  Train | loss=0.0068 | top1=99.76% | top2=100.00%
  Valid | loss=0.0325 | top1=99.29% | top2=100.00% | acc=99.29% | bal_acc=99.29% | macro_f1=0.9929 | weighted_f1=0.9929 | precision_macro=0.9929 | recall_macro=0.9929
        ovr_roc_auc_macro=0.9997 | ovr_pr_auc_macro=0.9991
Epoch 31/50 | Time 0m28s
  Train | loss=0.0033 | top1=99.90% | top2=100.00%
  Valid | loss=0.0456 | top1=99.29% | top2=100.00% | acc=99.29% | bal_acc=99.29% | macro_f1=0.9929 | weighted_f1=0.9929 | precision_macro=0.9929 | recall_macro=0.9929
        ovr_roc_auc_macro=0.9995 | ovr_pr_auc_macro=0.9989
Epoch 32/50 | Time 0m28s
  Train | loss=0.0029 | top1=99.84% | top2=100.00%
  Valid | loss=0.0417 | top1=99.11% | top2=100.00% | acc=99.11% | bal_acc=99.11% | macro_f1=0.9911 | weighted_f1=0.9911 | precision_macro=0.9911 | recall_macro=0.9911
        ovr_roc_auc_macro=0.9995 | ovr_pr_auc_macro=0.9989
Epoch 33/50 | Time 0m28s
  Train | loss=0.0055 | top1=99.74% | top2=100.00%
  Valid | loss=0.0613 | top1=98.75% | top2=100.00% | acc=98.75% | bal_acc=98.75% | macro_f1=0.9875 | weighted_f1=0.9875 | precision_macro=0.9875 | recall_macro=0.9875
        ovr_roc_auc_macro=0.9994 | ovr_pr_auc_macro=0.9983
Epoch 34/50 | Time 0m28s
  Train | loss=0.0030 | top1=99.90% | top2=100.00%
  Valid | loss=0.0474 | top1=98.57% | top2=100.00% | acc=98.57% | bal_acc=98.57% | macro_f1=0.9857 | weighted_f1=0.9857 | precision_macro=0.9857 | recall_macro=0.9857
        ovr_roc_auc_macro=0.9996 | ovr_pr_auc_macro=0.9989
Epoch 35/50 | Time 0m28s
  Train | loss=0.0024 | top1=99.88% | top2=100.00%
  Valid | loss=0.0450 | top1=98.93% | top2=100.00% | acc=98.93% | bal_acc=98.93% | macro_f1=0.9893 | weighted_f1=0.9893 | precision_macro=0.9894 | recall_macro=0.9893
        ovr_roc_auc_macro=0.9995 | ovr_pr_auc_macro=0.9988
Epoch 36/50 | Time 0m28s
  Train | loss=0.0032 | top1=99.88% | top2=100.00%
  Valid | loss=0.0590 | top1=99.11% | top2=100.00% | acc=99.11% | bal_acc=99.11% | macro_f1=0.9911 | weighted_f1=0.9911 | precision_macro=0.9912 | recall_macro=0.9911
        ovr_roc_auc_macro=0.9993 | ovr_pr_auc_macro=0.9984
Epoch 37/50 | Time 0m28s
  Train | loss=0.0021 | top1=99.86% | top2=100.00%
  Valid | loss=0.0777 | top1=98.75% | top2=100.00% | acc=98.75% | bal_acc=98.75% | macro_f1=0.9875 | weighted_f1=0.9875 | precision_macro=0.9877 | recall_macro=0.9875
        ovr_roc_auc_macro=0.9995 | ovr_pr_auc_macro=0.9986
Epoch 38/50 | Time 0m28s
  Train | loss=0.0023 | top1=99.90% | top2=100.00%
  Valid | loss=0.0885 | top1=98.57% | top2=100.00% | acc=98.57% | bal_acc=98.57% | macro_f1=0.9857 | weighted_f1=0.9857 | precision_macro=0.9859 | recall_macro=0.9857
        ovr_roc_auc_macro=0.9993 | ovr_pr_auc_macro=0.9982
  -> early stopping triggered at epoch 38

[TEST] loss=ce
  Test | loss=0.4132 | top1=95.38% | top2=96.62% | acc=95.38% | bal_acc=95.38% | macro_f1=0.9527 | weighted_f1=0.9527 | precision_macro=0.9568 | recall_macro=0.9537
        ovr_roc_auc_macro=0.9902 | ovr_pr_auc_macro=0.9814
  Confusion Matrix:
[[333  38  29   0]
 [  1 394   1   4]
 [  0   1 399   0]
 [  0   0   0 400]]
  Classification Report:
              precision    recall  f1-score   support

      glioma     0.9970    0.8325    0.9074       400
  meningioma     0.9099    0.9850    0.9460       400
     notumor     0.9301    0.9975    0.9626       400
   pituitary     0.9901    1.0000    0.9950       400

    accuracy                         0.9537      1600
   macro avg     0.9568    0.9537    0.9527      1600
weighted avg     0.9568    0.9537    0.9527      1600


##########################################################################################
Starting loss: cb_focal_ce
##########################################################################################
Model params: 27,303,236 | pretrained loaded: 320/344 | feat_dim=2048
Criterion: ClassBalancedFocalCELoss
Criterion trainable params: 0
Epoch 01/50 | Time 0m28s
  Train | loss=0.2905 | top1=81.85% | top2=94.17%
  Valid | loss=0.1064 | top1=92.32% | top2=98.93% | acc=92.32% | bal_acc=92.32% | macro_f1=0.9229 | weighted_f1=0.9229 | precision_macro=0.9244 | recall_macro=0.9232
        ovr_roc_auc_macro=0.9876 | ovr_pr_auc_macro=0.9674
  -> best macro_f1 updated to 0.9229 (epoch 1, val_loss=0.1064)
Epoch 02/50 | Time 0m28s
  Train | loss=0.0906 | top1=92.42% | top2=98.87%
  Valid | loss=0.3042 | top1=90.18% | top2=98.04% | acc=90.18% | bal_acc=90.18% | macro_f1=0.8996 | weighted_f1=0.8996 | precision_macro=0.9053 | recall_macro=0.9018
        ovr_roc_auc_macro=0.9865 | ovr_pr_auc_macro=0.9605
Epoch 03/50 | Time 0m28s
  Train | loss=0.0667 | top1=94.19% | top2=99.37%
  Valid | loss=0.1236 | top1=93.04% | top2=99.46% | acc=93.04% | bal_acc=93.04% | macro_f1=0.9289 | weighted_f1=0.9289 | precision_macro=0.9323 | recall_macro=0.9304
        ovr_roc_auc_macro=0.9927 | ovr_pr_auc_macro=0.9775
  -> best macro_f1 updated to 0.9289 (epoch 3, val_loss=0.1236)
Epoch 04/50 | Time 0m28s
  Train | loss=0.0589 | top1=95.34% | top2=99.35%
  Valid | loss=0.2602 | top1=93.04% | top2=99.46% | acc=93.04% | bal_acc=93.04% | macro_f1=0.9297 | weighted_f1=0.9297 | precision_macro=0.9369 | recall_macro=0.9304
        ovr_roc_auc_macro=0.9927 | ovr_pr_auc_macro=0.9755
  -> best macro_f1 updated to 0.9297 (epoch 4, val_loss=0.2602)
Epoch 05/50 | Time 0m28s
  Train | loss=0.0324 | top1=97.36% | top2=99.66%
  Valid | loss=0.4775 | top1=84.11% | top2=96.96% | acc=84.11% | bal_acc=84.11% | macro_f1=0.8327 | weighted_f1=0.8327 | precision_macro=0.8805 | recall_macro=0.8411
        ovr_roc_auc_macro=0.9880 | ovr_pr_auc_macro=0.9672
Epoch 06/50 | Time 0m28s
  Train | loss=0.0364 | top1=97.14% | top2=99.64%
  Valid | loss=0.0638 | top1=96.96% | top2=99.82% | acc=96.96% | bal_acc=96.96% | macro_f1=0.9696 | weighted_f1=0.9696 | precision_macro=0.9701 | recall_macro=0.9696
        ovr_roc_auc_macro=0.9955 | ovr_pr_auc_macro=0.9850
  -> best macro_f1 updated to 0.9696 (epoch 6, val_loss=0.0638)
Epoch 07/50 | Time 0m28s
  Train | loss=0.0223 | top1=97.92% | top2=99.88%
  Valid | loss=0.0332 | top1=97.86% | top2=99.82% | acc=97.86% | bal_acc=97.86% | macro_f1=0.9786 | weighted_f1=0.9786 | precision_macro=0.9794 | recall_macro=0.9786
        ovr_roc_auc_macro=0.9988 | ovr_pr_auc_macro=0.9971
  -> best macro_f1 updated to 0.9786 (epoch 7, val_loss=0.0332)
Epoch 08/50 | Time 0m28s
  Train | loss=0.0201 | top1=98.51% | top2=99.88%
  Valid | loss=0.0489 | top1=96.61% | top2=100.00% | acc=96.61% | bal_acc=96.61% | macro_f1=0.9665 | weighted_f1=0.9665 | precision_macro=0.9684 | recall_macro=0.9661
        ovr_roc_auc_macro=0.9983 | ovr_pr_auc_macro=0.9961
Epoch 09/50 | Time 0m29s
  Train | loss=0.0152 | top1=98.75% | top2=99.82%
  Valid | loss=0.0372 | top1=97.32% | top2=100.00% | acc=97.32% | bal_acc=97.32% | macro_f1=0.9732 | weighted_f1=0.9732 | precision_macro=0.9739 | recall_macro=0.9732
        ovr_roc_auc_macro=0.9986 | ovr_pr_auc_macro=0.9969
Epoch 10/50 | Time 0m29s
  Train | loss=0.0139 | top1=98.75% | top2=99.98%
  Valid | loss=0.0093 | top1=99.29% | top2=100.00% | acc=99.29% | bal_acc=99.29% | macro_f1=0.9929 | weighted_f1=0.9929 | precision_macro=0.9929 | recall_macro=0.9929
        ovr_roc_auc_macro=0.9998 | ovr_pr_auc_macro=0.9995
  -> best macro_f1 updated to 0.9929 (epoch 10, val_loss=0.0093)
Epoch 11/50 | Time 0m28s
  Train | loss=0.0139 | top1=99.03% | top2=99.96%
  Valid | loss=0.0358 | top1=97.68% | top2=100.00% | acc=97.68% | bal_acc=97.68% | macro_f1=0.9768 | weighted_f1=0.9768 | precision_macro=0.9780 | recall_macro=0.9768
        ovr_roc_auc_macro=0.9990 | ovr_pr_auc_macro=0.9974
Epoch 12/50 | Time 0m28s
  Train | loss=0.0148 | top1=98.73% | top2=99.96%
  Valid | loss=0.0368 | top1=97.14% | top2=99.64% | acc=97.14% | bal_acc=97.14% | macro_f1=0.9716 | weighted_f1=0.9716 | precision_macro=0.9728 | recall_macro=0.9714
        ovr_roc_auc_macro=0.9992 | ovr_pr_auc_macro=0.9978
Epoch 13/50 | Time 0m28s
  Train | loss=0.0154 | top1=98.79% | top2=99.92%
  Valid | loss=0.0445 | top1=97.50% | top2=100.00% | acc=97.50% | bal_acc=97.50% | macro_f1=0.9751 | weighted_f1=0.9751 | precision_macro=0.9763 | recall_macro=0.9750
        ovr_roc_auc_macro=0.9988 | ovr_pr_auc_macro=0.9969
Epoch 14/50 | Time 0m28s
  Train | loss=0.0125 | top1=99.01% | top2=99.92%
  Valid | loss=0.0182 | top1=98.39% | top2=100.00% | acc=98.39% | bal_acc=98.39% | macro_f1=0.9839 | weighted_f1=0.9839 | precision_macro=0.9844 | recall_macro=0.9839
        ovr_roc_auc_macro=0.9997 | ovr_pr_auc_macro=0.9992
Epoch 15/50 | Time 0m28s
  Train | loss=0.0093 | top1=99.17% | top2=99.98%
  Valid | loss=0.0309 | top1=98.93% | top2=100.00% | acc=98.93% | bal_acc=98.93% | macro_f1=0.9892 | weighted_f1=0.9892 | precision_macro=0.9896 | recall_macro=0.9893
        ovr_roc_auc_macro=0.9991 | ovr_pr_auc_macro=0.9978
Epoch 16/50 | Time 0m28s
  Train | loss=0.0065 | top1=99.54% | top2=99.98%
  Valid | loss=0.0174 | top1=98.93% | top2=100.00% | acc=98.93% | bal_acc=98.93% | macro_f1=0.9893 | weighted_f1=0.9893 | precision_macro=0.9894 | recall_macro=0.9893
        ovr_roc_auc_macro=0.9996 | ovr_pr_auc_macro=0.9991
Epoch 17/50 | Time 0m28s
  Train | loss=0.0111 | top1=99.21% | top2=99.92%
  Valid | loss=0.0220 | top1=98.04% | top2=100.00% | acc=98.04% | bal_acc=98.04% | macro_f1=0.9804 | weighted_f1=0.9804 | precision_macro=0.9807 | recall_macro=0.9804
        ovr_roc_auc_macro=0.9995 | ovr_pr_auc_macro=0.9985
Epoch 18/50 | Time 0m28s
  Train | loss=0.0165 | top1=98.79% | top2=99.96%
  Valid | loss=0.0371 | top1=97.14% | top2=99.82% | acc=97.14% | bal_acc=97.14% | macro_f1=0.9713 | weighted_f1=0.9713 | precision_macro=0.9729 | recall_macro=0.9714
        ovr_roc_auc_macro=0.9990 | ovr_pr_auc_macro=0.9979
Epoch 19/50 | Time 0m28s
  Train | loss=0.0067 | top1=99.44% | top2=99.98%
  Valid | loss=0.0336 | top1=98.39% | top2=100.00% | acc=98.39% | bal_acc=98.39% | macro_f1=0.9838 | weighted_f1=0.9838 | precision_macro=0.9845 | recall_macro=0.9839
        ovr_roc_auc_macro=0.9989 | ovr_pr_auc_macro=0.9973
Epoch 20/50 | Time 0m28s
  Train | loss=0.0046 | top1=99.56% | top2=99.98%
  Valid | loss=0.0268 | top1=98.75% | top2=100.00% | acc=98.75% | bal_acc=98.75% | macro_f1=0.9875 | weighted_f1=0.9875 | precision_macro=0.9875 | recall_macro=0.9875
        ovr_roc_auc_macro=0.9991 | ovr_pr_auc_macro=0.9979
  -> early stopping triggered at epoch 20

[TEST] loss=cb_focal_ce
  Test | loss=0.2393 | top1=95.31% | top2=96.81% | acc=95.31% | bal_acc=95.31% | macro_f1=0.9521 | weighted_f1=0.9521 | precision_macro=0.9568 | recall_macro=0.9531
        ovr_roc_auc_macro=0.9844 | ovr_pr_auc_macro=0.9634
  Confusion Matrix:
[[331  43  26   0]
 [  0 397   0   3]
 [  0   3 397   0]
 [  0   0   0 400]]
  Classification Report:
              precision    recall  f1-score   support

      glioma     1.0000    0.8275    0.9056       400
  meningioma     0.8962    0.9925    0.9419       400
     notumor     0.9385    0.9925    0.9648       400
   pituitary     0.9926    1.0000    0.9963       400

    accuracy                         0.9531      1600
   macro avg     0.9568    0.9531    0.9521      1600
weighted avg     0.9568    0.9531    0.9521      1600


##########################################################################################
Starting loss: ordinal_focal_mse
##########################################################################################
Model params: 27,303,236 | pretrained loaded: 320/344 | feat_dim=2048
Criterion: OrdinalFocalMSELoss
Criterion trainable params: 0
Epoch 01/50 | Time 0m28s
  Train | loss=0.4365 | top1=80.28% | top2=93.83%
  Valid | loss=0.1725 | top1=93.21% | top2=99.29% | acc=93.21% | bal_acc=93.21% | macro_f1=0.9312 | weighted_f1=0.9312 | precision_macro=0.9335 | recall_macro=0.9321
        ovr_roc_auc_macro=0.9891 | ovr_pr_auc_macro=0.9676
  -> best macro_f1 updated to 0.9312 (epoch 1, val_loss=0.1725)
Epoch 02/50 | Time 0m29s
  Train | loss=0.1375 | top1=92.20% | top2=98.89%
  Valid | loss=0.2878 | top1=92.68% | top2=98.75% | acc=92.68% | bal_acc=92.68% | macro_f1=0.9252 | weighted_f1=0.9252 | precision_macro=0.9284 | recall_macro=0.9268
        ovr_roc_auc_macro=0.9872 | ovr_pr_auc_macro=0.9629
Epoch 03/50 | Time 0m28s
  Train | loss=0.0899 | top1=94.33% | top2=99.38%
  Valid | loss=0.2104 | top1=96.25% | top2=99.11% | acc=96.25% | bal_acc=96.25% | macro_f1=0.9623 | weighted_f1=0.9623 | precision_macro=0.9625 | recall_macro=0.9625
        ovr_roc_auc_macro=0.9915 | ovr_pr_auc_macro=0.9736
  -> best macro_f1 updated to 0.9623 (epoch 3, val_loss=0.2104)
Epoch 04/50 | Time 0m28s
  Train | loss=0.0754 | top1=95.36% | top2=99.56%
  Valid | loss=0.1396 | top1=92.86% | top2=99.46% | acc=92.86% | bal_acc=92.86% | macro_f1=0.9266 | weighted_f1=0.9266 | precision_macro=0.9396 | recall_macro=0.9286
        ovr_roc_auc_macro=0.9941 | ovr_pr_auc_macro=0.9888
Epoch 05/50 | Time 0m28s
  Train | loss=0.0526 | top1=96.73% | top2=99.72%
  Valid | loss=0.2687 | top1=88.39% | top2=97.50% | acc=88.39% | bal_acc=88.39% | macro_f1=0.8814 | weighted_f1=0.8814 | precision_macro=0.8994 | recall_macro=0.8839
        ovr_roc_auc_macro=0.9903 | ovr_pr_auc_macro=0.9745
Epoch 06/50 | Time 0m28s
  Train | loss=0.0434 | top1=97.54% | top2=99.70%
  Valid | loss=0.1633 | top1=96.96% | top2=99.82% | acc=96.96% | bal_acc=96.96% | macro_f1=0.9697 | weighted_f1=0.9697 | precision_macro=0.9704 | recall_macro=0.9696
        ovr_roc_auc_macro=0.9957 | ovr_pr_auc_macro=0.9853
  -> best macro_f1 updated to 0.9697 (epoch 6, val_loss=0.1633)
Epoch 07/50 | Time 0m28s
  Train | loss=0.0338 | top1=98.00% | top2=99.88%
  Valid | loss=0.2151 | top1=98.04% | top2=99.46% | acc=98.04% | bal_acc=98.04% | macro_f1=0.9804 | weighted_f1=0.9804 | precision_macro=0.9804 | recall_macro=0.9804
        ovr_roc_auc_macro=0.9948 | ovr_pr_auc_macro=0.9816
  -> best macro_f1 updated to 0.9804 (epoch 7, val_loss=0.2151)
Epoch 08/50 | Time 0m28s
  Train | loss=0.0291 | top1=98.35% | top2=99.86%
  Valid | loss=0.1594 | top1=98.21% | top2=99.46% | acc=98.21% | bal_acc=98.21% | macro_f1=0.9821 | weighted_f1=0.9821 | precision_macro=0.9823 | recall_macro=0.9821
        ovr_roc_auc_macro=0.9955 | ovr_pr_auc_macro=0.9842
  -> best macro_f1 updated to 0.9821 (epoch 8, val_loss=0.1594)
Epoch 09/50 | Time 0m28s
  Train | loss=0.0280 | top1=98.51% | top2=99.86%
  Valid | loss=0.1308 | top1=98.04% | top2=100.00% | acc=98.04% | bal_acc=98.04% | macro_f1=0.9802 | weighted_f1=0.9802 | precision_macro=0.9805 | recall_macro=0.9804
        ovr_roc_auc_macro=0.9964 | ovr_pr_auc_macro=0.9870
Epoch 10/50 | Time 0m28s
  Train | loss=0.0151 | top1=99.15% | top2=99.98%
  Valid | loss=0.0285 | top1=99.29% | top2=100.00% | acc=99.29% | bal_acc=99.29% | macro_f1=0.9928 | weighted_f1=0.9928 | precision_macro=0.9929 | recall_macro=0.9929
        ovr_roc_auc_macro=0.9992 | ovr_pr_auc_macro=0.9982
  -> best macro_f1 updated to 0.9928 (epoch 10, val_loss=0.0285)
Epoch 11/50 | Time 0m28s
  Train | loss=0.0129 | top1=99.44% | top2=99.96%
  Valid | loss=0.0553 | top1=98.57% | top2=100.00% | acc=98.57% | bal_acc=98.57% | macro_f1=0.9857 | weighted_f1=0.9857 | precision_macro=0.9859 | recall_macro=0.9857
        ovr_roc_auc_macro=0.9969 | ovr_pr_auc_macro=0.9887
Epoch 12/50 | Time 0m27s
  Train | loss=0.0220 | top1=98.91% | top2=99.96%
  Valid | loss=0.0472 | top1=98.21% | top2=99.64% | acc=98.21% | bal_acc=98.21% | macro_f1=0.9821 | weighted_f1=0.9821 | precision_macro=0.9821 | recall_macro=0.9821
        ovr_roc_auc_macro=0.9990 | ovr_pr_auc_macro=0.9974
Epoch 13/50 | Time 0m28s
  Train | loss=0.0288 | top1=98.55% | top2=99.92%
  Valid | loss=0.0909 | top1=96.43% | top2=100.00% | acc=96.43% | bal_acc=96.43% | macro_f1=0.9642 | weighted_f1=0.9642 | precision_macro=0.9658 | recall_macro=0.9643
        ovr_roc_auc_macro=0.9962 | ovr_pr_auc_macro=0.9866
Epoch 14/50 | Time 0m28s
  Train | loss=0.0197 | top1=98.97% | top2=99.88%
  Valid | loss=0.0524 | top1=97.50% | top2=99.82% | acc=97.50% | bal_acc=97.50% | macro_f1=0.9748 | weighted_f1=0.9748 | precision_macro=0.9758 | recall_macro=0.9750
        ovr_roc_auc_macro=0.9981 | ovr_pr_auc_macro=0.9957
Epoch 15/50 | Time 0m28s
  Train | loss=0.0154 | top1=99.05% | top2=99.96%
  Valid | loss=0.0295 | top1=99.29% | top2=100.00% | acc=99.29% | bal_acc=99.29% | macro_f1=0.9929 | weighted_f1=0.9929 | precision_macro=0.9929 | recall_macro=0.9929
        ovr_roc_auc_macro=0.9990 | ovr_pr_auc_macro=0.9979
Epoch 16/50 | Time 0m28s
  Train | loss=0.0111 | top1=99.46% | top2=99.98%
  Valid | loss=0.0243 | top1=99.11% | top2=100.00% | acc=99.11% | bal_acc=99.11% | macro_f1=0.9910 | weighted_f1=0.9910 | precision_macro=0.9913 | recall_macro=0.9911
        ovr_roc_auc_macro=0.9997 | ovr_pr_auc_macro=0.9993
Epoch 17/50 | Time 0m28s
  Train | loss=0.0146 | top1=99.09% | top2=99.98%
  Valid | loss=0.0374 | top1=98.04% | top2=100.00% | acc=98.04% | bal_acc=98.04% | macro_f1=0.9803 | weighted_f1=0.9803 | precision_macro=0.9805 | recall_macro=0.9804
        ovr_roc_auc_macro=0.9979 | ovr_pr_auc_macro=0.9957
Epoch 18/50 | Time 0m28s
  Train | loss=0.0181 | top1=99.13% | top2=99.94%
  Valid | loss=0.0414 | top1=98.39% | top2=100.00% | acc=98.39% | bal_acc=98.39% | macro_f1=0.9839 | weighted_f1=0.9839 | precision_macro=0.9840 | recall_macro=0.9839
        ovr_roc_auc_macro=0.9989 | ovr_pr_auc_macro=0.9974
Epoch 19/50 | Time 0m28s
  Train | loss=0.0137 | top1=99.29% | top2=100.00%
  Valid | loss=0.0201 | top1=99.46% | top2=100.00% | acc=99.46% | bal_acc=99.46% | macro_f1=0.9946 | weighted_f1=0.9946 | precision_macro=0.9948 | recall_macro=0.9946
        ovr_roc_auc_macro=0.9996 | ovr_pr_auc_macro=0.9990
  -> best macro_f1 updated to 0.9946 (epoch 19, val_loss=0.0201)
Epoch 20/50 | Time 0m28s
  Train | loss=0.0097 | top1=99.52% | top2=99.94%
  Valid | loss=0.0263 | top1=99.29% | top2=100.00% | acc=99.29% | bal_acc=99.29% | macro_f1=0.9928 | weighted_f1=0.9928 | precision_macro=0.9930 | recall_macro=0.9929
        ovr_roc_auc_macro=0.9992 | ovr_pr_auc_macro=0.9981
Epoch 21/50 | Time 0m28s
  Train | loss=0.0053 | top1=99.74% | top2=99.96%
  Valid | loss=0.0255 | top1=99.29% | top2=100.00% | acc=99.29% | bal_acc=99.29% | macro_f1=0.9928 | weighted_f1=0.9928 | precision_macro=0.9929 | recall_macro=0.9929
        ovr_roc_auc_macro=0.9995 | ovr_pr_auc_macro=0.9987
Epoch 22/50 | Time 0m28s
  Train | loss=0.0102 | top1=99.38% | top2=100.00%
  Valid | loss=0.0345 | top1=99.11% | top2=100.00% | acc=99.11% | bal_acc=99.11% | macro_f1=0.9911 | weighted_f1=0.9911 | precision_macro=0.9912 | recall_macro=0.9911
        ovr_roc_auc_macro=0.9988 | ovr_pr_auc_macro=0.9975
Epoch 23/50 | Time 0m28s
  Train | loss=0.0056 | top1=99.66% | top2=99.98%
  Valid | loss=0.0219 | top1=99.46% | top2=100.00% | acc=99.46% | bal_acc=99.46% | macro_f1=0.9946 | weighted_f1=0.9946 | precision_macro=0.9948 | recall_macro=0.9946
        ovr_roc_auc_macro=0.9994 | ovr_pr_auc_macro=0.9988
Epoch 24/50 | Time 0m28s
  Train | loss=0.0079 | top1=99.54% | top2=99.92%
  Valid | loss=0.0174 | top1=99.11% | top2=99.82% | acc=99.11% | bal_acc=99.11% | macro_f1=0.9911 | weighted_f1=0.9911 | precision_macro=0.9911 | recall_macro=0.9911
        ovr_roc_auc_macro=0.9999 | ovr_pr_auc_macro=0.9996
Epoch 25/50 | Time 0m28s
  Train | loss=0.0030 | top1=99.84% | top2=100.00%
  Valid | loss=0.0220 | top1=99.11% | top2=100.00% | acc=99.11% | bal_acc=99.11% | macro_f1=0.9911 | weighted_f1=0.9911 | precision_macro=0.9911 | recall_macro=0.9911
        ovr_roc_auc_macro=0.9997 | ovr_pr_auc_macro=0.9992
Epoch 26/50 | Time 0m28s
  Train | loss=0.0026 | top1=99.84% | top2=100.00%
  Valid | loss=0.0325 | top1=99.29% | top2=100.00% | acc=99.29% | bal_acc=99.29% | macro_f1=0.9928 | weighted_f1=0.9928 | precision_macro=0.9929 | recall_macro=0.9929
        ovr_roc_auc_macro=0.9993 | ovr_pr_auc_macro=0.9980
Epoch 27/50 | Time 0m28s
  Train | loss=0.0048 | top1=99.66% | top2=100.00%
  Valid | loss=0.0261 | top1=99.11% | top2=100.00% | acc=99.11% | bal_acc=99.11% | macro_f1=0.9911 | weighted_f1=0.9911 | precision_macro=0.9911 | recall_macro=0.9911
        ovr_roc_auc_macro=0.9998 | ovr_pr_auc_macro=0.9993
Epoch 28/50 | Time 0m29s
  Train | loss=0.0084 | top1=99.62% | top2=100.00%
  Valid | loss=0.0321 | top1=98.75% | top2=99.64% | acc=98.75% | bal_acc=98.75% | macro_f1=0.9875 | weighted_f1=0.9875 | precision_macro=0.9875 | recall_macro=0.9875
        ovr_roc_auc_macro=0.9996 | ovr_pr_auc_macro=0.9988
Epoch 29/50 | Time 0m29s
  Train | loss=0.0042 | top1=99.76% | top2=99.98%
  Valid | loss=0.0274 | top1=98.39% | top2=100.00% | acc=98.39% | bal_acc=98.39% | macro_f1=0.9839 | weighted_f1=0.9839 | precision_macro=0.9840 | recall_macro=0.9839
        ovr_roc_auc_macro=0.9997 | ovr_pr_auc_macro=0.9991
  -> early stopping triggered at epoch 29

[TEST] loss=ordinal_focal_mse
  Test | loss=0.2840 | top1=94.56% | top2=97.12% | acc=94.56% | bal_acc=94.56% | macro_f1=0.9444 | weighted_f1=0.9444 | precision_macro=0.9498 | recall_macro=0.9456
        ovr_roc_auc_macro=0.9878 | ovr_pr_auc_macro=0.9687
  Confusion Matrix:
[[323  54  22   1]
 [  2 393   0   5]
 [  0   0 400   0]
 [  0   0   3 397]]
  Classification Report:
              precision    recall  f1-score   support

      glioma     0.9938    0.8075    0.8910       400
  meningioma     0.8792    0.9825    0.9280       400
     notumor     0.9412    1.0000    0.9697       400
   pituitary     0.9851    0.9925    0.9888       400

    accuracy                         0.9456      1600
   macro avg     0.9498    0.9456    0.9444      1600
weighted avg     0.9498    0.9456    0.9444      1600


##########################################################################################
Starting loss: sce
##########################################################################################
Model params: 27,303,236 | pretrained loaded: 320/344 | feat_dim=2048
Criterion: SymmetricCrossEntropyLoss
Criterion trainable params: 0
Epoch 01/50 | Time 0m28s
  Train | loss=2.3032 | top1=79.21% | top2=92.06%
  Valid | loss=0.7612 | top1=92.50% | top2=98.57% | acc=92.50% | bal_acc=92.50% | macro_f1=0.9248 | weighted_f1=0.9248 | precision_macro=0.9278 | recall_macro=0.9250
        ovr_roc_auc_macro=0.9846 | ovr_pr_auc_macro=0.9552
  -> best macro_f1 updated to 0.9248 (epoch 1, val_loss=0.7612)
Epoch 02/50 | Time 0m28s
  Train | loss=0.6662 | top1=92.84% | top2=98.69%
  Valid | loss=0.7027 | top1=95.00% | top2=99.64% | acc=95.00% | bal_acc=95.00% | macro_f1=0.9501 | weighted_f1=0.9501 | precision_macro=0.9513 | recall_macro=0.9500
        ovr_roc_auc_macro=0.9923 | ovr_pr_auc_macro=0.9750
  -> best macro_f1 updated to 0.9501 (epoch 2, val_loss=0.7027)
Epoch 03/50 | Time 0m28s
  Train | loss=0.4545 | top1=94.80% | top2=99.19%
  Valid | loss=0.5456 | top1=95.54% | top2=98.93% | acc=95.54% | bal_acc=95.54% | macro_f1=0.9547 | weighted_f1=0.9547 | precision_macro=0.9562 | recall_macro=0.9554
        ovr_roc_auc_macro=0.9942 | ovr_pr_auc_macro=0.9825
  -> best macro_f1 updated to 0.9547 (epoch 3, val_loss=0.5456)
Epoch 04/50 | Time 0m28s
  Train | loss=0.3617 | top1=96.21% | top2=99.46%
  Valid | loss=0.5608 | top1=95.36% | top2=99.64% | acc=95.36% | bal_acc=95.36% | macro_f1=0.9536 | weighted_f1=0.9536 | precision_macro=0.9541 | recall_macro=0.9536
        ovr_roc_auc_macro=0.9932 | ovr_pr_auc_macro=0.9824
Epoch 05/50 | Time 0m28s
  Train | loss=0.2361 | top1=97.46% | top2=99.60%
  Valid | loss=0.4162 | top1=96.43% | top2=99.64% | acc=96.43% | bal_acc=96.43% | macro_f1=0.9644 | weighted_f1=0.9644 | precision_macro=0.9655 | recall_macro=0.9643
        ovr_roc_auc_macro=0.9951 | ovr_pr_auc_macro=0.9896
  -> best macro_f1 updated to 0.9644 (epoch 5, val_loss=0.4162)
Epoch 06/50 | Time 0m29s
  Train | loss=0.2023 | top1=97.82% | top2=99.68%
  Valid | loss=0.3470 | top1=97.14% | top2=99.82% | acc=97.14% | bal_acc=97.14% | macro_f1=0.9715 | weighted_f1=0.9715 | precision_macro=0.9720 | recall_macro=0.9714
        ovr_roc_auc_macro=0.9941 | ovr_pr_auc_macro=0.9891
  -> best macro_f1 updated to 0.9715 (epoch 6, val_loss=0.3470)
Epoch 07/50 | Time 0m29s
  Train | loss=0.1463 | top1=98.43% | top2=99.88%
  Valid | loss=0.3066 | top1=96.61% | top2=99.46% | acc=96.61% | bal_acc=96.61% | macro_f1=0.9658 | weighted_f1=0.9658 | precision_macro=0.9666 | recall_macro=0.9661
        ovr_roc_auc_macro=0.9980 | ovr_pr_auc_macro=0.9953
Epoch 08/50 | Time 0m28s
  Train | loss=0.1224 | top1=98.57% | top2=99.82%
  Valid | loss=0.1967 | top1=98.21% | top2=99.82% | acc=98.21% | bal_acc=98.21% | macro_f1=0.9820 | weighted_f1=0.9820 | precision_macro=0.9826 | recall_macro=0.9821
        ovr_roc_auc_macro=0.9981 | ovr_pr_auc_macro=0.9960
  -> best macro_f1 updated to 0.9820 (epoch 8, val_loss=0.1967)
Epoch 09/50 | Time 0m28s
  Train | loss=0.0902 | top1=99.09% | top2=99.84%
  Valid | loss=0.2097 | top1=98.21% | top2=100.00% | acc=98.21% | bal_acc=98.21% | macro_f1=0.9821 | weighted_f1=0.9821 | precision_macro=0.9831 | recall_macro=0.9821
        ovr_roc_auc_macro=0.9970 | ovr_pr_auc_macro=0.9925
Epoch 10/50 | Time 0m28s
  Train | loss=0.1296 | top1=98.47% | top2=99.88%
  Valid | loss=0.1641 | top1=98.93% | top2=99.82% | acc=98.93% | bal_acc=98.93% | macro_f1=0.9893 | weighted_f1=0.9893 | precision_macro=0.9894 | recall_macro=0.9893
        ovr_roc_auc_macro=0.9976 | ovr_pr_auc_macro=0.9950
  -> best macro_f1 updated to 0.9893 (epoch 10, val_loss=0.1641)
Epoch 11/50 | Time 0m29s
  Train | loss=0.0766 | top1=99.23% | top2=99.92%
  Valid | loss=0.2056 | top1=97.68% | top2=99.82% | acc=97.68% | bal_acc=97.68% | macro_f1=0.9767 | weighted_f1=0.9767 | precision_macro=0.9768 | recall_macro=0.9768
        ovr_roc_auc_macro=0.9990 | ovr_pr_auc_macro=0.9971
Epoch 12/50 | Time 0m29s
  Train | loss=0.1152 | top1=98.77% | top2=99.92%
  Valid | loss=0.1953 | top1=98.04% | top2=100.00% | acc=98.04% | bal_acc=98.04% | macro_f1=0.9803 | weighted_f1=0.9803 | precision_macro=0.9810 | recall_macro=0.9804
        ovr_roc_auc_macro=0.9983 | ovr_pr_auc_macro=0.9954
Epoch 13/50 | Time 0m29s
  Train | loss=0.0718 | top1=99.27% | top2=99.98%
  Valid | loss=0.1606 | top1=98.75% | top2=99.82% | acc=98.75% | bal_acc=98.75% | macro_f1=0.9875 | weighted_f1=0.9875 | precision_macro=0.9876 | recall_macro=0.9875
        ovr_roc_auc_macro=0.9974 | ovr_pr_auc_macro=0.9940
Epoch 14/50 | Time 0m28s
  Train | loss=0.0339 | top1=99.64% | top2=99.96%
  Valid | loss=0.1648 | top1=98.57% | top2=100.00% | acc=98.57% | bal_acc=98.57% | macro_f1=0.9856 | weighted_f1=0.9856 | precision_macro=0.9857 | recall_macro=0.9857
        ovr_roc_auc_macro=0.9980 | ovr_pr_auc_macro=0.9948
Epoch 15/50 | Time 0m28s
  Train | loss=0.0475 | top1=99.58% | top2=99.98%
  Valid | loss=0.1122 | top1=99.11% | top2=100.00% | acc=99.11% | bal_acc=99.11% | macro_f1=0.9911 | weighted_f1=0.9911 | precision_macro=0.9911 | recall_macro=0.9911
        ovr_roc_auc_macro=0.9981 | ovr_pr_auc_macro=0.9949
  -> best macro_f1 updated to 0.9911 (epoch 15, val_loss=0.1122)
Epoch 16/50 | Time 0m28s
  Train | loss=0.0671 | top1=99.37% | top2=99.94%
  Valid | loss=0.1226 | top1=98.75% | top2=100.00% | acc=98.75% | bal_acc=98.75% | macro_f1=0.9874 | weighted_f1=0.9874 | precision_macro=0.9877 | recall_macro=0.9875
        ovr_roc_auc_macro=0.9986 | ovr_pr_auc_macro=0.9957
Epoch 17/50 | Time 0m28s
  Train | loss=0.0607 | top1=99.33% | top2=99.92%
  Valid | loss=0.1304 | top1=98.57% | top2=99.64% | acc=98.57% | bal_acc=98.57% | macro_f1=0.9856 | weighted_f1=0.9856 | precision_macro=0.9858 | recall_macro=0.9857
        ovr_roc_auc_macro=0.9994 | ovr_pr_auc_macro=0.9984
Epoch 18/50 | Time 0m28s
  Train | loss=0.0859 | top1=99.03% | top2=99.96%
  Valid | loss=0.1137 | top1=98.93% | top2=99.82% | acc=98.93% | bal_acc=98.93% | macro_f1=0.9892 | weighted_f1=0.9892 | precision_macro=0.9893 | recall_macro=0.9893
        ovr_roc_auc_macro=0.9995 | ovr_pr_auc_macro=0.9987
Epoch 19/50 | Time 0m29s
  Train | loss=0.0443 | top1=99.50% | top2=99.98%
  Valid | loss=0.1350 | top1=98.57% | top2=100.00% | acc=98.57% | bal_acc=98.57% | macro_f1=0.9857 | weighted_f1=0.9857 | precision_macro=0.9857 | recall_macro=0.9857
        ovr_roc_auc_macro=0.9995 | ovr_pr_auc_macro=0.9987
Epoch 20/50 | Time 0m28s
  Train | loss=0.0451 | top1=99.54% | top2=99.94%
  Valid | loss=0.1689 | top1=98.39% | top2=100.00% | acc=98.39% | bal_acc=98.39% | macro_f1=0.9839 | weighted_f1=0.9839 | precision_macro=0.9842 | recall_macro=0.9839
        ovr_roc_auc_macro=0.9993 | ovr_pr_auc_macro=0.9980
Epoch 21/50 | Time 0m28s
  Train | loss=0.0359 | top1=99.68% | top2=99.98%
  Valid | loss=0.1071 | top1=99.11% | top2=100.00% | acc=99.11% | bal_acc=99.11% | macro_f1=0.9911 | weighted_f1=0.9911 | precision_macro=0.9911 | recall_macro=0.9911
        ovr_roc_auc_macro=0.9991 | ovr_pr_auc_macro=0.9976
  -> best macro_f1 updated to 0.9911 (epoch 21, val_loss=0.1071)
Epoch 22/50 | Time 0m29s
  Train | loss=0.0334 | top1=99.68% | top2=99.98%
  Valid | loss=0.1808 | top1=98.75% | top2=100.00% | acc=98.75% | bal_acc=98.75% | macro_f1=0.9874 | weighted_f1=0.9874 | precision_macro=0.9877 | recall_macro=0.9875
        ovr_roc_auc_macro=0.9986 | ovr_pr_auc_macro=0.9970
Epoch 23/50 | Time 0m29s
  Train | loss=0.0411 | top1=99.56% | top2=100.00%
  Valid | loss=0.1106 | top1=98.93% | top2=100.00% | acc=98.93% | bal_acc=98.93% | macro_f1=0.9893 | weighted_f1=0.9893 | precision_macro=0.9895 | recall_macro=0.9893
        ovr_roc_auc_macro=0.9997 | ovr_pr_auc_macro=0.9991
Epoch 24/50 | Time 0m29s
  Train | loss=0.0262 | top1=99.72% | top2=100.00%
  Valid | loss=0.0509 | top1=99.29% | top2=99.82% | acc=99.29% | bal_acc=99.29% | macro_f1=0.9929 | weighted_f1=0.9929 | precision_macro=0.9929 | recall_macro=0.9929
        ovr_roc_auc_macro=1.0000 | ovr_pr_auc_macro=0.9999
  -> best macro_f1 updated to 0.9929 (epoch 24, val_loss=0.0509)
Epoch 25/50 | Time 0m29s
  Train | loss=0.0192 | top1=99.80% | top2=100.00%
  Valid | loss=0.0915 | top1=98.93% | top2=99.82% | acc=98.93% | bal_acc=98.93% | macro_f1=0.9893 | weighted_f1=0.9893 | precision_macro=0.9893 | recall_macro=0.9893
        ovr_roc_auc_macro=0.9998 | ovr_pr_auc_macro=0.9995
Epoch 26/50 | Time 0m28s
  Train | loss=0.0306 | top1=99.70% | top2=99.98%
  Valid | loss=0.1000 | top1=98.93% | top2=99.82% | acc=98.93% | bal_acc=98.93% | macro_f1=0.9893 | weighted_f1=0.9893 | precision_macro=0.9894 | recall_macro=0.9893
        ovr_roc_auc_macro=0.9998 | ovr_pr_auc_macro=0.9995
Epoch 27/50 | Time 0m29s
  Train | loss=0.0204 | top1=99.80% | top2=100.00%
  Valid | loss=0.0456 | top1=99.46% | top2=99.82% | acc=99.46% | bal_acc=99.46% | macro_f1=0.9947 | weighted_f1=0.9947 | precision_macro=0.9948 | recall_macro=0.9946
        ovr_roc_auc_macro=1.0000 | ovr_pr_auc_macro=1.0000
  -> best macro_f1 updated to 0.9947 (epoch 27, val_loss=0.0456)
Epoch 28/50 | Time 0m29s
  Train | loss=0.0204 | top1=99.82% | top2=99.96%
  Valid | loss=0.0769 | top1=99.11% | top2=100.00% | acc=99.11% | bal_acc=99.11% | macro_f1=0.9911 | weighted_f1=0.9911 | precision_macro=0.9911 | recall_macro=0.9911
        ovr_roc_auc_macro=0.9999 | ovr_pr_auc_macro=0.9997
Epoch 29/50 | Time 0m28s
  Train | loss=0.0239 | top1=99.76% | top2=100.00%
  Valid | loss=0.1390 | top1=98.21% | top2=100.00% | acc=98.21% | bal_acc=98.21% | macro_f1=0.9821 | weighted_f1=0.9821 | precision_macro=0.9828 | recall_macro=0.9821
        ovr_roc_auc_macro=0.9996 | ovr_pr_auc_macro=0.9990
Epoch 30/50 | Time 0m28s
  Train | loss=0.0166 | top1=99.84% | top2=100.00%
  Valid | loss=0.1461 | top1=98.57% | top2=100.00% | acc=98.57% | bal_acc=98.57% | macro_f1=0.9857 | weighted_f1=0.9857 | precision_macro=0.9858 | recall_macro=0.9857
        ovr_roc_auc_macro=0.9996 | ovr_pr_auc_macro=0.9988
Epoch 31/50 | Time 0m28s
  Train | loss=0.0166 | top1=99.86% | top2=100.00%
  Valid | loss=0.1085 | top1=98.93% | top2=99.82% | acc=98.93% | bal_acc=98.93% | macro_f1=0.9893 | weighted_f1=0.9893 | precision_macro=0.9893 | recall_macro=0.9893
        ovr_roc_auc_macro=0.9997 | ovr_pr_auc_macro=0.9990
Epoch 32/50 | Time 0m28s
  Train | loss=0.0115 | top1=99.86% | top2=99.98%
  Valid | loss=0.1471 | top1=98.39% | top2=100.00% | acc=98.39% | bal_acc=98.39% | macro_f1=0.9839 | weighted_f1=0.9839 | precision_macro=0.9840 | recall_macro=0.9839
        ovr_roc_auc_macro=0.9996 | ovr_pr_auc_macro=0.9988
Epoch 33/50 | Time 0m28s
  Train | loss=0.0074 | top1=99.94% | top2=100.00%
  Valid | loss=0.0931 | top1=99.11% | top2=100.00% | acc=99.11% | bal_acc=99.11% | macro_f1=0.9911 | weighted_f1=0.9911 | precision_macro=0.9911 | recall_macro=0.9911
        ovr_roc_auc_macro=0.9998 | ovr_pr_auc_macro=0.9994
Epoch 34/50 | Time 0m28s
  Train | loss=0.0166 | top1=99.82% | top2=100.00%
  Valid | loss=0.0852 | top1=99.29% | top2=100.00% | acc=99.29% | bal_acc=99.29% | macro_f1=0.9928 | weighted_f1=0.9928 | precision_macro=0.9929 | recall_macro=0.9929
        ovr_roc_auc_macro=0.9997 | ovr_pr_auc_macro=0.9992
Epoch 35/50 | Time 0m29s
  Train | loss=0.0172 | top1=99.84% | top2=100.00%
  Valid | loss=0.1392 | top1=98.57% | top2=100.00% | acc=98.57% | bal_acc=98.57% | macro_f1=0.9856 | weighted_f1=0.9856 | precision_macro=0.9858 | recall_macro=0.9857
        ovr_roc_auc_macro=0.9996 | ovr_pr_auc_macro=0.9987
Epoch 36/50 | Time 0m29s
  Train | loss=0.0108 | top1=99.86% | top2=100.00%
  Valid | loss=0.1341 | top1=98.57% | top2=100.00% | acc=98.57% | bal_acc=98.57% | macro_f1=0.9857 | weighted_f1=0.9857 | precision_macro=0.9858 | recall_macro=0.9857
        ovr_roc_auc_macro=0.9997 | ovr_pr_auc_macro=0.9992
Epoch 37/50 | Time 0m28s
  Train | loss=0.0066 | top1=99.92% | top2=100.00%
  Valid | loss=0.0803 | top1=99.29% | top2=100.00% | acc=99.29% | bal_acc=99.29% | macro_f1=0.9929 | weighted_f1=0.9929 | precision_macro=0.9929 | recall_macro=0.9929
        ovr_roc_auc_macro=0.9998 | ovr_pr_auc_macro=0.9995
  -> early stopping triggered at epoch 37

[TEST] loss=sce
  Test | loss=1.0465 | top1=95.19% | top2=96.19% | acc=95.19% | bal_acc=95.19% | macro_f1=0.9506 | weighted_f1=0.9506 | precision_macro=0.9553 | recall_macro=0.9519
        ovr_roc_auc_macro=0.9847 | ovr_pr_auc_macro=0.9702
  Confusion Matrix:
[[328  39  32   1]
 [  0 395   0   5]
 [  0   0 400   0]
 [  0   0   0 400]]
  Classification Report:
              precision    recall  f1-score   support

      glioma     1.0000    0.8200    0.9011       400
  meningioma     0.9101    0.9875    0.9472       400
     notumor     0.9259    1.0000    0.9615       400
   pituitary     0.9852    1.0000    0.9926       400

    accuracy                         0.9519      1600
   macro avg     0.9553    0.9519    0.9506      1600
weighted avg     0.9553    0.9519    0.9506      1600


##########################################################################################
Starting loss: gce
##########################################################################################
Model params: 27,303,236 | pretrained loaded: 320/344 | feat_dim=2048
Criterion: GeneralizedCrossEntropyLoss
Criterion trainable params: 0
Epoch 01/50 | Time 0m28s
  Train | loss=0.4155 | top1=79.09% | top2=91.63%
  Valid | loss=0.1136 | top1=93.04% | top2=98.04% | acc=93.04% | bal_acc=93.04% | macro_f1=0.9299 | weighted_f1=0.9299 | precision_macro=0.9325 | recall_macro=0.9304
        ovr_roc_auc_macro=0.9835 | ovr_pr_auc_macro=0.9538
  -> best macro_f1 updated to 0.9299 (epoch 1, val_loss=0.1136)
Epoch 02/50 | Time 0m28s
  Train | loss=0.1217 | top1=91.90% | top2=98.17%
  Valid | loss=0.0722 | top1=95.00% | top2=99.82% | acc=95.00% | bal_acc=95.00% | macro_f1=0.9494 | weighted_f1=0.9494 | precision_macro=0.9511 | recall_macro=0.9500
        ovr_roc_auc_macro=0.9910 | ovr_pr_auc_macro=0.9729
  -> best macro_f1 updated to 0.9494 (epoch 2, val_loss=0.0722)
Epoch 03/50 | Time 0m28s
  Train | loss=0.0884 | top1=93.81% | top2=98.77%
  Valid | loss=0.1152 | top1=91.43% | top2=98.39% | acc=91.43% | bal_acc=91.43% | macro_f1=0.9143 | weighted_f1=0.9143 | precision_macro=0.9193 | recall_macro=0.9143
        ovr_roc_auc_macro=0.9938 | ovr_pr_auc_macro=0.9849
Epoch 04/50 | Time 0m28s
  Train | loss=0.0833 | top1=94.13% | top2=98.65%
  Valid | loss=0.0810 | top1=94.64% | top2=99.11% | acc=94.64% | bal_acc=94.64% | macro_f1=0.9459 | weighted_f1=0.9459 | precision_macro=0.9495 | recall_macro=0.9464
        ovr_roc_auc_macro=0.9911 | ovr_pr_auc_macro=0.9787
Epoch 05/50 | Time 0m28s
  Train | loss=0.0584 | top1=96.03% | top2=99.13%
  Valid | loss=0.0599 | top1=95.71% | top2=99.64% | acc=95.71% | bal_acc=95.71% | macro_f1=0.9574 | weighted_f1=0.9574 | precision_macro=0.9592 | recall_macro=0.9571
        ovr_roc_auc_macro=0.9931 | ovr_pr_auc_macro=0.9834
  -> best macro_f1 updated to 0.9574 (epoch 5, val_loss=0.0599)
Epoch 06/50 | Time 0m28s
  Train | loss=0.0690 | top1=94.98% | top2=99.17%
  Valid | loss=0.0605 | top1=95.36% | top2=99.11% | acc=95.36% | bal_acc=95.36% | macro_f1=0.9539 | weighted_f1=0.9539 | precision_macro=0.9555 | recall_macro=0.9536
        ovr_roc_auc_macro=0.9932 | ovr_pr_auc_macro=0.9831
Epoch 07/50 | Time 0m28s
  Train | loss=0.0513 | top1=96.37% | top2=99.44%
  Valid | loss=0.0635 | top1=95.36% | top2=98.93% | acc=95.36% | bal_acc=95.36% | macro_f1=0.9536 | weighted_f1=0.9536 | precision_macro=0.9556 | recall_macro=0.9536
        ovr_roc_auc_macro=0.9882 | ovr_pr_auc_macro=0.9726
Epoch 08/50 | Time 0m28s
  Train | loss=0.0471 | top1=96.59% | top2=99.35%
  Valid | loss=0.0346 | top1=97.32% | top2=99.64% | acc=97.32% | bal_acc=97.32% | macro_f1=0.9733 | weighted_f1=0.9733 | precision_macro=0.9738 | recall_macro=0.9732
        ovr_roc_auc_macro=0.9986 | ovr_pr_auc_macro=0.9963
  -> best macro_f1 updated to 0.9733 (epoch 8, val_loss=0.0346)
Epoch 09/50 | Time 0m28s
  Train | loss=0.0410 | top1=97.04% | top2=99.48%
  Valid | loss=0.0406 | top1=97.14% | top2=99.29% | acc=97.14% | bal_acc=97.14% | macro_f1=0.9713 | weighted_f1=0.9713 | precision_macro=0.9721 | recall_macro=0.9714
        ovr_roc_auc_macro=0.9976 | ovr_pr_auc_macro=0.9940
Epoch 10/50 | Time 0m28s
  Train | loss=0.0296 | top1=97.84% | top2=99.66%
  Valid | loss=0.0447 | top1=96.43% | top2=99.82% | acc=96.43% | bal_acc=96.43% | macro_f1=0.9643 | weighted_f1=0.9643 | precision_macro=0.9645 | recall_macro=0.9643
        ovr_roc_auc_macro=0.9967 | ovr_pr_auc_macro=0.9918
Epoch 11/50 | Time 0m28s
  Train | loss=0.0319 | top1=97.70% | top2=99.52%
  Valid | loss=0.0227 | top1=98.21% | top2=99.64% | acc=98.21% | bal_acc=98.21% | macro_f1=0.9822 | weighted_f1=0.9822 | precision_macro=0.9827 | recall_macro=0.9821
        ovr_roc_auc_macro=0.9960 | ovr_pr_auc_macro=0.9905
  -> best macro_f1 updated to 0.9822 (epoch 11, val_loss=0.0227)
Epoch 12/50 | Time 0m28s
  Train | loss=0.0305 | top1=97.86% | top2=99.68%
  Valid | loss=0.0442 | top1=96.61% | top2=99.29% | acc=96.61% | bal_acc=96.61% | macro_f1=0.9661 | weighted_f1=0.9661 | precision_macro=0.9665 | recall_macro=0.9661
        ovr_roc_auc_macro=0.9938 | ovr_pr_auc_macro=0.9822
Epoch 13/50 | Time 0m28s
  Train | loss=0.0243 | top1=98.25% | top2=99.78%
  Valid | loss=0.0233 | top1=98.57% | top2=99.64% | acc=98.57% | bal_acc=98.57% | macro_f1=0.9857 | weighted_f1=0.9857 | precision_macro=0.9857 | recall_macro=0.9857
        ovr_roc_auc_macro=0.9973 | ovr_pr_auc_macro=0.9914
  -> best macro_f1 updated to 0.9857 (epoch 13, val_loss=0.0233)
Epoch 14/50 | Time 0m28s
  Train | loss=0.0208 | top1=98.55% | top2=99.76%
  Valid | loss=0.0326 | top1=97.50% | top2=99.29% | acc=97.50% | bal_acc=97.50% | macro_f1=0.9750 | weighted_f1=0.9750 | precision_macro=0.9752 | recall_macro=0.9750
        ovr_roc_auc_macro=0.9949 | ovr_pr_auc_macro=0.9881
Epoch 15/50 | Time 0m28s
  Train | loss=0.0184 | top1=98.55% | top2=99.78%
  Valid | loss=0.0216 | top1=98.75% | top2=99.46% | acc=98.75% | bal_acc=98.75% | macro_f1=0.9875 | weighted_f1=0.9875 | precision_macro=0.9875 | recall_macro=0.9875
        ovr_roc_auc_macro=0.9972 | ovr_pr_auc_macro=0.9911
  -> best macro_f1 updated to 0.9875 (epoch 15, val_loss=0.0216)
Epoch 16/50 | Time 0m28s
  Train | loss=0.0158 | top1=98.89% | top2=99.84%
  Valid | loss=0.0651 | top1=95.00% | top2=99.46% | acc=95.00% | bal_acc=95.00% | macro_f1=0.9498 | weighted_f1=0.9498 | precision_macro=0.9520 | recall_macro=0.9500
        ovr_roc_auc_macro=0.9954 | ovr_pr_auc_macro=0.9852
Epoch 17/50 | Time 0m28s
  Train | loss=0.0193 | top1=98.61% | top2=99.80%
  Valid | loss=0.0202 | top1=98.75% | top2=99.82% | acc=98.75% | bal_acc=98.75% | macro_f1=0.9875 | weighted_f1=0.9875 | precision_macro=0.9876 | recall_macro=0.9875
        ovr_roc_auc_macro=0.9970 | ovr_pr_auc_macro=0.9921
  -> best macro_f1 updated to 0.9875 (epoch 17, val_loss=0.0202)
Epoch 18/50 | Time 0m28s
  Train | loss=0.0206 | top1=98.55% | top2=99.78%
  Valid | loss=0.0476 | top1=96.43% | top2=99.82% | acc=96.43% | bal_acc=96.43% | macro_f1=0.9642 | weighted_f1=0.9642 | precision_macro=0.9650 | recall_macro=0.9643
        ovr_roc_auc_macro=0.9944 | ovr_pr_auc_macro=0.9845
Epoch 19/50 | Time 0m28s
  Train | loss=0.0265 | top1=98.06% | top2=99.72%
  Valid | loss=0.0462 | top1=96.25% | top2=99.46% | acc=96.25% | bal_acc=96.25% | macro_f1=0.9628 | weighted_f1=0.9628 | precision_macro=0.9646 | recall_macro=0.9625
        ovr_roc_auc_macro=0.9976 | ovr_pr_auc_macro=0.9935
Epoch 20/50 | Time 0m28s
  Train | loss=0.0141 | top1=98.95% | top2=99.82%
  Valid | loss=0.0304 | top1=97.68% | top2=99.82% | acc=97.68% | bal_acc=97.68% | macro_f1=0.9768 | weighted_f1=0.9768 | precision_macro=0.9770 | recall_macro=0.9768
        ovr_roc_auc_macro=0.9973 | ovr_pr_auc_macro=0.9928
Epoch 21/50 | Time 0m28s
  Train | loss=0.0167 | top1=98.85% | top2=99.80%
  Valid | loss=0.0241 | top1=98.21% | top2=99.64% | acc=98.21% | bal_acc=98.21% | macro_f1=0.9822 | weighted_f1=0.9822 | precision_macro=0.9827 | recall_macro=0.9821
        ovr_roc_auc_macro=0.9978 | ovr_pr_auc_macro=0.9950
Epoch 22/50 | Time 0m28s
  Train | loss=0.0122 | top1=99.17% | top2=99.90%
  Valid | loss=0.0440 | top1=96.43% | top2=99.64% | acc=96.43% | bal_acc=96.43% | macro_f1=0.9639 | weighted_f1=0.9639 | precision_macro=0.9652 | recall_macro=0.9643
        ovr_roc_auc_macro=0.9956 | ovr_pr_auc_macro=0.9869
Epoch 23/50 | Time 0m28s
  Train | loss=0.0166 | top1=98.81% | top2=99.80%
  Valid | loss=0.0285 | top1=97.86% | top2=99.29% | acc=97.86% | bal_acc=97.86% | macro_f1=0.9787 | weighted_f1=0.9787 | precision_macro=0.9789 | recall_macro=0.9786
        ovr_roc_auc_macro=0.9979 | ovr_pr_auc_macro=0.9928
Epoch 24/50 | Time 0m28s
  Train | loss=0.0164 | top1=98.81% | top2=99.80%
  Valid | loss=0.0274 | top1=98.04% | top2=99.46% | acc=98.04% | bal_acc=98.04% | macro_f1=0.9804 | weighted_f1=0.9804 | precision_macro=0.9806 | recall_macro=0.9804
        ovr_roc_auc_macro=0.9975 | ovr_pr_auc_macro=0.9916
Epoch 25/50 | Time 0m28s
  Train | loss=0.0159 | top1=98.91% | top2=99.74%
  Valid | loss=0.0265 | top1=98.21% | top2=99.82% | acc=98.21% | bal_acc=98.21% | macro_f1=0.9822 | weighted_f1=0.9822 | precision_macro=0.9825 | recall_macro=0.9821
        ovr_roc_auc_macro=0.9969 | ovr_pr_auc_macro=0.9898
Epoch 26/50 | Time 0m28s
  Train | loss=0.0112 | top1=99.17% | top2=99.92%
  Valid | loss=0.0310 | top1=97.86% | top2=99.11% | acc=97.86% | bal_acc=97.86% | macro_f1=0.9784 | weighted_f1=0.9784 | precision_macro=0.9792 | recall_macro=0.9786
        ovr_roc_auc_macro=0.9978 | ovr_pr_auc_macro=0.9952
Epoch 27/50 | Time 0m28s
  Train | loss=0.0104 | top1=99.27% | top2=99.86%
  Valid | loss=0.0325 | top1=97.68% | top2=99.46% | acc=97.68% | bal_acc=97.68% | macro_f1=0.9766 | weighted_f1=0.9766 | precision_macro=0.9773 | recall_macro=0.9768
        ovr_roc_auc_macro=0.9969 | ovr_pr_auc_macro=0.9918
  -> early stopping triggered at epoch 27

[TEST] loss=gce
  Test | loss=0.0846 | top1=93.88% | top2=96.75% | acc=93.88% | bal_acc=93.88% | macro_f1=0.9372 | weighted_f1=0.9372 | precision_macro=0.9435 | recall_macro=0.9387
        ovr_roc_auc_macro=0.9814 | ovr_pr_auc_macro=0.9573
  Confusion Matrix:
[[315  60  25   0]
 [  3 388   1   8]
 [  0   0 400   0]
 [  0   1   0 399]]
  Classification Report:
              precision    recall  f1-score   support

      glioma     0.9906    0.7875    0.8774       400
  meningioma     0.8641    0.9700    0.9140       400
     notumor     0.9390    1.0000    0.9685       400
   pituitary     0.9803    0.9975    0.9888       400

    accuracy                         0.9387      1600
   macro avg     0.9435    0.9387    0.9372      1600
weighted avg     0.9435    0.9387    0.9372      1600


##########################################################################################
Starting loss: dast
##########################################################################################
Model params: 27,303,236 | pretrained loaded: 320/344 | feat_dim=2048
Criterion: DistanceAwareSoftTargetLoss
Criterion trainable params: 0
Epoch 01/50 | Time 0m28s
  Train | loss=0.6139 | top1=81.09% | top2=93.97%
  Valid | loss=0.4967 | top1=93.75% | top2=98.21% | acc=93.75% | bal_acc=93.75% | macro_f1=0.9372 | weighted_f1=0.9372 | precision_macro=0.9385 | recall_macro=0.9375
        ovr_roc_auc_macro=0.9900 | ovr_pr_auc_macro=0.9769
  -> best macro_f1 updated to 0.9372 (epoch 1, val_loss=0.4967)
Epoch 02/50 | Time 0m28s
  Train | loss=0.4897 | top1=92.58% | top2=98.23%
  Valid | loss=0.6028 | top1=94.29% | top2=99.11% | acc=94.29% | bal_acc=94.29% | macro_f1=0.9421 | weighted_f1=0.9421 | precision_macro=0.9427 | recall_macro=0.9429
        ovr_roc_auc_macro=0.9908 | ovr_pr_auc_macro=0.9734
  -> best macro_f1 updated to 0.9421 (epoch 2, val_loss=0.6028)
Epoch 03/50 | Time 0m28s
  Train | loss=0.4644 | top1=95.36% | top2=98.89%
  Valid | loss=0.5279 | top1=95.71% | top2=98.75% | acc=95.71% | bal_acc=95.71% | macro_f1=0.9564 | weighted_f1=0.9564 | precision_macro=0.9575 | recall_macro=0.9571
        ovr_roc_auc_macro=0.9902 | ovr_pr_auc_macro=0.9741
  -> best macro_f1 updated to 0.9564 (epoch 3, val_loss=0.5279)
Epoch 04/50 | Time 0m28s
  Train | loss=0.4514 | top1=96.27% | top2=99.25%
  Valid | loss=0.5526 | top1=94.46% | top2=97.50% | acc=94.46% | bal_acc=94.46% | macro_f1=0.9444 | weighted_f1=0.9444 | precision_macro=0.9463 | recall_macro=0.9446
        ovr_roc_auc_macro=0.9932 | ovr_pr_auc_macro=0.9869
Epoch 05/50 | Time 0m28s
  Train | loss=0.4388 | top1=97.56% | top2=99.54%
  Valid | loss=0.4901 | top1=96.79% | top2=99.11% | acc=96.79% | bal_acc=96.79% | macro_f1=0.9678 | weighted_f1=0.9678 | precision_macro=0.9681 | recall_macro=0.9679
        ovr_roc_auc_macro=0.9910 | ovr_pr_auc_macro=0.9758
  -> best macro_f1 updated to 0.9678 (epoch 5, val_loss=0.4901)
Epoch 06/50 | Time 0m28s
  Train | loss=0.4385 | top1=97.60% | top2=99.42%
  Valid | loss=0.4330 | top1=98.21% | top2=99.46% | acc=98.21% | bal_acc=98.21% | macro_f1=0.9821 | weighted_f1=0.9821 | precision_macro=0.9822 | recall_macro=0.9821
        ovr_roc_auc_macro=0.9972 | ovr_pr_auc_macro=0.9961
  -> best macro_f1 updated to 0.9821 (epoch 6, val_loss=0.4330)
Epoch 07/50 | Time 0m28s
  Train | loss=0.4297 | top1=98.29% | top2=99.66%
  Valid | loss=0.4382 | top1=97.50% | top2=98.21% | acc=97.50% | bal_acc=97.50% | macro_f1=0.9750 | weighted_f1=0.9750 | precision_macro=0.9755 | recall_macro=0.9750
        ovr_roc_auc_macro=0.9971 | ovr_pr_auc_macro=0.9942
Epoch 08/50 | Time 0m28s
  Train | loss=0.4291 | top1=98.73% | top2=99.58%
  Valid | loss=0.4325 | top1=97.86% | top2=99.29% | acc=97.86% | bal_acc=97.86% | macro_f1=0.9785 | weighted_f1=0.9785 | precision_macro=0.9786 | recall_macro=0.9786
        ovr_roc_auc_macro=0.9970 | ovr_pr_auc_macro=0.9963
Epoch 09/50 | Time 0m28s
  Train | loss=0.4230 | top1=99.13% | top2=99.78%
  Valid | loss=0.4336 | top1=98.04% | top2=99.29% | acc=98.04% | bal_acc=98.04% | macro_f1=0.9804 | weighted_f1=0.9804 | precision_macro=0.9808 | recall_macro=0.9804
        ovr_roc_auc_macro=0.9974 | ovr_pr_auc_macro=0.9964
Epoch 10/50 | Time 0m28s
  Train | loss=0.4245 | top1=98.89% | top2=99.74%
  Valid | loss=0.4332 | top1=97.86% | top2=98.75% | acc=97.86% | bal_acc=97.86% | macro_f1=0.9786 | weighted_f1=0.9786 | precision_macro=0.9789 | recall_macro=0.9786
        ovr_roc_auc_macro=0.9968 | ovr_pr_auc_macro=0.9943
Epoch 11/50 | Time 0m28s
  Train | loss=0.4183 | top1=99.58% | top2=99.92%
  Valid | loss=0.4241 | top1=98.75% | top2=99.82% | acc=98.75% | bal_acc=98.75% | macro_f1=0.9875 | weighted_f1=0.9875 | precision_macro=0.9876 | recall_macro=0.9875
        ovr_roc_auc_macro=0.9985 | ovr_pr_auc_macro=0.9978
  -> best macro_f1 updated to 0.9875 (epoch 11, val_loss=0.4241)
Epoch 12/50 | Time 0m28s
  Train | loss=0.4224 | top1=99.23% | top2=99.74%
  Valid | loss=0.4262 | top1=98.93% | top2=99.64% | acc=98.93% | bal_acc=98.93% | macro_f1=0.9893 | weighted_f1=0.9893 | precision_macro=0.9894 | recall_macro=0.9893
        ovr_roc_auc_macro=0.9975 | ovr_pr_auc_macro=0.9966
  -> best macro_f1 updated to 0.9893 (epoch 12, val_loss=0.4262)
Epoch 13/50 | Time 0m28s
  Train | loss=0.4256 | top1=98.97% | top2=99.72%
  Valid | loss=0.4258 | top1=99.29% | top2=99.64% | acc=99.29% | bal_acc=99.29% | macro_f1=0.9929 | weighted_f1=0.9929 | precision_macro=0.9929 | recall_macro=0.9929
        ovr_roc_auc_macro=0.9975 | ovr_pr_auc_macro=0.9949
  -> best macro_f1 updated to 0.9929 (epoch 13, val_loss=0.4258)
Epoch 14/50 | Time 0m28s
  Train | loss=0.4206 | top1=99.21% | top2=99.80%
  Valid | loss=0.4272 | top1=98.39% | top2=99.46% | acc=98.39% | bal_acc=98.39% | macro_f1=0.9839 | weighted_f1=0.9839 | precision_macro=0.9841 | recall_macro=0.9839
        ovr_roc_auc_macro=0.9986 | ovr_pr_auc_macro=0.9982
Epoch 15/50 | Time 0m28s
  Train | loss=0.4164 | top1=99.64% | top2=99.92%
  Valid | loss=0.4335 | top1=98.39% | top2=99.29% | acc=98.39% | bal_acc=98.39% | macro_f1=0.9839 | weighted_f1=0.9839 | precision_macro=0.9844 | recall_macro=0.9839
        ovr_roc_auc_macro=0.9957 | ovr_pr_auc_macro=0.9948
Epoch 16/50 | Time 0m29s
  Train | loss=0.4226 | top1=99.17% | top2=99.82%
  Valid | loss=0.4327 | top1=98.75% | top2=99.64% | acc=98.75% | bal_acc=98.75% | macro_f1=0.9875 | weighted_f1=0.9875 | precision_macro=0.9876 | recall_macro=0.9875
        ovr_roc_auc_macro=0.9989 | ovr_pr_auc_macro=0.9979
Epoch 17/50 | Time 0m29s
  Train | loss=0.4175 | top1=99.72% | top2=99.90%
  Valid | loss=0.4262 | top1=98.75% | top2=99.46% | acc=98.75% | bal_acc=98.75% | macro_f1=0.9874 | weighted_f1=0.9874 | precision_macro=0.9876 | recall_macro=0.9875
        ovr_roc_auc_macro=0.9974 | ovr_pr_auc_macro=0.9961
Epoch 18/50 | Time 0m29s
  Train | loss=0.4203 | top1=99.37% | top2=99.74%
  Valid | loss=0.4247 | top1=99.11% | top2=99.64% | acc=99.11% | bal_acc=99.11% | macro_f1=0.9911 | weighted_f1=0.9911 | precision_macro=0.9911 | recall_macro=0.9911
        ovr_roc_auc_macro=0.9974 | ovr_pr_auc_macro=0.9973
Epoch 19/50 | Time 0m30s
  Train | loss=0.4168 | top1=99.66% | top2=99.86%
  Valid | loss=0.4299 | top1=98.21% | top2=99.46% | acc=98.21% | bal_acc=98.21% | macro_f1=0.9821 | weighted_f1=0.9821 | precision_macro=0.9823 | recall_macro=0.9821
        ovr_roc_auc_macro=0.9981 | ovr_pr_auc_macro=0.9972
Epoch 20/50 | Time 0m29s
  Train | loss=0.4186 | top1=99.52% | top2=99.88%
  Valid | loss=0.4273 | top1=98.93% | top2=99.46% | acc=98.93% | bal_acc=98.93% | macro_f1=0.9893 | weighted_f1=0.9893 | precision_macro=0.9893 | recall_macro=0.9893
        ovr_roc_auc_macro=0.9973 | ovr_pr_auc_macro=0.9970
Epoch 21/50 | Time 0m28s
  Train | loss=0.4189 | top1=99.50% | top2=99.86%
  Valid | loss=0.4311 | top1=98.57% | top2=99.11% | acc=98.57% | bal_acc=98.57% | macro_f1=0.9857 | weighted_f1=0.9857 | precision_macro=0.9858 | recall_macro=0.9857
        ovr_roc_auc_macro=0.9961 | ovr_pr_auc_macro=0.9950
Epoch 22/50 | Time 0m29s
  Train | loss=0.4231 | top1=99.17% | top2=99.78%
  Valid | loss=0.4293 | top1=99.11% | top2=99.29% | acc=99.11% | bal_acc=99.11% | macro_f1=0.9910 | weighted_f1=0.9910 | precision_macro=0.9911 | recall_macro=0.9911
        ovr_roc_auc_macro=0.9962 | ovr_pr_auc_macro=0.9943
Epoch 23/50 | Time 0m29s
  Train | loss=0.4181 | top1=99.44% | top2=99.90%
  Valid | loss=0.4257 | top1=99.11% | top2=99.29% | acc=99.11% | bal_acc=99.11% | macro_f1=0.9911 | weighted_f1=0.9911 | precision_macro=0.9911 | recall_macro=0.9911
        ovr_roc_auc_macro=0.9965 | ovr_pr_auc_macro=0.9957
  -> early stopping triggered at epoch 23

[TEST] loss=dast
  Test | loss=0.4847 | top1=94.69% | top2=96.12% | acc=94.69% | bal_acc=94.69% | macro_f1=0.9460 | weighted_f1=0.9460 | precision_macro=0.9513 | recall_macro=0.9469
        ovr_roc_auc_macro=0.9827 | ovr_pr_auc_macro=0.9555
  Confusion Matrix:
[[327  51  22   0]
 [  3 395   0   2]
 [  0   5 395   0]
 [  0   2   0 398]]
  Classification Report:
              precision    recall  f1-score   support

      glioma     0.9909    0.8175    0.8959       400
  meningioma     0.8720    0.9875    0.9261       400
     notumor     0.9472    0.9875    0.9670       400
   pituitary     0.9950    0.9950    0.9950       400

    accuracy                         0.9469      1600
   macro avg     0.9513    0.9469    0.9460      1600
weighted avg     0.9513    0.9469    0.9460      1600


##########################################################################################
Starting loss: pcol
##########################################################################################
Model params: 27,303,236 | pretrained loaded: 320/344 | feat_dim=2048
Criterion: PrototypeConsistencyOrdinalLoss
Criterion trainable params: 8,192
Epoch 01/50 | Time 0m28s
  Train | loss=0.6503 | top1=82.76% | top2=94.31%
  Valid | loss=0.5058 | top1=92.50% | top2=99.11% | acc=92.50% | bal_acc=92.50% | macro_f1=0.9255 | weighted_f1=0.9255 | precision_macro=0.9270 | recall_macro=0.9250
        ovr_roc_auc_macro=0.9877 | ovr_pr_auc_macro=0.9635
  -> best macro_f1 updated to 0.9255 (epoch 1, val_loss=0.5058)
Epoch 02/50 | Time 0m28s
  Train | loss=0.2426 | top1=92.46% | top2=98.77%
  Valid | loss=1.4788 | top1=93.57% | top2=99.29% | acc=93.57% | bal_acc=93.57% | macro_f1=0.9350 | weighted_f1=0.9350 | precision_macro=0.9379 | recall_macro=0.9357
        ovr_roc_auc_macro=0.9921 | ovr_pr_auc_macro=0.9742
  -> best macro_f1 updated to 0.9350 (epoch 2, val_loss=1.4788)
Epoch 03/50 | Time 0m28s
  Train | loss=0.1494 | top1=95.32% | top2=99.50%
  Valid | loss=0.6868 | top1=92.32% | top2=98.93% | acc=92.32% | bal_acc=92.32% | macro_f1=0.9225 | weighted_f1=0.9225 | precision_macro=0.9281 | recall_macro=0.9232
        ovr_roc_auc_macro=0.9877 | ovr_pr_auc_macro=0.9675
Epoch 04/50 | Time 0m28s
  Train | loss=0.1257 | top1=96.31% | top2=99.50%
  Valid | loss=0.1257 | top1=96.79% | top2=99.29% | acc=96.79% | bal_acc=96.79% | macro_f1=0.9677 | weighted_f1=0.9677 | precision_macro=0.9684 | recall_macro=0.9679
        ovr_roc_auc_macro=0.9988 | ovr_pr_auc_macro=0.9965
  -> best macro_f1 updated to 0.9677 (epoch 4, val_loss=0.1257)
Epoch 05/50 | Time 0m28s
  Train | loss=0.0955 | top1=97.04% | top2=99.66%
  Valid | loss=0.0994 | top1=97.32% | top2=99.29% | acc=97.32% | bal_acc=97.32% | macro_f1=0.9732 | weighted_f1=0.9732 | precision_macro=0.9745 | recall_macro=0.9732
        ovr_roc_auc_macro=0.9993 | ovr_pr_auc_macro=0.9982
  -> best macro_f1 updated to 0.9732 (epoch 5, val_loss=0.0994)
Epoch 06/50 | Time 0m28s
  Train | loss=0.0523 | top1=98.47% | top2=99.84%
  Valid | loss=0.0841 | top1=96.61% | top2=100.00% | acc=96.61% | bal_acc=96.61% | macro_f1=0.9660 | weighted_f1=0.9660 | precision_macro=0.9679 | recall_macro=0.9661
        ovr_roc_auc_macro=0.9993 | ovr_pr_auc_macro=0.9980
Epoch 07/50 | Time 0m28s
  Train | loss=0.0518 | top1=98.31% | top2=99.80%
  Valid | loss=0.0608 | top1=98.21% | top2=99.82% | acc=98.21% | bal_acc=98.21% | macro_f1=0.9823 | weighted_f1=0.9823 | precision_macro=0.9827 | recall_macro=0.9821
        ovr_roc_auc_macro=0.9996 | ovr_pr_auc_macro=0.9990
  -> best macro_f1 updated to 0.9823 (epoch 7, val_loss=0.0608)
Epoch 08/50 | Time 0m28s
  Train | loss=0.0495 | top1=98.53% | top2=99.86%
  Valid | loss=0.0468 | top1=98.57% | top2=100.00% | acc=98.57% | bal_acc=98.57% | macro_f1=0.9857 | weighted_f1=0.9857 | precision_macro=0.9860 | recall_macro=0.9857
        ovr_roc_auc_macro=0.9997 | ovr_pr_auc_macro=0.9992
  -> best macro_f1 updated to 0.9857 (epoch 8, val_loss=0.0468)
Epoch 09/50 | Time 0m28s
  Train | loss=0.0469 | top1=98.57% | top2=99.90%
  Valid | loss=0.0527 | top1=98.21% | top2=100.00% | acc=98.21% | bal_acc=98.21% | macro_f1=0.9821 | weighted_f1=0.9821 | precision_macro=0.9822 | recall_macro=0.9821
        ovr_roc_auc_macro=0.9992 | ovr_pr_auc_macro=0.9982
Epoch 10/50 | Time 0m28s
  Train | loss=0.0319 | top1=99.05% | top2=99.90%
  Valid | loss=0.0425 | top1=98.75% | top2=100.00% | acc=98.75% | bal_acc=98.75% | macro_f1=0.9875 | weighted_f1=0.9875 | precision_macro=0.9876 | recall_macro=0.9875
        ovr_roc_auc_macro=0.9996 | ovr_pr_auc_macro=0.9987
  -> best macro_f1 updated to 0.9875 (epoch 10, val_loss=0.0425)
Epoch 11/50 | Time 0m28s
  Train | loss=0.0311 | top1=99.27% | top2=99.94%
  Valid | loss=0.0386 | top1=98.75% | top2=100.00% | acc=98.75% | bal_acc=98.75% | macro_f1=0.9875 | weighted_f1=0.9875 | precision_macro=0.9875 | recall_macro=0.9875
        ovr_roc_auc_macro=0.9998 | ovr_pr_auc_macro=0.9994
  -> best macro_f1 updated to 0.9875 (epoch 11, val_loss=0.0386)
Epoch 12/50 | Time 0m28s
  Train | loss=0.0269 | top1=99.31% | top2=99.96%
  Valid | loss=0.0373 | top1=98.93% | top2=100.00% | acc=98.93% | bal_acc=98.93% | macro_f1=0.9893 | weighted_f1=0.9893 | precision_macro=0.9894 | recall_macro=0.9893
        ovr_roc_auc_macro=0.9995 | ovr_pr_auc_macro=0.9988
  -> best macro_f1 updated to 0.9893 (epoch 12, val_loss=0.0373)
Epoch 13/50 | Time 0m28s
  Train | loss=0.0221 | top1=99.29% | top2=99.96%
  Valid | loss=0.0781 | top1=98.04% | top2=100.00% | acc=98.04% | bal_acc=98.04% | macro_f1=0.9802 | weighted_f1=0.9802 | precision_macro=0.9814 | recall_macro=0.9804
        ovr_roc_auc_macro=0.9996 | ovr_pr_auc_macro=0.9988
Epoch 14/50 | Time 0m28s
  Train | loss=0.0297 | top1=99.35% | top2=99.92%
  Valid | loss=0.0474 | top1=98.75% | top2=100.00% | acc=98.75% | bal_acc=98.75% | macro_f1=0.9875 | weighted_f1=0.9875 | precision_macro=0.9880 | recall_macro=0.9875
        ovr_roc_auc_macro=0.9995 | ovr_pr_auc_macro=0.9987
Epoch 15/50 | Time 0m28s
  Train | loss=0.0222 | top1=99.48% | top2=100.00%
  Valid | loss=0.0836 | top1=97.68% | top2=99.82% | acc=97.68% | bal_acc=97.68% | macro_f1=0.9767 | weighted_f1=0.9767 | precision_macro=0.9769 | recall_macro=0.9768
        ovr_roc_auc_macro=0.9980 | ovr_pr_auc_macro=0.9960
Epoch 16/50 | Time 0m28s
  Train | loss=0.0350 | top1=99.15% | top2=99.90%
  Valid | loss=0.0539 | top1=98.39% | top2=99.82% | acc=98.39% | bal_acc=98.39% | macro_f1=0.9839 | weighted_f1=0.9839 | precision_macro=0.9840 | recall_macro=0.9839
        ovr_roc_auc_macro=0.9994 | ovr_pr_auc_macro=0.9985
Epoch 17/50 | Time 0m29s
  Train | loss=0.0169 | top1=99.54% | top2=100.00%
  Valid | loss=0.0496 | top1=98.93% | top2=99.82% | acc=98.93% | bal_acc=98.93% | macro_f1=0.9893 | weighted_f1=0.9893 | precision_macro=0.9893 | recall_macro=0.9893
        ovr_roc_auc_macro=0.9998 | ovr_pr_auc_macro=0.9993
Epoch 18/50 | Time 0m29s
  Train | loss=0.0088 | top1=99.78% | top2=99.96%
  Valid | loss=0.0548 | top1=98.93% | top2=100.00% | acc=98.93% | bal_acc=98.93% | macro_f1=0.9893 | weighted_f1=0.9893 | precision_macro=0.9893 | recall_macro=0.9893
        ovr_roc_auc_macro=0.9994 | ovr_pr_auc_macro=0.9982
Epoch 19/50 | Time 0m30s
  Train | loss=0.0085 | top1=99.80% | top2=100.00%
  Valid | loss=0.0282 | top1=98.93% | top2=100.00% | acc=98.93% | bal_acc=98.93% | macro_f1=0.9893 | weighted_f1=0.9893 | precision_macro=0.9894 | recall_macro=0.9893
        ovr_roc_auc_macro=0.9999 | ovr_pr_auc_macro=0.9996
  -> best macro_f1 updated to 0.9893 (epoch 19, val_loss=0.0282)
Epoch 20/50 | Time 0m30s
  Train | loss=0.0307 | top1=99.05% | top2=99.96%
  Valid | loss=0.0497 | top1=98.21% | top2=100.00% | acc=98.21% | bal_acc=98.21% | macro_f1=0.9821 | weighted_f1=0.9821 | precision_macro=0.9824 | recall_macro=0.9821
        ovr_roc_auc_macro=0.9995 | ovr_pr_auc_macro=0.9987
Epoch 21/50 | Time 0m30s
  Train | loss=0.0166 | top1=99.52% | top2=99.98%
  Valid | loss=0.0582 | top1=98.57% | top2=99.82% | acc=98.57% | bal_acc=98.57% | macro_f1=0.9858 | weighted_f1=0.9858 | precision_macro=0.9862 | recall_macro=0.9857
        ovr_roc_auc_macro=0.9989 | ovr_pr_auc_macro=0.9978
Epoch 22/50 | Time 0m30s
  Train | loss=0.0119 | top1=99.68% | top2=99.98%
  Valid | loss=0.0231 | top1=99.11% | top2=100.00% | acc=99.11% | bal_acc=99.11% | macro_f1=0.9911 | weighted_f1=0.9911 | precision_macro=0.9911 | recall_macro=0.9911
        ovr_roc_auc_macro=0.9999 | ovr_pr_auc_macro=0.9997
  -> best macro_f1 updated to 0.9911 (epoch 22, val_loss=0.0231)
Epoch 23/50 | Time 0m30s
  Train | loss=0.0141 | top1=99.56% | top2=99.98%
  Valid | loss=0.0378 | top1=99.11% | top2=100.00% | acc=99.11% | bal_acc=99.11% | macro_f1=0.9911 | weighted_f1=0.9911 | precision_macro=0.9911 | recall_macro=0.9911
        ovr_roc_auc_macro=0.9998 | ovr_pr_auc_macro=0.9994
Epoch 24/50 | Time 0m30s
  Train | loss=0.0091 | top1=99.70% | top2=100.00%
  Valid | loss=0.0399 | top1=98.93% | top2=99.82% | acc=98.93% | bal_acc=98.93% | macro_f1=0.9893 | weighted_f1=0.9893 | precision_macro=0.9893 | recall_macro=0.9893
        ovr_roc_auc_macro=0.9998 | ovr_pr_auc_macro=0.9994
Epoch 25/50 | Time 0m30s
  Train | loss=0.0150 | top1=99.56% | top2=100.00%
  Valid | loss=0.0203 | top1=99.46% | top2=100.00% | acc=99.46% | bal_acc=99.46% | macro_f1=0.9946 | weighted_f1=0.9946 | precision_macro=0.9946 | recall_macro=0.9946
        ovr_roc_auc_macro=0.9999 | ovr_pr_auc_macro=0.9998
  -> best macro_f1 updated to 0.9946 (epoch 25, val_loss=0.0203)
Epoch 26/50 | Time 0m30s
  Train | loss=0.0070 | top1=99.82% | top2=100.00%
  Valid | loss=0.0258 | top1=99.29% | top2=100.00% | acc=99.29% | bal_acc=99.29% | macro_f1=0.9929 | weighted_f1=0.9929 | precision_macro=0.9929 | recall_macro=0.9929
        ovr_roc_auc_macro=0.9998 | ovr_pr_auc_macro=0.9995
Epoch 27/50 | Time 0m29s
  Train | loss=0.0101 | top1=99.74% | top2=99.98%
  Valid | loss=0.0385 | top1=99.29% | top2=99.82% | acc=99.29% | bal_acc=99.29% | macro_f1=0.9929 | weighted_f1=0.9929 | precision_macro=0.9929 | recall_macro=0.9929
        ovr_roc_auc_macro=0.9994 | ovr_pr_auc_macro=0.9986
Epoch 28/50 | Time 0m30s
  Train | loss=0.0096 | top1=99.72% | top2=99.96%
  Valid | loss=0.0408 | top1=99.29% | top2=100.00% | acc=99.29% | bal_acc=99.29% | macro_f1=0.9929 | weighted_f1=0.9929 | precision_macro=0.9929 | recall_macro=0.9929
        ovr_roc_auc_macro=0.9997 | ovr_pr_auc_macro=0.9991
Epoch 29/50 | Time 0m30s
  Train | loss=0.0081 | top1=99.70% | top2=100.00%
  Valid | loss=0.0353 | top1=98.75% | top2=100.00% | acc=98.75% | bal_acc=98.75% | macro_f1=0.9875 | weighted_f1=0.9875 | precision_macro=0.9877 | recall_macro=0.9875
        ovr_roc_auc_macro=0.9998 | ovr_pr_auc_macro=0.9995
Epoch 30/50 | Time 0m30s
  Train | loss=0.0063 | top1=99.82% | top2=100.00%
  Valid | loss=0.0695 | top1=98.04% | top2=99.82% | acc=98.04% | bal_acc=98.04% | macro_f1=0.9801 | weighted_f1=0.9801 | precision_macro=0.9809 | recall_macro=0.9804
        ovr_roc_auc_macro=0.9992 | ovr_pr_auc_macro=0.9978
Epoch 31/50 | Time 0m30s
  Train | loss=0.0109 | top1=99.70% | top2=99.96%
  Valid | loss=0.0265 | top1=99.29% | top2=100.00% | acc=99.29% | bal_acc=99.29% | macro_f1=0.9928 | weighted_f1=0.9928 | precision_macro=0.9930 | recall_macro=0.9929
        ovr_roc_auc_macro=0.9999 | ovr_pr_auc_macro=0.9998
Epoch 32/50 | Time 0m30s
  Train | loss=0.0054 | top1=99.86% | top2=100.00%
  Valid | loss=0.0379 | top1=99.11% | top2=100.00% | acc=99.11% | bal_acc=99.11% | macro_f1=0.9910 | weighted_f1=0.9910 | precision_macro=0.9913 | recall_macro=0.9911
        ovr_roc_auc_macro=0.9998 | ovr_pr_auc_macro=0.9995
Epoch 33/50 | Time 0m30s
  Train | loss=0.0057 | top1=99.86% | top2=99.98%
  Valid | loss=0.0146 | top1=99.46% | top2=100.00% | acc=99.46% | bal_acc=99.46% | macro_f1=0.9946 | weighted_f1=0.9946 | precision_macro=0.9947 | recall_macro=0.9946
        ovr_roc_auc_macro=1.0000 | ovr_pr_auc_macro=0.9999
  -> best macro_f1 updated to 0.9946 (epoch 33, val_loss=0.0146)
Epoch 34/50 | Time 0m30s
  Train | loss=0.0040 | top1=99.86% | top2=100.00%
  Valid | loss=0.0210 | top1=99.46% | top2=100.00% | acc=99.46% | bal_acc=99.46% | macro_f1=0.9946 | weighted_f1=0.9946 | precision_macro=0.9947 | recall_macro=0.9946
        ovr_roc_auc_macro=0.9999 | ovr_pr_auc_macro=0.9998
Epoch 35/50 | Time 0m30s
  Train | loss=0.0035 | top1=99.90% | top2=100.00%
  Valid | loss=0.0212 | top1=99.46% | top2=100.00% | acc=99.46% | bal_acc=99.46% | macro_f1=0.9946 | weighted_f1=0.9946 | precision_macro=0.9947 | recall_macro=0.9946
        ovr_roc_auc_macro=0.9999 | ovr_pr_auc_macro=0.9997
Epoch 36/50 | Time 0m30s
  Train | loss=0.0030 | top1=99.88% | top2=100.00%
  Valid | loss=0.0192 | top1=99.46% | top2=100.00% | acc=99.46% | bal_acc=99.46% | macro_f1=0.9946 | weighted_f1=0.9946 | precision_macro=0.9947 | recall_macro=0.9946
        ovr_roc_auc_macro=0.9999 | ovr_pr_auc_macro=0.9998
Epoch 37/50 | Time 0m30s
  Train | loss=0.0024 | top1=99.92% | top2=100.00%
  Valid | loss=0.0210 | top1=99.46% | top2=100.00% | acc=99.46% | bal_acc=99.46% | macro_f1=0.9946 | weighted_f1=0.9946 | precision_macro=0.9947 | recall_macro=0.9946
        ovr_roc_auc_macro=0.9999 | ovr_pr_auc_macro=0.9997
Epoch 38/50 | Time 0m30s
  Train | loss=0.0023 | top1=99.92% | top2=100.00%
  Valid | loss=0.0206 | top1=99.46% | top2=100.00% | acc=99.46% | bal_acc=99.46% | macro_f1=0.9946 | weighted_f1=0.9946 | precision_macro=0.9947 | recall_macro=0.9946
        ovr_roc_auc_macro=0.9999 | ovr_pr_auc_macro=0.9998
Epoch 39/50 | Time 0m30s
  Train | loss=0.0029 | top1=99.92% | top2=100.00%
  Valid | loss=0.0138 | top1=99.29% | top2=100.00% | acc=99.29% | bal_acc=99.29% | macro_f1=0.9928 | weighted_f1=0.9928 | precision_macro=0.9929 | recall_macro=0.9929
        ovr_roc_auc_macro=1.0000 | ovr_pr_auc_macro=0.9999
Epoch 40/50 | Time 0m30s
  Train | loss=0.0030 | top1=99.90% | top2=100.00%
  Valid | loss=0.0162 | top1=99.29% | top2=100.00% | acc=99.29% | bal_acc=99.29% | macro_f1=0.9928 | weighted_f1=0.9928 | precision_macro=0.9929 | recall_macro=0.9929
        ovr_roc_auc_macro=0.9999 | ovr_pr_auc_macro=0.9998
Epoch 41/50 | Time 0m30s
  Train | loss=0.0034 | top1=99.86% | top2=100.00%
  Valid | loss=0.0194 | top1=99.11% | top2=100.00% | acc=99.11% | bal_acc=99.11% | macro_f1=0.9911 | weighted_f1=0.9911 | precision_macro=0.9911 | recall_macro=0.9911
        ovr_roc_auc_macro=0.9999 | ovr_pr_auc_macro=0.9997
Epoch 42/50 | Time 0m30s
  Train | loss=0.0024 | top1=99.92% | top2=100.00%
  Valid | loss=0.0186 | top1=99.11% | top2=100.00% | acc=99.11% | bal_acc=99.11% | macro_f1=0.9911 | weighted_f1=0.9911 | precision_macro=0.9911 | recall_macro=0.9911
        ovr_roc_auc_macro=0.9999 | ovr_pr_auc_macro=0.9998
Epoch 43/50 | Time 0m30s
  Train | loss=0.0022 | top1=99.90% | top2=100.00%
  Valid | loss=0.0217 | top1=99.29% | top2=100.00% | acc=99.29% | bal_acc=99.29% | macro_f1=0.9928 | weighted_f1=0.9928 | precision_macro=0.9929 | recall_macro=0.9929
        ovr_roc_auc_macro=0.9999 | ovr_pr_auc_macro=0.9998
  -> early stopping triggered at epoch 43

[TEST] loss=pcol
  Test | loss=0.4682 | top1=95.50% | top2=96.69% | acc=95.50% | bal_acc=95.50% | macro_f1=0.9540 | weighted_f1=0.9540 | precision_macro=0.9586 | recall_macro=0.9550
        ovr_roc_auc_macro=0.9880 | ovr_pr_auc_macro=0.9776
  Confusion Matrix:
[[332  48  20   0]
 [  0 396   0   4]
 [  0   0 400   0]
 [  0   0   0 400]]
  Classification Report:
              precision    recall  f1-score   support

      glioma     1.0000    0.8300    0.9071       400
  meningioma     0.8919    0.9900    0.9384       400
     notumor     0.9524    1.0000    0.9756       400
   pituitary     0.9901    1.0000    0.9950       400

    accuracy                         0.9550      1600
   macro avg     0.9586    0.9550    0.9540      1600
weighted avg     0.9586    0.9550    0.9540      1600


##########################################################################################
Starting loss: aom
##########################################################################################
Model params: 27,303,236 | pretrained loaded: 320/344 | feat_dim=2048
Criterion: AdaptiveOrdinalMarginLoss
Criterion trainable params: 0
Epoch 01/50 | Time 0m30s
  Train | loss=0.6073 | top1=80.85% | top2=93.49%
  Valid | loss=0.3426 | top1=93.04% | top2=98.93% | acc=93.04% | bal_acc=93.04% | macro_f1=0.9290 | weighted_f1=0.9290 | precision_macro=0.9307 | recall_macro=0.9304
        ovr_roc_auc_macro=0.9866 | ovr_pr_auc_macro=0.9611
  -> best macro_f1 updated to 0.9290 (epoch 1, val_loss=0.3426)
Epoch 02/50 | Time 0m30s
  Train | loss=0.2033 | top1=92.72% | top2=98.83%
  Valid | loss=1.0210 | top1=95.18% | top2=98.93% | acc=95.18% | bal_acc=95.18% | macro_f1=0.9512 | weighted_f1=0.9512 | precision_macro=0.9530 | recall_macro=0.9518
        ovr_roc_auc_macro=0.9910 | ovr_pr_auc_macro=0.9696
  -> best macro_f1 updated to 0.9512 (epoch 2, val_loss=1.0210)
Epoch 03/50 | Time 0m30s
  Train | loss=0.1390 | top1=95.00% | top2=99.29%
  Valid | loss=1.5790 | top1=96.07% | top2=99.46% | acc=96.07% | bal_acc=96.07% | macro_f1=0.9601 | weighted_f1=0.9601 | precision_macro=0.9614 | recall_macro=0.9607
        ovr_roc_auc_macro=0.9931 | ovr_pr_auc_macro=0.9759
  -> best macro_f1 updated to 0.9601 (epoch 3, val_loss=1.5790)
Epoch 04/50 | Time 0m30s
  Train | loss=0.1111 | top1=96.31% | top2=99.58%
  Valid | loss=0.1136 | top1=95.54% | top2=99.64% | acc=95.54% | bal_acc=95.54% | macro_f1=0.9554 | weighted_f1=0.9554 | precision_macro=0.9578 | recall_macro=0.9554
        ovr_roc_auc_macro=0.9978 | ovr_pr_auc_macro=0.9937
Epoch 05/50 | Time 0m30s
  Train | loss=0.0746 | top1=97.46% | top2=99.64%
  Valid | loss=0.1416 | top1=95.00% | top2=99.11% | acc=95.00% | bal_acc=95.00% | macro_f1=0.9497 | weighted_f1=0.9497 | precision_macro=0.9516 | recall_macro=0.9500
        ovr_roc_auc_macro=0.9974 | ovr_pr_auc_macro=0.9937
Epoch 06/50 | Time 0m30s
  Train | loss=0.0642 | top1=97.82% | top2=99.68%
  Valid | loss=0.0936 | top1=98.21% | top2=99.82% | acc=98.21% | bal_acc=98.21% | macro_f1=0.9822 | weighted_f1=0.9822 | precision_macro=0.9823 | recall_macro=0.9821
        ovr_roc_auc_macro=0.9973 | ovr_pr_auc_macro=0.9896
  -> best macro_f1 updated to 0.9822 (epoch 6, val_loss=0.0936)
Epoch 07/50 | Time 0m30s
  Train | loss=0.0472 | top1=98.31% | top2=99.90%
  Valid | loss=0.0655 | top1=97.14% | top2=99.64% | acc=97.14% | bal_acc=97.14% | macro_f1=0.9713 | weighted_f1=0.9713 | precision_macro=0.9714 | recall_macro=0.9714
        ovr_roc_auc_macro=0.9992 | ovr_pr_auc_macro=0.9976
Epoch 08/50 | Time 0m30s
  Train | loss=0.0516 | top1=98.21% | top2=99.86%
  Valid | loss=0.2182 | top1=97.50% | top2=99.82% | acc=97.50% | bal_acc=97.50% | macro_f1=0.9748 | weighted_f1=0.9748 | precision_macro=0.9751 | recall_macro=0.9750
        ovr_roc_auc_macro=0.9956 | ovr_pr_auc_macro=0.9860
Epoch 09/50 | Time 0m30s
  Train | loss=0.0484 | top1=98.57% | top2=99.82%
  Valid | loss=0.0443 | top1=98.93% | top2=100.00% | acc=98.93% | bal_acc=98.93% | macro_f1=0.9892 | weighted_f1=0.9892 | precision_macro=0.9896 | recall_macro=0.9893
        ovr_roc_auc_macro=0.9995 | ovr_pr_auc_macro=0.9987
  -> best macro_f1 updated to 0.9892 (epoch 9, val_loss=0.0443)
Epoch 10/50 | Time 0m30s
  Train | loss=0.0323 | top1=98.83% | top2=99.90%
  Valid | loss=0.0275 | top1=98.93% | top2=100.00% | acc=98.93% | bal_acc=98.93% | macro_f1=0.9893 | weighted_f1=0.9893 | precision_macro=0.9894 | recall_macro=0.9893
        ovr_roc_auc_macro=0.9997 | ovr_pr_auc_macro=0.9993
  -> best macro_f1 updated to 0.9893 (epoch 10, val_loss=0.0275)
Epoch 11/50 | Time 0m30s
  Train | loss=0.0269 | top1=99.17% | top2=99.96%
  Valid | loss=0.0435 | top1=98.57% | top2=99.64% | acc=98.57% | bal_acc=98.57% | macro_f1=0.9857 | weighted_f1=0.9857 | precision_macro=0.9858 | recall_macro=0.9857
        ovr_roc_auc_macro=0.9993 | ovr_pr_auc_macro=0.9982
Epoch 12/50 | Time 0m30s
  Train | loss=0.0280 | top1=99.15% | top2=99.94%
  Valid | loss=0.1082 | top1=97.32% | top2=100.00% | acc=97.32% | bal_acc=97.32% | macro_f1=0.9732 | weighted_f1=0.9732 | precision_macro=0.9741 | recall_macro=0.9732
        ovr_roc_auc_macro=0.9979 | ovr_pr_auc_macro=0.9957
Epoch 13/50 | Time 0m30s
  Train | loss=0.0270 | top1=99.11% | top2=99.90%
  Valid | loss=0.0886 | top1=97.86% | top2=99.82% | acc=97.86% | bal_acc=97.86% | macro_f1=0.9785 | weighted_f1=0.9785 | precision_macro=0.9795 | recall_macro=0.9786
        ovr_roc_auc_macro=0.9980 | ovr_pr_auc_macro=0.9960
Epoch 14/50 | Time 0m30s
  Train | loss=0.0257 | top1=99.27% | top2=99.94%
  Valid | loss=0.1020 | top1=98.21% | top2=99.64% | acc=98.21% | bal_acc=98.21% | macro_f1=0.9820 | weighted_f1=0.9820 | precision_macro=0.9828 | recall_macro=0.9821
        ovr_roc_auc_macro=0.9977 | ovr_pr_auc_macro=0.9946
Epoch 15/50 | Time 0m30s
  Train | loss=0.0218 | top1=99.29% | top2=99.92%
  Valid | loss=0.0584 | top1=98.57% | top2=99.82% | acc=98.57% | bal_acc=98.57% | macro_f1=0.9857 | weighted_f1=0.9857 | precision_macro=0.9858 | recall_macro=0.9857
        ovr_roc_auc_macro=0.9985 | ovr_pr_auc_macro=0.9973
Epoch 16/50 | Time 0m30s
  Train | loss=0.0227 | top1=99.31% | top2=99.96%
  Valid | loss=0.0596 | top1=98.75% | top2=100.00% | acc=98.75% | bal_acc=98.75% | macro_f1=0.9874 | weighted_f1=0.9874 | precision_macro=0.9878 | recall_macro=0.9875
        ovr_roc_auc_macro=0.9991 | ovr_pr_auc_macro=0.9978
Epoch 17/50 | Time 0m30s
  Train | loss=0.0123 | top1=99.58% | top2=99.96%
  Valid | loss=0.0832 | top1=98.04% | top2=100.00% | acc=98.04% | bal_acc=98.04% | macro_f1=0.9803 | weighted_f1=0.9803 | precision_macro=0.9813 | recall_macro=0.9804
        ovr_roc_auc_macro=0.9991 | ovr_pr_auc_macro=0.9978
Epoch 18/50 | Time 0m30s
  Train | loss=0.0278 | top1=98.89% | top2=99.96%
  Valid | loss=0.0535 | top1=98.39% | top2=99.82% | acc=98.39% | bal_acc=98.39% | macro_f1=0.9839 | weighted_f1=0.9839 | precision_macro=0.9840 | recall_macro=0.9839
        ovr_roc_auc_macro=0.9993 | ovr_pr_auc_macro=0.9981
Epoch 19/50 | Time 0m29s
  Train | loss=0.0134 | top1=99.52% | top2=99.98%
  Valid | loss=0.0576 | top1=98.04% | top2=99.64% | acc=98.04% | bal_acc=98.04% | macro_f1=0.9804 | weighted_f1=0.9804 | precision_macro=0.9806 | recall_macro=0.9804
        ovr_roc_auc_macro=0.9994 | ovr_pr_auc_macro=0.9984
Epoch 20/50 | Time 0m30s
  Train | loss=0.0166 | top1=99.38% | top2=100.00%
  Valid | loss=0.0838 | top1=97.86% | top2=100.00% | acc=97.86% | bal_acc=97.86% | macro_f1=0.9785 | weighted_f1=0.9785 | precision_macro=0.9788 | recall_macro=0.9786
        ovr_roc_auc_macro=0.9989 | ovr_pr_auc_macro=0.9967
  -> early stopping triggered at epoch 20

[TEST] loss=aom
  Test | loss=0.9620 | top1=94.25% | top2=96.69% | acc=94.25% | bal_acc=94.25% | macro_f1=0.9412 | weighted_f1=0.9412 | precision_macro=0.9486 | recall_macro=0.9425
        ovr_roc_auc_macro=0.9817 | ovr_pr_auc_macro=0.9615
  Confusion Matrix:
[[317  57  25   1]
 [  0 398   1   1]
 [  0   7 393   0]
 [  0   0   0 400]]
  Classification Report:
              precision    recall  f1-score   support

      glioma     1.0000    0.7925    0.8842       400
  meningioma     0.8615    0.9950    0.9234       400
     notumor     0.9379    0.9825    0.9597       400
   pituitary     0.9950    1.0000    0.9975       400

    accuracy                         0.9425      1600
   macro avg     0.9486    0.9425    0.9412      1600
weighted avg     0.9486    0.9425    0.9412      1600


==========================================================================================
Summary CSV saved: E:\Paper\Computer-Vision-for-Medicine\Brain_Tumor_MRI_Loss\logs\ResNet_layer3+MECS_20260326_102916_summary.csv
Top results by test_macro_f1:
  pcol: macro_f1=0.9540, acc=0.9550, top1=0.9550
  ce: macro_f1=0.9527, acc=0.9537, top1=0.9537
  cb_focal_ce: macro_f1=0.9521, acc=0.9531, top1=0.9531
  sce: macro_f1=0.9506, acc=0.9519, top1=0.9519
  dast: macro_f1=0.9460, acc=0.9469, top1=0.9469
  ordinal_focal_mse: macro_f1=0.9444, acc=0.9456, top1=0.9456
  aom: macro_f1=0.9412, acc=0.9425, top1=0.9425
  gce: macro_f1=0.9372, acc=0.9387, top1=0.9387
==========================================================================================

EXIT CODE: 0
END TIME: 2026-03-26T12:24:33
====================================================================================================
