==========================================================================================
Script: ResNet_layer2+MECS
Module: MECS | Insert after: layer2
Device: cuda
CUDA: NVIDIA GeForce RTX 4080 SUPER
Train dir: E:\Paper\Computer-Vision-for-Medicine\Brain_Tumor_MRI\Training
Test dir : E:\Paper\Computer-Vision-for-Medicine\Brain_Tumor_MRI\Testing
Config | batch_size=64, epochs=50, num_workers=0, image_size=224, base_lr=0.001, val_ratio=0.1, patience=10
Losses to run: ['ce', 'dast']
==========================================================================================
Split sizes | train=5040, valid=560, test=1600
Classes (4): ['glioma', 'meningioma', 'notumor', 'pituitary']
Train class counts: [1260, 1260, 1260, 1260]
Loading torchvision ResNet50 pretrained weights once...
Pretrained state keys: 320

##########################################################################################
Starting loss: ce
##########################################################################################
Model params: 24,492,228 | pretrained loaded: 320/344 | feat_dim=2048
Criterion: CrossEntropyLoss
Criterion trainable params: 0
Epoch 01/50 | Time 0m29s
  Train | loss=1.2884 | top1=51.58% | top2=75.01%
  Valid | loss=1.0907 | top1=73.44% | top2=88.72% | acc=73.39% | bal_acc=73.39% | macro_f1=0.7066 | weighted_f1=0.7066 | precision_macro=0.7323 | recall_macro=0.7339 | mae=0.4214 | qwk=0.7093
        ovr_roc_auc_macro=0.9154 | ovr_pr_auc_macro=0.8097
  -> best macro_f1 updated to 0.7066 (epoch 1, val_loss=1.0907)
Epoch 02/50 | Time 0m29s
  Train | loss=0.5258 | top1=83.97% | top2=96.18%
  Valid | loss=0.5200 | top1=83.10% | top2=94.97% | acc=83.21% | bal_acc=83.21% | macro_f1=0.8293 | weighted_f1=0.8293 | precision_macro=0.8559 | recall_macro=0.8321 | mae=0.2411 | qwk=0.8273
        ovr_roc_auc_macro=0.9760 | ovr_pr_auc_macro=0.9385
  -> best macro_f1 updated to 0.8293 (epoch 2, val_loss=0.5200)
Epoch 03/50 | Time 0m29s
  Train | loss=0.2481 | top1=91.56% | top2=98.77%
  Valid | loss=0.6435 | top1=72.74% | top2=84.43% | acc=72.68% | bal_acc=72.68% | macro_f1=0.6658 | weighted_f1=0.6658 | precision_macro=0.8168 | recall_macro=0.7268 | mae=0.5679 | qwk=0.4066
        ovr_roc_auc_macro=0.9747 | ovr_pr_auc_macro=0.9407
Epoch 04/50 | Time 0m29s
  Train | loss=0.1818 | top1=93.22% | top2=98.93%
  Valid | loss=0.3468 | top1=87.96% | top2=96.99% | acc=87.86% | bal_acc=87.86% | macro_f1=0.8772 | weighted_f1=0.8772 | precision_macro=0.8913 | recall_macro=0.8786 | mae=0.1821 | qwk=0.8815
        ovr_roc_auc_macro=0.9849 | ovr_pr_auc_macro=0.9632
  -> best macro_f1 updated to 0.8772 (epoch 4, val_loss=0.3468)
Epoch 05/50 | Time 0m29s
  Train | loss=0.1450 | top1=94.82% | top2=99.38%
  Valid | loss=0.1465 | top1=94.85% | top2=99.65% | acc=95.00% | bal_acc=95.00% | macro_f1=0.9505 | weighted_f1=0.9505 | precision_macro=0.9538 | recall_macro=0.9500 | mae=0.0857 | qwk=0.9341
        ovr_roc_auc_macro=0.9969 | ovr_pr_auc_macro=0.9910
  -> best macro_f1 updated to 0.9505 (epoch 5, val_loss=0.1465)
Epoch 06/50 | Time 0m29s
  Train | loss=0.0875 | top1=96.88% | top2=99.70%
  Valid | loss=0.1327 | top1=96.24% | top2=99.07% | acc=96.25% | bal_acc=96.25% | macro_f1=0.9625 | weighted_f1=0.9625 | precision_macro=0.9638 | recall_macro=0.9625 | mae=0.0696 | qwk=0.9393
        ovr_roc_auc_macro=0.9963 | ovr_pr_auc_macro=0.9914
  -> best macro_f1 updated to 0.9625 (epoch 6, val_loss=0.1327)
Epoch 07/50 | Time 0m29s
  Train | loss=0.0741 | top1=97.49% | top2=99.76%
  Valid | loss=0.1169 | top1=96.18% | top2=99.65% | acc=96.25% | bal_acc=96.25% | macro_f1=0.9629 | weighted_f1=0.9629 | precision_macro=0.9645 | recall_macro=0.9625 | mae=0.0554 | qwk=0.9630
        ovr_roc_auc_macro=0.9968 | ovr_pr_auc_macro=0.9928
  -> best macro_f1 updated to 0.9629 (epoch 7, val_loss=0.1169)
Epoch 08/50 | Time 0m29s
  Train | loss=0.0577 | top1=98.03% | top2=99.88%
  Valid | loss=0.1571 | top1=94.33% | top2=98.78% | acc=94.29% | bal_acc=94.29% | macro_f1=0.9435 | weighted_f1=0.9435 | precision_macro=0.9490 | recall_macro=0.9429 | mae=0.0786 | qwk=0.9512
        ovr_roc_auc_macro=0.9979 | ovr_pr_auc_macro=0.9944
Epoch 09/50 | Time 0m29s
  Train | loss=0.0571 | top1=97.99% | top2=99.82%
  Valid | loss=0.0693 | top1=97.51% | top2=99.42% | acc=97.68% | bal_acc=97.68% | macro_f1=0.9767 | weighted_f1=0.9767 | precision_macro=0.9771 | recall_macro=0.9768 | mae=0.0375 | qwk=0.9723
        ovr_roc_auc_macro=0.9993 | ovr_pr_auc_macro=0.9981
  -> best macro_f1 updated to 0.9767 (epoch 9, val_loss=0.0693)
Epoch 10/50 | Time 0m29s
  Train | loss=0.0405 | top1=98.71% | top2=99.92%
  Valid | loss=0.1247 | top1=95.95% | top2=99.59% | acc=96.07% | bal_acc=96.07% | macro_f1=0.9601 | weighted_f1=0.9601 | precision_macro=0.9625 | recall_macro=0.9607 | mae=0.0607 | qwk=0.9577
        ovr_roc_auc_macro=0.9984 | ovr_pr_auc_macro=0.9959
Epoch 11/50 | Time 0m29s
  Train | loss=0.0303 | top1=99.05% | top2=99.94%
  Valid | loss=0.1023 | top1=97.80% | top2=99.48% | acc=97.86% | bal_acc=97.86% | macro_f1=0.9785 | weighted_f1=0.9785 | precision_macro=0.9797 | recall_macro=0.9786 | mae=0.0411 | qwk=0.9653
        ovr_roc_auc_macro=0.9980 | ovr_pr_auc_macro=0.9956
  -> best macro_f1 updated to 0.9785 (epoch 11, val_loss=0.1023)
Epoch 12/50 | Time 0m29s
  Train | loss=0.0333 | top1=99.03% | top2=99.98%
  Valid | loss=0.0630 | top1=97.80% | top2=99.65% | acc=97.86% | bal_acc=97.86% | macro_f1=0.9786 | weighted_f1=0.9786 | precision_macro=0.9787 | recall_macro=0.9786 | mae=0.0304 | qwk=0.9807
        ovr_roc_auc_macro=0.9991 | ovr_pr_auc_macro=0.9977
  -> best macro_f1 updated to 0.9786 (epoch 12, val_loss=0.0630)
Epoch 13/50 | Time 0m29s
  Train | loss=0.0271 | top1=99.11% | top2=99.90%
  Valid | loss=0.0795 | top1=97.69% | top2=99.83% | acc=97.86% | bal_acc=97.86% | macro_f1=0.9785 | weighted_f1=0.9785 | precision_macro=0.9788 | recall_macro=0.9786 | mae=0.0321 | qwk=0.9786
        ovr_roc_auc_macro=0.9981 | ovr_pr_auc_macro=0.9958
Epoch 14/50 | Time 0m29s
  Train | loss=0.0233 | top1=99.17% | top2=100.00%
  Valid | loss=0.1567 | top1=96.30% | top2=99.25% | acc=96.43% | bal_acc=96.43% | macro_f1=0.9642 | weighted_f1=0.9642 | precision_macro=0.9674 | recall_macro=0.9643 | mae=0.0696 | qwk=0.9433
        ovr_roc_auc_macro=0.9972 | ovr_pr_auc_macro=0.9934
Epoch 15/50 | Time 0m29s
  Train | loss=0.0139 | top1=99.55% | top2=99.96%
  Valid | loss=0.0733 | top1=97.05% | top2=99.77% | acc=97.14% | bal_acc=97.14% | macro_f1=0.9716 | weighted_f1=0.9716 | precision_macro=0.9722 | recall_macro=0.9714 | mae=0.0429 | qwk=0.9711
        ovr_roc_auc_macro=0.9990 | ovr_pr_auc_macro=0.9974
Epoch 16/50 | Time 0m29s
  Train | loss=0.0115 | top1=99.46% | top2=100.00%
  Valid | loss=0.1708 | top1=96.35% | top2=99.42% | acc=96.43% | bal_acc=96.43% | macro_f1=0.9642 | weighted_f1=0.9642 | precision_macro=0.9676 | recall_macro=0.9643 | mae=0.0714 | qwk=0.9413
        ovr_roc_auc_macro=0.9969 | ovr_pr_auc_macro=0.9948
Epoch 17/50 | Time 0m29s
  Train | loss=0.0231 | top1=99.29% | top2=99.90%
  Valid | loss=0.0635 | top1=98.50% | top2=100.00% | acc=98.57% | bal_acc=98.57% | macro_f1=0.9856 | weighted_f1=0.9856 | precision_macro=0.9861 | recall_macro=0.9857 | mae=0.0232 | qwk=0.9837
        ovr_roc_auc_macro=0.9983 | ovr_pr_auc_macro=0.9966
  -> best macro_f1 updated to 0.9856 (epoch 17, val_loss=0.0635)
Epoch 18/50 | Time 0m29s
  Train | loss=0.0091 | top1=99.76% | top2=100.00%
  Valid | loss=0.0572 | top1=98.90% | top2=99.83% | acc=98.93% | bal_acc=98.93% | macro_f1=0.9892 | weighted_f1=0.9892 | precision_macro=0.9894 | recall_macro=0.9893 | mae=0.0161 | qwk=0.9893
        ovr_roc_auc_macro=0.9983 | ovr_pr_auc_macro=0.9968
  -> best macro_f1 updated to 0.9892 (epoch 18, val_loss=0.0572)
Epoch 19/50 | Time 0m29s
  Train | loss=0.0172 | top1=99.38% | top2=100.00%
  Valid | loss=0.1062 | top1=96.53% | top2=99.83% | acc=96.61% | bal_acc=96.61% | macro_f1=0.9659 | weighted_f1=0.9659 | precision_macro=0.9668 | recall_macro=0.9661 | mae=0.0446 | qwk=0.9733
        ovr_roc_auc_macro=0.9987 | ovr_pr_auc_macro=0.9964
Epoch 20/50 | Time 0m29s
  Train | loss=0.0177 | top1=99.43% | top2=99.94%
  Valid | loss=0.0548 | top1=98.73% | top2=99.65% | acc=98.75% | bal_acc=98.75% | macro_f1=0.9874 | weighted_f1=0.9874 | precision_macro=0.9877 | recall_macro=0.9875 | mae=0.0179 | qwk=0.9886
        ovr_roc_auc_macro=0.9985 | ovr_pr_auc_macro=0.9967
Epoch 21/50 | Time 0m29s
  Train | loss=0.0080 | top1=99.78% | top2=100.00%
  Valid | loss=0.0700 | top1=98.90% | top2=99.65% | acc=98.93% | bal_acc=98.93% | macro_f1=0.9892 | weighted_f1=0.9892 | precision_macro=0.9895 | recall_macro=0.9893 | mae=0.0161 | qwk=0.9893
        ovr_roc_auc_macro=0.9978 | ovr_pr_auc_macro=0.9962
Epoch 22/50 | Time 0m28s
  Train | loss=0.0212 | top1=99.20% | top2=99.96%
  Valid | loss=0.0986 | top1=98.03% | top2=99.65% | acc=98.04% | bal_acc=98.04% | macro_f1=0.9804 | weighted_f1=0.9804 | precision_macro=0.9808 | recall_macro=0.9804 | mae=0.0286 | qwk=0.9816
        ovr_roc_auc_macro=0.9977 | ovr_pr_auc_macro=0.9952
Epoch 23/50 | Time 0m28s
  Train | loss=0.0121 | top1=99.66% | top2=99.98%
  Valid | loss=0.0582 | top1=98.73% | top2=99.48% | acc=98.75% | bal_acc=98.75% | macro_f1=0.9875 | weighted_f1=0.9875 | precision_macro=0.9876 | recall_macro=0.9875 | mae=0.0214 | qwk=0.9829
        ovr_roc_auc_macro=0.9988 | ovr_pr_auc_macro=0.9977
Epoch 24/50 | Time 0m29s
  Train | loss=0.0084 | top1=99.70% | top2=100.00%
  Valid | loss=0.0657 | top1=98.15% | top2=99.31% | acc=98.21% | bal_acc=98.21% | macro_f1=0.9821 | weighted_f1=0.9821 | precision_macro=0.9826 | recall_macro=0.9821 | mae=0.0339 | qwk=0.9723
        ovr_roc_auc_macro=0.9988 | ovr_pr_auc_macro=0.9981
Epoch 25/50 | Time 0m28s
  Train | loss=0.0053 | top1=99.82% | top2=100.00%
  Valid | loss=0.0589 | top1=98.55% | top2=99.65% | acc=98.57% | bal_acc=98.57% | macro_f1=0.9857 | weighted_f1=0.9857 | precision_macro=0.9858 | recall_macro=0.9857 | mae=0.0232 | qwk=0.9836
        ovr_roc_auc_macro=0.9988 | ovr_pr_auc_macro=0.9979
Epoch 26/50 | Time 0m28s
  Train | loss=0.0037 | top1=99.86% | top2=100.00%
  Valid | loss=0.0562 | top1=98.50% | top2=99.83% | acc=98.57% | bal_acc=98.57% | macro_f1=0.9857 | weighted_f1=0.9857 | precision_macro=0.9858 | recall_macro=0.9857 | mae=0.0250 | qwk=0.9815
        ovr_roc_auc_macro=0.9990 | ovr_pr_auc_macro=0.9981
Epoch 27/50 | Time 0m28s
  Train | loss=0.0039 | top1=99.80% | top2=100.00%
  Valid | loss=0.0672 | top1=98.38% | top2=99.83% | acc=98.39% | bal_acc=98.39% | macro_f1=0.9838 | weighted_f1=0.9838 | precision_macro=0.9842 | recall_macro=0.9839 | mae=0.0250 | qwk=0.9830
        ovr_roc_auc_macro=0.9989 | ovr_pr_auc_macro=0.9979
Epoch 28/50 | Time 0m29s
  Train | loss=0.0074 | top1=99.72% | top2=100.00%
  Valid | loss=0.0809 | top1=98.73% | top2=99.83% | acc=98.75% | bal_acc=98.75% | macro_f1=0.9874 | weighted_f1=0.9874 | precision_macro=0.9877 | recall_macro=0.9875 | mae=0.0196 | qwk=0.9865
        ovr_roc_auc_macro=0.9979 | ovr_pr_auc_macro=0.9953
  -> early stopping triggered at epoch 28

[TEST] loss=ce
  Test | loss=0.4780 | top1=94.56% | top2=95.75% | acc=94.56% | bal_acc=94.56% | macro_f1=0.9440 | weighted_f1=0.9440 | precision_macro=0.9501 | recall_macro=0.9456 | mae=0.0856 | qwk=0.9374
        ovr_roc_auc_macro=0.9933 | ovr_pr_auc_macro=0.9842
  Confusion Matrix:
[[319  38  41   2]
 [  0 395   1   4]
 [  0   0 400   0]
 [  0   1   0 399]]
  Classification Report:
              precision    recall  f1-score   support

      glioma     1.0000    0.7975    0.8873       400
  meningioma     0.9101    0.9875    0.9472       400
     notumor     0.9050    1.0000    0.9501       400
   pituitary     0.9852    0.9975    0.9913       400

    accuracy                         0.9456      1600
   macro avg     0.9501    0.9456    0.9440      1600
weighted avg     0.9501    0.9456    0.9440      1600


##########################################################################################
Starting loss: dast
##########################################################################################
Model params: 24,492,228 | pretrained loaded: 320/344 | feat_dim=2048
Criterion: DistanceAwareSoftTargetLoss
Criterion trainable params: 0
Epoch 01/50 | Time 0m29s
  Train | loss=0.8505 | top1=46.17% | top2=68.66%
  Valid | loss=0.7607 | top1=69.39% | top2=89.35% | acc=69.29% | bal_acc=69.29% | macro_f1=0.6666 | weighted_f1=0.6666 | precision_macro=0.7217 | recall_macro=0.6929 | mae=0.4161 | qwk=0.7356
        ovr_roc_auc_macro=0.9157 | ovr_pr_auc_macro=0.7974
  -> best macro_f1 updated to 0.6666 (epoch 1, val_loss=0.7607)
Epoch 02/50 | Time 0m29s
  Train | loss=0.5703 | top1=84.49% | top2=95.54%
  Valid | loss=0.5254 | top1=87.50% | top2=95.54% | acc=87.50% | bal_acc=87.50% | macro_f1=0.8765 | weighted_f1=0.8765 | precision_macro=0.8819 | recall_macro=0.8750 | mae=0.1661 | qwk=0.8969
        ovr_roc_auc_macro=0.9772 | ovr_pr_auc_macro=0.9400
  -> best macro_f1 updated to 0.8765 (epoch 2, val_loss=0.5254)
Epoch 03/50 | Time 0m29s
  Train | loss=0.5005 | top1=90.69% | top2=97.72%
  Valid | loss=0.9760 | top1=27.84% | top2=71.76% | acc=28.04% | bal_acc=28.04% | macro_f1=0.1585 | weighted_f1=0.1585 | precision_macro=0.5021 | recall_macro=0.2804 | mae=0.9429 | qwk=0.1037
        ovr_roc_auc_macro=0.7490 | ovr_pr_auc_macro=0.5544
Epoch 04/50 | Time 0m29s
  Train | loss=0.4815 | top1=93.14% | top2=98.34%
  Valid | loss=0.4974 | top1=91.67% | top2=96.82% | acc=91.61% | bal_acc=91.61% | macro_f1=0.9124 | weighted_f1=0.9124 | precision_macro=0.9241 | recall_macro=0.9161 | mae=0.1214 | qwk=0.9212
        ovr_roc_auc_macro=0.9860 | ovr_pr_auc_macro=0.9726
  -> best macro_f1 updated to 0.9124 (epoch 4, val_loss=0.4974)
Epoch 05/50 | Time 0m29s
  Train | loss=0.4646 | top1=94.74% | top2=98.93%
  Valid | loss=0.5361 | top1=80.21% | top2=96.82% | acc=80.18% | bal_acc=80.18% | macro_f1=0.7951 | weighted_f1=0.7951 | precision_macro=0.8522 | recall_macro=0.8018 | mae=0.2125 | qwk=0.8882
        ovr_roc_auc_macro=0.9838 | ovr_pr_auc_macro=0.9628
Epoch 06/50 | Time 0m28s
  Train | loss=0.4462 | top1=96.70% | top2=99.29%
  Valid | loss=0.4493 | top1=96.35% | top2=98.84% | acc=96.43% | bal_acc=96.43% | macro_f1=0.9643 | weighted_f1=0.9643 | precision_macro=0.9648 | recall_macro=0.9643 | mae=0.0518 | qwk=0.9645
        ovr_roc_auc_macro=0.9970 | ovr_pr_auc_macro=0.9942
  -> best macro_f1 updated to 0.9643 (epoch 6, val_loss=0.4493)
Epoch 07/50 | Time 0m29s
  Train | loss=0.4405 | top1=97.07% | top2=99.45%
  Valid | loss=0.4488 | top1=96.47% | top2=99.13% | acc=96.43% | bal_acc=96.43% | macro_f1=0.9645 | weighted_f1=0.9645 | precision_macro=0.9657 | recall_macro=0.9643 | mae=0.0500 | qwk=0.9685
        ovr_roc_auc_macro=0.9960 | ovr_pr_auc_macro=0.9937
  -> best macro_f1 updated to 0.9645 (epoch 7, val_loss=0.4488)
Epoch 08/50 | Time 0m29s
  Train | loss=0.4349 | top1=98.02% | top2=99.51%
  Valid | loss=0.5609 | top1=82.75% | top2=91.32% | acc=82.86% | bal_acc=82.86% | macro_f1=0.8157 | weighted_f1=0.8157 | precision_macro=0.8706 | recall_macro=0.8286 | mae=0.2768 | qwk=0.7750
        ovr_roc_auc_macro=0.9898 | ovr_pr_auc_macro=0.9752
Epoch 09/50 | Time 0m28s
  Train | loss=0.4282 | top1=98.38% | top2=99.76%
  Valid | loss=0.4389 | top1=97.86% | top2=99.48% | acc=97.86% | bal_acc=97.86% | macro_f1=0.9785 | weighted_f1=0.9785 | precision_macro=0.9786 | recall_macro=0.9786 | mae=0.0321 | qwk=0.9786
        ovr_roc_auc_macro=0.9971 | ovr_pr_auc_macro=0.9956
  -> best macro_f1 updated to 0.9785 (epoch 9, val_loss=0.4389)
Epoch 10/50 | Time 0m29s
  Train | loss=0.4275 | top1=98.63% | top2=99.82%
  Valid | loss=0.4338 | top1=98.38% | top2=99.42% | acc=98.39% | bal_acc=98.39% | macro_f1=0.9839 | weighted_f1=0.9839 | precision_macro=0.9841 | recall_macro=0.9839 | mae=0.0250 | qwk=0.9814
        ovr_roc_auc_macro=0.9978 | ovr_pr_auc_macro=0.9964
  -> best macro_f1 updated to 0.9839 (epoch 10, val_loss=0.4338)
Epoch 11/50 | Time 0m28s
  Train | loss=0.4249 | top1=98.81% | top2=99.86%
  Valid | loss=0.4341 | top1=97.40% | top2=99.59% | acc=97.50% | bal_acc=97.50% | macro_f1=0.9750 | weighted_f1=0.9750 | precision_macro=0.9754 | recall_macro=0.9750 | mae=0.0411 | qwk=0.9677
        ovr_roc_auc_macro=0.9982 | ovr_pr_auc_macro=0.9973
Epoch 12/50 | Time 0m29s
  Train | loss=0.4229 | top1=98.95% | top2=99.80%
  Valid | loss=0.4392 | top1=97.22% | top2=99.25% | acc=97.32% | bal_acc=97.32% | macro_f1=0.9733 | weighted_f1=0.9733 | precision_macro=0.9739 | recall_macro=0.9732 | mae=0.0339 | qwk=0.9805
        ovr_roc_auc_macro=0.9973 | ovr_pr_auc_macro=0.9946
Epoch 13/50 | Time 0m28s
  Train | loss=0.4207 | top1=99.19% | top2=99.98%
  Valid | loss=0.4392 | top1=96.93% | top2=99.07% | acc=96.96% | bal_acc=96.96% | macro_f1=0.9698 | weighted_f1=0.9698 | precision_macro=0.9706 | recall_macro=0.9696 | mae=0.0464 | qwk=0.9682
        ovr_roc_auc_macro=0.9966 | ovr_pr_auc_macro=0.9944
Epoch 14/50 | Time 0m29s
  Train | loss=0.4199 | top1=99.31% | top2=99.86%
  Valid | loss=0.4253 | top1=98.73% | top2=99.42% | acc=98.75% | bal_acc=98.75% | macro_f1=0.9875 | weighted_f1=0.9875 | precision_macro=0.9876 | recall_macro=0.9875 | mae=0.0214 | qwk=0.9843
        ovr_roc_auc_macro=0.9985 | ovr_pr_auc_macro=0.9980
  -> best macro_f1 updated to 0.9875 (epoch 14, val_loss=0.4253)
Epoch 15/50 | Time 0m29s
  Train | loss=0.4176 | top1=99.55% | top2=99.94%
  Valid | loss=0.4260 | top1=99.07% | top2=99.59% | acc=99.11% | bal_acc=99.11% | macro_f1=0.9911 | weighted_f1=0.9911 | precision_macro=0.9911 | recall_macro=0.9911 | mae=0.0143 | qwk=0.9900
        ovr_roc_auc_macro=0.9985 | ovr_pr_auc_macro=0.9982
  -> best macro_f1 updated to 0.9911 (epoch 15, val_loss=0.4260)
Epoch 16/50 | Time 0m29s
  Train | loss=0.4156 | top1=99.72% | top2=99.96%
  Valid | loss=0.4269 | top1=98.55% | top2=99.42% | acc=98.57% | bal_acc=98.57% | macro_f1=0.9857 | weighted_f1=0.9857 | precision_macro=0.9858 | recall_macro=0.9857 | mae=0.0196 | qwk=0.9878
        ovr_roc_auc_macro=0.9985 | ovr_pr_auc_macro=0.9980
Epoch 17/50 | Time 0m28s
  Train | loss=0.4157 | top1=99.66% | top2=99.96%
  Valid | loss=0.4321 | top1=98.55% | top2=99.25% | acc=98.57% | bal_acc=98.57% | macro_f1=0.9857 | weighted_f1=0.9857 | precision_macro=0.9857 | recall_macro=0.9857 | mae=0.0250 | qwk=0.9814
        ovr_roc_auc_macro=0.9956 | ovr_pr_auc_macro=0.9923
Epoch 18/50 | Time 0m29s
  Train | loss=0.4164 | top1=99.64% | top2=99.92%
  Valid | loss=0.4281 | top1=98.38% | top2=99.42% | acc=98.39% | bal_acc=98.39% | macro_f1=0.9838 | weighted_f1=0.9838 | precision_macro=0.9841 | recall_macro=0.9839 | mae=0.0232 | qwk=0.9850
        ovr_roc_auc_macro=0.9963 | ovr_pr_auc_macro=0.9960
Epoch 19/50 | Time 0m28s
  Train | loss=0.4175 | top1=99.50% | top2=99.90%
  Valid | loss=0.4243 | top1=99.25% | top2=99.83% | acc=99.29% | bal_acc=99.29% | macro_f1=0.9929 | weighted_f1=0.9929 | precision_macro=0.9930 | recall_macro=0.9929 | mae=0.0143 | qwk=0.9886
        ovr_roc_auc_macro=0.9982 | ovr_pr_auc_macro=0.9972
  -> best macro_f1 updated to 0.9929 (epoch 19, val_loss=0.4243)
Epoch 20/50 | Time 0m29s
  Train | loss=0.4159 | top1=99.68% | top2=99.94%
  Valid | loss=0.4266 | top1=98.90% | top2=99.42% | acc=98.93% | bal_acc=98.93% | macro_f1=0.9893 | weighted_f1=0.9893 | precision_macro=0.9893 | recall_macro=0.9893 | mae=0.0179 | qwk=0.9872
        ovr_roc_auc_macro=0.9984 | ovr_pr_auc_macro=0.9982
Epoch 21/50 | Time 0m29s
  Train | loss=0.4153 | top1=99.84% | top2=99.92%
  Valid | loss=0.4306 | top1=98.73% | top2=99.25% | acc=98.75% | bal_acc=98.75% | macro_f1=0.9874 | weighted_f1=0.9874 | precision_macro=0.9879 | recall_macro=0.9875 | mae=0.0214 | qwk=0.9844
        ovr_roc_auc_macro=0.9947 | ovr_pr_auc_macro=0.9945
Epoch 22/50 | Time 0m29s
  Train | loss=0.4150 | top1=99.72% | top2=99.96%
  Valid | loss=0.4262 | top1=99.07% | top2=99.42% | acc=99.11% | bal_acc=99.11% | macro_f1=0.9910 | weighted_f1=0.9910 | precision_macro=0.9912 | recall_macro=0.9911 | mae=0.0143 | qwk=0.9900
        ovr_roc_auc_macro=0.9965 | ovr_pr_auc_macro=0.9948
Epoch 23/50 | Time 0m28s
  Train | loss=0.4147 | top1=99.72% | top2=99.96%
  Valid | loss=0.4411 | top1=98.21% | top2=99.25% | acc=98.21% | bal_acc=98.21% | macro_f1=0.9822 | weighted_f1=0.9822 | precision_macro=0.9831 | recall_macro=0.9821 | mae=0.0411 | qwk=0.9596
        ovr_roc_auc_macro=0.9939 | ovr_pr_auc_macro=0.9870
Epoch 24/50 | Time 0m29s
  Train | loss=0.4155 | top1=99.56% | top2=99.96%
  Valid | loss=0.4343 | top1=98.55% | top2=99.25% | acc=98.57% | bal_acc=98.57% | macro_f1=0.9857 | weighted_f1=0.9857 | precision_macro=0.9859 | recall_macro=0.9857 | mae=0.0286 | qwk=0.9744
        ovr_roc_auc_macro=0.9956 | ovr_pr_auc_macro=0.9943
Epoch 25/50 | Time 0m29s
  Train | loss=0.4154 | top1=99.70% | top2=99.98%
  Valid | loss=0.4271 | top1=99.07% | top2=99.25% | acc=99.11% | bal_acc=99.11% | macro_f1=0.9911 | weighted_f1=0.9911 | precision_macro=0.9911 | recall_macro=0.9911 | mae=0.0161 | qwk=0.9879
        ovr_roc_auc_macro=0.9967 | ovr_pr_auc_macro=0.9961
Epoch 26/50 | Time 0m29s
  Train | loss=0.4138 | top1=99.84% | top2=99.98%
  Valid | loss=0.4275 | top1=99.07% | top2=99.25% | acc=99.11% | bal_acc=99.11% | macro_f1=0.9911 | weighted_f1=0.9911 | precision_macro=0.9911 | recall_macro=0.9911 | mae=0.0179 | qwk=0.9858
        ovr_roc_auc_macro=0.9966 | ovr_pr_auc_macro=0.9955
Epoch 27/50 | Time 0m29s
  Train | loss=0.4143 | top1=99.82% | top2=99.96%
  Valid | loss=0.4261 | top1=99.25% | top2=99.42% | acc=99.29% | bal_acc=99.29% | macro_f1=0.9929 | weighted_f1=0.9929 | precision_macro=0.9929 | recall_macro=0.9929 | mae=0.0125 | qwk=0.9907
        ovr_roc_auc_macro=0.9962 | ovr_pr_auc_macro=0.9898
Epoch 28/50 | Time 0m29s
  Train | loss=0.4140 | top1=99.78% | top2=99.96%
  Valid | loss=0.4280 | top1=99.02% | top2=99.42% | acc=99.11% | bal_acc=99.11% | macro_f1=0.9911 | weighted_f1=0.9911 | precision_macro=0.9911 | recall_macro=0.9911 | mae=0.0161 | qwk=0.9879
        ovr_roc_auc_macro=0.9966 | ovr_pr_auc_macro=0.9961
Epoch 29/50 | Time 0m29s
  Train | loss=0.4136 | top1=99.84% | top2=99.98%
  Valid | loss=0.4277 | top1=99.07% | top2=99.42% | acc=99.11% | bal_acc=99.11% | macro_f1=0.9911 | weighted_f1=0.9911 | precision_macro=0.9911 | recall_macro=0.9911 | mae=0.0143 | qwk=0.9900
        ovr_roc_auc_macro=0.9957 | ovr_pr_auc_macro=0.9882
  -> early stopping triggered at epoch 29

[TEST] loss=dast
  Test | loss=0.4777 | top1=95.00% | top2=96.88% | acc=95.00% | bal_acc=95.00% | macro_f1=0.9487 | weighted_f1=0.9487 | precision_macro=0.9543 | recall_macro=0.9500 | mae=0.0712 | qwk=0.9508
        ovr_roc_auc_macro=0.9881 | ovr_pr_auc_macro=0.9667
  Confusion Matrix:
[[324  49  23   4]
 [  0 398   0   2]
 [  0   1 399   0]
 [  0   1   0 399]]
  Classification Report:
              precision    recall  f1-score   support

      glioma     1.0000    0.8100    0.8950       400
  meningioma     0.8864    0.9950    0.9376       400
     notumor     0.9455    0.9975    0.9708       400
   pituitary     0.9852    0.9975    0.9913       400

    accuracy                         0.9500      1600
   macro avg     0.9543    0.9500    0.9487      1600
weighted avg     0.9543    0.9500    0.9487      1600


==========================================================================================
Summary CSV saved: E:\Paper\Computer-Vision-for-Medicine\Brain_Tumor_MRI_Loss\logs\ResNet_layer2+MECS_20260409_132620_summary.csv
Top results by test_macro_f1:
  dast: macro_f1=0.9487, qwk=0.9508, mae=0.0712, acc=0.9500, top1=0.9500
  ce: macro_f1=0.9440, qwk=0.9374, mae=0.0856, acc=0.9456, top1=0.9456
==========================================================================================
