==========================================================================================
Script: ResNet_layer3+MECS
Module: MECS | Insert after: layer3
Device: cuda
CUDA: NVIDIA GeForce RTX 4080 SUPER
Train dir: E:\Paper\Computer-Vision-for-Medicine\Brain_Tumor_MRI\Training
Test dir : E:\Paper\Computer-Vision-for-Medicine\Brain_Tumor_MRI\Testing
Config | batch_size=64, epochs=50, num_workers=0, image_size=224, base_lr=0.001, val_ratio=0.1, patience=10
Losses to run: ['ce', 'dast']
==========================================================================================
Split sizes | train=5040, valid=560, test=1600
Classes (4): ['glioma', 'meningioma', 'notumor', 'pituitary']
Train class counts: [1260, 1260, 1260, 1260]
Loading torchvision ResNet50 pretrained weights once...
Pretrained state keys: 320

##########################################################################################
Starting loss: ce
##########################################################################################
Model params: 27,303,236 | pretrained loaded: 320/344 | feat_dim=2048
Criterion: CrossEntropyLoss
Criterion trainable params: 0
Epoch 01/50 | Time 0m27s
  Train | loss=0.9102 | top1=75.07% | top2=89.55%
  Valid | loss=0.3615 | top1=88.95% | top2=97.92% | acc=88.93% | bal_acc=88.93% | macro_f1=0.8900 | weighted_f1=0.8900 | precision_macro=0.8922 | recall_macro=0.8893 | mae=0.1732 | qwk=0.8710
        ovr_roc_auc_macro=0.9806 | ovr_pr_auc_macro=0.9481
  -> best macro_f1 updated to 0.8900 (epoch 1, val_loss=0.3615)
Epoch 02/50 | Time 0m27s
  Train | loss=0.2133 | top1=92.84% | top2=98.93%
  Valid | loss=0.1657 | top1=93.87% | top2=99.25% | acc=93.75% | bal_acc=93.75% | macro_f1=0.9377 | weighted_f1=0.9377 | precision_macro=0.9410 | recall_macro=0.9375 | mae=0.1071 | qwk=0.9160
        ovr_roc_auc_macro=0.9935 | ovr_pr_auc_macro=0.9845
  -> best macro_f1 updated to 0.9377 (epoch 2, val_loss=0.1657)
Epoch 03/50 | Time 0m27s
  Train | loss=0.1187 | top1=95.68% | top2=99.62%
  Valid | loss=0.1240 | top1=96.41% | top2=99.42% | acc=96.43% | bal_acc=96.43% | macro_f1=0.9636 | weighted_f1=0.9636 | precision_macro=0.9659 | recall_macro=0.9643 | mae=0.0554 | qwk=0.9614
        ovr_roc_auc_macro=0.9970 | ovr_pr_auc_macro=0.9929
  -> best macro_f1 updated to 0.9636 (epoch 3, val_loss=0.1240)
Epoch 04/50 | Time 0m27s
  Train | loss=0.0856 | top1=96.78% | top2=99.78%
  Valid | loss=0.1005 | top1=95.78% | top2=99.65% | acc=95.71% | bal_acc=95.71% | macro_f1=0.9566 | weighted_f1=0.9566 | precision_macro=0.9575 | recall_macro=0.9571 | mae=0.0607 | qwk=0.9605
        ovr_roc_auc_macro=0.9986 | ovr_pr_auc_macro=0.9960
Epoch 05/50 | Time 0m27s
  Train | loss=0.0597 | top1=97.93% | top2=99.74%
  Valid | loss=0.1488 | top1=94.44% | top2=98.90% | acc=94.46% | bal_acc=94.46% | macro_f1=0.9448 | weighted_f1=0.9448 | precision_macro=0.9483 | recall_macro=0.9446 | mae=0.0786 | qwk=0.9488
        ovr_roc_auc_macro=0.9982 | ovr_pr_auc_macro=0.9953
Epoch 06/50 | Time 0m27s
  Train | loss=0.0462 | top1=98.48% | top2=99.86%
  Valid | loss=0.0527 | top1=98.38% | top2=100.00% | acc=98.39% | bal_acc=98.39% | macro_f1=0.9839 | weighted_f1=0.9839 | precision_macro=0.9840 | recall_macro=0.9839 | mae=0.0250 | qwk=0.9829
        ovr_roc_auc_macro=0.9991 | ovr_pr_auc_macro=0.9976
  -> best macro_f1 updated to 0.9839 (epoch 6, val_loss=0.0527)
Epoch 07/50 | Time 0m27s
  Train | loss=0.0366 | top1=98.69% | top2=99.96%
  Valid | loss=0.0680 | top1=97.80% | top2=99.77% | acc=97.86% | bal_acc=97.86% | macro_f1=0.9786 | weighted_f1=0.9786 | precision_macro=0.9791 | recall_macro=0.9786 | mae=0.0304 | qwk=0.9808
        ovr_roc_auc_macro=0.9983 | ovr_pr_auc_macro=0.9968
Epoch 08/50 | Time 0m27s
  Train | loss=0.0346 | top1=98.88% | top2=99.96%
  Valid | loss=0.0930 | top1=97.34% | top2=100.00% | acc=97.32% | bal_acc=97.32% | macro_f1=0.9728 | weighted_f1=0.9728 | precision_macro=0.9744 | recall_macro=0.9732 | mae=0.0429 | qwk=0.9705
        ovr_roc_auc_macro=0.9993 | ovr_pr_auc_macro=0.9980
Epoch 09/50 | Time 0m27s
  Train | loss=0.0201 | top1=99.26% | top2=99.96%
  Valid | loss=0.0329 | top1=98.90% | top2=99.83% | acc=98.93% | bal_acc=98.93% | macro_f1=0.9893 | weighted_f1=0.9893 | precision_macro=0.9894 | recall_macro=0.9893 | mae=0.0179 | qwk=0.9872
        ovr_roc_auc_macro=0.9997 | ovr_pr_auc_macro=0.9993
  -> best macro_f1 updated to 0.9893 (epoch 9, val_loss=0.0329)
Epoch 10/50 | Time 0m28s
  Train | loss=0.0237 | top1=99.29% | top2=99.92%
  Valid | loss=0.0319 | top1=99.42% | top2=100.00% | acc=99.46% | bal_acc=99.46% | macro_f1=0.9946 | weighted_f1=0.9946 | precision_macro=0.9946 | recall_macro=0.9946 | mae=0.0089 | qwk=0.9936
        ovr_roc_auc_macro=0.9998 | ovr_pr_auc_macro=0.9995
  -> best macro_f1 updated to 0.9946 (epoch 10, val_loss=0.0319)
Epoch 11/50 | Time 0m28s
  Train | loss=0.0198 | top1=99.41% | top2=99.96%
  Valid | loss=0.0328 | top1=99.25% | top2=100.00% | acc=99.29% | bal_acc=99.29% | macro_f1=0.9928 | weighted_f1=0.9928 | precision_macro=0.9929 | recall_macro=0.9929 | mae=0.0089 | qwk=0.9950
        ovr_roc_auc_macro=0.9998 | ovr_pr_auc_macro=0.9994
Epoch 12/50 | Time 0m28s
  Train | loss=0.0119 | top1=99.68% | top2=99.98%
  Valid | loss=0.0378 | top1=98.73% | top2=100.00% | acc=98.75% | bal_acc=98.75% | macro_f1=0.9874 | weighted_f1=0.9874 | precision_macro=0.9878 | recall_macro=0.9875 | mae=0.0214 | qwk=0.9844
        ovr_roc_auc_macro=0.9998 | ovr_pr_auc_macro=0.9994
Epoch 13/50 | Time 0m27s
  Train | loss=0.0121 | top1=99.56% | top2=100.00%
  Valid | loss=0.0337 | top1=99.07% | top2=100.00% | acc=99.11% | bal_acc=99.11% | macro_f1=0.9910 | weighted_f1=0.9910 | precision_macro=0.9912 | recall_macro=0.9911 | mae=0.0143 | qwk=0.9901
        ovr_roc_auc_macro=0.9998 | ovr_pr_auc_macro=0.9994
Epoch 14/50 | Time 0m27s
  Train | loss=0.0075 | top1=99.78% | top2=100.00%
  Valid | loss=0.0458 | top1=98.55% | top2=100.00% | acc=98.57% | bal_acc=98.57% | macro_f1=0.9856 | weighted_f1=0.9856 | precision_macro=0.9861 | recall_macro=0.9857 | mae=0.0232 | qwk=0.9837
        ovr_roc_auc_macro=0.9997 | ovr_pr_auc_macro=0.9992
Epoch 15/50 | Time 0m27s
  Train | loss=0.0079 | top1=99.68% | top2=100.00%
  Valid | loss=0.0680 | top1=98.55% | top2=99.83% | acc=98.57% | bal_acc=98.57% | macro_f1=0.9857 | weighted_f1=0.9857 | precision_macro=0.9863 | recall_macro=0.9857 | mae=0.0250 | qwk=0.9816
        ovr_roc_auc_macro=0.9996 | ovr_pr_auc_macro=0.9988
Epoch 16/50 | Time 0m27s
  Train | loss=0.0120 | top1=99.70% | top2=100.00%
  Valid | loss=0.0307 | top1=99.07% | top2=100.00% | acc=99.11% | bal_acc=99.11% | macro_f1=0.9911 | weighted_f1=0.9911 | precision_macro=0.9911 | recall_macro=0.9911 | mae=0.0143 | qwk=0.9900
        ovr_roc_auc_macro=0.9998 | ovr_pr_auc_macro=0.9994
Epoch 17/50 | Time 0m27s
  Train | loss=0.0052 | top1=99.82% | top2=99.98%
  Valid | loss=0.0250 | top1=99.25% | top2=100.00% | acc=99.29% | bal_acc=99.29% | macro_f1=0.9928 | weighted_f1=0.9928 | precision_macro=0.9929 | recall_macro=0.9929 | mae=0.0125 | qwk=0.9907
        ovr_roc_auc_macro=0.9999 | ovr_pr_auc_macro=0.9997
Epoch 18/50 | Time 0m27s
  Train | loss=0.0067 | top1=99.80% | top2=99.94%
  Valid | loss=0.0180 | top1=99.59% | top2=100.00% | acc=99.64% | bal_acc=99.64% | macro_f1=0.9964 | weighted_f1=0.9964 | precision_macro=0.9965 | recall_macro=0.9964 | mae=0.0054 | qwk=0.9964
        ovr_roc_auc_macro=0.9999 | ovr_pr_auc_macro=0.9998
  -> best macro_f1 updated to 0.9964 (epoch 18, val_loss=0.0180)
Epoch 19/50 | Time 0m27s
  Train | loss=0.0038 | top1=99.86% | top2=99.98%
  Valid | loss=0.0228 | top1=99.25% | top2=100.00% | acc=99.29% | bal_acc=99.29% | macro_f1=0.9928 | weighted_f1=0.9928 | precision_macro=0.9929 | recall_macro=0.9929 | mae=0.0125 | qwk=0.9907
        ovr_roc_auc_macro=0.9999 | ovr_pr_auc_macro=0.9997
Epoch 20/50 | Time 0m27s
  Train | loss=0.0028 | top1=99.90% | top2=100.00%
  Valid | loss=0.0269 | top1=99.07% | top2=100.00% | acc=99.11% | bal_acc=99.11% | macro_f1=0.9911 | weighted_f1=0.9911 | precision_macro=0.9911 | recall_macro=0.9911 | mae=0.0161 | qwk=0.9879
        ovr_roc_auc_macro=0.9999 | ovr_pr_auc_macro=0.9997
Epoch 21/50 | Time 0m27s
  Train | loss=0.0026 | top1=99.88% | top2=100.00%
  Valid | loss=0.0445 | top1=98.55% | top2=100.00% | acc=98.57% | bal_acc=98.57% | macro_f1=0.9856 | weighted_f1=0.9856 | precision_macro=0.9862 | recall_macro=0.9857 | mae=0.0250 | qwk=0.9816
        ovr_roc_auc_macro=0.9998 | ovr_pr_auc_macro=0.9995
Epoch 22/50 | Time 0m27s
  Train | loss=0.0042 | top1=99.80% | top2=100.00%
  Valid | loss=0.0311 | top1=99.07% | top2=100.00% | acc=99.11% | bal_acc=99.11% | macro_f1=0.9911 | weighted_f1=0.9911 | precision_macro=0.9911 | recall_macro=0.9911 | mae=0.0143 | qwk=0.9900
        ovr_roc_auc_macro=0.9998 | ovr_pr_auc_macro=0.9995
Epoch 23/50 | Time 0m27s
  Train | loss=0.0051 | top1=99.82% | top2=100.00%
  Valid | loss=0.0262 | top1=98.90% | top2=100.00% | acc=98.93% | bal_acc=98.93% | macro_f1=0.9893 | weighted_f1=0.9893 | precision_macro=0.9894 | recall_macro=0.9893 | mae=0.0196 | qwk=0.9850
        ovr_roc_auc_macro=0.9999 | ovr_pr_auc_macro=0.9996
Epoch 24/50 | Time 0m27s
  Train | loss=0.0044 | top1=99.84% | top2=100.00%
  Valid | loss=0.0408 | top1=98.73% | top2=99.83% | acc=98.75% | bal_acc=98.75% | macro_f1=0.9875 | weighted_f1=0.9875 | precision_macro=0.9878 | recall_macro=0.9875 | mae=0.0250 | qwk=0.9801
        ovr_roc_auc_macro=0.9998 | ovr_pr_auc_macro=0.9994
Epoch 25/50 | Time 0m27s
  Train | loss=0.0066 | top1=99.82% | top2=100.00%
  Valid | loss=0.0405 | top1=98.73% | top2=100.00% | acc=98.75% | bal_acc=98.75% | macro_f1=0.9875 | weighted_f1=0.9875 | precision_macro=0.9877 | recall_macro=0.9875 | mae=0.0232 | qwk=0.9822
        ovr_roc_auc_macro=0.9998 | ovr_pr_auc_macro=0.9993
Epoch 26/50 | Time 0m27s
  Train | loss=0.0032 | top1=99.88% | top2=100.00%
  Valid | loss=0.0312 | top1=99.59% | top2=100.00% | acc=99.64% | bal_acc=99.64% | macro_f1=0.9964 | weighted_f1=0.9964 | precision_macro=0.9964 | recall_macro=0.9964 | mae=0.0071 | qwk=0.9943
        ovr_roc_auc_macro=0.9997 | ovr_pr_auc_macro=0.9992
Epoch 27/50 | Time 0m27s
  Train | loss=0.0071 | top1=99.70% | top2=100.00%
  Valid | loss=0.0514 | top1=98.73% | top2=100.00% | acc=98.75% | bal_acc=98.75% | macro_f1=0.9875 | weighted_f1=0.9875 | precision_macro=0.9877 | recall_macro=0.9875 | mae=0.0232 | qwk=0.9823
        ovr_roc_auc_macro=0.9997 | ovr_pr_auc_macro=0.9990
Epoch 28/50 | Time 0m27s
  Train | loss=0.0050 | top1=99.76% | top2=100.00%
  Valid | loss=0.0450 | top1=99.25% | top2=100.00% | acc=99.29% | bal_acc=99.29% | macro_f1=0.9929 | weighted_f1=0.9929 | precision_macro=0.9929 | recall_macro=0.9929 | mae=0.0143 | qwk=0.9886
        ovr_roc_auc_macro=0.9997 | ovr_pr_auc_macro=0.9990
  -> early stopping triggered at epoch 28

[TEST] loss=ce
  Test | loss=0.4762 | top1=94.94% | top2=96.19% | acc=94.94% | bal_acc=94.94% | macro_f1=0.9483 | weighted_f1=0.9483 | precision_macro=0.9543 | recall_macro=0.9494 | mae=0.0656 | qwk=0.9603
        ovr_roc_auc_macro=0.9904 | ovr_pr_auc_macro=0.9816
  Confusion Matrix:
[[324  54  22   0]
 [  0 398   0   2]
 [  0   3 397   0]
 [  0   0   0 400]]
  Classification Report:
              precision    recall  f1-score   support

      glioma     1.0000    0.8100    0.8950       400
  meningioma     0.8747    0.9950    0.9310       400
     notumor     0.9475    0.9925    0.9695       400
   pituitary     0.9950    1.0000    0.9975       400

    accuracy                         0.9494      1600
   macro avg     0.9543    0.9494    0.9483      1600
weighted avg     0.9543    0.9494    0.9483      1600


##########################################################################################
Starting loss: dast
##########################################################################################
Model params: 27,303,236 | pretrained loaded: 320/344 | feat_dim=2048
Criterion: DistanceAwareSoftTargetLoss
Criterion trainable params: 0
Epoch 01/50 | Time 0m27s
  Train | loss=0.6964 | top1=76.26% | top2=90.62%
  Valid | loss=0.5191 | top1=88.31% | top2=96.82% | acc=88.39% | bal_acc=88.39% | macro_f1=0.8863 | weighted_f1=0.8863 | precision_macro=0.8944 | recall_macro=0.8839 | mae=0.1643 | qwk=0.8914
        ovr_roc_auc_macro=0.9779 | ovr_pr_auc_macro=0.9468
  -> best macro_f1 updated to 0.8863 (epoch 1, val_loss=0.5191)
Epoch 02/50 | Time 0m27s
  Train | loss=0.4837 | top1=92.48% | top2=98.38%
  Valid | loss=0.4943 | top1=93.34% | top2=96.64% | acc=93.21% | bal_acc=93.21% | macro_f1=0.9318 | weighted_f1=0.9318 | precision_macro=0.9360 | recall_macro=0.9321 | mae=0.1125 | qwk=0.9143
        ovr_roc_auc_macro=0.9846 | ovr_pr_auc_macro=0.9741
  -> best macro_f1 updated to 0.9318 (epoch 2, val_loss=0.4943)
Epoch 03/50 | Time 0m27s
  Train | loss=0.4576 | top1=96.06% | top2=99.21%
  Valid | loss=0.4556 | top1=96.30% | top2=98.73% | acc=96.25% | bal_acc=96.25% | macro_f1=0.9624 | weighted_f1=0.9624 | precision_macro=0.9628 | recall_macro=0.9625 | mae=0.0571 | qwk=0.9614
        ovr_roc_auc_macro=0.9950 | ovr_pr_auc_macro=0.9902
  -> best macro_f1 updated to 0.9624 (epoch 3, val_loss=0.4556)
Epoch 04/50 | Time 0m27s
  Train | loss=0.4452 | top1=96.93% | top2=99.39%
  Valid | loss=0.5104 | top1=88.95% | top2=96.76% | acc=88.93% | bal_acc=88.93% | macro_f1=0.8882 | weighted_f1=0.8882 | precision_macro=0.9093 | recall_macro=0.8893 | mae=0.1375 | qwk=0.9178
        ovr_roc_auc_macro=0.9934 | ovr_pr_auc_macro=0.9840
Epoch 05/50 | Time 0m27s
  Train | loss=0.4333 | top1=98.21% | top2=99.68%
  Valid | loss=0.4426 | top1=98.15% | top2=99.02% | acc=98.21% | bal_acc=98.21% | macro_f1=0.9821 | weighted_f1=0.9821 | precision_macro=0.9823 | recall_macro=0.9821 | mae=0.0268 | qwk=0.9822
        ovr_roc_auc_macro=0.9923 | ovr_pr_auc_macro=0.9857
  -> best macro_f1 updated to 0.9821 (epoch 5, val_loss=0.4426)
Epoch 06/50 | Time 0m27s
  Train | loss=0.4285 | top1=98.69% | top2=99.62%
  Valid | loss=0.4537 | top1=95.14% | top2=98.32% | acc=95.18% | bal_acc=95.18% | macro_f1=0.9516 | weighted_f1=0.9516 | precision_macro=0.9548 | recall_macro=0.9518 | mae=0.0643 | qwk=0.9602
        ovr_roc_auc_macro=0.9979 | ovr_pr_auc_macro=0.9957
Epoch 07/50 | Time 0m27s
  Train | loss=0.4237 | top1=98.98% | top2=99.84%
  Valid | loss=0.4738 | top1=95.02% | top2=98.03% | acc=95.00% | bal_acc=95.00% | macro_f1=0.9499 | weighted_f1=0.9499 | precision_macro=0.9551 | recall_macro=0.9500 | mae=0.0786 | qwk=0.9436
        ovr_roc_auc_macro=0.9964 | ovr_pr_auc_macro=0.9937
Epoch 08/50 | Time 0m27s
  Train | loss=0.4241 | top1=98.74% | top2=99.80%
  Valid | loss=0.4361 | top1=98.15% | top2=99.25% | acc=98.21% | bal_acc=98.21% | macro_f1=0.9821 | weighted_f1=0.9821 | precision_macro=0.9826 | recall_macro=0.9821 | mae=0.0304 | qwk=0.9780
        ovr_roc_auc_macro=0.9958 | ovr_pr_auc_macro=0.9950
  -> best macro_f1 updated to 0.9821 (epoch 8, val_loss=0.4361)
Epoch 09/50 | Time 0m27s
  Train | loss=0.4186 | top1=99.45% | top2=99.94%
  Valid | loss=0.4292 | top1=98.67% | top2=99.25% | acc=98.75% | bal_acc=98.75% | macro_f1=0.9875 | weighted_f1=0.9875 | precision_macro=0.9876 | recall_macro=0.9875 | mae=0.0214 | qwk=0.9844
        ovr_roc_auc_macro=0.9973 | ovr_pr_auc_macro=0.9969
  -> best macro_f1 updated to 0.9875 (epoch 9, val_loss=0.4292)
Epoch 10/50 | Time 0m27s
  Train | loss=0.4188 | top1=99.52% | top2=99.87%
  Valid | loss=0.4286 | top1=98.73% | top2=99.25% | acc=98.75% | bal_acc=98.75% | macro_f1=0.9875 | weighted_f1=0.9875 | precision_macro=0.9875 | recall_macro=0.9875 | mae=0.0214 | qwk=0.9843
        ovr_roc_auc_macro=0.9978 | ovr_pr_auc_macro=0.9969
  -> best macro_f1 updated to 0.9875 (epoch 10, val_loss=0.4286)
Epoch 11/50 | Time 0m28s
  Train | loss=0.4209 | top1=99.41% | top2=99.86%
  Valid | loss=0.4252 | top1=98.90% | top2=99.42% | acc=98.93% | bal_acc=98.93% | macro_f1=0.9893 | weighted_f1=0.9893 | precision_macro=0.9894 | recall_macro=0.9893 | mae=0.0196 | qwk=0.9851
        ovr_roc_auc_macro=0.9986 | ovr_pr_auc_macro=0.9984
  -> best macro_f1 updated to 0.9893 (epoch 11, val_loss=0.4252)
Epoch 12/50 | Time 0m28s
  Train | loss=0.4160 | top1=99.64% | top2=99.92%
  Valid | loss=0.4322 | top1=98.38% | top2=99.25% | acc=98.39% | bal_acc=98.39% | macro_f1=0.9839 | weighted_f1=0.9839 | precision_macro=0.9840 | recall_macro=0.9839 | mae=0.0250 | qwk=0.9828
        ovr_roc_auc_macro=0.9977 | ovr_pr_auc_macro=0.9959
Epoch 13/50 | Time 0m27s
  Train | loss=0.4162 | top1=99.74% | top2=99.92%
  Valid | loss=0.4283 | top1=98.73% | top2=99.42% | acc=98.75% | bal_acc=98.75% | macro_f1=0.9875 | weighted_f1=0.9875 | precision_macro=0.9875 | recall_macro=0.9875 | mae=0.0196 | qwk=0.9864
        ovr_roc_auc_macro=0.9972 | ovr_pr_auc_macro=0.9968
Epoch 14/50 | Time 0m27s
  Train | loss=0.4153 | top1=99.76% | top2=99.88%
  Valid | loss=0.4289 | top1=98.03% | top2=99.59% | acc=98.04% | bal_acc=98.04% | macro_f1=0.9804 | weighted_f1=0.9804 | precision_macro=0.9805 | recall_macro=0.9804 | mae=0.0286 | qwk=0.9814
        ovr_roc_auc_macro=0.9977 | ovr_pr_auc_macro=0.9961
Epoch 15/50 | Time 0m28s
  Train | loss=0.4160 | top1=99.70% | top2=99.86%
  Valid | loss=0.4294 | top1=98.90% | top2=99.42% | acc=98.93% | bal_acc=98.93% | macro_f1=0.9893 | weighted_f1=0.9893 | precision_macro=0.9893 | recall_macro=0.9893 | mae=0.0179 | qwk=0.9872
        ovr_roc_auc_macro=0.9968 | ovr_pr_auc_macro=0.9958
Epoch 16/50 | Time 0m27s
  Train | loss=0.4143 | top1=99.82% | top2=99.92%
  Valid | loss=0.4261 | top1=99.07% | top2=99.25% | acc=99.11% | bal_acc=99.11% | macro_f1=0.9911 | weighted_f1=0.9911 | precision_macro=0.9911 | recall_macro=0.9911 | mae=0.0143 | qwk=0.9900
        ovr_roc_auc_macro=0.9973 | ovr_pr_auc_macro=0.9956
  -> best macro_f1 updated to 0.9911 (epoch 16, val_loss=0.4261)
Epoch 17/50 | Time 0m28s
  Train | loss=0.4152 | top1=99.76% | top2=99.88%
  Valid | loss=0.4245 | top1=98.73% | top2=99.59% | acc=98.75% | bal_acc=98.75% | macro_f1=0.9875 | weighted_f1=0.9875 | precision_macro=0.9875 | recall_macro=0.9875 | mae=0.0196 | qwk=0.9864
        ovr_roc_auc_macro=0.9982 | ovr_pr_auc_macro=0.9974
Epoch 18/50 | Time 0m27s
  Train | loss=0.4150 | top1=99.72% | top2=99.92%
  Valid | loss=0.4267 | top1=99.07% | top2=99.42% | acc=99.11% | bal_acc=99.11% | macro_f1=0.9911 | weighted_f1=0.9911 | precision_macro=0.9911 | recall_macro=0.9911 | mae=0.0143 | qwk=0.9900
        ovr_roc_auc_macro=0.9967 | ovr_pr_auc_macro=0.9960
Epoch 19/50 | Time 0m27s
  Train | loss=0.4141 | top1=99.82% | top2=99.94%
  Valid | loss=0.4271 | top1=99.07% | top2=99.42% | acc=99.11% | bal_acc=99.11% | macro_f1=0.9911 | weighted_f1=0.9911 | precision_macro=0.9911 | recall_macro=0.9911 | mae=0.0143 | qwk=0.9900
        ovr_roc_auc_macro=0.9962 | ovr_pr_auc_macro=0.9943
Epoch 20/50 | Time 0m27s
  Train | loss=0.4150 | top1=99.72% | top2=99.92%
  Valid | loss=0.4266 | top1=99.07% | top2=99.42% | acc=99.11% | bal_acc=99.11% | macro_f1=0.9911 | weighted_f1=0.9911 | precision_macro=0.9911 | recall_macro=0.9911 | mae=0.0143 | qwk=0.9900
        ovr_roc_auc_macro=0.9967 | ovr_pr_auc_macro=0.9960
Epoch 21/50 | Time 0m28s
  Train | loss=0.4150 | top1=99.68% | top2=99.92%
  Valid | loss=0.4285 | top1=98.90% | top2=99.42% | acc=98.93% | bal_acc=98.93% | macro_f1=0.9893 | weighted_f1=0.9893 | precision_macro=0.9893 | recall_macro=0.9893 | mae=0.0161 | qwk=0.9893
        ovr_roc_auc_macro=0.9965 | ovr_pr_auc_macro=0.9950
Epoch 22/50 | Time 0m27s
  Train | loss=0.4139 | top1=99.82% | top2=99.94%
  Valid | loss=0.4284 | top1=98.55% | top2=99.42% | acc=98.57% | bal_acc=98.57% | macro_f1=0.9856 | weighted_f1=0.9856 | precision_macro=0.9857 | recall_macro=0.9857 | mae=0.0214 | qwk=0.9858
        ovr_roc_auc_macro=0.9966 | ovr_pr_auc_macro=0.9957
Epoch 23/50 | Time 0m27s
  Train | loss=0.4145 | top1=99.76% | top2=99.92%
  Valid | loss=0.4247 | top1=99.25% | top2=99.42% | acc=99.29% | bal_acc=99.29% | macro_f1=0.9929 | weighted_f1=0.9929 | precision_macro=0.9929 | recall_macro=0.9929 | mae=0.0125 | qwk=0.9907
        ovr_roc_auc_macro=0.9968 | ovr_pr_auc_macro=0.9964
  -> best macro_f1 updated to 0.9929 (epoch 23, val_loss=0.4247)
Epoch 24/50 | Time 0m28s
  Train | loss=0.4133 | top1=99.87% | top2=99.95%
  Valid | loss=0.4256 | top1=99.25% | top2=99.42% | acc=99.29% | bal_acc=99.29% | macro_f1=0.9928 | weighted_f1=0.9928 | precision_macro=0.9929 | recall_macro=0.9929 | mae=0.0125 | qwk=0.9907
        ovr_roc_auc_macro=0.9968 | ovr_pr_auc_macro=0.9962
Epoch 25/50 | Time 0m28s
  Train | loss=0.4137 | top1=99.84% | top2=99.96%
  Valid | loss=0.4254 | top1=99.07% | top2=99.42% | acc=99.11% | bal_acc=99.11% | macro_f1=0.9911 | weighted_f1=0.9911 | precision_macro=0.9911 | recall_macro=0.9911 | mae=0.0161 | qwk=0.9879
        ovr_roc_auc_macro=0.9968 | ovr_pr_auc_macro=0.9963
Epoch 26/50 | Time 0m28s
  Train | loss=0.4130 | top1=99.92% | top2=99.98%
  Valid | loss=0.4249 | top1=99.25% | top2=99.42% | acc=99.29% | bal_acc=99.29% | macro_f1=0.9928 | weighted_f1=0.9928 | precision_macro=0.9929 | recall_macro=0.9929 | mae=0.0125 | qwk=0.9907
        ovr_roc_auc_macro=0.9967 | ovr_pr_auc_macro=0.9961
Epoch 27/50 | Time 0m28s
  Train | loss=0.4128 | top1=99.92% | top2=99.98%
  Valid | loss=0.4247 | top1=99.25% | top2=99.42% | acc=99.29% | bal_acc=99.29% | macro_f1=0.9928 | weighted_f1=0.9928 | precision_macro=0.9929 | recall_macro=0.9929 | mae=0.0125 | qwk=0.9907
        ovr_roc_auc_macro=0.9968 | ovr_pr_auc_macro=0.9963
Epoch 28/50 | Time 0m27s
  Train | loss=0.4130 | top1=99.90% | top2=99.98%
  Valid | loss=0.4277 | top1=98.90% | top2=99.25% | acc=98.93% | bal_acc=98.93% | macro_f1=0.9893 | weighted_f1=0.9893 | precision_macro=0.9893 | recall_macro=0.9893 | mae=0.0196 | qwk=0.9836
        ovr_roc_auc_macro=0.9966 | ovr_pr_auc_macro=0.9955
Epoch 29/50 | Time 0m28s
  Train | loss=0.4131 | top1=99.88% | top2=99.96%
  Valid | loss=0.4234 | top1=99.07% | top2=99.59% | acc=99.11% | bal_acc=99.11% | macro_f1=0.9911 | weighted_f1=0.9911 | precision_macro=0.9911 | recall_macro=0.9911 | mae=0.0161 | qwk=0.9879
        ovr_roc_auc_macro=0.9971 | ovr_pr_auc_macro=0.9964
Epoch 30/50 | Time 0m27s
  Train | loss=0.4132 | top1=99.84% | top2=99.98%
  Valid | loss=0.4261 | top1=99.07% | top2=99.42% | acc=99.11% | bal_acc=99.11% | macro_f1=0.9911 | weighted_f1=0.9911 | precision_macro=0.9911 | recall_macro=0.9911 | mae=0.0161 | qwk=0.9879
        ovr_roc_auc_macro=0.9962 | ovr_pr_auc_macro=0.9939
Epoch 31/50 | Time 0m27s
  Train | loss=0.4128 | top1=99.92% | top2=99.98%
  Valid | loss=0.4265 | top1=99.25% | top2=99.42% | acc=99.29% | bal_acc=99.29% | macro_f1=0.9928 | weighted_f1=0.9928 | precision_macro=0.9929 | recall_macro=0.9929 | mae=0.0125 | qwk=0.9907
        ovr_roc_auc_macro=0.9964 | ovr_pr_auc_macro=0.9952
Epoch 32/50 | Time 0m27s
  Train | loss=0.4136 | top1=99.84% | top2=99.96%
  Valid | loss=0.4252 | top1=99.25% | top2=99.42% | acc=99.29% | bal_acc=99.29% | macro_f1=0.9928 | weighted_f1=0.9928 | precision_macro=0.9929 | recall_macro=0.9929 | mae=0.0125 | qwk=0.9907
        ovr_roc_auc_macro=0.9968 | ovr_pr_auc_macro=0.9962
Epoch 33/50 | Time 0m27s
  Train | loss=0.4134 | top1=99.84% | top2=99.96%
  Valid | loss=0.4260 | top1=98.90% | top2=99.42% | acc=98.93% | bal_acc=98.93% | macro_f1=0.9893 | weighted_f1=0.9893 | precision_macro=0.9893 | recall_macro=0.9893 | mae=0.0161 | qwk=0.9893
        ovr_roc_auc_macro=0.9968 | ovr_pr_auc_macro=0.9963
  -> early stopping triggered at epoch 33

[TEST] loss=dast
  Test | loss=0.4713 | top1=95.19% | top2=97.12% | acc=95.19% | bal_acc=95.19% | macro_f1=0.9507 | weighted_f1=0.9507 | precision_macro=0.9559 | recall_macro=0.9519 | mae=0.0656 | qwk=0.9573
        ovr_roc_auc_macro=0.9860 | ovr_pr_auc_macro=0.9599
  Confusion Matrix:
[[327  51  20   2]
 [  0 396   0   4]
 [  0   0 400   0]
 [  0   0   0 400]]
  Classification Report:
              precision    recall  f1-score   support

      glioma     1.0000    0.8175    0.8996       400
  meningioma     0.8859    0.9900    0.9351       400
     notumor     0.9524    1.0000    0.9756       400
   pituitary     0.9852    1.0000    0.9926       400

    accuracy                         0.9519      1600
   macro avg     0.9559    0.9519    0.9507      1600
weighted avg     0.9559    0.9519    0.9507      1600


==========================================================================================
Summary CSV saved: E:\Paper\Computer-Vision-for-Medicine\Brain_Tumor_MRI_Loss\logs\ResNet_layer3+MECS_20260409_135417_summary.csv
Top results by test_macro_f1:
  dast: macro_f1=0.9507, qwk=0.9573, mae=0.0656, acc=0.9519, top1=0.9519
  ce: macro_f1=0.9483, qwk=0.9603, mae=0.0656, acc=0.9494, top1=0.9494
==========================================================================================
