
====================================================================================================
RUN SCRIPT: ResNet_layer3+GCSA.py
LOSSES: pcol
START TIME: 2026-03-23T23:46:47
LOG FILE: E:\Paper\Computer-Vision-for-Medicine\chest-x-ray-image_Loss\batch_logs\ResNet_layer3+GCSA_20260323_234647.log
====================================================================================================
==========================================================================================
Script: ResNet_layer3+GCSA
Module: GCSA | Insert after: layer3
Device: cuda
CUDA: NVIDIA GeForce RTX 4080 SUPER
Train dir: E:\Paper\Computer-Vision-for-Medicine\CPN\train
Test dir : E:\Paper\Computer-Vision-for-Medicine\CPN\test
Config | batch_size=32, epochs=50, num_workers=4, image_size=224, base_lr=0.0001, val_ratio=0.1, patience=15
Losses to run: ['pcol']
==========================================================================================
Split sizes | train=4630, valid=514, test=1288
Classes (3): ['COVID19', 'NORMAL', 'PNEUMONIA']
Train class counts: [415, 1152, 3063]
Loading torchvision ResNet50 pretrained weights once...
Pretrained state keys: 320

##########################################################################################
Starting loss: pcol
##########################################################################################
Model params: 49,733,699 | pretrained loaded: 320/338 | feat_dim=2048
Criterion: PrototypeConsistencyOrdinalLoss
Criterion trainable params: 6,144
[ERROR] loss=pcol failed: CUDA error: out of memory
Search for `cudaErrorMemoryAllocation' in https://docs.nvidia.com/cuda/cuda-runtime-api/group__CUDART__TYPES.html for more information.
CUDA kernel errors might be asynchronously reported at some other API call, so the stacktrace below might be incorrect.
For debugging consider passing CUDA_LAUNCH_BLOCKING=1
Compile with `TORCH_USE_CUDA_DSA` to enable device-side assertions.

Traceback (most recent call last):
  File "E:\Paper\Computer-Vision-for-Medicine\chest-x-ray-image_Loss\chest_xray_loss_experiment_common.py", line 779, in run_chestxray_medical_losses_experiments
    valid_loss, valid_top, valid_metrics = evaluate(
                                           ^^^^^^^^^
  File "D:\ProgramData\miniconda3\envs\Paper\Lib\site-packages\torch\utils\_contextlib.py", line 124, in decorate_context
    return func(*args, **kwargs)
           ^^^^^^^^^^^^^^^^^^^^^
  File "E:\Paper\Computer-Vision-for-Medicine\chest-x-ray-image_Loss\chest_xray_loss_experiment_common.py", line 520, in evaluate
    pred = prob.argmax(dim=1)
           ^^^^^^^^^^^^^^^^^^
torch.AcceleratorError: CUDA error: out of memory
Search for `cudaErrorMemoryAllocation' in https://docs.nvidia.com/cuda/cuda-runtime-api/group__CUDART__TYPES.html for more information.
CUDA kernel errors might be asynchronously reported at some other API call, so the stacktrace below might be incorrect.
For debugging consider passing CUDA_LAUNCH_BLOCKING=1
Compile with `TORCH_USE_CUDA_DSA` to enable device-side assertions.



==========================================================================================
Summary CSV saved: E:\Paper\Computer-Vision-for-Medicine\chest-x-ray-image_Loss\logs\ResNet_layer3+GCSA_20260323_234651_summary.csv
No successful loss run found.
Log file saved: E:\Paper\Computer-Vision-for-Medicine\chest-x-ray-image_Loss\logs\ResNet_layer3+GCSA_20260323_234651.log
==========================================================================================

EXIT CODE: 0
END TIME: 2026-03-23T23:47:43
====================================================================================================
