
====================================================================================================
RUN SCRIPT: ResNet_layer3+MDFA.py
LOSSES: pcol
START TIME: 2026-03-23T20:06:07
LOG FILE: E:\Paper\Computer-Vision-for-Medicine\chest-x-ray-image_Loss\batch_logs\ResNet_layer3+MDFA_20260323_200607.log
====================================================================================================
==========================================================================================
Script: ResNet_layer3+MDFA
Module: MDFA | Insert after: layer3
Device: cuda
CUDA: NVIDIA GeForce RTX 4080 SUPER
Train dir: E:\Paper\Computer-Vision-for-Medicine\CPN\train
Test dir : E:\Paper\Computer-Vision-for-Medicine\CPN\test
Config | batch_size=32, epochs=40, num_workers=4, image_size=224, base_lr=0.0001, val_ratio=0.1, patience=10
Losses to run: ['pcol']
==========================================================================================
Split sizes | train=4630, valid=514, test=1288
Classes (3): ['COVID19', 'NORMAL', 'PNEUMONIA']
Train class counts: [415, 1152, 3063]
Loading torchvision ResNet50 pretrained weights once...
Pretrained state keys: 320

##########################################################################################
Starting loss: pcol
##########################################################################################
Model params: 85,400,132 | pretrained loaded: 320/361 | feat_dim=2048
Criterion: PrototypeConsistencyOrdinalLoss
Criterion trainable params: 6,144
Epoch 01/40 | Time 0m52s
  Train | loss=1.0600 | top1=56.62% | top2=83.91% | top3=100.00%
  Valid | loss=1.0080 | top1=79.96% | top2=94.30% | top3=100.00% | acc=78.79% | bal_acc=67.51% | macro_f1=0.6716 | weighted_f1=0.7801 | precision_macro=0.6998 | recall_macro=0.6751 | qwk=0.5386 | mae=0.2763
        ovr_roc_auc_macro=0.8659 | ovr_pr_auc_macro=0.7221
  -> best macro_f1 updated to 0.6716 (epoch 1)
Epoch 02/40 | Time 0m51s
  Train | loss=0.8364 | top1=83.47% | top2=98.43% | top3=100.00%
  Valid | loss=0.6314 | top1=88.79% | top2=99.08% | top3=100.00% | acc=88.13% | bal_acc=75.98% | macro_f1=0.8122 | weighted_f1=0.8760 | precision_macro=0.9094 | recall_macro=0.7598 | qwk=0.6938 | mae=0.1537
        ovr_roc_auc_macro=0.9751 | ovr_pr_auc_macro=0.9539
  -> best macro_f1 updated to 0.8122 (epoch 2)
Epoch 03/40 | Time 0m51s
  Train | loss=0.3829 | top1=91.06% | top2=99.57% | top3=100.00%
  Valid | loss=0.2494 | top1=95.22% | top2=100.00% | top3=100.00% | acc=94.94% | bal_acc=94.53% | macro_f1=0.9444 | weighted_f1=0.9495 | precision_macro=0.9436 | recall_macro=0.9453 | qwk=0.9320 | mae=0.0525
        ovr_roc_auc_macro=0.9879 | ovr_pr_auc_macro=0.9800
  -> best macro_f1 updated to 0.9444 (epoch 3)
Epoch 04/40 | Time 0m51s
  Train | loss=0.1943 | top1=95.02% | top2=99.91% | top3=100.00%
  Valid | loss=0.1457 | top1=96.69% | top2=100.00% | top3=100.00% | acc=96.50% | bal_acc=95.68% | macro_f1=0.9595 | weighted_f1=0.9648 | precision_macro=0.9623 | recall_macro=0.9568 | qwk=0.9506 | mae=0.0370
        ovr_roc_auc_macro=0.9940 | ovr_pr_auc_macro=0.9900
  -> best macro_f1 updated to 0.9595 (epoch 4)
Epoch 05/40 | Time 0m51s
  Train | loss=0.1595 | top1=95.71% | top2=99.89% | top3=100.00%
  Valid | loss=0.1271 | top1=96.88% | top2=100.00% | top3=100.00% | acc=96.69% | bal_acc=95.82% | macro_f1=0.9609 | weighted_f1=0.9664 | precision_macro=0.9652 | recall_macro=0.9582 | qwk=0.9534 | mae=0.0350
        ovr_roc_auc_macro=0.9966 | ovr_pr_auc_macro=0.9939
  -> best macro_f1 updated to 0.9609 (epoch 5)
Epoch 06/40 | Time 0m52s
  Train | loss=0.1184 | top1=96.96% | top2=99.91% | top3=100.00%
  Valid | loss=0.1405 | top1=96.32% | top2=100.00% | top3=100.00% | acc=96.11% | bal_acc=97.13% | macro_f1=0.9601 | weighted_f1=0.9615 | precision_macro=0.9500 | recall_macro=0.9713 | qwk=0.9466 | mae=0.0409
        ovr_roc_auc_macro=0.9958 | ovr_pr_auc_macro=0.9933
Epoch 07/40 | Time 0m51s
  Train | loss=0.1119 | top1=96.54% | top2=99.91% | top3=100.00%
  Valid | loss=0.1224 | top1=94.30% | top2=100.00% | top3=100.00% | acc=96.89% | bal_acc=96.91% | macro_f1=0.9615 | weighted_f1=0.9688 | precision_macro=0.9547 | recall_macro=0.9691 | qwk=0.9492 | mae=0.0350
        ovr_roc_auc_macro=0.9979 | ovr_pr_auc_macro=0.9959
  -> best macro_f1 updated to 0.9615 (epoch 7)
Epoch 08/40 | Time 0m51s
  Train | loss=0.0931 | top1=97.54% | top2=99.98% | top3=100.00%
  Valid | loss=0.1069 | top1=97.98% | top2=100.00% | top3=100.00% | acc=97.86% | bal_acc=97.97% | macro_f1=0.9744 | weighted_f1=0.9786 | precision_macro=0.9693 | recall_macro=0.9797 | qwk=0.9605 | mae=0.0253
        ovr_roc_auc_macro=0.9976 | ovr_pr_auc_macro=0.9964
  -> best macro_f1 updated to 0.9744 (epoch 8)
Epoch 09/40 | Time 0m50s
  Train | loss=0.0831 | top1=97.64% | top2=100.00% | top3=100.00%
  Valid | loss=0.0893 | top1=98.35% | top2=99.82% | top3=100.00% | acc=98.25% | bal_acc=97.71% | macro_f1=0.9781 | weighted_f1=0.9825 | precision_macro=0.9791 | recall_macro=0.9771 | qwk=0.9648 | mae=0.0214
        ovr_roc_auc_macro=0.9941 | ovr_pr_auc_macro=0.9902
  -> best macro_f1 updated to 0.9781 (epoch 9)
Epoch 10/40 | Time 0m51s
  Train | loss=0.0774 | top1=98.00% | top2=99.98% | top3=100.00%
  Valid | loss=0.0705 | top1=98.53% | top2=100.00% | top3=100.00% | acc=98.44% | bal_acc=98.45% | macro_f1=0.9823 | weighted_f1=0.9844 | precision_macro=0.9801 | recall_macro=0.9845 | qwk=0.9743 | mae=0.0175
        ovr_roc_auc_macro=0.9969 | ovr_pr_auc_macro=0.9965
  -> best macro_f1 updated to 0.9823 (epoch 10)
Epoch 11/40 | Time 0m51s
  Train | loss=0.0601 | top1=98.29% | top2=99.96% | top3=100.00%
  Valid | loss=0.0931 | top1=97.61% | top2=99.63% | top3=100.00% | acc=97.47% | bal_acc=98.38% | macro_f1=0.9732 | weighted_f1=0.9750 | precision_macro=0.9635 | recall_macro=0.9838 | qwk=0.9628 | mae=0.0272
        ovr_roc_auc_macro=0.9984 | ovr_pr_auc_macro=0.9973
Epoch 12/40 | Time 0m51s
  Train | loss=0.0639 | top1=98.20% | top2=100.00% | top3=100.00%
  Valid | loss=0.0834 | top1=97.61% | top2=100.00% | top3=100.00% | acc=97.47% | bal_acc=96.79% | macro_f1=0.9721 | weighted_f1=0.9744 | precision_macro=0.9773 | recall_macro=0.9679 | qwk=0.9625 | mae=0.0272
        ovr_roc_auc_macro=0.9970 | ovr_pr_auc_macro=0.9958
Epoch 13/40 | Time 0m52s
  Train | loss=0.0401 | top1=98.97% | top2=99.98% | top3=100.00%
  Valid | loss=0.0760 | top1=97.98% | top2=99.82% | top3=100.00% | acc=97.86% | bal_acc=97.97% | macro_f1=0.9744 | weighted_f1=0.9786 | precision_macro=0.9693 | recall_macro=0.9797 | qwk=0.9605 | mae=0.0253
        ovr_roc_auc_macro=0.9981 | ovr_pr_auc_macro=0.9967
Epoch 14/40 | Time 0m51s
  Train | loss=0.0418 | top1=98.94% | top2=100.00% | top3=100.00%
  Valid | loss=0.1118 | top1=95.40% | top2=100.00% | top3=100.00% | acc=98.05% | bal_acc=97.82% | macro_f1=0.9763 | weighted_f1=0.9806 | precision_macro=0.9744 | recall_macro=0.9782 | qwk=0.9625 | mae=0.0233
        ovr_roc_auc_macro=0.9976 | ovr_pr_auc_macro=0.9963
Epoch 15/40 | Time 0m51s
  Train | loss=0.0355 | top1=99.16% | top2=99.98% | top3=100.00%
  Valid | loss=0.0727 | top1=97.98% | top2=100.00% | top3=100.00% | acc=97.86% | bal_acc=96.93% | macro_f1=0.9740 | weighted_f1=0.9785 | precision_macro=0.9791 | recall_macro=0.9693 | qwk=0.9600 | mae=0.0253
        ovr_roc_auc_macro=0.9958 | ovr_pr_auc_macro=0.9950
Epoch 16/40 | Time 0m51s
  Train | loss=0.0311 | top1=99.14% | top2=100.00% | top3=100.00%
  Valid | loss=0.0722 | top1=98.16% | top2=100.00% | top3=100.00% | acc=98.05% | bal_acc=97.82% | macro_f1=0.9763 | weighted_f1=0.9806 | precision_macro=0.9744 | recall_macro=0.9782 | qwk=0.9625 | mae=0.0233
        ovr_roc_auc_macro=0.9977 | ovr_pr_auc_macro=0.9964
Epoch 17/40 | Time 0m51s
  Train | loss=0.0240 | top1=99.50% | top2=100.00% | top3=100.00%
  Valid | loss=0.0666 | top1=98.16% | top2=100.00% | top3=100.00% | acc=98.05% | bal_acc=97.87% | macro_f1=0.9783 | weighted_f1=0.9805 | precision_macro=0.9781 | recall_macro=0.9787 | qwk=0.9696 | mae=0.0214
        ovr_roc_auc_macro=0.9982 | ovr_pr_auc_macro=0.9970
Epoch 18/40 | Time 0m51s
  Train | loss=0.0197 | top1=99.59% | top2=99.98% | top3=100.00%
  Valid | loss=0.0590 | top1=98.16% | top2=100.00% | top3=100.00% | acc=98.05% | bal_acc=97.87% | macro_f1=0.9783 | weighted_f1=0.9805 | precision_macro=0.9781 | recall_macro=0.9787 | qwk=0.9696 | mae=0.0214
        ovr_roc_auc_macro=0.9985 | ovr_pr_auc_macro=0.9974
Epoch 19/40 | Time 0m51s
  Train | loss=0.0237 | top1=99.46% | top2=100.00% | top3=100.00%
  Valid | loss=0.0627 | top1=97.61% | top2=100.00% | top3=100.00% | acc=97.47% | bal_acc=96.60% | macro_f1=0.9720 | weighted_f1=0.9743 | precision_macro=0.9795 | recall_macro=0.9660 | qwk=0.9625 | mae=0.0272
        ovr_roc_auc_macro=0.9986 | ovr_pr_auc_macro=0.9976
Epoch 20/40 | Time 0m50s
  Train | loss=0.0206 | top1=99.44% | top2=100.00% | top3=100.00%
  Valid | loss=0.0682 | top1=98.16% | top2=100.00% | top3=100.00% | acc=98.05% | bal_acc=98.27% | macro_f1=0.9785 | weighted_f1=0.9806 | precision_macro=0.9745 | recall_macro=0.9827 | qwk=0.9697 | mae=0.0214
        ovr_roc_auc_macro=0.9989 | ovr_pr_auc_macro=0.9978
  -> early stopping triggered at epoch 20

[TEST] loss=pcol
  Test | loss=0.1138 | top1=96.57% | top2=100.00% | top3=100.00% | acc=96.51% | bal_acc=96.66% | macro_f1=0.9662 | weighted_f1=0.9650 | precision_macro=0.9659 | recall_macro=0.9666 | qwk=0.9589 | mae=0.0349
        ovr_roc_auc_macro=0.9952 | ovr_pr_auc_macro=0.9914
  Confusion Matrix:
[[116   0   0]
 [  1 293  23]
 [  0  21 834]]
  Classification Report:
              precision    recall  f1-score   support

     COVID19     0.9915    1.0000    0.9957       116
      NORMAL     0.9331    0.9243    0.9287       317
   PNEUMONIA     0.9732    0.9754    0.9743       855

    accuracy                         0.9651      1288
   macro avg     0.9659    0.9666    0.9662      1288
weighted avg     0.9650    0.9651    0.9650      1288


==========================================================================================
Summary CSV saved: E:\Paper\Computer-Vision-for-Medicine\chest-x-ray-image_Loss\logs\ResNet_layer3+MDFA_20260323_200610_summary.csv
Top results by test_macro_f1:
  pcol: macro_f1=0.9662, acc=96.51%, bal_acc=96.66%
Log file saved: E:\Paper\Computer-Vision-for-Medicine\chest-x-ray-image_Loss\logs\ResNet_layer3+MDFA_20260323_200610.log
==========================================================================================

EXIT CODE: 0
END TIME: 2026-03-23T20:23:45
====================================================================================================
