
====================================================================================================
RUN SCRIPT: ResNet_layer3+GCSA.py
LOSSES: pcol
START TIME: 2026-03-23T23:35:55
LOG FILE: E:\Paper\Computer-Vision-for-Medicine\chest-x-ray-image_Loss\batch_logs\ResNet_layer3+GCSA_20260323_233555.log
====================================================================================================
==========================================================================================
Script: ResNet_layer3+GCSA
Module: GCSA | Insert after: layer3
Device: cuda
CUDA: NVIDIA GeForce RTX 4080 SUPER
Train dir: E:\Paper\Computer-Vision-for-Medicine\CPN\train
Test dir : E:\Paper\Computer-Vision-for-Medicine\CPN\test
Config | batch_size=32, epochs=40, num_workers=4, image_size=224, base_lr=0.0001, val_ratio=0.1, patience=10
Losses to run: ['pcol']
==========================================================================================
Split sizes | train=4630, valid=514, test=1288
Classes (3): ['COVID19', 'NORMAL', 'PNEUMONIA']
Train class counts: [415, 1152, 3063]
Loading torchvision ResNet50 pretrained weights once...
Pretrained state keys: 320

##########################################################################################
Starting loss: pcol
##########################################################################################
Model params: 49,733,699 | pretrained loaded: 320/338 | feat_dim=2048
Criterion: PrototypeConsistencyOrdinalLoss
Criterion trainable params: 6,144
Epoch 01/40 | Time 0m43s
  Train | loss=1.0704 | top1=50.31% | top2=82.54% | top3=100.00%
  Valid | loss=1.0031 | top1=70.22% | top2=96.32% | top3=100.00% | acc=71.40% | bal_acc=40.08% | macro_f1=0.4009 | weighted_f1=0.6289 | precision_macro=0.7312 | recall_macro=0.4008 | qwk=0.1271 | mae=0.3696
        ovr_roc_auc_macro=0.8425 | ovr_pr_auc_macro=0.7004
  -> best macro_f1 updated to 0.4009 (epoch 1)
[ERROR] loss=pcol failed: Caught MemoryError in DataLoader worker process 3.
Original Traceback (most recent call last):
  File "D:\ProgramData\miniconda3\envs\Paper\Lib\site-packages\torch\utils\data\_utils\worker.py", line 358, in _worker_loop
    data = fetcher.fetch(index)  # type: ignore[possibly-undefined]
           ^^^^^^^^^^^^^^^^^^^^
  File "D:\ProgramData\miniconda3\envs\Paper\Lib\site-packages\torch\utils\data\_utils\fetch.py", line 54, in fetch
    data = [self.dataset[idx] for idx in possibly_batched_index]
           ^^^^^^^^^^^^^^^^^^^^^^^^^^^^^^^^^^^^^^^^^^^^^^^^^^^^^
  File "D:\ProgramData\miniconda3\envs\Paper\Lib\site-packages\torch\utils\data\_utils\fetch.py", line 54, in <listcomp>
    data = [self.dataset[idx] for idx in possibly_batched_index]
            ~~~~~~~~~~~~^^^^^
  File "E:\Paper\Computer-Vision-for-Medicine\chest-x-ray-image_Loss\chest_xray_loss_experiment_common.py", line 148, in __getitem__
    x = self.transform(x)
        ^^^^^^^^^^^^^^^^^
  File "D:\ProgramData\miniconda3\envs\Paper\Lib\site-packages\torchvision\transforms\transforms.py", line 95, in __call__
    img = t(img)
          ^^^^^^
  File "D:\ProgramData\miniconda3\envs\Paper\Lib\site-packages\torch\nn\modules\module.py", line 1776, in _wrapped_call_impl
    return self._call_impl(*args, **kwargs)
           ^^^^^^^^^^^^^^^^^^^^^^^^^^^^^^^^
  File "D:\ProgramData\miniconda3\envs\Paper\Lib\site-packages\torch\nn\modules\module.py", line 1787, in _call_impl
    return forward_call(*args, **kwargs)
           ^^^^^^^^^^^^^^^^^^^^^^^^^^^^^
  File "D:\ProgramData\miniconda3\envs\Paper\Lib\site-packages\torchvision\transforms\transforms.py", line 1581, in forward
    return F.rgb_to_grayscale(img, num_output_channels=self.num_output_channels)
           ^^^^^^^^^^^^^^^^^^^^^^^^^^^^^^^^^^^^^^^^^^^^^^^^^^^^^^^^^^^^^^^^^^^^^
  File "D:\ProgramData\miniconda3\envs\Paper\Lib\site-packages\torchvision\transforms\functional.py", line 1289, in rgb_to_grayscale
    return F_pil.to_grayscale(img, num_output_channels)
           ^^^^^^^^^^^^^^^^^^^^^^^^^^^^^^^^^^^^^^^^^^^^
  File "D:\ProgramData\miniconda3\envs\Paper\Lib\site-packages\torchvision\transforms\_functional_pil.py", line 345, in to_grayscale
    np_img = np.array(img, dtype=np.uint8)
             ^^^^^^^^^^^^^^^^^^^^^^^^^^^^^
  File "D:\ProgramData\miniconda3\envs\Paper\Lib\site-packages\PIL\Image.py", line 724, in __array_interface__
    new["data"] = self.tobytes()
                  ^^^^^^^^^^^^^^
  File "D:\ProgramData\miniconda3\envs\Paper\Lib\site-packages\PIL\Image.py", line 808, in tobytes
    return b"".join(output)
           ^^^^^^^^^^^^^^^^
MemoryError

Traceback (most recent call last):
  File "E:\Paper\Computer-Vision-for-Medicine\chest-x-ray-image_Loss\chest_xray_loss_experiment_common.py", line 769, in run_chestxray_medical_losses_experiments
    train_loss, train_top = train_one_epoch(
                            ^^^^^^^^^^^^^^^^
  File "E:\Paper\Computer-Vision-for-Medicine\chest-x-ray-image_Loss\chest_xray_loss_experiment_common.py", line 468, in train_one_epoch
    for x, y in loader:
  File "D:\ProgramData\miniconda3\envs\Paper\Lib\site-packages\torch\utils\data\dataloader.py", line 741, in __next__
    data = self._next_data()
           ^^^^^^^^^^^^^^^^^
  File "D:\ProgramData\miniconda3\envs\Paper\Lib\site-packages\torch\utils\data\dataloader.py", line 1548, in _next_data
    return self._process_data(data, worker_id)
           ^^^^^^^^^^^^^^^^^^^^^^^^^^^^^^^^^^^
  File "D:\ProgramData\miniconda3\envs\Paper\Lib\site-packages\torch\utils\data\dataloader.py", line 1586, in _process_data
    data.reraise()
  File "D:\ProgramData\miniconda3\envs\Paper\Lib\site-packages\torch\_utils.py", line 775, in reraise
    raise exception
MemoryError: Caught MemoryError in DataLoader worker process 3.
Original Traceback (most recent call last):
  File "D:\ProgramData\miniconda3\envs\Paper\Lib\site-packages\torch\utils\data\_utils\worker.py", line 358, in _worker_loop
    data = fetcher.fetch(index)  # type: ignore[possibly-undefined]
           ^^^^^^^^^^^^^^^^^^^^
  File "D:\ProgramData\miniconda3\envs\Paper\Lib\site-packages\torch\utils\data\_utils\fetch.py", line 54, in fetch
    data = [self.dataset[idx] for idx in possibly_batched_index]
           ^^^^^^^^^^^^^^^^^^^^^^^^^^^^^^^^^^^^^^^^^^^^^^^^^^^^^
  File "D:\ProgramData\miniconda3\envs\Paper\Lib\site-packages\torch\utils\data\_utils\fetch.py", line 54, in <listcomp>
    data = [self.dataset[idx] for idx in possibly_batched_index]
            ~~~~~~~~~~~~^^^^^
  File "E:\Paper\Computer-Vision-for-Medicine\chest-x-ray-image_Loss\chest_xray_loss_experiment_common.py", line 148, in __getitem__
    x = self.transform(x)
        ^^^^^^^^^^^^^^^^^
  File "D:\ProgramData\miniconda3\envs\Paper\Lib\site-packages\torchvision\transforms\transforms.py", line 95, in __call__
    img = t(img)
          ^^^^^^
  File "D:\ProgramData\miniconda3\envs\Paper\Lib\site-packages\torch\nn\modules\module.py", line 1776, in _wrapped_call_impl
    return self._call_impl(*args, **kwargs)
           ^^^^^^^^^^^^^^^^^^^^^^^^^^^^^^^^
  File "D:\ProgramData\miniconda3\envs\Paper\Lib\site-packages\torch\nn\modules\module.py", line 1787, in _call_impl
    return forward_call(*args, **kwargs)
           ^^^^^^^^^^^^^^^^^^^^^^^^^^^^^
  File "D:\ProgramData\miniconda3\envs\Paper\Lib\site-packages\torchvision\transforms\transforms.py", line 1581, in forward
    return F.rgb_to_grayscale(img, num_output_channels=self.num_output_channels)
           ^^^^^^^^^^^^^^^^^^^^^^^^^^^^^^^^^^^^^^^^^^^^^^^^^^^^^^^^^^^^^^^^^^^^^
  File "D:\ProgramData\miniconda3\envs\Paper\Lib\site-packages\torchvision\transforms\functional.py", line 1289, in rgb_to_grayscale
    return F_pil.to_grayscale(img, num_output_channels)
           ^^^^^^^^^^^^^^^^^^^^^^^^^^^^^^^^^^^^^^^^^^^^
  File "D:\ProgramData\miniconda3\envs\Paper\Lib\site-packages\torchvision\transforms\_functional_pil.py", line 345, in to_grayscale
    np_img = np.array(img, dtype=np.uint8)
             ^^^^^^^^^^^^^^^^^^^^^^^^^^^^^
  File "D:\ProgramData\miniconda3\envs\Paper\Lib\site-packages\PIL\Image.py", line 724, in __array_interface__
    new["data"] = self.tobytes()
                  ^^^^^^^^^^^^^^
  File "D:\ProgramData\miniconda3\envs\Paper\Lib\site-packages\PIL\Image.py", line 808, in tobytes
    return b"".join(output)
           ^^^^^^^^^^^^^^^^
MemoryError



==========================================================================================
Summary CSV saved: E:\Paper\Computer-Vision-for-Medicine\chest-x-ray-image_Loss\logs\ResNet_layer3+GCSA_20260323_233558_summary.csv
No successful loss run found.
Log file saved: E:\Paper\Computer-Vision-for-Medicine\chest-x-ray-image_Loss\logs\ResNet_layer3+GCSA_20260323_233558.log
==========================================================================================

EXIT CODE: 0
END TIME: 2026-03-23T23:37:24
====================================================================================================
