
====================================================================================================
RUN SCRIPT: ResNet_layer3+MDFA.py
START TIME: 2026-03-23T03:51:13
LOG FILE: E:\Paper\Computer-Vision-for-Medicine\chest-x-ray-image_Loss\batch_logs\ResNet_layer3+MDFA_20260323_035113.log
====================================================================================================
==========================================================================================
Script: ResNet_layer3+MDFA
Module: MDFA | Insert after: layer3
Device: cuda
CUDA: NVIDIA GeForce RTX 4080 SUPER
Train dir: E:\Paper\Computer-Vision-for-Medicine\CPN\train
Test dir : E:\Paper\Computer-Vision-for-Medicine\CPN\test
Config | batch_size=32, epochs=40, num_workers=4, image_size=224, base_lr=0.0001, val_ratio=0.1, patience=10
Losses to run: ['cb_focal_ce', 'ordinal_focal_mse', 'sce', 'gce', 'dast', 'pcol', 'aom']
==========================================================================================
Split sizes | train=4630, valid=514, test=1288
Classes (3): ['COVID19', 'NORMAL', 'PNEUMONIA']
Train class counts: [415, 1152, 3063]
Loading torchvision ResNet50 pretrained weights once...
Pretrained state keys: 320

##########################################################################################
Starting loss: cb_focal_ce
##########################################################################################
Model params: 85,400,132 | pretrained loaded: 320/361 | feat_dim=2048
Criterion: ClassBalancedFocalCELoss
Epoch 01/40 | Time 0m48s
  Train | loss=0.2519 | top1=44.34% | top2=78.77% | top3=100.00%
  Valid | loss=0.2262 | top1=63.60% | top2=87.32% | top3=100.00% | acc=61.48% | bal_acc=74.56% | macro_f1=0.5832 | weighted_f1=0.6509 | precision_macro=0.6019 | recall_macro=0.7456 | qwk=0.2508 | mae=0.6206
        ovr_roc_auc_macro=0.8920 | ovr_pr_auc_macro=0.8410
  -> best macro_f1 updated to 0.5832 (epoch 1)
Epoch 02/40 | Time 0m47s
  Train | loss=0.1697 | top1=74.10% | top2=92.89% | top3=100.00%
  Valid | loss=0.1197 | top1=81.07% | top2=97.43% | top3=100.00% | acc=82.88% | bal_acc=89.75% | macro_f1=0.7964 | weighted_f1=0.8368 | precision_macro=0.7493 | recall_macro=0.8975 | qwk=0.6893 | mae=0.2160
        ovr_roc_auc_macro=0.9753 | ovr_pr_auc_macro=0.9593
  -> best macro_f1 updated to 0.7964 (epoch 2)
Epoch 03/40 | Time 0m48s
  Train | loss=0.0819 | top1=89.25% | top2=98.99% | top3=100.00%
  Valid | loss=0.0440 | top1=94.49% | top2=99.63% | top3=100.00% | acc=94.16% | bal_acc=95.60% | macro_f1=0.9364 | weighted_f1=0.9425 | precision_macro=0.9194 | recall_macro=0.9560 | qwk=0.9174 | mae=0.0623
        ovr_roc_auc_macro=0.9855 | ovr_pr_auc_macro=0.9770
  -> best macro_f1 updated to 0.9364 (epoch 3)
Epoch 04/40 | Time 0m47s
  Train | loss=0.0340 | top1=93.88% | top2=99.89% | top3=100.00%
  Valid | loss=0.0233 | top1=95.22% | top2=99.82% | top3=100.00% | acc=94.94% | bal_acc=95.77% | macro_f1=0.9432 | weighted_f1=0.9498 | precision_macro=0.9298 | recall_macro=0.9577 | qwk=0.9264 | mae=0.0545
        ovr_roc_auc_macro=0.9930 | ovr_pr_auc_macro=0.9881
  -> best macro_f1 updated to 0.9432 (epoch 4)
Epoch 05/40 | Time 0m48s
  Train | loss=0.0265 | top1=94.88% | top2=99.94% | top3=100.00%
  Valid | loss=0.0187 | top1=96.14% | top2=99.82% | top3=100.00% | acc=95.91% | bal_acc=96.84% | macro_f1=0.9507 | weighted_f1=0.9595 | precision_macro=0.9346 | recall_macro=0.9684 | qwk=0.9313 | mae=0.0467
        ovr_roc_auc_macro=0.9947 | ovr_pr_auc_macro=0.9905
  -> best macro_f1 updated to 0.9507 (epoch 5)
Epoch 06/40 | Time 0m48s
  Train | loss=0.0176 | top1=95.82% | top2=99.96% | top3=100.00%
  Valid | loss=0.0150 | top1=96.69% | top2=99.82% | top3=100.00% | acc=96.50% | bal_acc=96.92% | macro_f1=0.9602 | weighted_f1=0.9651 | precision_macro=0.9516 | recall_macro=0.9692 | qwk=0.9513 | mae=0.0370
        ovr_roc_auc_macro=0.9958 | ovr_pr_auc_macro=0.9927
  -> best macro_f1 updated to 0.9602 (epoch 6)
Epoch 07/40 | Time 0m47s
  Train | loss=0.0172 | top1=96.19% | top2=100.00% | top3=100.00%
  Valid | loss=0.0144 | top1=96.88% | top2=100.00% | top3=100.00% | acc=96.69% | bal_acc=97.01% | macro_f1=0.9599 | weighted_f1=0.9670 | precision_macro=0.9503 | recall_macro=0.9701 | qwk=0.9469 | mae=0.0370
        ovr_roc_auc_macro=0.9969 | ovr_pr_auc_macro=0.9943
Epoch 08/40 | Time 0m47s
  Train | loss=0.0145 | top1=96.51% | top2=99.98% | top3=100.00%
  Valid | loss=0.0128 | top1=93.93% | top2=100.00% | top3=100.00% | acc=96.50% | bal_acc=97.71% | macro_f1=0.9640 | weighted_f1=0.9655 | precision_macro=0.9525 | recall_macro=0.9771 | qwk=0.9512 | mae=0.0370
        ovr_roc_auc_macro=0.9981 | ovr_pr_auc_macro=0.9965
  -> best macro_f1 updated to 0.9640 (epoch 8)
Epoch 09/40 | Time 0m48s
  Train | loss=0.0141 | top1=96.65% | top2=100.00% | top3=100.00%
  Valid | loss=0.0169 | top1=95.04% | top2=99.63% | top3=100.00% | acc=94.75% | bal_acc=96.67% | macro_f1=0.9412 | weighted_f1=0.9483 | precision_macro=0.9197 | recall_macro=0.9667 | qwk=0.9111 | mae=0.0603
        ovr_roc_auc_macro=0.9964 | ovr_pr_auc_macro=0.9942
Epoch 10/40 | Time 0m48s
  Train | loss=0.0137 | top1=96.70% | top2=99.96% | top3=100.00%
  Valid | loss=0.0124 | top1=96.32% | top2=100.00% | top3=100.00% | acc=96.11% | bal_acc=96.93% | macro_f1=0.9554 | weighted_f1=0.9613 | precision_macro=0.9426 | recall_macro=0.9693 | qwk=0.9332 | mae=0.0447
        ovr_roc_auc_macro=0.9973 | ovr_pr_auc_macro=0.9950
Epoch 11/40 | Time 0m48s
  Train | loss=0.0084 | top1=97.53% | top2=100.00% | top3=100.00%
  Valid | loss=0.0145 | top1=96.32% | top2=99.82% | top3=100.00% | acc=96.11% | bal_acc=96.73% | macro_f1=0.9552 | weighted_f1=0.9612 | precision_macro=0.9440 | recall_macro=0.9673 | qwk=0.9332 | mae=0.0447
        ovr_roc_auc_macro=0.9966 | ovr_pr_auc_macro=0.9940
Epoch 12/40 | Time 0m48s
  Train | loss=0.0091 | top1=97.88% | top2=99.96% | top3=100.00%
  Valid | loss=0.0131 | top1=96.69% | top2=100.00% | top3=100.00% | acc=96.50% | bal_acc=97.32% | macro_f1=0.9637 | weighted_f1=0.9653 | precision_macro=0.9549 | recall_macro=0.9732 | qwk=0.9512 | mae=0.0370
        ovr_roc_auc_macro=0.9966 | ovr_pr_auc_macro=0.9944
Epoch 13/40 | Time 0m48s
  Train | loss=0.0068 | top1=98.06% | top2=100.00% | top3=100.00%
  Valid | loss=0.0136 | top1=97.06% | top2=100.00% | top3=100.00% | acc=96.89% | bal_acc=97.31% | macro_f1=0.9649 | weighted_f1=0.9689 | precision_macro=0.9571 | recall_macro=0.9731 | qwk=0.9490 | mae=0.0350
        ovr_roc_auc_macro=0.9974 | ovr_pr_auc_macro=0.9957
  -> best macro_f1 updated to 0.9649 (epoch 13)
Epoch 14/40 | Time 0m47s
  Train | loss=0.0058 | top1=98.61% | top2=100.00% | top3=100.00%
  Valid | loss=0.0206 | top1=97.24% | top2=100.00% | top3=100.00% | acc=97.08% | bal_acc=97.20% | macro_f1=0.9688 | weighted_f1=0.9708 | precision_macro=0.9657 | recall_macro=0.9720 | qwk=0.9580 | mae=0.0311
        ovr_roc_auc_macro=0.9955 | ovr_pr_auc_macro=0.9927
  -> best macro_f1 updated to 0.9688 (epoch 14)
Epoch 15/40 | Time 0m48s
  Train | loss=0.0058 | top1=98.30% | top2=100.00% | top3=100.00%
  Valid | loss=0.0162 | top1=97.06% | top2=100.00% | top3=100.00% | acc=96.89% | bal_acc=96.71% | macro_f1=0.9666 | weighted_f1=0.9687 | precision_macro=0.9663 | recall_macro=0.9671 | qwk=0.9556 | mae=0.0331
        ovr_roc_auc_macro=0.9961 | ovr_pr_auc_macro=0.9926
Epoch 16/40 | Time 0m48s
  Train | loss=0.0045 | top1=98.92% | top2=100.00% | top3=100.00%
  Valid | loss=0.0149 | top1=96.14% | top2=100.00% | top3=100.00% | acc=95.91% | bal_acc=97.23% | macro_f1=0.9585 | weighted_f1=0.9597 | precision_macro=0.9465 | recall_macro=0.9723 | qwk=0.9443 | mae=0.0428
        ovr_roc_auc_macro=0.9979 | ovr_pr_auc_macro=0.9959
Epoch 17/40 | Time 0m47s
  Train | loss=0.0042 | top1=98.98% | top2=100.00% | top3=100.00%
  Valid | loss=0.0154 | top1=97.61% | top2=100.00% | top3=100.00% | acc=97.47% | bal_acc=97.39% | macro_f1=0.9725 | weighted_f1=0.9746 | precision_macro=0.9713 | recall_macro=0.9739 | qwk=0.9626 | mae=0.0272
        ovr_roc_auc_macro=0.9980 | ovr_pr_auc_macro=0.9960
  -> best macro_f1 updated to 0.9725 (epoch 17)
Epoch 18/40 | Time 0m48s
  Train | loss=0.0073 | top1=98.56% | top2=99.98% | top3=100.00%
  Valid | loss=0.0208 | top1=94.49% | top2=100.00% | top3=100.00% | acc=97.08% | bal_acc=97.60% | macro_f1=0.9691 | weighted_f1=0.9710 | precision_macro=0.9626 | recall_macro=0.9760 | qwk=0.9581 | mae=0.0311
        ovr_roc_auc_macro=0.9972 | ovr_pr_auc_macro=0.9931
Epoch 19/40 | Time 0m48s
  Train | loss=0.0044 | top1=98.84% | top2=100.00% | top3=100.00%
  Valid | loss=0.0116 | top1=97.43% | top2=100.00% | top3=100.00% | acc=97.28% | bal_acc=98.09% | macro_f1=0.9690 | weighted_f1=0.9729 | precision_macro=0.9579 | recall_macro=0.9809 | qwk=0.9537 | mae=0.0311
        ovr_roc_auc_macro=0.9985 | ovr_pr_auc_macro=0.9968
Epoch 20/40 | Time 0m47s
  Train | loss=0.0037 | top1=99.09% | top2=99.98% | top3=100.00%
  Valid | loss=0.0132 | top1=97.43% | top2=100.00% | top3=100.00% | acc=97.28% | bal_acc=97.69% | macro_f1=0.9710 | weighted_f1=0.9729 | precision_macro=0.9652 | recall_macro=0.9769 | qwk=0.9604 | mae=0.0292
        ovr_roc_auc_macro=0.9982 | ovr_pr_auc_macro=0.9965
Epoch 21/40 | Time 0m48s
  Train | loss=0.0034 | top1=98.97% | top2=100.00% | top3=100.00%
  Valid | loss=0.0160 | top1=94.49% | top2=100.00% | top3=100.00% | acc=97.08% | bal_acc=98.19% | macro_f1=0.9696 | weighted_f1=0.9712 | precision_macro=0.9586 | recall_macro=0.9819 | qwk=0.9582 | mae=0.0311
        ovr_roc_auc_macro=0.9979 | ovr_pr_auc_macro=0.9944
Epoch 22/40 | Time 0m48s
  Train | loss=0.0014 | top1=99.66% | top2=100.00% | top3=100.00%
  Valid | loss=0.0282 | top1=92.10% | top2=100.00% | top3=100.00% | acc=94.55% | bal_acc=96.97% | macro_f1=0.9378 | weighted_f1=0.9465 | precision_macro=0.9120 | recall_macro=0.9697 | qwk=0.9027 | mae=0.0642
        ovr_roc_auc_macro=0.9984 | ovr_pr_auc_macro=0.9967
Epoch 23/40 | Time 0m48s
  Train | loss=0.0031 | top1=99.22% | top2=100.00% | top3=100.00%
  Valid | loss=0.0173 | top1=96.88% | top2=100.00% | top3=100.00% | acc=96.69% | bal_acc=95.82% | macro_f1=0.9618 | weighted_f1=0.9664 | precision_macro=0.9674 | recall_macro=0.9582 | qwk=0.9463 | mae=0.0370
        ovr_roc_auc_macro=0.9981 | ovr_pr_auc_macro=0.9963
Epoch 24/40 | Time 0m48s
  Train | loss=0.0016 | top1=99.57% | top2=100.00% | top3=100.00%
  Valid | loss=0.0154 | top1=97.79% | top2=100.00% | top3=100.00% | acc=97.67% | bal_acc=98.28% | macro_f1=0.9749 | weighted_f1=0.9768 | precision_macro=0.9675 | recall_macro=0.9828 | qwk=0.9651 | mae=0.0253
        ovr_roc_auc_macro=0.9984 | ovr_pr_auc_macro=0.9964
  -> best macro_f1 updated to 0.9749 (epoch 24)
Epoch 25/40 | Time 0m48s
  Train | loss=0.0016 | top1=99.66% | top2=100.00% | top3=100.00%
  Valid | loss=0.0158 | top1=97.98% | top2=100.00% | top3=100.00% | acc=97.86% | bal_acc=98.57% | macro_f1=0.9769 | weighted_f1=0.9788 | precision_macro=0.9686 | recall_macro=0.9857 | qwk=0.9674 | mae=0.0233
        ovr_roc_auc_macro=0.9983 | ovr_pr_auc_macro=0.9950
  -> best macro_f1 updated to 0.9769 (epoch 25)
Epoch 26/40 | Time 0m48s
  Train | loss=0.0021 | top1=99.44% | top2=100.00% | top3=100.00%
  Valid | loss=0.0182 | top1=97.98% | top2=99.82% | top3=100.00% | acc=97.86% | bal_acc=98.37% | macro_f1=0.9725 | weighted_f1=0.9787 | precision_macro=0.9619 | recall_macro=0.9837 | qwk=0.9539 | mae=0.0272
        ovr_roc_auc_macro=0.9975 | ovr_pr_auc_macro=0.9913
Epoch 27/40 | Time 0m48s
  Train | loss=0.0020 | top1=99.60% | top2=100.00% | top3=100.00%
  Valid | loss=0.0181 | top1=97.43% | top2=99.82% | top3=100.00% | acc=97.28% | bal_acc=97.89% | macro_f1=0.9680 | weighted_f1=0.9730 | precision_macro=0.9577 | recall_macro=0.9789 | qwk=0.9606 | mae=0.0292
        ovr_roc_auc_macro=0.9978 | ovr_pr_auc_macro=0.9893
Epoch 28/40 | Time 0m47s
  Train | loss=0.0013 | top1=99.81% | top2=100.00% | top3=100.00%
  Valid | loss=0.0189 | top1=97.79% | top2=99.82% | top3=100.00% | acc=97.67% | bal_acc=98.28% | macro_f1=0.9749 | weighted_f1=0.9768 | precision_macro=0.9675 | recall_macro=0.9828 | qwk=0.9651 | mae=0.0253
        ovr_roc_auc_macro=0.9974 | ovr_pr_auc_macro=0.9879
Epoch 29/40 | Time 0m48s
  Train | loss=0.0013 | top1=99.67% | top2=100.00% | top3=100.00%
  Valid | loss=0.0144 | top1=97.98% | top2=99.82% | top3=100.00% | acc=97.86% | bal_acc=98.37% | macro_f1=0.9768 | weighted_f1=0.9787 | precision_macro=0.9701 | recall_macro=0.9837 | qwk=0.9674 | mae=0.0233
        ovr_roc_auc_macro=0.9979 | ovr_pr_auc_macro=0.9909
Epoch 30/40 | Time 0m47s
  Train | loss=0.0007 | top1=99.89% | top2=100.00% | top3=100.00%
  Valid | loss=0.0137 | top1=97.98% | top2=99.82% | top3=100.00% | acc=97.86% | bal_acc=98.17% | macro_f1=0.9767 | weighted_f1=0.9786 | precision_macro=0.9717 | recall_macro=0.9817 | qwk=0.9674 | mae=0.0233
        ovr_roc_auc_macro=0.9983 | ovr_pr_auc_macro=0.9934
Epoch 31/40 | Time 0m48s
  Train | loss=0.0005 | top1=99.91% | top2=100.00% | top3=100.00%
  Valid | loss=0.0195 | top1=95.04% | top2=99.82% | top3=100.00% | acc=97.67% | bal_acc=98.08% | macro_f1=0.9748 | weighted_f1=0.9767 | precision_macro=0.9690 | recall_macro=0.9808 | qwk=0.9650 | mae=0.0253
        ovr_roc_auc_macro=0.9981 | ovr_pr_auc_macro=0.9947
Epoch 32/40 | Time 0m49s
  Train | loss=0.0011 | top1=99.74% | top2=100.00% | top3=100.00%
  Valid | loss=0.0229 | top1=94.85% | top2=99.82% | top3=100.00% | acc=97.47% | bal_acc=97.99% | macro_f1=0.9707 | weighted_f1=0.9748 | precision_macro=0.9621 | recall_macro=0.9799 | qwk=0.9560 | mae=0.0292
        ovr_roc_auc_macro=0.9981 | ovr_pr_auc_macro=0.9955
Epoch 33/40 | Time 0m48s
  Train | loss=0.0009 | top1=99.81% | top2=100.00% | top3=100.00%
  Valid | loss=0.0193 | top1=95.04% | top2=99.82% | top3=100.00% | acc=97.67% | bal_acc=98.08% | macro_f1=0.9748 | weighted_f1=0.9767 | precision_macro=0.9690 | recall_macro=0.9808 | qwk=0.9650 | mae=0.0253
        ovr_roc_auc_macro=0.9979 | ovr_pr_auc_macro=0.9950
Epoch 34/40 | Time 0m48s
  Train | loss=0.0004 | top1=99.94% | top2=100.00% | top3=100.00%
  Valid | loss=0.0185 | top1=98.35% | top2=99.82% | top3=100.00% | acc=98.25% | bal_acc=98.36% | macro_f1=0.9804 | weighted_f1=0.9825 | precision_macro=0.9773 | recall_macro=0.9836 | qwk=0.9720 | mae=0.0195
        ovr_roc_auc_macro=0.9980 | ovr_pr_auc_macro=0.9943
  -> best macro_f1 updated to 0.9804 (epoch 34)
Epoch 35/40 | Time 0m47s
  Train | loss=0.0004 | top1=99.91% | top2=100.00% | top3=100.00%
  Valid | loss=0.0190 | top1=95.22% | top2=99.82% | top3=100.00% | acc=97.86% | bal_acc=98.17% | macro_f1=0.9767 | weighted_f1=0.9786 | precision_macro=0.9717 | recall_macro=0.9817 | qwk=0.9674 | mae=0.0233
        ovr_roc_auc_macro=0.9981 | ovr_pr_auc_macro=0.9956
Epoch 36/40 | Time 0m48s
  Train | loss=0.0004 | top1=99.91% | top2=100.00% | top3=100.00%
  Valid | loss=0.0193 | top1=97.98% | top2=99.82% | top3=100.00% | acc=97.86% | bal_acc=97.97% | macro_f1=0.9765 | weighted_f1=0.9786 | precision_macro=0.9734 | recall_macro=0.9797 | qwk=0.9673 | mae=0.0233
        ovr_roc_auc_macro=0.9979 | ovr_pr_auc_macro=0.9942
Epoch 37/40 | Time 0m47s
  Train | loss=0.0011 | top1=99.87% | top2=100.00% | top3=100.00%
  Valid | loss=0.0189 | top1=97.98% | top2=99.82% | top3=100.00% | acc=97.86% | bal_acc=97.97% | macro_f1=0.9765 | weighted_f1=0.9786 | precision_macro=0.9734 | recall_macro=0.9797 | qwk=0.9673 | mae=0.0233
        ovr_roc_auc_macro=0.9979 | ovr_pr_auc_macro=0.9950
Epoch 38/40 | Time 0m47s
  Train | loss=0.0005 | top1=99.91% | top2=100.00% | top3=100.00%
  Valid | loss=0.0167 | top1=97.98% | top2=99.82% | top3=100.00% | acc=97.86% | bal_acc=97.97% | macro_f1=0.9765 | weighted_f1=0.9786 | precision_macro=0.9734 | recall_macro=0.9797 | qwk=0.9673 | mae=0.0233
        ovr_roc_auc_macro=0.9981 | ovr_pr_auc_macro=0.9950
Epoch 39/40 | Time 0m47s
  Train | loss=0.0003 | top1=99.94% | top2=100.00% | top3=100.00%
  Valid | loss=0.0180 | top1=98.16% | top2=99.82% | top3=100.00% | acc=98.05% | bal_acc=98.27% | macro_f1=0.9785 | weighted_f1=0.9806 | precision_macro=0.9745 | recall_macro=0.9827 | qwk=0.9697 | mae=0.0214
        ovr_roc_auc_macro=0.9980 | ovr_pr_auc_macro=0.9943
Epoch 40/40 | Time 0m48s
  Train | loss=0.0003 | top1=99.94% | top2=100.00% | top3=100.00%
  Valid | loss=0.0184 | top1=97.98% | top2=99.82% | top3=100.00% | acc=97.86% | bal_acc=98.17% | macro_f1=0.9767 | weighted_f1=0.9786 | precision_macro=0.9717 | recall_macro=0.9817 | qwk=0.9674 | mae=0.0233
        ovr_roc_auc_macro=0.9979 | ovr_pr_auc_macro=0.9946

[TEST] loss=cb_focal_ce
  Test | loss=0.0310 | top1=96.65% | top2=100.00% | top3=100.00% | acc=96.58% | bal_acc=96.90% | macro_f1=0.9665 | weighted_f1=0.9658 | precision_macro=0.9641 | recall_macro=0.9690 | qwk=0.9545 | mae=0.0357
        ovr_roc_auc_macro=0.9958 | ovr_pr_auc_macro=0.9926
  Confusion Matrix:
[[116   0   0]
 [  0 296  21]
 [  2  21 832]]
  Classification Report:
              precision    recall  f1-score   support

     COVID19     0.9831    1.0000    0.9915       116
      NORMAL     0.9338    0.9338    0.9338       317
   PNEUMONIA     0.9754    0.9731    0.9742       855

    accuracy                         0.9658      1288
   macro avg     0.9641    0.9690    0.9665      1288
weighted avg     0.9658    0.9658    0.9658      1288


##########################################################################################
Starting loss: ordinal_focal_mse
##########################################################################################
Model params: 85,400,132 | pretrained loaded: 320/361 | feat_dim=2048
Criterion: OrdinalFocalMSELoss
Epoch 01/40 | Time 0m48s
  Train | loss=0.6659 | top1=56.10% | top2=83.77% | top3=100.00%
  Valid | loss=0.6133 | top1=78.12% | top2=92.83% | top3=100.00% | acc=76.85% | bal_acc=61.55% | macro_f1=0.6197 | weighted_f1=0.7385 | precision_macro=0.6950 | recall_macro=0.6155 | qwk=0.5421 | mae=0.2802
        ovr_roc_auc_macro=0.8526 | ovr_pr_auc_macro=0.7064
  -> best macro_f1 updated to 0.6197 (epoch 1)
Epoch 02/40 | Time 0m47s
  Train | loss=0.4485 | top1=83.56% | top2=98.02% | top3=100.00%
  Valid | loss=0.3211 | top1=89.71% | top2=99.26% | top3=100.00% | acc=89.11% | bal_acc=81.52% | macro_f1=0.8486 | weighted_f1=0.8873 | precision_macro=0.8923 | recall_macro=0.8152 | qwk=0.7950 | mae=0.1265
        ovr_roc_auc_macro=0.9724 | ovr_pr_auc_macro=0.9411
  -> best macro_f1 updated to 0.8486 (epoch 2)
Epoch 03/40 | Time 0m48s
  Train | loss=0.1748 | top1=91.75% | top2=99.63% | top3=100.00%
  Valid | loss=0.1035 | top1=94.12% | top2=100.00% | top3=100.00% | acc=93.77% | bal_acc=92.38% | macro_f1=0.9257 | weighted_f1=0.9368 | precision_macro=0.9292 | recall_macro=0.9238 | qwk=0.9114 | mae=0.0661
        ovr_roc_auc_macro=0.9877 | ovr_pr_auc_macro=0.9744
  -> best macro_f1 updated to 0.9257 (epoch 3)
Epoch 04/40 | Time 0m48s
  Train | loss=0.0757 | top1=94.78% | top2=99.83% | top3=100.00%
  Valid | loss=0.0583 | top1=95.04% | top2=100.00% | top3=100.00% | acc=94.75% | bal_acc=94.83% | macro_f1=0.9409 | weighted_f1=0.9478 | precision_macro=0.9339 | recall_macro=0.9483 | qwk=0.9232 | mae=0.0564
        ovr_roc_auc_macro=0.9929 | ovr_pr_auc_macro=0.9865
  -> best macro_f1 updated to 0.9409 (epoch 4)
Epoch 05/40 | Time 0m48s
  Train | loss=0.0595 | top1=95.24% | top2=99.89% | top3=100.00%
  Valid | loss=0.0427 | top1=96.88% | top2=100.00% | top3=100.00% | acc=96.69% | bal_acc=95.82% | macro_f1=0.9630 | weighted_f1=0.9664 | precision_macro=0.9690 | recall_macro=0.9582 | qwk=0.9602 | mae=0.0331
        ovr_roc_auc_macro=0.9963 | ovr_pr_auc_macro=0.9928
  -> best macro_f1 updated to 0.9630 (epoch 5)
Epoch 06/40 | Time 0m47s
  Train | loss=0.0424 | top1=96.52% | top2=99.96% | top3=100.00%
  Valid | loss=0.0381 | top1=97.43% | top2=100.00% | top3=100.00% | acc=97.28% | bal_acc=97.30% | macro_f1=0.9707 | weighted_f1=0.9727 | precision_macro=0.9685 | recall_macro=0.9730 | qwk=0.9603 | mae=0.0292
        ovr_roc_auc_macro=0.9959 | ovr_pr_auc_macro=0.9917
  -> best macro_f1 updated to 0.9707 (epoch 6)
Epoch 07/40 | Time 0m48s
  Train | loss=0.0374 | top1=96.59% | top2=99.97% | top3=100.00%
  Valid | loss=0.0551 | top1=93.01% | top2=100.00% | top3=100.00% | acc=95.53% | bal_acc=96.65% | macro_f1=0.9538 | weighted_f1=0.9559 | precision_macro=0.9426 | recall_macro=0.9665 | qwk=0.9466 | mae=0.0447
        ovr_roc_auc_macro=0.9970 | ovr_pr_auc_macro=0.9944
Epoch 08/40 | Time 0m48s
  Train | loss=0.0351 | top1=96.68% | top2=100.00% | top3=100.00%
  Valid | loss=0.0322 | top1=97.61% | top2=100.00% | top3=100.00% | acc=97.47% | bal_acc=97.39% | macro_f1=0.9716 | weighted_f1=0.9747 | precision_macro=0.9694 | recall_macro=0.9739 | qwk=0.9696 | mae=0.0253
        ovr_roc_auc_macro=0.9982 | ovr_pr_auc_macro=0.9966
  -> best macro_f1 updated to 0.9716 (epoch 8)
Epoch 09/40 | Time 0m47s
  Train | loss=0.0294 | top1=97.67% | top2=99.98% | top3=100.00%
  Valid | loss=0.0379 | top1=96.88% | top2=99.82% | top3=100.00% | acc=96.69% | bal_acc=97.41% | macro_f1=0.9632 | weighted_f1=0.9671 | precision_macro=0.9530 | recall_macro=0.9741 | qwk=0.9468 | mae=0.0370
        ovr_roc_auc_macro=0.9978 | ovr_pr_auc_macro=0.9957
Epoch 10/40 | Time 0m48s
  Train | loss=0.0264 | top1=97.65% | top2=99.98% | top3=100.00%
  Valid | loss=0.0293 | top1=97.98% | top2=99.82% | top3=100.00% | acc=97.86% | bal_acc=96.93% | macro_f1=0.9762 | weighted_f1=0.9785 | precision_macro=0.9835 | recall_macro=0.9693 | qwk=0.9669 | mae=0.0233
        ovr_roc_auc_macro=0.9978 | ovr_pr_auc_macro=0.9955
  -> best macro_f1 updated to 0.9762 (epoch 10)
Epoch 11/40 | Time 0m48s
  Train | loss=0.0174 | top1=98.34% | top2=100.00% | top3=100.00%
  Valid | loss=0.0493 | top1=95.77% | top2=99.82% | top3=100.00% | acc=95.53% | bal_acc=96.85% | macro_f1=0.9502 | weighted_f1=0.9557 | precision_macro=0.9340 | recall_macro=0.9685 | qwk=0.9265 | mae=0.0506
        ovr_roc_auc_macro=0.9971 | ovr_pr_auc_macro=0.9946
Epoch 12/40 | Time 0m48s
  Train | loss=0.0208 | top1=98.24% | top2=99.98% | top3=100.00%
  Valid | loss=0.0302 | top1=96.88% | top2=100.00% | top3=100.00% | acc=96.69% | bal_acc=97.16% | macro_f1=0.9658 | weighted_f1=0.9674 | precision_macro=0.9612 | recall_macro=0.9716 | qwk=0.9530 | mae=0.0350
        ovr_roc_auc_macro=0.9982 | ovr_pr_auc_macro=0.9967
Epoch 13/40 | Time 0m48s
  Train | loss=0.0166 | top1=98.47% | top2=100.00% | top3=100.00%
  Valid | loss=0.0337 | top1=97.79% | top2=100.00% | top3=100.00% | acc=97.67% | bal_acc=97.29% | macro_f1=0.9743 | weighted_f1=0.9765 | precision_macro=0.9762 | recall_macro=0.9729 | qwk=0.9649 | mae=0.0253
        ovr_roc_auc_macro=0.9968 | ovr_pr_auc_macro=0.9952
Epoch 14/40 | Time 0m47s
  Train | loss=0.0154 | top1=98.61% | top2=100.00% | top3=100.00%
  Valid | loss=0.0339 | top1=97.98% | top2=100.00% | top3=100.00% | acc=97.86% | bal_acc=97.58% | macro_f1=0.9763 | weighted_f1=0.9785 | precision_macro=0.9771 | recall_macro=0.9758 | qwk=0.9673 | mae=0.0233
        ovr_roc_auc_macro=0.9973 | ovr_pr_auc_macro=0.9954
Epoch 15/40 | Time 0m48s
  Train | loss=0.0139 | top1=98.64% | top2=100.00% | top3=100.00%
  Valid | loss=0.0382 | top1=97.24% | top2=99.82% | top3=100.00% | acc=97.08% | bal_acc=96.36% | macro_f1=0.9663 | weighted_f1=0.9707 | precision_macro=0.9692 | recall_macro=0.9636 | qwk=0.9506 | mae=0.0331
        ovr_roc_auc_macro=0.9973 | ovr_pr_auc_macro=0.9950
Epoch 16/40 | Time 0m47s
  Train | loss=0.0114 | top1=99.01% | top2=100.00% | top3=100.00%
  Valid | loss=0.0294 | top1=97.61% | top2=100.00% | top3=100.00% | acc=97.47% | bal_acc=97.79% | macro_f1=0.9697 | weighted_f1=0.9748 | precision_macro=0.9619 | recall_macro=0.9779 | qwk=0.9629 | mae=0.0272
        ovr_roc_auc_macro=0.9984 | ovr_pr_auc_macro=0.9970
Epoch 17/40 | Time 0m48s
  Train | loss=0.0111 | top1=99.13% | top2=100.00% | top3=100.00%
  Valid | loss=0.0335 | top1=98.35% | top2=100.00% | top3=100.00% | acc=98.25% | bal_acc=97.96% | macro_f1=0.9802 | weighted_f1=0.9824 | precision_macro=0.9811 | recall_macro=0.9796 | qwk=0.9719 | mae=0.0195
        ovr_roc_auc_macro=0.9976 | ovr_pr_auc_macro=0.9960
  -> best macro_f1 updated to 0.9802 (epoch 17)
Epoch 18/40 | Time 0m48s
  Train | loss=0.0104 | top1=99.20% | top2=100.00% | top3=100.00%
  Valid | loss=0.0521 | top1=94.49% | top2=100.00% | top3=100.00% | acc=97.08% | bal_acc=97.00% | macro_f1=0.9687 | weighted_f1=0.9707 | precision_macro=0.9674 | recall_macro=0.9700 | qwk=0.9580 | mae=0.0311
        ovr_roc_auc_macro=0.9975 | ovr_pr_auc_macro=0.9950
Epoch 19/40 | Time 0m48s
  Train | loss=0.0107 | top1=99.12% | top2=100.00% | top3=100.00%
  Valid | loss=0.0279 | top1=98.35% | top2=100.00% | top3=100.00% | acc=98.25% | bal_acc=98.16% | macro_f1=0.9803 | weighted_f1=0.9824 | precision_macro=0.9791 | recall_macro=0.9816 | qwk=0.9720 | mae=0.0195
        ovr_roc_auc_macro=0.9989 | ovr_pr_auc_macro=0.9981
Epoch 20/40 | Time 0m47s
  Train | loss=0.0059 | top1=99.53% | top2=100.00% | top3=100.00%
  Valid | loss=0.0270 | top1=97.98% | top2=100.00% | top3=100.00% | acc=97.86% | bal_acc=97.38% | macro_f1=0.9762 | weighted_f1=0.9784 | precision_macro=0.9792 | recall_macro=0.9738 | qwk=0.9672 | mae=0.0233
        ovr_roc_auc_macro=0.9990 | ovr_pr_auc_macro=0.9983
Epoch 21/40 | Time 0m48s
  Train | loss=0.0073 | top1=99.30% | top2=100.00% | top3=100.00%
  Valid | loss=0.0238 | top1=97.98% | top2=100.00% | top3=100.00% | acc=97.86% | bal_acc=97.97% | macro_f1=0.9765 | weighted_f1=0.9786 | precision_macro=0.9734 | recall_macro=0.9797 | qwk=0.9673 | mae=0.0233
        ovr_roc_auc_macro=0.9990 | ovr_pr_auc_macro=0.9982
Epoch 22/40 | Time 0m48s
  Train | loss=0.0041 | top1=99.66% | top2=100.00% | top3=100.00%
  Valid | loss=0.0313 | top1=98.53% | top2=100.00% | top3=100.00% | acc=98.44% | bal_acc=98.65% | macro_f1=0.9824 | weighted_f1=0.9845 | precision_macro=0.9783 | recall_macro=0.9865 | qwk=0.9743 | mae=0.0175
        ovr_roc_auc_macro=0.9988 | ovr_pr_auc_macro=0.9977
  -> best macro_f1 updated to 0.9824 (epoch 22)
Epoch 23/40 | Time 0m48s
  Train | loss=0.0058 | top1=99.61% | top2=100.00% | top3=100.00%
  Valid | loss=0.0384 | top1=98.35% | top2=100.00% | top3=100.00% | acc=98.25% | bal_acc=97.96% | macro_f1=0.9802 | weighted_f1=0.9824 | precision_macro=0.9811 | recall_macro=0.9796 | qwk=0.9719 | mae=0.0195
        ovr_roc_auc_macro=0.9982 | ovr_pr_auc_macro=0.9967
Epoch 24/40 | Time 0m47s
  Train | loss=0.0035 | top1=99.70% | top2=100.00% | top3=100.00%
  Valid | loss=0.0337 | top1=98.53% | top2=100.00% | top3=100.00% | acc=98.44% | bal_acc=98.45% | macro_f1=0.9823 | weighted_f1=0.9844 | precision_macro=0.9801 | recall_macro=0.9845 | qwk=0.9743 | mae=0.0175
        ovr_roc_auc_macro=0.9986 | ovr_pr_auc_macro=0.9974
Epoch 25/40 | Time 0m48s
  Train | loss=0.0025 | top1=99.78% | top2=100.00% | top3=100.00%
  Valid | loss=0.0398 | top1=97.43% | top2=100.00% | top3=100.00% | acc=97.28% | bal_acc=97.89% | macro_f1=0.9711 | weighted_f1=0.9729 | precision_macro=0.9637 | recall_macro=0.9789 | qwk=0.9604 | mae=0.0292
        ovr_roc_auc_macro=0.9986 | ovr_pr_auc_macro=0.9973
Epoch 26/40 | Time 0m48s
  Train | loss=0.0029 | top1=99.76% | top2=100.00% | top3=100.00%
  Valid | loss=0.0429 | top1=98.71% | top2=100.00% | top3=100.00% | acc=98.64% | bal_acc=98.55% | macro_f1=0.9842 | weighted_f1=0.9863 | precision_macro=0.9831 | recall_macro=0.9855 | qwk=0.9766 | mae=0.0156
        ovr_roc_auc_macro=0.9977 | ovr_pr_auc_macro=0.9963
  -> best macro_f1 updated to 0.9842 (epoch 26)
Epoch 27/40 | Time 0m48s
  Train | loss=0.0056 | top1=99.50% | top2=100.00% | top3=100.00%
  Valid | loss=0.0435 | top1=98.16% | top2=100.00% | top3=100.00% | acc=98.05% | bal_acc=97.87% | macro_f1=0.9731 | weighted_f1=0.9805 | precision_macro=0.9684 | recall_macro=0.9787 | qwk=0.9630 | mae=0.0233
        ovr_roc_auc_macro=0.9980 | ovr_pr_auc_macro=0.9968
Epoch 28/40 | Time 0m47s
  Train | loss=0.0045 | top1=99.70% | top2=100.00% | top3=100.00%
  Valid | loss=0.0403 | top1=99.08% | top2=100.00% | top3=100.00% | acc=99.03% | bal_acc=98.94% | macro_f1=0.9881 | weighted_f1=0.9903 | precision_macro=0.9870 | recall_macro=0.9894 | qwk=0.9813 | mae=0.0117
        ovr_roc_auc_macro=0.9981 | ovr_pr_auc_macro=0.9968
  -> best macro_f1 updated to 0.9881 (epoch 28)
Epoch 29/40 | Time 0m47s
  Train | loss=0.0020 | top1=99.83% | top2=100.00% | top3=100.00%
  Valid | loss=0.0329 | top1=98.53% | top2=100.00% | top3=100.00% | acc=98.44% | bal_acc=98.26% | macro_f1=0.9822 | weighted_f1=0.9844 | precision_macro=0.9821 | recall_macro=0.9826 | qwk=0.9743 | mae=0.0175
        ovr_roc_auc_macro=0.9985 | ovr_pr_auc_macro=0.9974
Epoch 30/40 | Time 0m47s
  Train | loss=0.0013 | top1=99.94% | top2=100.00% | top3=100.00%
  Valid | loss=0.0304 | top1=98.71% | top2=100.00% | top3=100.00% | acc=98.64% | bal_acc=98.35% | macro_f1=0.9841 | weighted_f1=0.9863 | precision_macro=0.9851 | recall_macro=0.9835 | qwk=0.9766 | mae=0.0156
        ovr_roc_auc_macro=0.9987 | ovr_pr_auc_macro=0.9978
Epoch 31/40 | Time 0m48s
  Train | loss=0.0012 | top1=99.91% | top2=100.00% | top3=100.00%
  Valid | loss=0.0422 | top1=98.90% | top2=100.00% | top3=100.00% | acc=98.83% | bal_acc=98.64% | macro_f1=0.9861 | weighted_f1=0.9883 | precision_macro=0.9860 | recall_macro=0.9864 | qwk=0.9790 | mae=0.0136
        ovr_roc_auc_macro=0.9980 | ovr_pr_auc_macro=0.9967
Epoch 32/40 | Time 0m48s
  Train | loss=0.0012 | top1=99.96% | top2=100.00% | top3=100.00%
  Valid | loss=0.0421 | top1=98.53% | top2=100.00% | top3=100.00% | acc=98.44% | bal_acc=98.65% | macro_f1=0.9824 | weighted_f1=0.9845 | precision_macro=0.9783 | recall_macro=0.9865 | qwk=0.9743 | mae=0.0175
        ovr_roc_auc_macro=0.9981 | ovr_pr_auc_macro=0.9968
Epoch 33/40 | Time 0m48s
  Train | loss=0.0014 | top1=99.83% | top2=100.00% | top3=100.00%
  Valid | loss=0.0426 | top1=98.90% | top2=100.00% | top3=100.00% | acc=98.83% | bal_acc=98.64% | macro_f1=0.9861 | weighted_f1=0.9883 | precision_macro=0.9860 | recall_macro=0.9864 | qwk=0.9790 | mae=0.0136
        ovr_roc_auc_macro=0.9981 | ovr_pr_auc_macro=0.9969
Epoch 34/40 | Time 0m48s
  Train | loss=0.0007 | top1=99.98% | top2=100.00% | top3=100.00%
  Valid | loss=0.0443 | top1=98.90% | top2=100.00% | top3=100.00% | acc=98.83% | bal_acc=98.64% | macro_f1=0.9861 | weighted_f1=0.9883 | precision_macro=0.9860 | recall_macro=0.9864 | qwk=0.9790 | mae=0.0136
        ovr_roc_auc_macro=0.9978 | ovr_pr_auc_macro=0.9964
Epoch 35/40 | Time 0m48s
  Train | loss=0.0013 | top1=99.87% | top2=100.00% | top3=100.00%
  Valid | loss=0.0458 | top1=98.90% | top2=100.00% | top3=100.00% | acc=98.83% | bal_acc=98.64% | macro_f1=0.9861 | weighted_f1=0.9883 | precision_macro=0.9860 | recall_macro=0.9864 | qwk=0.9790 | mae=0.0136
        ovr_roc_auc_macro=0.9979 | ovr_pr_auc_macro=0.9965
Epoch 36/40 | Time 0m48s
  Train | loss=0.0009 | top1=99.94% | top2=100.00% | top3=100.00%
  Valid | loss=0.0446 | top1=98.71% | top2=100.00% | top3=100.00% | acc=98.64% | bal_acc=98.55% | macro_f1=0.9842 | weighted_f1=0.9863 | precision_macro=0.9831 | recall_macro=0.9855 | qwk=0.9766 | mae=0.0156
        ovr_roc_auc_macro=0.9981 | ovr_pr_auc_macro=0.9968
Epoch 37/40 | Time 0m48s
  Train | loss=0.0007 | top1=99.98% | top2=100.00% | top3=100.00%
  Valid | loss=0.0418 | top1=98.71% | top2=100.00% | top3=100.00% | acc=98.64% | bal_acc=98.55% | macro_f1=0.9842 | weighted_f1=0.9863 | precision_macro=0.9831 | recall_macro=0.9855 | qwk=0.9766 | mae=0.0156
        ovr_roc_auc_macro=0.9983 | ovr_pr_auc_macro=0.9970
Epoch 38/40 | Time 0m48s
  Train | loss=0.0012 | top1=99.96% | top2=100.00% | top3=100.00%
  Valid | loss=0.0401 | top1=98.53% | top2=100.00% | top3=100.00% | acc=98.44% | bal_acc=98.45% | macro_f1=0.9823 | weighted_f1=0.9844 | precision_macro=0.9801 | recall_macro=0.9845 | qwk=0.9743 | mae=0.0175
        ovr_roc_auc_macro=0.9985 | ovr_pr_auc_macro=0.9974
  -> early stopping triggered at epoch 38

[TEST] loss=ordinal_focal_mse
  Test | loss=0.0681 | top1=97.03% | top2=100.00% | top3=100.00% | acc=96.97% | bal_acc=97.22% | macro_f1=0.9719 | weighted_f1=0.9697 | precision_macro=0.9716 | recall_macro=0.9722 | qwk=0.9644 | mae=0.0303
        ovr_roc_auc_macro=0.9963 | ovr_pr_auc_macro=0.9935
  Confusion Matrix:
[[116   0   0]
 [  0 298  19]
 [  0  20 835]]
  Classification Report:
              precision    recall  f1-score   support

     COVID19     1.0000    1.0000    1.0000       116
      NORMAL     0.9371    0.9401    0.9386       317
   PNEUMONIA     0.9778    0.9766    0.9772       855

    accuracy                         0.9697      1288
   macro avg     0.9716    0.9722    0.9719      1288
weighted avg     0.9698    0.9697    0.9697      1288


##########################################################################################
Starting loss: sce
##########################################################################################
Model params: 85,400,132 | pretrained loaded: 320/361 | feat_dim=2048
Criterion: SymmetricCrossEntropyLoss
Epoch 01/40 | Time 0m48s
  Train | loss=4.0509 | top1=56.59% | top2=84.20% | top3=100.00%
  Valid | loss=3.9030 | top1=79.23% | top2=94.12% | top3=100.00% | acc=78.02% | bal_acc=64.70% | macro_f1=0.6481 | weighted_f1=0.7649 | precision_macro=0.7002 | recall_macro=0.6470 | qwk=0.5285 | mae=0.2821
        ovr_roc_auc_macro=0.8637 | ovr_pr_auc_macro=0.7248
  -> best macro_f1 updated to 0.6481 (epoch 1)
Epoch 02/40 | Time 0m48s
  Train | loss=3.2580 | top1=84.46% | top2=98.36% | top3=100.00%
  Valid | loss=2.4366 | top1=86.76% | top2=99.08% | top3=100.00% | acc=88.91% | bal_acc=78.64% | macro_f1=0.8278 | weighted_f1=0.8857 | precision_macro=0.8981 | recall_macro=0.7864 | qwk=0.7269 | mae=0.1420
        ovr_roc_auc_macro=0.9752 | ovr_pr_auc_macro=0.9499
  -> best macro_f1 updated to 0.8278 (epoch 2)
Epoch 03/40 | Time 0m48s
  Train | loss=1.3008 | top1=90.70% | top2=99.48% | top3=100.00%
  Valid | loss=0.7659 | top1=94.85% | top2=99.82% | top3=100.00% | acc=94.55% | bal_acc=93.35% | macro_f1=0.9371 | weighted_f1=0.9449 | precision_macro=0.9416 | recall_macro=0.9335 | qwk=0.9203 | mae=0.0584
        ovr_roc_auc_macro=0.9838 | ovr_pr_auc_macro=0.9747
  -> best macro_f1 updated to 0.9371 (epoch 3)
Epoch 04/40 | Time 0m48s
  Train | loss=0.5217 | top1=95.06% | top2=99.74% | top3=100.00%
  Valid | loss=0.3843 | top1=95.77% | top2=100.00% | top3=100.00% | acc=95.53% | bal_acc=96.00% | macro_f1=0.9490 | weighted_f1=0.9558 | precision_macro=0.9391 | recall_macro=0.9600 | qwk=0.9326 | mae=0.0486
        ovr_roc_auc_macro=0.9941 | ovr_pr_auc_macro=0.9895
  -> best macro_f1 updated to 0.9490 (epoch 4)
Epoch 05/40 | Time 0m48s
  Train | loss=0.4043 | top1=95.56% | top2=99.81% | top3=100.00%
  Valid | loss=0.2579 | top1=97.43% | top2=100.00% | top3=100.00% | acc=97.28% | bal_acc=97.10% | macro_f1=0.9696 | weighted_f1=0.9727 | precision_macro=0.9683 | recall_macro=0.9710 | qwk=0.9673 | mae=0.0272
        ovr_roc_auc_macro=0.9963 | ovr_pr_auc_macro=0.9929
  -> best macro_f1 updated to 0.9696 (epoch 5)
Epoch 06/40 | Time 0m48s
  Train | loss=0.3092 | top1=96.59% | top2=99.94% | top3=100.00%
  Valid | loss=0.2110 | top1=97.61% | top2=100.00% | top3=100.00% | acc=97.47% | bal_acc=96.99% | macro_f1=0.9713 | weighted_f1=0.9745 | precision_macro=0.9731 | recall_macro=0.9699 | qwk=0.9696 | mae=0.0253
        ovr_roc_auc_macro=0.9970 | ovr_pr_auc_macro=0.9947
  -> best macro_f1 updated to 0.9713 (epoch 6)
Epoch 07/40 | Time 0m47s
  Train | loss=0.2774 | top1=96.93% | top2=99.96% | top3=100.00%
  Valid | loss=0.2130 | top1=97.79% | top2=100.00% | top3=100.00% | acc=97.67% | bal_acc=96.24% | macro_f1=0.9740 | weighted_f1=0.9764 | precision_macro=0.9868 | recall_macro=0.9624 | qwk=0.9644 | mae=0.0253
        ovr_roc_auc_macro=0.9979 | ovr_pr_auc_macro=0.9963
  -> best macro_f1 updated to 0.9740 (epoch 7)
Epoch 08/40 | Time 0m47s
  Train | loss=0.2565 | top1=97.19% | top2=99.96% | top3=100.00%
  Valid | loss=0.1953 | top1=97.98% | top2=100.00% | top3=100.00% | acc=97.86% | bal_acc=97.78% | macro_f1=0.9787 | weighted_f1=0.9786 | precision_macro=0.9796 | recall_macro=0.9778 | qwk=0.9742 | mae=0.0214
        ovr_roc_auc_macro=0.9984 | ovr_pr_auc_macro=0.9969
  -> best macro_f1 updated to 0.9787 (epoch 8)
Epoch 09/40 | Time 0m47s
  Train | loss=0.2119 | top1=97.73% | top2=99.96% | top3=100.00%
  Valid | loss=0.2282 | top1=98.16% | top2=100.00% | top3=100.00% | acc=98.05% | bal_acc=98.27% | macro_f1=0.9808 | weighted_f1=0.9806 | precision_macro=0.9790 | recall_macro=0.9827 | qwk=0.9766 | mae=0.0195
        ovr_roc_auc_macro=0.9973 | ovr_pr_auc_macro=0.9957
  -> best macro_f1 updated to 0.9808 (epoch 9)
Epoch 10/40 | Time 0m48s
  Train | loss=0.2003 | top1=97.76% | top2=100.00% | top3=100.00%
  Valid | loss=0.2000 | top1=97.61% | top2=100.00% | top3=100.00% | acc=97.47% | bal_acc=97.59% | macro_f1=0.9674 | weighted_f1=0.9747 | precision_macro=0.9597 | recall_macro=0.9759 | qwk=0.9561 | mae=0.0292
        ovr_roc_auc_macro=0.9980 | ovr_pr_auc_macro=0.9962
Epoch 11/40 | Time 0m48s
  Train | loss=0.1580 | top1=98.23% | top2=99.98% | top3=100.00%
  Valid | loss=0.2879 | top1=97.24% | top2=100.00% | top3=100.00% | acc=97.08% | bal_acc=96.16% | macro_f1=0.9652 | weighted_f1=0.9707 | precision_macro=0.9691 | recall_macro=0.9616 | qwk=0.9577 | mae=0.0311
        ovr_roc_auc_macro=0.9960 | ovr_pr_auc_macro=0.9931
Epoch 12/40 | Time 0m48s
  Train | loss=0.1569 | top1=98.17% | top2=99.96% | top3=100.00%
  Valid | loss=0.1894 | top1=98.16% | top2=100.00% | top3=100.00% | acc=98.05% | bal_acc=98.07% | macro_f1=0.9807 | weighted_f1=0.9805 | precision_macro=0.9807 | recall_macro=0.9807 | qwk=0.9765 | mae=0.0195
        ovr_roc_auc_macro=0.9971 | ovr_pr_auc_macro=0.9956
Epoch 13/40 | Time 0m49s
  Train | loss=0.1410 | top1=98.28% | top2=100.00% | top3=100.00%
  Valid | loss=0.1968 | top1=97.61% | top2=100.00% | top3=100.00% | acc=97.47% | bal_acc=97.99% | macro_f1=0.9729 | weighted_f1=0.9748 | precision_macro=0.9663 | recall_macro=0.9799 | qwk=0.9627 | mae=0.0272
        ovr_roc_auc_macro=0.9971 | ovr_pr_auc_macro=0.9957
Epoch 14/40 | Time 0m48s
  Train | loss=0.1124 | top1=98.65% | top2=100.00% | top3=100.00%
  Valid | loss=0.2016 | top1=97.98% | top2=100.00% | top3=100.00% | acc=97.86% | bal_acc=97.38% | macro_f1=0.9784 | weighted_f1=0.9784 | precision_macro=0.9834 | recall_macro=0.9738 | qwk=0.9741 | mae=0.0214
        ovr_roc_auc_macro=0.9967 | ovr_pr_auc_macro=0.9947
Epoch 15/40 | Time 0m49s
  Train | loss=0.0977 | top1=99.01% | top2=100.00% | top3=100.00%
  Valid | loss=0.2038 | top1=97.98% | top2=100.00% | top3=100.00% | acc=97.86% | bal_acc=96.98% | macro_f1=0.9782 | weighted_f1=0.9783 | precision_macro=0.9877 | recall_macro=0.9698 | qwk=0.9741 | mae=0.0214
        ovr_roc_auc_macro=0.9974 | ovr_pr_auc_macro=0.9959
Epoch 16/40 | Time 0m48s
  Train | loss=0.0912 | top1=98.90% | top2=100.00% | top3=100.00%
  Valid | loss=0.2168 | top1=97.98% | top2=100.00% | top3=100.00% | acc=97.86% | bal_acc=98.17% | macro_f1=0.9767 | weighted_f1=0.9786 | precision_macro=0.9717 | recall_macro=0.9817 | qwk=0.9674 | mae=0.0233
        ovr_roc_auc_macro=0.9971 | ovr_pr_auc_macro=0.9960
Epoch 17/40 | Time 0m48s
  Train | loss=0.1028 | top1=98.84% | top2=100.00% | top3=100.00%
  Valid | loss=0.1516 | top1=98.53% | top2=100.00% | top3=100.00% | acc=98.44% | bal_acc=98.06% | macro_f1=0.9821 | weighted_f1=0.9843 | precision_macro=0.9841 | recall_macro=0.9806 | qwk=0.9743 | mae=0.0175
        ovr_roc_auc_macro=0.9972 | ovr_pr_auc_macro=0.9961
  -> best macro_f1 updated to 0.9821 (epoch 17)
Epoch 18/40 | Time 0m48s
  Train | loss=0.0601 | top1=99.40% | top2=100.00% | top3=100.00%
  Valid | loss=0.2707 | top1=96.51% | top2=100.00% | top3=100.00% | acc=96.30% | bal_acc=96.03% | macro_f1=0.9607 | weighted_f1=0.9628 | precision_macro=0.9613 | recall_macro=0.9603 | qwk=0.9486 | mae=0.0389
        ovr_roc_auc_macro=0.9970 | ovr_pr_auc_macro=0.9942
Epoch 19/40 | Time 0m48s
  Train | loss=0.0554 | top1=99.40% | top2=100.00% | top3=100.00%
  Valid | loss=0.1646 | top1=97.98% | top2=100.00% | top3=100.00% | acc=97.86% | bal_acc=98.17% | macro_f1=0.9745 | weighted_f1=0.9786 | precision_macro=0.9675 | recall_macro=0.9817 | qwk=0.9606 | mae=0.0253
        ovr_roc_auc_macro=0.9991 | ovr_pr_auc_macro=0.9983
Epoch 20/40 | Time 0m47s
  Train | loss=0.0320 | top1=99.68% | top2=100.00% | top3=100.00%
  Valid | loss=0.2017 | top1=98.16% | top2=99.82% | top3=100.00% | acc=98.05% | bal_acc=98.47% | macro_f1=0.9764 | weighted_f1=0.9806 | precision_macro=0.9686 | recall_macro=0.9847 | qwk=0.9629 | mae=0.0233
        ovr_roc_auc_macro=0.9979 | ovr_pr_auc_macro=0.9966
Epoch 21/40 | Time 0m47s
  Train | loss=0.0493 | top1=99.46% | top2=100.00% | top3=100.00%
  Valid | loss=0.2016 | top1=97.61% | top2=100.00% | top3=100.00% | acc=97.47% | bal_acc=97.99% | macro_f1=0.9729 | weighted_f1=0.9748 | precision_macro=0.9663 | recall_macro=0.9799 | qwk=0.9627 | mae=0.0272
        ovr_roc_auc_macro=0.9971 | ovr_pr_auc_macro=0.9959
Epoch 22/40 | Time 0m48s
  Train | loss=0.0282 | top1=99.70% | top2=100.00% | top3=100.00%
  Valid | loss=0.2485 | top1=98.35% | top2=100.00% | top3=100.00% | acc=98.25% | bal_acc=98.76% | macro_f1=0.9784 | weighted_f1=0.9826 | precision_macro=0.9697 | recall_macro=0.9876 | qwk=0.9652 | mae=0.0214
        ovr_roc_auc_macro=0.9983 | ovr_pr_auc_macro=0.9968
Epoch 23/40 | Time 0m48s
  Train | loss=0.0431 | top1=99.48% | top2=100.00% | top3=100.00%
  Valid | loss=0.1919 | top1=97.79% | top2=99.82% | top3=100.00% | acc=97.67% | bal_acc=97.09% | macro_f1=0.9710 | weighted_f1=0.9764 | precision_macro=0.9722 | recall_macro=0.9709 | qwk=0.9651 | mae=0.0253
        ovr_roc_auc_macro=0.9987 | ovr_pr_auc_macro=0.9976
Epoch 24/40 | Time 0m47s
  Train | loss=0.0275 | top1=99.70% | top2=100.00% | top3=100.00%
  Valid | loss=0.2932 | top1=97.43% | top2=99.82% | top3=100.00% | acc=97.28% | bal_acc=97.69% | macro_f1=0.9688 | weighted_f1=0.9728 | precision_macro=0.9610 | recall_macro=0.9769 | qwk=0.9536 | mae=0.0311
        ovr_roc_auc_macro=0.9980 | ovr_pr_auc_macro=0.9965
Epoch 25/40 | Time 0m48s
  Train | loss=0.0226 | top1=99.72% | top2=100.00% | top3=100.00%
  Valid | loss=0.4139 | top1=95.04% | top2=99.82% | top3=100.00% | acc=97.67% | bal_acc=98.08% | macro_f1=0.9748 | weighted_f1=0.9767 | precision_macro=0.9690 | recall_macro=0.9808 | qwk=0.9650 | mae=0.0253
        ovr_roc_auc_macro=0.9982 | ovr_pr_auc_macro=0.9966
Epoch 26/40 | Time 0m47s
  Train | loss=0.0248 | top1=99.72% | top2=100.00% | top3=100.00%
  Valid | loss=0.2401 | top1=97.98% | top2=99.82% | top3=100.00% | acc=97.86% | bal_acc=97.97% | macro_f1=0.9765 | weighted_f1=0.9786 | precision_macro=0.9734 | recall_macro=0.9797 | qwk=0.9673 | mae=0.0233
        ovr_roc_auc_macro=0.9985 | ovr_pr_auc_macro=0.9975
Epoch 27/40 | Time 0m49s
  Train | loss=0.0204 | top1=99.81% | top2=100.00% | top3=100.00%
  Valid | loss=0.4118 | top1=95.04% | top2=100.00% | top3=100.00% | acc=97.67% | bal_acc=98.08% | macro_f1=0.9748 | weighted_f1=0.9767 | precision_macro=0.9690 | recall_macro=0.9808 | qwk=0.9650 | mae=0.0253
        ovr_roc_auc_macro=0.9979 | ovr_pr_auc_macro=0.9963
  -> early stopping triggered at epoch 27

[TEST] loss=sce
  Test | loss=0.3192 | top1=96.88% | top2=100.00% | top3=100.00% | acc=96.82% | bal_acc=96.68% | macro_f1=0.9692 | weighted_f1=0.9680 | precision_macro=0.9718 | recall_macro=0.9668 | qwk=0.9598 | mae=0.0326
        ovr_roc_auc_macro=0.9943 | ovr_pr_auc_macro=0.9879
  Confusion Matrix:
[[116   0   0]
 [  0 291  26]
 [  1  14 840]]
  Classification Report:
              precision    recall  f1-score   support

     COVID19     0.9915    1.0000    0.9957       116
      NORMAL     0.9541    0.9180    0.9357       317
   PNEUMONIA     0.9700    0.9825    0.9762       855

    accuracy                         0.9682      1288
   macro avg     0.9718    0.9668    0.9692      1288
weighted avg     0.9680    0.9682    0.9680      1288


##########################################################################################
Starting loss: gce
##########################################################################################
Model params: 85,400,132 | pretrained loaded: 320/361 | feat_dim=2048
Criterion: GeneralizedCrossEntropyLoss
Epoch 01/40 | Time 0m48s
  Train | loss=0.7447 | top1=56.48% | top2=84.22% | top3=100.00%
  Valid | loss=0.7170 | top1=80.51% | top2=94.30% | top3=100.00% | acc=79.38% | bal_acc=66.20% | macro_f1=0.6691 | weighted_f1=0.7772 | precision_macro=0.7261 | recall_macro=0.6620 | qwk=0.5687 | mae=0.2588
        ovr_roc_auc_macro=0.8648 | ovr_pr_auc_macro=0.7286
  -> best macro_f1 updated to 0.6691 (epoch 1)
Epoch 02/40 | Time 0m48s
  Train | loss=0.5968 | top1=84.36% | top2=98.41% | top3=100.00%
  Valid | loss=0.4417 | top1=86.40% | top2=99.08% | top3=100.00% | acc=88.52% | bal_acc=77.80% | macro_f1=0.8199 | weighted_f1=0.8815 | precision_macro=0.8944 | recall_macro=0.7780 | qwk=0.7122 | mae=0.1479
        ovr_roc_auc_macro=0.9747 | ovr_pr_auc_macro=0.9500
  -> best macro_f1 updated to 0.8199 (epoch 2)
Epoch 03/40 | Time 0m48s
  Train | loss=0.2338 | top1=90.79% | top2=99.48% | top3=100.00%
  Valid | loss=0.1337 | top1=95.04% | top2=99.82% | top3=100.00% | acc=94.75% | bal_acc=93.64% | macro_f1=0.9392 | weighted_f1=0.9469 | precision_macro=0.9427 | recall_macro=0.9364 | qwk=0.9227 | mae=0.0564
        ovr_roc_auc_macro=0.9817 | ovr_pr_auc_macro=0.9735
  -> best macro_f1 updated to 0.9392 (epoch 3)
Epoch 04/40 | Time 0m48s
  Train | loss=0.0888 | top1=95.05% | top2=99.70% | top3=100.00%
  Valid | loss=0.0723 | top1=95.40% | top2=100.00% | top3=100.00% | acc=95.14% | bal_acc=95.37% | macro_f1=0.9455 | weighted_f1=0.9521 | precision_macro=0.9393 | recall_macro=0.9537 | qwk=0.9273 | mae=0.0525
        ovr_roc_auc_macro=0.9880 | ovr_pr_auc_macro=0.9813
  -> best macro_f1 updated to 0.9455 (epoch 4)
Epoch 05/40 | Time 0m48s
  Train | loss=0.0669 | top1=95.61% | top2=99.70% | top3=100.00%
  Valid | loss=0.0440 | top1=97.24% | top2=99.82% | top3=100.00% | acc=97.08% | bal_acc=97.00% | macro_f1=0.9634 | weighted_f1=0.9707 | precision_macro=0.9576 | recall_macro=0.9700 | qwk=0.9515 | mae=0.0331
        ovr_roc_auc_macro=0.9894 | ovr_pr_auc_macro=0.9857
  -> best macro_f1 updated to 0.9634 (epoch 5)
Epoch 06/40 | Time 0m48s
  Train | loss=0.0544 | top1=96.03% | top2=99.78% | top3=100.00%
  Valid | loss=0.0359 | top1=97.24% | top2=100.00% | top3=100.00% | acc=97.08% | bal_acc=95.96% | macro_f1=0.9629 | weighted_f1=0.9706 | precision_macro=0.9669 | recall_macro=0.9596 | qwk=0.9508 | mae=0.0331
        ovr_roc_auc_macro=0.9911 | ovr_pr_auc_macro=0.9888
Epoch 07/40 | Time 0m48s
  Train | loss=0.0520 | top1=96.33% | top2=99.78% | top3=100.00%
  Valid | loss=0.0361 | top1=97.06% | top2=100.00% | top3=100.00% | acc=96.89% | bal_acc=95.92% | macro_f1=0.9649 | weighted_f1=0.9684 | precision_macro=0.9721 | recall_macro=0.9592 | qwk=0.9625 | mae=0.0311
        ovr_roc_auc_macro=0.9938 | ovr_pr_auc_macro=0.9920
  -> best macro_f1 updated to 0.9649 (epoch 7)
Epoch 08/40 | Time 0m48s
  Train | loss=0.0491 | top1=96.43% | top2=99.78% | top3=100.00%
  Valid | loss=0.0788 | top1=93.93% | top2=99.82% | top3=100.00% | acc=96.50% | bal_acc=96.67% | macro_f1=0.9636 | weighted_f1=0.9653 | precision_macro=0.9612 | recall_macro=0.9667 | qwk=0.9506 | mae=0.0370
        ovr_roc_auc_macro=0.9952 | ovr_pr_auc_macro=0.9926
Epoch 09/40 | Time 0m48s
  Train | loss=0.0398 | top1=97.22% | top2=99.82% | top3=100.00%
  Valid | loss=0.0394 | top1=97.06% | top2=99.82% | top3=100.00% | acc=96.89% | bal_acc=97.51% | macro_f1=0.9651 | weighted_f1=0.9690 | precision_macro=0.9556 | recall_macro=0.9751 | qwk=0.9490 | mae=0.0350
        ovr_roc_auc_macro=0.9967 | ovr_pr_auc_macro=0.9943
  -> best macro_f1 updated to 0.9651 (epoch 9)
Epoch 10/40 | Time 0m48s
  Train | loss=0.0425 | top1=96.99% | top2=99.78% | top3=100.00%
  Valid | loss=0.0290 | top1=97.98% | top2=100.00% | top3=100.00% | acc=97.86% | bal_acc=97.58% | macro_f1=0.9732 | weighted_f1=0.9785 | precision_macro=0.9711 | recall_macro=0.9758 | qwk=0.9674 | mae=0.0233
        ovr_roc_auc_macro=0.9941 | ovr_pr_auc_macro=0.9920
  -> best macro_f1 updated to 0.9732 (epoch 10)
Epoch 11/40 | Time 0m48s
  Train | loss=0.0285 | top1=97.92% | top2=99.89% | top3=100.00%
  Valid | loss=0.0357 | top1=97.06% | top2=100.00% | top3=100.00% | acc=96.89% | bal_acc=97.51% | macro_f1=0.9673 | weighted_f1=0.9691 | precision_macro=0.9600 | recall_macro=0.9751 | qwk=0.9558 | mae=0.0331
        ovr_roc_auc_macro=0.9932 | ovr_pr_auc_macro=0.9908
Epoch 12/40 | Time 0m48s
  Train | loss=0.0328 | top1=97.67% | top2=99.84% | top3=100.00%
  Valid | loss=0.0934 | top1=93.20% | top2=100.00% | top3=100.00% | acc=95.72% | bal_acc=96.94% | macro_f1=0.9565 | weighted_f1=0.9578 | precision_macro=0.9452 | recall_macro=0.9694 | qwk=0.9420 | mae=0.0447
        ovr_roc_auc_macro=0.9905 | ovr_pr_auc_macro=0.9864
Epoch 13/40 | Time 0m48s
  Train | loss=0.0348 | top1=97.61% | top2=99.81% | top3=100.00%
  Valid | loss=0.0397 | top1=97.61% | top2=100.00% | top3=100.00% | acc=97.47% | bal_acc=97.39% | macro_f1=0.9748 | weighted_f1=0.9747 | precision_macro=0.9757 | recall_macro=0.9739 | qwk=0.9695 | mae=0.0253
        ovr_roc_auc_macro=0.9970 | ovr_pr_auc_macro=0.9953
  -> best macro_f1 updated to 0.9748 (epoch 13)
Epoch 14/40 | Time 0m48s
  Train | loss=0.0263 | top1=98.20% | top2=99.80% | top3=100.00%
  Valid | loss=0.0294 | top1=97.98% | top2=100.00% | top3=100.00% | acc=97.86% | bal_acc=97.13% | macro_f1=0.9764 | weighted_f1=0.9785 | precision_macro=0.9816 | recall_macro=0.9713 | qwk=0.9669 | mae=0.0233
        ovr_roc_auc_macro=0.9954 | ovr_pr_auc_macro=0.9942
  -> best macro_f1 updated to 0.9764 (epoch 14)
Epoch 15/40 | Time 0m48s
  Train | loss=0.0249 | top1=98.21% | top2=99.74% | top3=100.00%
  Valid | loss=0.0263 | top1=98.35% | top2=99.63% | top3=100.00% | acc=98.25% | bal_acc=98.16% | macro_f1=0.9826 | weighted_f1=0.9825 | precision_macro=0.9835 | recall_macro=0.9816 | qwk=0.9789 | mae=0.0175
        ovr_roc_auc_macro=0.9923 | ovr_pr_auc_macro=0.9911
  -> best macro_f1 updated to 0.9826 (epoch 15)
Epoch 16/40 | Time 0m48s
  Train | loss=0.0300 | top1=97.87% | top2=99.81% | top3=100.00%
  Valid | loss=0.0334 | top1=97.79% | top2=99.63% | top3=100.00% | acc=97.67% | bal_acc=97.68% | macro_f1=0.9724 | weighted_f1=0.9766 | precision_macro=0.9683 | recall_macro=0.9768 | qwk=0.9582 | mae=0.0272
        ovr_roc_auc_macro=0.9942 | ovr_pr_auc_macro=0.9921
Epoch 17/40 | Time 0m47s
  Train | loss=0.0253 | top1=98.29% | top2=99.72% | top3=100.00%
  Valid | loss=0.0323 | top1=97.79% | top2=99.63% | top3=100.00% | acc=97.67% | bal_acc=97.88% | macro_f1=0.9704 | weighted_f1=0.9767 | precision_macro=0.9626 | recall_macro=0.9788 | qwk=0.9515 | mae=0.0292
        ovr_roc_auc_macro=0.9960 | ovr_pr_auc_macro=0.9944
Epoch 18/40 | Time 0m48s
  Train | loss=0.0175 | top1=98.83% | top2=99.87% | top3=100.00%
  Valid | loss=0.0721 | top1=94.67% | top2=99.63% | top3=100.00% | acc=97.28% | bal_acc=97.69% | macro_f1=0.9733 | weighted_f1=0.9729 | precision_macro=0.9698 | recall_macro=0.9769 | qwk=0.9672 | mae=0.0272
        ovr_roc_auc_macro=0.9958 | ovr_pr_auc_macro=0.9929
Epoch 19/40 | Time 0m48s
  Train | loss=0.0191 | top1=98.69% | top2=99.85% | top3=100.00%
  Valid | loss=0.0213 | top1=98.53% | top2=99.82% | top3=100.00% | acc=98.44% | bal_acc=98.06% | macro_f1=0.9844 | weighted_f1=0.9843 | precision_macro=0.9884 | recall_macro=0.9806 | qwk=0.9812 | mae=0.0156
        ovr_roc_auc_macro=0.9981 | ovr_pr_auc_macro=0.9967
  -> best macro_f1 updated to 0.9844 (epoch 19)
Epoch 20/40 | Time 0m48s
  Train | loss=0.0140 | top1=99.05% | top2=99.91% | top3=100.00%
  Valid | loss=0.0428 | top1=97.98% | top2=99.82% | top3=100.00% | acc=97.86% | bal_acc=97.78% | macro_f1=0.9787 | weighted_f1=0.9786 | precision_macro=0.9796 | recall_macro=0.9778 | qwk=0.9742 | mae=0.0214
        ovr_roc_auc_macro=0.9980 | ovr_pr_auc_macro=0.9966
Epoch 21/40 | Time 0m48s
  Train | loss=0.0172 | top1=98.77% | top2=99.87% | top3=100.00%
  Valid | loss=0.0202 | top1=98.71% | top2=100.00% | top3=100.00% | acc=98.64% | bal_acc=98.75% | macro_f1=0.9843 | weighted_f1=0.9864 | precision_macro=0.9812 | recall_macro=0.9875 | qwk=0.9767 | mae=0.0156
        ovr_roc_auc_macro=0.9985 | ovr_pr_auc_macro=0.9973
Epoch 22/40 | Time 0m48s
  Train | loss=0.0139 | top1=99.03% | top2=99.94% | top3=100.00%
  Valid | loss=0.0734 | top1=94.67% | top2=100.00% | top3=100.00% | acc=97.28% | bal_acc=98.29% | macro_f1=0.9691 | weighted_f1=0.9730 | precision_macro=0.9566 | recall_macro=0.9829 | qwk=0.9538 | mae=0.0311
        ovr_roc_auc_macro=0.9980 | ovr_pr_auc_macro=0.9963
Epoch 23/40 | Time 0m48s
  Train | loss=0.0182 | top1=98.75% | top2=99.87% | top3=100.00%
  Valid | loss=0.0622 | top1=95.04% | top2=100.00% | top3=100.00% | acc=97.67% | bal_acc=98.08% | macro_f1=0.9739 | weighted_f1=0.9768 | precision_macro=0.9673 | recall_macro=0.9808 | qwk=0.9720 | mae=0.0233
        ovr_roc_auc_macro=0.9979 | ovr_pr_auc_macro=0.9961
Epoch 24/40 | Time 0m48s
  Train | loss=0.0140 | top1=99.03% | top2=99.91% | top3=100.00%
  Valid | loss=0.0801 | top1=93.93% | top2=100.00% | top3=100.00% | acc=96.50% | bal_acc=97.91% | macro_f1=0.9642 | weighted_f1=0.9655 | precision_macro=0.9514 | recall_macro=0.9791 | qwk=0.9513 | mae=0.0370
        ovr_roc_auc_macro=0.9982 | ovr_pr_auc_macro=0.9971
Epoch 25/40 | Time 0m47s
  Train | loss=0.0118 | top1=99.20% | top2=99.91% | top3=100.00%
  Valid | loss=0.0237 | top1=98.35% | top2=99.82% | top3=100.00% | acc=98.25% | bal_acc=97.77% | macro_f1=0.9801 | weighted_f1=0.9824 | precision_macro=0.9832 | recall_macro=0.9777 | qwk=0.9719 | mae=0.0195
        ovr_roc_auc_macro=0.9986 | ovr_pr_auc_macro=0.9975
Epoch 26/40 | Time 0m48s
  Train | loss=0.0123 | top1=99.09% | top2=99.91% | top3=100.00%
  Valid | loss=0.0236 | top1=98.16% | top2=100.00% | top3=100.00% | acc=98.05% | bal_acc=98.07% | macro_f1=0.9753 | weighted_f1=0.9805 | precision_macro=0.9702 | recall_macro=0.9807 | qwk=0.9698 | mae=0.0214
        ovr_roc_auc_macro=0.9985 | ovr_pr_auc_macro=0.9974
Epoch 27/40 | Time 0m48s
  Train | loss=0.0113 | top1=99.19% | top2=99.89% | top3=100.00%
  Valid | loss=0.0233 | top1=98.35% | top2=100.00% | top3=100.00% | acc=98.25% | bal_acc=98.16% | macro_f1=0.9782 | weighted_f1=0.9825 | precision_macro=0.9751 | recall_macro=0.9816 | qwk=0.9651 | mae=0.0214
        ovr_roc_auc_macro=0.9986 | ovr_pr_auc_macro=0.9978
Epoch 28/40 | Time 0m47s
  Train | loss=0.0083 | top1=99.44% | top2=99.96% | top3=100.00%
  Valid | loss=0.0615 | top1=94.67% | top2=100.00% | top3=100.00% | acc=97.28% | bal_acc=97.89% | macro_f1=0.9711 | weighted_f1=0.9729 | precision_macro=0.9637 | recall_macro=0.9789 | qwk=0.9604 | mae=0.0292
        ovr_roc_auc_macro=0.9978 | ovr_pr_auc_macro=0.9966
Epoch 29/40 | Time 0m48s
  Train | loss=0.0091 | top1=99.39% | top2=99.94% | top3=100.00%
  Valid | loss=0.0346 | top1=98.35% | top2=100.00% | top3=100.00% | acc=98.25% | bal_acc=98.56% | macro_f1=0.9805 | weighted_f1=0.9825 | precision_macro=0.9755 | recall_macro=0.9856 | qwk=0.9720 | mae=0.0195
        ovr_roc_auc_macro=0.9985 | ovr_pr_auc_macro=0.9975
  -> early stopping triggered at epoch 29

[TEST] loss=gce
  Test | loss=0.0408 | top1=97.10% | top2=100.00% | top3=100.00% | acc=97.05% | bal_acc=96.86% | macro_f1=0.9723 | weighted_f1=0.9703 | precision_macro=0.9762 | recall_macro=0.9686 | qwk=0.9652 | mae=0.0295
        ovr_roc_auc_macro=0.9942 | ovr_pr_auc_macro=0.9906
  Confusion Matrix:
[[116   0   0]
 [  0 292  25]
 [  0  13 842]]
  Classification Report:
              precision    recall  f1-score   support

     COVID19     1.0000    1.0000    1.0000       116
      NORMAL     0.9574    0.9211    0.9389       317
   PNEUMONIA     0.9712    0.9848    0.9779       855

    accuracy                         0.9705      1288
   macro avg     0.9762    0.9686    0.9723      1288
weighted avg     0.9704    0.9705    0.9703      1288


##########################################################################################
Starting loss: dast
##########################################################################################
Model params: 85,400,132 | pretrained loaded: 320/361 | feat_dim=2048
Criterion: DistanceAwareSoftTargetLoss
Epoch 01/40 | Time 0m48s
  Train | loss=0.5794 | top1=56.79% | top2=83.73% | top3=100.00%
  Valid | loss=0.5535 | top1=79.23% | top2=93.57% | top3=100.00% | acc=78.02% | bal_acc=65.00% | macro_f1=0.6527 | weighted_f1=0.7599 | precision_macro=0.6921 | recall_macro=0.6500 | qwk=0.6041 | mae=0.2568
        ovr_roc_auc_macro=0.8451 | ovr_pr_auc_macro=0.6996
  -> best macro_f1 updated to 0.6527 (epoch 1)
Epoch 02/40 | Time 0m47s
  Train | loss=0.4847 | top1=84.51% | top2=97.54% | top3=100.00%
  Valid | loss=0.4193 | top1=90.26% | top2=99.26% | top3=100.00% | acc=89.69% | bal_acc=81.45% | macro_f1=0.8516 | weighted_f1=0.8945 | precision_macro=0.9031 | recall_macro=0.8145 | qwk=0.7977 | mae=0.1206
        ovr_roc_auc_macro=0.9738 | ovr_pr_auc_macro=0.9411
  -> best macro_f1 updated to 0.8516 (epoch 2)
Epoch 03/40 | Time 0m48s
  Train | loss=0.3579 | top1=91.87% | top2=99.40% | top3=100.00%
  Valid | loss=0.3204 | top1=91.91% | top2=100.00% | top3=100.00% | acc=94.36% | bal_acc=93.45% | macro_f1=0.9325 | weighted_f1=0.9432 | precision_macro=0.9311 | recall_macro=0.9345 | qwk=0.9186 | mae=0.0603
        ovr_roc_auc_macro=0.9888 | ovr_pr_auc_macro=0.9758
  -> best macro_f1 updated to 0.9325 (epoch 3)
Epoch 04/40 | Time 0m48s
  Train | loss=0.3153 | top1=94.86% | top2=99.74% | top3=100.00%
  Valid | loss=0.3037 | top1=95.40% | top2=99.82% | top3=100.00% | acc=95.14% | bal_acc=95.22% | macro_f1=0.9447 | weighted_f1=0.9517 | precision_macro=0.9377 | recall_macro=0.9522 | qwk=0.9278 | mae=0.0525
        ovr_roc_auc_macro=0.9933 | ovr_pr_auc_macro=0.9872
  -> best macro_f1 updated to 0.9447 (epoch 4)
Epoch 05/40 | Time 0m47s
  Train | loss=0.3097 | top1=95.45% | top2=99.76% | top3=100.00%
  Valid | loss=0.2964 | top1=96.88% | top2=99.82% | top3=100.00% | acc=96.69% | bal_acc=96.02% | macro_f1=0.9590 | weighted_f1=0.9666 | precision_macro=0.9595 | recall_macro=0.9602 | qwk=0.9467 | mae=0.0370
        ovr_roc_auc_macro=0.9956 | ovr_pr_auc_macro=0.9913
  -> best macro_f1 updated to 0.9590 (epoch 5)
Epoch 06/40 | Time 0m48s
  Train | loss=0.3019 | top1=96.64% | top2=99.94% | top3=100.00%
  Valid | loss=0.2930 | top1=96.69% | top2=100.00% | top3=100.00% | acc=96.50% | bal_acc=96.92% | macro_f1=0.9633 | weighted_f1=0.9651 | precision_macro=0.9576 | recall_macro=0.9692 | qwk=0.9511 | mae=0.0370
        ovr_roc_auc_macro=0.9949 | ovr_pr_auc_macro=0.9906
  -> best macro_f1 updated to 0.9633 (epoch 6)
Epoch 07/40 | Time 0m48s
  Train | loss=0.2985 | top1=96.97% | top2=99.95% | top3=100.00%
  Valid | loss=0.2903 | top1=97.79% | top2=100.00% | top3=100.00% | acc=97.67% | bal_acc=96.84% | macro_f1=0.9712 | weighted_f1=0.9766 | precision_macro=0.9741 | recall_macro=0.9684 | qwk=0.9647 | mae=0.0253
        ovr_roc_auc_macro=0.9971 | ovr_pr_auc_macro=0.9952
  -> best macro_f1 updated to 0.9712 (epoch 7)
Epoch 08/40 | Time 0m47s
  Train | loss=0.2976 | top1=96.92% | top2=99.91% | top3=100.00%
  Valid | loss=0.2899 | top1=97.06% | top2=99.82% | top3=100.00% | acc=96.89% | bal_acc=96.91% | macro_f1=0.9668 | weighted_f1=0.9688 | precision_macro=0.9646 | recall_macro=0.9691 | qwk=0.9556 | mae=0.0331
        ovr_roc_auc_macro=0.9979 | ovr_pr_auc_macro=0.9962
Epoch 09/40 | Time 0m48s
  Train | loss=0.2937 | top1=97.67% | top2=99.96% | top3=100.00%
  Valid | loss=0.2953 | top1=96.88% | top2=99.82% | top3=100.00% | acc=96.69% | bal_acc=97.41% | macro_f1=0.9632 | weighted_f1=0.9671 | precision_macro=0.9530 | recall_macro=0.9741 | qwk=0.9468 | mae=0.0370
        ovr_roc_auc_macro=0.9967 | ovr_pr_auc_macro=0.9927
Epoch 10/40 | Time 0m48s
  Train | loss=0.2917 | top1=97.84% | top2=99.98% | top3=100.00%
  Valid | loss=0.2870 | top1=98.16% | top2=99.82% | top3=100.00% | acc=98.05% | bal_acc=96.83% | macro_f1=0.9780 | weighted_f1=0.9804 | precision_macro=0.9886 | recall_macro=0.9683 | qwk=0.9692 | mae=0.0214
        ovr_roc_auc_macro=0.9976 | ovr_pr_auc_macro=0.9935
  -> best macro_f1 updated to 0.9780 (epoch 10)
Epoch 11/40 | Time 0m48s
  Train | loss=0.2883 | top1=98.40% | top2=99.96% | top3=100.00%
  Valid | loss=0.2919 | top1=97.61% | top2=99.82% | top3=100.00% | acc=97.47% | bal_acc=97.99% | macro_f1=0.9707 | weighted_f1=0.9748 | precision_macro=0.9621 | recall_macro=0.9799 | qwk=0.9560 | mae=0.0292
        ovr_roc_auc_macro=0.9970 | ovr_pr_auc_macro=0.9914
Epoch 12/40 | Time 0m48s
  Train | loss=0.2884 | top1=98.42% | top2=99.87% | top3=100.00%
  Valid | loss=0.2945 | top1=96.69% | top2=100.00% | top3=100.00% | acc=96.50% | bal_acc=98.11% | macro_f1=0.9644 | weighted_f1=0.9656 | precision_macro=0.9504 | recall_macro=0.9811 | qwk=0.9513 | mae=0.0370
        ovr_roc_auc_macro=0.9985 | ovr_pr_auc_macro=0.9968
Epoch 13/40 | Time 0m48s
  Train | loss=0.2866 | top1=98.47% | top2=100.00% | top3=100.00%
  Valid | loss=0.2832 | top1=97.79% | top2=99.82% | top3=100.00% | acc=97.67% | bal_acc=97.68% | macro_f1=0.9746 | weighted_f1=0.9766 | precision_macro=0.9724 | recall_macro=0.9768 | qwk=0.9650 | mae=0.0253
        ovr_roc_auc_macro=0.9945 | ovr_pr_auc_macro=0.9933
Epoch 14/40 | Time 0m48s
  Train | loss=0.2835 | top1=99.06% | top2=100.00% | top3=100.00%
  Valid | loss=0.2878 | top1=97.79% | top2=99.63% | top3=100.00% | acc=97.67% | bal_acc=97.68% | macro_f1=0.9746 | weighted_f1=0.9766 | precision_macro=0.9724 | recall_macro=0.9768 | qwk=0.9650 | mae=0.0253
        ovr_roc_auc_macro=0.9957 | ovr_pr_auc_macro=0.9945
Epoch 15/40 | Time 0m48s
  Train | loss=0.2842 | top1=98.81% | top2=100.00% | top3=100.00%
  Valid | loss=0.2901 | top1=97.06% | top2=99.82% | top3=100.00% | acc=96.89% | bal_acc=95.92% | macro_f1=0.9659 | weighted_f1=0.9684 | precision_macro=0.9744 | recall_macro=0.9592 | qwk=0.9554 | mae=0.0331
        ovr_roc_auc_macro=0.9936 | ovr_pr_auc_macro=0.9916
Epoch 16/40 | Time 0m47s
  Train | loss=0.2838 | top1=98.97% | top2=99.98% | top3=100.00%
  Valid | loss=0.2940 | top1=96.88% | top2=99.63% | top3=100.00% | acc=96.69% | bal_acc=97.81% | macro_f1=0.9658 | weighted_f1=0.9673 | precision_macro=0.9549 | recall_macro=0.9781 | qwk=0.9535 | mae=0.0350
        ovr_roc_auc_macro=0.9981 | ovr_pr_auc_macro=0.9968
Epoch 17/40 | Time 0m48s
  Train | loss=0.2820 | top1=99.31% | top2=100.00% | top3=100.00%
  Valid | loss=0.2855 | top1=98.16% | top2=99.82% | top3=100.00% | acc=98.05% | bal_acc=97.67% | macro_f1=0.9782 | weighted_f1=0.9804 | precision_macro=0.9801 | recall_macro=0.9767 | qwk=0.9696 | mae=0.0214
        ovr_roc_auc_macro=0.9978 | ovr_pr_auc_macro=0.9962
  -> best macro_f1 updated to 0.9782 (epoch 17)
Epoch 18/40 | Time 0m48s
  Train | loss=0.2814 | top1=99.40% | top2=100.00% | top3=100.00%
  Valid | loss=0.2872 | top1=97.79% | top2=99.82% | top3=100.00% | acc=97.67% | bal_acc=96.44% | macro_f1=0.9719 | weighted_f1=0.9764 | precision_macro=0.9803 | recall_macro=0.9644 | qwk=0.9576 | mae=0.0272
        ovr_roc_auc_macro=0.9950 | ovr_pr_auc_macro=0.9938
Epoch 19/40 | Time 0m48s
  Train | loss=0.2811 | top1=99.42% | top2=100.00% | top3=100.00%
  Valid | loss=0.2894 | top1=97.98% | top2=99.82% | top3=100.00% | acc=97.86% | bal_acc=98.17% | macro_f1=0.9767 | weighted_f1=0.9786 | precision_macro=0.9717 | recall_macro=0.9817 | qwk=0.9674 | mae=0.0233
        ovr_roc_auc_macro=0.9947 | ovr_pr_auc_macro=0.9947
Epoch 20/40 | Time 0m47s
  Train | loss=0.2797 | top1=99.66% | top2=100.00% | top3=100.00%
  Valid | loss=0.2882 | top1=98.16% | top2=99.82% | top3=100.00% | acc=98.05% | bal_acc=97.87% | macro_f1=0.9783 | weighted_f1=0.9805 | precision_macro=0.9781 | recall_macro=0.9787 | qwk=0.9696 | mae=0.0214
        ovr_roc_auc_macro=0.9930 | ovr_pr_auc_macro=0.9720
  -> best macro_f1 updated to 0.9783 (epoch 20)
Epoch 21/40 | Time 0m48s
  Train | loss=0.2793 | top1=99.59% | top2=100.00% | top3=100.00%
  Valid | loss=0.3027 | top1=94.49% | top2=99.82% | top3=100.00% | acc=97.08% | bal_acc=97.40% | macro_f1=0.9690 | weighted_f1=0.9709 | precision_macro=0.9641 | recall_macro=0.9740 | qwk=0.9580 | mae=0.0311
        ovr_roc_auc_macro=0.9962 | ovr_pr_auc_macro=0.9709
Epoch 22/40 | Time 0m48s
  Train | loss=0.2786 | top1=99.76% | top2=100.00% | top3=100.00%
  Valid | loss=0.3089 | top1=94.30% | top2=99.45% | top3=100.00% | acc=96.89% | bal_acc=97.51% | macro_f1=0.9599 | weighted_f1=0.9691 | precision_macro=0.9462 | recall_macro=0.9751 | qwk=0.9427 | mae=0.0370
        ovr_roc_auc_macro=0.9955 | ovr_pr_auc_macro=0.9707
Epoch 23/40 | Time 0m48s
  Train | loss=0.2797 | top1=99.68% | top2=99.98% | top3=100.00%
  Valid | loss=0.2883 | top1=98.16% | top2=99.82% | top3=100.00% | acc=98.05% | bal_acc=98.07% | macro_f1=0.9784 | weighted_f1=0.9805 | precision_macro=0.9763 | recall_macro=0.9807 | qwk=0.9696 | mae=0.0214
        ovr_roc_auc_macro=0.9883 | ovr_pr_auc_macro=0.9635
  -> best macro_f1 updated to 0.9784 (epoch 23)
Epoch 24/40 | Time 0m47s
  Train | loss=0.2788 | top1=99.85% | top2=99.96% | top3=100.00%
  Valid | loss=0.2949 | top1=97.79% | top2=99.63% | top3=100.00% | acc=97.67% | bal_acc=97.88% | macro_f1=0.9725 | weighted_f1=0.9767 | precision_macro=0.9665 | recall_macro=0.9788 | qwk=0.9582 | mae=0.0272
        ovr_roc_auc_macro=0.9902 | ovr_pr_auc_macro=0.9646
Epoch 25/40 | Time 0m47s
  Train | loss=0.2783 | top1=99.76% | top2=100.00% | top3=100.00%
  Valid | loss=0.3034 | top1=94.67% | top2=99.45% | top3=100.00% | acc=97.28% | bal_acc=98.29% | macro_f1=0.9714 | weighted_f1=0.9731 | precision_macro=0.9610 | recall_macro=0.9829 | qwk=0.9605 | mae=0.0292
        ovr_roc_auc_macro=0.9943 | ovr_pr_auc_macro=0.9670
Epoch 26/40 | Time 0m48s
  Train | loss=0.2786 | top1=99.76% | top2=100.00% | top3=100.00%
  Valid | loss=0.2916 | top1=98.35% | top2=99.82% | top3=100.00% | acc=98.25% | bal_acc=97.96% | macro_f1=0.9802 | weighted_f1=0.9824 | precision_macro=0.9811 | recall_macro=0.9796 | qwk=0.9719 | mae=0.0195
        ovr_roc_auc_macro=0.9927 | ovr_pr_auc_macro=0.9682
  -> best macro_f1 updated to 0.9802 (epoch 26)
Epoch 27/40 | Time 0m48s
  Train | loss=0.2786 | top1=99.76% | top2=100.00% | top3=100.00%
  Valid | loss=0.2908 | top1=98.16% | top2=99.82% | top3=100.00% | acc=98.05% | bal_acc=97.87% | macro_f1=0.9783 | weighted_f1=0.9805 | precision_macro=0.9781 | recall_macro=0.9787 | qwk=0.9696 | mae=0.0214
        ovr_roc_auc_macro=0.9904 | ovr_pr_auc_macro=0.9664
Epoch 28/40 | Time 0m48s
  Train | loss=0.2783 | top1=99.78% | top2=100.00% | top3=100.00%
  Valid | loss=0.2914 | top1=98.16% | top2=99.63% | top3=100.00% | acc=98.05% | bal_acc=98.27% | macro_f1=0.9785 | weighted_f1=0.9806 | precision_macro=0.9745 | recall_macro=0.9827 | qwk=0.9697 | mae=0.0214
        ovr_roc_auc_macro=0.9939 | ovr_pr_auc_macro=0.9692
Epoch 29/40 | Time 0m48s
  Train | loss=0.2780 | top1=99.81% | top2=100.00% | top3=100.00%
  Valid | loss=0.2918 | top1=97.98% | top2=99.82% | top3=100.00% | acc=97.86% | bal_acc=97.97% | macro_f1=0.9765 | weighted_f1=0.9786 | precision_macro=0.9734 | recall_macro=0.9797 | qwk=0.9673 | mae=0.0233
        ovr_roc_auc_macro=0.9945 | ovr_pr_auc_macro=0.9689
Epoch 30/40 | Time 0m48s
  Train | loss=0.2774 | top1=99.89% | top2=100.00% | top3=100.00%
  Valid | loss=0.2995 | top1=95.22% | top2=99.82% | top3=100.00% | acc=97.86% | bal_acc=97.97% | macro_f1=0.9765 | weighted_f1=0.9786 | precision_macro=0.9734 | recall_macro=0.9797 | qwk=0.9673 | mae=0.0233
        ovr_roc_auc_macro=0.9931 | ovr_pr_auc_macro=0.9686
Epoch 31/40 | Time 0m48s
  Train | loss=0.2772 | top1=99.96% | top2=100.00% | top3=100.00%
  Valid | loss=0.2973 | top1=95.22% | top2=99.82% | top3=100.00% | acc=97.86% | bal_acc=97.97% | macro_f1=0.9765 | weighted_f1=0.9786 | precision_macro=0.9734 | recall_macro=0.9797 | qwk=0.9673 | mae=0.0233
        ovr_roc_auc_macro=0.9921 | ovr_pr_auc_macro=0.9675
Epoch 32/40 | Time 0m48s
  Train | loss=0.2774 | top1=99.94% | top2=99.98% | top3=100.00%
  Valid | loss=0.3002 | top1=95.22% | top2=99.82% | top3=100.00% | acc=97.86% | bal_acc=97.97% | macro_f1=0.9765 | weighted_f1=0.9786 | precision_macro=0.9734 | recall_macro=0.9797 | qwk=0.9673 | mae=0.0233
        ovr_roc_auc_macro=0.9932 | ovr_pr_auc_macro=0.9687
Epoch 33/40 | Time 0m48s
  Train | loss=0.2771 | top1=100.00% | top2=100.00% | top3=100.00%
  Valid | loss=0.2987 | top1=95.22% | top2=99.82% | top3=100.00% | acc=97.86% | bal_acc=97.97% | macro_f1=0.9765 | weighted_f1=0.9786 | precision_macro=0.9734 | recall_macro=0.9797 | qwk=0.9673 | mae=0.0233
        ovr_roc_auc_macro=0.9925 | ovr_pr_auc_macro=0.9680
Epoch 34/40 | Time 0m48s
  Train | loss=0.2772 | top1=99.96% | top2=100.00% | top3=100.00%
  Valid | loss=0.2937 | top1=98.35% | top2=99.82% | top3=100.00% | acc=98.25% | bal_acc=98.16% | macro_f1=0.9803 | weighted_f1=0.9824 | precision_macro=0.9791 | recall_macro=0.9816 | qwk=0.9720 | mae=0.0195
        ovr_roc_auc_macro=0.9930 | ovr_pr_auc_macro=0.9684
Epoch 35/40 | Time 0m48s
  Train | loss=0.2770 | top1=100.00% | top2=100.00% | top3=100.00%
  Valid | loss=0.2986 | top1=95.22% | top2=99.82% | top3=100.00% | acc=97.86% | bal_acc=97.97% | macro_f1=0.9765 | weighted_f1=0.9786 | precision_macro=0.9734 | recall_macro=0.9797 | qwk=0.9673 | mae=0.0233
        ovr_roc_auc_macro=0.9928 | ovr_pr_auc_macro=0.9682
Epoch 36/40 | Time 0m48s
  Train | loss=0.2771 | top1=99.98% | top2=100.00% | top3=100.00%
  Valid | loss=0.2927 | top1=98.35% | top2=99.82% | top3=100.00% | acc=98.25% | bal_acc=98.16% | macro_f1=0.9803 | weighted_f1=0.9824 | precision_macro=0.9791 | recall_macro=0.9816 | qwk=0.9720 | mae=0.0195
        ovr_roc_auc_macro=0.9930 | ovr_pr_auc_macro=0.9686
  -> early stopping triggered at epoch 36

[TEST] loss=dast
  Test | loss=0.2933 | top1=97.18% | top2=99.70% | top3=100.00% | acc=97.13% | bal_acc=97.17% | macro_f1=0.9732 | weighted_f1=0.9712 | precision_macro=0.9748 | recall_macro=0.9717 | qwk=0.9662 | mae=0.0287
        ovr_roc_auc_macro=0.9942 | ovr_pr_auc_macro=0.9871
  Confusion Matrix:
[[116   0   0]
 [  0 296  21]
 [  0  16 839]]
  Classification Report:
              precision    recall  f1-score   support

     COVID19     1.0000    1.0000    1.0000       116
      NORMAL     0.9487    0.9338    0.9412       317
   PNEUMONIA     0.9756    0.9813    0.9784       855

    accuracy                         0.9713      1288
   macro avg     0.9748    0.9717    0.9732      1288
weighted avg     0.9712    0.9713    0.9712      1288


##########################################################################################
Starting loss: pcol
##########################################################################################
Model params: 85,400,132 | pretrained loaded: 320/361 | feat_dim=2048
Criterion: PrototypeConsistencyOrdinalLoss
Epoch 01/40 | Time 0m48s
  Train | loss=1.0600 | top1=56.80% | top2=83.87% | top3=100.00%
  Valid | loss=1.0083 | top1=80.51% | top2=94.12% | top3=100.00% | acc=79.38% | bal_acc=68.24% | macro_f1=0.6814 | weighted_f1=0.7841 | precision_macro=0.7137 | recall_macro=0.6824 | qwk=0.5601 | mae=0.2646
        ovr_roc_auc_macro=0.8673 | ovr_pr_auc_macro=0.7199
  -> best macro_f1 updated to 0.6814 (epoch 1)
Epoch 02/40 | Time 0m48s
  Train | loss=0.8369 | top1=83.26% | top2=98.38% | top3=100.00%
  Valid | loss=0.6348 | top1=89.15% | top2=98.90% | top3=100.00% | acc=88.52% | bal_acc=76.81% | macro_f1=0.8203 | weighted_f1=0.8803 | precision_macro=0.9130 | recall_macro=0.7681 | qwk=0.7088 | mae=0.1479
        ovr_roc_auc_macro=0.9753 | ovr_pr_auc_macro=0.9528
  -> best macro_f1 updated to 0.8203 (epoch 2)
Epoch 03/40 | Time 0m48s
  Train | loss=0.3849 | top1=91.08% | top2=99.59% | top3=100.00%
  Valid | loss=0.2501 | top1=95.59% | top2=100.00% | top3=100.00% | acc=95.33% | bal_acc=94.92% | macro_f1=0.9483 | weighted_f1=0.9534 | precision_macro=0.9475 | recall_macro=0.9492 | qwk=0.9367 | mae=0.0486
        ovr_roc_auc_macro=0.9888 | ovr_pr_auc_macro=0.9806
  -> best macro_f1 updated to 0.9483 (epoch 3)
Epoch 04/40 | Time 0m48s
  Train | loss=0.1939 | top1=95.02% | top2=99.85% | top3=100.00%
  Valid | loss=0.1436 | top1=96.88% | top2=100.00% | top3=100.00% | acc=96.69% | bal_acc=95.77% | macro_f1=0.9613 | weighted_f1=0.9667 | precision_macro=0.9651 | recall_macro=0.9577 | qwk=0.9530 | mae=0.0350
        ovr_roc_auc_macro=0.9949 | ovr_pr_auc_macro=0.9910
  -> best macro_f1 updated to 0.9613 (epoch 4)
Epoch 05/40 | Time 0m48s
  Train | loss=0.1575 | top1=95.86% | top2=99.89% | top3=100.00%
  Valid | loss=0.1228 | top1=97.24% | top2=100.00% | top3=100.00% | acc=97.08% | bal_acc=96.01% | macro_f1=0.9668 | weighted_f1=0.9703 | precision_macro=0.9753 | recall_macro=0.9601 | qwk=0.9648 | mae=0.0292
        ovr_roc_auc_macro=0.9972 | ovr_pr_auc_macro=0.9951
  -> best macro_f1 updated to 0.9668 (epoch 5)
Epoch 06/40 | Time 0m49s
  Train | loss=0.1218 | top1=96.68% | top2=99.94% | top3=100.00%
  Valid | loss=0.1231 | top1=97.43% | top2=100.00% | top3=100.00% | acc=97.28% | bal_acc=97.49% | macro_f1=0.9677 | weighted_f1=0.9728 | precision_macro=0.9608 | recall_macro=0.9749 | qwk=0.9606 | mae=0.0292
        ovr_roc_auc_macro=0.9952 | ovr_pr_auc_macro=0.9929
  -> best macro_f1 updated to 0.9677 (epoch 6)
Epoch 07/40 | Time 0m48s
  Train | loss=0.1119 | top1=96.77% | top2=99.89% | top3=100.00%
  Valid | loss=0.1430 | top1=94.12% | top2=100.00% | top3=100.00% | acc=96.69% | bal_acc=96.57% | macro_f1=0.9620 | weighted_f1=0.9671 | precision_macro=0.9586 | recall_macro=0.9657 | qwk=0.9532 | mae=0.0350
        ovr_roc_auc_macro=0.9963 | ovr_pr_auc_macro=0.9935
Epoch 08/40 | Time 0m48s
  Train | loss=0.0979 | top1=97.09% | top2=99.98% | top3=100.00%
  Valid | loss=0.0924 | top1=97.79% | top2=100.00% | top3=100.00% | acc=97.67% | bal_acc=97.29% | macro_f1=0.9712 | weighted_f1=0.9765 | precision_macro=0.9701 | recall_macro=0.9729 | qwk=0.9651 | mae=0.0253
        ovr_roc_auc_macro=0.9979 | ovr_pr_auc_macro=0.9967
  -> best macro_f1 updated to 0.9712 (epoch 8)
Epoch 09/40 | Time 0m48s
  Train | loss=0.0789 | top1=97.99% | top2=99.98% | top3=100.00%
  Valid | loss=0.0826 | top1=98.16% | top2=100.00% | top3=100.00% | acc=98.05% | bal_acc=98.47% | macro_f1=0.9809 | weighted_f1=0.9807 | precision_macro=0.9774 | recall_macro=0.9847 | qwk=0.9766 | mae=0.0195
        ovr_roc_auc_macro=0.9977 | ovr_pr_auc_macro=0.9966
  -> best macro_f1 updated to 0.9809 (epoch 9)
Epoch 10/40 | Time 0m48s
  Train | loss=0.0793 | top1=97.84% | top2=99.91% | top3=100.00%
  Valid | loss=0.0825 | top1=98.35% | top2=99.82% | top3=100.00% | acc=98.25% | bal_acc=97.32% | macro_f1=0.9802 | weighted_f1=0.9824 | precision_macro=0.9875 | recall_macro=0.9732 | qwk=0.9716 | mae=0.0195
        ovr_roc_auc_macro=0.9971 | ovr_pr_auc_macro=0.9960
Epoch 11/40 | Time 0m48s
  Train | loss=0.0668 | top1=98.36% | top2=99.96% | top3=100.00%
  Valid | loss=0.1011 | top1=97.98% | top2=99.82% | top3=100.00% | acc=97.86% | bal_acc=98.17% | macro_f1=0.9745 | weighted_f1=0.9786 | precision_macro=0.9675 | recall_macro=0.9817 | qwk=0.9606 | mae=0.0253
        ovr_roc_auc_macro=0.9974 | ovr_pr_auc_macro=0.9956
Epoch 12/40 | Time 0m48s
  Train | loss=0.0628 | top1=98.31% | top2=100.00% | top3=100.00%
  Valid | loss=0.1002 | top1=96.51% | top2=100.00% | top3=100.00% | acc=96.30% | bal_acc=94.39% | macro_f1=0.9521 | weighted_f1=0.9623 | precision_macro=0.9643 | recall_macro=0.9439 | qwk=0.9345 | mae=0.0428
        ovr_roc_auc_macro=0.9957 | ovr_pr_auc_macro=0.9943
Epoch 13/40 | Time 0m48s
  Train | loss=0.0452 | top1=98.88% | top2=99.98% | top3=100.00%
  Valid | loss=0.1173 | top1=94.30% | top2=100.00% | top3=100.00% | acc=96.89% | bal_acc=97.51% | macro_f1=0.9642 | weighted_f1=0.9691 | precision_macro=0.9540 | recall_macro=0.9751 | qwk=0.9560 | mae=0.0331
        ovr_roc_auc_macro=0.9980 | ovr_pr_auc_macro=0.9957
Epoch 14/40 | Time 0m48s
  Train | loss=0.0481 | top1=98.86% | top2=100.00% | top3=100.00%
  Valid | loss=0.1228 | top1=95.22% | top2=100.00% | top3=100.00% | acc=97.86% | bal_acc=98.37% | macro_f1=0.9768 | weighted_f1=0.9787 | precision_macro=0.9701 | recall_macro=0.9837 | qwk=0.9674 | mae=0.0233
        ovr_roc_auc_macro=0.9966 | ovr_pr_auc_macro=0.9953
Epoch 15/40 | Time 0m48s
  Train | loss=0.0407 | top1=99.18% | top2=99.98% | top3=100.00%
  Valid | loss=0.0773 | top1=97.61% | top2=99.82% | top3=100.00% | acc=97.47% | bal_acc=96.94% | macro_f1=0.9682 | weighted_f1=0.9747 | precision_macro=0.9670 | recall_macro=0.9694 | qwk=0.9486 | mae=0.0311
        ovr_roc_auc_macro=0.9966 | ovr_pr_auc_macro=0.9951
Epoch 16/40 | Time 0m48s
  Train | loss=0.0374 | top1=99.20% | top2=99.98% | top3=100.00%
  Valid | loss=0.0863 | top1=97.98% | top2=99.82% | top3=100.00% | acc=97.86% | bal_acc=97.33% | macro_f1=0.9721 | weighted_f1=0.9786 | precision_macro=0.9710 | recall_macro=0.9733 | qwk=0.9533 | mae=0.0272
        ovr_roc_auc_macro=0.9964 | ovr_pr_auc_macro=0.9950
Epoch 17/40 | Time 0m48s
  Train | loss=0.0311 | top1=99.35% | top2=100.00% | top3=100.00%
  Valid | loss=0.1176 | top1=95.04% | top2=99.82% | top3=100.00% | acc=97.67% | bal_acc=98.28% | macro_f1=0.9727 | weighted_f1=0.9768 | precision_macro=0.9632 | recall_macro=0.9828 | qwk=0.9583 | mae=0.0272
        ovr_roc_auc_macro=0.9985 | ovr_pr_auc_macro=0.9970
Epoch 18/40 | Time 0m48s
  Train | loss=0.0284 | top1=99.46% | top2=100.00% | top3=100.00%
  Valid | loss=0.0627 | top1=98.16% | top2=99.82% | top3=100.00% | acc=98.05% | bal_acc=98.27% | macro_f1=0.9785 | weighted_f1=0.9806 | precision_macro=0.9745 | recall_macro=0.9827 | qwk=0.9697 | mae=0.0214
        ovr_roc_auc_macro=0.9990 | ovr_pr_auc_macro=0.9981
Epoch 19/40 | Time 0m47s
  Train | loss=0.0258 | top1=99.46% | top2=100.00% | top3=100.00%
  Valid | loss=0.0837 | top1=97.61% | top2=99.63% | top3=100.00% | acc=97.47% | bal_acc=96.74% | macro_f1=0.9681 | weighted_f1=0.9746 | precision_macro=0.9690 | recall_macro=0.9674 | qwk=0.9486 | mae=0.0311
        ovr_roc_auc_macro=0.9980 | ovr_pr_auc_macro=0.9950
  -> early stopping triggered at epoch 19

[TEST] loss=pcol
  Test | loss=0.1385 | top1=96.04% | top2=100.00% | top3=100.00% | acc=95.96% | bal_acc=96.10% | macro_f1=0.9600 | weighted_f1=0.9599 | precision_macro=0.9594 | recall_macro=0.9610 | qwk=0.9468 | mae=0.0419
        ovr_roc_auc_macro=0.9933 | ovr_pr_auc_macro=0.9888
  Confusion Matrix:
[[113   1   2]
 [  0 300  17]
 [  0  32 823]]
  Classification Report:
              precision    recall  f1-score   support

     COVID19     1.0000    0.9741    0.9869       116
      NORMAL     0.9009    0.9464    0.9231       317
   PNEUMONIA     0.9774    0.9626    0.9699       855

    accuracy                         0.9596      1288
   macro avg     0.9594    0.9610    0.9600      1288
weighted avg     0.9606    0.9596    0.9599      1288


##########################################################################################
Starting loss: aom
##########################################################################################
Model params: 85,400,132 | pretrained loaded: 320/361 | feat_dim=2048
Criterion: AdaptiveOrdinalMarginLoss
Epoch 01/40 | Time 0m48s
  Train | loss=0.9897 | top1=56.33% | top2=84.42% | top3=100.00%
  Valid | loss=0.9370 | top1=79.41% | top2=94.67% | top3=100.00% | acc=78.21% | bal_acc=65.44% | macro_f1=0.6564 | weighted_f1=0.7663 | precision_macro=0.7033 | recall_macro=0.6544 | qwk=0.5465 | mae=0.2743
        ovr_roc_auc_macro=0.8618 | ovr_pr_auc_macro=0.7229
  -> best macro_f1 updated to 0.6564 (epoch 1)
Epoch 02/40 | Time 0m48s
  Train | loss=0.7696 | top1=85.00% | top2=98.38% | top3=100.00%
  Valid | loss=0.5788 | top1=88.05% | top2=99.63% | top3=100.00% | acc=90.27% | bal_acc=82.23% | macro_f1=0.8547 | weighted_f1=0.9010 | precision_macro=0.9059 | recall_macro=0.8223 | qwk=0.7735 | mae=0.1226
        ovr_roc_auc_macro=0.9759 | ovr_pr_auc_macro=0.9541
  -> best macro_f1 updated to 0.8547 (epoch 2)
Epoch 03/40 | Time 0m48s
  Train | loss=0.3344 | top1=91.36% | top2=99.57% | top3=100.00%
  Valid | loss=0.2012 | top1=94.12% | top2=99.82% | top3=100.00% | acc=93.77% | bal_acc=92.18% | macro_f1=0.9284 | weighted_f1=0.9366 | precision_macro=0.9370 | recall_macro=0.9218 | qwk=0.9108 | mae=0.0661
        ovr_roc_auc_macro=0.9879 | ovr_pr_auc_macro=0.9786
  -> best macro_f1 updated to 0.9284 (epoch 3)
Epoch 04/40 | Time 0m48s
  Train | loss=0.1517 | top1=94.97% | top2=99.83% | top3=100.00%
  Valid | loss=0.1120 | top1=95.96% | top2=100.00% | top3=100.00% | acc=95.72% | bal_acc=96.54% | macro_f1=0.9530 | weighted_f1=0.9576 | precision_macro=0.9415 | recall_macro=0.9654 | qwk=0.9422 | mae=0.0447
        ovr_roc_auc_macro=0.9958 | ovr_pr_auc_macro=0.9918
  -> best macro_f1 updated to 0.9530 (epoch 4)
Epoch 05/40 | Time 0m47s
  Train | loss=0.1210 | top1=95.63% | top2=99.89% | top3=100.00%
  Valid | loss=0.0794 | top1=97.43% | top2=100.00% | top3=100.00% | acc=97.28% | bal_acc=97.10% | macro_f1=0.9653 | weighted_f1=0.9727 | precision_macro=0.9605 | recall_macro=0.9710 | qwk=0.9538 | mae=0.0311
        ovr_roc_auc_macro=0.9978 | ovr_pr_auc_macro=0.9952
  -> best macro_f1 updated to 0.9653 (epoch 5)
Epoch 06/40 | Time 0m47s
  Train | loss=0.0888 | top1=96.72% | top2=99.96% | top3=100.00%
  Valid | loss=0.0693 | top1=97.79% | top2=100.00% | top3=100.00% | acc=97.67% | bal_acc=97.48% | macro_f1=0.9735 | weighted_f1=0.9766 | precision_macro=0.9723 | recall_macro=0.9748 | qwk=0.9720 | mae=0.0233
        ovr_roc_auc_macro=0.9977 | ovr_pr_auc_macro=0.9949
  -> best macro_f1 updated to 0.9735 (epoch 6)
Epoch 07/40 | Time 0m47s
  Train | loss=0.0780 | top1=96.97% | top2=99.98% | top3=100.00%
  Valid | loss=0.0625 | top1=97.61% | top2=100.00% | top3=100.00% | acc=97.47% | bal_acc=97.34% | macro_f1=0.9729 | weighted_f1=0.9748 | precision_macro=0.9727 | recall_macro=0.9734 | qwk=0.9623 | mae=0.0272
        ovr_roc_auc_macro=0.9986 | ovr_pr_auc_macro=0.9971
Epoch 08/40 | Time 0m47s
  Train | loss=0.0753 | top1=96.97% | top2=99.96% | top3=100.00%
  Valid | loss=0.0712 | top1=97.98% | top2=100.00% | top3=100.00% | acc=97.86% | bal_acc=97.13% | macro_f1=0.9764 | weighted_f1=0.9785 | precision_macro=0.9816 | recall_macro=0.9713 | qwk=0.9669 | mae=0.0233
        ovr_roc_auc_macro=0.9984 | ovr_pr_auc_macro=0.9970
  -> best macro_f1 updated to 0.9764 (epoch 8)
Epoch 09/40 | Time 0m48s
  Train | loss=0.0608 | top1=97.81% | top2=99.94% | top3=100.00%
  Valid | loss=0.0954 | top1=96.69% | top2=100.00% | top3=100.00% | acc=96.50% | bal_acc=97.71% | macro_f1=0.9617 | weighted_f1=0.9654 | precision_macro=0.9480 | recall_macro=0.9771 | qwk=0.9446 | mae=0.0389
        ovr_roc_auc_macro=0.9973 | ovr_pr_auc_macro=0.9960
Epoch 10/40 | Time 0m48s
  Train | loss=0.0550 | top1=97.91% | top2=99.94% | top3=100.00%
  Valid | loss=0.0496 | top1=98.16% | top2=100.00% | top3=100.00% | acc=98.05% | bal_acc=97.22% | macro_f1=0.9783 | weighted_f1=0.9805 | precision_macro=0.9845 | recall_macro=0.9722 | qwk=0.9693 | mae=0.0214
        ovr_roc_auc_macro=0.9986 | ovr_pr_auc_macro=0.9972
  -> best macro_f1 updated to 0.9783 (epoch 10)
Epoch 11/40 | Time 0m48s
  Train | loss=0.0417 | top1=98.28% | top2=99.98% | top3=100.00%
  Valid | loss=0.0873 | top1=97.06% | top2=99.82% | top3=100.00% | acc=96.89% | bal_acc=97.31% | macro_f1=0.9649 | weighted_f1=0.9689 | precision_macro=0.9571 | recall_macro=0.9731 | qwk=0.9490 | mae=0.0350
        ovr_roc_auc_macro=0.9977 | ovr_pr_auc_macro=0.9958
Epoch 12/40 | Time 0m48s
  Train | loss=0.0450 | top1=98.44% | top2=99.96% | top3=100.00%
  Valid | loss=0.0426 | top1=98.16% | top2=100.00% | top3=100.00% | acc=98.05% | bal_acc=98.27% | macro_f1=0.9808 | weighted_f1=0.9806 | precision_macro=0.9790 | recall_macro=0.9827 | qwk=0.9766 | mae=0.0195
        ovr_roc_auc_macro=0.9991 | ovr_pr_auc_macro=0.9982
  -> best macro_f1 updated to 0.9808 (epoch 12)
Epoch 13/40 | Time 0m48s
  Train | loss=0.0313 | top1=98.79% | top2=99.98% | top3=100.00%
  Valid | loss=0.0483 | top1=97.98% | top2=100.00% | top3=100.00% | acc=97.86% | bal_acc=98.17% | macro_f1=0.9745 | weighted_f1=0.9786 | precision_macro=0.9675 | recall_macro=0.9817 | qwk=0.9606 | mae=0.0253
        ovr_roc_auc_macro=0.9987 | ovr_pr_auc_macro=0.9978
Epoch 14/40 | Time 0m48s
  Train | loss=0.0311 | top1=98.83% | top2=100.00% | top3=100.00%
  Valid | loss=0.0627 | top1=97.98% | top2=100.00% | top3=100.00% | acc=97.86% | bal_acc=97.58% | macro_f1=0.9763 | weighted_f1=0.9785 | precision_macro=0.9771 | recall_macro=0.9758 | qwk=0.9673 | mae=0.0233
        ovr_roc_auc_macro=0.9978 | ovr_pr_auc_macro=0.9964
Epoch 15/40 | Time 0m48s
  Train | loss=0.0281 | top1=98.88% | top2=100.00% | top3=100.00%
  Valid | loss=0.0692 | top1=96.69% | top2=100.00% | top3=100.00% | acc=96.50% | bal_acc=95.73% | macro_f1=0.9621 | weighted_f1=0.9645 | precision_macro=0.9681 | recall_macro=0.9573 | qwk=0.9508 | mae=0.0370
        ovr_roc_auc_macro=0.9984 | ovr_pr_auc_macro=0.9967
Epoch 16/40 | Time 0m48s
  Train | loss=0.0265 | top1=99.03% | top2=100.00% | top3=100.00%
  Valid | loss=0.1113 | top1=95.04% | top2=99.82% | top3=100.00% | acc=97.67% | bal_acc=98.08% | macro_f1=0.9717 | weighted_f1=0.9768 | precision_macro=0.9630 | recall_macro=0.9808 | qwk=0.9652 | mae=0.0253
        ovr_roc_auc_macro=0.9986 | ovr_pr_auc_macro=0.9973
Epoch 17/40 | Time 0m48s
  Train | loss=0.0193 | top1=99.15% | top2=100.00% | top3=100.00%
  Valid | loss=0.0486 | top1=98.53% | top2=100.00% | top3=100.00% | acc=98.44% | bal_acc=98.45% | macro_f1=0.9823 | weighted_f1=0.9844 | precision_macro=0.9801 | recall_macro=0.9845 | qwk=0.9743 | mae=0.0175
        ovr_roc_auc_macro=0.9990 | ovr_pr_auc_macro=0.9982
  -> best macro_f1 updated to 0.9823 (epoch 17)
Epoch 18/40 | Time 0m48s
  Train | loss=0.0151 | top1=99.53% | top2=100.00% | top3=100.00%
  Valid | loss=0.1310 | top1=94.67% | top2=100.00% | top3=100.00% | acc=97.28% | bal_acc=96.45% | macro_f1=0.9682 | weighted_f1=0.9726 | precision_macro=0.9721 | recall_macro=0.9645 | qwk=0.9530 | mae=0.0311
        ovr_roc_auc_macro=0.9966 | ovr_pr_auc_macro=0.9950
Epoch 19/40 | Time 0m48s
  Train | loss=0.0147 | top1=99.38% | top2=100.00% | top3=100.00%
  Valid | loss=0.1042 | top1=95.04% | top2=100.00% | top3=100.00% | acc=97.67% | bal_acc=98.08% | macro_f1=0.9748 | weighted_f1=0.9767 | precision_macro=0.9690 | recall_macro=0.9808 | qwk=0.9650 | mae=0.0253
        ovr_roc_auc_macro=0.9980 | ovr_pr_auc_macro=0.9968
Epoch 20/40 | Time 0m48s
  Train | loss=0.0149 | top1=99.48% | top2=100.00% | top3=100.00%
  Valid | loss=0.0611 | top1=97.98% | top2=100.00% | top3=100.00% | acc=97.86% | bal_acc=98.17% | macro_f1=0.9767 | weighted_f1=0.9786 | precision_macro=0.9717 | recall_macro=0.9817 | qwk=0.9674 | mae=0.0233
        ovr_roc_auc_macro=0.9991 | ovr_pr_auc_macro=0.9983
Epoch 21/40 | Time 0m47s
  Train | loss=0.0147 | top1=99.44% | top2=100.00% | top3=100.00%
  Valid | loss=0.0648 | top1=95.40% | top2=100.00% | top3=100.00% | acc=98.05% | bal_acc=97.62% | macro_f1=0.9762 | weighted_f1=0.9805 | precision_macro=0.9762 | recall_macro=0.9762 | qwk=0.9624 | mae=0.0233
        ovr_roc_auc_macro=0.9991 | ovr_pr_auc_macro=0.9983
Epoch 22/40 | Time 0m48s
  Train | loss=0.0104 | top1=99.59% | top2=100.00% | top3=100.00%
  Valid | loss=0.0869 | top1=94.67% | top2=100.00% | top3=100.00% | acc=97.28% | bal_acc=97.64% | macro_f1=0.9690 | weighted_f1=0.9730 | precision_macro=0.9624 | recall_macro=0.9764 | qwk=0.9532 | mae=0.0311
        ovr_roc_auc_macro=0.9990 | ovr_pr_auc_macro=0.9980
Epoch 23/40 | Time 0m48s
  Train | loss=0.0095 | top1=99.62% | top2=100.00% | top3=100.00%
  Valid | loss=0.0972 | top1=95.04% | top2=100.00% | top3=100.00% | acc=97.67% | bal_acc=97.43% | macro_f1=0.9693 | weighted_f1=0.9767 | precision_macro=0.9645 | recall_macro=0.9743 | qwk=0.9580 | mae=0.0272
        ovr_roc_auc_macro=0.9981 | ovr_pr_auc_macro=0.9964
Epoch 24/40 | Time 0m48s
  Train | loss=0.0077 | top1=99.68% | top2=100.00% | top3=100.00%
  Valid | loss=0.1302 | top1=94.49% | top2=100.00% | top3=100.00% | acc=97.08% | bal_acc=97.35% | macro_f1=0.9670 | weighted_f1=0.9710 | precision_macro=0.9612 | recall_macro=0.9735 | qwk=0.9509 | mae=0.0331
        ovr_roc_auc_macro=0.9983 | ovr_pr_auc_macro=0.9970
Epoch 25/40 | Time 0m47s
  Train | loss=0.0058 | top1=99.78% | top2=100.00% | top3=100.00%
  Valid | loss=0.1484 | top1=94.67% | top2=100.00% | top3=100.00% | acc=97.28% | bal_acc=97.64% | macro_f1=0.9668 | weighted_f1=0.9730 | precision_macro=0.9578 | recall_macro=0.9764 | qwk=0.9465 | mae=0.0331
        ovr_roc_auc_macro=0.9986 | ovr_pr_auc_macro=0.9972
Epoch 26/40 | Time 0m48s
  Train | loss=0.0082 | top1=99.72% | top2=100.00% | top3=100.00%
  Valid | loss=0.0930 | top1=98.71% | top2=100.00% | top3=100.00% | acc=98.64% | bal_acc=98.75% | macro_f1=0.9843 | weighted_f1=0.9864 | precision_macro=0.9812 | recall_macro=0.9875 | qwk=0.9767 | mae=0.0156
        ovr_roc_auc_macro=0.9959 | ovr_pr_auc_macro=0.9944
  -> best macro_f1 updated to 0.9843 (epoch 26)
Epoch 27/40 | Time 0m48s
  Train | loss=0.0081 | top1=99.78% | top2=100.00% | top3=100.00%
  Valid | loss=0.0752 | top1=98.35% | top2=100.00% | top3=100.00% | acc=98.25% | bal_acc=98.36% | macro_f1=0.9782 | weighted_f1=0.9825 | precision_macro=0.9732 | recall_macro=0.9836 | qwk=0.9652 | mae=0.0214
        ovr_roc_auc_macro=0.9982 | ovr_pr_auc_macro=0.9972
Epoch 28/40 | Time 0m48s
  Train | loss=0.0065 | top1=99.77% | top2=100.00% | top3=100.00%
  Valid | loss=0.0950 | top1=95.22% | top2=100.00% | top3=100.00% | acc=97.86% | bal_acc=98.37% | macro_f1=0.9768 | weighted_f1=0.9787 | precision_macro=0.9701 | recall_macro=0.9837 | qwk=0.9674 | mae=0.0233
        ovr_roc_auc_macro=0.9987 | ovr_pr_auc_macro=0.9974
Epoch 29/40 | Time 0m48s
  Train | loss=0.0034 | top1=99.89% | top2=100.00% | top3=100.00%
  Valid | loss=0.0587 | top1=98.53% | top2=100.00% | top3=100.00% | acc=98.44% | bal_acc=98.45% | macro_f1=0.9823 | weighted_f1=0.9844 | precision_macro=0.9801 | recall_macro=0.9845 | qwk=0.9743 | mae=0.0175
        ovr_roc_auc_macro=0.9989 | ovr_pr_auc_macro=0.9978
Epoch 30/40 | Time 0m47s
  Train | loss=0.0039 | top1=99.89% | top2=100.00% | top3=100.00%
  Valid | loss=0.1719 | top1=95.40% | top2=100.00% | top3=100.00% | acc=98.05% | bal_acc=98.47% | macro_f1=0.9786 | weighted_f1=0.9806 | precision_macro=0.9728 | recall_macro=0.9847 | qwk=0.9697 | mae=0.0214
        ovr_roc_auc_macro=0.9989 | ovr_pr_auc_macro=0.9979
Epoch 31/40 | Time 0m48s
  Train | loss=0.0017 | top1=99.96% | top2=100.00% | top3=100.00%
  Valid | loss=0.1178 | top1=95.77% | top2=100.00% | top3=100.00% | acc=98.44% | bal_acc=98.01% | macro_f1=0.9801 | weighted_f1=0.9844 | precision_macro=0.9801 | recall_macro=0.9801 | qwk=0.9671 | mae=0.0195
        ovr_roc_auc_macro=0.9984 | ovr_pr_auc_macro=0.9968
Epoch 32/40 | Time 0m48s
  Train | loss=0.0053 | top1=99.81% | top2=100.00% | top3=100.00%
  Valid | loss=0.1189 | top1=95.77% | top2=100.00% | top3=100.00% | acc=98.44% | bal_acc=98.65% | macro_f1=0.9824 | weighted_f1=0.9845 | precision_macro=0.9783 | recall_macro=0.9865 | qwk=0.9743 | mae=0.0175
        ovr_roc_auc_macro=0.9986 | ovr_pr_auc_macro=0.9977
Epoch 33/40 | Time 0m48s
  Train | loss=0.0022 | top1=99.91% | top2=100.00% | top3=100.00%
  Valid | loss=0.1713 | top1=95.59% | top2=100.00% | top3=100.00% | acc=98.25% | bal_acc=98.56% | macro_f1=0.9805 | weighted_f1=0.9825 | precision_macro=0.9755 | recall_macro=0.9856 | qwk=0.9720 | mae=0.0195
        ovr_roc_auc_macro=0.9986 | ovr_pr_auc_macro=0.9975
Epoch 34/40 | Time 0m48s
  Train | loss=0.0013 | top1=99.96% | top2=100.00% | top3=100.00%
  Valid | loss=0.1686 | top1=95.77% | top2=100.00% | top3=100.00% | acc=98.44% | bal_acc=98.65% | macro_f1=0.9824 | weighted_f1=0.9845 | precision_macro=0.9783 | recall_macro=0.9865 | qwk=0.9743 | mae=0.0175
        ovr_roc_auc_macro=0.9984 | ovr_pr_auc_macro=0.9973
Epoch 35/40 | Time 0m48s
  Train | loss=0.0020 | top1=99.96% | top2=100.00% | top3=100.00%
  Valid | loss=0.1879 | top1=95.59% | top2=100.00% | top3=100.00% | acc=98.25% | bal_acc=98.56% | macro_f1=0.9805 | weighted_f1=0.9825 | precision_macro=0.9755 | recall_macro=0.9856 | qwk=0.9720 | mae=0.0195
        ovr_roc_auc_macro=0.9986 | ovr_pr_auc_macro=0.9976
Epoch 36/40 | Time 0m48s
  Train | loss=0.0015 | top1=99.96% | top2=100.00% | top3=100.00%
  Valid | loss=0.1594 | top1=95.77% | top2=100.00% | top3=100.00% | acc=98.44% | bal_acc=98.65% | macro_f1=0.9824 | weighted_f1=0.9845 | precision_macro=0.9783 | recall_macro=0.9865 | qwk=0.9743 | mae=0.0175
        ovr_roc_auc_macro=0.9986 | ovr_pr_auc_macro=0.9977
  -> early stopping triggered at epoch 36

[TEST] loss=aom
  Test | loss=0.1780 | top1=96.72% | top2=100.00% | top3=100.00% | acc=96.66% | bal_acc=96.74% | macro_f1=0.9689 | weighted_f1=0.9665 | precision_macro=0.9704 | recall_macro=0.9674 | qwk=0.9607 | mae=0.0334
        ovr_roc_auc_macro=0.9931 | ovr_pr_auc_macro=0.9902
  Confusion Matrix:
[[116   0   0]
 [  0 293  24]
 [  0  19 836]]
  Classification Report:
              precision    recall  f1-score   support

     COVID19     1.0000    1.0000    1.0000       116
      NORMAL     0.9391    0.9243    0.9316       317
   PNEUMONIA     0.9721    0.9778    0.9749       855

    accuracy                         0.9666      1288
   macro avg     0.9704    0.9674    0.9689      1288
weighted avg     0.9665    0.9666    0.9665      1288


==========================================================================================
Summary CSV saved: E:\Paper\Computer-Vision-for-Medicine\chest-x-ray-image_Loss\logs\ResNet_layer3+MDFA_20260323_035115_summary.csv
Top results by test_macro_f1:
  dast: macro_f1=0.9732, acc=97.13%, bal_acc=97.17%
  gce: macro_f1=0.9723, acc=97.05%, bal_acc=96.86%
  ordinal_focal_mse: macro_f1=0.9719, acc=96.97%, bal_acc=97.22%
  sce: macro_f1=0.9692, acc=96.82%, bal_acc=96.68%
  aom: macro_f1=0.9689, acc=96.66%, bal_acc=96.74%
  cb_focal_ce: macro_f1=0.9665, acc=96.58%, bal_acc=96.90%
  pcol: macro_f1=0.9600, acc=95.96%, bal_acc=96.10%
Log file saved: E:\Paper\Computer-Vision-for-Medicine\chest-x-ray-image_Loss\logs\ResNet_layer3+MDFA_20260323_035115.log
==========================================================================================

EXIT CODE: 0
END TIME: 2026-03-23T06:54:48
====================================================================================================
