==========================================================================================
Script: ResNet_layer2+MECS
Module: MECS | Insert after: layer2
Device: cuda
CUDA: NVIDIA GeForce RTX 4080
Data dir: E:\Coding\Computer-Vision-for-Medicine\ISIC
Config | batch_size=32, epochs=60, num_workers=2, image_size=224, base_lr=0.0001, patience=15
Losses to run: ['cb_focal_ce', 'ordinal_focal_mse', 'sce', 'gce', 'dast', 'pcol', 'aom']
==========================================================================================
Split sizes | train=7210, valid=802, test=2003
Classes (7): ['akiec', 'bcc', 'bkl', 'df', 'mel', 'nv', 'vasc']
Train class counts: [262, 411, 879, 92, 890, 5364, 114]
Loading torchvision ResNet50 pretrained weights once...
Pretrained state keys: 320

##########################################################################################
Starting loss: cb_focal_ce
##########################################################################################
Model params: 24,498,375 | pretrained loaded: 320/344 | feat_dim=2048
Criterion: ClassBalancedFocalCELoss
Criterion trainable params: 0
Epoch 01/60 | Time 0m30s
  Train | loss=0.3251 | top1=23.87% | top3=57.72%
  Valid | loss=0.3372 | top1=27.16% | top3=61.78% | acc=28.18% | bal_acc=11.98% | macro_f1=0.1119 | weighted_f1=0.3491 | precision_macro=0.1438 | recall_macro=0.1198 | qwk=-0.0101 | mae=2.0923
        ovr_roc_auc_macro=0.5031 | ovr_pr_auc_macro=0.1435
  -> best macro_f1 updated to 0.1119 (epoch 1)
Epoch 02/60 | Time 0m29s
  Train | loss=0.3212 | top1=36.50% | top3=69.31%
  Valid | loss=0.3341 | top1=38.70% | top3=72.12% | acc=40.15% | bal_acc=19.38% | macro_f1=0.1672 | weighted_f1=0.4490 | precision_macro=0.1910 | recall_macro=0.1938 | qwk=0.0852 | mae=1.6409
        ovr_roc_auc_macro=0.5762 | ovr_pr_auc_macro=0.1698
  -> best macro_f1 updated to 0.1672 (epoch 2)
Epoch 03/60 | Time 0m29s
  Train | loss=0.3174 | top1=49.84% | top3=77.76%
  Valid | loss=0.3280 | top1=52.88% | top3=77.88% | acc=52.99% | bal_acc=27.15% | macro_f1=0.2315 | weighted_f1=0.5578 | precision_macro=0.2469 | recall_macro=0.2715 | qwk=0.2535 | mae=1.1633
        ovr_roc_auc_macro=0.6637 | ovr_pr_auc_macro=0.2138
  -> best macro_f1 updated to 0.2315 (epoch 3)
Epoch 04/60 | Time 0m29s
  Train | loss=0.3099 | top1=57.92% | top3=82.16%
  Valid | loss=0.3161 | top1=61.30% | top3=82.69% | acc=61.72% | bal_acc=30.70% | macro_f1=0.2783 | weighted_f1=0.6211 | precision_macro=0.2912 | recall_macro=0.3070 | qwk=0.4082 | mae=0.8616
        ovr_roc_auc_macro=0.7478 | ovr_pr_auc_macro=0.2597
  -> best macro_f1 updated to 0.2783 (epoch 4)
Epoch 05/60 | Time 0m29s
  Train | loss=0.2899 | top1=59.38% | top3=83.46%
  Valid | loss=0.2810 | top1=60.58% | top3=84.38% | acc=60.97% | bal_acc=38.50% | macro_f1=0.3191 | weighted_f1=0.6382 | precision_macro=0.3146 | recall_macro=0.3850 | qwk=0.4882 | mae=0.8192
        ovr_roc_auc_macro=0.8257 | ovr_pr_auc_macro=0.3532
  -> best macro_f1 updated to 0.3191 (epoch 5)
Epoch 06/60 | Time 0m29s
  Train | loss=0.2434 | top1=57.95% | top3=82.49%
  Valid | loss=0.2124 | top1=62.02% | top3=87.14% | acc=62.47% | bal_acc=50.18% | macro_f1=0.3814 | weighted_f1=0.6582 | precision_macro=0.3609 | recall_macro=0.5018 | qwk=0.6258 | mae=0.7170
        ovr_roc_auc_macro=0.8626 | ovr_pr_auc_macro=0.4510
  -> best macro_f1 updated to 0.3814 (epoch 6)
Epoch 07/60 | Time 0m29s
  Train | loss=0.1870 | top1=61.73% | top3=86.92%
  Valid | loss=0.1760 | top1=66.47% | top3=91.59% | acc=65.21% | bal_acc=56.50% | macro_f1=0.4710 | weighted_f1=0.6845 | precision_macro=0.4319 | recall_macro=0.5650 | qwk=0.6643 | mae=0.6471
        ovr_roc_auc_macro=0.8826 | ovr_pr_auc_macro=0.4937
  -> best macro_f1 updated to 0.4710 (epoch 7)
Epoch 08/60 | Time 0m30s
  Train | loss=0.1555 | top1=64.38% | top3=89.92%
  Valid | loss=0.1620 | top1=66.47% | top3=92.07% | acc=67.08% | bal_acc=57.16% | macro_f1=0.4637 | weighted_f1=0.6958 | precision_macro=0.4213 | recall_macro=0.5716 | qwk=0.6756 | mae=0.6359
        ovr_roc_auc_macro=0.8982 | ovr_pr_auc_macro=0.5296
Epoch 09/60 | Time 0m29s
  Train | loss=0.1386 | top1=65.23% | top3=90.83%
  Valid | loss=0.1525 | top1=67.67% | top3=94.11% | acc=68.33% | bal_acc=63.24% | macro_f1=0.5236 | weighted_f1=0.7135 | precision_macro=0.4818 | recall_macro=0.6324 | qwk=0.6588 | mae=0.6259
        ovr_roc_auc_macro=0.9095 | ovr_pr_auc_macro=0.5731
  -> best macro_f1 updated to 0.5236 (epoch 9)
Epoch 10/60 | Time 0m29s
  Train | loss=0.1226 | top1=67.15% | top3=92.68%
  Valid | loss=0.1457 | top1=68.15% | top3=94.95% | acc=68.83% | bal_acc=63.74% | macro_f1=0.5117 | weighted_f1=0.7132 | precision_macro=0.4606 | recall_macro=0.6374 | qwk=0.6617 | mae=0.6272
        ovr_roc_auc_macro=0.9123 | ovr_pr_auc_macro=0.5786
Epoch 11/60 | Time 0m29s
  Train | loss=0.1051 | top1=68.99% | top3=94.02%
  Valid | loss=0.1449 | top1=65.38% | top3=94.83% | acc=65.96% | bal_acc=62.95% | macro_f1=0.4731 | weighted_f1=0.6929 | precision_macro=0.4270 | recall_macro=0.6295 | qwk=0.6444 | mae=0.6995
        ovr_roc_auc_macro=0.9107 | ovr_pr_auc_macro=0.5570
Epoch 12/60 | Time 0m29s
  Train | loss=0.0936 | top1=71.23% | top3=94.99%
  Valid | loss=0.1192 | top1=70.19% | top3=95.79% | acc=70.95% | bal_acc=64.39% | macro_f1=0.5616 | weighted_f1=0.7351 | precision_macro=0.5350 | recall_macro=0.6439 | qwk=0.6870 | mae=0.5885
        ovr_roc_auc_macro=0.9339 | ovr_pr_auc_macro=0.6078
  -> best macro_f1 updated to 0.5616 (epoch 12)
Epoch 13/60 | Time 0m29s
  Train | loss=0.0864 | top1=72.75% | top3=95.41%
  Valid | loss=0.1161 | top1=70.31% | top3=96.63% | acc=71.07% | bal_acc=69.59% | macro_f1=0.5580 | weighted_f1=0.7313 | precision_macro=0.4953 | recall_macro=0.6959 | qwk=0.6806 | mae=0.5935
        ovr_roc_auc_macro=0.9338 | ovr_pr_auc_macro=0.6161
Epoch 14/60 | Time 0m29s
  Train | loss=0.0789 | top1=72.98% | top3=96.29%
  Valid | loss=0.1167 | top1=75.00% | top3=97.48% | acc=75.94% | bal_acc=68.71% | macro_f1=0.5926 | weighted_f1=0.7705 | precision_macro=0.5757 | recall_macro=0.6871 | qwk=0.7636 | mae=0.4377
        ovr_roc_auc_macro=0.9452 | ovr_pr_auc_macro=0.6871
  -> best macro_f1 updated to 0.5926 (epoch 14)
Epoch 15/60 | Time 0m29s
  Train | loss=0.0705 | top1=74.11% | top3=96.43%
  Valid | loss=0.1161 | top1=71.75% | top3=96.88% | acc=72.57% | bal_acc=67.80% | macro_f1=0.5535 | weighted_f1=0.7449 | precision_macro=0.5021 | recall_macro=0.6780 | qwk=0.6877 | mae=0.5810
        ovr_roc_auc_macro=0.9416 | ovr_pr_auc_macro=0.6319
Epoch 16/60 | Time 0m29s
  Train | loss=0.0696 | top1=75.12% | top3=96.89%
  Valid | loss=0.0847 | top1=74.64% | top3=96.88% | acc=73.69% | bal_acc=72.74% | macro_f1=0.6003 | weighted_f1=0.7539 | precision_macro=0.5406 | recall_macro=0.7274 | qwk=0.7322 | mae=0.5112
        ovr_roc_auc_macro=0.9486 | ovr_pr_auc_macro=0.7215
  -> best macro_f1 updated to 0.6003 (epoch 16)
Epoch 17/60 | Time 0m29s
  Train | loss=0.0590 | top1=76.31% | top3=97.44%
  Valid | loss=0.1022 | top1=76.32% | top3=97.24% | acc=75.44% | bal_acc=70.50% | macro_f1=0.6142 | weighted_f1=0.7688 | precision_macro=0.5588 | recall_macro=0.7050 | qwk=0.7425 | mae=0.4863
        ovr_roc_auc_macro=0.9474 | ovr_pr_auc_macro=0.6878
  -> best macro_f1 updated to 0.6142 (epoch 17)
Epoch 18/60 | Time 0m29s
  Train | loss=0.0572 | top1=77.40% | top3=97.77%
  Valid | loss=0.1017 | top1=74.88% | top3=97.72% | acc=73.94% | bal_acc=70.91% | macro_f1=0.6087 | weighted_f1=0.7594 | precision_macro=0.5676 | recall_macro=0.7091 | qwk=0.7190 | mae=0.5287
        ovr_roc_auc_macro=0.9450 | ovr_pr_auc_macro=0.6788
Epoch 19/60 | Time 0m29s
  Train | loss=0.0545 | top1=78.00% | top3=97.91%
  Valid | loss=0.1016 | top1=76.80% | top3=97.48% | acc=75.94% | bal_acc=71.06% | macro_f1=0.6072 | weighted_f1=0.7778 | precision_macro=0.5761 | recall_macro=0.7106 | qwk=0.7281 | mae=0.5075
        ovr_roc_auc_macro=0.9465 | ovr_pr_auc_macro=0.6864
Epoch 20/60 | Time 0m29s
  Train | loss=0.0448 | top1=80.10% | top3=98.43%
  Valid | loss=0.1034 | top1=77.16% | top3=96.88% | acc=76.31% | bal_acc=69.94% | macro_f1=0.5992 | weighted_f1=0.7749 | precision_macro=0.5546 | recall_macro=0.6994 | qwk=0.7371 | mae=0.4863
        ovr_roc_auc_macro=0.9471 | ovr_pr_auc_macro=0.6796
Epoch 21/60 | Time 0m29s
  Train | loss=0.0421 | top1=80.96% | top3=98.81%
  Valid | loss=0.1082 | top1=73.68% | top3=98.20% | acc=74.56% | bal_acc=68.54% | macro_f1=0.5978 | weighted_f1=0.7631 | precision_macro=0.5523 | recall_macro=0.6854 | qwk=0.7130 | mae=0.5025
        ovr_roc_auc_macro=0.9509 | ovr_pr_auc_macro=0.6778
Epoch 22/60 | Time 0m29s
  Train | loss=0.0370 | top1=82.16% | top3=98.84%
  Valid | loss=0.1164 | top1=77.64% | top3=98.56% | acc=76.81% | bal_acc=72.99% | macro_f1=0.6597 | weighted_f1=0.7810 | precision_macro=0.6172 | recall_macro=0.7299 | qwk=0.7487 | mae=0.4564
        ovr_roc_auc_macro=0.9521 | ovr_pr_auc_macro=0.6986
  -> best macro_f1 updated to 0.6597 (epoch 22)
Epoch 23/60 | Time 0m29s
  Train | loss=0.0365 | top1=82.28% | top3=99.03%
  Valid | loss=0.0814 | top1=79.33% | top3=98.32% | acc=78.55% | bal_acc=76.34% | macro_f1=0.6835 | weighted_f1=0.7981 | precision_macro=0.6365 | recall_macro=0.7634 | qwk=0.7566 | mae=0.4327
        ovr_roc_auc_macro=0.9589 | ovr_pr_auc_macro=0.7546
  -> best macro_f1 updated to 0.6835 (epoch 23)
Epoch 24/60 | Time 0m30s
  Train | loss=0.0354 | top1=83.89% | top3=98.96%
  Valid | loss=0.1116 | top1=80.05% | top3=98.44% | acc=79.30% | bal_acc=70.51% | macro_f1=0.6662 | weighted_f1=0.7993 | precision_macro=0.6428 | recall_macro=0.7051 | qwk=0.7576 | mae=0.4140
        ovr_roc_auc_macro=0.9559 | ovr_pr_auc_macro=0.7185
Epoch 25/60 | Time 0m30s
  Train | loss=0.0323 | top1=84.99% | top3=99.21%
  Valid | loss=0.1279 | top1=78.73% | top3=98.44% | acc=77.93% | bal_acc=70.85% | macro_f1=0.6586 | weighted_f1=0.7901 | precision_macro=0.6269 | recall_macro=0.7085 | qwk=0.7308 | mae=0.4663
        ovr_roc_auc_macro=0.9496 | ovr_pr_auc_macro=0.7142
Epoch 26/60 | Time 0m30s
  Train | loss=0.0364 | top1=83.76% | top3=99.10%
  Valid | loss=0.0977 | top1=80.65% | top3=98.20% | acc=79.93% | bal_acc=76.11% | macro_f1=0.7023 | weighted_f1=0.8087 | precision_macro=0.6641 | recall_macro=0.7611 | qwk=0.7466 | mae=0.4202
        ovr_roc_auc_macro=0.9569 | ovr_pr_auc_macro=0.7516
  -> best macro_f1 updated to 0.7023 (epoch 26)
Epoch 27/60 | Time 0m29s
  Train | loss=0.0272 | top1=85.20% | top3=99.35%
  Valid | loss=0.1069 | top1=80.89% | top3=97.96% | acc=80.17% | bal_acc=72.84% | macro_f1=0.6693 | weighted_f1=0.8054 | precision_macro=0.6333 | recall_macro=0.7284 | qwk=0.7549 | mae=0.4289
        ovr_roc_auc_macro=0.9560 | ovr_pr_auc_macro=0.7266
Epoch 28/60 | Time 0m29s
  Train | loss=0.0230 | top1=86.78% | top3=99.63%
  Valid | loss=0.1098 | top1=81.13% | top3=98.44% | acc=80.42% | bal_acc=75.34% | macro_f1=0.6910 | weighted_f1=0.8130 | precision_macro=0.6518 | recall_macro=0.7534 | qwk=0.7363 | mae=0.4302
        ovr_roc_auc_macro=0.9532 | ovr_pr_auc_macro=0.7166
Epoch 29/60 | Time 0m29s
  Train | loss=0.0255 | top1=85.52% | top3=99.52%
  Valid | loss=0.1032 | top1=80.29% | top3=98.44% | acc=79.55% | bal_acc=74.48% | macro_f1=0.6652 | weighted_f1=0.8084 | precision_macro=0.6249 | recall_macro=0.7448 | qwk=0.7657 | mae=0.4077
        ovr_roc_auc_macro=0.9563 | ovr_pr_auc_macro=0.7589
Epoch 30/60 | Time 0m29s
  Train | loss=0.0206 | top1=87.44% | top3=99.67%
  Valid | loss=0.1004 | top1=82.81% | top3=98.56% | acc=82.17% | bal_acc=77.43% | macro_f1=0.7370 | weighted_f1=0.8261 | precision_macro=0.7103 | recall_macro=0.7743 | qwk=0.7811 | mae=0.3716
        ovr_roc_auc_macro=0.9615 | ovr_pr_auc_macro=0.7760
  -> best macro_f1 updated to 0.7370 (epoch 30)
Epoch 31/60 | Time 0m29s
  Train | loss=0.0193 | top1=88.98% | top3=99.78%
  Valid | loss=0.0927 | top1=78.49% | top3=97.96% | acc=77.68% | bal_acc=74.75% | macro_f1=0.6813 | weighted_f1=0.7892 | precision_macro=0.6426 | recall_macro=0.7475 | qwk=0.7616 | mae=0.4289
        ovr_roc_auc_macro=0.9606 | ovr_pr_auc_macro=0.7388
Epoch 32/60 | Time 0m29s
  Train | loss=0.0178 | top1=89.55% | top3=99.74%
  Valid | loss=0.1024 | top1=81.37% | top3=98.44% | acc=80.67% | bal_acc=73.40% | macro_f1=0.6897 | weighted_f1=0.8147 | precision_macro=0.6647 | recall_macro=0.7340 | qwk=0.7880 | mae=0.3741
        ovr_roc_auc_macro=0.9624 | ovr_pr_auc_macro=0.7510
Epoch 33/60 | Time 0m29s
  Train | loss=0.0155 | top1=89.47% | top3=99.75%
  Valid | loss=0.1082 | top1=81.61% | top3=98.20% | acc=80.92% | bal_acc=71.46% | macro_f1=0.6861 | weighted_f1=0.8157 | precision_macro=0.6668 | recall_macro=0.7146 | qwk=0.7581 | mae=0.3965
        ovr_roc_auc_macro=0.9623 | ovr_pr_auc_macro=0.7500
Epoch 34/60 | Time 0m29s
  Train | loss=0.0172 | top1=90.18% | top3=99.78%
  Valid | loss=0.1013 | top1=82.21% | top3=98.08% | acc=81.55% | bal_acc=72.87% | macro_f1=0.6966 | weighted_f1=0.8201 | precision_macro=0.6725 | recall_macro=0.7287 | qwk=0.7848 | mae=0.3691
        ovr_roc_auc_macro=0.9618 | ovr_pr_auc_macro=0.7420
Epoch 35/60 | Time 0m29s
  Train | loss=0.0153 | top1=90.15% | top3=99.76%
  Valid | loss=0.1043 | top1=78.00% | top3=98.08% | acc=79.05% | bal_acc=73.24% | macro_f1=0.6771 | weighted_f1=0.8005 | precision_macro=0.6478 | recall_macro=0.7324 | qwk=0.7518 | mae=0.4202
        ovr_roc_auc_macro=0.9569 | ovr_pr_auc_macro=0.7318
Epoch 36/60 | Time 0m29s
  Train | loss=0.0144 | top1=91.08% | top3=99.79%
  Valid | loss=0.1146 | top1=80.53% | top3=98.56% | acc=81.67% | bal_acc=72.95% | macro_f1=0.6923 | weighted_f1=0.8220 | precision_macro=0.6678 | recall_macro=0.7295 | qwk=0.7839 | mae=0.3753
        ovr_roc_auc_macro=0.9630 | ovr_pr_auc_macro=0.7360
Epoch 37/60 | Time 0m29s
  Train | loss=0.0124 | top1=91.48% | top3=99.88%
  Valid | loss=0.1185 | top1=82.33% | top3=99.04% | acc=81.67% | bal_acc=70.43% | macro_f1=0.6846 | weighted_f1=0.8214 | precision_macro=0.6728 | recall_macro=0.7043 | qwk=0.7820 | mae=0.3678
        ovr_roc_auc_macro=0.9643 | ovr_pr_auc_macro=0.7557
Epoch 38/60 | Time 0m29s
  Train | loss=0.0114 | top1=92.67% | top3=99.93%
  Valid | loss=0.1188 | top1=81.85% | top3=98.20% | acc=81.17% | bal_acc=70.75% | macro_f1=0.6848 | weighted_f1=0.8114 | precision_macro=0.6701 | recall_macro=0.7075 | qwk=0.7574 | mae=0.3990
        ovr_roc_auc_macro=0.9604 | ovr_pr_auc_macro=0.7604
Epoch 39/60 | Time 0m29s
  Train | loss=0.0099 | top1=92.70% | top3=99.92%
  Valid | loss=0.1345 | top1=83.05% | top3=98.20% | acc=82.42% | bal_acc=72.14% | macro_f1=0.7125 | weighted_f1=0.8266 | precision_macro=0.7188 | recall_macro=0.7214 | qwk=0.7709 | mae=0.3703
        ovr_roc_auc_macro=0.9634 | ovr_pr_auc_macro=0.7731
Epoch 40/60 | Time 0m29s
  Train | loss=0.0078 | top1=94.08% | top3=99.93%
  Valid | loss=0.1314 | top1=83.53% | top3=98.80% | acc=82.92% | bal_acc=70.72% | macro_f1=0.7148 | weighted_f1=0.8298 | precision_macro=0.7359 | recall_macro=0.7072 | qwk=0.7768 | mae=0.3516
        ovr_roc_auc_macro=0.9635 | ovr_pr_auc_macro=0.7708
Epoch 41/60 | Time 0m29s
  Train | loss=0.0070 | top1=94.81% | top3=99.96%
  Valid | loss=0.1274 | top1=83.29% | top3=98.44% | acc=82.67% | bal_acc=71.07% | macro_f1=0.7088 | weighted_f1=0.8283 | precision_macro=0.7204 | recall_macro=0.7107 | qwk=0.7716 | mae=0.3691
        ovr_roc_auc_macro=0.9647 | ovr_pr_auc_macro=0.7798
Epoch 42/60 | Time 0m29s
  Train | loss=0.0093 | top1=94.15% | top3=99.97%
  Valid | loss=0.1284 | top1=84.50% | top3=98.56% | acc=83.92% | bal_acc=71.93% | macro_f1=0.7078 | weighted_f1=0.8399 | precision_macro=0.7086 | recall_macro=0.7193 | qwk=0.7931 | mae=0.3342
        ovr_roc_auc_macro=0.9653 | ovr_pr_auc_macro=0.7670
Epoch 43/60 | Time 0m29s
  Train | loss=0.0094 | top1=94.13% | top3=99.93%
  Valid | loss=0.1367 | top1=84.38% | top3=99.04% | acc=83.79% | bal_acc=69.81% | macro_f1=0.7012 | weighted_f1=0.8374 | precision_macro=0.7082 | recall_macro=0.6981 | qwk=0.7931 | mae=0.3354
        ovr_roc_auc_macro=0.9637 | ovr_pr_auc_macro=0.7692
Epoch 44/60 | Time 0m29s
  Train | loss=0.0087 | top1=94.77% | top3=99.90%
  Valid | loss=0.1403 | top1=84.13% | top3=98.80% | acc=83.54% | bal_acc=70.06% | macro_f1=0.6924 | weighted_f1=0.8350 | precision_macro=0.6901 | recall_macro=0.7006 | qwk=0.7934 | mae=0.3354
        ovr_roc_auc_macro=0.9628 | ovr_pr_auc_macro=0.7627
Epoch 45/60 | Time 0m29s
  Train | loss=0.0067 | top1=95.12% | top3=100.00%
  Valid | loss=0.1292 | top1=85.22% | top3=98.56% | acc=84.66% | bal_acc=71.08% | macro_f1=0.7093 | weighted_f1=0.8472 | precision_macro=0.7141 | recall_macro=0.7108 | qwk=0.7952 | mae=0.3204
        ovr_roc_auc_macro=0.9671 | ovr_pr_auc_macro=0.7755
  -> early stopping triggered at epoch 45

[TEST] loss=cb_focal_ce
  Test | loss=0.1228 | top1=79.10% | top3=98.31% | acc=79.03% | bal_acc=71.64% | macro_f1=0.6763 | weighted_f1=0.7972 | precision_macro=0.6470 | recall_macro=0.7164 | qwk=0.7457 | mae=0.4373
        ovr_roc_auc_macro=0.9584 | ovr_pr_auc_macro=0.7519
  Confusion Matrix:
[[  43    9    9    0    1    3    0]
 [   4   85    7    0    0    7    0]
 [  17    8  167    3   11   13    1]
 [   2    3    0   14    1    3    0]
 [   8    6   29    1  118   57    4]
 [  10   21   78    7   90 1134    1]
 [   0    2    0    0    1    3   22]]
  Classification Report:
              precision    recall  f1-score   support

       akiec     0.5119    0.6615    0.5772        65
         bcc     0.6343    0.8252    0.7173       103
         bkl     0.5759    0.7591    0.6549       220
          df     0.5600    0.6087    0.5833        23
         mel     0.5315    0.5291    0.5303       223
          nv     0.9295    0.8456    0.8856      1341
        vasc     0.7857    0.7857    0.7857        28

    accuracy                         0.7903      2003
   macro avg     0.6470    0.7164    0.6763      2003
weighted avg     0.8114    0.7903    0.7972      2003


##########################################################################################
Starting loss: ordinal_focal_mse
##########################################################################################
Model params: 24,498,375 | pretrained loaded: 320/344 | feat_dim=2048
Criterion: OrdinalFocalMSELoss
Criterion trainable params: 0
Epoch 01/60 | Time 0m29s
  Train | loss=2.2182 | top1=49.31% | top3=73.84%
  Valid | loss=1.9969 | top1=64.66% | top3=79.45% | acc=65.21% | bal_acc=13.91% | macro_f1=0.1132 | weighted_f1=0.5306 | precision_macro=0.0954 | recall_macro=0.1391 | qwk=-0.0024 | mae=0.8678
        ovr_roc_auc_macro=0.5590 | ovr_pr_auc_macro=0.1612
  -> best macro_f1 updated to 0.1132 (epoch 1)
Epoch 02/60 | Time 0m29s
  Train | loss=1.6052 | top1=66.88% | top3=80.00%
  Valid | loss=1.3960 | top1=66.35% | top3=79.69% | acc=66.96% | bal_acc=14.29% | macro_f1=0.1146 | weighted_f1=0.5371 | precision_macro=0.0957 | recall_macro=0.1429 | qwk=0.0000 | mae=0.8441
        ovr_roc_auc_macro=0.7006 | ovr_pr_auc_macro=0.2444
  -> best macro_f1 updated to 0.1146 (epoch 2)
Epoch 03/60 | Time 0m29s
  Train | loss=1.2246 | top1=66.97% | top3=81.94%
  Valid | loss=1.1628 | top1=66.47% | top3=84.50% | acc=67.08% | bal_acc=14.45% | macro_f1=0.1181 | weighted_f1=0.5411 | precision_macro=0.2390 | recall_macro=0.1445 | qwk=0.0203 | mae=0.8367
        ovr_roc_auc_macro=0.7450 | ovr_pr_auc_macro=0.2766
  -> best macro_f1 updated to 0.1181 (epoch 3)
Epoch 04/60 | Time 0m30s
  Train | loss=1.0874 | top1=67.07% | top3=87.05%
  Valid | loss=1.0395 | top1=66.59% | top3=86.90% | acc=67.21% | bal_acc=15.01% | macro_f1=0.1301 | weighted_f1=0.5543 | precision_macro=0.1789 | recall_macro=0.1501 | qwk=0.1040 | mae=0.8080
        ovr_roc_auc_macro=0.7706 | ovr_pr_auc_macro=0.2967
  -> best macro_f1 updated to 0.1301 (epoch 4)
Epoch 05/60 | Time 0m30s
  Train | loss=0.9843 | top1=67.95% | top3=89.34%
  Valid | loss=0.9447 | top1=69.35% | top3=88.94% | acc=70.07% | bal_acc=19.41% | macro_f1=0.1886 | weighted_f1=0.6197 | precision_macro=0.2347 | recall_macro=0.1941 | qwk=0.4511 | mae=0.6284
        ovr_roc_auc_macro=0.7995 | ovr_pr_auc_macro=0.3225
  -> best macro_f1 updated to 0.1886 (epoch 5)
Epoch 06/60 | Time 0m30s
  Train | loss=0.8898 | top1=69.79% | top3=91.31%
  Valid | loss=0.8427 | top1=71.75% | top3=91.71% | acc=72.57% | bal_acc=23.72% | macro_f1=0.2303 | weighted_f1=0.6696 | precision_macro=0.2537 | recall_macro=0.2372 | qwk=0.6007 | mae=0.5374
        ovr_roc_auc_macro=0.8296 | ovr_pr_auc_macro=0.3488
  -> best macro_f1 updated to 0.2303 (epoch 6)
Epoch 07/60 | Time 0m29s
  Train | loss=0.7710 | top1=71.80% | top3=93.47%
  Valid | loss=0.8081 | top1=73.80% | top3=92.31% | acc=74.69% | bal_acc=30.79% | macro_f1=0.3163 | weighted_f1=0.7093 | precision_macro=0.4700 | recall_macro=0.3079 | qwk=0.6644 | mae=0.4913
        ovr_roc_auc_macro=0.8486 | ovr_pr_auc_macro=0.3753
  -> best macro_f1 updated to 0.3163 (epoch 7)
Epoch 08/60 | Time 0m29s
  Train | loss=0.7005 | top1=74.33% | top3=94.52%
  Valid | loss=0.6757 | top1=75.00% | top3=94.95% | acc=75.94% | bal_acc=34.63% | macro_f1=0.3416 | weighted_f1=0.7233 | precision_macro=0.4168 | recall_macro=0.3463 | qwk=0.7158 | mae=0.4626
        ovr_roc_auc_macro=0.8886 | ovr_pr_auc_macro=0.4089
  -> best macro_f1 updated to 0.3416 (epoch 8)
Epoch 09/60 | Time 0m29s
  Train | loss=0.6439 | top1=75.55% | top3=95.09%
  Valid | loss=0.7385 | top1=75.24% | top3=92.79% | acc=76.18% | bal_acc=35.47% | macro_f1=0.3731 | weighted_f1=0.7257 | precision_macro=0.4656 | recall_macro=0.3547 | qwk=0.6925 | mae=0.4601
        ovr_roc_auc_macro=0.8978 | ovr_pr_auc_macro=0.4551
  -> best macro_f1 updated to 0.3731 (epoch 9)
Epoch 10/60 | Time 0m29s
  Train | loss=0.5920 | top1=77.00% | top3=95.65%
  Valid | loss=0.6435 | top1=76.56% | top3=95.43% | acc=77.56% | bal_acc=43.06% | macro_f1=0.4571 | weighted_f1=0.7577 | precision_macro=0.5178 | recall_macro=0.4306 | qwk=0.7335 | mae=0.4439
        ovr_roc_auc_macro=0.9174 | ovr_pr_auc_macro=0.4963
  -> best macro_f1 updated to 0.4571 (epoch 10)
Epoch 11/60 | Time 0m29s
  Train | loss=0.5429 | top1=78.41% | top3=96.34%
  Valid | loss=0.6126 | top1=79.09% | top3=96.03% | acc=80.17% | bal_acc=47.84% | macro_f1=0.5074 | weighted_f1=0.7888 | precision_macro=0.5528 | recall_macro=0.4784 | qwk=0.7501 | mae=0.3915
        ovr_roc_auc_macro=0.9338 | ovr_pr_auc_macro=0.5733
  -> best macro_f1 updated to 0.5074 (epoch 11)
Epoch 12/60 | Time 0m29s
  Train | loss=0.4873 | top1=80.12% | top3=97.04%
  Valid | loss=0.5288 | top1=80.89% | top3=96.51% | acc=80.17% | bal_acc=49.43% | macro_f1=0.5226 | weighted_f1=0.7891 | precision_macro=0.5736 | recall_macro=0.4943 | qwk=0.7761 | mae=0.3741
        ovr_roc_auc_macro=0.9351 | ovr_pr_auc_macro=0.5950
  -> best macro_f1 updated to 0.5226 (epoch 12)
Epoch 13/60 | Time 0m29s
  Train | loss=0.4504 | top1=80.85% | top3=97.58%
  Valid | loss=0.5792 | top1=80.65% | top3=96.39% | acc=79.93% | bal_acc=53.50% | macro_f1=0.5527 | weighted_f1=0.7766 | precision_macro=0.5980 | recall_macro=0.5350 | qwk=0.7265 | mae=0.4040
        ovr_roc_auc_macro=0.9323 | ovr_pr_auc_macro=0.6077
  -> best macro_f1 updated to 0.5527 (epoch 13)
Epoch 14/60 | Time 0m29s
  Train | loss=0.4183 | top1=82.57% | top3=97.74%
  Valid | loss=0.5997 | top1=79.21% | top3=95.19% | acc=80.30% | bal_acc=48.19% | macro_f1=0.5183 | weighted_f1=0.7872 | precision_macro=0.5700 | recall_macro=0.4819 | qwk=0.7354 | mae=0.3928
        ovr_roc_auc_macro=0.9345 | ovr_pr_auc_macro=0.6103
Epoch 15/60 | Time 0m29s
  Train | loss=0.3788 | top1=83.54% | top3=98.16%
  Valid | loss=0.5163 | top1=80.17% | top3=96.63% | acc=81.30% | bal_acc=56.89% | macro_f1=0.5768 | weighted_f1=0.8013 | precision_macro=0.6082 | recall_macro=0.5689 | qwk=0.7965 | mae=0.3591
        ovr_roc_auc_macro=0.9452 | ovr_pr_auc_macro=0.6401
  -> best macro_f1 updated to 0.5768 (epoch 15)
Epoch 16/60 | Time 0m29s
  Train | loss=0.3588 | top1=84.19% | top3=98.39%
  Valid | loss=0.5316 | top1=80.17% | top3=97.24% | acc=81.30% | bal_acc=56.28% | macro_f1=0.5907 | weighted_f1=0.7923 | precision_macro=0.7587 | recall_macro=0.5628 | qwk=0.7715 | mae=0.3691
        ovr_roc_auc_macro=0.9482 | ovr_pr_auc_macro=0.6833
  -> best macro_f1 updated to 0.5907 (epoch 16)
Epoch 17/60 | Time 0m29s
  Train | loss=0.3193 | top1=85.74% | top3=98.64%
  Valid | loss=0.4934 | top1=81.61% | top3=97.60% | acc=80.92% | bal_acc=58.63% | macro_f1=0.5902 | weighted_f1=0.8013 | precision_macro=0.6086 | recall_macro=0.5863 | qwk=0.7812 | mae=0.3778
        ovr_roc_auc_macro=0.9482 | ovr_pr_auc_macro=0.7284
Epoch 18/60 | Time 0m29s
  Train | loss=0.2834 | top1=86.49% | top3=98.91%
  Valid | loss=0.4915 | top1=83.65% | top3=97.48% | acc=83.04% | bal_acc=56.36% | macro_f1=0.6021 | weighted_f1=0.8129 | precision_macro=0.6577 | recall_macro=0.5636 | qwk=0.7848 | mae=0.3304
        ovr_roc_auc_macro=0.9498 | ovr_pr_auc_macro=0.6984
  -> best macro_f1 updated to 0.6021 (epoch 18)
Epoch 19/60 | Time 0m29s
  Train | loss=0.2663 | top1=87.16% | top3=99.13%
  Valid | loss=0.5751 | top1=82.33% | top3=97.72% | acc=83.54% | bal_acc=56.43% | macro_f1=0.6380 | weighted_f1=0.8204 | precision_macro=0.8142 | recall_macro=0.5643 | qwk=0.7619 | mae=0.3404
        ovr_roc_auc_macro=0.9455 | ovr_pr_auc_macro=0.7027
  -> best macro_f1 updated to 0.6380 (epoch 19)
Epoch 20/60 | Time 0m29s
  Train | loss=0.2283 | top1=89.03% | top3=99.39%
  Valid | loss=0.5830 | top1=83.29% | top3=97.36% | acc=82.67% | bal_acc=59.76% | macro_f1=0.6414 | weighted_f1=0.8127 | precision_macro=0.7947 | recall_macro=0.5976 | qwk=0.7787 | mae=0.3541
        ovr_roc_auc_macro=0.9512 | ovr_pr_auc_macro=0.7103
  -> best macro_f1 updated to 0.6414 (epoch 20)
Epoch 21/60 | Time 0m29s
  Train | loss=0.2147 | top1=88.95% | top3=99.41%
  Valid | loss=0.7204 | top1=80.53% | top3=95.43% | acc=81.67% | bal_acc=55.70% | macro_f1=0.6037 | weighted_f1=0.8026 | precision_macro=0.7017 | recall_macro=0.5570 | qwk=0.7531 | mae=0.3678
        ovr_roc_auc_macro=0.9431 | ovr_pr_auc_macro=0.6672
Epoch 22/60 | Time 0m29s
  Train | loss=0.2137 | top1=89.53% | top3=99.32%
  Valid | loss=0.5232 | top1=81.97% | top3=97.84% | acc=83.17% | bal_acc=59.86% | macro_f1=0.6309 | weighted_f1=0.8257 | precision_macro=0.7694 | recall_macro=0.5986 | qwk=0.7857 | mae=0.3304
        ovr_roc_auc_macro=0.9506 | ovr_pr_auc_macro=0.7101
Epoch 23/60 | Time 0m29s
  Train | loss=0.1743 | top1=90.87% | top3=99.52%
  Valid | loss=0.5249 | top1=82.09% | top3=97.48% | acc=83.29% | bal_acc=60.73% | macro_f1=0.6347 | weighted_f1=0.8247 | precision_macro=0.7724 | recall_macro=0.6073 | qwk=0.7805 | mae=0.3392
        ovr_roc_auc_macro=0.9480 | ovr_pr_auc_macro=0.7026
Epoch 24/60 | Time 0m29s
  Train | loss=0.1523 | top1=91.48% | top3=99.70%
  Valid | loss=0.5270 | top1=82.81% | top3=98.08% | acc=84.04% | bal_acc=60.92% | macro_f1=0.6541 | weighted_f1=0.8297 | precision_macro=0.7274 | recall_macro=0.6092 | qwk=0.7828 | mae=0.3242
        ovr_roc_auc_macro=0.9587 | ovr_pr_auc_macro=0.7282
  -> best macro_f1 updated to 0.6541 (epoch 24)
Epoch 25/60 | Time 0m29s
  Train | loss=0.1423 | top1=92.17% | top3=99.65%
  Valid | loss=0.5090 | top1=85.46% | top3=98.32% | acc=84.91% | bal_acc=65.96% | macro_f1=0.7098 | weighted_f1=0.8403 | precision_macro=0.7941 | recall_macro=0.6596 | qwk=0.7780 | mae=0.3229
        ovr_roc_auc_macro=0.9622 | ovr_pr_auc_macro=0.7350
  -> best macro_f1 updated to 0.7098 (epoch 25)
Epoch 26/60 | Time 0m29s
  Train | loss=0.1397 | top1=92.36% | top3=99.71%
  Valid | loss=0.4876 | top1=85.34% | top3=98.32% | acc=84.79% | bal_acc=66.34% | macro_f1=0.7035 | weighted_f1=0.8392 | precision_macro=0.7907 | recall_macro=0.6634 | qwk=0.8170 | mae=0.3005
        ovr_roc_auc_macro=0.9623 | ovr_pr_auc_macro=0.7293
Epoch 27/60 | Time 0m29s
  Train | loss=0.1261 | top1=92.87% | top3=99.78%
  Valid | loss=0.5179 | top1=84.38% | top3=97.84% | acc=83.79% | bal_acc=67.18% | macro_f1=0.6946 | weighted_f1=0.8306 | precision_macro=0.7277 | recall_macro=0.6718 | qwk=0.7720 | mae=0.3404
        ovr_roc_auc_macro=0.9601 | ovr_pr_auc_macro=0.7261
Epoch 28/60 | Time 0m29s
  Train | loss=0.1253 | top1=92.87% | top3=99.86%
  Valid | loss=0.5729 | top1=84.86% | top3=97.84% | acc=84.29% | bal_acc=62.65% | macro_f1=0.6724 | weighted_f1=0.8325 | precision_macro=0.7385 | recall_macro=0.6265 | qwk=0.7764 | mae=0.3192
        ovr_roc_auc_macro=0.9586 | ovr_pr_auc_macro=0.7153
Epoch 29/60 | Time 0m29s
  Train | loss=0.1053 | top1=94.00% | top3=99.92%
  Valid | loss=0.5419 | top1=82.33% | top3=98.20% | acc=83.54% | bal_acc=64.54% | macro_f1=0.6928 | weighted_f1=0.8256 | precision_macro=0.7662 | recall_macro=0.6454 | qwk=0.7579 | mae=0.3429
        ovr_roc_auc_macro=0.9583 | ovr_pr_auc_macro=0.7696
Epoch 30/60 | Time 0m29s
  Train | loss=0.0983 | top1=94.47% | top3=99.85%
  Valid | loss=0.6781 | top1=82.57% | top3=97.84% | acc=83.79% | bal_acc=63.58% | macro_f1=0.6944 | weighted_f1=0.8205 | precision_macro=0.8349 | recall_macro=0.6358 | qwk=0.7510 | mae=0.3379
        ovr_roc_auc_macro=0.9497 | ovr_pr_auc_macro=0.7696
Epoch 31/60 | Time 0m29s
  Train | loss=0.0831 | top1=95.22% | top3=99.85%
  Valid | loss=0.4608 | top1=85.10% | top3=97.96% | acc=84.54% | bal_acc=67.09% | macro_f1=0.6988 | weighted_f1=0.8436 | precision_macro=0.7364 | recall_macro=0.6709 | qwk=0.7953 | mae=0.3217
        ovr_roc_auc_macro=0.9651 | ovr_pr_auc_macro=0.7806
Epoch 32/60 | Time 0m29s
  Train | loss=0.0774 | top1=95.57% | top3=99.94%
  Valid | loss=0.5314 | top1=84.98% | top3=98.08% | acc=84.41% | bal_acc=67.54% | macro_f1=0.7135 | weighted_f1=0.8389 | precision_macro=0.7639 | recall_macro=0.6754 | qwk=0.7595 | mae=0.3404
        ovr_roc_auc_macro=0.9617 | ovr_pr_auc_macro=0.7666
  -> best macro_f1 updated to 0.7135 (epoch 32)
Epoch 33/60 | Time 0m29s
  Train | loss=0.0712 | top1=96.04% | top3=99.96%
  Valid | loss=0.5269 | top1=84.62% | top3=98.32% | acc=84.04% | bal_acc=67.56% | macro_f1=0.7109 | weighted_f1=0.8344 | precision_macro=0.7604 | recall_macro=0.6756 | qwk=0.7797 | mae=0.3229
        ovr_roc_auc_macro=0.9591 | ovr_pr_auc_macro=0.7638
Epoch 34/60 | Time 0m29s
  Train | loss=0.0617 | top1=96.33% | top3=99.99%
  Valid | loss=0.5591 | top1=84.50% | top3=97.72% | acc=83.92% | bal_acc=66.30% | macro_f1=0.6962 | weighted_f1=0.8340 | precision_macro=0.7701 | recall_macro=0.6630 | qwk=0.7814 | mae=0.3379
        ovr_roc_auc_macro=0.9594 | ovr_pr_auc_macro=0.7398
Epoch 35/60 | Time 0m29s
  Train | loss=0.0664 | top1=96.21% | top3=99.94%
  Valid | loss=0.5978 | top1=84.62% | top3=97.84% | acc=85.91% | bal_acc=68.14% | macro_f1=0.7288 | weighted_f1=0.8548 | precision_macro=0.8370 | recall_macro=0.6814 | qwk=0.8135 | mae=0.2868
        ovr_roc_auc_macro=0.9637 | ovr_pr_auc_macro=0.7876
  -> best macro_f1 updated to 0.7288 (epoch 35)
Epoch 36/60 | Time 0m29s
  Train | loss=0.0536 | top1=97.37% | top3=99.97%
  Valid | loss=0.5401 | top1=85.10% | top3=98.20% | acc=84.54% | bal_acc=66.23% | macro_f1=0.7110 | weighted_f1=0.8377 | precision_macro=0.7761 | recall_macro=0.6623 | qwk=0.7741 | mae=0.3192
        ovr_roc_auc_macro=0.9650 | ovr_pr_auc_macro=0.7845
Epoch 37/60 | Time 0m29s
  Train | loss=0.0489 | top1=97.20% | top3=99.97%
  Valid | loss=0.4848 | top1=86.18% | top3=98.20% | acc=85.66% | bal_acc=69.66% | macro_f1=0.7418 | weighted_f1=0.8527 | precision_macro=0.8031 | recall_macro=0.6966 | qwk=0.8151 | mae=0.2843
        ovr_roc_auc_macro=0.9650 | ovr_pr_auc_macro=0.8134
  -> best macro_f1 updated to 0.7418 (epoch 37)
Epoch 38/60 | Time 0m29s
  Train | loss=0.0485 | top1=97.19% | top3=99.97%
  Valid | loss=0.5086 | top1=86.18% | top3=98.68% | acc=85.66% | bal_acc=70.98% | macro_f1=0.7491 | weighted_f1=0.8514 | precision_macro=0.8017 | recall_macro=0.7098 | qwk=0.8132 | mae=0.2830
        ovr_roc_auc_macro=0.9684 | ovr_pr_auc_macro=0.8027
  -> best macro_f1 updated to 0.7491 (epoch 38)
Epoch 39/60 | Time 0m29s
  Train | loss=0.0379 | top1=97.54% | top3=99.94%
  Valid | loss=0.4886 | top1=85.94% | top3=98.32% | acc=85.41% | bal_acc=68.09% | macro_f1=0.7014 | weighted_f1=0.8501 | precision_macro=0.7407 | recall_macro=0.6809 | qwk=0.8058 | mae=0.2918
        ovr_roc_auc_macro=0.9706 | ovr_pr_auc_macro=0.7704
Epoch 40/60 | Time 0m29s
  Train | loss=0.0350 | top1=97.97% | top3=99.97%
  Valid | loss=0.5340 | top1=85.70% | top3=98.80% | acc=85.16% | bal_acc=69.32% | macro_f1=0.7401 | weighted_f1=0.8470 | precision_macro=0.8158 | recall_macro=0.6932 | qwk=0.7981 | mae=0.2955
        ovr_roc_auc_macro=0.9666 | ovr_pr_auc_macro=0.7928
Epoch 41/60 | Time 0m29s
  Train | loss=0.0370 | top1=97.72% | top3=99.99%
  Valid | loss=0.5660 | top1=85.46% | top3=98.20% | acc=84.91% | bal_acc=64.41% | macro_f1=0.6863 | weighted_f1=0.8405 | precision_macro=0.7436 | recall_macro=0.6441 | qwk=0.7963 | mae=0.3005
        ovr_roc_auc_macro=0.9641 | ovr_pr_auc_macro=0.7748
Epoch 42/60 | Time 0m29s
  Train | loss=0.0370 | top1=98.06% | top3=99.99%
  Valid | loss=0.4802 | top1=86.18% | top3=97.96% | acc=85.66% | bal_acc=70.95% | macro_f1=0.7470 | weighted_f1=0.8509 | precision_macro=0.8039 | recall_macro=0.7095 | qwk=0.7994 | mae=0.2955
        ovr_roc_auc_macro=0.9712 | ovr_pr_auc_macro=0.8113
Epoch 43/60 | Time 0m29s
  Train | loss=0.0306 | top1=98.13% | top3=99.96%
  Valid | loss=0.5276 | top1=85.94% | top3=98.08% | acc=85.41% | bal_acc=69.68% | macro_f1=0.7225 | weighted_f1=0.8465 | precision_macro=0.7807 | recall_macro=0.6968 | qwk=0.7927 | mae=0.2980
        ovr_roc_auc_macro=0.9683 | ovr_pr_auc_macro=0.7956
Epoch 44/60 | Time 0m30s
  Train | loss=0.0302 | top1=98.33% | top3=99.99%
  Valid | loss=0.4958 | top1=85.70% | top3=98.20% | acc=85.16% | bal_acc=67.89% | macro_f1=0.7109 | weighted_f1=0.8452 | precision_macro=0.7546 | recall_macro=0.6789 | qwk=0.7970 | mae=0.2993
        ovr_roc_auc_macro=0.9682 | ovr_pr_auc_macro=0.7977
Epoch 45/60 | Time 0m29s
  Train | loss=0.0221 | top1=98.84% | top3=100.00%
  Valid | loss=0.4894 | top1=86.18% | top3=98.56% | acc=85.66% | bal_acc=66.76% | macro_f1=0.7029 | weighted_f1=0.8503 | precision_macro=0.7512 | recall_macro=0.6676 | qwk=0.8091 | mae=0.2843
        ovr_roc_auc_macro=0.9695 | ovr_pr_auc_macro=0.8073
Epoch 46/60 | Time 0m29s
  Train | loss=0.0219 | top1=98.79% | top3=100.00%
  Valid | loss=0.4927 | top1=87.50% | top3=98.20% | acc=87.03% | bal_acc=70.69% | macro_f1=0.7357 | weighted_f1=0.8639 | precision_macro=0.7813 | recall_macro=0.7069 | qwk=0.8077 | mae=0.2731
        ovr_roc_auc_macro=0.9708 | ovr_pr_auc_macro=0.8163
Epoch 47/60 | Time 0m29s
  Train | loss=0.0217 | top1=98.74% | top3=100.00%
  Valid | loss=0.5485 | top1=87.86% | top3=98.20% | acc=87.41% | bal_acc=70.82% | macro_f1=0.7538 | weighted_f1=0.8657 | precision_macro=0.8223 | recall_macro=0.7082 | qwk=0.8113 | mae=0.2656
        ovr_roc_auc_macro=0.9677 | ovr_pr_auc_macro=0.8011
  -> best macro_f1 updated to 0.7538 (epoch 47)
Epoch 48/60 | Time 0m29s
  Train | loss=0.0194 | top1=98.81% | top3=100.00%
  Valid | loss=0.5065 | top1=87.38% | top3=98.56% | acc=86.91% | bal_acc=69.25% | macro_f1=0.7296 | weighted_f1=0.8632 | precision_macro=0.7783 | recall_macro=0.6925 | qwk=0.8203 | mae=0.2656
        ovr_roc_auc_macro=0.9715 | ovr_pr_auc_macro=0.8019
Epoch 49/60 | Time 0m29s
  Train | loss=0.0179 | top1=98.88% | top3=100.00%
  Valid | loss=0.4935 | top1=87.14% | top3=98.20% | acc=86.66% | bal_acc=70.17% | macro_f1=0.7340 | weighted_f1=0.8614 | precision_macro=0.7757 | recall_macro=0.7017 | qwk=0.8250 | mae=0.2668
        ovr_roc_auc_macro=0.9716 | ovr_pr_auc_macro=0.8029
Epoch 50/60 | Time 0m29s
  Train | loss=0.0147 | top1=99.10% | top3=100.00%
  Valid | loss=0.5283 | top1=86.78% | top3=98.20% | acc=86.28% | bal_acc=70.06% | macro_f1=0.7441 | weighted_f1=0.8561 | precision_macro=0.8030 | recall_macro=0.7006 | qwk=0.7921 | mae=0.2918
        ovr_roc_auc_macro=0.9694 | ovr_pr_auc_macro=0.8018
Epoch 51/60 | Time 0m29s
  Train | loss=0.0151 | top1=99.06% | top3=100.00%
  Valid | loss=0.5224 | top1=87.62% | top3=98.20% | acc=87.16% | bal_acc=71.00% | macro_f1=0.7464 | weighted_f1=0.8658 | precision_macro=0.8001 | recall_macro=0.7100 | qwk=0.8086 | mae=0.2731
        ovr_roc_auc_macro=0.9691 | ovr_pr_auc_macro=0.8067
Epoch 52/60 | Time 0m29s
  Train | loss=0.0151 | top1=99.17% | top3=100.00%
  Valid | loss=0.5270 | top1=86.66% | top3=97.84% | acc=86.16% | bal_acc=68.99% | macro_f1=0.7345 | weighted_f1=0.8552 | precision_macro=0.8079 | recall_macro=0.6899 | qwk=0.8048 | mae=0.2843
        ovr_roc_auc_macro=0.9691 | ovr_pr_auc_macro=0.8027
Epoch 53/60 | Time 0m29s
  Train | loss=0.0147 | top1=99.08% | top3=100.00%
  Valid | loss=0.5494 | top1=87.02% | top3=97.96% | acc=86.53% | bal_acc=68.85% | macro_f1=0.7288 | weighted_f1=0.8601 | precision_macro=0.7804 | recall_macro=0.6885 | qwk=0.8022 | mae=0.2855
        ovr_roc_auc_macro=0.9664 | ovr_pr_auc_macro=0.7937
Epoch 54/60 | Time 0m29s
  Train | loss=0.0137 | top1=98.91% | top3=99.99%
  Valid | loss=0.5426 | top1=87.38% | top3=97.96% | acc=86.91% | bal_acc=69.51% | macro_f1=0.7393 | weighted_f1=0.8630 | precision_macro=0.8027 | recall_macro=0.6951 | qwk=0.8064 | mae=0.2768
        ovr_roc_auc_macro=0.9671 | ovr_pr_auc_macro=0.8111
Epoch 55/60 | Time 0m30s
  Train | loss=0.0128 | top1=99.25% | top3=99.99%
  Valid | loss=0.5112 | top1=87.14% | top3=98.08% | acc=86.66% | bal_acc=69.45% | macro_f1=0.7359 | weighted_f1=0.8608 | precision_macro=0.7948 | recall_macro=0.6945 | qwk=0.7993 | mae=0.2855
        ovr_roc_auc_macro=0.9713 | ovr_pr_auc_macro=0.8099
Epoch 56/60 | Time 0m29s
  Train | loss=0.0166 | top1=99.11% | top3=100.00%
  Valid | loss=0.5121 | top1=87.50% | top3=98.08% | acc=87.03% | bal_acc=71.35% | macro_f1=0.7439 | weighted_f1=0.8644 | precision_macro=0.7875 | recall_macro=0.7135 | qwk=0.8146 | mae=0.2706
        ovr_roc_auc_macro=0.9729 | ovr_pr_auc_macro=0.8077
Epoch 57/60 | Time 0m29s
  Train | loss=0.0150 | top1=99.02% | top3=100.00%
  Valid | loss=0.5027 | top1=86.90% | top3=98.32% | acc=86.41% | bal_acc=68.11% | macro_f1=0.7205 | weighted_f1=0.8582 | precision_macro=0.7819 | recall_macro=0.6811 | qwk=0.8066 | mae=0.2805
        ovr_roc_auc_macro=0.9702 | ovr_pr_auc_macro=0.8046
Epoch 58/60 | Time 0m29s
  Train | loss=0.0110 | top1=99.28% | top3=100.00%
  Valid | loss=0.5088 | top1=87.14% | top3=98.20% | acc=86.66% | bal_acc=70.54% | macro_f1=0.7394 | weighted_f1=0.8602 | precision_macro=0.7921 | recall_macro=0.7054 | qwk=0.8092 | mae=0.2781
        ovr_roc_auc_macro=0.9700 | ovr_pr_auc_macro=0.8076
Epoch 59/60 | Time 0m29s
  Train | loss=0.0127 | top1=99.31% | top3=100.00%
  Valid | loss=0.4924 | top1=86.90% | top3=98.08% | acc=86.41% | bal_acc=69.85% | macro_f1=0.7317 | weighted_f1=0.8582 | precision_macro=0.7757 | recall_macro=0.6985 | qwk=0.8004 | mae=0.2880
        ovr_roc_auc_macro=0.9727 | ovr_pr_auc_macro=0.8120
Epoch 60/60 | Time 0m29s
  Train | loss=0.0169 | top1=99.15% | top3=100.00%
  Valid | loss=0.5173 | top1=87.62% | top3=98.32% | acc=87.16% | bal_acc=71.96% | macro_f1=0.7499 | weighted_f1=0.8662 | precision_macro=0.7977 | recall_macro=0.7196 | qwk=0.8149 | mae=0.2706
        ovr_roc_auc_macro=0.9695 | ovr_pr_auc_macro=0.8033

[TEST] loss=ordinal_focal_mse
  Test | loss=0.5548 | top1=84.62% | top3=98.56% | acc=84.52% | bal_acc=67.58% | macro_f1=0.7140 | weighted_f1=0.8366 | precision_macro=0.7670 | recall_macro=0.6758 | qwk=0.8234 | mae=0.2891
        ovr_roc_auc_macro=0.9669 | ovr_pr_auc_macro=0.7845
  Confusion Matrix:
[[  36   10    8    1    5    5    0]
 [   4   79    2    2    2   14    0]
 [   9    9  156    2   12   32    0]
 [   1    2    1   14    1    4    0]
 [   3    4   17    0  101   97    1]
 [   2    3   13    1   34 1288    0]
 [   0    1    0    0    0    8   19]]
  Classification Report:
              precision    recall  f1-score   support

       akiec     0.6545    0.5538    0.6000        65
         bcc     0.7315    0.7670    0.7488       103
         bkl     0.7919    0.7091    0.7482       220
          df     0.7000    0.6087    0.6512        23
         mel     0.6516    0.4529    0.5344       223
          nv     0.8895    0.9605    0.9236      1341
        vasc     0.9500    0.6786    0.7917        28

    accuracy                         0.8452      2003
   macro avg     0.7670    0.6758    0.7140      2003
weighted avg     0.8352    0.8452    0.8366      2003


##########################################################################################
Starting loss: sce
##########################################################################################
Model params: 24,498,375 | pretrained loaded: 320/344 | feat_dim=2048
Criterion: SymmetricCrossEntropyLoss
Criterion trainable params: 0
Epoch 01/60 | Time 0m29s
  Train | loss=5.6098 | top1=55.40% | top3=76.28%
  Valid | loss=5.2860 | top1=66.35% | top3=83.17% | acc=66.96% | bal_acc=14.29% | macro_f1=0.1146 | weighted_f1=0.5371 | precision_macro=0.0957 | recall_macro=0.1429 | qwk=0.0000 | mae=0.8441
        ovr_roc_auc_macro=0.5118 | ovr_pr_auc_macro=0.1550
  -> best macro_f1 updated to 0.1146 (epoch 1)
Epoch 02/60 | Time 0m29s
  Train | loss=4.4417 | top1=66.97% | top3=86.39%
  Valid | loss=3.6014 | top1=66.35% | top3=87.26% | acc=66.96% | bal_acc=14.29% | macro_f1=0.1146 | weighted_f1=0.5371 | precision_macro=0.0957 | recall_macro=0.1429 | qwk=0.0000 | mae=0.8441
        ovr_roc_auc_macro=0.6959 | ovr_pr_auc_macro=0.2443
Epoch 03/60 | Time 0m29s
  Train | loss=3.1951 | top1=67.00% | top3=88.62%
  Valid | loss=2.9267 | top1=66.35% | top3=88.22% | acc=66.96% | bal_acc=14.29% | macro_f1=0.1147 | weighted_f1=0.5375 | precision_macro=0.0958 | recall_macro=0.1429 | qwk=0.0005 | mae=0.8454
        ovr_roc_auc_macro=0.7413 | ovr_pr_auc_macro=0.2711
Epoch 04/60 | Time 0m29s
  Train | loss=2.8161 | top1=66.96% | top3=89.28%
  Valid | loss=2.6901 | top1=66.35% | top3=87.74% | acc=66.96% | bal_acc=14.29% | macro_f1=0.1148 | weighted_f1=0.5379 | precision_macro=0.0959 | recall_macro=0.1429 | qwk=0.0117 | mae=0.8416
        ovr_roc_auc_macro=0.7781 | ovr_pr_auc_macro=0.2889
  -> best macro_f1 updated to 0.1148 (epoch 4)
Epoch 05/60 | Time 0m29s
  Train | loss=2.6533 | top1=67.10% | top3=89.07%
  Valid | loss=2.5906 | top1=66.59% | top3=87.62% | acc=67.21% | bal_acc=14.74% | macro_f1=0.1244 | weighted_f1=0.5478 | precision_macro=0.1969 | recall_macro=0.1474 | qwk=0.0633 | mae=0.8217
        ovr_roc_auc_macro=0.8011 | ovr_pr_auc_macro=0.3046
  -> best macro_f1 updated to 0.1244 (epoch 5)
Epoch 06/60 | Time 0m29s
  Train | loss=2.5440 | top1=67.93% | top3=89.34%
  Valid | loss=2.4723 | top1=68.63% | top3=87.98% | acc=69.33% | bal_acc=17.76% | macro_f1=0.1727 | weighted_f1=0.5996 | precision_macro=0.2326 | recall_macro=0.1776 | qwk=0.2722 | mae=0.7170
        ovr_roc_auc_macro=0.8284 | ovr_pr_auc_macro=0.3383
  -> best macro_f1 updated to 0.1727 (epoch 6)
Epoch 07/60 | Time 0m29s
  Train | loss=2.3683 | top1=71.01% | top3=90.10%
  Valid | loss=2.3623 | top1=72.24% | top3=89.42% | acc=73.07% | bal_acc=23.54% | macro_f1=0.2344 | weighted_f1=0.6694 | precision_macro=0.2448 | recall_macro=0.2354 | qwk=0.4598 | mae=0.5973
        ovr_roc_auc_macro=0.8449 | ovr_pr_auc_macro=0.3654
  -> best macro_f1 updated to 0.2344 (epoch 7)
Epoch 08/60 | Time 0m29s
  Train | loss=2.1807 | top1=73.58% | top3=92.17%
  Valid | loss=2.2667 | top1=73.08% | top3=91.59% | acc=73.94% | bal_acc=26.41% | macro_f1=0.2719 | weighted_f1=0.6878 | precision_macro=0.3273 | recall_macro=0.2641 | qwk=0.5926 | mae=0.5324
        ovr_roc_auc_macro=0.8683 | ovr_pr_auc_macro=0.3777
  -> best macro_f1 updated to 0.2719 (epoch 8)
Epoch 09/60 | Time 0m29s
  Train | loss=2.0295 | top1=75.98% | top3=94.04%
  Valid | loss=2.0567 | top1=76.32% | top3=93.03% | acc=77.31% | bal_acc=34.10% | macro_f1=0.3399 | weighted_f1=0.7385 | precision_macro=0.3491 | recall_macro=0.3410 | qwk=0.6321 | mae=0.4863
        ovr_roc_auc_macro=0.8848 | ovr_pr_auc_macro=0.4546
  -> best macro_f1 updated to 0.3399 (epoch 9)
Epoch 10/60 | Time 0m29s
  Train | loss=1.8948 | top1=77.61% | top3=94.72%
  Valid | loss=1.9042 | top1=77.64% | top3=93.27% | acc=78.68% | bal_acc=37.40% | macro_f1=0.3798 | weighted_f1=0.7565 | precision_macro=0.4640 | recall_macro=0.3740 | qwk=0.6909 | mae=0.4377
        ovr_roc_auc_macro=0.9086 | ovr_pr_auc_macro=0.5110
  -> best macro_f1 updated to 0.3798 (epoch 10)
Epoch 11/60 | Time 0m29s
  Train | loss=1.7508 | top1=79.47% | top3=95.60%
  Valid | loss=1.8805 | top1=77.88% | top3=95.91% | acc=78.93% | bal_acc=42.63% | macro_f1=0.4391 | weighted_f1=0.7735 | precision_macro=0.5550 | recall_macro=0.4263 | qwk=0.6996 | mae=0.4352
        ovr_roc_auc_macro=0.9189 | ovr_pr_auc_macro=0.5480
  -> best macro_f1 updated to 0.4391 (epoch 11)
Epoch 12/60 | Time 0m29s
  Train | loss=1.6165 | top1=81.37% | top3=96.54%
  Valid | loss=1.7391 | top1=79.93% | top3=96.63% | acc=81.05% | bal_acc=48.69% | macro_f1=0.5205 | weighted_f1=0.7955 | precision_macro=0.5700 | recall_macro=0.4869 | qwk=0.7267 | mae=0.4015
        ovr_roc_auc_macro=0.9313 | ovr_pr_auc_macro=0.5871
  -> best macro_f1 updated to 0.5205 (epoch 12)
Epoch 13/60 | Time 0m29s
  Train | loss=1.4878 | top1=82.61% | top3=97.05%
  Valid | loss=1.7530 | top1=78.85% | top3=96.88% | acc=79.93% | bal_acc=52.37% | macro_f1=0.5536 | weighted_f1=0.7751 | precision_macro=0.6123 | recall_macro=0.5237 | qwk=0.6991 | mae=0.4302
        ovr_roc_auc_macro=0.9291 | ovr_pr_auc_macro=0.6345
  -> best macro_f1 updated to 0.5536 (epoch 13)
Epoch 14/60 | Time 0m29s
  Train | loss=1.3699 | top1=84.13% | top3=97.61%
  Valid | loss=1.6904 | top1=81.61% | top3=95.07% | acc=82.79% | bal_acc=53.58% | macro_f1=0.5624 | weighted_f1=0.8094 | precision_macro=0.6117 | recall_macro=0.5358 | qwk=0.7618 | mae=0.3529
        ovr_roc_auc_macro=0.9293 | ovr_pr_auc_macro=0.6030
  -> best macro_f1 updated to 0.5624 (epoch 14)
Epoch 15/60 | Time 0m29s
  Train | loss=1.2993 | top1=84.91% | top3=97.65%
  Valid | loss=1.6131 | top1=81.85% | top3=97.24% | acc=83.04% | bal_acc=56.55% | macro_f1=0.5903 | weighted_f1=0.8152 | precision_macro=0.6313 | recall_macro=0.5655 | qwk=0.7481 | mae=0.3641
        ovr_roc_auc_macro=0.9345 | ovr_pr_auc_macro=0.6355
  -> best macro_f1 updated to 0.5903 (epoch 15)
Epoch 16/60 | Time 0m29s
  Train | loss=1.2439 | top1=85.75% | top3=98.00%
  Valid | loss=1.6736 | top1=79.93% | top3=97.48% | acc=81.05% | bal_acc=55.79% | macro_f1=0.5653 | weighted_f1=0.7946 | precision_macro=0.6111 | recall_macro=0.5579 | qwk=0.7280 | mae=0.4127
        ovr_roc_auc_macro=0.9450 | ovr_pr_auc_macro=0.6620
Epoch 17/60 | Time 0m29s
  Train | loss=1.1058 | top1=87.50% | top3=98.38%
  Valid | loss=1.6336 | top1=80.29% | top3=97.84% | acc=81.42% | bal_acc=58.96% | macro_f1=0.5930 | weighted_f1=0.7997 | precision_macro=0.6141 | recall_macro=0.5896 | qwk=0.7467 | mae=0.3915
        ovr_roc_auc_macro=0.9475 | ovr_pr_auc_macro=0.6732
  -> best macro_f1 updated to 0.5930 (epoch 17)
Epoch 18/60 | Time 0m29s
  Train | loss=1.0020 | top1=88.26% | top3=98.63%
  Valid | loss=1.4525 | top1=82.57% | top3=98.08% | acc=83.79% | bal_acc=62.84% | macro_f1=0.6337 | weighted_f1=0.8274 | precision_macro=0.6520 | recall_macro=0.6284 | qwk=0.7770 | mae=0.3416
        ovr_roc_auc_macro=0.9507 | ovr_pr_auc_macro=0.7041
  -> best macro_f1 updated to 0.6337 (epoch 18)
Epoch 19/60 | Time 0m29s
  Train | loss=0.9384 | top1=89.20% | top3=98.89%
  Valid | loss=1.4827 | top1=81.85% | top3=98.44% | acc=83.04% | bal_acc=59.27% | macro_f1=0.6135 | weighted_f1=0.8204 | precision_macro=0.6406 | recall_macro=0.5927 | qwk=0.7538 | mae=0.3616
        ovr_roc_auc_macro=0.9484 | ovr_pr_auc_macro=0.6959
Epoch 20/60 | Time 0m29s
  Train | loss=0.8676 | top1=89.92% | top3=99.02%
  Valid | loss=1.6477 | top1=81.37% | top3=97.84% | acc=82.54% | bal_acc=61.90% | macro_f1=0.6414 | weighted_f1=0.8116 | precision_macro=0.7273 | recall_macro=0.6190 | qwk=0.7563 | mae=0.3741
        ovr_roc_auc_macro=0.9471 | ovr_pr_auc_macro=0.7212
  -> best macro_f1 updated to 0.6414 (epoch 20)
Epoch 21/60 | Time 0m29s
  Train | loss=0.7745 | top1=91.39% | top3=99.12%
  Valid | loss=1.6127 | top1=81.61% | top3=98.32% | acc=82.79% | bal_acc=61.64% | macro_f1=0.6617 | weighted_f1=0.8182 | precision_macro=0.7498 | recall_macro=0.6164 | qwk=0.7357 | mae=0.3678
        ovr_roc_auc_macro=0.9450 | ovr_pr_auc_macro=0.7217
  -> best macro_f1 updated to 0.6617 (epoch 21)
Epoch 22/60 | Time 0m29s
  Train | loss=0.7460 | top1=91.51% | top3=99.20%
  Valid | loss=1.6023 | top1=82.81% | top3=98.32% | acc=84.04% | bal_acc=61.39% | macro_f1=0.6478 | weighted_f1=0.8294 | precision_macro=0.7314 | recall_macro=0.6139 | qwk=0.7667 | mae=0.3342
        ovr_roc_auc_macro=0.9473 | ovr_pr_auc_macro=0.7113
Epoch 23/60 | Time 0m29s
  Train | loss=0.6382 | top1=92.71% | top3=99.36%
  Valid | loss=1.4615 | top1=85.22% | top3=97.96% | acc=84.66% | bal_acc=64.00% | macro_f1=0.6594 | weighted_f1=0.8403 | precision_macro=0.7971 | recall_macro=0.6400 | qwk=0.8134 | mae=0.3055
        ovr_roc_auc_macro=0.9532 | ovr_pr_auc_macro=0.6956
Epoch 24/60 | Time 0m29s
  Train | loss=0.6055 | top1=93.20% | top3=99.43%
  Valid | loss=1.6125 | top1=84.01% | top3=98.44% | acc=85.29% | bal_acc=64.76% | macro_f1=0.7022 | weighted_f1=0.8437 | precision_macro=0.7943 | recall_macro=0.6476 | qwk=0.8053 | mae=0.2930
        ovr_roc_auc_macro=0.9436 | ovr_pr_auc_macro=0.7373
  -> best macro_f1 updated to 0.7022 (epoch 24)
Epoch 25/60 | Time 0m29s
  Train | loss=0.5495 | top1=93.76% | top3=99.50%
  Valid | loss=1.4891 | top1=83.05% | top3=97.60% | acc=84.29% | bal_acc=66.03% | macro_f1=0.7054 | weighted_f1=0.8365 | precision_macro=0.8075 | recall_macro=0.6603 | qwk=0.7905 | mae=0.3180
        ovr_roc_auc_macro=0.9549 | ovr_pr_auc_macro=0.7466
  -> best macro_f1 updated to 0.7054 (epoch 25)
Epoch 26/60 | Time 0m29s
  Train | loss=0.4930 | top1=94.57% | top3=99.67%
  Valid | loss=1.4138 | top1=85.10% | top3=98.56% | acc=84.54% | bal_acc=66.32% | macro_f1=0.6860 | weighted_f1=0.8388 | precision_macro=0.7951 | recall_macro=0.6632 | qwk=0.8179 | mae=0.3067
        ovr_roc_auc_macro=0.9558 | ovr_pr_auc_macro=0.7314
Epoch 27/60 | Time 0m29s
  Train | loss=0.4602 | top1=94.98% | top3=99.67%
  Valid | loss=1.4383 | top1=84.86% | top3=98.32% | acc=84.29% | bal_acc=66.22% | macro_f1=0.6837 | weighted_f1=0.8342 | precision_macro=0.7358 | recall_macro=0.6622 | qwk=0.8007 | mae=0.3217
        ovr_roc_auc_macro=0.9547 | ovr_pr_auc_macro=0.7338
Epoch 28/60 | Time 0m29s
  Train | loss=0.4061 | top1=95.61% | top3=99.70%
  Valid | loss=1.3947 | top1=86.06% | top3=97.96% | acc=85.54% | bal_acc=68.61% | macro_f1=0.7062 | weighted_f1=0.8485 | precision_macro=0.7385 | recall_macro=0.6861 | qwk=0.7934 | mae=0.3042
        ovr_roc_auc_macro=0.9579 | ovr_pr_auc_macro=0.7750
  -> best macro_f1 updated to 0.7062 (epoch 28)
Epoch 29/60 | Time 0m29s
  Train | loss=0.3679 | top1=95.82% | top3=99.78%
  Valid | loss=1.3918 | top1=85.82% | top3=97.96% | acc=85.29% | bal_acc=68.31% | macro_f1=0.7154 | weighted_f1=0.8488 | precision_macro=0.7544 | recall_macro=0.6831 | qwk=0.7888 | mae=0.3105
        ovr_roc_auc_macro=0.9591 | ovr_pr_auc_macro=0.7687
  -> best macro_f1 updated to 0.7154 (epoch 29)
Epoch 30/60 | Time 0m29s
  Train | loss=0.3586 | top1=95.77% | top3=99.82%
  Valid | loss=1.4180 | top1=85.58% | top3=97.84% | acc=85.04% | bal_acc=68.33% | macro_f1=0.7215 | weighted_f1=0.8373 | precision_macro=0.7883 | recall_macro=0.6833 | qwk=0.7984 | mae=0.3067
        ovr_roc_auc_macro=0.9575 | ovr_pr_auc_macro=0.7812
  -> best macro_f1 updated to 0.7215 (epoch 30)
Epoch 31/60 | Time 0m29s
  Train | loss=0.2933 | top1=96.72% | top3=99.89%
  Valid | loss=1.2623 | top1=87.50% | top3=97.84% | acc=87.03% | bal_acc=73.68% | macro_f1=0.7650 | weighted_f1=0.8660 | precision_macro=0.7998 | recall_macro=0.7368 | qwk=0.8244 | mae=0.2693
        ovr_roc_auc_macro=0.9684 | ovr_pr_auc_macro=0.8088
  -> best macro_f1 updated to 0.7650 (epoch 31)
Epoch 32/60 | Time 0m29s
  Train | loss=0.2519 | top1=97.18% | top3=99.90%
  Valid | loss=1.3356 | top1=85.70% | top3=98.20% | acc=85.16% | bal_acc=69.46% | macro_f1=0.7103 | weighted_f1=0.8460 | precision_macro=0.7407 | recall_macro=0.6946 | qwk=0.7901 | mae=0.3192
        ovr_roc_auc_macro=0.9628 | ovr_pr_auc_macro=0.7811
Epoch 33/60 | Time 0m29s
  Train | loss=0.2450 | top1=97.20% | top3=99.88%
  Valid | loss=1.4525 | top1=83.65% | top3=98.44% | acc=84.91% | bal_acc=67.33% | macro_f1=0.7052 | weighted_f1=0.8420 | precision_macro=0.7529 | recall_macro=0.6733 | qwk=0.7965 | mae=0.3130
        ovr_roc_auc_macro=0.9624 | ovr_pr_auc_macro=0.7772
Epoch 34/60 | Time 0m29s
  Train | loss=0.2042 | top1=97.77% | top3=99.90%
  Valid | loss=1.3629 | top1=87.02% | top3=98.32% | acc=86.53% | bal_acc=72.54% | macro_f1=0.7597 | weighted_f1=0.8611 | precision_macro=0.8272 | recall_macro=0.7254 | qwk=0.7994 | mae=0.2905
        ovr_roc_auc_macro=0.9676 | ovr_pr_auc_macro=0.8059
Epoch 35/60 | Time 0m29s
  Train | loss=0.2171 | top1=97.64% | top3=99.86%
  Valid | loss=1.3724 | top1=86.18% | top3=98.44% | acc=85.66% | bal_acc=70.90% | macro_f1=0.7406 | weighted_f1=0.8498 | precision_macro=0.8099 | recall_macro=0.7090 | qwk=0.8175 | mae=0.2918
        ovr_roc_auc_macro=0.9648 | ovr_pr_auc_macro=0.7824
Epoch 36/60 | Time 0m29s
  Train | loss=0.1816 | top1=98.00% | top3=99.97%
  Valid | loss=1.3787 | top1=86.78% | top3=97.96% | acc=86.28% | bal_acc=69.76% | macro_f1=0.7308 | weighted_f1=0.8554 | precision_macro=0.7809 | recall_macro=0.6976 | qwk=0.8022 | mae=0.2918
        ovr_roc_auc_macro=0.9615 | ovr_pr_auc_macro=0.7861
Epoch 37/60 | Time 0m29s
  Train | loss=0.1886 | top1=97.85% | top3=99.94%
  Valid | loss=1.3777 | top1=86.30% | top3=97.96% | acc=85.79% | bal_acc=67.78% | macro_f1=0.7131 | weighted_f1=0.8534 | precision_macro=0.7753 | recall_macro=0.6778 | qwk=0.7931 | mae=0.3092
        ovr_roc_auc_macro=0.9639 | ovr_pr_auc_macro=0.7781
Epoch 38/60 | Time 0m29s
  Train | loss=0.1498 | top1=98.30% | top3=99.94%
  Valid | loss=1.4406 | top1=86.78% | top3=98.68% | acc=86.28% | bal_acc=69.22% | macro_f1=0.7340 | weighted_f1=0.8551 | precision_macro=0.8072 | recall_macro=0.6922 | qwk=0.7862 | mae=0.3055
        ovr_roc_auc_macro=0.9649 | ovr_pr_auc_macro=0.7915
Epoch 39/60 | Time 0m29s
  Train | loss=0.1379 | top1=98.53% | top3=99.96%
  Valid | loss=1.2427 | top1=88.10% | top3=98.20% | acc=87.66% | bal_acc=72.47% | macro_f1=0.7539 | weighted_f1=0.8718 | precision_macro=0.8098 | recall_macro=0.7247 | qwk=0.8071 | mae=0.2781
        ovr_roc_auc_macro=0.9623 | ovr_pr_auc_macro=0.7986
Epoch 40/60 | Time 0m29s
  Train | loss=0.1225 | top1=98.67% | top3=99.96%
  Valid | loss=1.3665 | top1=87.50% | top3=98.44% | acc=87.03% | bal_acc=71.99% | macro_f1=0.7593 | weighted_f1=0.8646 | precision_macro=0.8342 | recall_macro=0.7199 | qwk=0.8079 | mae=0.2818
        ovr_roc_auc_macro=0.9683 | ovr_pr_auc_macro=0.7877
Epoch 41/60 | Time 0m29s
  Train | loss=0.1234 | top1=98.64% | top3=99.99%
  Valid | loss=1.3795 | top1=85.82% | top3=98.32% | acc=87.16% | bal_acc=69.79% | macro_f1=0.7366 | weighted_f1=0.8654 | precision_macro=0.8090 | recall_macro=0.6979 | qwk=0.8098 | mae=0.2793
        ovr_roc_auc_macro=0.9681 | ovr_pr_auc_macro=0.7875
Epoch 42/60 | Time 0m29s
  Train | loss=0.1257 | top1=98.51% | top3=100.00%
  Valid | loss=1.3059 | top1=87.50% | top3=98.20% | acc=87.03% | bal_acc=70.85% | macro_f1=0.7538 | weighted_f1=0.8645 | precision_macro=0.8209 | recall_macro=0.7085 | qwk=0.7785 | mae=0.2980
        ovr_roc_auc_macro=0.9709 | ovr_pr_auc_macro=0.8101
Epoch 43/60 | Time 0m29s
  Train | loss=0.1176 | top1=98.80% | top3=99.97%
  Valid | loss=1.3290 | top1=88.10% | top3=98.44% | acc=87.66% | bal_acc=72.72% | macro_f1=0.7687 | weighted_f1=0.8706 | precision_macro=0.8482 | recall_macro=0.7272 | qwk=0.8330 | mae=0.2556
        ovr_roc_auc_macro=0.9676 | ovr_pr_auc_macro=0.8060
  -> best macro_f1 updated to 0.7687 (epoch 43)
Epoch 44/60 | Time 0m29s
  Train | loss=0.0989 | top1=99.02% | top3=99.96%
  Valid | loss=1.3594 | top1=87.50% | top3=98.56% | acc=87.03% | bal_acc=70.90% | macro_f1=0.7536 | weighted_f1=0.8634 | precision_macro=0.8381 | recall_macro=0.7090 | qwk=0.8089 | mae=0.2805
        ovr_roc_auc_macro=0.9676 | ovr_pr_auc_macro=0.7962
Epoch 45/60 | Time 0m29s
  Train | loss=0.0720 | top1=99.35% | top3=100.00%
  Valid | loss=1.2786 | top1=87.14% | top3=98.56% | acc=86.66% | bal_acc=71.11% | macro_f1=0.7517 | weighted_f1=0.8605 | precision_macro=0.8269 | recall_macro=0.7111 | qwk=0.8075 | mae=0.2855
        ovr_roc_auc_macro=0.9709 | ovr_pr_auc_macro=0.8091
Epoch 46/60 | Time 0m29s
  Train | loss=0.0920 | top1=99.00% | top3=99.99%
  Valid | loss=1.2168 | top1=88.46% | top3=98.32% | acc=88.03% | bal_acc=72.93% | macro_f1=0.7544 | weighted_f1=0.8753 | precision_macro=0.8002 | recall_macro=0.7293 | qwk=0.8346 | mae=0.2494
        ovr_roc_auc_macro=0.9722 | ovr_pr_auc_macro=0.8133
Epoch 47/60 | Time 0m29s
  Train | loss=0.0931 | top1=99.10% | top3=100.00%
  Valid | loss=1.4511 | top1=85.22% | top3=98.44% | acc=86.53% | bal_acc=68.72% | macro_f1=0.7249 | weighted_f1=0.8560 | precision_macro=0.7828 | recall_macro=0.6872 | qwk=0.7971 | mae=0.2905
        ovr_roc_auc_macro=0.9675 | ovr_pr_auc_macro=0.8044
Epoch 48/60 | Time 0m29s
  Train | loss=0.0668 | top1=99.28% | top3=100.00%
  Valid | loss=1.2991 | top1=88.10% | top3=98.08% | acc=87.66% | bal_acc=72.81% | macro_f1=0.7546 | weighted_f1=0.8705 | precision_macro=0.7943 | recall_macro=0.7281 | qwk=0.8226 | mae=0.2618
        ovr_roc_auc_macro=0.9668 | ovr_pr_auc_macro=0.8048
Epoch 49/60 | Time 0m29s
  Train | loss=0.0636 | top1=99.41% | top3=100.00%
  Valid | loss=1.2505 | top1=87.86% | top3=98.68% | acc=87.41% | bal_acc=73.30% | macro_f1=0.7617 | weighted_f1=0.8702 | precision_macro=0.8281 | recall_macro=0.7330 | qwk=0.8317 | mae=0.2618
        ovr_roc_auc_macro=0.9714 | ovr_pr_auc_macro=0.8177
Epoch 50/60 | Time 0m29s
  Train | loss=0.0468 | top1=99.54% | top3=100.00%
  Valid | loss=1.3227 | top1=87.62% | top3=98.32% | acc=87.16% | bal_acc=71.40% | macro_f1=0.7401 | weighted_f1=0.8661 | precision_macro=0.7784 | recall_macro=0.7140 | qwk=0.8241 | mae=0.2668
        ovr_roc_auc_macro=0.9708 | ovr_pr_auc_macro=0.8115
Epoch 51/60 | Time 0m29s
  Train | loss=0.0458 | top1=99.57% | top3=100.00%
  Valid | loss=1.3292 | top1=87.98% | top3=98.56% | acc=87.53% | bal_acc=71.34% | macro_f1=0.7500 | weighted_f1=0.8702 | precision_macro=0.8374 | recall_macro=0.7134 | qwk=0.8204 | mae=0.2668
        ovr_roc_auc_macro=0.9707 | ovr_pr_auc_macro=0.8091
Epoch 52/60 | Time 0m29s
  Train | loss=0.0615 | top1=99.39% | top3=100.00%
  Valid | loss=1.3587 | top1=87.38% | top3=98.20% | acc=86.91% | bal_acc=69.61% | macro_f1=0.7396 | weighted_f1=0.8620 | precision_macro=0.8368 | recall_macro=0.6961 | qwk=0.7999 | mae=0.2855
        ovr_roc_auc_macro=0.9696 | ovr_pr_auc_macro=0.8040
Epoch 53/60 | Time 0m29s
  Train | loss=0.0439 | top1=99.57% | top3=100.00%
  Valid | loss=1.3626 | top1=87.74% | top3=98.32% | acc=87.28% | bal_acc=72.51% | macro_f1=0.7621 | weighted_f1=0.8683 | precision_macro=0.8326 | recall_macro=0.7251 | qwk=0.8169 | mae=0.2718
        ovr_roc_auc_macro=0.9671 | ovr_pr_auc_macro=0.7967
Epoch 54/60 | Time 0m29s
  Train | loss=0.0563 | top1=99.42% | top3=99.99%
  Valid | loss=1.3485 | top1=85.70% | top3=98.08% | acc=87.03% | bal_acc=71.02% | macro_f1=0.7496 | weighted_f1=0.8652 | precision_macro=0.8233 | recall_macro=0.7102 | qwk=0.7954 | mae=0.2880
        ovr_roc_auc_macro=0.9692 | ovr_pr_auc_macro=0.8041
Epoch 55/60 | Time 0m29s
  Train | loss=0.0394 | top1=99.68% | top3=100.00%
  Valid | loss=1.3260 | top1=87.98% | top3=98.44% | acc=87.53% | bal_acc=71.65% | macro_f1=0.7557 | weighted_f1=0.8696 | precision_macro=0.8463 | recall_macro=0.7165 | qwk=0.8169 | mae=0.2668
        ovr_roc_auc_macro=0.9707 | ovr_pr_auc_macro=0.8101
Epoch 56/60 | Time 0m29s
  Train | loss=0.0369 | top1=99.71% | top3=100.00%
  Valid | loss=1.2655 | top1=88.34% | top3=98.32% | acc=87.91% | bal_acc=73.75% | macro_f1=0.7731 | weighted_f1=0.8739 | precision_macro=0.8465 | recall_macro=0.7375 | qwk=0.8286 | mae=0.2569
        ovr_roc_auc_macro=0.9717 | ovr_pr_auc_macro=0.8154
  -> best macro_f1 updated to 0.7731 (epoch 56)
Epoch 57/60 | Time 0m29s
  Train | loss=0.0426 | top1=99.56% | top3=99.99%
  Valid | loss=1.3120 | top1=88.10% | top3=98.44% | acc=87.66% | bal_acc=72.20% | macro_f1=0.7604 | weighted_f1=0.8711 | precision_macro=0.8498 | recall_macro=0.7220 | qwk=0.8236 | mae=0.2618
        ovr_roc_auc_macro=0.9697 | ovr_pr_auc_macro=0.8085
Epoch 58/60 | Time 0m29s
  Train | loss=0.0329 | top1=99.72% | top3=100.00%
  Valid | loss=1.2643 | top1=88.82% | top3=98.68% | acc=88.40% | bal_acc=73.09% | macro_f1=0.7677 | weighted_f1=0.8784 | precision_macro=0.8582 | recall_macro=0.7309 | qwk=0.8362 | mae=0.2444
        ovr_roc_auc_macro=0.9701 | ovr_pr_auc_macro=0.8140
Epoch 59/60 | Time 0m29s
  Train | loss=0.0358 | top1=99.63% | top3=100.00%
  Valid | loss=1.2642 | top1=88.22% | top3=98.56% | acc=87.78% | bal_acc=73.13% | macro_f1=0.7683 | weighted_f1=0.8729 | precision_macro=0.8401 | recall_macro=0.7313 | qwk=0.8229 | mae=0.2631
        ovr_roc_auc_macro=0.9717 | ovr_pr_auc_macro=0.8120
Epoch 60/60 | Time 0m29s
  Train | loss=0.0499 | top1=99.48% | top3=100.00%
  Valid | loss=1.2482 | top1=87.98% | top3=98.32% | acc=87.53% | bal_acc=72.87% | macro_f1=0.7615 | weighted_f1=0.8707 | precision_macro=0.8298 | recall_macro=0.7287 | qwk=0.8191 | mae=0.2693
        ovr_roc_auc_macro=0.9723 | ovr_pr_auc_macro=0.8124

[TEST] loss=sce
  Test | loss=1.4473 | top1=86.87% | top3=98.41% | acc=86.82% | bal_acc=71.59% | macro_f1=0.7343 | weighted_f1=0.8642 | precision_macro=0.7741 | recall_macro=0.7159 | qwk=0.8501 | mae=0.2516
        ovr_roc_auc_macro=0.9592 | ovr_pr_auc_macro=0.7990
  Confusion Matrix:
[[  44    7    8    0    3    3    0]
 [   4   84    4    0    2    7    2]
 [  10   11  167    1   10   21    0]
 [   1    2    2   10    4    4    0]
 [   2    3   17    1  130   66    4]
 [   3    5   22    0   27 1282    2]
 [   0    1    0    0    0    5   22]]
  Classification Report:
              precision    recall  f1-score   support

       akiec     0.6875    0.6769    0.6822        65
         bcc     0.7434    0.8155    0.7778       103
         bkl     0.7591    0.7591    0.7591       220
          df     0.8333    0.4348    0.5714        23
         mel     0.7386    0.5830    0.6516       223
          nv     0.9236    0.9560    0.9395      1341
        vasc     0.7333    0.7857    0.7586        28

    accuracy                         0.8682      2003
   macro avg     0.7741    0.7159    0.7343      2003
weighted avg     0.8643    0.8682    0.8642      2003


##########################################################################################
Starting loss: gce
##########################################################################################
Model params: 24,498,375 | pretrained loaded: 320/344 | feat_dim=2048
Criterion: GeneralizedCrossEntropyLoss
Criterion trainable params: 0
Epoch 01/60 | Time 0m29s
  Train | loss=1.0148 | top1=55.52% | top3=76.05%
  Valid | loss=0.9549 | top1=66.35% | top3=82.81% | acc=66.96% | bal_acc=14.29% | macro_f1=0.1146 | weighted_f1=0.5371 | precision_macro=0.0957 | recall_macro=0.1429 | qwk=0.0000 | mae=0.8441
        ovr_roc_auc_macro=0.5143 | ovr_pr_auc_macro=0.1569
  -> best macro_f1 updated to 0.1146 (epoch 1)
Epoch 02/60 | Time 0m29s
  Train | loss=0.7874 | top1=66.99% | top3=85.60%
  Valid | loss=0.6264 | top1=66.35% | top3=86.42% | acc=66.96% | bal_acc=14.29% | macro_f1=0.1146 | weighted_f1=0.5371 | precision_macro=0.0957 | recall_macro=0.1429 | qwk=0.0000 | mae=0.8441
        ovr_roc_auc_macro=0.6938 | ovr_pr_auc_macro=0.2417
Epoch 03/60 | Time 0m29s
  Train | loss=0.5493 | top1=67.00% | top3=88.04%
  Valid | loss=0.4952 | top1=66.35% | top3=87.62% | acc=66.96% | bal_acc=14.29% | macro_f1=0.1146 | weighted_f1=0.5371 | precision_macro=0.0957 | recall_macro=0.1429 | qwk=0.0000 | mae=0.8441
        ovr_roc_auc_macro=0.7245 | ovr_pr_auc_macro=0.2630
Epoch 04/60 | Time 0m29s
  Train | loss=0.4737 | top1=66.94% | top3=89.24%
  Valid | loss=0.4538 | top1=66.35% | top3=88.34% | acc=66.96% | bal_acc=14.29% | macro_f1=0.1147 | weighted_f1=0.5375 | precision_macro=0.0958 | recall_macro=0.1429 | qwk=0.0005 | mae=0.8454
        ovr_roc_auc_macro=0.7468 | ovr_pr_auc_macro=0.2716
Epoch 05/60 | Time 0m29s
  Train | loss=0.4472 | top1=67.00% | top3=89.28%
  Valid | loss=0.4373 | top1=66.71% | top3=87.86% | acc=67.33% | bal_acc=14.77% | macro_f1=0.1242 | weighted_f1=0.5468 | precision_macro=0.1577 | recall_macro=0.1477 | qwk=0.0406 | mae=0.8279
        ovr_roc_auc_macro=0.7674 | ovr_pr_auc_macro=0.2908
  -> best macro_f1 updated to 0.1242 (epoch 5)
Epoch 06/60 | Time 0m29s
  Train | loss=0.4332 | top1=67.48% | top3=89.35%
  Valid | loss=0.4235 | top1=67.91% | top3=87.86% | acc=68.58% | bal_acc=16.67% | macro_f1=0.1524 | weighted_f1=0.5786 | precision_macro=0.2231 | recall_macro=0.1667 | qwk=0.2256 | mae=0.7431
        ovr_roc_auc_macro=0.7739 | ovr_pr_auc_macro=0.3079
  -> best macro_f1 updated to 0.1524 (epoch 6)
Epoch 07/60 | Time 0m29s
  Train | loss=0.4081 | top1=69.89% | top3=89.45%
  Valid | loss=0.3913 | top1=71.51% | top3=88.22% | acc=72.32% | bal_acc=22.44% | macro_f1=0.2245 | weighted_f1=0.6579 | precision_macro=0.2425 | recall_macro=0.2244 | qwk=0.4385 | mae=0.6172
        ovr_roc_auc_macro=0.7847 | ovr_pr_auc_macro=0.3395
  -> best macro_f1 updated to 0.2245 (epoch 7)
Epoch 08/60 | Time 0m29s
  Train | loss=0.3699 | top1=72.89% | top3=91.08%
  Valid | loss=0.3764 | top1=72.00% | top3=90.75% | acc=72.82% | bal_acc=23.11% | macro_f1=0.2239 | weighted_f1=0.6634 | precision_macro=0.2494 | recall_macro=0.2311 | qwk=0.5537 | mae=0.5561
        ovr_roc_auc_macro=0.8013 | ovr_pr_auc_macro=0.3460
Epoch 09/60 | Time 0m29s
  Train | loss=0.3445 | top1=74.83% | top3=92.93%
  Valid | loss=0.3500 | top1=75.00% | top3=91.35% | acc=75.94% | bal_acc=30.71% | macro_f1=0.3206 | weighted_f1=0.7160 | precision_macro=0.3475 | recall_macro=0.3071 | qwk=0.6008 | mae=0.5062
        ovr_roc_auc_macro=0.8138 | ovr_pr_auc_macro=0.3710
  -> best macro_f1 updated to 0.3206 (epoch 9)
Epoch 10/60 | Time 0m30s
  Train | loss=0.3179 | top1=76.77% | top3=93.74%
  Valid | loss=0.3274 | top1=76.08% | top3=91.95% | acc=77.06% | bal_acc=32.79% | macro_f1=0.3374 | weighted_f1=0.7280 | precision_macro=0.3681 | recall_macro=0.3279 | qwk=0.6502 | mae=0.4726
        ovr_roc_auc_macro=0.8433 | ovr_pr_auc_macro=0.4148
  -> best macro_f1 updated to 0.3374 (epoch 10)
Epoch 11/60 | Time 0m30s
  Train | loss=0.2922 | top1=78.81% | top3=94.49%
  Valid | loss=0.3096 | top1=77.40% | top3=95.31% | acc=78.43% | bal_acc=39.68% | macro_f1=0.4070 | weighted_f1=0.7651 | precision_macro=0.4385 | recall_macro=0.3968 | qwk=0.7133 | mae=0.4289
        ovr_roc_auc_macro=0.8423 | ovr_pr_auc_macro=0.4562
  -> best macro_f1 updated to 0.4070 (epoch 11)
Epoch 12/60 | Time 0m30s
  Train | loss=0.2742 | top1=80.16% | top3=95.04%
  Valid | loss=0.2925 | top1=78.73% | top3=95.67% | acc=79.80% | bal_acc=41.98% | macro_f1=0.4314 | weighted_f1=0.7782 | precision_macro=0.4475 | recall_macro=0.4198 | qwk=0.7339 | mae=0.4077
        ovr_roc_auc_macro=0.8601 | ovr_pr_auc_macro=0.4787
  -> best macro_f1 updated to 0.4314 (epoch 12)
Epoch 13/60 | Time 0m30s
  Train | loss=0.2583 | top1=81.60% | top3=95.22%
  Valid | loss=0.2953 | top1=77.40% | top3=95.31% | acc=78.43% | bal_acc=41.43% | macro_f1=0.4160 | weighted_f1=0.7623 | precision_macro=0.4305 | recall_macro=0.4143 | qwk=0.7347 | mae=0.4214
        ovr_roc_auc_macro=0.8303 | ovr_pr_auc_macro=0.4949
Epoch 14/60 | Time 0m30s
  Train | loss=0.2502 | top1=81.73% | top3=95.17%
  Valid | loss=0.2821 | top1=79.21% | top3=95.91% | acc=80.30% | bal_acc=40.68% | macro_f1=0.4257 | weighted_f1=0.7758 | precision_macro=0.4624 | recall_macro=0.4068 | qwk=0.7448 | mae=0.3878
        ovr_roc_auc_macro=0.8270 | ovr_pr_auc_macro=0.4702
Epoch 15/60 | Time 0m30s
  Train | loss=0.2409 | top1=82.47% | top3=95.61%
  Valid | loss=0.2601 | top1=81.97% | top3=96.51% | acc=81.30% | bal_acc=44.06% | macro_f1=0.4553 | weighted_f1=0.7880 | precision_macro=0.5074 | recall_macro=0.4406 | qwk=0.7388 | mae=0.3815
        ovr_roc_auc_macro=0.8429 | ovr_pr_auc_macro=0.4743
  -> best macro_f1 updated to 0.4553 (epoch 15)
Epoch 16/60 | Time 0m30s
  Train | loss=0.2352 | top1=83.01% | top3=95.78%
  Valid | loss=0.2639 | top1=81.37% | top3=95.67% | acc=80.67% | bal_acc=46.21% | macro_f1=0.4535 | weighted_f1=0.7864 | precision_macro=0.4662 | recall_macro=0.4621 | qwk=0.7483 | mae=0.4027
        ovr_roc_auc_macro=0.8669 | ovr_pr_auc_macro=0.4954
Epoch 17/60 | Time 0m30s
  Train | loss=0.2263 | top1=83.40% | top3=95.88%
  Valid | loss=0.2871 | top1=79.09% | top3=94.35% | acc=80.17% | bal_acc=43.96% | macro_f1=0.4520 | weighted_f1=0.7820 | precision_macro=0.4691 | recall_macro=0.4396 | qwk=0.7313 | mae=0.4052
        ovr_roc_auc_macro=0.8860 | ovr_pr_auc_macro=0.5032
Epoch 18/60 | Time 0m30s
  Train | loss=0.2062 | top1=85.17% | top3=95.99%
  Valid | loss=0.2860 | top1=78.49% | top3=95.67% | acc=79.55% | bal_acc=41.55% | macro_f1=0.4318 | weighted_f1=0.7693 | precision_macro=0.4647 | recall_macro=0.4155 | qwk=0.7323 | mae=0.4077
        ovr_roc_auc_macro=0.8809 | ovr_pr_auc_macro=0.5143
Epoch 19/60 | Time 0m30s
  Train | loss=0.2035 | top1=85.40% | top3=96.27%
  Valid | loss=0.2797 | top1=79.09% | top3=96.03% | acc=80.17% | bal_acc=44.05% | macro_f1=0.4415 | weighted_f1=0.7839 | precision_macro=0.4526 | recall_macro=0.4405 | qwk=0.7374 | mae=0.4090
        ovr_roc_auc_macro=0.8792 | ovr_pr_auc_macro=0.4985
Epoch 20/60 | Time 0m30s
  Train | loss=0.1947 | top1=85.99% | top3=96.23%
  Valid | loss=0.2685 | top1=79.93% | top3=96.39% | acc=81.05% | bal_acc=45.95% | macro_f1=0.4590 | weighted_f1=0.7952 | precision_macro=0.4631 | recall_macro=0.4595 | qwk=0.7439 | mae=0.3953
        ovr_roc_auc_macro=0.8810 | ovr_pr_auc_macro=0.5072
  -> best macro_f1 updated to 0.4590 (epoch 20)
Epoch 21/60 | Time 0m30s
  Train | loss=0.1876 | top1=86.50% | top3=96.43%
  Valid | loss=0.2698 | top1=80.41% | top3=96.51% | acc=81.55% | bal_acc=42.29% | macro_f1=0.4383 | weighted_f1=0.7942 | precision_macro=0.4619 | recall_macro=0.4229 | qwk=0.7509 | mae=0.3653
        ovr_roc_auc_macro=0.8635 | ovr_pr_auc_macro=0.4885
Epoch 22/60 | Time 0m30s
  Train | loss=0.1893 | top1=86.43% | top3=96.37%
  Valid | loss=0.2613 | top1=80.41% | top3=97.36% | acc=81.55% | bal_acc=45.64% | macro_f1=0.4692 | weighted_f1=0.7977 | precision_macro=0.4892 | recall_macro=0.4564 | qwk=0.7767 | mae=0.3554
        ovr_roc_auc_macro=0.8674 | ovr_pr_auc_macro=0.5109
  -> best macro_f1 updated to 0.4692 (epoch 22)
Epoch 23/60 | Time 0m30s
  Train | loss=0.1735 | top1=87.59% | top3=96.97%
  Valid | loss=0.2327 | top1=82.93% | top3=96.88% | acc=82.29% | bal_acc=47.20% | macro_f1=0.4772 | weighted_f1=0.8065 | precision_macro=0.4952 | recall_macro=0.4720 | qwk=0.7858 | mae=0.3479
        ovr_roc_auc_macro=0.8949 | ovr_pr_auc_macro=0.5285
  -> best macro_f1 updated to 0.4772 (epoch 23)
Epoch 24/60 | Time 0m30s
  Train | loss=0.1700 | top1=87.83% | top3=96.83%
  Valid | loss=0.2372 | top1=81.85% | top3=96.51% | acc=83.04% | bal_acc=46.43% | macro_f1=0.4818 | weighted_f1=0.8117 | precision_macro=0.5090 | recall_macro=0.4643 | qwk=0.7621 | mae=0.3516
        ovr_roc_auc_macro=0.8775 | ovr_pr_auc_macro=0.5488
  -> best macro_f1 updated to 0.4818 (epoch 24)
Epoch 25/60 | Time 0m30s
  Train | loss=0.1600 | top1=88.37% | top3=97.05%
  Valid | loss=0.2305 | top1=83.53% | top3=95.91% | acc=82.92% | bal_acc=47.05% | macro_f1=0.4878 | weighted_f1=0.8117 | precision_macro=0.5120 | recall_macro=0.4705 | qwk=0.7806 | mae=0.3379
        ovr_roc_auc_macro=0.9159 | ovr_pr_auc_macro=0.5739
  -> best macro_f1 updated to 0.4878 (epoch 25)
Epoch 26/60 | Time 0m30s
  Train | loss=0.1581 | top1=88.49% | top3=97.14%
  Valid | loss=0.2468 | top1=82.09% | top3=96.39% | acc=83.29% | bal_acc=45.69% | macro_f1=0.4595 | weighted_f1=0.8124 | precision_macro=0.4824 | recall_macro=0.4569 | qwk=0.7426 | mae=0.3541
        ovr_roc_auc_macro=0.9234 | ovr_pr_auc_macro=0.5828
Epoch 27/60 | Time 0m30s
  Train | loss=0.1514 | top1=89.27% | top3=97.29%
  Valid | loss=0.2235 | top1=83.65% | top3=96.15% | acc=84.91% | bal_acc=58.40% | macro_f1=0.6150 | weighted_f1=0.8379 | precision_macro=0.6695 | recall_macro=0.5840 | qwk=0.8141 | mae=0.2993
        ovr_roc_auc_macro=0.9223 | ovr_pr_auc_macro=0.6393
  -> best macro_f1 updated to 0.6150 (epoch 27)
Epoch 28/60 | Time 0m30s
  Train | loss=0.1343 | top1=90.40% | top3=97.37%
  Valid | loss=0.2193 | top1=83.41% | top3=96.88% | acc=84.66% | bal_acc=61.35% | macro_f1=0.6285 | weighted_f1=0.8319 | precision_macro=0.6594 | recall_macro=0.6135 | qwk=0.8032 | mae=0.3142
        ovr_roc_auc_macro=0.9371 | ovr_pr_auc_macro=0.6602
  -> best macro_f1 updated to 0.6285 (epoch 28)
Epoch 29/60 | Time 0m30s
  Train | loss=0.1302 | top1=90.69% | top3=97.40%
  Valid | loss=0.2196 | top1=84.25% | top3=94.59% | acc=85.54% | bal_acc=62.22% | macro_f1=0.6366 | weighted_f1=0.8423 | precision_macro=0.6659 | recall_macro=0.6222 | qwk=0.7809 | mae=0.3067
        ovr_roc_auc_macro=0.9368 | ovr_pr_auc_macro=0.6880
  -> best macro_f1 updated to 0.6366 (epoch 29)
Epoch 30/60 | Time 0m30s
  Train | loss=0.1231 | top1=91.23% | top3=97.59%
  Valid | loss=0.2175 | top1=84.50% | top3=96.88% | acc=83.92% | bal_acc=58.55% | macro_f1=0.5992 | weighted_f1=0.8229 | precision_macro=0.6435 | recall_macro=0.5855 | qwk=0.7948 | mae=0.3254
        ovr_roc_auc_macro=0.9397 | ovr_pr_auc_macro=0.6730
Epoch 31/60 | Time 0m30s
  Train | loss=0.1150 | top1=91.87% | top3=97.82%
  Valid | loss=0.2259 | top1=83.89% | top3=96.75% | acc=85.16% | bal_acc=61.16% | macro_f1=0.6328 | weighted_f1=0.8417 | precision_macro=0.6679 | recall_macro=0.6116 | qwk=0.8182 | mae=0.2993
        ovr_roc_auc_macro=0.9338 | ovr_pr_auc_macro=0.6650
Epoch 32/60 | Time 0m30s
  Train | loss=0.1114 | top1=92.02% | top3=98.00%
  Valid | loss=0.2074 | top1=84.38% | top3=97.00% | acc=85.66% | bal_acc=65.71% | macro_f1=0.6487 | weighted_f1=0.8501 | precision_macro=0.6541 | recall_macro=0.6571 | qwk=0.8090 | mae=0.3005
        ovr_roc_auc_macro=0.9499 | ovr_pr_auc_macro=0.6847
  -> best macro_f1 updated to 0.6487 (epoch 32)
Epoch 33/60 | Time 0m30s
  Train | loss=0.1118 | top1=92.04% | top3=98.10%
  Valid | loss=0.2124 | top1=84.74% | top3=97.12% | acc=86.03% | bal_acc=67.52% | macro_f1=0.6659 | weighted_f1=0.8523 | precision_macro=0.6626 | recall_macro=0.6752 | qwk=0.8138 | mae=0.2868
        ovr_roc_auc_macro=0.9445 | ovr_pr_auc_macro=0.6989
  -> best macro_f1 updated to 0.6659 (epoch 33)
Epoch 34/60 | Time 0m30s
  Train | loss=0.0989 | top1=93.00% | top3=98.20%
  Valid | loss=0.2137 | top1=84.25% | top3=95.55% | acc=85.54% | bal_acc=63.34% | macro_f1=0.6553 | weighted_f1=0.8452 | precision_macro=0.6828 | recall_macro=0.6334 | qwk=0.7935 | mae=0.3067
        ovr_roc_auc_macro=0.9440 | ovr_pr_auc_macro=0.7187
Epoch 35/60 | Time 0m30s
  Train | loss=0.0984 | top1=93.01% | top3=98.16%
  Valid | loss=0.2213 | top1=83.41% | top3=96.75% | acc=84.66% | bal_acc=64.93% | macro_f1=0.6449 | weighted_f1=0.8374 | precision_macro=0.6477 | recall_macro=0.6493 | qwk=0.7856 | mae=0.3217
        ovr_roc_auc_macro=0.9465 | ovr_pr_auc_macro=0.7187
Epoch 36/60 | Time 0m30s
  Train | loss=0.0932 | top1=93.33% | top3=98.49%
  Valid | loss=0.2329 | top1=82.81% | top3=96.39% | acc=84.04% | bal_acc=57.55% | macro_f1=0.6133 | weighted_f1=0.8215 | precision_macro=0.6739 | recall_macro=0.5755 | qwk=0.7706 | mae=0.3279
        ovr_roc_auc_macro=0.9311 | ovr_pr_auc_macro=0.6786
Epoch 37/60 | Time 0m30s
  Train | loss=0.0952 | top1=93.30% | top3=98.32%
  Valid | loss=0.2243 | top1=84.01% | top3=96.51% | acc=85.29% | bal_acc=59.03% | macro_f1=0.6377 | weighted_f1=0.8410 | precision_macro=0.7097 | recall_macro=0.5903 | qwk=0.7513 | mae=0.3354
        ovr_roc_auc_macro=0.9398 | ovr_pr_auc_macro=0.7072
Epoch 38/60 | Time 0m30s
  Train | loss=0.0833 | top1=94.13% | top3=98.66%
  Valid | loss=0.2104 | top1=84.25% | top3=96.88% | acc=85.54% | bal_acc=64.89% | macro_f1=0.6636 | weighted_f1=0.8448 | precision_macro=0.6825 | recall_macro=0.6489 | qwk=0.7840 | mae=0.3142
        ovr_roc_auc_macro=0.9489 | ovr_pr_auc_macro=0.7151
Epoch 39/60 | Time 0m30s
  Train | loss=0.0828 | top1=94.20% | top3=98.60%
  Valid | loss=0.1778 | top1=87.38% | top3=96.63% | acc=86.91% | bal_acc=65.52% | macro_f1=0.6697 | weighted_f1=0.8611 | precision_macro=0.6918 | recall_macro=0.6552 | qwk=0.8160 | mae=0.2805
        ovr_roc_auc_macro=0.9530 | ovr_pr_auc_macro=0.7278
  -> best macro_f1 updated to 0.6697 (epoch 39)
Epoch 40/60 | Time 0m30s
  Train | loss=0.0789 | top1=94.42% | top3=98.70%
  Valid | loss=0.1939 | top1=84.98% | top3=97.12% | acc=86.28% | bal_acc=64.49% | macro_f1=0.6688 | weighted_f1=0.8524 | precision_macro=0.7007 | recall_macro=0.6449 | qwk=0.7969 | mae=0.2968
        ovr_roc_auc_macro=0.9550 | ovr_pr_auc_macro=0.7350
Epoch 41/60 | Time 0m30s
  Train | loss=0.0716 | top1=95.03% | top3=98.63%
  Valid | loss=0.1994 | top1=85.22% | top3=97.60% | acc=86.53% | bal_acc=66.25% | macro_f1=0.6584 | weighted_f1=0.8565 | precision_macro=0.6630 | recall_macro=0.6625 | qwk=0.7793 | mae=0.3055
        ovr_roc_auc_macro=0.9551 | ovr_pr_auc_macro=0.7274
Epoch 42/60 | Time 0m30s
  Train | loss=0.0725 | top1=94.91% | top3=98.82%
  Valid | loss=0.2131 | top1=84.62% | top3=97.00% | acc=85.91% | bal_acc=64.29% | macro_f1=0.6604 | weighted_f1=0.8509 | precision_macro=0.6847 | recall_macro=0.6429 | qwk=0.7971 | mae=0.2918
        ovr_roc_auc_macro=0.9550 | ovr_pr_auc_macro=0.7299
Epoch 43/60 | Time 0m30s
  Train | loss=0.0689 | top1=95.14% | top3=98.96%
  Valid | loss=0.2157 | top1=84.38% | top3=96.88% | acc=85.66% | bal_acc=65.38% | macro_f1=0.6883 | weighted_f1=0.8485 | precision_macro=0.7471 | recall_macro=0.6538 | qwk=0.7914 | mae=0.3005
        ovr_roc_auc_macro=0.9554 | ovr_pr_auc_macro=0.7419
  -> best macro_f1 updated to 0.6883 (epoch 43)
Epoch 44/60 | Time 0m30s
  Train | loss=0.0672 | top1=95.23% | top3=99.03%
  Valid | loss=0.1868 | top1=86.18% | top3=97.24% | acc=85.66% | bal_acc=65.25% | macro_f1=0.6648 | weighted_f1=0.8450 | precision_macro=0.6900 | recall_macro=0.6525 | qwk=0.8116 | mae=0.2955
        ovr_roc_auc_macro=0.9575 | ovr_pr_auc_macro=0.7432
Epoch 45/60 | Time 0m30s
  Train | loss=0.0646 | top1=95.50% | top3=98.99%
  Valid | loss=0.1956 | top1=84.74% | top3=97.48% | acc=86.03% | bal_acc=63.05% | macro_f1=0.6511 | weighted_f1=0.8523 | precision_macro=0.6783 | recall_macro=0.6305 | qwk=0.8021 | mae=0.2930
        ovr_roc_auc_macro=0.9567 | ovr_pr_auc_macro=0.7414
Epoch 46/60 | Time 0m30s
  Train | loss=0.0622 | top1=95.71% | top3=98.99%
  Valid | loss=0.1947 | top1=85.10% | top3=97.72% | acc=86.41% | bal_acc=68.95% | macro_f1=0.7242 | weighted_f1=0.8580 | precision_macro=0.7939 | recall_macro=0.6895 | qwk=0.8078 | mae=0.2880
        ovr_roc_auc_macro=0.9568 | ovr_pr_auc_macro=0.7500
  -> best macro_f1 updated to 0.7242 (epoch 46)
Epoch 47/60 | Time 0m30s
  Train | loss=0.0596 | top1=95.81% | top3=99.10%
  Valid | loss=0.1900 | top1=87.02% | top3=96.88% | acc=86.53% | bal_acc=66.68% | macro_f1=0.7180 | weighted_f1=0.8567 | precision_macro=0.7961 | recall_macro=0.6668 | qwk=0.7921 | mae=0.2930
        ovr_roc_auc_macro=0.9543 | ovr_pr_auc_macro=0.7532
Epoch 48/60 | Time 0m30s
  Train | loss=0.0508 | top1=96.54% | top3=99.18%
  Valid | loss=0.1839 | top1=87.62% | top3=97.96% | acc=87.16% | bal_acc=71.84% | macro_f1=0.7474 | weighted_f1=0.8657 | precision_macro=0.8115 | recall_macro=0.7184 | qwk=0.8226 | mae=0.2681
        ovr_roc_auc_macro=0.9579 | ovr_pr_auc_macro=0.7676
  -> best macro_f1 updated to 0.7474 (epoch 48)
Epoch 49/60 | Time 0m30s
  Train | loss=0.0505 | top1=96.52% | top3=99.12%
  Valid | loss=0.1873 | top1=86.06% | top3=97.48% | acc=87.41% | bal_acc=71.31% | macro_f1=0.7447 | weighted_f1=0.8677 | precision_macro=0.8125 | recall_macro=0.7131 | qwk=0.8399 | mae=0.2531
        ovr_roc_auc_macro=0.9573 | ovr_pr_auc_macro=0.7688
Epoch 50/60 | Time 0m30s
  Train | loss=0.0477 | top1=96.67% | top3=99.09%
  Valid | loss=0.2073 | top1=84.74% | top3=97.36% | acc=86.03% | bal_acc=67.00% | macro_f1=0.7109 | weighted_f1=0.8549 | precision_macro=0.7885 | recall_macro=0.6700 | qwk=0.8020 | mae=0.2943
        ovr_roc_auc_macro=0.9588 | ovr_pr_auc_macro=0.7670
Epoch 51/60 | Time 0m30s
  Train | loss=0.0492 | top1=96.60% | top3=99.16%
  Valid | loss=0.2096 | top1=84.74% | top3=97.48% | acc=86.03% | bal_acc=65.98% | macro_f1=0.7058 | weighted_f1=0.8540 | precision_macro=0.7919 | recall_macro=0.6598 | qwk=0.7943 | mae=0.2993
        ovr_roc_auc_macro=0.9581 | ovr_pr_auc_macro=0.7675
Epoch 52/60 | Time 0m30s
  Train | loss=0.0483 | top1=96.65% | top3=99.14%
  Valid | loss=0.2028 | top1=85.34% | top3=97.12% | acc=86.66% | bal_acc=68.48% | macro_f1=0.7155 | weighted_f1=0.8616 | precision_macro=0.7542 | recall_macro=0.6848 | qwk=0.8136 | mae=0.2793
        ovr_roc_auc_macro=0.9571 | ovr_pr_auc_macro=0.7696
Epoch 53/60 | Time 0m30s
  Train | loss=0.0457 | top1=96.84% | top3=99.14%
  Valid | loss=0.2039 | top1=84.98% | top3=97.60% | acc=86.28% | bal_acc=69.01% | macro_f1=0.7240 | weighted_f1=0.8582 | precision_macro=0.7931 | recall_macro=0.6901 | qwk=0.8102 | mae=0.2843
        ovr_roc_auc_macro=0.9579 | ovr_pr_auc_macro=0.7688
Epoch 54/60 | Time 0m30s
  Train | loss=0.0418 | top1=97.19% | top3=99.25%
  Valid | loss=0.2038 | top1=85.22% | top3=97.36% | acc=86.53% | bal_acc=69.75% | macro_f1=0.7195 | weighted_f1=0.8603 | precision_macro=0.7596 | recall_macro=0.6975 | qwk=0.8064 | mae=0.2843
        ovr_roc_auc_macro=0.9590 | ovr_pr_auc_macro=0.7743
Epoch 55/60 | Time 0m30s
  Train | loss=0.0439 | top1=96.94% | top3=99.29%
  Valid | loss=0.2036 | top1=85.22% | top3=97.36% | acc=86.53% | bal_acc=69.05% | macro_f1=0.7233 | weighted_f1=0.8607 | precision_macro=0.7667 | recall_macro=0.6905 | qwk=0.8142 | mae=0.2768
        ovr_roc_auc_macro=0.9590 | ovr_pr_auc_macro=0.7743
Epoch 56/60 | Time 0m33s
  Train | loss=0.0445 | top1=96.94% | top3=99.31%
  Valid | loss=0.2027 | top1=85.34% | top3=97.60% | acc=86.66% | bal_acc=68.87% | macro_f1=0.7236 | weighted_f1=0.8609 | precision_macro=0.7715 | recall_macro=0.6887 | qwk=0.8209 | mae=0.2756
        ovr_roc_auc_macro=0.9620 | ovr_pr_auc_macro=0.7871
Epoch 57/60 | Time 0m33s
  Train | loss=0.0432 | top1=97.04% | top3=99.10%
  Valid | loss=0.2020 | top1=85.34% | top3=97.72% | acc=86.66% | bal_acc=68.69% | macro_f1=0.7238 | weighted_f1=0.8616 | precision_macro=0.7951 | recall_macro=0.6869 | qwk=0.8129 | mae=0.2768
        ovr_roc_auc_macro=0.9585 | ovr_pr_auc_macro=0.7770
Epoch 58/60 | Time 0m33s
  Train | loss=0.0428 | top1=97.09% | top3=99.17%
  Valid | loss=0.2045 | top1=84.74% | top3=97.60% | acc=86.03% | bal_acc=67.55% | macro_f1=0.7144 | weighted_f1=0.8541 | precision_macro=0.7665 | recall_macro=0.6755 | qwk=0.8116 | mae=0.2843
        ovr_roc_auc_macro=0.9595 | ovr_pr_auc_macro=0.7730
Epoch 59/60 | Time 0m33s
  Train | loss=0.0417 | top1=97.11% | top3=99.32%
  Valid | loss=0.2024 | top1=85.34% | top3=97.36% | acc=86.66% | bal_acc=69.13% | macro_f1=0.7244 | weighted_f1=0.8612 | precision_macro=0.7756 | recall_macro=0.6913 | qwk=0.8192 | mae=0.2731
        ovr_roc_auc_macro=0.9583 | ovr_pr_auc_macro=0.7724
Epoch 60/60 | Time 0m33s
  Train | loss=0.0444 | top1=96.86% | top3=99.18%
  Valid | loss=0.2053 | top1=84.62% | top3=97.36% | acc=85.91% | bal_acc=69.21% | macro_f1=0.7059 | weighted_f1=0.8538 | precision_macro=0.7248 | recall_macro=0.6921 | qwk=0.7977 | mae=0.2980
        ovr_roc_auc_macro=0.9589 | ovr_pr_auc_macro=0.7644

[TEST] loss=gce
  Test | loss=0.1946 | top1=85.62% | top3=96.83% | acc=85.52% | bal_acc=66.13% | macro_f1=0.6741 | weighted_f1=0.8515 | precision_macro=0.6938 | recall_macro=0.6613 | qwk=0.8230 | mae=0.2866
        ovr_roc_auc_macro=0.9383 | ovr_pr_auc_macro=0.7126
  Confusion Matrix:
[[  47    6    5    1    1    5    0]
 [   5   79    3    1    2   12    1]
 [  12    7  161    1   13   25    1]
 [   3    2    4    3    4    7    0]
 [   4    1   13    1  138   65    1]
 [   2    5   23    6   39 1265    1]
 [   0    3    0    0    1    4   20]]
  Classification Report:
              precision    recall  f1-score   support

       akiec     0.6438    0.7231    0.6812        65
         bcc     0.7670    0.7670    0.7670       103
         bkl     0.7703    0.7318    0.7506       220
          df     0.2308    0.1304    0.1667        23
         mel     0.6970    0.6188    0.6556       223
          nv     0.9147    0.9433    0.9288      1341
        vasc     0.8333    0.7143    0.7692        28

    accuracy                         0.8552      2003
   macro avg     0.6938    0.6613    0.6741      2003
weighted avg     0.8492    0.8552    0.8515      2003


##########################################################################################
Starting loss: dast
##########################################################################################
Model params: 24,498,375 | pretrained loaded: 320/344 | feat_dim=2048
Criterion: DistanceAwareSoftTargetLoss
Criterion trainable params: 0
Epoch 01/60 | Time 0m33s
  Train | loss=1.4615 | top1=52.12% | top3=75.07%
  Valid | loss=1.3813 | top1=65.38% | top3=80.29% | acc=65.96% | bal_acc=14.47% | macro_f1=0.1218 | weighted_f1=0.5388 | precision_macro=0.1224 | recall_macro=0.1447 | qwk=-0.0009 | mae=0.8516
        ovr_roc_auc_macro=0.5396 | ovr_pr_auc_macro=0.1571
  -> best macro_f1 updated to 0.1218 (epoch 1)
Epoch 02/60 | Time 0m33s
  Train | loss=1.2634 | top1=66.93% | top3=80.58%
  Valid | loss=1.1782 | top1=66.35% | top3=80.53% | acc=66.96% | bal_acc=14.29% | macro_f1=0.1146 | weighted_f1=0.5371 | precision_macro=0.0957 | recall_macro=0.1429 | qwk=0.0000 | mae=0.8441
        ovr_roc_auc_macro=0.6893 | ovr_pr_auc_macro=0.2393
Epoch 03/60 | Time 0m33s
  Train | loss=1.1297 | top1=66.97% | top3=82.11%
  Valid | loss=1.0999 | top1=66.47% | top3=82.81% | acc=67.08% | bal_acc=14.45% | macro_f1=0.1182 | weighted_f1=0.5415 | precision_macro=0.1677 | recall_macro=0.1445 | qwk=0.0223 | mae=0.8354
        ovr_roc_auc_macro=0.7437 | ovr_pr_auc_macro=0.2717
Epoch 04/60 | Time 0m33s
  Train | loss=1.0833 | top1=67.08% | top3=84.69%
  Valid | loss=1.0579 | top1=66.59% | top3=84.74% | acc=67.21% | bal_acc=15.01% | macro_f1=0.1301 | weighted_f1=0.5536 | precision_macro=0.1739 | recall_macro=0.1501 | qwk=0.0876 | mae=0.8130
        ovr_roc_auc_macro=0.7670 | ovr_pr_auc_macro=0.2909
  -> best macro_f1 updated to 0.1301 (epoch 4)
Epoch 05/60 | Time 0m33s
  Train | loss=1.0510 | top1=67.72% | top3=86.90%
  Valid | loss=1.0289 | top1=68.51% | top3=86.90% | acc=69.20% | bal_acc=18.01% | macro_f1=0.1724 | weighted_f1=0.5993 | precision_macro=0.2285 | recall_macro=0.1801 | qwk=0.3340 | mae=0.6908
        ovr_roc_auc_macro=0.8070 | ovr_pr_auc_macro=0.3202
  -> best macro_f1 updated to 0.1724 (epoch 5)
Epoch 06/60 | Time 0m33s
  Train | loss=1.0267 | top1=69.69% | top3=89.53%
  Valid | loss=1.0030 | top1=69.95% | top3=89.54% | acc=70.70% | bal_acc=20.87% | macro_f1=0.2064 | weighted_f1=0.6364 | precision_macro=0.2739 | recall_macro=0.2087 | qwk=0.5241 | mae=0.5960
        ovr_roc_auc_macro=0.8209 | ovr_pr_auc_macro=0.3416
  -> best macro_f1 updated to 0.2064 (epoch 6)
Epoch 07/60 | Time 0m33s
  Train | loss=0.9939 | top1=71.59% | top3=91.57%
  Valid | loss=0.9777 | top1=73.32% | top3=90.26% | acc=74.19% | bal_acc=29.29% | macro_f1=0.2898 | weighted_f1=0.6958 | precision_macro=0.3164 | recall_macro=0.2929 | qwk=0.6730 | mae=0.4963
        ovr_roc_auc_macro=0.8405 | ovr_pr_auc_macro=0.3587
  -> best macro_f1 updated to 0.2898 (epoch 7)
Epoch 08/60 | Time 0m33s
  Train | loss=0.9702 | top1=73.79% | top3=92.31%
  Valid | loss=0.9711 | top1=73.68% | top3=90.26% | acc=74.56% | bal_acc=31.17% | macro_f1=0.2987 | weighted_f1=0.6978 | precision_macro=0.3345 | recall_macro=0.3117 | qwk=0.6926 | mae=0.4813
        ovr_roc_auc_macro=0.8663 | ovr_pr_auc_macro=0.3917
  -> best macro_f1 updated to 0.2987 (epoch 8)
Epoch 09/60 | Time 0m33s
  Train | loss=0.9496 | top1=74.75% | top3=93.04%
  Valid | loss=0.9702 | top1=75.00% | top3=90.26% | acc=75.94% | bal_acc=32.63% | macro_f1=0.3301 | weighted_f1=0.7202 | precision_macro=0.3881 | recall_macro=0.3263 | qwk=0.6773 | mae=0.4701
        ovr_roc_auc_macro=0.8627 | ovr_pr_auc_macro=0.4077
  -> best macro_f1 updated to 0.3301 (epoch 9)
Epoch 10/60 | Time 0m33s
  Train | loss=0.9336 | top1=76.29% | top3=93.27%
  Valid | loss=0.9512 | top1=75.12% | top3=91.35% | acc=76.06% | bal_acc=33.86% | macro_f1=0.3573 | weighted_f1=0.7272 | precision_macro=0.3962 | recall_macro=0.3386 | qwk=0.6845 | mae=0.4713
        ovr_roc_auc_macro=0.8763 | ovr_pr_auc_macro=0.4645
  -> best macro_f1 updated to 0.3573 (epoch 10)
Epoch 11/60 | Time 0m40s
  Train | loss=0.9143 | top1=77.47% | top3=94.04%
  Valid | loss=0.9378 | top1=77.64% | top3=91.35% | acc=78.68% | bal_acc=38.26% | macro_f1=0.3828 | weighted_f1=0.7590 | precision_macro=0.4593 | recall_macro=0.3826 | qwk=0.7259 | mae=0.4140
        ovr_roc_auc_macro=0.8958 | ovr_pr_auc_macro=0.5185
  -> best macro_f1 updated to 0.3828 (epoch 11)
Epoch 12/60 | Time 0m41s
  Train | loss=0.8966 | top1=79.25% | top3=94.40%
  Valid | loss=0.9036 | top1=78.61% | top3=94.95% | acc=79.68% | bal_acc=44.53% | macro_f1=0.4700 | weighted_f1=0.7823 | precision_macro=0.5661 | recall_macro=0.4453 | qwk=0.7635 | mae=0.3840
        ovr_roc_auc_macro=0.9047 | ovr_pr_auc_macro=0.5327
  -> best macro_f1 updated to 0.4700 (epoch 12)
Epoch 13/60 | Time 0m35s
  Train | loss=0.8766 | top1=81.19% | top3=95.24%
  Valid | loss=0.9069 | top1=79.33% | top3=93.87% | acc=78.55% | bal_acc=43.60% | macro_f1=0.4808 | weighted_f1=0.7576 | precision_macro=0.5871 | recall_macro=0.4360 | qwk=0.7161 | mae=0.4214
        ovr_roc_auc_macro=0.9141 | ovr_pr_auc_macro=0.5814
  -> best macro_f1 updated to 0.4808 (epoch 13)
Epoch 14/60 | Time 0m39s
  Train | loss=0.8659 | top1=81.99% | top3=95.75%
  Valid | loss=0.9119 | top1=80.05% | top3=94.71% | acc=81.17% | bal_acc=48.34% | macro_f1=0.5215 | weighted_f1=0.7897 | precision_macro=0.5878 | recall_macro=0.4834 | qwk=0.7372 | mae=0.3778
        ovr_roc_auc_macro=0.9198 | ovr_pr_auc_macro=0.5809
  -> best macro_f1 updated to 0.5215 (epoch 14)
Epoch 15/60 | Time 0m31s
  Train | loss=0.8497 | top1=83.19% | top3=96.18%
  Valid | loss=0.8877 | top1=81.85% | top3=94.83% | acc=81.17% | bal_acc=50.27% | macro_f1=0.5401 | weighted_f1=0.7946 | precision_macro=0.6144 | recall_macro=0.5027 | qwk=0.7390 | mae=0.3815
        ovr_roc_auc_macro=0.9225 | ovr_pr_auc_macro=0.6172
  -> best macro_f1 updated to 0.5401 (epoch 15)
Epoch 16/60 | Time 0m31s
  Train | loss=0.8398 | top1=84.23% | top3=96.41%
  Valid | loss=0.8792 | top1=81.85% | top3=95.07% | acc=81.17% | bal_acc=51.61% | macro_f1=0.5491 | weighted_f1=0.7918 | precision_macro=0.6258 | recall_macro=0.5161 | qwk=0.7835 | mae=0.3566
        ovr_roc_auc_macro=0.9344 | ovr_pr_auc_macro=0.6604
  -> best macro_f1 updated to 0.5491 (epoch 16)
Epoch 17/60 | Time 0m30s
  Train | loss=0.8227 | top1=85.43% | top3=96.80%
  Valid | loss=0.8605 | top1=82.93% | top3=95.55% | acc=82.29% | bal_acc=59.83% | macro_f1=0.6040 | weighted_f1=0.8082 | precision_macro=0.6279 | recall_macro=0.5983 | qwk=0.7835 | mae=0.3504
        ovr_roc_auc_macro=0.9335 | ovr_pr_auc_macro=0.6783
  -> best macro_f1 updated to 0.6040 (epoch 17)
Epoch 18/60 | Time 0m29s
  Train | loss=0.8076 | top1=86.57% | top3=97.19%
  Valid | loss=0.8485 | top1=82.69% | top3=96.03% | acc=82.04% | bal_acc=53.12% | macro_f1=0.5619 | weighted_f1=0.8015 | precision_macro=0.6292 | recall_macro=0.5312 | qwk=0.7943 | mae=0.3379
        ovr_roc_auc_macro=0.9377 | ovr_pr_auc_macro=0.6864
Epoch 19/60 | Time 0m31s
  Train | loss=0.7969 | top1=86.91% | top3=97.65%
  Valid | loss=0.8929 | top1=82.33% | top3=94.23% | acc=81.67% | bal_acc=53.61% | macro_f1=0.5786 | weighted_f1=0.7961 | precision_macro=0.6557 | recall_macro=0.5361 | qwk=0.7556 | mae=0.3603
        ovr_roc_auc_macro=0.9321 | ovr_pr_auc_macro=0.6740
Epoch 20/60 | Time 0m29s
  Train | loss=0.7858 | top1=87.85% | top3=97.90%
  Valid | loss=0.8872 | top1=82.33% | top3=94.71% | acc=81.67% | bal_acc=59.40% | macro_f1=0.6062 | weighted_f1=0.8010 | precision_macro=0.7492 | recall_macro=0.5940 | qwk=0.7722 | mae=0.3703
        ovr_roc_auc_macro=0.9289 | ovr_pr_auc_macro=0.6889
  -> best macro_f1 updated to 0.6062 (epoch 20)
Epoch 21/60 | Time 0m30s
  Train | loss=0.7693 | top1=89.10% | top3=98.31%
  Valid | loss=0.9698 | top1=80.41% | top3=92.67% | acc=81.55% | bal_acc=54.16% | macro_f1=0.5772 | weighted_f1=0.7987 | precision_macro=0.6323 | recall_macro=0.5416 | qwk=0.7296 | mae=0.3828
        ovr_roc_auc_macro=0.9119 | ovr_pr_auc_macro=0.6348
Epoch 22/60 | Time 0m29s
  Train | loss=0.7669 | top1=89.54% | top3=98.34%
  Valid | loss=0.8668 | top1=83.05% | top3=95.91% | acc=84.29% | bal_acc=65.55% | macro_f1=0.6853 | weighted_f1=0.8368 | precision_macro=0.7878 | recall_macro=0.6555 | qwk=0.8038 | mae=0.3067
        ovr_roc_auc_macro=0.9455 | ovr_pr_auc_macro=0.7163
  -> best macro_f1 updated to 0.6853 (epoch 22)
Epoch 23/60 | Time 0m29s
  Train | loss=0.7542 | top1=90.83% | top3=98.60%
  Valid | loss=0.8703 | top1=84.74% | top3=94.47% | acc=84.16% | bal_acc=62.97% | macro_f1=0.6704 | weighted_f1=0.8298 | precision_macro=0.7677 | recall_macro=0.6297 | qwk=0.8025 | mae=0.3155
        ovr_roc_auc_macro=0.9337 | ovr_pr_auc_macro=0.7062
Epoch 24/60 | Time 0m29s
  Train | loss=0.7447 | top1=91.45% | top3=98.91%
  Valid | loss=0.8431 | top1=85.46% | top3=96.27% | acc=84.91% | bal_acc=62.02% | macro_f1=0.6633 | weighted_f1=0.8391 | precision_macro=0.7613 | recall_macro=0.6202 | qwk=0.8190 | mae=0.2955
        ovr_roc_auc_macro=0.9438 | ovr_pr_auc_macro=0.7400
Epoch 25/60 | Time 0m30s
  Train | loss=0.7408 | top1=91.59% | top3=98.90%
  Valid | loss=0.8962 | top1=83.05% | top3=95.55% | acc=84.29% | bal_acc=62.71% | macro_f1=0.6852 | weighted_f1=0.8332 | precision_macro=0.8025 | recall_macro=0.6271 | qwk=0.7699 | mae=0.3229
        ovr_roc_auc_macro=0.9353 | ovr_pr_auc_macro=0.7171
Epoch 26/60 | Time 0m31s
  Train | loss=0.7275 | top1=92.81% | top3=99.24%
  Valid | loss=0.8668 | top1=82.81% | top3=95.31% | acc=84.04% | bal_acc=62.38% | macro_f1=0.6583 | weighted_f1=0.8298 | precision_macro=0.8027 | recall_macro=0.6238 | qwk=0.8181 | mae=0.2993
        ovr_roc_auc_macro=0.9485 | ovr_pr_auc_macro=0.7498
Epoch 27/60 | Time 0m31s
  Train | loss=0.7262 | top1=92.90% | top3=99.21%
  Valid | loss=0.8665 | top1=85.10% | top3=95.55% | acc=84.54% | bal_acc=65.58% | macro_f1=0.6797 | weighted_f1=0.8336 | precision_macro=0.7609 | recall_macro=0.6558 | qwk=0.8154 | mae=0.2993
        ovr_roc_auc_macro=0.9367 | ovr_pr_auc_macro=0.7473
Epoch 28/60 | Time 0m30s
  Train | loss=0.7220 | top1=93.66% | top3=99.27%
  Valid | loss=0.8398 | top1=85.82% | top3=95.79% | acc=85.29% | bal_acc=67.98% | macro_f1=0.7204 | weighted_f1=0.8426 | precision_macro=0.7860 | recall_macro=0.6798 | qwk=0.8110 | mae=0.2905
        ovr_roc_auc_macro=0.9471 | ovr_pr_auc_macro=0.7693
  -> best macro_f1 updated to 0.7204 (epoch 28)
Epoch 29/60 | Time 0m32s
  Train | loss=0.7125 | top1=93.89% | top3=99.47%
  Valid | loss=0.8824 | top1=83.05% | top3=93.87% | acc=84.29% | bal_acc=63.60% | macro_f1=0.6825 | weighted_f1=0.8322 | precision_macro=0.7712 | recall_macro=0.6360 | qwk=0.7891 | mae=0.3105
        ovr_roc_auc_macro=0.9412 | ovr_pr_auc_macro=0.7316
Epoch 30/60 | Time 0m29s
  Train | loss=0.7064 | top1=94.94% | top3=99.47%
  Valid | loss=0.8601 | top1=84.98% | top3=95.91% | acc=84.41% | bal_acc=65.62% | macro_f1=0.6947 | weighted_f1=0.8337 | precision_macro=0.7712 | recall_macro=0.6562 | qwk=0.8073 | mae=0.2993
        ovr_roc_auc_macro=0.9352 | ovr_pr_auc_macro=0.7585
Epoch 31/60 | Time 0m29s
  Train | loss=0.6989 | top1=95.58% | top3=99.59%
  Valid | loss=0.8516 | top1=85.70% | top3=95.07% | acc=85.16% | bal_acc=68.08% | macro_f1=0.7276 | weighted_f1=0.8477 | precision_macro=0.8171 | recall_macro=0.6808 | qwk=0.8228 | mae=0.2893
        ovr_roc_auc_macro=0.9385 | ovr_pr_auc_macro=0.7602
  -> best macro_f1 updated to 0.7276 (epoch 31)
Epoch 32/60 | Time 0m29s
  Train | loss=0.6938 | top1=95.74% | top3=99.71%
  Valid | loss=0.8559 | top1=85.82% | top3=95.31% | acc=85.29% | bal_acc=67.72% | macro_f1=0.7045 | weighted_f1=0.8465 | precision_macro=0.7504 | recall_macro=0.6772 | qwk=0.8288 | mae=0.2768
        ovr_roc_auc_macro=0.9449 | ovr_pr_auc_macro=0.7605
Epoch 33/60 | Time 0m29s
  Train | loss=0.6921 | top1=96.16% | top3=99.62%
  Valid | loss=0.8284 | top1=86.90% | top3=96.15% | acc=86.41% | bal_acc=73.24% | macro_f1=0.7621 | weighted_f1=0.8589 | precision_macro=0.8005 | recall_macro=0.7324 | qwk=0.8396 | mae=0.2569
        ovr_roc_auc_macro=0.9492 | ovr_pr_auc_macro=0.7787
  -> best macro_f1 updated to 0.7621 (epoch 33)
Epoch 34/60 | Time 0m29s
  Train | loss=0.6881 | top1=96.72% | top3=99.79%
  Valid | loss=0.8378 | top1=86.30% | top3=95.79% | acc=85.79% | bal_acc=67.64% | macro_f1=0.7118 | weighted_f1=0.8514 | precision_macro=0.7738 | recall_macro=0.6764 | qwk=0.8279 | mae=0.2681
        ovr_roc_auc_macro=0.9448 | ovr_pr_auc_macro=0.7597
Epoch 35/60 | Time 0m32s
  Train | loss=0.6852 | top1=96.86% | top3=99.88%
  Valid | loss=0.8658 | top1=85.82% | top3=95.67% | acc=87.16% | bal_acc=69.67% | macro_f1=0.7468 | weighted_f1=0.8652 | precision_macro=0.8405 | recall_macro=0.6967 | qwk=0.8101 | mae=0.2668
        ovr_roc_auc_macro=0.9351 | ovr_pr_auc_macro=0.7699
Epoch 36/60 | Time 0m34s
  Train | loss=0.6818 | top1=97.29% | top3=99.83%
  Valid | loss=0.8626 | top1=87.14% | top3=95.43% | acc=86.66% | bal_acc=72.36% | macro_f1=0.7613 | weighted_f1=0.8593 | precision_macro=0.8422 | recall_macro=0.7236 | qwk=0.8333 | mae=0.2606
        ovr_roc_auc_macro=0.9384 | ovr_pr_auc_macro=0.7645
Epoch 37/60 | Time 0m33s
  Train | loss=0.6820 | top1=97.08% | top3=99.81%
  Valid | loss=0.8461 | top1=87.62% | top3=95.31% | acc=87.16% | bal_acc=70.62% | macro_f1=0.7624 | weighted_f1=0.8652 | precision_macro=0.8562 | recall_macro=0.7062 | qwk=0.8284 | mae=0.2544
        ovr_roc_auc_macro=0.9487 | ovr_pr_auc_macro=0.7723
  -> best macro_f1 updated to 0.7624 (epoch 37)
Epoch 38/60 | Time 0m33s
  Train | loss=0.6760 | top1=97.67% | top3=99.85%
  Valid | loss=0.8432 | top1=86.54% | top3=95.43% | acc=86.03% | bal_acc=71.24% | macro_f1=0.7564 | weighted_f1=0.8530 | precision_macro=0.8370 | recall_macro=0.7124 | qwk=0.8329 | mae=0.2656
        ovr_roc_auc_macro=0.9346 | ovr_pr_auc_macro=0.7774
